[2016.03.20-02.44.51:718][  0]Log file open, 03/19/16 22:44:51
[2016.03.20-02.44.51:718][  0]LogInit:Display: Running engine for game: Hotel
[2016.03.20-02.44.51:718][  0]LogPlatformFile: Not using cached read wrapper
[2016.03.20-02.44.51:718][  0]LogInit:Display: RandInit(-286785361) SRandInit(-286785333).
[2016.03.20-02.44.51:718][  0]LogTaskGraph: Started task graph with 4 named threads and 7 total threads.
[2016.03.20-02.44.51:718][  0]LogStats: Stats thread started at 0.069462
[2016.03.20-02.44.51:718][  0]LogInit: Version: 4.10.2-2818068+++depot+UE4-Releases+4.10
[2016.03.20-02.44.51:718][  0]LogInit: API Version: 2758231
[2016.03.20-02.44.51:718][  0]LogInit: Compiled (64-bit): Jan  6 2016 17:36:42
[2016.03.20-02.44.51:718][  0]LogInit: Compiled with Visual C++: 19.00.23026.00
[2016.03.20-02.44.51:718][  0]LogInit: Build Configuration: Development
[2016.03.20-02.44.51:718][  0]LogInit: Branch Name: ++depot+UE4-Releases+4.10
[2016.03.20-02.44.51:718][  0]LogInit: Command line:  
[2016.03.20-02.44.51:718][  0]LogInit: Base directory: E:/Program Files (x86)/Epic Games/4.10/Engine/Binaries/Win64/
[2016.03.20-02.44.51:718][  0]LogInit: Rocket: 1
[2016.03.20-02.44.51:728][  0]LogInit: Using libcurl 7.41.0
[2016.03.20-02.44.51:728][  0]LogInit:  - built for x86_64-pc-win32
[2016.03.20-02.44.51:728][  0]LogInit:  - supports SSL with WinSSL
[2016.03.20-02.44.51:728][  0]LogInit:  - other features:
[2016.03.20-02.44.51:728][  0]LogInit:      CURL_VERSION_SSL
[2016.03.20-02.44.51:728][  0]LogInit:      CURL_VERSION_IPV6
[2016.03.20-02.44.51:728][  0]LogInit:      CURL_VERSION_ASYNCHDNS
[2016.03.20-02.44.51:728][  0]LogInit:      CURL_VERSION_LARGEFILE
[2016.03.20-02.44.51:728][  0]LogInit:      CURL_VERSION_IDN
[2016.03.20-02.44.51:728][  0]LogInit:  CurlRequestOptions (configurable via config and command line):
[2016.03.20-02.44.51:728][  0]LogInit:  - bVerifyPeer = true  - Libcurl will verify peer certificate
[2016.03.20-02.44.51:728][  0]LogInit:  - bUseHttpProxy = false  - Libcurl will NOT use HTTP proxy
[2016.03.20-02.44.51:728][  0]LogInit:  - bDontReuseConnections = false  - Libcurl will reuse connections
[2016.03.20-02.44.51:728][  0]LogInit:  - CertBundlePath = nullptr  - Libcurl will use whatever was configured at build time.
[2016.03.20-02.44.51:734][  0]LogInit: Presizing for 0 objects not considered by GC, pre-allocating 0 bytes.
[2016.03.20-02.44.51:743][  0]LogInit: Object subsystem initialized
[2016.03.20-02.44.51:744][  0]LogInit: Selected Device Profile: [Windows]
[2016.03.20-02.44.51:744][  0]LogInit: Applying CVar settings loaded from the selected device profile: [Windows]
[2016.03.20-02.44.51:752][  0]LogInit: Computer: MANDY-PC
[2016.03.20-02.44.51:752][  0]LogInit: User: Mandy
[2016.03.20-02.44.51:752][  0]LogInit: CPU Page size=4096, Cores=4
[2016.03.20-02.44.51:752][  0]LogInit: High frequency timer resolution =14.318180 MHz
[2016.03.20-02.44.51:752][  0]LogMemory: Memory total: Physical=16.0GB (16GB approx)
[2016.03.20-02.44.51:752][  0]LogMemory: Platform Memory Stats for Windows
[2016.03.20-02.44.51:752][  0]LogMemory: Process Physical Memory: 56.06 MB used, 56.06 MB peak
[2016.03.20-02.44.51:752][  0]LogMemory: Process Virtual Memory: 57.74 MB used, 57.74 MB peak
[2016.03.20-02.44.51:752][  0]LogMemory: Physical Memory: 3276.32 MB used, 16383.18 MB total
[2016.03.20-02.44.51:752][  0]LogMemory: Virtual Memory: 352.65 MB used, 8388608.00 MB total
[2016.03.20-02.44.51:793][  0]LogTextLocalizationManager: No specific translations for ('en-US') exist, so ('en') translations will be used.
[2016.03.20-02.44.52:392][  0]LogD3D11RHI: Found D3D11 adapter 0: NVIDIA GeForce GTX 750 (Feature Level 11_0)
[2016.03.20-02.44.52:392][  0]LogD3D11RHI: Adapter has 972MB of dedicated video memory, 0MB of dedicated system memory, and 3072MB of shared system memory, 2 output[s]
[2016.03.20-02.44.52:392][  0]LogD3D11RHI: Chosen D3D11 Adapter Id = 0
[2016.03.20-02.44.52:397][  0]LogD3D11RHI: !Direct3DDevice
[2016.03.20-02.44.52:397][  0]LogRHI: Texture pool is 680 MB (70% of 972 MB)
[2016.03.20-02.44.52:408][  0]LogD3D11RHI: Async texture creation enabled
[2016.03.20-02.44.52:422][  0]LogShaderCompilers: Guid format shader working directory is -10 characters bigger than the processId version (../../../../../../Users/Mandy/Documents/GitHub/HotelBete/Intermediate/Shaders/WorkingDirectory/6724/).
[2016.03.20-02.44.52:422][  0]LogShaderCompilers: Cleaned the shader compiler working directory 'C:/Users/Mandy/AppData/Local/Temp/UnrealShaderWorkingDir/7103EF854034BC649D16F8B3ABD420B0/'.
[2016.03.20-02.44.52:422][  0]LogShaderCompilers:Display: Using Local Shader Compiler.
[2016.03.20-02.44.53:544][  0]LogTemp:Display: Loaded TP AllDesktopTargetPlatform
[2016.03.20-02.44.53:549][  0]LogTemp:Display: Loaded TP WindowsClientTargetPlatform
[2016.03.20-02.44.53:554][  0]LogTemp:Display: Loaded TP WindowsNoEditorTargetPlatform
[2016.03.20-02.44.53:559][  0]LogTemp:Display: Loaded TP WindowsServerTargetPlatform
[2016.03.20-02.44.53:563][  0]LogTemp:Display: Loaded TP WindowsTargetPlatform
[2016.03.20-02.44.53:567][  0]LogTemp:Display: Loaded TP AndroidTargetPlatform
[2016.03.20-02.44.53:570][  0]LogTemp:Display: Loaded TP Android_ASTCTargetPlatform
[2016.03.20-02.44.53:573][  0]LogTemp:Display: Loaded TP Android_ATCTargetPlatform
[2016.03.20-02.44.53:577][  0]LogTemp:Display: Loaded TP Android_DXTTargetPlatform
[2016.03.20-02.44.53:580][  0]LogTemp:Display: Loaded TP Android_ETC1TargetPlatform
[2016.03.20-02.44.53:584][  0]LogTemp:Display: Loaded TP Android_ETC2TargetPlatform
[2016.03.20-02.44.53:591][  0]LogTemp:Display: Loaded TP Android_MultiTargetPlatform
[2016.03.20-02.44.53:591][  0]LogTemp:Display: Loaded TP Android_PVRTCTargetPlatform
[2016.03.20-02.44.53:592][  0]LogTemp:Display: Loaded TP HTML5TargetPlatform
[2016.03.20-02.44.53:608][  0]LogTemp:Display: Loaded TP IOSTargetPlatform
[2016.03.20-02.44.53:611][  0]LogTemp:Display: Loaded TP LinuxNoEditorTargetPlatform
[2016.03.20-02.44.53:614][  0]LogTemp:Display: Loaded TP LinuxServerTargetPlatform
[2016.03.20-02.44.53:618][  0]LogTemp:Display: Loaded TP LinuxTargetPlatform
[2016.03.20-02.44.53:618][  0]LogTargetPlatformManager:Display: Building Assets For Windows
[2016.03.20-02.44.53:683][  0]LogDerivedDataCache:Display: Max Cache Size: 512 MB
[2016.03.20-02.44.53:773][  0]LogDerivedDataCache: Loaded boot cache 0.09s 41MB C:/Users/Mandy/AppData/Local/UnrealEngine/4.10/DerivedDataCache/Boot.ddc.
[2016.03.20-02.44.53:773][  0]LogDerivedDataCache:Display: Loaded Boot cache: C:/Users/Mandy/AppData/Local/UnrealEngine/4.10/DerivedDataCache/Boot.ddc
[2016.03.20-02.44.53:773][  0]LogDerivedDataCache: FDerivedDataBackendGraph:  Pak pak cache file ../../../../../../Users/Mandy/Documents/GitHub/HotelBete/DerivedDataCache/DDC.ddp not found, will not use a pak cache.
[2016.03.20-02.44.53:773][  0]LogDerivedDataCache: Unable to find inner node Pak for hierarchical cache Hierarchy.
[2016.03.20-02.44.53:773][  0]LogDerivedDataCache: FDerivedDataBackendGraph:  CompressedPak pak cache file ../../../../../../Users/Mandy/Documents/GitHub/HotelBete/DerivedDataCache/Compressed.ddp not found, will not use a pak cache.
[2016.03.20-02.44.53:773][  0]LogDerivedDataCache: Unable to find inner node CompressedPak for hierarchical cache Hierarchy.
[2016.03.20-02.44.53:864][  0]LogDerivedDataCache:Display: Pak cache opened for reading ../../../Engine/DerivedDataCache/Compressed.ddp.
[2016.03.20-02.44.53:876][  0]LogDerivedDataCache: Using Local data cache path C:/Users/Mandy/AppData/Local/UnrealEngine/Common/DerivedDataCache: Writable
[2016.03.20-02.44.54:079][  0]LogInit: Selected Device Profile: [Windows]
[2016.03.20-02.44.54:079][  0]LogContentStreaming: Texture pool size is 0.000000MB
[2016.03.20-02.44.54:118][  0]LogMeshUtilities: No automatic mesh reduction module available
[2016.03.20-02.44.54:118][  0]LogMeshUtilities: No automatic mesh merging module available
[2016.03.20-02.44.54:561][  0]LogInit: WinSock: version 1.1 (2.2), MaxSocks=32767, MaxUdp=65467
[2016.03.20-02.44.55:364][  0]LogAssetRegistry: FAssetRegistry took 0.0105 seconds to start up
[2016.03.20-02.44.55:378][  0]UdpMessaging: Initializing bridge on interface 0.0.0.0:0 to multicast group 230.0.0.1:6666.
[2016.03.20-02.44.55:633][  0]SourceControl: Info Source control is disabled
[2016.03.20-02.44.55:634][  0]SourceControl: Info Source control is disabled
[2016.03.20-02.44.55:643][  0]SourceControl: Info Source control is disabled
[2016.03.20-02.44.55:651][  0]SourceControl: Info Source control is disabled
[2016.03.20-02.44.55:868][  0]LogObj: 28802 objects as part of root set at end of initial load.
[2016.03.20-02.44.55:868][  0]LogUObjectAllocator: 6129768 out of 0 bytes used by permanent object pool.
[2016.03.20-02.44.55:940][  0]LogEngine: Initializing Engine...
[2016.03.20-02.44.55:942][  0]LogHMD: Can't find Oculus library dev build: is proper Runtime installed? Version: 0.8.0.0
[2016.03.20-02.44.55:943][  0]LogHMD: SteamVR failed to initialize.  Err: 110
[2016.03.20-02.44.56:126][  0]LogAIModule: Creating AISystem for world NewWorld
[2016.03.20-02.44.56:133][  0]LogInit: XAudio2 using 'Speakers (3- Logitech USB Headset)' : 2 channels at 44.1 kHz using 16 bits per sample (channel mask 0x3)
[2016.03.20-02.44.56:140][  0]LogInit: FAudioDevice initialized.
[2016.03.20-02.44.56:181][  0]LogDerivedDataCache: Saved boot cache 0.04s 41MB C:/Users/Mandy/AppData/Local/UnrealEngine/4.10/DerivedDataCache/Boot.ddc.
[2016.03.20-02.44.56:195][  0]LogInit: Texture streaming: Enabled
[2016.03.20-02.44.56:199][  0]LogAnalytics: Creating configured Analytics provider AnalyticsET
[2016.03.20-02.44.56:199][  0]LogAnalytics: [UEEditor.Rocket.Release] APIServer = http://et2.epicgames.com/ET2/. AppVersion = 4.10.2-2818068+++depot+UE4-Releases+4.10
[2016.03.20-02.44.56:199][  0]LogAnalytics: [UEEditor.Rocket.Release] SetUserId e0d98b0e467b55d21c5013962f69b996|a1543627d61e4593a39d507d0813b255|cef8b6ba-01d0-47b7-a028-3b7e918a90c5
[2016.03.20-02.44.56:199][  0]LogAnalytics: [UEEditor.Rocket.Release] AnalyticsET::StartSession
[2016.03.20-02.44.56:206][  0]LogInit: Transaction tracking system initialized
[2016.03.20-02.44.56:227][  0]BlueprintLog: New page: Editor Load
[2016.03.20-02.44.56:289][  0]LocalizationService: Info Localization service is disabled
[2016.03.20-02.44.56:348][  0]LogConsoleResponse:Display: 
[2016.03.20-02.44.56:481][  0]LogCook:Display: Done creating registry. It took  0.00s.
[2016.03.20-02.44.56:530][  0]LogFileCache: Scanning file cache for directory 'E:/Users/Mandy/Documents/GitHub/HotelBete/Content/' took 0.01s
[2016.03.20-02.44.56:530][  0]SourceControl: Info Source control is disabled
[2016.03.20-02.44.56:530][  0]Cmd: MAP LOAD FILE="../../../../../../Users/Mandy/Documents/GitHub/HotelBete/Content/Hotel/Levels/Menu.umap" TEMPLATE=0 SHOWPROGRESS=1 FEATURELEVEL=3
[2016.03.20-02.44.56:531][  0]LightingResults: New page: Lighting Build
[2016.03.20-02.44.56:533][  0]MapCheck: New page: Map Check
[2016.03.20-02.44.56:533][  0]LightingResults: New page: Lighting Build
[2016.03.20-02.44.56:550][  0]LogParticles: Destroying 0 GPU particle simulations for FXSystem 0x0000000026C96AC0
[2016.03.20-02.44.58:015][  0]LogMaterial: Missing cached shader map for material bustMat, compiling. 
[2016.03.20-02.44.58:331][  0]LogAIModule: Creating AISystem for world Menu
[2016.03.20-02.44.58:333][  0]LogEditorServer: Finished looking for orphan Actors (0.000 secs)
[2016.03.20-02.44.58:333][  0]Cmd: MAP CHECKDEP NOCLEARLOG
[2016.03.20-02.44.58:402][  0]MapCheck: Info Map check complete: 0 Error(s), 0 Warning(s), took 68.245ms to complete.
[2016.03.20-02.44.58:402][  0]LogFileHelpers: Loading map 'Menu' took 1.872
[2016.03.20-02.44.59:096][  0]LogCollectionManager: Loaded 0 collections in 0.001954 seconds
[2016.03.20-02.44.59:205][  0]LogFileCache: Scanning file cache for directory 'E:/Users/Mandy/Documents/GitHub/HotelBete/Saved/Collections/' took 0.02s
[2016.03.20-02.44.59:205][  0]LogFileCache: Scanning file cache for directory 'E:/Users/Mandy/Documents/GitHub/HotelBete/Content/Developers/Mandy/Collections/' took 0.00s
[2016.03.20-02.44.59:205][  0]LogFileCache: Scanning file cache for directory 'E:/Users/Mandy/Documents/GitHub/HotelBete/Content/Collections/' took 0.01s
[2016.03.20-02.44.59:205][  0]LogCollectionManager: Rebuilt the GUID cache for 0 collections in 0.000003 seconds
[2016.03.20-02.44.59:217][  0]LogContentBrowser: Native class hierarchy populated in 0.0115 seconds. Added 1908 classes and 344 folders.
[2016.03.20-02.44.59:417][  0]LogContentBrowser: Native class hierarchy updated for 'WidgetCarousel' in 0.0005 seconds. Added 0 classes and 0 folders.
[2016.03.20-02.44.59:565][  0]LogContentBrowser: Native class hierarchy updated for 'AddContentDialog' in 0.0005 seconds. Added 0 classes and 0 folders.
[2016.03.20-02.44.59:665][  0]LogContentBrowser: Native class hierarchy updated for 'SceneOutliner' in 0.0005 seconds. Added 1 classes and 2 folders.
[2016.03.20-02.44.59:757][  0]LogCrashTracker: Crashtracker disabled due to settings.
[2016.03.20-02.44.59:771][  0]LogUObjectGlobals:Warning: Failed to find object 'Class None.'
[2016.03.20-02.44.59:796][  0]LogLoad: Full Startup: 8.53 seconds (BP compile: 0.39 seconds)
[2016.03.20-02.44.59:808][  0]LogOcInput: Can't find Oculus library dev build: is proper Runtime installed? Version: 0.8.0.0
[2016.03.20-02.44.59:882][  0]LogContentStreaming: Texture pool size now 1000 MB
[2016.03.20-02.45.00:123][  0]LogRenderer: Reallocating scene render targets to support 1208x568 (Frame:2).
[2016.03.20-02.45.00:816][ 11]LogAssetRegistry: Asset discovery search completed in 5.4620 seconds
[2016.03.20-02.45.00:816][ 11]LogCollectionManager: Rebuilt the object cache for 0 collections in 0.000002 seconds (found 0 objects)
[2016.03.20-02.45.00:816][ 11]LogCollectionManager: Fixed up redirectors for 0 collections in 0.000024 seconds (updated 0 objects)
[2016.03.20-02.45.13:140][429]LogMaterial: Missing cached shader map for material Walls, compiling. 
[2016.03.20-02.45.16:461][573]LogEditorFactories: Performing atomic reimport of [C:/Users/Mandy/Documents/maya/projects/default/scenes/Lobby_haunted.fbx]
[2016.03.20-02.45.16:588][573]LogFbx: Loading FBX Scene from C:/Users/Mandy/Documents/maya/projects/default/scenes/Lobby_haunted.fbx
[2016.03.20-02.45.17:143][573]LogFbx: FBX Scene Loaded Succesfully
[2016.03.20-02.45.17:424][573]LogFbx:Warning: Triangulating static mesh Cylinder025
[2016.03.20-02.45.37:861][573]LogFbx:Warning: Triangulating static mesh Line0010
[2016.03.20-02.45.42:996][573]LogStaticMesh: Building static mesh Lobby_haunted...
[2016.03.20-02.45.49:031][573]LogStaticMesh: Built static mesh [6.034348.2s] /Game/Hotel/Art/Models/Lobby/Lobby_haunted.Lobby_haunted
[2016.03.20-02.45.49:322][573]LogStaticMesh:Warning: Lobby_haunted has degenerate tangent bases which will result in incorrect shading. 
[2016.03.20-02.45.49:323][573]LogFbx:Warning: Warning Lobby_haunted has degenerate tangent bases which will result in incorrect shading. 
[2016.03.20-02.45.49:387][573]LogEditorFactories: -- imported successfully
[2016.03.20-02.45.58:774][ 63]LogRenderer: Reallocating scene render targets to support 1432x912 (Frame:3093).
[2016.03.20-02.46.24:444][387]LogMaterial: Missing cached shader map for material Walls, compiling. 
[2016.03.20-02.46.26:622][527]LogEditorFactories: Performing atomic reimport of [C:/Users/Mandy/Documents/maya/projects/default/scenes/guest_floor_haunted.fbx]
[2016.03.20-02.46.26:775][527]LogFbx: Loading FBX Scene from C:/Users/Mandy/Documents/maya/projects/default/scenes/guest_floor_haunted.fbx
[2016.03.20-02.46.27:451][527]LogFbx: FBX Scene Loaded Succesfully
[2016.03.20-02.46.27:626][527]LogFbx:Warning: Triangulating static mesh Columns
[2016.03.20-02.46.48:757][527]LogFbx:Warning: Triangulating static mesh Object273
[2016.03.20-02.46.48:799][527]LogFbx:Warning: Triangulating static mesh 2FGlass
[2016.03.20-02.46.49:372][527]LogLinker:Warning: Can't find file '/Game/Hotel/Art/Models/Guest_Floor/StainedGlass'
[2016.03.20-02.46.49:373][527]LogLinker:Warning: Can't find file '/Game/Hotel/Art/Models/Guest_Floor/StainedGlass'
[2016.03.20-02.46.49:384][527]LogMaterial: Missing cached shader map for material StainedGlass, compiling. 
[2016.03.20-02.46.49:453][527]LogLinker:Warning: Can't find file '/Game/Hotel/Art/Models/Guest_Floor/lambert2'
[2016.03.20-02.46.49:454][527]LogLinker:Warning: Can't find file '/Game/Hotel/Art/Models/Guest_Floor/lambert2'
[2016.03.20-02.46.49:459][527]LogMaterial: Missing cached shader map for material lambert2, compiling. 
[2016.03.20-02.46.49:467][527]LogFbx:Warning: Triangulating static mesh Box144
[2016.03.20-02.46.51:980][527]LogStaticMesh: Building static mesh guest_floor_haunted...
[2016.03.20-02.46.55:396][527]LogStaticMesh: Built static mesh [3.416437.2s] /Game/Hotel/Art/Models/Guest_Floor/guest_floor_haunted.guest_floor_haunted
[2016.03.20-02.46.55:638][527]LogStaticMesh:Warning: guest_floor_haunted has degenerate tangent bases which will result in incorrect shading. 
[2016.03.20-02.46.55:640][527]LogFbx:Warning: Warning guest_floor_haunted has degenerate tangent bases which will result in incorrect shading. 
[2016.03.20-02.46.55:695][527]LogEditorFactories: -- imported successfully
[2016.03.20-02.47.29:902][343]LogTexture:Display: Building textures: HQ_Lightmap0_10 (AutoDXT)
[2016.03.20-02.47.29:994][343]LogTexture:Display: Building textures: HQ_Lightmap0_3 (AutoDXT)
[2016.03.20-02.47.30:683][343]LogTexture:Display: Building textures: HQ_Lightmap1_1 (AutoDXT)
[2016.03.20-02.47.31:272][343]LogTexture:Display: Building textures: HQ_Lightmap1_12 (AutoDXT)
[2016.03.20-02.47.31:342][343]LogTexture:Display: Building textures: HQ_Lightmap1_2 (AutoDXT)
[2016.03.20-02.47.32:301][343]LogTexture:Display: Building textures: HQ_Lightmap1_4 (AutoDXT)
[2016.03.20-02.47.33:084][343]LogTexture:Display: Building textures: HQ_Lightmap1_5 (AutoDXT)
[2016.03.20-02.47.33:145][343]LogTexture:Display: Building textures: HQ_Lightmap1_6 (AutoDXT)
[2016.03.20-02.47.33:156][343]LogTexture:Display: Building textures: HQ_Lightmap1_7 (AutoDXT)
[2016.03.20-02.47.33:209][343]LogTexture:Display: Building textures: LQ_Lightmap_0_10 (DXT1)
[2016.03.20-02.47.33:288][343]LogTexture:Display: Building textures: LQ_Lightmap_0_3 (DXT1)
[2016.03.20-02.47.33:732][343]LogTexture:Display: Building textures: LQ_Lightmap_1_1 (DXT1)
[2016.03.20-02.47.34:100][343]LogTexture:Display: Building textures: LQ_Lightmap_1_12 (DXT1)
[2016.03.20-02.47.34:176][343]LogTexture:Display: Building textures: LQ_Lightmap_1_2 (DXT1)
[2016.03.20-02.47.34:625][343]LogTexture:Display: Building textures: LQ_Lightmap_1_4 (DXT1)
[2016.03.20-02.47.35:013][343]LogTexture:Display: Building textures: LQ_Lightmap_1_5 (DXT1)
[2016.03.20-02.47.35:052][343]LogTexture:Display: Building textures: LQ_Lightmap_1_6 (DXT1)
[2016.03.20-02.47.35:057][343]LogTexture:Display: Building textures: LQ_Lightmap_1_7 (DXT1)
[2016.03.20-02.47.35:101][343]LogTexture:Display: Building textures: SkyOcclusion0_10 (AutoDXT)
[2016.03.20-02.47.35:143][343]LogTexture:Display: Building textures: SkyOcclusion0_3 (AutoDXT)
[2016.03.20-02.47.35:508][343]LogTexture:Display: Building textures: SkyOcclusion1_1 (AutoDXT)
[2016.03.20-02.47.35:862][343]LogTexture:Display: Building textures: SkyOcclusion1_12 (AutoDXT)
[2016.03.20-02.47.35:898][343]LogTexture:Display: Building textures: SkyOcclusion1_2 (AutoDXT)
[2016.03.20-02.47.36:299][343]LogTexture:Display: Building textures: SkyOcclusion1_4 (AutoDXT)
[2016.03.20-02.47.36:804][343]LogTexture:Display: Building textures: SkyOcclusion1_5 (AutoDXT)
[2016.03.20-02.47.36:818][343]LogTexture:Display: Building textures: SkyOcclusion1_6 (AutoDXT)
[2016.03.20-02.47.36:825][343]LogTexture:Display: Building textures: SkyOcclusion1_7 (AutoDXT)
[2016.03.20-02.47.36:864][343]LogTexture:Display: Building textures: ShadowMapTexture2D_12 (G8)
[2016.03.20-02.47.37:017][343]LogTexture:Display: Building textures: ShadowMapTexture2D_13 (G8)
[2016.03.20-02.47.37:173][343]LogTexture:Display: Building textures: ShadowMapTexture2D_14 (G8)
[2016.03.20-02.47.37:330][343]LogTexture:Display: Building textures: ShadowMapTexture2D_15 (G8)
[2016.03.20-02.47.37:477][343]LogTexture:Display: Building textures: ShadowMapTexture2D_16 (BGRA8)
[2016.03.20-02.47.37:480][343]LogTexture:Display: Building textures: ShadowMapTexture2D_17 (G8)
[2016.03.20-02.47.37:482][343]LogTexture:Display: Building textures: ShadowMapTexture2D_18 (BGRA8)
[2016.03.20-02.47.37:484][343]LogTexture:Display: Building textures: ShadowMapTexture2D_21 (G8)
[2016.03.20-02.47.37:485][343]LogTexture:Display: Building textures: ShadowMapTexture2D_23 (G8)
[2016.03.20-02.47.37:623][343]LogMaterial: Missing cached shader map for material tub, compiling. 
[2016.03.20-02.47.37:639][343]LogMaterial: Missing cached shader map for material GuestFloor, compiling. 
[2016.03.20-02.47.37:640][343]LogMaterial:Warning: Failed to compile Material /Game/Hotel/Art/Models/Guest_Floor/Old/GuestFloor.GuestFloor for platform PCD3D_SM5, Default Material will be used in game.
[2016.03.20-02.47.37:640][343]LogMaterial:Warning: 	(Node TextureSample) TextureSample> Missing input texture
[2016.03.20-02.47.37:643][343]LogMaterial: Missing cached shader map for material Columns, compiling. 
[2016.03.20-02.47.37:644][343]LogMaterial:Warning: Failed to compile Material /Game/Hotel/Art/Models/Guest_Floor/Old/Columns.Columns for platform PCD3D_SM5, Default Material will be used in game.
[2016.03.20-02.47.37:644][343]LogMaterial:Warning: 	(Node TextureSample) TextureSample> Missing input texture
[2016.03.20-02.47.37:650][343]LogMaterial: Missing cached shader map for material DiaryMat, compiling. 
[2016.03.20-02.47.37:662][343]LogMaterial: Missing cached shader map for material Deskmat, compiling. 
[2016.03.20-02.47.37:675][343]LogMaterial: Missing cached shader map for material bookshelfMat, compiling. 
[2016.03.20-02.47.37:687][343]LogMaterial: Missing cached shader map for material bookMat, compiling. 
[2016.03.20-02.47.37:700][343]LogMaterial: Missing cached shader map for material bedmat, compiling. 
[2016.03.20-02.47.37:925][343]LogAIModule: Creating AISystem for world World
[2016.03.20-02.47.37:929][343]LogParticles:Warning: InitializeSystem called on an unregistered component. Template=/Game/StarterContent/Particles/Breath.Breath Component=/Game/Hotel/Levels/World.World:PersistentLevel.Breath.ParticleSystemComponent0
[2016.03.20-02.47.37:930][343]LogParticles:Warning: InitializeSystem called on an unregistered component. Template=/Game/StarterContent/Particles/ItemMarker.ItemMarker Component=/Game/Hotel/Levels/World.World:PersistentLevel.ItemMarker.ParticleSystemComponent0
[2016.03.20-02.47.37:930][343]LogParticles:Warning: InitializeSystem called on an unregistered component. Template=/Game/StarterContent/Particles/Dust.Dust Component=/Game/Hotel/Levels/World.World:PersistentLevel.Dust_2.ParticleSystemComponent0
[2016.03.20-02.47.38:060][343]LogParticles: Destroying 0 GPU particle simulations for FXSystem 0x00000000320EB740
[2016.03.20-02.47.41:440][343]LogSavePackage: Save=55.036186ms
[2016.03.20-02.47.41:440][343]LogSavePackage: Moving '../../../../../../Users/Mandy/Documents/GitHub/HotelBete/Saved/guest_floor_haunted698E5B2345BEE156F2444A8BAB9063D0.tmp' to '../../../../../../Users/Mandy/Documents/GitHub/HotelBete/Content/Hotel/Art/Models/Guest_Floor/guest_floor_haunted.uasset'
[2016.03.20-02.47.41:442][343]LogSavePackage: Total save time: 92.405390ms
[2016.03.20-02.47.41:442][343]LogSavePackage:Display: Finished SavePackage ../../../../../../Users/Mandy/Documents/GitHub/HotelBete/Content/Hotel/Art/Models/Guest_Floor/guest_floor_haunted.uasset
[2016.03.20-02.47.41:502][343]Cmd: OBJ SAVEPACKAGE PACKAGE="/Game/Hotel/Art/Models/Guest_Floor/lambert2" FILE="../../../../../../Users/Mandy/Documents/GitHub/HotelBete/Content/Hotel/Art/Models/Guest_Floor/lambert2.uasset" SILENT=true
[2016.03.20-02.47.41:550][343]LogSavePackage: Save=44.445385ms
[2016.03.20-02.47.41:550][343]LogSavePackage: Moving '../../../../../../Users/Mandy/Documents/GitHub/HotelBete/Saved/lambert2DFC05E0D423529C22FFD6A8CDFAD16FC.tmp' to '../../../../../../Users/Mandy/Documents/GitHub/HotelBete/Content/Hotel/Art/Models/Guest_Floor/lambert2.uasset'
[2016.03.20-02.47.41:551][343]LogSavePackage: Total save time: 46.986628ms
[2016.03.20-02.47.41:551][343]LogSavePackage:Display: Finished SavePackage ../../../../../../Users/Mandy/Documents/GitHub/HotelBete/Content/Hotel/Art/Models/Guest_Floor/lambert2.uasset
[2016.03.20-02.47.41:624][343]LogSavePackage: Save=12.438802ms
[2016.03.20-02.47.41:624][343]LogSavePackage: Moving '../../../../../../Users/Mandy/Documents/GitHub/HotelBete/Saved/StainedGlassF08F65884EAFA23AC38A1394A9710B77.tmp' to '../../../../../../Users/Mandy/Documents/GitHub/HotelBete/Content/Hotel/Art/Models/Guest_Floor/StainedGlass.uasset'
[2016.03.20-02.47.41:625][343]LogSavePackage: Total save time: 14.221288ms
[2016.03.20-02.47.41:625][343]LogSavePackage:Display: Finished SavePackage ../../../../../../Users/Mandy/Documents/GitHub/HotelBete/Content/Hotel/Art/Models/Guest_Floor/StainedGlass.uasset
[2016.03.20-02.47.41:748][343]Cmd: OBJ SAVEPACKAGE PACKAGE="/Game/Hotel/Art/Models/Lobby/Lobby_haunted" FILE="../../../../../../Users/Mandy/Documents/GitHub/HotelBete/Content/Hotel/Art/Models/Lobby/Lobby_haunted.uasset" SILENT=true
[2016.03.20-02.47.41:917][343]LogSavePackage: Save=95.895569ms
[2016.03.20-02.47.41:917][343]LogSavePackage: Moving '../../../../../../Users/Mandy/Documents/GitHub/HotelBete/Saved/Lobby_hauntedB621792E44630431D851458C9EC87982.tmp' to '../../../../../../Users/Mandy/Documents/GitHub/HotelBete/Content/Hotel/Art/Models/Lobby/Lobby_haunted.uasset'
[2016.03.20-02.47.41:920][343]LogSavePackage: Total save time: 164.236374ms
[2016.03.20-02.47.41:920][343]LogSavePackage:Display: Finished SavePackage ../../../../../../Users/Mandy/Documents/GitHub/HotelBete/Content/Hotel/Art/Models/Lobby/Lobby_haunted.uasset
[2016.03.20-02.47.41:921][343]Cmd: MAP LOAD FILE="../../../../../../Users/Mandy/Documents/GitHub/HotelBete/Content/Hotel/Levels/World.umap" TEMPLATE=0 SHOWPROGRESS=1 FEATURELEVEL=3
[2016.03.20-02.47.41:921][343]LightingResults: New page: Lighting Build
[2016.03.20-02.47.41:945][343]LoadErrors: New page: Loading map: World.umap
[2016.03.20-02.47.41:945][343]MapCheck: New page: Map Check
[2016.03.20-02.47.41:945][343]LightingResults: New page: Lighting Build
[2016.03.20-02.47.41:992][343]LogParticles: Destroying 0 GPU particle simulations for FXSystem 0x00000000290D6D40
[2016.03.20-02.47.42:117][343]LogEditorServer: Finished looking for orphan Actors (0.000 secs)
[2016.03.20-02.47.42:175][343]Cmd: MAP CHECKDEP NOCLEARLOG
[2016.03.20-02.47.42:279][343]MapCheck: Info Map check complete: 0 Error(s), 0 Warning(s), took 104.136ms to complete.
[2016.03.20-02.47.42:281][343]LogFileHelpers: Loading map 'World' took 0.361
[2016.03.20-02.47.42:288][343]LoadErrors:Error: Error /Game/FirstPersonBP/Blueprints/Enemy : Failed import for Enemy_C /Game/Hotel/Blueprints/Enemies/Enemy.Default__Enemy_C [redirection] in /Game/FirstPersonBP/Blueprints/Enemy
[2016.03.20-02.47.47:518][515]LogEditorViewport: Clicking on Actor (LMB): NavMeshBoundsVolume (NavMeshBoundsVolume)
[2016.03.20-02.48.13:700][533]LogMaterial: Missing cached shader map for material Walls, compiling. 
[2016.03.20-02.48.13:790][533]LogMaterial: Missing cached shader map for material Walls, compiling. 
[2016.03.20-02.48.13:796][533]LogMaterial: 0.000074 seconds spent updating 1 materials, 1 interfaces, 0 instances, 0 with static permutations.
[2016.03.20-02.48.13:846][533]LogMaterial: Missing cached shader map for material FMatExpressionPreview MaterialExpressionTextureSample_11, compiling. 
[2016.03.20-02.48.13:850][533]LogMaterial: Missing cached shader map for material FMatExpressionPreview MaterialExpressionTextureSample_32, compiling. 
[2016.03.20-02.48.13:854][533]LogMaterial: Missing cached shader map for material FMatExpressionPreview MaterialExpressionTextureSample_30, compiling. 
[2016.03.20-02.48.13:858][533]LogMaterial: Missing cached shader map for material FMatExpressionPreview MaterialExpressionTextureSample_33, compiling. 
[2016.03.20-02.48.13:893][533]LogMaterial: Missing cached shader map for material FMatExpressionPreview MaterialExpressionTextureSample_31, compiling. 
[2016.03.20-02.48.15:581][651]MaterialEditorStats: Info Base pass shader with static lighting: 82 instructions
[2016.03.20-02.48.15:581][651]MaterialEditorStats: Info Base pass shader with only dynamic lighting: 47 instructions
[2016.03.20-02.48.15:581][651]MaterialEditorStats: Info Vertex shader: 33 instructions
[2016.03.20-02.48.15:581][651]MaterialEditorStats: Info Texture samplers: 5/16
[2016.03.20-02.48.30:616][617]LogEditorViewport: Clicking on Actor (LMB): StaticMeshActor (guest_floor_haunted2)
[2016.03.20-02.48.35:417][750]LogEditorViewport: Clicking on Actor (LMB): StaticMeshActor (guest_floor_haunted2)
[2016.03.20-02.49.15:048][ 37]LogEditorViewport: Clicking on Actor (LMB): StaticMeshActor (guest_floor_haunted2)
[2016.03.20-02.49.17:698][119]LogMaterial: Missing cached shader map for material StainedGlass, compiling. 
[2016.03.20-02.49.17:789][119]LogMaterial: Missing cached shader map for material StainedGlass, compiling. 
[2016.03.20-02.49.17:795][119]LogMaterial: 0.000082 seconds spent updating 1 materials, 1 interfaces, 0 instances, 0 with static permutations.
[2016.03.20-02.49.17:822][119]LogMaterial: Missing cached shader map for material FMatExpressionPreview MaterialExpressionVectorParameter_0, compiling. 
[2016.03.20-02.49.19:452][157]MaterialEditorStats: Info Base pass shader with only dynamic lighting: 31 instructions
[2016.03.20-02.49.19:452][157]MaterialEditorStats: Info Vertex shader: 31 instructions
[2016.03.20-02.49.19:452][157]MaterialEditorStats: Info Texture samplers: 0/16
[2016.03.20-02.49.21:252][246]LogMaterial: Missing cached shader map for material StainedGlass, compiling. 
[2016.03.20-02.49.21:273][246]LogMaterial: Missing cached shader map for material StainedGlass, compiling. 
[2016.03.20-02.49.21:281][246]LogMaterial: 0.000260 seconds spent updating 1 materials, 1 interfaces, 0 instances, 0 with static permutations.
[2016.03.20-02.49.24:915][327]MaterialEditorStats: Info Base pass shader with only dynamic lighting: 25 instructions
[2016.03.20-02.49.24:915][327]MaterialEditorStats: Info Base pass shader for self shadowed translucency: 61 instructions
[2016.03.20-02.49.24:915][327]MaterialEditorStats: Info Vertex shader: 68 instructions
[2016.03.20-02.49.24:915][327]MaterialEditorStats: Info Texture samplers: 4/16
[2016.03.20-02.49.34:118][496]LogMaterial: Missing cached shader map for material StainedGlass, compiling. 
[2016.03.20-02.49.34:124][496]LogMaterial: 0.000128 seconds spent updating 1 materials, 1 interfaces, 0 instances, 0 with static permutations.
[2016.03.20-02.49.37:339][580]MaterialEditorStats: Info Base pass shader with only dynamic lighting: 25 instructions
[2016.03.20-02.49.37:339][580]MaterialEditorStats: Info Base pass shader for self shadowed translucency: 61 instructions
[2016.03.20-02.49.37:339][580]MaterialEditorStats: Info Vertex shader: 68 instructions
[2016.03.20-02.49.37:339][580]MaterialEditorStats: Info Texture samplers: 4/16
[2016.03.20-02.49.44:545][820]LogParticles: Destroying 0 GPU particle simulations for FXSystem 0x000000000FF24A40
[2016.03.20-02.50.09:479][408]LogMaterial: Missing cached shader map for material StainedGlass, compiling. 
[2016.03.20-02.50.09:485][408]LogMaterial: 0.000091 seconds spent updating 1 materials, 1 interfaces, 0 instances, 0 with static permutations.
[2016.03.20-02.50.09:486][408]LogMaterial: Missing cached shader map for material FMatExpressionPreview MaterialExpressionTextureSample_0, compiling. 
[2016.03.20-02.50.09:517][408]LogMaterial: Missing cached shader map for material FMatExpressionPreview MaterialExpressionTextureSample_0, compiling. 
[2016.03.20-02.50.11:894][504]LogMaterial: Missing cached shader map for material StainedGlass, compiling. 
[2016.03.20-02.50.11:900][504]LogMaterial: 0.000138 seconds spent updating 1 materials, 1 interfaces, 0 instances, 0 with static permutations.
[2016.03.20-02.50.12:020][504]LogMaterial: Missing cached shader map for material FMatExpressionPreview MaterialExpressionTextureSample_0, compiling. 
[2016.03.20-02.50.15:502][626]MaterialEditorStats: Info Base pass shader with only dynamic lighting: 26 instructions
[2016.03.20-02.50.15:502][626]MaterialEditorStats: Info Base pass shader for self shadowed translucency: 62 instructions
[2016.03.20-02.50.15:502][626]MaterialEditorStats: Info Vertex shader: 70 instructions
[2016.03.20-02.50.15:502][626]MaterialEditorStats: Info Texture samplers: 5/16
[2016.03.20-02.50.16:725][680]LogMaterialEditor: Applying material StainedGlass
[2016.03.20-02.50.17:420][680]LogMaterial: Missing cached shader map for material StainedGlass, compiling. 
[2016.03.20-02.50.17:437][680]LogMaterial: 0.000127 seconds spent updating 1 materials, 1 interfaces, 0 instances, 0 with static permutations.
[2016.03.20-02.50.17:539][680]LogMaterial: Missing cached shader map for material StainedGlass, compiling. 
[2016.03.20-02.50.17:572][680]LogMaterial: Missing cached shader map for material StainedGlass, compiling. 
[2016.03.20-02.50.17:584][680]LogMaterial: 0.002395 seconds spent updating 1 materials, 1 interfaces, 0 instances, 0 with static permutations.
[2016.03.20-02.50.18:937][722]LogMaterialEditor: Saving and Compiling material StainedGlass
[2016.03.20-02.50.23:170][722]LogSavePackage: Save=15.183424ms
[2016.03.20-02.50.23:170][722]LogSavePackage: Moving '../../../../../../Users/Mandy/Documents/GitHub/HotelBete/Saved/StainedGlass168CBD5E486273831A2B759C0EF20369.tmp' to '../../../../../../Users/Mandy/Documents/GitHub/HotelBete/Content/Hotel/Art/Models/Guest_Floor/StainedGlass.uasset'
[2016.03.20-02.50.23:172][722]LogSavePackage: Total save time: 19.315023ms
[2016.03.20-02.50.23:172][722]LogSavePackage:Display: Finished SavePackage ../../../../../../Users/Mandy/Documents/GitHub/HotelBete/Content/Hotel/Art/Models/Guest_Floor/StainedGlass.uasset
[2016.03.20-02.50.23:177][722]MaterialEditorStats: Info Base pass shader with only dynamic lighting: 42 instructions
[2016.03.20-02.50.23:177][722]MaterialEditorStats: Info Base pass shader for self shadowed translucency: 78 instructions
[2016.03.20-02.50.23:177][722]MaterialEditorStats: Info Vertex shader: 70 instructions
[2016.03.20-02.50.23:177][722]MaterialEditorStats: Info Texture samplers: 5/16
[2016.03.20-02.50.57:510][168]LogMaterial: Missing cached shader map for material StainedGlass, compiling. 
[2016.03.20-02.50.57:516][168]LogMaterial: 0.000115 seconds spent updating 1 materials, 1 interfaces, 0 instances, 0 with static permutations.
[2016.03.20-02.50.57:517][168]LogMaterial: Missing cached shader map for material FMatExpressionPreview MaterialExpressionTextureSample_1, compiling. 
[2016.03.20-02.50.57:550][168]LogMaterial: Missing cached shader map for material FMatExpressionPreview MaterialExpressionTextureSample_0, compiling. 
[2016.03.20-02.50.57:554][168]LogMaterial: Missing cached shader map for material FMatExpressionPreview MaterialExpressionTextureSample_1, compiling. 
[2016.03.20-02.50.57:567][168]LogMaterial: Missing cached shader map for material StainedGlass, compiling. 
[2016.03.20-02.50.57:573][168]LogMaterial: 0.000073 seconds spent updating 1 materials, 1 interfaces, 0 instances, 0 with static permutations.
[2016.03.20-02.50.57:575][168]LogMaterial: Missing cached shader map for material FMatExpressionPreview MaterialExpressionTextureSample_2, compiling. 
[2016.03.20-02.50.57:603][168]LogMaterial: Missing cached shader map for material FMatExpressionPreview MaterialExpressionTextureSample_0, compiling. 
[2016.03.20-02.50.57:607][168]LogMaterial: Missing cached shader map for material FMatExpressionPreview MaterialExpressionTextureSample_1, compiling. 
[2016.03.20-02.50.57:610][168]LogMaterial: Missing cached shader map for material FMatExpressionPreview MaterialExpressionTextureSample_2, compiling. 
[2016.03.20-02.51.01:976][358]MaterialEditorStats: Info Base pass shader with only dynamic lighting: 26 instructions
[2016.03.20-02.51.01:976][358]MaterialEditorStats: Info Base pass shader for self shadowed translucency: 62 instructions
[2016.03.20-02.51.01:976][358]MaterialEditorStats: Info Vertex shader: 70 instructions
[2016.03.20-02.51.01:976][358]MaterialEditorStats: Info Texture samplers: 5/16
[2016.03.20-02.51.07:129][645]LogMaterial: Missing cached shader map for material StainedGlass, compiling. 
[2016.03.20-02.51.07:135][645]LogMaterial: 0.000123 seconds spent updating 1 materials, 1 interfaces, 0 instances, 0 with static permutations.
[2016.03.20-02.51.07:182][645]LogMaterial: Missing cached shader map for material FMatExpressionPreview MaterialExpressionTextureSample_1, compiling. 
[2016.03.20-02.51.09:317][737]LogMaterial: Missing cached shader map for material StainedGlass, compiling. 
[2016.03.20-02.51.09:324][737]LogMaterial: 0.000856 seconds spent updating 1 materials, 1 interfaces, 0 instances, 0 with static permutations.
[2016.03.20-02.51.09:350][737]LogMaterial: Missing cached shader map for material FMatExpressionPreview MaterialExpressionTextureSample_2, compiling. 
[2016.03.20-02.51.12:700][855]LogMaterialEditor: Applying material StainedGlass
[2016.03.20-02.51.13:406][855]LogMaterial: Missing cached shader map for material StainedGlass, compiling. 
[2016.03.20-02.51.13:423][855]LogMaterial: 0.000080 seconds spent updating 1 materials, 1 interfaces, 0 instances, 0 with static permutations.
[2016.03.20-02.51.13:517][855]LogMaterial: Missing cached shader map for material StainedGlass, compiling. 
[2016.03.20-02.51.13:533][855]LogMaterial: Missing cached shader map for material StainedGlass, compiling. 
[2016.03.20-02.51.13:549][855]LogMaterial: 0.009012 seconds spent updating 1 materials, 1 interfaces, 0 instances, 0 with static permutations.
[2016.03.20-02.51.14:395][873]LogMaterialEditor: Saving and Compiling material StainedGlass
[2016.03.20-02.51.19:014][873]LogSavePackage: Save=15.190758ms
[2016.03.20-02.51.19:014][873]LogSavePackage: Moving '../../../../../../Users/Mandy/Documents/GitHub/HotelBete/Saved/StainedGlassCF0FBAAA43E8EDE51E977A861F8FEB23.tmp' to '../../../../../../Users/Mandy/Documents/GitHub/HotelBete/Content/Hotel/Art/Models/Guest_Floor/StainedGlass.uasset'
[2016.03.20-02.51.19:015][873]LogSavePackage: Total save time: 18.561158ms
[2016.03.20-02.51.19:015][873]LogSavePackage:Display: Finished SavePackage ../../../../../../Users/Mandy/Documents/GitHub/HotelBete/Content/Hotel/Art/Models/Guest_Floor/StainedGlass.uasset
[2016.03.20-02.51.19:021][873]MaterialEditorStats: Info Base pass shader with only dynamic lighting: 42 instructions
[2016.03.20-02.51.19:021][873]MaterialEditorStats: Info Base pass shader for self shadowed translucency: 78 instructions
[2016.03.20-02.51.19:021][873]MaterialEditorStats: Info Vertex shader: 70 instructions
[2016.03.20-02.51.19:021][873]MaterialEditorStats: Info Texture samplers: 7/16
[2016.03.20-02.52.02:987][419]Cmd: OBJ SAVEPACKAGE PACKAGE="/Game/Hotel/Levels/World" FILE="../../../../../../Users/Mandy/Documents/GitHub/HotelBete/Content/Hotel/Levels/World.umap" SILENT=true AUTOSAVING=false KEEPDIRTY=false
[2016.03.20-02.52.04:320][419]LogSavePackage: Save=1285.322266ms
[2016.03.20-02.52.04:320][419]LogSavePackage: Moving '../../../../../../Users/Mandy/Documents/GitHub/HotelBete/Saved/World7AAF1F83441E915A0BC78EA8495BF867.tmp' to '../../../../../../Users/Mandy/Documents/GitHub/HotelBete/Content/Hotel/Levels/World.umap'
[2016.03.20-02.52.04:323][419]LogSavePackage: Total save time: 1311.464656ms
[2016.03.20-02.52.04:323][419]LogSavePackage:Display: Finished SavePackage ../../../../../../Users/Mandy/Documents/GitHub/HotelBete/Content/Hotel/Levels/World.umap
[2016.03.20-02.52.04:353][419]LogFileHelpers: Saving map 'World' took 1.460
[2016.03.20-02.52.06:640][475]Cmd: QUIT_EDITOR
[2016.03.20-02.52.06:865][475]LogExit: Preparing to exit.
[2016.03.20-02.52.07:557][475]LogExit: Editor shut down
[2016.03.20-02.52.07:558][475]LogExit: Transaction tracking system shut down
[2016.03.20-02.52.07:578][475]LogParticles: Destroying 0 GPU particle simulations for FXSystem 0x000000003378F880
[2016.03.20-02.52.07:578][475]LogParticles: Destroying 0 GPU particle simulations for FXSystem 0x000000002FDFD9E0
[2016.03.20-02.52.07:578][475]LogParticles: Destroying 0 GPU particle simulations for FXSystem 0x00000000405E7600
[2016.03.20-02.52.07:579][475]LogParticles: Destroying 0 GPU particle simulations for FXSystem 0x000000005D40C720
[2016.03.20-02.52.07:586][475]LogParticles: Destroying 0 GPU particle simulations for FXSystem 0x0000000089038E00
[2016.03.20-02.52.07:587][475]LogParticles: Destroying 0 GPU particle simulations for FXSystem 0x0000000011ECAF20
[2016.03.20-02.52.07:608][475]LogParticles: Destroying 0 GPU particle simulations for FXSystem 0x0000000088F1AF20
[2016.03.20-02.52.08:167][475]LogExit: Object subsystem successfully closed.
[2016.03.20-02.52.08:184][475]LogD3D11RHI: Shutdown
[2016.03.20-02.52.08:184][475]LogD3D11RHI: CleanupD3DDevice
[2016.03.20-02.52.08:443][475]LogD3D11RHI: ~FD3D11DynamicRHI
[2016.03.20-02.52.08:458][475]LogModuleManager: Shutting down and abandoning module MaterialEditor (203)
[2016.03.20-02.52.08:458][475]LogModuleManager: Shutting down and abandoning module CookingStats (202)
[2016.03.20-02.52.08:458][475]LogModuleManager: Shutting down and abandoning module StaticMeshEditor (201)
[2016.03.20-02.52.08:458][475]LogModuleManager: Shutting down and abandoning module CrashTracker (200)
[2016.03.20-02.52.08:458][475]LogModuleManager: Shutting down and abandoning module SceneOutliner (199)
[2016.03.20-02.52.08:458][475]LogModuleManager: Shutting down and abandoning module SuperSearch (198)
[2016.03.20-02.52.08:458][475]LogModuleManager: Shutting down and abandoning module WidgetCarousel (197)
[2016.03.20-02.52.08:458][475]LogModuleManager: Shutting down and abandoning module AddContentDialog (196)
[2016.03.20-02.52.08:460][475]LogModuleManager: Shutting down and abandoning module EditorWidgets (195)
[2016.03.20-02.52.08:460][475]LogModuleManager: Shutting down and abandoning module CollectionManager (194)
[2016.03.20-02.52.08:461][475]LogModuleManager: Shutting down and abandoning module StatsViewer (193)
[2016.03.20-02.52.08:461][475]LogModuleManager: Shutting down and abandoning module FoliageEdit (192)
[2016.03.20-02.52.08:461][475]LogModuleManager: Shutting down and abandoning module LandscapeEditor (191)
[2016.03.20-02.52.08:461][475]LogModuleManager: Shutting down and abandoning module ActorPickerMode (190)
[2016.03.20-02.52.08:461][475]LogModuleManager: Shutting down and abandoning module GeometryMode (189)
[2016.03.20-02.52.08:461][475]LogModuleManager: Shutting down and abandoning module TextureAlignMode (188)
[2016.03.20-02.52.08:461][475]LogModuleManager: Shutting down and abandoning module BspMode (187)
[2016.03.20-02.52.08:461][475]LogModuleManager: Shutting down and abandoning module PlacementMode (186)
[2016.03.20-02.52.08:461][475]LogModuleManager: Shutting down and abandoning module AutomationWorker (185)
[2016.03.20-02.52.08:461][475]LogModuleManager: Shutting down and abandoning module CharacterAI (184)
[2016.03.20-02.52.08:461][475]LogModuleManager: Shutting down and abandoning module SmartSnapping (183)
[2016.03.20-02.52.08:461][475]LogModuleManager: Shutting down and abandoning module ViewportSnapping (182)
[2016.03.20-02.52.08:461][475]LogModuleManager: Shutting down and abandoning module LogVisualizer (181)
[2016.03.20-02.52.08:461][475]LogModuleManager: Shutting down and abandoning module GameProjectGeneration (180)
[2016.03.20-02.52.08:461][475]LogModuleManager: Shutting down and abandoning module IntroTutorials (179)
[2016.03.20-02.52.08:461][475]LogModuleManager: Shutting down and abandoning module EditorLiveStreaming (178)
[2016.03.20-02.52.08:461][475]LogModuleManager: Shutting down and abandoning module IOSPlatformEditor (177)
[2016.03.20-02.52.08:461][475]LogModuleManager: Shutting down and abandoning module HTML5PlatformEditor (176)
[2016.03.20-02.52.08:461][475]LogModuleManager: Shutting down and abandoning module AndroidDeviceDetection (175)
[2016.03.20-02.52.09:093][475]LogModuleManager: Shutting down and abandoning module AndroidPlatformEditor (174)
[2016.03.20-02.52.09:093][475]LogModuleManager: Shutting down and abandoning module IOSRuntimeSettings (173)
[2016.03.20-02.52.09:093][475]LogModuleManager: Shutting down and abandoning module AndroidRuntimeSettings (172)
[2016.03.20-02.52.09:093][475]LogModuleManager: Shutting down and abandoning module MergeActors (171)
[2016.03.20-02.52.09:093][475]LogModuleManager: Shutting down and abandoning module SizeMap (170)
[2016.03.20-02.52.09:093][475]LogModuleManager: Shutting down and abandoning module TreeMap (169)
[2016.03.20-02.52.09:093][475]LogModuleManager: Shutting down and abandoning module ReferenceViewer (168)
[2016.03.20-02.52.09:093][475]LogModuleManager: Shutting down and abandoning module LocalizationService (167)
[2016.03.20-02.52.09:093][475]LogModuleManager: Shutting down and abandoning module LocalizationDashboard (166)
[2016.03.20-02.52.09:093][475]LogModuleManager: Shutting down and abandoning module HardwareTargeting (165)
[2016.03.20-02.52.09:093][475]LogModuleManager: Shutting down and abandoning module DeviceProfileEditor (164)
[2016.03.20-02.52.09:093][475]LogModuleManager: Shutting down and abandoning module UndoHistory (163)
[2016.03.20-02.52.09:093][475]LogModuleManager: Shutting down and abandoning module GameplayTagsEditor (162)
[2016.03.20-02.52.09:093][475]LogModuleManager: Shutting down and abandoning module UserFeedback (161)
[2016.03.20-02.52.09:093][475]LogModuleManager: Shutting down and abandoning module XmlParser (160)
[2016.03.20-02.52.09:093][475]LogModuleManager: Shutting down and abandoning module Blutility (159)
[2016.03.20-02.52.09:093][475]LogModuleManager: Shutting down and abandoning module ProjectTargetPlatformEditor (158)
[2016.03.20-02.52.09:094][475]LogModuleManager: Shutting down and abandoning module ProjectSettingsViewer (157)
[2016.03.20-02.52.09:094][475]LogModuleManager: Shutting down and abandoning module InputBindingEditor (156)
[2016.03.20-02.52.09:094][475]LogModuleManager: Shutting down and abandoning module EditorSettingsViewer (155)
[2016.03.20-02.52.09:094][475]LogModuleManager: Shutting down and abandoning module SettingsEditor (154)
[2016.03.20-02.52.09:094][475]LogModuleManager: Shutting down and abandoning module ProjectLauncher (153)
[2016.03.20-02.52.09:094][475]LogModuleManager: Shutting down and abandoning module SessionFrontend (152)
[2016.03.20-02.52.09:094][475]LogModuleManager: Shutting down and abandoning module ProfilerClient (151)
[2016.03.20-02.52.09:094][475]LogModuleManager: Shutting down and abandoning module TargetDeviceServices (150)
[2016.03.20-02.52.09:094][475]LogModuleManager: Shutting down and abandoning module DeviceManager (149)
[2016.03.20-02.52.09:094][475]LogModuleManager: Shutting down and abandoning module AutomationController (148)
[2016.03.20-02.52.09:094][475]LogModuleManager: Shutting down and abandoning module AutomationWindow (147)
[2016.03.20-02.52.09:094][475]LogModuleManager: Shutting down and abandoning module Layers (146)
[2016.03.20-02.52.09:094][475]LogModuleManager: Shutting down and abandoning module ComponentVisualizers (145)
[2016.03.20-02.52.09:094][475]LogModuleManager: Shutting down and abandoning module DetailCustomizations (144)
[2016.03.20-02.52.09:094][475]LogModuleManager: Shutting down and abandoning module PackagesDialog (143)
[2016.03.20-02.52.09:094][475]LogModuleManager: Shutting down and abandoning module Persona (142)
[2016.03.20-02.52.09:094][475]LogModuleManager: Shutting down and abandoning module Kismet (141)
[2016.03.20-02.52.09:094][475]LogModuleManager: Shutting down and abandoning module GraphEditor (140)
[2016.03.20-02.52.09:094][475]LogModuleManager: Shutting down and abandoning module ClassViewer (139)
[2016.03.20-02.52.09:094][475]LogModuleManager: Shutting down and abandoning module Toolbox (138)
[2016.03.20-02.52.09:094][475]LogModuleManager: Shutting down and abandoning module ModuleUI (137)
[2016.03.20-02.52.09:094][475]LogModuleManager: Shutting down and abandoning module MovieSceneTools (136)
[2016.03.20-02.52.09:095][475]LogModuleManager: Shutting down and abandoning module OutputLog (135)
[2016.03.20-02.52.09:095][475]LogModuleManager: Shutting down and abandoning module GammaUI (134)
[2016.03.20-02.52.09:095][475]LogModuleManager: Shutting down and abandoning module Documentation (133)
[2016.03.20-02.52.09:095][475]LogModuleManager: Shutting down and abandoning module GameLiveStreaming (132)
[2016.03.20-02.52.09:095][475]LogModuleManager: Shutting down and abandoning module StreamingPauseRendering (131)
[2016.03.20-02.52.09:095][475]LogModuleManager: Shutting down and abandoning module AnalyticsET (130)
[2016.03.20-02.52.09:095][475]LogModuleManager: Shutting down and abandoning module Analytics (129)
[2016.03.20-02.52.09:095][475]LogModuleManager: Shutting down and abandoning module AITestSuite (128)
[2016.03.20-02.52.09:095][475]LogModuleManager: Shutting down and abandoning module GameplayDebugger (127)
[2016.03.20-02.52.09:095][475]LogModuleManager: Shutting down and abandoning module AIModule (126)
[2016.03.20-02.52.09:095][475]LogModuleManager: Shutting down and abandoning module ProfilerService (125)
[2016.03.20-02.52.09:326][475]LogModuleManager: Shutting down and abandoning module TaskGraph (124)
[2016.03.20-02.52.09:326][475]LogModuleManager: Shutting down and abandoning module SubstanceEditor (123)
[2016.03.20-02.52.09:326][475]LogModuleManager: Shutting down and abandoning module SlateRemote (122)
[2016.03.20-02.52.09:326][475]LogModuleManager: Shutting down and abandoning module SteamVRController (121)
[2016.03.20-02.52.09:326][475]LogModuleManager: Shutting down and abandoning module SteamVR (120)
[2016.03.20-02.52.09:326][475]LogModuleManager: Shutting down and abandoning module ProceduralMeshComponent (119)
[2016.03.20-02.52.09:326][475]LogModuleManager: Shutting down and abandoning module OculusLibrary (118)
[2016.03.20-02.52.09:326][475]LogModuleManager: Shutting down and abandoning module OculusInput (117)
[2016.03.20-02.52.09:326][475]LogModuleManager: Shutting down and abandoning module LeapMotionController (116)
[2016.03.20-02.52.09:334][475]LogModuleManager: Shutting down and abandoning module CustomMeshComponent (115)
[2016.03.20-02.52.09:334][475]LogModuleManager: Shutting down and abandoning module CableComponent (114)
[2016.03.20-02.52.09:334][475]LogModuleManager: Shutting down and abandoning module ArchVisCharacter (113)
[2016.03.20-02.52.09:334][475]LogModuleManager: Shutting down and abandoning module MessagingDebugger (112)
[2016.03.20-02.52.09:334][475]LogModuleManager: Shutting down and abandoning module MediaPlayerEditor (111)
[2016.03.20-02.52.09:334][475]LogModuleManager: Shutting down and abandoning module HTML5Networking (110)
[2016.03.20-02.52.09:334][475]LogModuleManager: Shutting down and abandoning module SpeedTreeImporter (109)
[2016.03.20-02.52.09:334][475]LogModuleManager: Shutting down and abandoning module PluginBrowser (108)
[2016.03.20-02.52.09:334][475]LogModuleManager: Shutting down and abandoning module EpicSurvey (107)
[2016.03.20-02.52.09:334][475]LogModuleManager: Shutting down and abandoning module DesktopPlatform (106)
[2016.03.20-02.52.09:334][475]LogModuleManager: Shutting down and abandoning module VisualStudioSourceCodeAccess (105)
[2016.03.20-02.52.09:334][475]LogModuleManager: Shutting down and abandoning module UObjectPlugin (104)
[2016.03.20-02.52.09:334][475]LogModuleManager: Shutting down and abandoning module SubversionSourceControl (103)
[2016.03.20-02.52.09:334][475]LogModuleManager: Shutting down and abandoning module PerforceSourceControl (102)
[2016.03.20-02.52.09:334][475]LogModuleManager: Shutting down and abandoning module SourceControl (101)
[2016.03.20-02.52.09:334][475]LogModuleManager: Shutting down and abandoning module GitSourceControl (100)
[2016.03.20-02.52.09:334][475]LogModuleManager: Shutting down and abandoning module LightPropagationVolumeEditor (99)
[2016.03.20-02.52.09:334][475]LogModuleManager: Shutting down and abandoning module PaperTiledImporter (98)
[2016.03.20-02.52.09:334][475]LogModuleManager: Shutting down and abandoning module PaperSpriteSheetImporter (97)
[2016.03.20-02.52.09:334][475]LogModuleManager: Shutting down and abandoning module MeshPaint (96)
[2016.03.20-02.52.09:334][475]LogModuleManager: Shutting down and abandoning module SlateReflector (95)
[2016.03.20-02.52.09:334][475]LogModuleManager: Shutting down and abandoning module HotReload (94)
[2016.03.20-02.52.09:335][475]LogModuleManager: Shutting down and abandoning module MainFrame (93)
[2016.03.20-02.52.09:335][475]LogModuleManager: Shutting down and abandoning module LevelEditor (92)
[2016.03.20-02.52.09:336][475]LogModuleManager: Shutting down and abandoning module ContentBrowser (91)
[2016.03.20-02.52.09:337][475]LogModuleManager: Shutting down and abandoning module Paper2DEditor (90)
[2016.03.20-02.52.09:337][475]LogModuleManager: Shutting down and abandoning module UdpMessaging (89)
[2016.03.20-02.52.09:437][475]LogModuleManager: Shutting down and abandoning module DirectoryWatcher (88)
[2016.03.20-02.52.09:441][475]LogModuleManager: Shutting down and abandoning module AssetRegistry (87)
[2016.03.20-02.52.09:644][475]LogModuleManager: Shutting down and abandoning module SubstanceCore (86)
[2016.03.20-02.52.09:644][475]LogModuleManager: Shutting down and abandoning module LightPropagationVolumeRuntime (85)
[2016.03.20-02.52.09:644][475]LogModuleManager: Shutting down and abandoning module Paper2D (84)
[2016.03.20-02.52.09:644][475]LogModuleManager: Shutting down and abandoning module WindowsMoviePlayer (83)
[2016.03.20-02.52.09:644][475]LogModuleManager: Shutting down and abandoning module Media (82)
[2016.03.20-02.52.09:644][475]LogModuleManager: Shutting down and abandoning module WmfMedia (81)
[2016.03.20-02.52.09:644][475]LogModuleManager: Shutting down and abandoning module OnlineBlueprintSupport (80)
[2016.03.20-02.52.09:644][475]LogModuleManager: Shutting down and abandoning module GameplayTasksEditor (79)
[2016.03.20-02.52.09:644][475]LogModuleManager: Shutting down and abandoning module PropertyEditor (78)
[2016.03.20-02.52.09:645][475]LogModuleManager: Shutting down and abandoning module BehaviorTreeEditor (77)
[2016.03.20-02.52.09:645][475]LogModuleManager: Shutting down and abandoning module FunctionalTesting (76)
[2016.03.20-02.52.09:645][475]LogModuleManager: Shutting down and abandoning module CollisionAnalyzer (75)
[2016.03.20-02.52.09:645][475]LogModuleManager: Shutting down and abandoning module WorkspaceMenuStructure (74)
[2016.03.20-02.52.09:645][475]LogModuleManager: Shutting down and abandoning module MessageLog (73)
[2016.03.20-02.52.09:645][475]LogModuleManager: Shutting down and abandoning module Sequencer (72)
[2016.03.20-02.52.09:645][475]LogModuleManager: Shutting down and abandoning module AssetTools (71)
[2016.03.20-02.52.09:645][475]LogModuleManager: Shutting down and abandoning module UMGEditor (70)
[2016.03.20-02.52.09:645][475]LogModuleManager: Shutting down and abandoning module UMG (69)
[2016.03.20-02.52.09:645][475]LogModuleManager: Shutting down and abandoning module Slate (68)
[2016.03.20-02.52.09:645][475]LogModuleManager: Shutting down and abandoning module EditorStyle (67)
[2016.03.20-02.52.09:647][475]LogModuleManager: Shutting down and abandoning module SessionServices (66)
[2016.03.20-02.52.09:647][475]LogModuleManager: Shutting down and abandoning module SourceCodeAccess (65)
[2016.03.20-02.52.09:647][475]LogModuleManager: Shutting down and abandoning module HeadMountedDisplay (64)
[2016.03.20-02.52.09:647][475]LogModuleManager: Shutting down and abandoning module XAudio2 (63)
[2016.03.20-02.52.09:647][475]LogModuleManager: Shutting down and abandoning module Networking (61)
[2016.03.20-02.52.09:647][475]LogModuleManager: Shutting down and abandoning module Core (60)
[2016.03.20-02.52.09:647][475]LogModuleManager: Shutting down and abandoning module KismetCompiler (59)
[2016.03.20-02.52.09:647][475]LogModuleManager: Shutting down and abandoning module PhysXFormats (58)
[2016.03.20-02.52.09:647][475]LogModuleManager: Shutting down and abandoning module MeshUtilities (57)
[2016.03.20-02.52.09:647][475]LogModuleManager: Shutting down and abandoning module DerivedDataCache (56)
[2016.03.20-02.52.09:706][475]LogDerivedDataCache: Shutdown
[2016.03.20-02.52.09:706][475]LogModuleManager: Shutting down and abandoning module ShaderFormatOpenGL (55)
[2016.03.20-02.52.09:706][475]LogModuleManager: Shutting down and abandoning module ShaderFormatD3D (54)
[2016.03.20-02.52.09:706][475]LogModuleManager: Shutting down and abandoning module MetalShaderFormat (53)
[2016.03.20-02.52.09:706][475]LogModuleManager: Shutting down and abandoning module TextureFormatUncompressed (52)
[2016.03.20-02.52.09:706][475]LogModuleManager: Shutting down and abandoning module TextureFormatPVR (51)
[2016.03.20-02.52.09:706][475]LogModuleManager: Shutting down and abandoning module TextureFormatIntelISPCTexComp (50)
[2016.03.20-02.52.09:706][475]LogModuleManager: Shutting down and abandoning module TextureFormatDXT (49)
[2016.03.20-02.52.09:706][475]LogModuleManager: Shutting down and abandoning module ImageWrapper (48)
[2016.03.20-02.52.09:706][475]LogModuleManager: Shutting down and abandoning module TextureFormatASTC (47)
[2016.03.20-02.52.09:706][475]LogModuleManager: Shutting down and abandoning module TextureFormatAndroid (46)
[2016.03.20-02.52.09:706][475]LogModuleManager: Shutting down and abandoning module AudioFormatOpus (45)
[2016.03.20-02.52.09:706][475]LogModuleManager: Shutting down and abandoning module AudioFormatOgg (44)
[2016.03.20-02.52.09:706][475]LogModuleManager: Shutting down and abandoning module AudioFormatADPCM (43)
[2016.03.20-02.52.09:706][475]LogModuleManager: Shutting down and abandoning module LinuxTargetPlatform (42)
[2016.03.20-02.52.09:706][475]LogModuleManager: Shutting down and abandoning module LinuxServerTargetPlatform (41)
[2016.03.20-02.52.09:706][475]LogModuleManager: Shutting down and abandoning module LinuxNoEditorTargetPlatform (40)
[2016.03.20-02.52.09:707][475]LogModuleManager: Shutting down and abandoning module Messaging (39)
[2016.03.20-02.52.09:707][475]LogModuleManager: Shutting down and abandoning module IOSTargetPlatform (38)
[2016.03.20-02.52.09:707][475]LogModuleManager: Shutting down and abandoning module HTML5TargetPlatform (37)
[2016.03.20-02.52.09:707][475]LogModuleManager: Shutting down and abandoning module Android_PVRTCTargetPlatform (36)
[2016.03.20-02.52.09:707][475]LogModuleManager: Shutting down and abandoning module Android_MultiTargetPlatform (35)
[2016.03.20-02.52.09:707][475]LogModuleManager: Shutting down and abandoning module Android_ETC2TargetPlatform (34)
[2016.03.20-02.52.09:707][475]LogModuleManager: Shutting down and abandoning module Android_ETC1TargetPlatform (33)
[2016.03.20-02.52.09:707][475]LogModuleManager: Shutting down and abandoning module Android_DXTTargetPlatform (32)
[2016.03.20-02.52.09:707][475]LogModuleManager: Shutting down and abandoning module Android_ATCTargetPlatform (31)
[2016.03.20-02.52.09:707][475]LogModuleManager: Shutting down and abandoning module Android_ASTCTargetPlatform (30)
[2016.03.20-02.52.09:707][475]LogModuleManager: Shutting down and abandoning module AndroidTargetPlatform (29)
[2016.03.20-02.52.09:707][475]LogModuleManager: Shutting down and abandoning module WindowsTargetPlatform (28)
[2016.03.20-02.52.09:707][475]LogModuleManager: Shutting down and abandoning module WindowsServerTargetPlatform (27)
[2016.03.20-02.52.09:707][475]LogModuleManager: Shutting down and abandoning module WindowsNoEditorTargetPlatform (26)
[2016.03.20-02.52.09:707][475]LogModuleManager: Shutting down and abandoning module WindowsClientTargetPlatform (25)
[2016.03.20-02.52.09:707][475]LogModuleManager: Shutting down and abandoning module AllDesktopTargetPlatform (24)
[2016.03.20-02.52.09:707][475]LogModuleManager: Shutting down and abandoning module TargetPlatform (23)
[2016.03.20-02.52.09:707][475]LogModuleManager: Shutting down and abandoning module InputCore (22)
[2016.03.20-02.52.09:707][475]LogModuleManager: Shutting down and abandoning module Settings (21)
[2016.03.20-02.52.09:707][475]LogModuleManager: Shutting down and abandoning module OnlineSubsystem (19)
[2016.03.20-02.52.09:707][475]LogModuleManager: Shutting down and abandoning module HTTP (18)
[2016.03.20-02.52.11:708][475]LogModuleManager: Shutting down and abandoning module XMPP (17)
[2016.03.20-02.52.11:708][475]LogModuleManager: Shutting down and abandoning module OculusRift (16)
[2016.03.20-02.52.11:708][475]LogModuleManager: Shutting down and abandoning module ExampleDeviceProfileSelector (15)
[2016.03.20-02.52.11:708][475]LogModuleManager: Shutting down and abandoning module TextureCompressor (14)
[2016.03.20-02.52.11:709][475]LogModuleManager: Shutting down and abandoning module ShaderCore (13)
[2016.03.20-02.52.11:709][475]LogModuleManager: Shutting down and abandoning module Landscape (12)
[2016.03.20-02.52.11:709][475]LogModuleManager: Shutting down and abandoning module SlateRHIRenderer (11)
[2016.03.20-02.52.11:714][475]LogModuleManager: Shutting down and abandoning module OpenGLDrv (10)
[2016.03.20-02.52.11:714][475]LogModuleManager: Shutting down and abandoning module D3D11RHI (9)
[2016.03.20-02.52.11:714][475]LogModuleManager: Shutting down and abandoning module AnimGraphRuntime (8)
[2016.03.20-02.52.11:714][475]LogModuleManager: Shutting down and abandoning module Renderer (7)
[2016.03.20-02.52.11:714][475]LogModuleManager: Shutting down and abandoning module Engine (6)
[2016.03.20-02.52.11:714][475]LogModuleManager: Shutting down and abandoning module CoreUObject (5)
[2016.03.20-02.52.11:714][475]LogModuleManager: Shutting down and abandoning module NetworkFile (4)
[2016.03.20-02.52.11:714][475]LogModuleManager: Shutting down and abandoning module StreamingFile (3)
[2016.03.20-02.52.11:714][475]LogModuleManager: Shutting down and abandoning module SandboxFile (2)
[2016.03.20-02.52.11:714][475]LogModuleManager: Shutting down and abandoning module PakFile (1)
[2016.03.20-02.52.11:719][475]LogExit: Exiting.
[2016.03.20-02.52.11:750][475]Log file closed, 03/19/16 22:52:11
