[2016.04.15-15.47.19:793][  0]Log file open, 04/15/16 11:47:19
[2016.04.15-15.47.19:793][  0]LogInit:Display: Running engine without a game
[2016.04.15-15.47.19:793][  0]LogPlatformFile: Not using cached read wrapper
[2016.04.15-15.47.19:793][  0]LogInit:Display: Loading recent project file: F:/My Media/UCF Documents/DIG 4725-2/HotelBete/Hotel.uproject
[2016.04.15-15.47.19:793][  0]LogInit:Display: RandInit(1511173354) SRandInit(1511173355).
[2016.04.15-15.47.19:793][  0]LogTaskGraph: Started task graph with 4 named threads and 7 total threads.
[2016.04.15-15.47.19:793][  0]LogStats: Stats thread started at 0.062608
[2016.04.15-15.47.19:793][  0]LogInit: Version: 4.10.2-2818068+++depot+UE4-Releases+4.10
[2016.04.15-15.47.19:793][  0]LogInit: API Version: 2758231
[2016.04.15-15.47.19:793][  0]LogInit: Compiled (64-bit): Jan  6 2016 17:36:42
[2016.04.15-15.47.19:793][  0]LogInit: Compiled with Visual C++: 19.00.23026.00
[2016.04.15-15.47.19:793][  0]LogInit: Build Configuration: Development
[2016.04.15-15.47.19:793][  0]LogInit: Branch Name: ++depot+UE4-Releases+4.10
[2016.04.15-15.47.19:793][  0]LogInit: Command line: -EpicPortal 
[2016.04.15-15.47.19:793][  0]LogInit: Base directory: F:/Program Files/Epic Games/4.10/Engine/Binaries/Win64/
[2016.04.15-15.47.19:793][  0]LogInit: Rocket: 1
[2016.04.15-15.47.19:797][  0]LogInit: Using libcurl 7.41.0
[2016.04.15-15.47.19:797][  0]LogInit:  - built for x86_64-pc-win32
[2016.04.15-15.47.19:797][  0]LogInit:  - supports SSL with WinSSL
[2016.04.15-15.47.19:797][  0]LogInit:  - other features:
[2016.04.15-15.47.19:797][  0]LogInit:      CURL_VERSION_SSL
[2016.04.15-15.47.19:797][  0]LogInit:      CURL_VERSION_IPV6
[2016.04.15-15.47.19:797][  0]LogInit:      CURL_VERSION_ASYNCHDNS
[2016.04.15-15.47.19:797][  0]LogInit:      CURL_VERSION_LARGEFILE
[2016.04.15-15.47.19:797][  0]LogInit:      CURL_VERSION_IDN
[2016.04.15-15.47.19:797][  0]LogInit:  CurlRequestOptions (configurable via config and command line):
[2016.04.15-15.47.19:797][  0]LogInit:  - bVerifyPeer = true  - Libcurl will verify peer certificate
[2016.04.15-15.47.19:797][  0]LogInit:  - bUseHttpProxy = false  - Libcurl will NOT use HTTP proxy
[2016.04.15-15.47.19:797][  0]LogInit:  - bDontReuseConnections = false  - Libcurl will reuse connections
[2016.04.15-15.47.19:797][  0]LogInit:  - CertBundlePath = nullptr  - Libcurl will use whatever was configured at build time.
[2016.04.15-15.47.19:801][  0]LogInit: Presizing for 0 objects not considered by GC, pre-allocating 0 bytes.
[2016.04.15-15.47.19:805][  0]LogInit: Object subsystem initialized
[2016.04.15-15.47.19:806][  0]LogInit: Selected Device Profile: [Windows]
[2016.04.15-15.47.19:806][  0]LogInit: Applying CVar settings loaded from the selected device profile: [Windows]
[2016.04.15-15.47.19:810][  0]LogInit: Computer: DESKTOP-0FTHH47
[2016.04.15-15.47.19:810][  0]LogInit: User: aehrl
[2016.04.15-15.47.19:810][  0]LogInit: CPU Page size=4096, Cores=4
[2016.04.15-15.47.19:810][  0]LogInit: High frequency timer resolution =3.984654 MHz
[2016.04.15-15.47.19:810][  0]LogMemory: Memory total: Physical=15.9GB (16GB approx)
[2016.04.15-15.47.19:810][  0]LogMemory: Platform Memory Stats for Windows
[2016.04.15-15.47.19:810][  0]LogMemory: Process Physical Memory: 56.64 MB used, 56.64 MB peak
[2016.04.15-15.47.19:810][  0]LogMemory: Process Virtual Memory: 56.82 MB used, 56.82 MB peak
[2016.04.15-15.47.19:810][  0]LogMemory: Physical Memory: 5295.90 MB used, 16322.88 MB total
[2016.04.15-15.47.19:810][  0]LogMemory: Virtual Memory: 382.87 MB used, 134217728.00 MB total
[2016.04.15-15.47.19:837][  0]LogTextLocalizationManager: No specific translations for ('en-US') exist, so ('en') translations will be used.
[2016.04.15-15.47.20:157][  0]LogD3D11RHI: Found D3D11 adapter 0: NVIDIA GeForce GTX 960 (Feature Level 11_0)
[2016.04.15-15.47.20:157][  0]LogD3D11RHI: Adapter has 1969MB of dedicated video memory, 0MB of dedicated system memory, and 8161MB of shared system memory, 3 output[s]
[2016.04.15-15.47.20:158][  0]LogD3D11RHI: Found D3D11 adapter 1: Microsoft Basic Render Driver (Feature Level 11_0)
[2016.04.15-15.47.20:158][  0]LogD3D11RHI: Adapter has 0MB of dedicated video memory, 0MB of dedicated system memory, and 8161MB of shared system memory, 0 output[s]
[2016.04.15-15.47.20:158][  0]LogD3D11RHI: Chosen D3D11 Adapter Id = 0
[2016.04.15-15.47.20:162][  0]LogD3D11RHI: !Direct3DDevice
[2016.04.15-15.47.20:162][  0]LogRHI: Texture pool is 1361 MB (70% of 1945 MB)
[2016.04.15-15.47.20:171][  0]LogD3D11RHI: Async texture creation enabled
[2016.04.15-15.47.20:185][  0]LogShaderCompilers: Guid format shader working directory is -16 characters bigger than the processId version (../../../../../../My Media/UCF Documents/DIG 4725-2/HotelBete/Intermediate/Shaders/WorkingDirectory/13052/).
[2016.04.15-15.47.20:185][  0]LogShaderCompilers: Cleaned the shader compiler working directory 'C:/Users/aehrl/AppData/Local/Temp/UnrealShaderWorkingDir/34A17B834DC85AA4BDC4E6BAE4AFE48E/'.
[2016.04.15-15.47.20:185][  0]LogShaderCompilers:Display: Using Local Shader Compiler.
[2016.04.15-15.47.20:689][  0]LogTemp:Display: Loaded TP AllDesktopTargetPlatform
[2016.04.15-15.47.20:692][  0]LogTemp:Display: Loaded TP WindowsClientTargetPlatform
[2016.04.15-15.47.20:695][  0]LogTemp:Display: Loaded TP WindowsNoEditorTargetPlatform
[2016.04.15-15.47.20:697][  0]LogTemp:Display: Loaded TP WindowsServerTargetPlatform
[2016.04.15-15.47.20:700][  0]LogTemp:Display: Loaded TP WindowsTargetPlatform
[2016.04.15-15.47.20:701][  0]LogTemp:Display: Loaded TP AndroidTargetPlatform
[2016.04.15-15.47.20:703][  0]LogTemp:Display: Loaded TP Android_ASTCTargetPlatform
[2016.04.15-15.47.20:705][  0]LogTemp:Display: Loaded TP Android_ATCTargetPlatform
[2016.04.15-15.47.20:706][  0]LogTemp:Display: Loaded TP Android_DXTTargetPlatform
[2016.04.15-15.47.20:708][  0]LogTemp:Display: Loaded TP Android_ETC1TargetPlatform
[2016.04.15-15.47.20:710][  0]LogTemp:Display: Loaded TP Android_ETC2TargetPlatform
[2016.04.15-15.47.20:714][  0]LogTemp:Display: Loaded TP Android_MultiTargetPlatform
[2016.04.15-15.47.20:714][  0]LogTemp:Display: Loaded TP Android_PVRTCTargetPlatform
[2016.04.15-15.47.20:714][  0]LogTemp:Display: Loaded TP HTML5TargetPlatform
[2016.04.15-15.47.20:729][  0]LogTemp:Display: Loaded TP IOSTargetPlatform
[2016.04.15-15.47.20:731][  0]LogTemp:Display: Loaded TP LinuxNoEditorTargetPlatform
[2016.04.15-15.47.20:733][  0]LogTemp:Display: Loaded TP LinuxServerTargetPlatform
[2016.04.15-15.47.20:735][  0]LogTemp:Display: Loaded TP LinuxTargetPlatform
[2016.04.15-15.47.20:735][  0]LogTargetPlatformManager:Display: Building Assets For Windows
[2016.04.15-15.47.20:774][  0]LogDerivedDataCache:Display: Max Cache Size: 512 MB
[2016.04.15-15.47.21:032][  0]LogDerivedDataCache: Loaded boot cache 0.26s 45MB C:/Users/aehrl/AppData/Local/UnrealEngine/4.10/DerivedDataCache/Boot.ddc.
[2016.04.15-15.47.21:032][  0]LogDerivedDataCache:Display: Loaded Boot cache: C:/Users/aehrl/AppData/Local/UnrealEngine/4.10/DerivedDataCache/Boot.ddc
[2016.04.15-15.47.21:032][  0]LogDerivedDataCache: FDerivedDataBackendGraph:  Pak pak cache file ../../../../../../My Media/UCF Documents/DIG 4725-2/HotelBete/DerivedDataCache/DDC.ddp not found, will not use a pak cache.
[2016.04.15-15.47.21:032][  0]LogDerivedDataCache: Unable to find inner node Pak for hierarchical cache Hierarchy.
[2016.04.15-15.47.21:032][  0]LogDerivedDataCache: FDerivedDataBackendGraph:  CompressedPak pak cache file ../../../../../../My Media/UCF Documents/DIG 4725-2/HotelBete/DerivedDataCache/Compressed.ddp not found, will not use a pak cache.
[2016.04.15-15.47.21:032][  0]LogDerivedDataCache: Unable to find inner node CompressedPak for hierarchical cache Hierarchy.
[2016.04.15-15.47.21:113][  0]LogDerivedDataCache:Display: Pak cache opened for reading ../../../Engine/DerivedDataCache/Compressed.ddp.
[2016.04.15-15.47.21:125][  0]LogDerivedDataCache: Using Local data cache path C:/Users/aehrl/AppData/Local/UnrealEngine/Common/DerivedDataCache: Writable
[2016.04.15-15.47.21:238][  0]LogInit: Selected Device Profile: [Windows]
[2016.04.15-15.47.21:240][  0]LogContentStreaming: Texture pool size is 0.000000MB
[2016.04.15-15.47.21:309][  0]LogMeshUtilities: No automatic mesh reduction module available
[2016.04.15-15.47.21:309][  0]LogMeshUtilities: No automatic mesh merging module available
[2016.04.15-15.47.21:496][  0]LogInit: WinSock: version 1.1 (2.2), MaxSocks=32767, MaxUdp=65467
[2016.04.15-15.47.22:058][  0]LogAssetRegistry: FAssetRegistry took 0.0112 seconds to start up
[2016.04.15-15.47.22:065][  0]UdpMessaging: Initializing bridge on interface 0.0.0.0:0 to multicast group 230.0.0.1:6666.
[2016.04.15-15.47.22:232][  0]SourceControl: Info Source control is disabled
[2016.04.15-15.47.22:269][  0]SourceControl: Info Source control is disabled
[2016.04.15-15.47.22:274][  0]SourceControl: Info Source control is disabled
[2016.04.15-15.47.22:279][  0]SourceControl: Info Source control is disabled
[2016.04.15-15.47.22:395][  0]LogObj: 28802 objects as part of root set at end of initial load.
[2016.04.15-15.47.22:395][  0]LogUObjectAllocator: 6129768 out of 0 bytes used by permanent object pool.
[2016.04.15-15.47.22:432][  0]LogEngine: Initializing Engine...
[2016.04.15-15.47.22:433][  0]LogHMD: Can't find Oculus library dev build: is proper Runtime installed? Version: 0.8.0.0
[2016.04.15-15.47.22:434][  0]LogHMD: SteamVR failed to initialize.  Err: 110
[2016.04.15-15.47.22:518][  0]LogAIModule: Creating AISystem for world NewWorld
[2016.04.15-15.47.22:524][  0]LogInit: XAudio2 using 'Speakers (2- High Definition Audio Device)' : 2 channels at 44.1 kHz using 16 bits per sample (channel mask 0x3)
[2016.04.15-15.47.22:540][  0]LogInit: FAudioDevice initialized.
[2016.04.15-15.47.22:555][  0]LogDerivedDataCache: Saved boot cache 0.02s 45MB C:/Users/aehrl/AppData/Local/UnrealEngine/4.10/DerivedDataCache/Boot.ddc.
[2016.04.15-15.47.22:557][  0]LogInit: Texture streaming: Enabled
[2016.04.15-15.47.22:559][  0]LogAnalytics: Creating configured Analytics provider AnalyticsET
[2016.04.15-15.47.22:559][  0]LogAnalytics: [UEEditor.Rocket.Release] APIServer = http://et2.epicgames.com/ET2/. AppVersion = 4.10.2-2818068+++depot+UE4-Releases+4.10
[2016.04.15-15.47.22:559][  0]LogAnalytics: [UEEditor.Rocket.Release] SetUserId 0b01f67c451c321928712b89b2c25d66|b300224d71e64562a5bff06c2aaa78f8|4d10a4aa-bc91-4e54-b274-9b5f458b8e77
[2016.04.15-15.47.22:559][  0]LogAnalytics: [UEEditor.Rocket.Release] AnalyticsET::StartSession
[2016.04.15-15.47.22:565][  0]LogInit: Transaction tracking system initialized
[2016.04.15-15.47.22:577][  0]BlueprintLog: New page: Editor Load
[2016.04.15-15.47.22:615][  0]LocalizationService: Info Localization service is disabled
[2016.04.15-15.47.22:664][  0]LogConsoleResponse:Display: 
[2016.04.15-15.47.22:733][  0]LogCook:Display: Done creating registry. It took  0.00s.
[2016.04.15-15.47.22:759][  0]LogFileCache: Scanning file cache for directory 'F:/My Media/UCF Documents/DIG 4725-2/HotelBete/Content/' took 0.01s
[2016.04.15-15.47.22:759][  0]SourceControl: Info Source control is disabled
[2016.04.15-15.47.22:759][  0]Cmd: MAP LOAD FILE="../../../../../../My Media/UCF Documents/DIG 4725-2/HotelBete/Content/Hotel/Levels/Menu.umap" TEMPLATE=0 SHOWPROGRESS=1 FEATURELEVEL=3
[2016.04.15-15.47.22:783][  0]LightingResults: New page: Lighting Build
[2016.04.15-15.47.22:784][  0]MapCheck: New page: Map Check
[2016.04.15-15.47.22:784][  0]LightingResults: New page: Lighting Build
[2016.04.15-15.47.22:791][  0]LogParticles: Destroying 0 GPU particle simulations for FXSystem 0x000001BAEC9A36A0
[2016.04.15-15.47.30:425][  0]LogAIModule: Creating AISystem for world Menu
[2016.04.15-15.47.30:426][  0]LogEditorServer: Finished looking for orphan Actors (0.000 secs)
[2016.04.15-15.47.30:426][  0]Cmd: MAP CHECKDEP NOCLEARLOG
[2016.04.15-15.47.30:470][  0]MapCheck: Info Map check complete: 0 Error(s), 0 Warning(s), took 43.45ms to complete.
[2016.04.15-15.47.30:470][  0]LogFileHelpers: Loading map 'Menu' took 7.711
[2016.04.15-15.47.30:577][  0]LogCollectionManager: Loaded 0 collections in 0.000883 seconds
[2016.04.15-15.47.30:641][  0]LogFileCache: Scanning file cache for directory 'F:/My Media/UCF Documents/DIG 4725-2/HotelBete/Saved/Collections/' took 0.01s
[2016.04.15-15.47.30:641][  0]LogFileCache: Scanning file cache for directory 'F:/My Media/UCF Documents/DIG 4725-2/HotelBete/Content/Developers/aehrl/Collections/' took 0.01s
[2016.04.15-15.47.30:641][  0]LogFileCache: Scanning file cache for directory 'F:/My Media/UCF Documents/DIG 4725-2/HotelBete/Content/Collections/' took 0.01s
[2016.04.15-15.47.30:641][  0]LogCollectionManager: Rebuilt the GUID cache for 0 collections in 0.000001 seconds
[2016.04.15-15.47.30:646][  0]LogContentBrowser: Native class hierarchy populated in 0.0048 seconds. Added 1908 classes and 344 folders.
[2016.04.15-15.47.30:649][  0]LogContentBrowser: Native class hierarchy updated for 'WidgetCarousel' in 0.0002 seconds. Added 0 classes and 0 folders.
[2016.04.15-15.47.30:672][  0]LogContentBrowser: Native class hierarchy updated for 'AddContentDialog' in 0.0002 seconds. Added 0 classes and 0 folders.
[2016.04.15-15.47.30:676][  0]LogContentBrowser: Native class hierarchy updated for 'SceneOutliner' in 0.0002 seconds. Added 1 classes and 2 folders.
[2016.04.15-15.47.30:684][  0]LogCrashTracker: Crashtracker disabled due to settings.
[2016.04.15-15.47.30:686][  0]LogUObjectGlobals:Warning: Failed to find object 'Class None.'
[2016.04.15-15.47.30:708][  0]LogLoad: Full Startup: 11.22 seconds (BP compile: 0.49 seconds)
[2016.04.15-15.47.30:718][  0]LogOcInput: Can't find Oculus library dev build: is proper Runtime installed? Version: 0.8.0.0
[2016.04.15-15.47.30:756][  0]LogContentStreaming: Texture pool size now 1000 MB
[2016.04.15-15.47.30:863][  0]LogRenderer: Reallocating scene render targets to support 1208x608 (Frame:2).
[2016.04.15-15.47.31:133][  9]LogAssetRegistry: Asset discovery search completed in 9.0870 seconds
[2016.04.15-15.47.31:133][  9]LogCollectionManager: Rebuilt the object cache for 0 collections in 0.000001 seconds (found 0 objects)
[2016.04.15-15.47.31:133][  9]LogCollectionManager: Fixed up redirectors for 0 collections in 0.000017 seconds (updated 0 objects)
[2016.04.15-16.03.59:034][387]LogLinker:Warning: Asset '../../../Engine/Content/ArtTools/RenderToTexture/Macros/RenderToTextureMacros.uasset' has been saved with empty engine version. The asset will be loaded but may be incompatible.
[2016.04.15-16.03.59:287][387]LogContentBrowser: Native class hierarchy updated for 'BlueprintGraph' in 0.0005 seconds. Added 107 classes and 0 folders.
[2016.04.15-16.05.19:962][913]BlueprintLog: New page: Compile Puzzle0
[2016.04.15-16.05.20:156][913]BlueprintEditorCompileResults: Info [1080.67] Compile of Puzzle0 successful! [in 193 ms]
[2016.04.15-16.05.21:968][101]LogSavePackage: Save=182.182693ms
[2016.04.15-16.05.21:968][101]LogSavePackage: Moving '../../../../../../My Media/UCF Documents/DIG 4725-2/HotelBete/Saved/Puzzle00FA785FE46CD0FF251C418B56F5F8190.tmp' to '../../../../../../My Media/UCF Documents/DIG 4725-2/HotelBete/Content/Hotel/Blueprints/Widgets/Puzzles/Puzzle0.uasset'
[2016.04.15-16.05.21:970][101]LogSavePackage: Total save time: 188.019589ms
[2016.04.15-16.05.21:970][101]LogSavePackage:Display: Finished SavePackage ../../../../../../My Media/UCF Documents/DIG 4725-2/HotelBete/Content/Hotel/Blueprints/Widgets/Puzzles/Puzzle0.uasset
[2016.04.15-16.05.34:348][578]LogSlate:Warning: Prevented a slow task dialog from being summoned while a context menu was open
[2016.04.15-16.05.46:460][414]LogSavePackage: Save=4.319321ms
[2016.04.15-16.05.46:460][414]LogSavePackage: Moving '../../../../../../My Media/UCF Documents/DIG 4725-2/HotelBete/Saved/The_Constellation_of_HeraclesACA38E3347C5279143E75CB6E4A16940.tmp' to '../../../../../../My Media/UCF Documents/DIG 4725-2/HotelBete/Content/Hotel/Art/UI/Puzzles/P0/The_Constellation_of_Heracles.uasset'
[2016.04.15-16.05.46:461][414]LogSavePackage: Total save time: 5.316395ms
[2016.04.15-16.05.46:461][414]LogSavePackage:Display: Finished SavePackage ../../../../../../My Media/UCF Documents/DIG 4725-2/HotelBete/Content/Hotel/Art/UI/Puzzles/P0/The_Constellation_of_Heracles.uasset
[2016.04.15-16.05.46:507][414]LogSavePackage: Save=37.333733ms
[2016.04.15-16.05.46:507][414]LogSavePackage: Moving '../../../../../../My Media/UCF Documents/DIG 4725-2/HotelBete/Saved/Card_Background45C9E6DF4B85A6DEEDC8A48905B36427.tmp' to '../../../../../../My Media/UCF Documents/DIG 4725-2/HotelBete/Content/Hotel/Art/UI/Puzzles/P0/Card_Background.uasset'
[2016.04.15-16.05.46:508][414]LogSavePackage: Total save time: 38.390532ms
[2016.04.15-16.05.46:508][414]LogSavePackage:Display: Finished SavePackage ../../../../../../My Media/UCF Documents/DIG 4725-2/HotelBete/Content/Hotel/Art/UI/Puzzles/P0/Card_Background.uasset
[2016.04.15-16.05.46:527][414]LogSavePackage: Save=7.420218ms
[2016.04.15-16.05.46:527][414]LogSavePackage: Moving '../../../../../../My Media/UCF Documents/DIG 4725-2/HotelBete/Saved/Playing_Card_Back8BB3F39C42D60316F9F48D930AA38DE6.tmp' to '../../../../../../My Media/UCF Documents/DIG 4725-2/HotelBete/Content/Hotel/Art/UI/Puzzles/P0/Playing_Card_Back.uasset'
[2016.04.15-16.05.46:528][414]LogSavePackage: Total save time: 8.484300ms
[2016.04.15-16.05.46:528][414]LogSavePackage:Display: Finished SavePackage ../../../../../../My Media/UCF Documents/DIG 4725-2/HotelBete/Content/Hotel/Art/UI/Puzzles/P0/Playing_Card_Back.uasset
[2016.04.15-16.05.46:545][414]LogSavePackage: Save=7.690505ms
[2016.04.15-16.05.46:545][414]LogSavePackage: Moving '../../../../../../My Media/UCF Documents/DIG 4725-2/HotelBete/Saved/Card_Evil_10A736ADE844FA3E7E370B06A1DDD95C83.tmp' to '../../../../../../My Media/UCF Documents/DIG 4725-2/HotelBete/Content/Hotel/Art/UI/Puzzles/P0/Card_Evil_10.uasset'
[2016.04.15-16.05.46:546][414]LogSavePackage: Total save time: 8.713681ms
[2016.04.15-16.05.46:546][414]LogSavePackage:Display: Finished SavePackage ../../../../../../My Media/UCF Documents/DIG 4725-2/HotelBete/Content/Hotel/Art/UI/Puzzles/P0/Card_Evil_10.uasset
[2016.04.15-16.05.46:556][414]Cmd: OBJ SAVEPACKAGE PACKAGE="/Game/Hotel/Art/UI/Puzzles/P0/Card_Evil_2" FILE="../../../../../../My Media/UCF Documents/DIG 4725-2/HotelBete/Content/Hotel/Art/UI/Puzzles/P0/Card_Evil_2.uasset" SILENT=true
[2016.04.15-16.05.46:564][414]LogSavePackage: Save=7.814480ms
[2016.04.15-16.05.46:564][414]LogSavePackage: Moving '../../../../../../My Media/UCF Documents/DIG 4725-2/HotelBete/Saved/Card_Evil_2B8BA3ED5411D1A104D6B459D2E42BC80.tmp' to '../../../../../../My Media/UCF Documents/DIG 4725-2/HotelBete/Content/Hotel/Art/UI/Puzzles/P0/Card_Evil_2.uasset'
[2016.04.15-16.05.46:565][414]LogSavePackage: Total save time: 8.839160ms
[2016.04.15-16.05.46:565][414]LogSavePackage:Display: Finished SavePackage ../../../../../../My Media/UCF Documents/DIG 4725-2/HotelBete/Content/Hotel/Art/UI/Puzzles/P0/Card_Evil_2.uasset
[2016.04.15-16.05.46:574][414]Cmd: OBJ SAVEPACKAGE PACKAGE="/Game/Hotel/Art/UI/Puzzles/P0/Card_Evil_3" FILE="../../../../../../My Media/UCF Documents/DIG 4725-2/HotelBete/Content/Hotel/Art/UI/Puzzles/P0/Card_Evil_3.uasset" SILENT=true
[2016.04.15-16.05.46:582][414]LogSavePackage: Save=7.530139ms
[2016.04.15-16.05.46:582][414]LogSavePackage: Moving '../../../../../../My Media/UCF Documents/DIG 4725-2/HotelBete/Saved/Card_Evil_32342A645421BDDE0C52E5CAE0CA857A7.tmp' to '../../../../../../My Media/UCF Documents/DIG 4725-2/HotelBete/Content/Hotel/Art/UI/Puzzles/P0/Card_Evil_3.uasset'
[2016.04.15-16.05.46:583][414]LogSavePackage: Total save time: 8.579917ms
[2016.04.15-16.05.46:583][414]LogSavePackage:Display: Finished SavePackage ../../../../../../My Media/UCF Documents/DIG 4725-2/HotelBete/Content/Hotel/Art/UI/Puzzles/P0/Card_Evil_3.uasset
[2016.04.15-16.05.46:593][414]Cmd: OBJ SAVEPACKAGE PACKAGE="/Game/Hotel/Art/UI/Puzzles/P0/Card_Evil_4" FILE="../../../../../../My Media/UCF Documents/DIG 4725-2/HotelBete/Content/Hotel/Art/UI/Puzzles/P0/Card_Evil_4.uasset" SILENT=true
[2016.04.15-16.05.46:600][414]LogSavePackage: Save=7.357979ms
[2016.04.15-16.05.46:601][414]LogSavePackage: Moving '../../../../../../My Media/UCF Documents/DIG 4725-2/HotelBete/Saved/Card_Evil_41510FEB64D18DFA9BA59ECA3E3C342E4.tmp' to '../../../../../../My Media/UCF Documents/DIG 4725-2/HotelBete/Content/Hotel/Art/UI/Puzzles/P0/Card_Evil_4.uasset'
[2016.04.15-16.05.46:601][414]LogSavePackage: Total save time: 8.380901ms
[2016.04.15-16.05.46:601][414]LogSavePackage:Display: Finished SavePackage ../../../../../../My Media/UCF Documents/DIG 4725-2/HotelBete/Content/Hotel/Art/UI/Puzzles/P0/Card_Evil_4.uasset
[2016.04.15-16.05.46:610][414]Cmd: OBJ SAVEPACKAGE PACKAGE="/Game/Hotel/Art/UI/Puzzles/P0/Card_Evil_5" FILE="../../../../../../My Media/UCF Documents/DIG 4725-2/HotelBete/Content/Hotel/Art/UI/Puzzles/P0/Card_Evil_5.uasset" SILENT=true
[2016.04.15-16.05.46:618][414]LogSavePackage: Save=7.239274ms
[2016.04.15-16.05.46:618][414]LogSavePackage: Moving '../../../../../../My Media/UCF Documents/DIG 4725-2/HotelBete/Saved/Card_Evil_52293B06647323A5C8CD1E996DC39FAF8.tmp' to '../../../../../../My Media/UCF Documents/DIG 4725-2/HotelBete/Content/Hotel/Art/UI/Puzzles/P0/Card_Evil_5.uasset'
[2016.04.15-16.05.46:619][414]LogSavePackage: Total save time: 8.249901ms
[2016.04.15-16.05.46:619][414]LogSavePackage:Display: Finished SavePackage ../../../../../../My Media/UCF Documents/DIG 4725-2/HotelBete/Content/Hotel/Art/UI/Puzzles/P0/Card_Evil_5.uasset
[2016.04.15-16.05.46:628][414]Cmd: OBJ SAVEPACKAGE PACKAGE="/Game/Hotel/Art/UI/Puzzles/P0/Card_Evil_6" FILE="../../../../../../My Media/UCF Documents/DIG 4725-2/HotelBete/Content/Hotel/Art/UI/Puzzles/P0/Card_Evil_6.uasset" SILENT=true
[2016.04.15-16.05.46:636][414]LogSavePackage: Save=7.373288ms
[2016.04.15-16.05.46:636][414]LogSavePackage: Moving '../../../../../../My Media/UCF Documents/DIG 4725-2/HotelBete/Saved/Card_Evil_6E5F5E67842A98748250BE093F7C0AA36.tmp' to '../../../../../../My Media/UCF Documents/DIG 4725-2/HotelBete/Content/Hotel/Art/UI/Puzzles/P0/Card_Evil_6.uasset'
[2016.04.15-16.05.46:637][414]LogSavePackage: Total save time: 8.385669ms
[2016.04.15-16.05.46:637][414]LogSavePackage:Display: Finished SavePackage ../../../../../../My Media/UCF Documents/DIG 4725-2/HotelBete/Content/Hotel/Art/UI/Puzzles/P0/Card_Evil_6.uasset
[2016.04.15-16.05.46:646][414]Cmd: OBJ SAVEPACKAGE PACKAGE="/Game/Hotel/Art/UI/Puzzles/P0/Card_Evil_7" FILE="../../../../../../My Media/UCF Documents/DIG 4725-2/HotelBete/Content/Hotel/Art/UI/Puzzles/P0/Card_Evil_7.uasset" SILENT=true
[2016.04.15-16.05.46:654][414]LogSavePackage: Save=7.436530ms
[2016.04.15-16.05.46:654][414]LogSavePackage: Moving '../../../../../../My Media/UCF Documents/DIG 4725-2/HotelBete/Saved/Card_Evil_7CE4C15114487D71FC8CB17B16099252B.tmp' to '../../../../../../My Media/UCF Documents/DIG 4725-2/HotelBete/Content/Hotel/Art/UI/Puzzles/P0/Card_Evil_7.uasset'
[2016.04.15-16.05.46:655][414]LogSavePackage: Total save time: 8.449666ms
[2016.04.15-16.05.46:655][414]LogSavePackage:Display: Finished SavePackage ../../../../../../My Media/UCF Documents/DIG 4725-2/HotelBete/Content/Hotel/Art/UI/Puzzles/P0/Card_Evil_7.uasset
[2016.04.15-16.05.46:664][414]Cmd: OBJ SAVEPACKAGE PACKAGE="/Game/Hotel/Art/UI/Puzzles/P0/Card_Evil_8" FILE="../../../../../../My Media/UCF Documents/DIG 4725-2/HotelBete/Content/Hotel/Art/UI/Puzzles/P0/Card_Evil_8.uasset" SILENT=true
[2016.04.15-16.05.46:672][414]LogSavePackage: Save=7.297246ms
[2016.04.15-16.05.46:672][414]LogSavePackage: Moving '../../../../../../My Media/UCF Documents/DIG 4725-2/HotelBete/Saved/Card_Evil_818FC55C648B84091868917803CA2FC62.tmp' to '../../../../../../My Media/UCF Documents/DIG 4725-2/HotelBete/Content/Hotel/Art/UI/Puzzles/P0/Card_Evil_8.uasset'
[2016.04.15-16.05.46:673][414]LogSavePackage: Total save time: 8.282024ms
[2016.04.15-16.05.46:673][414]LogSavePackage:Display: Finished SavePackage ../../../../../../My Media/UCF Documents/DIG 4725-2/HotelBete/Content/Hotel/Art/UI/Puzzles/P0/Card_Evil_8.uasset
[2016.04.15-16.05.46:682][414]Cmd: OBJ SAVEPACKAGE PACKAGE="/Game/Hotel/Art/UI/Puzzles/P0/Card_Evil_9" FILE="../../../../../../My Media/UCF Documents/DIG 4725-2/HotelBete/Content/Hotel/Art/UI/Puzzles/P0/Card_Evil_9.uasset" SILENT=true
[2016.04.15-16.05.46:690][414]LogSavePackage: Save=7.340160ms
[2016.04.15-16.05.46:690][414]LogSavePackage: Moving '../../../../../../My Media/UCF Documents/DIG 4725-2/HotelBete/Saved/Card_Evil_90D40DEAA4F3C1D494965CBA958572FBB.tmp' to '../../../../../../My Media/UCF Documents/DIG 4725-2/HotelBete/Content/Hotel/Art/UI/Puzzles/P0/Card_Evil_9.uasset'
[2016.04.15-16.05.46:691][414]LogSavePackage: Total save time: 8.385673ms
[2016.04.15-16.05.46:691][414]LogSavePackage:Display: Finished SavePackage ../../../../../../My Media/UCF Documents/DIG 4725-2/HotelBete/Content/Hotel/Art/UI/Puzzles/P0/Card_Evil_9.uasset
[2016.04.15-16.05.46:700][414]Cmd: OBJ SAVEPACKAGE PACKAGE="/Game/Hotel/Art/UI/Puzzles/P0/Card_Evil_A" FILE="../../../../../../My Media/UCF Documents/DIG 4725-2/HotelBete/Content/Hotel/Art/UI/Puzzles/P0/Card_Evil_A.uasset" SILENT=true
[2016.04.15-16.05.46:708][414]LogSavePackage: Save=7.540429ms
[2016.04.15-16.05.46:708][414]LogSavePackage: Moving '../../../../../../My Media/UCF Documents/DIG 4725-2/HotelBete/Saved/Card_Evil_A892B0CDD456EE07D2706CCA7820464C4.tmp' to '../../../../../../My Media/UCF Documents/DIG 4725-2/HotelBete/Content/Hotel/Art/UI/Puzzles/P0/Card_Evil_A.uasset'
[2016.04.15-16.05.46:709][414]LogSavePackage: Total save time: 8.576404ms
[2016.04.15-16.05.46:709][414]LogSavePackage:Display: Finished SavePackage ../../../../../../My Media/UCF Documents/DIG 4725-2/HotelBete/Content/Hotel/Art/UI/Puzzles/P0/Card_Evil_A.uasset
[2016.04.15-16.05.46:718][414]Cmd: OBJ SAVEPACKAGE PACKAGE="/Game/Hotel/Art/UI/Puzzles/P0/Card_Evil_J" FILE="../../../../../../My Media/UCF Documents/DIG 4725-2/HotelBete/Content/Hotel/Art/UI/Puzzles/P0/Card_Evil_J.uasset" SILENT=true
[2016.04.15-16.05.46:726][414]LogSavePackage: Save=7.335894ms
[2016.04.15-16.05.46:726][414]LogSavePackage: Moving '../../../../../../My Media/UCF Documents/DIG 4725-2/HotelBete/Saved/Card_Evil_J30BE3CB547F63439D9737CA6D5E82B03.tmp' to '../../../../../../My Media/UCF Documents/DIG 4725-2/HotelBete/Content/Hotel/Art/UI/Puzzles/P0/Card_Evil_J.uasset'
[2016.04.15-16.05.46:727][414]LogSavePackage: Total save time: 8.340750ms
[2016.04.15-16.05.46:727][414]LogSavePackage:Display: Finished SavePackage ../../../../../../My Media/UCF Documents/DIG 4725-2/HotelBete/Content/Hotel/Art/UI/Puzzles/P0/Card_Evil_J.uasset
[2016.04.15-16.05.46:736][414]Cmd: OBJ SAVEPACKAGE PACKAGE="/Game/Hotel/Art/UI/Puzzles/P0/Card_Evil_k" FILE="../../../../../../My Media/UCF Documents/DIG 4725-2/HotelBete/Content/Hotel/Art/UI/Puzzles/P0/Card_Evil_k.uasset" SILENT=true
[2016.04.15-16.05.46:745][414]LogSavePackage: Save=7.830793ms
[2016.04.15-16.05.46:745][414]LogSavePackage: Moving '../../../../../../My Media/UCF Documents/DIG 4725-2/HotelBete/Saved/Card_Evil_kA494611149401C5C47585BA19C820956.tmp' to '../../../../../../My Media/UCF Documents/DIG 4725-2/HotelBete/Content/Hotel/Art/UI/Puzzles/P0/Card_Evil_k.uasset'
[2016.04.15-16.05.46:746][414]LogSavePackage: Total save time: 8.853465ms
[2016.04.15-16.05.46:746][414]LogSavePackage:Display: Finished SavePackage ../../../../../../My Media/UCF Documents/DIG 4725-2/HotelBete/Content/Hotel/Art/UI/Puzzles/P0/Card_Evil_k.uasset
[2016.04.15-16.05.46:755][414]Cmd: OBJ SAVEPACKAGE PACKAGE="/Game/Hotel/Art/UI/Puzzles/P0/Card_Evil_Q" FILE="../../../../../../My Media/UCF Documents/DIG 4725-2/HotelBete/Content/Hotel/Art/UI/Puzzles/P0/Card_Evil_Q.uasset" SILENT=true
[2016.04.15-16.05.46:763][414]LogSavePackage: Save=7.603922ms
[2016.04.15-16.05.46:763][414]LogSavePackage: Moving '../../../../../../My Media/UCF Documents/DIG 4725-2/HotelBete/Saved/Card_Evil_Q14FEE5E54104EED3E4226EBCD424C3A3.tmp' to '../../../../../../My Media/UCF Documents/DIG 4725-2/HotelBete/Content/Hotel/Art/UI/Puzzles/P0/Card_Evil_Q.uasset'
[2016.04.15-16.05.46:764][414]LogSavePackage: Total save time: 8.602001ms
[2016.04.15-16.05.46:764][414]LogSavePackage:Display: Finished SavePackage ../../../../../../My Media/UCF Documents/DIG 4725-2/HotelBete/Content/Hotel/Art/UI/Puzzles/P0/Card_Evil_Q.uasset
[2016.04.15-16.05.46:781][414]LogSavePackage: Save=7.270895ms
[2016.04.15-16.05.46:781][414]LogSavePackage: Moving '../../../../../../My Media/UCF Documents/DIG 4725-2/HotelBete/Saved/Card_Halo_10528DF3AB4D1798CFD4310ABA840A072B.tmp' to '../../../../../../My Media/UCF Documents/DIG 4725-2/HotelBete/Content/Hotel/Art/UI/Puzzles/P0/Card_Halo_10.uasset'
[2016.04.15-16.05.46:782][414]LogSavePackage: Total save time: 8.314401ms
[2016.04.15-16.05.46:782][414]LogSavePackage:Display: Finished SavePackage ../../../../../../My Media/UCF Documents/DIG 4725-2/HotelBete/Content/Hotel/Art/UI/Puzzles/P0/Card_Halo_10.uasset
[2016.04.15-16.05.46:791][414]Cmd: OBJ SAVEPACKAGE PACKAGE="/Game/Hotel/Art/UI/Puzzles/P0/Card_Halo_2" FILE="../../../../../../My Media/UCF Documents/DIG 4725-2/HotelBete/Content/Hotel/Art/UI/Puzzles/P0/Card_Halo_2.uasset" SILENT=true
[2016.04.15-16.05.46:799][414]LogSavePackage: Save=7.151186ms
[2016.04.15-16.05.46:799][414]LogSavePackage: Moving '../../../../../../My Media/UCF Documents/DIG 4725-2/HotelBete/Saved/Card_Halo_250A01ECE416BB9103A659A8BACC32067.tmp' to '../../../../../../My Media/UCF Documents/DIG 4725-2/HotelBete/Content/Hotel/Art/UI/Puzzles/P0/Card_Halo_2.uasset'
[2016.04.15-16.05.46:800][414]LogSavePackage: Total save time: 8.215770ms
[2016.04.15-16.05.46:800][414]LogSavePackage:Display: Finished SavePackage ../../../../../../My Media/UCF Documents/DIG 4725-2/HotelBete/Content/Hotel/Art/UI/Puzzles/P0/Card_Halo_2.uasset
[2016.04.15-16.05.46:809][414]Cmd: OBJ SAVEPACKAGE PACKAGE="/Game/Hotel/Art/UI/Puzzles/P0/Card_Halo_3" FILE="../../../../../../My Media/UCF Documents/DIG 4725-2/HotelBete/Content/Hotel/Art/UI/Puzzles/P0/Card_Halo_3.uasset" SILENT=true
[2016.04.15-16.05.46:817][414]LogSavePackage: Save=7.375797ms
[2016.04.15-16.05.46:817][414]LogSavePackage: Moving '../../../../../../My Media/UCF Documents/DIG 4725-2/HotelBete/Saved/Card_Halo_3673835FF428008A2A1C993892D47459F.tmp' to '../../../../../../My Media/UCF Documents/DIG 4725-2/HotelBete/Content/Hotel/Art/UI/Puzzles/P0/Card_Halo_3.uasset'
[2016.04.15-16.05.46:818][414]LogSavePackage: Total save time: 8.398220ms
[2016.04.15-16.05.46:818][414]LogSavePackage:Display: Finished SavePackage ../../../../../../My Media/UCF Documents/DIG 4725-2/HotelBete/Content/Hotel/Art/UI/Puzzles/P0/Card_Halo_3.uasset
[2016.04.15-16.05.46:826][414]Cmd: OBJ SAVEPACKAGE PACKAGE="/Game/Hotel/Art/UI/Puzzles/P0/Card_Halo_4" FILE="../../../../../../My Media/UCF Documents/DIG 4725-2/HotelBete/Content/Hotel/Art/UI/Puzzles/P0/Card_Halo_4.uasset" SILENT=true
[2016.04.15-16.05.46:834][414]LogSavePackage: Save=7.291474ms
[2016.04.15-16.05.46:834][414]LogSavePackage: Moving '../../../../../../My Media/UCF Documents/DIG 4725-2/HotelBete/Saved/Card_Halo_47EBBD6F348233440EEA48686C62D5271.tmp' to '../../../../../../My Media/UCF Documents/DIG 4725-2/HotelBete/Content/Hotel/Art/UI/Puzzles/P0/Card_Halo_4.uasset'
[2016.04.15-16.05.46:835][414]LogSavePackage: Total save time: 8.343760ms
[2016.04.15-16.05.46:835][414]LogSavePackage:Display: Finished SavePackage ../../../../../../My Media/UCF Documents/DIG 4725-2/HotelBete/Content/Hotel/Art/UI/Puzzles/P0/Card_Halo_4.uasset
[2016.04.15-16.05.46:844][414]Cmd: OBJ SAVEPACKAGE PACKAGE="/Game/Hotel/Art/UI/Puzzles/P0/Card_Halo_5" FILE="../../../../../../My Media/UCF Documents/DIG 4725-2/HotelBete/Content/Hotel/Art/UI/Puzzles/P0/Card_Halo_5.uasset" SILENT=true
[2016.04.15-16.05.46:852][414]LogSavePackage: Save=7.135124ms
[2016.04.15-16.05.46:852][414]LogSavePackage: Moving '../../../../../../My Media/UCF Documents/DIG 4725-2/HotelBete/Saved/Card_Halo_5C46835584BB1BAEAFDD5CCB029E7188B.tmp' to '../../../../../../My Media/UCF Documents/DIG 4725-2/HotelBete/Content/Hotel/Art/UI/Puzzles/P0/Card_Halo_5.uasset'
[2016.04.15-16.05.46:853][414]LogSavePackage: Total save time: 8.138221ms
[2016.04.15-16.05.46:853][414]LogSavePackage:Display: Finished SavePackage ../../../../../../My Media/UCF Documents/DIG 4725-2/HotelBete/Content/Hotel/Art/UI/Puzzles/P0/Card_Halo_5.uasset
[2016.04.15-16.05.46:862][414]Cmd: OBJ SAVEPACKAGE PACKAGE="/Game/Hotel/Art/UI/Puzzles/P0/Card_Halo_6" FILE="../../../../../../My Media/UCF Documents/DIG 4725-2/HotelBete/Content/Hotel/Art/UI/Puzzles/P0/Card_Halo_6.uasset" SILENT=true
[2016.04.15-16.05.46:869][414]LogSavePackage: Save=7.051804ms
[2016.04.15-16.05.46:869][414]LogSavePackage: Moving '../../../../../../My Media/UCF Documents/DIG 4725-2/HotelBete/Saved/Card_Halo_62CDE8F1A4A11123AD05EDA8AB117F628.tmp' to '../../../../../../My Media/UCF Documents/DIG 4725-2/HotelBete/Content/Hotel/Art/UI/Puzzles/P0/Card_Halo_6.uasset'
[2016.04.15-16.05.46:870][414]LogSavePackage: Total save time: 8.034825ms
[2016.04.15-16.05.46:870][414]LogSavePackage:Display: Finished SavePackage ../../../../../../My Media/UCF Documents/DIG 4725-2/HotelBete/Content/Hotel/Art/UI/Puzzles/P0/Card_Halo_6.uasset
[2016.04.15-16.05.46:879][414]Cmd: OBJ SAVEPACKAGE PACKAGE="/Game/Hotel/Art/UI/Puzzles/P0/Card_Halo_7" FILE="../../../../../../My Media/UCF Documents/DIG 4725-2/HotelBete/Content/Hotel/Art/UI/Puzzles/P0/Card_Halo_7.uasset" SILENT=true
[2016.04.15-16.05.46:887][414]LogSavePackage: Save=7.012654ms
[2016.04.15-16.05.46:887][414]LogSavePackage: Moving '../../../../../../My Media/UCF Documents/DIG 4725-2/HotelBete/Saved/Card_Halo_7D19E68134CA3629E331B29B91280E185.tmp' to '../../../../../../My Media/UCF Documents/DIG 4725-2/HotelBete/Content/Hotel/Art/UI/Puzzles/P0/Card_Halo_7.uasset'
[2016.04.15-16.05.46:888][414]LogSavePackage: Total save time: 7.994421ms
[2016.04.15-16.05.46:888][414]LogSavePackage:Display: Finished SavePackage ../../../../../../My Media/UCF Documents/DIG 4725-2/HotelBete/Content/Hotel/Art/UI/Puzzles/P0/Card_Halo_7.uasset
[2016.04.15-16.05.46:897][414]Cmd: OBJ SAVEPACKAGE PACKAGE="/Game/Hotel/Art/UI/Puzzles/P0/Card_Halo_8" FILE="../../../../../../My Media/UCF Documents/DIG 4725-2/HotelBete/Content/Hotel/Art/UI/Puzzles/P0/Card_Halo_8.uasset" SILENT=true
[2016.04.15-16.05.46:904][414]LogSavePackage: Save=7.185065ms
[2016.04.15-16.05.46:904][414]LogSavePackage: Moving '../../../../../../My Media/UCF Documents/DIG 4725-2/HotelBete/Saved/Card_Halo_83784AEB4401D766CB4655E908B08647E.tmp' to '../../../../../../My Media/UCF Documents/DIG 4725-2/HotelBete/Content/Hotel/Art/UI/Puzzles/P0/Card_Halo_8.uasset'
[2016.04.15-16.05.46:905][414]LogSavePackage: Total save time: 8.157298ms
[2016.04.15-16.05.46:906][414]LogSavePackage:Display: Finished SavePackage ../../../../../../My Media/UCF Documents/DIG 4725-2/HotelBete/Content/Hotel/Art/UI/Puzzles/P0/Card_Halo_8.uasset
[2016.04.15-16.05.46:914][414]Cmd: OBJ SAVEPACKAGE PACKAGE="/Game/Hotel/Art/UI/Puzzles/P0/Card_Halo_9" FILE="../../../../../../My Media/UCF Documents/DIG 4725-2/HotelBete/Content/Hotel/Art/UI/Puzzles/P0/Card_Halo_9.uasset" SILENT=true
[2016.04.15-16.05.46:922][414]LogSavePackage: Save=7.180046ms
[2016.04.15-16.05.46:922][414]LogSavePackage: Moving '../../../../../../My Media/UCF Documents/DIG 4725-2/HotelBete/Saved/Card_Halo_9D0BBCB0A4FA8E4F937242E80ECA0DB2F.tmp' to '../../../../../../My Media/UCF Documents/DIG 4725-2/HotelBete/Content/Hotel/Art/UI/Puzzles/P0/Card_Halo_9.uasset'
[2016.04.15-16.05.46:923][414]LogSavePackage: Total save time: 8.275747ms
[2016.04.15-16.05.46:923][414]LogSavePackage:Display: Finished SavePackage ../../../../../../My Media/UCF Documents/DIG 4725-2/HotelBete/Content/Hotel/Art/UI/Puzzles/P0/Card_Halo_9.uasset
[2016.04.15-16.05.46:932][414]Cmd: OBJ SAVEPACKAGE PACKAGE="/Game/Hotel/Art/UI/Puzzles/P0/Card_Halo_A" FILE="../../../../../../My Media/UCF Documents/DIG 4725-2/HotelBete/Content/Hotel/Art/UI/Puzzles/P0/Card_Halo_A.uasset" SILENT=true
[2016.04.15-16.05.46:940][414]LogSavePackage: Save=7.526626ms
[2016.04.15-16.05.46:940][414]LogSavePackage: Moving '../../../../../../My Media/UCF Documents/DIG 4725-2/HotelBete/Saved/Card_Halo_AD7957919495BE36FE2C3C98CC99CE856.tmp' to '../../../../../../My Media/UCF Documents/DIG 4725-2/HotelBete/Content/Hotel/Art/UI/Puzzles/P0/Card_Halo_A.uasset'
[2016.04.15-16.05.46:941][414]LogSavePackage: Total save time: 8.558333ms
[2016.04.15-16.05.46:941][414]LogSavePackage:Display: Finished SavePackage ../../../../../../My Media/UCF Documents/DIG 4725-2/HotelBete/Content/Hotel/Art/UI/Puzzles/P0/Card_Halo_A.uasset
[2016.04.15-16.05.46:950][414]Cmd: OBJ SAVEPACKAGE PACKAGE="/Game/Hotel/Art/UI/Puzzles/P0/Card_Halo_J" FILE="../../../../../../My Media/UCF Documents/DIG 4725-2/HotelBete/Content/Hotel/Art/UI/Puzzles/P0/Card_Halo_J.uasset" SILENT=true
[2016.04.15-16.05.46:958][414]LogSavePackage: Save=7.119815ms
[2016.04.15-16.05.46:958][414]LogSavePackage: Moving '../../../../../../My Media/UCF Documents/DIG 4725-2/HotelBete/Saved/Card_Halo_J80A3FCCF4993B141657870B6C6EA7E50.tmp' to '../../../../../../My Media/UCF Documents/DIG 4725-2/HotelBete/Content/Hotel/Art/UI/Puzzles/P0/Card_Halo_J.uasset'
[2016.04.15-16.05.46:959][414]LogSavePackage: Total save time: 8.213513ms
[2016.04.15-16.05.46:959][414]LogSavePackage:Display: Finished SavePackage ../../../../../../My Media/UCF Documents/DIG 4725-2/HotelBete/Content/Hotel/Art/UI/Puzzles/P0/Card_Halo_J.uasset
[2016.04.15-16.05.46:968][414]Cmd: OBJ SAVEPACKAGE PACKAGE="/Game/Hotel/Art/UI/Puzzles/P0/Card_Halo_K" FILE="../../../../../../My Media/UCF Documents/DIG 4725-2/HotelBete/Content/Hotel/Art/UI/Puzzles/P0/Card_Halo_K.uasset" SILENT=true
[2016.04.15-16.05.46:976][414]LogSavePackage: Save=7.378809ms
[2016.04.15-16.05.46:976][414]LogSavePackage: Moving '../../../../../../My Media/UCF Documents/DIG 4725-2/HotelBete/Saved/Card_Halo_K440AAB064227B7B8A3C722861A4A6178.tmp' to '../../../../../../My Media/UCF Documents/DIG 4725-2/HotelBete/Content/Hotel/Art/UI/Puzzles/P0/Card_Halo_K.uasset'
[2016.04.15-16.05.46:977][414]LogSavePackage: Total save time: 8.378893ms
[2016.04.15-16.05.46:977][414]LogSavePackage:Display: Finished SavePackage ../../../../../../My Media/UCF Documents/DIG 4725-2/HotelBete/Content/Hotel/Art/UI/Puzzles/P0/Card_Halo_K.uasset
[2016.04.15-16.05.46:986][414]Cmd: OBJ SAVEPACKAGE PACKAGE="/Game/Hotel/Art/UI/Puzzles/P0/Card_Halo_Q" FILE="../../../../../../My Media/UCF Documents/DIG 4725-2/HotelBete/Content/Hotel/Art/UI/Puzzles/P0/Card_Halo_Q.uasset" SILENT=true
[2016.04.15-16.05.46:994][414]LogSavePackage: Save=7.078406ms
[2016.04.15-16.05.46:994][414]LogSavePackage: Moving '../../../../../../My Media/UCF Documents/DIG 4725-2/HotelBete/Saved/Card_Halo_QBEA18D7F4A085513F9A6979B893783AF.tmp' to '../../../../../../My Media/UCF Documents/DIG 4725-2/HotelBete/Content/Hotel/Art/UI/Puzzles/P0/Card_Halo_Q.uasset'
[2016.04.15-16.05.46:995][414]LogSavePackage: Total save time: 8.069709ms
[2016.04.15-16.05.46:995][414]LogSavePackage:Display: Finished SavePackage ../../../../../../My Media/UCF Documents/DIG 4725-2/HotelBete/Content/Hotel/Art/UI/Puzzles/P0/Card_Halo_Q.uasset
[2016.04.15-16.05.47:013][414]LogSavePackage: Save=7.984633ms
[2016.04.15-16.05.47:013][414]LogSavePackage: Moving '../../../../../../My Media/UCF Documents/DIG 4725-2/HotelBete/Saved/Playing_Card_BANISHEDC0657BED4053937A760747A737B21995.tmp' to '../../../../../../My Media/UCF Documents/DIG 4725-2/HotelBete/Content/Hotel/Art/UI/Puzzles/P0/Playing_Card_BANISHED.uasset'
[2016.04.15-16.05.47:014][414]LogSavePackage: Total save time: 9.015087ms
[2016.04.15-16.05.47:014][414]LogSavePackage:Display: Finished SavePackage ../../../../../../My Media/UCF Documents/DIG 4725-2/HotelBete/Content/Hotel/Art/UI/Puzzles/P0/Playing_Card_BANISHED.uasset
[2016.04.15-16.05.49:085][414]LogSavePackage: Save=186.369003ms
[2016.04.15-16.05.49:085][414]LogSavePackage: Moving '../../../../../../My Media/UCF Documents/DIG 4725-2/HotelBete/Saved/Puzzle0913695B34A6F59E9821B4AB163742BBE.tmp' to '../../../../../../My Media/UCF Documents/DIG 4725-2/HotelBete/Content/Hotel/Blueprints/Widgets/Puzzles/Puzzle0.uasset'
[2016.04.15-16.05.49:086][414]LogSavePackage: Total save time: 188.936356ms
[2016.04.15-16.05.49:086][414]LogSavePackage:Display: Finished SavePackage ../../../../../../My Media/UCF Documents/DIG 4725-2/HotelBete/Content/Hotel/Blueprints/Widgets/Puzzles/Puzzle0.uasset
[2016.04.15-16.05.49:282][414]LogSavePackage: Save=189.043518ms
[2016.04.15-16.05.49:283][414]LogSavePackage: Moving '../../../../../../My Media/UCF Documents/DIG 4725-2/HotelBete/Saved/Puzzle0A3D8A2C64E1A6403EE427CA76801269A.tmp' to '../../../../../../My Media/UCF Documents/DIG 4725-2/HotelBete/Content/Hotel/Blueprints/Widgets/Puzzles/Puzzle0.uasset'
[2016.04.15-16.05.49:283][414]LogSavePackage: Total save time: 191.589281ms
[2016.04.15-16.05.49:283][414]LogSavePackage:Display: Finished SavePackage ../../../../../../My Media/UCF Documents/DIG 4725-2/HotelBete/Content/Hotel/Blueprints/Widgets/Puzzles/Puzzle0.uasset
[2016.04.15-16.05.49:476][414]LogSavePackage: Save=186.343903ms
[2016.04.15-16.05.49:476][414]LogSavePackage: Moving '../../../../../../My Media/UCF Documents/DIG 4725-2/HotelBete/Saved/Puzzle040E85DC347D766AFC35A4D862C223684.tmp' to '../../../../../../My Media/UCF Documents/DIG 4725-2/HotelBete/Content/Hotel/Blueprints/Widgets/Puzzles/Puzzle0.uasset'
[2016.04.15-16.05.49:477][414]LogSavePackage: Total save time: 188.881647ms
[2016.04.15-16.05.49:477][414]LogSavePackage:Display: Finished SavePackage ../../../../../../My Media/UCF Documents/DIG 4725-2/HotelBete/Content/Hotel/Blueprints/Widgets/Puzzles/Puzzle0.uasset
[2016.04.15-16.09.31:392][637]LogEditorTransaction: Undo Edit Left
[2016.04.15-16.10.30:404][722]LogEditorTransaction: Undo Move Widget
[2016.04.15-16.10.33:772][103]LogEditorTransaction: Undo Edit Properties
[2016.04.15-16.11.06:657][983]LogSavePackage: Save=188.980270ms
[2016.04.15-16.11.06:657][983]LogSavePackage: Moving '../../../../../../My Media/UCF Documents/DIG 4725-2/HotelBete/Saved/Puzzle0C43B362144BE20F39C656895218F47C2.tmp' to '../../../../../../My Media/UCF Documents/DIG 4725-2/HotelBete/Content/Hotel/Blueprints/Widgets/Puzzles/Puzzle0.uasset'
[2016.04.15-16.11.06:659][983]LogSavePackage: Total save time: 194.676626ms
[2016.04.15-16.11.06:659][983]LogSavePackage:Display: Finished SavePackage ../../../../../../My Media/UCF Documents/DIG 4725-2/HotelBete/Content/Hotel/Blueprints/Widgets/Puzzles/Puzzle0.uasset
[2016.04.15-16.11.07:147][ 42]BlueprintLog: New page: Compile Puzzle0
[2016.04.15-16.11.07:261][ 42]BlueprintEditorCompileResults: Info [1427.77] Compile of Puzzle0 successful! [in 113 ms]
[2016.04.15-16.11.51:341][289]LogSavePackage: Save=191.831711ms
[2016.04.15-16.11.51:341][289]LogSavePackage: Moving '../../../../../../My Media/UCF Documents/DIG 4725-2/HotelBete/Saved/Puzzle0ABA2DFEB409A45F8E680D69B1AA0FF08.tmp' to '../../../../../../My Media/UCF Documents/DIG 4725-2/HotelBete/Content/Hotel/Blueprints/Widgets/Puzzles/Puzzle0.uasset'
[2016.04.15-16.11.51:343][289]LogSavePackage: Total save time: 195.297260ms
[2016.04.15-16.11.51:343][289]LogSavePackage:Display: Finished SavePackage ../../../../../../My Media/UCF Documents/DIG 4725-2/HotelBete/Content/Hotel/Blueprints/Widgets/Puzzles/Puzzle0.uasset
[2016.04.15-16.11.52:639][445]BlueprintLog: New page: Compile Puzzle0
[2016.04.15-16.11.52:752][445]BlueprintEditorCompileResults: Info [1473.26] Compile of Puzzle0 successful! [in 113 ms]
[2016.04.15-16.11.54:020][594]LogBlueprintUserMessages: Early PlayInEditor Detection: Level '/Game/Hotel/Levels/Menu.Menu:PersistentLevel' has LevelScriptBlueprint '/Game/Hotel/Levels/Menu.Menu:PersistentLevel.Menu' with GeneratedClass '/Game/Hotel/Levels/Menu.Menu_C' with ClassGeneratedBy '/Game/Hotel/Levels/Menu.Menu:PersistentLevel.Menu'
[2016.04.15-16.11.54:020][594]LogPlayLevel: PlayLevel: No blueprints needed recompiling
[2016.04.15-16.11.54:020][594]PIE: New page: PIE session: Menu (Apr 15, 2016, 8:11:54 AM)
[2016.04.15-16.11.54:021][594]LogPlayLevel: Creating play world package: /Game/Hotel/Levels/UEDPIE_0_Menu
[2016.04.15-16.11.54:023][594]LogPlayLevel: PIE: StaticDuplicateObject took: (0.001710s)
[2016.04.15-16.11.54:023][594]LogAIModule: Creating AISystem for world Menu
[2016.04.15-16.11.54:023][594]LogPlayLevel: PIE: World Init took: (0.000459s)
[2016.04.15-16.11.54:023][594]LogPlayLevel: PIE: Created PIE world by copying editor world from /Game/Hotel/Levels/Menu.Menu to /Game/Hotel/Levels/UEDPIE_0_Menu.Menu (0.002299s)
[2016.04.15-16.11.54:048][594]LogInit: XAudio2 using 'Speakers (2- High Definition Audio Device)' : 2 channels at 44.1 kHz using 16 bits per sample (channel mask 0x3)
[2016.04.15-16.11.54:054][594]LogInit: FAudioDevice initialized.
[2016.04.15-16.11.54:185][594]LogWorld: Game class is 'FirstPersonGameMode_C'
[2016.04.15-16.11.54:186][594]LogWorld: Bringing World /Game/Hotel/Levels/UEDPIE_0_Menu.Menu up for play (max tick rate 0) at 2016.04.15-12.11.54
[2016.04.15-16.11.54:186][594]LogActor:Warning: GameSession /Game/Hotel/Levels/UEDPIE_0_Menu.Menu:PersistentLevel.GameSession_0 has natively added scene component(s), but none of them were set as the actor's RootComponent - picking one arbitrarily
[2016.04.15-16.11.54:186][594]LogActor:Warning: GameNetworkManager /Game/Hotel/Levels/UEDPIE_0_Menu.Menu:PersistentLevel.GameNetworkManager_0 has natively added scene component(s), but none of them were set as the actor's RootComponent - picking one arbitrarily
[2016.04.15-16.11.54:187][594]LogWorld: Bringing up level for play took: 0.000786
[2016.04.15-16.11.54:187][594]LogGameMode: Warning - PATHS NOT DEFINED or NO PLAYERSTART with positive rating
[2016.04.15-16.11.54:195][594]PIE: Info Play in editor start time for /Game/Hotel/Levels/UEDPIE_0_Menu 0.75
[2016.04.15-16.11.54:195][594]LogBlueprintUserMessages: Late PlayInEditor Detection: Level '/Game/Hotel/Levels/Menu.Menu:PersistentLevel' has LevelScriptBlueprint '/Game/Hotel/Levels/Menu.Menu:PersistentLevel.Menu' with GeneratedClass '/Game/Hotel/Levels/Menu.Menu_C' with ClassGeneratedBy '/Game/Hotel/Levels/Menu.Menu:PersistentLevel.Menu'
[2016.04.15-16.11.54:201][595]LogRenderer: Reallocating scene render targets to support 1280x720 (Frame:1070).
[2016.04.15-16.11.55:451][744]LogBlueprintUserMessages: Early EndPlayMap Detection: Level '/Game/Hotel/Levels/Menu.Menu:PersistentLevel' has LevelScriptBlueprint '/Game/Hotel/Levels/Menu.Menu:PersistentLevel.Menu' with GeneratedClass '/Game/Hotel/Levels/Menu.Menu_C' with ClassGeneratedBy '/Game/Hotel/Levels/Menu.Menu:PersistentLevel.Menu'
[2016.04.15-16.11.55:492][744]LogBlueprintUserMessages: Late EndPlayMap Detection: Level '/Game/Hotel/Levels/Menu.Menu:PersistentLevel' has LevelScriptBlueprint '/Game/Hotel/Levels/Menu.Menu:PersistentLevel.Menu' with GeneratedClass '/Game/Hotel/Levels/Menu.Menu_C' with ClassGeneratedBy '/Game/Hotel/Levels/Menu.Menu:PersistentLevel.Menu'
[2016.04.15-16.11.55:511][744]LogParticles: Destroying 0 GPU particle simulations for FXSystem 0x000001BAA6469260
[2016.04.15-16.12.03:609][231]LogAIModule: Creating AISystem for world World
[2016.04.15-16.12.03:612][231]LogParticles:Warning: InitializeSystem called on an unregistered component. Template=/Game/StarterContent/Particles/Breath.Breath Component=/Game/Hotel/Levels/World.World:PersistentLevel.Breath.ParticleSystemComponent0
[2016.04.15-16.12.03:612][231]LogParticles:Warning: InitializeSystem called on an unregistered component. Template=/Game/StarterContent/Particles/ItemMarker.ItemMarker Component=/Game/Hotel/Levels/World.World:PersistentLevel.ItemMarker.ParticleSystemComponent0
[2016.04.15-16.12.03:612][231]LogParticles:Warning: InitializeSystem called on an unregistered component. Template=/Game/StarterContent/Particles/Dust.Dust Component=/Game/Hotel/Levels/World.World:PersistentLevel.Dust_2.ParticleSystemComponent0
[2016.04.15-16.12.03:613][231]LogParticles:Warning: InitializeSystem called on an unregistered component. Template=/Game/StarterContent/Particles/Dust.Dust Component=/Game/Hotel/Levels/World.World:PersistentLevel.Dust2.ParticleSystemComponent0
[2016.04.15-16.12.03:613][231]LogParticles:Warning: InitializeSystem called on an unregistered component. Template=/Game/StarterContent/Particles/Dust.Dust Component=/Game/Hotel/Levels/World.World:PersistentLevel.Dust3.ParticleSystemComponent0
[2016.04.15-16.12.03:614][231]LogParticles:Warning: InitializeSystem called on an unregistered component. Template=/Game/StarterContent/Particles/ItemMarker.ItemMarker Component=/Game/Hotel/Levels/World.World:PersistentLevel.ItemMarker2_5.ParticleSystemComponent0
[2016.04.15-16.12.03:669][231]Cmd: MAP LOAD FILE="../../../../../../My Media/UCF Documents/DIG 4725-2/HotelBete/Content/Hotel/Levels/World.umap" TEMPLATE=0 SHOWPROGRESS=1 FEATURELEVEL=3
[2016.04.15-16.12.03:669][231]LightingResults: New page: Lighting Build
[2016.04.15-16.12.03:681][231]LoadErrors: New page: Loading map: World.umap
[2016.04.15-16.12.03:681][231]MapCheck: New page: Map Check
[2016.04.15-16.12.03:681][231]LightingResults: New page: Lighting Build
[2016.04.15-16.12.03:700][231]LogParticles: Destroying 0 GPU particle simulations for FXSystem 0x000001BAF6A302C0
[2016.04.15-16.12.03:936][231]LogEditorServer: Finished looking for orphan Actors (0.000 secs)
[2016.04.15-16.12.03:964][231]Cmd: MAP CHECKDEP NOCLEARLOG
[2016.04.15-16.12.04:033][231]MapCheck: Info Map check complete: 0 Error(s), 0 Warning(s), took 68.486ms to complete.
[2016.04.15-16.12.04:033][231]LogFileHelpers: Loading map 'World' took 0.365
[2016.04.15-16.12.04:039][231]LoadErrors:Error: Error /Game/FirstPersonBP/Blueprints/Enemy : Failed import for Enemy_C /Game/Hotel/Blueprints/Enemies/Enemy.Default__Enemy_C [redirection] in /Game/FirstPersonBP/Blueprints/Enemy
[2016.04.15-16.12.24:293][319]LogBlueprintUserMessages: Early PlayInEditor Detection: Level '/Game/Hotel/Levels/World.World:PersistentLevel' has LevelScriptBlueprint '/Game/Hotel/Levels/World.World:PersistentLevel.World' with GeneratedClass '/Game/Hotel/Levels/World.World_C' with ClassGeneratedBy '/Game/Hotel/Levels/World.World:PersistentLevel.World'
[2016.04.15-16.12.24:293][319]LogPlayLevel: PlayLevel: No blueprints needed recompiling
[2016.04.15-16.12.24:293][319]PIE: New page: PIE session: World (Apr 15, 2016, 8:12:24 AM)
[2016.04.15-16.12.24:293][319]LogPlayLevel: Creating play world package: /Game/Hotel/Levels/UEDPIE_0_World
[2016.04.15-16.12.24:323][319]LogPlayLevel: PIE: StaticDuplicateObject took: (0.028903s)
[2016.04.15-16.12.24:323][319]LogAIModule: Creating AISystem for world World
[2016.04.15-16.12.24:323][319]LogPlayLevel: PIE: World Init took: (0.000675s)
[2016.04.15-16.12.24:324][319]LogPlayLevel: PIE: Created PIE world by copying editor world from /Game/Hotel/Levels/World.World to /Game/Hotel/Levels/UEDPIE_0_World.World (0.029826s)
[2016.04.15-16.12.24:351][319]LogInit: XAudio2 using 'Speakers (2- High Definition Audio Device)' : 2 channels at 44.1 kHz using 16 bits per sample (channel mask 0x3)
[2016.04.15-16.12.24:356][319]LogInit: FAudioDevice initialized.
[2016.04.15-16.12.52:875][319]LogWorld: Game class is 'FirstPersonGameMode_C'
[2016.04.15-16.12.52:886][319]LogWorld: Bringing World /Game/Hotel/Levels/UEDPIE_0_World.World up for play (max tick rate 0) at 2016.04.15-12.12.52
[2016.04.15-16.12.52:886][319]LogActor:Warning: GameSession /Game/Hotel/Levels/UEDPIE_0_World.World:PersistentLevel.GameSession_1 has natively added scene component(s), but none of them were set as the actor's RootComponent - picking one arbitrarily
[2016.04.15-16.12.52:886][319]LogActor:Warning: GameNetworkManager /Game/Hotel/Levels/UEDPIE_0_World.World:PersistentLevel.GameNetworkManager_1 has natively added scene component(s), but none of them were set as the actor's RootComponent - picking one arbitrarily
[2016.04.15-16.12.52:887][319]LogWorld: Bringing up level for play took: 0.011227
[2016.04.15-16.12.52:901][319]PIE: Info Play in editor start time for /Game/Hotel/Levels/UEDPIE_0_World 29.456
[2016.04.15-16.12.52:901][319]LogBlueprintUserMessages: Late PlayInEditor Detection: Level '/Game/Hotel/Levels/World.World:PersistentLevel' has LevelScriptBlueprint '/Game/Hotel/Levels/World.World:PersistentLevel.World' with GeneratedClass '/Game/Hotel/Levels/World.World_C' with ClassGeneratedBy '/Game/Hotel/Levels/World.World:PersistentLevel.World'
[2016.04.15-16.13.01:575][192]LogBlueprintUserMessages: Early EndPlayMap Detection: Level '/Game/Hotel/Levels/World.World:PersistentLevel' has LevelScriptBlueprint '/Game/Hotel/Levels/World.World:PersistentLevel.World' with GeneratedClass '/Game/Hotel/Levels/World.World_C' with ClassGeneratedBy '/Game/Hotel/Levels/World.World:PersistentLevel.World'
[2016.04.15-16.13.01:621][192]LogBlueprintUserMessages: Late EndPlayMap Detection: Level '/Game/Hotel/Levels/World.World:PersistentLevel' has LevelScriptBlueprint '/Game/Hotel/Levels/World.World:PersistentLevel.World' with GeneratedClass '/Game/Hotel/Levels/World.World_C' with ClassGeneratedBy '/Game/Hotel/Levels/World.World:PersistentLevel.World'
[2016.04.15-16.13.01:654][192]LogParticles: Destroying 0 GPU particle simulations for FXSystem 0x000001BAF24E6020
[2016.04.15-16.13.03:120][362]LogBlueprintUserMessages: Early PlayInEditor Detection: Level '/Game/Hotel/Levels/World.World:PersistentLevel' has LevelScriptBlueprint '/Game/Hotel/Levels/World.World:PersistentLevel.World' with GeneratedClass '/Game/Hotel/Levels/World.World_C' with ClassGeneratedBy '/Game/Hotel/Levels/World.World:PersistentLevel.World'
[2016.04.15-16.13.03:120][362]LogPlayLevel: PlayLevel: No blueprints needed recompiling
[2016.04.15-16.13.03:120][362]PIE: New page: PIE session: World (Apr 15, 2016, 8:13:03 AM)
[2016.04.15-16.13.03:120][362]LogPlayLevel: Creating play world package: /Game/Hotel/Levels/UEDPIE_0_World
[2016.04.15-16.13.03:140][362]LogPlayLevel: PIE: StaticDuplicateObject took: (0.019347s)
[2016.04.15-16.13.03:140][362]LogAIModule: Creating AISystem for world World
[2016.04.15-16.13.03:140][362]LogPlayLevel: PIE: World Init took: (0.000527s)
[2016.04.15-16.13.03:140][362]LogPlayLevel: PIE: Created PIE world by copying editor world from /Game/Hotel/Levels/World.World to /Game/Hotel/Levels/UEDPIE_0_World.World (0.020073s)
[2016.04.15-16.13.03:166][362]LogInit: XAudio2 using 'Speakers (2- High Definition Audio Device)' : 2 channels at 44.1 kHz using 16 bits per sample (channel mask 0x3)
[2016.04.15-16.13.03:172][362]LogInit: FAudioDevice initialized.
[2016.04.15-16.13.03:273][362]LogWorld: Game class is 'FirstPersonGameMode_C'
[2016.04.15-16.13.03:284][362]LogWorld: Bringing World /Game/Hotel/Levels/UEDPIE_0_World.World up for play (max tick rate 0) at 2016.04.15-12.13.03
[2016.04.15-16.13.03:284][362]LogActor:Warning: GameSession /Game/Hotel/Levels/UEDPIE_0_World.World:PersistentLevel.GameSession_2 has natively added scene component(s), but none of them were set as the actor's RootComponent - picking one arbitrarily
[2016.04.15-16.13.03:284][362]LogActor:Warning: GameNetworkManager /Game/Hotel/Levels/UEDPIE_0_World.World:PersistentLevel.GameNetworkManager_2 has natively added scene component(s), but none of them were set as the actor's RootComponent - picking one arbitrarily
[2016.04.15-16.13.03:285][362]LogWorld: Bringing up level for play took: 0.011536
[2016.04.15-16.13.03:298][362]PIE: Info Play in editor start time for /Game/Hotel/Levels/UEDPIE_0_World -0.148
[2016.04.15-16.13.03:298][362]LogBlueprintUserMessages: Late PlayInEditor Detection: Level '/Game/Hotel/Levels/World.World:PersistentLevel' has LevelScriptBlueprint '/Game/Hotel/Levels/World.World:PersistentLevel.World' with GeneratedClass '/Game/Hotel/Levels/World.World_C' with ClassGeneratedBy '/Game/Hotel/Levels/World.World:PersistentLevel.World'
[2016.04.15-16.13.27:829][789]LogBlueprintUserMessages: Early EndPlayMap Detection: Level '/Game/Hotel/Levels/World.World:PersistentLevel' has LevelScriptBlueprint '/Game/Hotel/Levels/World.World:PersistentLevel.World' with GeneratedClass '/Game/Hotel/Levels/World.World_C' with ClassGeneratedBy '/Game/Hotel/Levels/World.World:PersistentLevel.World'
[2016.04.15-16.13.27:869][789]LogBlueprintUserMessages: Late EndPlayMap Detection: Level '/Game/Hotel/Levels/World.World:PersistentLevel' has LevelScriptBlueprint '/Game/Hotel/Levels/World.World:PersistentLevel.World' with GeneratedClass '/Game/Hotel/Levels/World.World_C' with ClassGeneratedBy '/Game/Hotel/Levels/World.World:PersistentLevel.World'
[2016.04.15-16.13.27:909][789]LogParticles: Destroying 0 GPU particle simulations for FXSystem 0x000001BAF24BB7E0
[2016.04.15-16.17.05:701][934]LogEditorTransaction: Undo Edit Left
[2016.04.15-16.18.01:529][486]Cmd: TRANSACTION UNDO
[2016.04.15-16.18.01:529][486]LogEditorTransaction: Undo Edit Color and Opacity
[2016.04.15-16.18.03:993][758]Cmd: TRANSACTION UNDO
[2016.04.15-16.18.03:993][758]LogEditorTransaction: Undo Move Widget
[2016.04.15-16.18.04:534][820]Cmd: TRANSACTION UNDO
[2016.04.15-16.18.04:534][820]LogEditorTransaction: Undo Move Widget
[2016.04.15-16.18.05:015][875]Cmd: TRANSACTION UNDO
[2016.04.15-16.18.05:015][875]LogEditorTransaction: Undo Edit Image
[2016.04.15-16.18.05:594][942]Cmd: TRANSACTION UNDO
[2016.04.15-16.18.05:594][942]LogEditorTransaction: Undo Edit Left
[2016.04.15-16.18.24:172][161]LogEditorTransaction: Undo Nudge Widget
[2016.04.15-16.20.51:257][703]BlueprintLog: New page: Compile Puzzle3
[2016.04.15-16.20.52:016][703]LogParticles: Destroying 0 GPU particle simulations for FXSystem 0x000001BAB7DE9300
[2016.04.15-16.20.52:016][703]LogParticles: Destroying 0 GPU particle simulations for FXSystem 0x000001BAB7DE8D60
[2016.04.15-16.20.52:034][703]BlueprintEditorCompileResults: Info [2012.54] Compile of Puzzle3 successful! [in 776 ms]
[2016.04.15-16.20.53:126][815]LogSavePackage: Save=109.577393ms
[2016.04.15-16.20.53:126][815]LogSavePackage: Moving '../../../../../../My Media/UCF Documents/DIG 4725-2/HotelBete/Saved/Puzzle34E0EDC104B621022F89070B7919E503D.tmp' to '../../../../../../My Media/UCF Documents/DIG 4725-2/HotelBete/Content/Hotel/Blueprints/Widgets/Puzzles/Puzzle3.uasset'
[2016.04.15-16.20.53:127][815]LogSavePackage: Total save time: 113.561429ms
[2016.04.15-16.20.53:127][815]LogSavePackage:Display: Finished SavePackage ../../../../../../My Media/UCF Documents/DIG 4725-2/HotelBete/Content/Hotel/Blueprints/Widgets/Puzzles/Puzzle3.uasset
[2016.04.15-16.22.36:359][143]LogParticles: Destroying 0 GPU particle simulations for FXSystem 0x000001BAFAC3D760
[2016.04.15-16.22.36:590][144]Cmd: QUIT_EDITOR
[2016.04.15-16.22.37:162][144]LogWindowsTextInputMethodSystem:Display: IME system now deactivated.
[2016.04.15-16.22.37:216][144]LogExit: Preparing to exit.
[2016.04.15-16.22.37:878][144]LogExit: Editor shut down
[2016.04.15-16.22.37:878][144]LogExit: Transaction tracking system shut down
[2016.04.15-16.22.37:895][144]LogParticles: Destroying 0 GPU particle simulations for FXSystem 0x000001BAC0C199E0
[2016.04.15-16.22.37:896][144]LogParticles: Destroying 0 GPU particle simulations for FXSystem 0x000001BAA65D11C0
[2016.04.15-16.22.37:901][144]LogParticles: Destroying 0 GPU particle simulations for FXSystem 0x000001BA889F7880
[2016.04.15-16.22.37:901][144]LogParticles: Destroying 0 GPU particle simulations for FXSystem 0x000001BA9708FA60
[2016.04.15-16.22.37:902][144]LogParticles: Destroying 0 GPU particle simulations for FXSystem 0x000001BAFAC3CB80
[2016.04.15-16.22.37:904][144]LogParticles: Destroying 0 GPU particle simulations for FXSystem 0x000001BAC0C18400
[2016.04.15-16.22.37:905][144]LogParticles: Destroying 0 GPU particle simulations for FXSystem 0x000001BAC0C1B9C0
[2016.04.15-16.22.37:905][144]LogParticles: Destroying 0 GPU particle simulations for FXSystem 0x000001BAF27E5B20
[2016.04.15-16.22.38:095][144]LogExit: Object subsystem successfully closed.
[2016.04.15-16.22.38:108][144]LogD3D11RHI: Shutdown
[2016.04.15-16.22.38:108][144]LogD3D11RHI: CleanupD3DDevice
[2016.04.15-16.22.38:205][144]LogD3D11RHI: ~FD3D11DynamicRHI
[2016.04.15-16.22.38:214][144]LogModuleManager: Shutting down and abandoning module CookingStats (203)
[2016.04.15-16.22.38:214][144]LogModuleManager: Shutting down and abandoning module SequencerWidgets (202)
[2016.04.15-16.22.38:214][144]LogModuleManager: Shutting down and abandoning module BlueprintGraph (201)
[2016.04.15-16.22.38:214][144]LogModuleManager: Shutting down and abandoning module CrashTracker (200)
[2016.04.15-16.22.38:214][144]LogModuleManager: Shutting down and abandoning module SceneOutliner (199)
[2016.04.15-16.22.38:214][144]LogModuleManager: Shutting down and abandoning module SuperSearch (198)
[2016.04.15-16.22.38:214][144]LogModuleManager: Shutting down and abandoning module WidgetCarousel (197)
[2016.04.15-16.22.38:214][144]LogModuleManager: Shutting down and abandoning module AddContentDialog (196)
[2016.04.15-16.22.38:215][144]LogModuleManager: Shutting down and abandoning module EditorWidgets (195)
[2016.04.15-16.22.38:216][144]LogModuleManager: Shutting down and abandoning module CollectionManager (194)
[2016.04.15-16.22.38:216][144]LogModuleManager: Shutting down and abandoning module StatsViewer (193)
[2016.04.15-16.22.38:216][144]LogModuleManager: Shutting down and abandoning module FoliageEdit (192)
[2016.04.15-16.22.38:216][144]LogModuleManager: Shutting down and abandoning module LandscapeEditor (191)
[2016.04.15-16.22.38:216][144]LogModuleManager: Shutting down and abandoning module ActorPickerMode (190)
[2016.04.15-16.22.38:216][144]LogModuleManager: Shutting down and abandoning module GeometryMode (189)
[2016.04.15-16.22.38:216][144]LogModuleManager: Shutting down and abandoning module TextureAlignMode (188)
[2016.04.15-16.22.38:216][144]LogModuleManager: Shutting down and abandoning module BspMode (187)
[2016.04.15-16.22.38:216][144]LogModuleManager: Shutting down and abandoning module PlacementMode (186)
[2016.04.15-16.22.38:216][144]LogModuleManager: Shutting down and abandoning module AutomationWorker (185)
[2016.04.15-16.22.38:216][144]LogModuleManager: Shutting down and abandoning module CharacterAI (184)
[2016.04.15-16.22.38:216][144]LogModuleManager: Shutting down and abandoning module SmartSnapping (183)
[2016.04.15-16.22.38:216][144]LogModuleManager: Shutting down and abandoning module ViewportSnapping (182)
[2016.04.15-16.22.38:216][144]LogModuleManager: Shutting down and abandoning module LogVisualizer (181)
[2016.04.15-16.22.38:216][144]LogModuleManager: Shutting down and abandoning module GameProjectGeneration (180)
[2016.04.15-16.22.38:216][144]LogModuleManager: Shutting down and abandoning module IntroTutorials (179)
[2016.04.15-16.22.38:216][144]LogModuleManager: Shutting down and abandoning module EditorLiveStreaming (178)
[2016.04.15-16.22.38:216][144]LogModuleManager: Shutting down and abandoning module IOSPlatformEditor (177)
[2016.04.15-16.22.38:216][144]LogModuleManager: Shutting down and abandoning module HTML5PlatformEditor (176)
[2016.04.15-16.22.38:216][144]LogModuleManager: Shutting down and abandoning module AndroidDeviceDetection (175)
[2016.04.15-16.22.38:259][144]LogModuleManager: Shutting down and abandoning module AndroidPlatformEditor (174)
[2016.04.15-16.22.38:259][144]LogModuleManager: Shutting down and abandoning module IOSRuntimeSettings (173)
[2016.04.15-16.22.38:259][144]LogModuleManager: Shutting down and abandoning module AndroidRuntimeSettings (172)
[2016.04.15-16.22.38:259][144]LogModuleManager: Shutting down and abandoning module MergeActors (171)
[2016.04.15-16.22.38:259][144]LogModuleManager: Shutting down and abandoning module SizeMap (170)
[2016.04.15-16.22.38:259][144]LogModuleManager: Shutting down and abandoning module TreeMap (169)
[2016.04.15-16.22.38:259][144]LogModuleManager: Shutting down and abandoning module ReferenceViewer (168)
[2016.04.15-16.22.38:259][144]LogModuleManager: Shutting down and abandoning module LocalizationService (167)
[2016.04.15-16.22.38:259][144]LogModuleManager: Shutting down and abandoning module LocalizationDashboard (166)
[2016.04.15-16.22.38:259][144]LogModuleManager: Shutting down and abandoning module HardwareTargeting (165)
[2016.04.15-16.22.38:259][144]LogModuleManager: Shutting down and abandoning module DeviceProfileEditor (164)
[2016.04.15-16.22.38:259][144]LogModuleManager: Shutting down and abandoning module UndoHistory (163)
[2016.04.15-16.22.38:259][144]LogModuleManager: Shutting down and abandoning module GameplayTagsEditor (162)
[2016.04.15-16.22.38:259][144]LogModuleManager: Shutting down and abandoning module UserFeedback (161)
[2016.04.15-16.22.38:259][144]LogModuleManager: Shutting down and abandoning module XmlParser (160)
[2016.04.15-16.22.38:259][144]LogModuleManager: Shutting down and abandoning module Blutility (159)
[2016.04.15-16.22.38:259][144]LogModuleManager: Shutting down and abandoning module ProjectTargetPlatformEditor (158)
[2016.04.15-16.22.38:259][144]LogModuleManager: Shutting down and abandoning module ProjectSettingsViewer (157)
[2016.04.15-16.22.38:259][144]LogModuleManager: Shutting down and abandoning module InputBindingEditor (156)
[2016.04.15-16.22.38:259][144]LogModuleManager: Shutting down and abandoning module EditorSettingsViewer (155)
[2016.04.15-16.22.38:259][144]LogModuleManager: Shutting down and abandoning module SettingsEditor (154)
[2016.04.15-16.22.38:259][144]LogModuleManager: Shutting down and abandoning module ProjectLauncher (153)
[2016.04.15-16.22.38:259][144]LogModuleManager: Shutting down and abandoning module SessionFrontend (152)
[2016.04.15-16.22.38:259][144]LogModuleManager: Shutting down and abandoning module ProfilerClient (151)
[2016.04.15-16.22.38:259][144]LogModuleManager: Shutting down and abandoning module TargetDeviceServices (150)
[2016.04.15-16.22.38:259][144]LogModuleManager: Shutting down and abandoning module DeviceManager (149)
[2016.04.15-16.22.38:259][144]LogModuleManager: Shutting down and abandoning module AutomationController (148)
[2016.04.15-16.22.38:259][144]LogModuleManager: Shutting down and abandoning module AutomationWindow (147)
[2016.04.15-16.22.38:259][144]LogModuleManager: Shutting down and abandoning module Layers (146)
[2016.04.15-16.22.38:259][144]LogModuleManager: Shutting down and abandoning module ComponentVisualizers (145)
[2016.04.15-16.22.38:259][144]LogModuleManager: Shutting down and abandoning module DetailCustomizations (144)
[2016.04.15-16.22.38:259][144]LogModuleManager: Shutting down and abandoning module PackagesDialog (143)
[2016.04.15-16.22.38:259][144]LogModuleManager: Shutting down and abandoning module Persona (142)
[2016.04.15-16.22.38:260][144]LogModuleManager: Shutting down and abandoning module Kismet (141)
[2016.04.15-16.22.38:260][144]LogModuleManager: Shutting down and abandoning module GraphEditor (140)
[2016.04.15-16.22.38:260][144]LogModuleManager: Shutting down and abandoning module ClassViewer (139)
[2016.04.15-16.22.38:260][144]LogModuleManager: Shutting down and abandoning module Toolbox (138)
[2016.04.15-16.22.38:260][144]LogModuleManager: Shutting down and abandoning module ModuleUI (137)
[2016.04.15-16.22.38:260][144]LogModuleManager: Shutting down and abandoning module MovieSceneTools (136)
[2016.04.15-16.22.38:260][144]LogModuleManager: Shutting down and abandoning module OutputLog (135)
[2016.04.15-16.22.38:260][144]LogModuleManager: Shutting down and abandoning module GammaUI (134)
[2016.04.15-16.22.38:260][144]LogModuleManager: Shutting down and abandoning module Documentation (133)
[2016.04.15-16.22.38:260][144]LogModuleManager: Shutting down and abandoning module GameLiveStreaming (132)
[2016.04.15-16.22.38:260][144]LogModuleManager: Shutting down and abandoning module StreamingPauseRendering (131)
[2016.04.15-16.22.38:260][144]LogModuleManager: Shutting down and abandoning module AnalyticsET (130)
[2016.04.15-16.22.38:260][144]LogModuleManager: Shutting down and abandoning module Analytics (129)
[2016.04.15-16.22.38:260][144]LogModuleManager: Shutting down and abandoning module AITestSuite (128)
[2016.04.15-16.22.38:260][144]LogModuleManager: Shutting down and abandoning module GameplayDebugger (127)
[2016.04.15-16.22.38:260][144]LogModuleManager: Shutting down and abandoning module AIModule (126)
[2016.04.15-16.22.38:260][144]LogModuleManager: Shutting down and abandoning module ProfilerService (125)
[2016.04.15-16.22.38:443][144]LogModuleManager: Shutting down and abandoning module TaskGraph (124)
[2016.04.15-16.22.38:443][144]LogModuleManager: Shutting down and abandoning module SubstanceEditor (123)
[2016.04.15-16.22.38:443][144]LogModuleManager: Shutting down and abandoning module SlateRemote (122)
[2016.04.15-16.22.38:443][144]LogModuleManager: Shutting down and abandoning module SteamVRController (121)
[2016.04.15-16.22.38:443][144]LogModuleManager: Shutting down and abandoning module SteamVR (120)
[2016.04.15-16.22.38:443][144]LogModuleManager: Shutting down and abandoning module ProceduralMeshComponent (119)
[2016.04.15-16.22.38:443][144]LogModuleManager: Shutting down and abandoning module OculusLibrary (118)
[2016.04.15-16.22.38:443][144]LogModuleManager: Shutting down and abandoning module OculusInput (117)
[2016.04.15-16.22.38:443][144]LogModuleManager: Shutting down and abandoning module LeapMotionController (116)
[2016.04.15-16.22.38:458][144]LogModuleManager: Shutting down and abandoning module CustomMeshComponent (115)
[2016.04.15-16.22.38:458][144]LogModuleManager: Shutting down and abandoning module CableComponent (114)
[2016.04.15-16.22.38:458][144]LogModuleManager: Shutting down and abandoning module ArchVisCharacter (113)
[2016.04.15-16.22.38:458][144]LogModuleManager: Shutting down and abandoning module MessagingDebugger (112)
[2016.04.15-16.22.38:458][144]LogModuleManager: Shutting down and abandoning module MediaPlayerEditor (111)
[2016.04.15-16.22.38:458][144]LogModuleManager: Shutting down and abandoning module HTML5Networking (110)
[2016.04.15-16.22.38:458][144]LogModuleManager: Shutting down and abandoning module SpeedTreeImporter (109)
[2016.04.15-16.22.38:458][144]LogModuleManager: Shutting down and abandoning module PluginBrowser (108)
[2016.04.15-16.22.38:458][144]LogModuleManager: Shutting down and abandoning module EpicSurvey (107)
[2016.04.15-16.22.38:458][144]LogModuleManager: Shutting down and abandoning module DesktopPlatform (106)
[2016.04.15-16.22.38:458][144]LogModuleManager: Shutting down and abandoning module VisualStudioSourceCodeAccess (105)
[2016.04.15-16.22.38:458][144]LogModuleManager: Shutting down and abandoning module UObjectPlugin (104)
[2016.04.15-16.22.38:458][144]LogModuleManager: Shutting down and abandoning module SubversionSourceControl (103)
[2016.04.15-16.22.38:458][144]LogModuleManager: Shutting down and abandoning module PerforceSourceControl (102)
[2016.04.15-16.22.38:458][144]LogModuleManager: Shutting down and abandoning module SourceControl (101)
[2016.04.15-16.22.38:458][144]LogModuleManager: Shutting down and abandoning module GitSourceControl (100)
[2016.04.15-16.22.38:458][144]LogModuleManager: Shutting down and abandoning module LightPropagationVolumeEditor (99)
[2016.04.15-16.22.38:458][144]LogModuleManager: Shutting down and abandoning module PaperTiledImporter (98)
[2016.04.15-16.22.38:458][144]LogModuleManager: Shutting down and abandoning module PaperSpriteSheetImporter (97)
[2016.04.15-16.22.38:458][144]LogModuleManager: Shutting down and abandoning module MeshPaint (96)
[2016.04.15-16.22.38:458][144]LogModuleManager: Shutting down and abandoning module SlateReflector (95)
[2016.04.15-16.22.38:458][144]LogModuleManager: Shutting down and abandoning module HotReload (94)
[2016.04.15-16.22.38:459][144]LogModuleManager: Shutting down and abandoning module MainFrame (93)
[2016.04.15-16.22.38:459][144]LogModuleManager: Shutting down and abandoning module LevelEditor (92)
[2016.04.15-16.22.38:459][144]LogModuleManager: Shutting down and abandoning module ContentBrowser (91)
[2016.04.15-16.22.38:460][144]LogModuleManager: Shutting down and abandoning module Paper2DEditor (90)
[2016.04.15-16.22.38:460][144]LogModuleManager: Shutting down and abandoning module UdpMessaging (89)
[2016.04.15-16.22.38:561][144]LogModuleManager: Shutting down and abandoning module DirectoryWatcher (88)
[2016.04.15-16.22.38:564][144]LogModuleManager: Shutting down and abandoning module AssetRegistry (87)
[2016.04.15-16.22.38:611][144]LogModuleManager: Shutting down and abandoning module SubstanceCore (86)
[2016.04.15-16.22.38:611][144]LogModuleManager: Shutting down and abandoning module LightPropagationVolumeRuntime (85)
[2016.04.15-16.22.38:611][144]LogModuleManager: Shutting down and abandoning module Paper2D (84)
[2016.04.15-16.22.38:611][144]LogModuleManager: Shutting down and abandoning module WindowsMoviePlayer (83)
[2016.04.15-16.22.38:614][144]LogModuleManager: Shutting down and abandoning module Media (82)
[2016.04.15-16.22.38:614][144]LogModuleManager: Shutting down and abandoning module WmfMedia (81)
[2016.04.15-16.22.38:614][144]LogModuleManager: Shutting down and abandoning module OnlineBlueprintSupport (80)
[2016.04.15-16.22.38:614][144]LogModuleManager: Shutting down and abandoning module GameplayTasksEditor (79)
[2016.04.15-16.22.38:615][144]LogModuleManager: Shutting down and abandoning module PropertyEditor (78)
[2016.04.15-16.22.38:615][144]LogModuleManager: Shutting down and abandoning module BehaviorTreeEditor (77)
[2016.04.15-16.22.38:615][144]LogModuleManager: Shutting down and abandoning module FunctionalTesting (76)
[2016.04.15-16.22.38:615][144]LogModuleManager: Shutting down and abandoning module CollisionAnalyzer (75)
[2016.04.15-16.22.38:615][144]LogModuleManager: Shutting down and abandoning module WorkspaceMenuStructure (74)
[2016.04.15-16.22.38:615][144]LogModuleManager: Shutting down and abandoning module MessageLog (73)
[2016.04.15-16.22.38:615][144]LogModuleManager: Shutting down and abandoning module Sequencer (72)
[2016.04.15-16.22.38:615][144]LogModuleManager: Shutting down and abandoning module AssetTools (71)
[2016.04.15-16.22.38:615][144]LogModuleManager: Shutting down and abandoning module UMGEditor (70)
[2016.04.15-16.22.38:615][144]LogModuleManager: Shutting down and abandoning module UMG (69)
[2016.04.15-16.22.38:615][144]LogModuleManager: Shutting down and abandoning module Slate (68)
[2016.04.15-16.22.38:615][144]LogModuleManager: Shutting down and abandoning module EditorStyle (67)
[2016.04.15-16.22.38:616][144]LogModuleManager: Shutting down and abandoning module SessionServices (66)
[2016.04.15-16.22.38:616][144]LogModuleManager: Shutting down and abandoning module SourceCodeAccess (65)
[2016.04.15-16.22.38:616][144]LogModuleManager: Shutting down and abandoning module HeadMountedDisplay (64)
[2016.04.15-16.22.38:616][144]LogModuleManager: Shutting down and abandoning module XAudio2 (63)
[2016.04.15-16.22.38:616][144]LogModuleManager: Shutting down and abandoning module Networking (61)
[2016.04.15-16.22.38:616][144]LogModuleManager: Shutting down and abandoning module Core (60)
[2016.04.15-16.22.38:616][144]LogModuleManager: Shutting down and abandoning module KismetCompiler (59)
[2016.04.15-16.22.38:616][144]LogModuleManager: Shutting down and abandoning module PhysXFormats (58)
[2016.04.15-16.22.38:616][144]LogModuleManager: Shutting down and abandoning module MeshUtilities (57)
[2016.04.15-16.22.38:616][144]LogModuleManager: Shutting down and abandoning module DerivedDataCache (56)
[2016.04.15-16.22.38:631][144]LogDerivedDataCache: Shutdown
[2016.04.15-16.22.38:631][144]LogModuleManager: Shutting down and abandoning module ShaderFormatOpenGL (55)
[2016.04.15-16.22.38:631][144]LogModuleManager: Shutting down and abandoning module ShaderFormatD3D (54)
[2016.04.15-16.22.38:631][144]LogModuleManager: Shutting down and abandoning module MetalShaderFormat (53)
[2016.04.15-16.22.38:631][144]LogModuleManager: Shutting down and abandoning module TextureFormatUncompressed (52)
[2016.04.15-16.22.38:631][144]LogModuleManager: Shutting down and abandoning module TextureFormatPVR (51)
[2016.04.15-16.22.38:631][144]LogModuleManager: Shutting down and abandoning module TextureFormatIntelISPCTexComp (50)
[2016.04.15-16.22.38:631][144]LogModuleManager: Shutting down and abandoning module TextureFormatDXT (49)
[2016.04.15-16.22.38:631][144]LogModuleManager: Shutting down and abandoning module ImageWrapper (48)
[2016.04.15-16.22.38:631][144]LogModuleManager: Shutting down and abandoning module TextureFormatASTC (47)
[2016.04.15-16.22.38:631][144]LogModuleManager: Shutting down and abandoning module TextureFormatAndroid (46)
[2016.04.15-16.22.38:631][144]LogModuleManager: Shutting down and abandoning module AudioFormatOpus (45)
[2016.04.15-16.22.38:631][144]LogModuleManager: Shutting down and abandoning module AudioFormatOgg (44)
[2016.04.15-16.22.38:631][144]LogModuleManager: Shutting down and abandoning module AudioFormatADPCM (43)
[2016.04.15-16.22.38:631][144]LogModuleManager: Shutting down and abandoning module LinuxTargetPlatform (42)
[2016.04.15-16.22.38:631][144]LogModuleManager: Shutting down and abandoning module LinuxServerTargetPlatform (41)
[2016.04.15-16.22.38:631][144]LogModuleManager: Shutting down and abandoning module LinuxNoEditorTargetPlatform (40)
[2016.04.15-16.22.38:631][144]LogModuleManager: Shutting down and abandoning module Messaging (39)
[2016.04.15-16.22.38:631][144]LogModuleManager: Shutting down and abandoning module IOSTargetPlatform (38)
[2016.04.15-16.22.38:631][144]LogModuleManager: Shutting down and abandoning module HTML5TargetPlatform (37)
[2016.04.15-16.22.38:631][144]LogModuleManager: Shutting down and abandoning module Android_PVRTCTargetPlatform (36)
[2016.04.15-16.22.38:631][144]LogModuleManager: Shutting down and abandoning module Android_MultiTargetPlatform (35)
[2016.04.15-16.22.38:631][144]LogModuleManager: Shutting down and abandoning module Android_ETC2TargetPlatform (34)
[2016.04.15-16.22.38:631][144]LogModuleManager: Shutting down and abandoning module Android_ETC1TargetPlatform (33)
[2016.04.15-16.22.38:631][144]LogModuleManager: Shutting down and abandoning module Android_DXTTargetPlatform (32)
[2016.04.15-16.22.38:631][144]LogModuleManager: Shutting down and abandoning module Android_ATCTargetPlatform (31)
[2016.04.15-16.22.38:631][144]LogModuleManager: Shutting down and abandoning module Android_ASTCTargetPlatform (30)
[2016.04.15-16.22.38:631][144]LogModuleManager: Shutting down and abandoning module AndroidTargetPlatform (29)
[2016.04.15-16.22.38:631][144]LogModuleManager: Shutting down and abandoning module WindowsTargetPlatform (28)
[2016.04.15-16.22.38:631][144]LogModuleManager: Shutting down and abandoning module WindowsServerTargetPlatform (27)
[2016.04.15-16.22.38:631][144]LogModuleManager: Shutting down and abandoning module WindowsNoEditorTargetPlatform (26)
[2016.04.15-16.22.38:631][144]LogModuleManager: Shutting down and abandoning module WindowsClientTargetPlatform (25)
[2016.04.15-16.22.38:631][144]LogModuleManager: Shutting down and abandoning module AllDesktopTargetPlatform (24)
[2016.04.15-16.22.38:631][144]LogModuleManager: Shutting down and abandoning module TargetPlatform (23)
[2016.04.15-16.22.38:631][144]LogModuleManager: Shutting down and abandoning module InputCore (22)
[2016.04.15-16.22.38:631][144]LogModuleManager: Shutting down and abandoning module Settings (21)
[2016.04.15-16.22.38:631][144]LogModuleManager: Shutting down and abandoning module OnlineSubsystem (19)
[2016.04.15-16.22.38:631][144]LogModuleManager: Shutting down and abandoning module HTTP (18)
[2016.04.15-16.22.39:633][144]LogModuleManager: Shutting down and abandoning module XMPP (17)
[2016.04.15-16.22.39:633][144]LogModuleManager: Shutting down and abandoning module OculusRift (16)
[2016.04.15-16.22.39:633][144]LogModuleManager: Shutting down and abandoning module ExampleDeviceProfileSelector (15)
[2016.04.15-16.22.39:633][144]LogModuleManager: Shutting down and abandoning module TextureCompressor (14)
[2016.04.15-16.22.39:633][144]LogModuleManager: Shutting down and abandoning module ShaderCore (13)
[2016.04.15-16.22.39:633][144]LogModuleManager: Shutting down and abandoning module Landscape (12)
[2016.04.15-16.22.39:633][144]LogModuleManager: Shutting down and abandoning module SlateRHIRenderer (11)
[2016.04.15-16.22.39:634][144]LogModuleManager: Shutting down and abandoning module OpenGLDrv (10)
[2016.04.15-16.22.39:634][144]LogModuleManager: Shutting down and abandoning module D3D11RHI (9)
[2016.04.15-16.22.39:634][144]LogModuleManager: Shutting down and abandoning module AnimGraphRuntime (8)
[2016.04.15-16.22.39:634][144]LogModuleManager: Shutting down and abandoning module Renderer (7)
[2016.04.15-16.22.39:634][144]LogModuleManager: Shutting down and abandoning module Engine (6)
[2016.04.15-16.22.39:634][144]LogModuleManager: Shutting down and abandoning module CoreUObject (5)
[2016.04.15-16.22.39:634][144]LogModuleManager: Shutting down and abandoning module NetworkFile (4)
[2016.04.15-16.22.39:634][144]LogModuleManager: Shutting down and abandoning module StreamingFile (3)
[2016.04.15-16.22.39:634][144]LogModuleManager: Shutting down and abandoning module SandboxFile (2)
[2016.04.15-16.22.39:634][144]LogModuleManager: Shutting down and abandoning module PakFile (1)
[2016.04.15-16.22.39:635][144]LogExit: Exiting.
[2016.04.15-16.22.39:636][144]Log file closed, 04/15/16 12:22:39
