[2016.04.15-15.18.33:321][  0]Log file open, 04/15/16 11:18:33
[2016.04.15-15.18.33:321][  0]LogInit:Display: Running engine without a game
[2016.04.15-15.18.33:321][  0]LogPlatformFile: Not using cached read wrapper
[2016.04.15-15.18.33:321][  0]LogInit:Display: Loading recent project file: F:/My Media/UCF Documents/DIG 4725-2/HotelBete/Hotel.uproject
[2016.04.15-15.18.33:321][  0]LogInit:Display: RandInit(-1075023026) SRandInit(-1075023023).
[2016.04.15-15.18.33:321][  0]LogTaskGraph: Started task graph with 4 named threads and 7 total threads.
[2016.04.15-15.18.33:321][  0]LogStats: Stats thread started at 0.234622
[2016.04.15-15.18.33:321][  0]LogInit: Version: 4.10.2-2818068+++depot+UE4-Releases+4.10
[2016.04.15-15.18.33:321][  0]LogInit: API Version: 2758231
[2016.04.15-15.18.33:321][  0]LogInit: Compiled (64-bit): Jan  6 2016 17:36:42
[2016.04.15-15.18.33:321][  0]LogInit: Compiled with Visual C++: 19.00.23026.00
[2016.04.15-15.18.33:321][  0]LogInit: Build Configuration: Development
[2016.04.15-15.18.33:321][  0]LogInit: Branch Name: ++depot+UE4-Releases+4.10
[2016.04.15-15.18.33:321][  0]LogInit: Command line: -EpicPortal 
[2016.04.15-15.18.33:321][  0]LogInit: Base directory: F:/Program Files/Epic Games/4.10/Engine/Binaries/Win64/
[2016.04.15-15.18.33:321][  0]LogInit: Rocket: 1
[2016.04.15-15.18.33:352][  0]LogInit: Using libcurl 7.41.0
[2016.04.15-15.18.33:352][  0]LogInit:  - built for x86_64-pc-win32
[2016.04.15-15.18.33:352][  0]LogInit:  - supports SSL with WinSSL
[2016.04.15-15.18.33:353][  0]LogInit:  - other features:
[2016.04.15-15.18.33:353][  0]LogInit:      CURL_VERSION_SSL
[2016.04.15-15.18.33:353][  0]LogInit:      CURL_VERSION_IPV6
[2016.04.15-15.18.33:353][  0]LogInit:      CURL_VERSION_ASYNCHDNS
[2016.04.15-15.18.33:353][  0]LogInit:      CURL_VERSION_LARGEFILE
[2016.04.15-15.18.33:353][  0]LogInit:      CURL_VERSION_IDN
[2016.04.15-15.18.33:353][  0]LogInit:  CurlRequestOptions (configurable via config and command line):
[2016.04.15-15.18.33:353][  0]LogInit:  - bVerifyPeer = true  - Libcurl will verify peer certificate
[2016.04.15-15.18.33:353][  0]LogInit:  - bUseHttpProxy = false  - Libcurl will NOT use HTTP proxy
[2016.04.15-15.18.33:353][  0]LogInit:  - bDontReuseConnections = false  - Libcurl will reuse connections
[2016.04.15-15.18.33:353][  0]LogInit:  - CertBundlePath = nullptr  - Libcurl will use whatever was configured at build time.
[2016.04.15-15.18.33:448][  0]LogInit: Presizing for 0 objects not considered by GC, pre-allocating 0 bytes.
[2016.04.15-15.18.33:455][  0]LogInit: Object subsystem initialized
[2016.04.15-15.18.33:457][  0]LogInit: Selected Device Profile: [Windows]
[2016.04.15-15.18.33:457][  0]LogInit: Applying CVar settings loaded from the selected device profile: [Windows]
[2016.04.15-15.18.33:468][  0]LogInit: Computer: DESKTOP-0FTHH47
[2016.04.15-15.18.33:468][  0]LogInit: User: aehrl
[2016.04.15-15.18.33:468][  0]LogInit: CPU Page size=4096, Cores=4
[2016.04.15-15.18.33:468][  0]LogInit: High frequency timer resolution =3.984654 MHz
[2016.04.15-15.18.33:468][  0]LogMemory: Memory total: Physical=15.9GB (16GB approx)
[2016.04.15-15.18.33:468][  0]LogMemory: Platform Memory Stats for Windows
[2016.04.15-15.18.33:468][  0]LogMemory: Process Physical Memory: 56.47 MB used, 56.47 MB peak
[2016.04.15-15.18.33:468][  0]LogMemory: Process Virtual Memory: 56.80 MB used, 56.80 MB peak
[2016.04.15-15.18.33:468][  0]LogMemory: Physical Memory: 5147.59 MB used, 16322.88 MB total
[2016.04.15-15.18.33:468][  0]LogMemory: Virtual Memory: 382.87 MB used, 134217728.00 MB total
[2016.04.15-15.18.33:652][  0]LogTextLocalizationManager: No specific translations for ('en-US') exist, so ('en') translations will be used.
[2016.04.15-15.18.33:994][  0]LogD3D11RHI: Found D3D11 adapter 0: NVIDIA GeForce GTX 960 (Feature Level 11_0)
[2016.04.15-15.18.33:994][  0]LogD3D11RHI: Adapter has 1969MB of dedicated video memory, 0MB of dedicated system memory, and 8161MB of shared system memory, 3 output[s]
[2016.04.15-15.18.33:995][  0]LogD3D11RHI: Found D3D11 adapter 1: Microsoft Basic Render Driver (Feature Level 11_0)
[2016.04.15-15.18.33:995][  0]LogD3D11RHI: Adapter has 0MB of dedicated video memory, 0MB of dedicated system memory, and 8161MB of shared system memory, 0 output[s]
[2016.04.15-15.18.33:995][  0]LogD3D11RHI: Chosen D3D11 Adapter Id = 0
[2016.04.15-15.18.33:998][  0]LogD3D11RHI: !Direct3DDevice
[2016.04.15-15.18.33:998][  0]LogRHI: Texture pool is 1361 MB (70% of 1945 MB)
[2016.04.15-15.18.34:007][  0]LogD3D11RHI: Async texture creation enabled
[2016.04.15-15.18.34:057][  0]LogShaderCompilers: Guid format shader working directory is -16 characters bigger than the processId version (../../../../../../My Media/UCF Documents/DIG 4725-2/HotelBete/Intermediate/Shaders/WorkingDirectory/15252/).
[2016.04.15-15.18.34:057][  0]LogShaderCompilers: Cleaned the shader compiler working directory 'C:/Users/aehrl/AppData/Local/Temp/UnrealShaderWorkingDir/C05E9245457E56A8FBCA49B9E46B9423/'.
[2016.04.15-15.18.34:057][  0]LogShaderCompilers:Display: Using Local Shader Compiler.
[2016.04.15-15.18.37:570][  0]LogTemp:Display: Loaded TP AllDesktopTargetPlatform
[2016.04.15-15.18.37:573][  0]LogTemp:Display: Loaded TP WindowsClientTargetPlatform
[2016.04.15-15.18.37:575][  0]LogTemp:Display: Loaded TP WindowsNoEditorTargetPlatform
[2016.04.15-15.18.37:578][  0]LogTemp:Display: Loaded TP WindowsServerTargetPlatform
[2016.04.15-15.18.37:580][  0]LogTemp:Display: Loaded TP WindowsTargetPlatform
[2016.04.15-15.18.37:583][  0]LogTemp:Display: Loaded TP AndroidTargetPlatform
[2016.04.15-15.18.37:585][  0]LogTemp:Display: Loaded TP Android_ASTCTargetPlatform
[2016.04.15-15.18.37:587][  0]LogTemp:Display: Loaded TP Android_ATCTargetPlatform
[2016.04.15-15.18.37:588][  0]LogTemp:Display: Loaded TP Android_DXTTargetPlatform
[2016.04.15-15.18.37:590][  0]LogTemp:Display: Loaded TP Android_ETC1TargetPlatform
[2016.04.15-15.18.37:591][  0]LogTemp:Display: Loaded TP Android_ETC2TargetPlatform
[2016.04.15-15.18.37:595][  0]LogTemp:Display: Loaded TP Android_MultiTargetPlatform
[2016.04.15-15.18.37:595][  0]LogTemp:Display: Loaded TP Android_PVRTCTargetPlatform
[2016.04.15-15.18.37:596][  0]LogTemp:Display: Loaded TP HTML5TargetPlatform
[2016.04.15-15.18.37:630][  0]LogTemp:Display: Loaded TP IOSTargetPlatform
[2016.04.15-15.18.37:633][  0]LogTemp:Display: Loaded TP LinuxNoEditorTargetPlatform
[2016.04.15-15.18.37:637][  0]LogTemp:Display: Loaded TP LinuxServerTargetPlatform
[2016.04.15-15.18.37:661][  0]LogTemp:Display: Loaded TP LinuxTargetPlatform
[2016.04.15-15.18.37:661][  0]LogTargetPlatformManager:Display: Building Assets For Windows
[2016.04.15-15.18.38:178][  0]LogDerivedDataCache:Display: Max Cache Size: 512 MB
[2016.04.15-15.18.38:603][  0]LogDerivedDataCache: Loaded boot cache 0.43s 41MB C:/Users/aehrl/AppData/Local/UnrealEngine/4.10/DerivedDataCache/Boot.ddc.
[2016.04.15-15.18.38:603][  0]LogDerivedDataCache:Display: Loaded Boot cache: C:/Users/aehrl/AppData/Local/UnrealEngine/4.10/DerivedDataCache/Boot.ddc
[2016.04.15-15.18.38:603][  0]LogDerivedDataCache: FDerivedDataBackendGraph:  Pak pak cache file ../../../../../../My Media/UCF Documents/DIG 4725-2/HotelBete/DerivedDataCache/DDC.ddp not found, will not use a pak cache.
[2016.04.15-15.18.38:603][  0]LogDerivedDataCache: Unable to find inner node Pak for hierarchical cache Hierarchy.
[2016.04.15-15.18.38:603][  0]LogDerivedDataCache: FDerivedDataBackendGraph:  CompressedPak pak cache file ../../../../../../My Media/UCF Documents/DIG 4725-2/HotelBete/DerivedDataCache/Compressed.ddp not found, will not use a pak cache.
[2016.04.15-15.18.38:604][  0]LogDerivedDataCache: Unable to find inner node CompressedPak for hierarchical cache Hierarchy.
[2016.04.15-15.18.38:696][  0]LogDerivedDataCache:Display: Pak cache opened for reading ../../../Engine/DerivedDataCache/Compressed.ddp.
[2016.04.15-15.18.38:731][  0]LogDerivedDataCache: Using Local data cache path C:/Users/aehrl/AppData/Local/UnrealEngine/Common/DerivedDataCache: Writable
[2016.04.15-15.18.45:058][  0]LogInit: Selected Device Profile: [Windows]
[2016.04.15-15.18.45:082][  0]LogContentStreaming: Texture pool size is 0.000000MB
[2016.04.15-15.18.45:478][  0]LogMeshUtilities: No automatic mesh reduction module available
[2016.04.15-15.18.45:478][  0]LogMeshUtilities: No automatic mesh merging module available
[2016.04.15-15.18.46:931][  0]LogInit: WinSock: version 1.1 (2.2), MaxSocks=32767, MaxUdp=65467
[2016.04.15-15.18.55:327][  0]LogAssetRegistry: FAssetRegistry took 0.0119 seconds to start up
[2016.04.15-15.18.55:333][  0]UdpMessaging: Initializing bridge on interface 0.0.0.0:0 to multicast group 230.0.0.1:6666.
[2016.04.15-15.18.55:972][  0]SourceControl: Info Source control is disabled
[2016.04.15-15.18.56:408][  0]SourceControl: Info Source control is disabled
[2016.04.15-15.18.56:441][  0]SourceControl: Info Source control is disabled
[2016.04.15-15.18.56:446][  0]SourceControl: Info Source control is disabled
[2016.04.15-15.18.56:961][  0]LogObj: 28802 objects as part of root set at end of initial load.
[2016.04.15-15.18.56:961][  0]LogUObjectAllocator: 6129768 out of 0 bytes used by permanent object pool.
[2016.04.15-15.18.57:266][  0]LogEngine: Initializing Engine...
[2016.04.15-15.18.57:272][  0]LogHMD: Can't find Oculus library dev build: is proper Runtime installed? Version: 0.8.0.0
[2016.04.15-15.18.57:320][  0]LogHMD: SteamVR failed to initialize.  Err: 110
[2016.04.15-15.18.57:784][  0]LogAIModule: Creating AISystem for world NewWorld
[2016.04.15-15.18.57:855][  0]LogInit: XAudio2 using 'Speakers (2- High Definition Audio Device)' : 2 channels at 44.1 kHz using 16 bits per sample (channel mask 0x3)
[2016.04.15-15.18.58:093][  0]LogInit: FAudioDevice initialized.
[2016.04.15-15.18.58:107][  0]LogDerivedDataCache: Saved boot cache 0.01s 41MB C:/Users/aehrl/AppData/Local/UnrealEngine/4.10/DerivedDataCache/Boot.ddc.
[2016.04.15-15.18.58:109][  0]LogInit: Texture streaming: Enabled
[2016.04.15-15.18.58:139][  0]LogAnalytics: Creating configured Analytics provider AnalyticsET
[2016.04.15-15.18.58:139][  0]LogAnalytics: [UEEditor.Rocket.Release] APIServer = http://et2.epicgames.com/ET2/. AppVersion = 4.10.2-2818068+++depot+UE4-Releases+4.10
[2016.04.15-15.18.58:139][  0]LogAnalytics: [UEEditor.Rocket.Release] SetUserId 0b01f67c451c321928712b89b2c25d66|b300224d71e64562a5bff06c2aaa78f8|4d10a4aa-bc91-4e54-b274-9b5f458b8e77
[2016.04.15-15.18.58:139][  0]LogAnalytics: [UEEditor.Rocket.Release] AnalyticsET::StartSession
[2016.04.15-15.18.58:276][  0]LogInit: Transaction tracking system initialized
[2016.04.15-15.18.58:379][  0]BlueprintLog: New page: Editor Load
[2016.04.15-15.18.58:746][  0]LocalizationService: Info Localization service is disabled
[2016.04.15-15.18.59:232][  0]LogConsoleResponse:Display: 
[2016.04.15-15.19.00:223][  0]LogCook:Display: Done creating registry. It took  0.00s.
[2016.04.15-15.19.00:488][  0]LogFileCache: Scanning file cache for directory 'F:/My Media/UCF Documents/DIG 4725-2/HotelBete/Content/' took 0.03s
[2016.04.15-15.19.00:488][  0]SourceControl: Info Source control is disabled
[2016.04.15-15.19.00:504][  0]Cmd: MAP LOAD FILE="../../../../../../My Media/UCF Documents/DIG 4725-2/HotelBete/Content/Hotel/Levels/Menu.umap" TEMPLATE=0 SHOWPROGRESS=1 FEATURELEVEL=3
[2016.04.15-15.19.00:553][  0]LightingResults: New page: Lighting Build
[2016.04.15-15.19.00:596][  0]MapCheck: New page: Map Check
[2016.04.15-15.19.00:596][  0]LightingResults: New page: Lighting Build
[2016.04.15-15.19.00:628][  0]LogParticles: Destroying 0 GPU particle simulations for FXSystem 0x0000021078BDF6A0
[2016.04.15-15.19.09:461][  0]LogAudioDerivedData:Display: Building compressed audio format OGG wave Game_Start_Better...
[2016.04.15-15.19.14:674][  0]LogTexture:Display: Building textures: Playing_Card_Back (AutoDXT)
[2016.04.15-15.19.14:795][  0]LogTexture:Display: Building textures: Card_Background (AutoDXT)
[2016.04.15-15.19.24:320][  0]LogAIModule: Creating AISystem for world Menu
[2016.04.15-15.19.24:332][  0]LogEditorServer: Finished looking for orphan Actors (0.001 secs)
[2016.04.15-15.19.24:368][  0]Cmd: MAP CHECKDEP NOCLEARLOG
[2016.04.15-15.19.24:460][  0]MapCheck: Info Map check complete: 0 Error(s), 0 Warning(s), took 92.213ms to complete.
[2016.04.15-15.19.24:477][  0]LogFileHelpers: Loading map 'Menu' took 23.987
[2016.04.15-15.19.24:941][  0]LogCollectionManager: Loaded 0 collections in 0.001446 seconds
[2016.04.15-15.19.25:035][  0]LogFileCache: Scanning file cache for directory 'F:/My Media/UCF Documents/DIG 4725-2/HotelBete/Saved/Collections/' took 0.01s
[2016.04.15-15.19.25:035][  0]LogFileCache: Scanning file cache for directory 'F:/My Media/UCF Documents/DIG 4725-2/HotelBete/Content/Developers/aehrl/Collections/' took 0.01s
[2016.04.15-15.19.25:035][  0]LogFileCache: Scanning file cache for directory 'F:/My Media/UCF Documents/DIG 4725-2/HotelBete/Content/Collections/' took 0.01s
[2016.04.15-15.19.25:035][  0]LogCollectionManager: Rebuilt the GUID cache for 0 collections in 0.000006 seconds
[2016.04.15-15.19.25:050][  0]LogContentBrowser: Native class hierarchy populated in 0.0143 seconds. Added 1908 classes and 344 folders.
[2016.04.15-15.19.25:065][  0]LogContentBrowser: Native class hierarchy updated for 'WidgetCarousel' in 0.0004 seconds. Added 0 classes and 0 folders.
[2016.04.15-15.19.25:641][  0]LogContentBrowser: Native class hierarchy updated for 'AddContentDialog' in 0.0008 seconds. Added 0 classes and 0 folders.
[2016.04.15-15.19.25:674][  0]LogContentBrowser: Native class hierarchy updated for 'SceneOutliner' in 0.0007 seconds. Added 1 classes and 2 folders.
[2016.04.15-15.19.25:792][  0]LogCrashTracker: Crashtracker disabled due to settings.
[2016.04.15-15.19.25:823][  0]LogUObjectGlobals:Warning: Failed to find object 'Class None.'
[2016.04.15-15.19.25:859][  0]LogLoad: Full Startup: 53.45 seconds (BP compile: 0.75 seconds)
[2016.04.15-15.19.26:216][  0]LogOcInput: Can't find Oculus library dev build: is proper Runtime installed? Version: 0.8.0.0
[2016.04.15-15.19.26:373][  0]LogContentStreaming: Texture pool size now 1000 MB
[2016.04.15-15.19.26:576][  0]LogRenderer: Reallocating scene render targets to support 1208x608 (Frame:2).
[2016.04.15-15.19.29:509][  9]LogCollectionManager: Rebuilt the object cache for 0 collections in 0.000000 seconds (found 0 objects)
[2016.04.15-15.19.30:426][ 12]LogAssetRegistry: Asset discovery search completed in 35.1107 seconds
[2016.04.15-15.19.30:426][ 12]LogCollectionManager: Fixed up redirectors for 0 collections in 0.000013 seconds (updated 0 objects)
[2016.04.15-15.20.01:532][158]LogFactory: FactoryCreateBinary: Texture with ReimportTextureFactory (0 0 F:\Desktop\ANDREW_STUFF-2016-04-15\ANDREW_STUFF\Card_Background.png)
[2016.04.15-15.20.01:611][158]LogTexture:Display: Building textures: Card_Background (AutoDXT)
[2016.04.15-15.20.03:248][158]LogFactory: FactoryCreateBinary: Texture with ReimportTextureFactory (0 0 F:\Desktop\ANDREW_STUFF-2016-04-15\ANDREW_STUFF\Card_Evil_2.png)
[2016.04.15-15.20.03:257][158]LogTexture:Display: Building textures: Card_Evil_2 (AutoDXT)
[2016.04.15-15.20.03:290][158]LogFactory: FactoryCreateBinary: Texture with ReimportTextureFactory (0 0 F:\Desktop\ANDREW_STUFF-2016-04-15\ANDREW_STUFF\Card_Evil_3.png)
[2016.04.15-15.20.03:301][158]LogTexture:Display: Building textures: Card_Evil_3 (AutoDXT)
[2016.04.15-15.20.03:335][158]LogFactory: FactoryCreateBinary: Texture with ReimportTextureFactory (0 0 F:\Desktop\ANDREW_STUFF-2016-04-15\ANDREW_STUFF\Card_Evil_4.png)
[2016.04.15-15.20.03:339][158]LogTexture:Display: Building textures: Card_Evil_4 (AutoDXT)
[2016.04.15-15.20.03:371][158]LogFactory: FactoryCreateBinary: Texture with ReimportTextureFactory (0 0 F:\Desktop\ANDREW_STUFF-2016-04-15\ANDREW_STUFF\Card_Evil_5.png)
[2016.04.15-15.20.03:387][158]LogTexture:Display: Building textures: Card_Evil_5 (AutoDXT)
[2016.04.15-15.20.03:437][158]LogFactory: FactoryCreateBinary: Texture with ReimportTextureFactory (0 0 F:\Desktop\ANDREW_STUFF-2016-04-15\ANDREW_STUFF\Card_Evil_6.png)
[2016.04.15-15.20.03:446][158]LogTexture:Display: Building textures: Card_Evil_6 (AutoDXT)
[2016.04.15-15.20.03:478][158]LogFactory: FactoryCreateBinary: Texture with ReimportTextureFactory (0 0 F:\Desktop\ANDREW_STUFF-2016-04-15\ANDREW_STUFF\Card_Evil_7.png)
[2016.04.15-15.20.03:485][158]LogTexture:Display: Building textures: Card_Evil_7 (AutoDXT)
[2016.04.15-15.20.03:517][158]LogFactory: FactoryCreateBinary: Texture with ReimportTextureFactory (0 0 F:\Desktop\ANDREW_STUFF-2016-04-15\ANDREW_STUFF\Card_Evil_8.png)
[2016.04.15-15.20.03:537][158]LogTexture:Display: Building textures: Card_Evil_8 (AutoDXT)
[2016.04.15-15.20.03:599][158]LogFactory: FactoryCreateBinary: Texture with ReimportTextureFactory (0 0 F:\Desktop\ANDREW_STUFF-2016-04-15\ANDREW_STUFF\Card_Evil_9.png)
[2016.04.15-15.20.03:637][158]LogTexture:Display: Building textures: Card_Evil_9 (AutoDXT)
[2016.04.15-15.20.03:669][158]LogFactory: FactoryCreateBinary: Texture with ReimportTextureFactory (0 0 F:\Desktop\ANDREW_STUFF-2016-04-15\ANDREW_STUFF\Card_Evil_10.png)
[2016.04.15-15.20.03:692][158]LogTexture:Display: Building textures: Card_Evil_10 (AutoDXT)
[2016.04.15-15.20.03:725][158]LogFactory: FactoryCreateBinary: Texture with ReimportTextureFactory (0 0 F:\Desktop\ANDREW_STUFF-2016-04-15\ANDREW_STUFF\Card_Evil_A.png)
[2016.04.15-15.20.03:753][158]LogTexture:Display: Building textures: Card_Evil_A (AutoDXT)
[2016.04.15-15.20.03:784][158]LogFactory: FactoryCreateBinary: Texture with ReimportTextureFactory (0 0 F:\Desktop\ANDREW_STUFF-2016-04-15\ANDREW_STUFF\Card_Evil_J.png)
[2016.04.15-15.20.03:787][158]LogTexture:Display: Building textures: Card_Evil_J (AutoDXT)
[2016.04.15-15.20.03:818][158]LogFactory: FactoryCreateBinary: Texture with ReimportTextureFactory (0 0 F:\Desktop\ANDREW_STUFF-2016-04-15\ANDREW_STUFF\Card_Evil_k.png)
[2016.04.15-15.20.03:821][158]LogTexture:Display: Building textures: Card_Evil_k (AutoDXT)
[2016.04.15-15.20.03:852][158]LogFactory: FactoryCreateBinary: Texture with ReimportTextureFactory (0 0 F:\Desktop\ANDREW_STUFF-2016-04-15\ANDREW_STUFF\Card_Evil_Q.png)
[2016.04.15-15.20.03:856][158]LogTexture:Display: Building textures: Card_Evil_Q (AutoDXT)
[2016.04.15-15.20.03:888][158]LogFactory: FactoryCreateBinary: Texture with ReimportTextureFactory (0 0 F:\Desktop\ANDREW_STUFF-2016-04-15\ANDREW_STUFF\Card_Halo_2.png)
[2016.04.15-15.20.03:900][158]LogTexture:Display: Building textures: Card_Halo_2 (AutoDXT)
[2016.04.15-15.20.03:927][158]LogFactory: FactoryCreateBinary: Texture with ReimportTextureFactory (0 0 F:\Desktop\ANDREW_STUFF-2016-04-15\ANDREW_STUFF\Card_Halo_3.png)
[2016.04.15-15.20.03:948][158]LogTexture:Display: Building textures: Card_Halo_3 (AutoDXT)
[2016.04.15-15.20.03:976][158]LogFactory: FactoryCreateBinary: Texture with ReimportTextureFactory (0 0 F:\Desktop\ANDREW_STUFF-2016-04-15\ANDREW_STUFF\Card_Halo_4.png)
[2016.04.15-15.20.03:982][158]LogTexture:Display: Building textures: Card_Halo_4 (AutoDXT)
[2016.04.15-15.20.04:010][158]LogFactory: FactoryCreateBinary: Texture with ReimportTextureFactory (0 0 F:\Desktop\ANDREW_STUFF-2016-04-15\ANDREW_STUFF\Card_Halo_5.png)
[2016.04.15-15.20.04:037][158]LogTexture:Display: Building textures: Card_Halo_5 (AutoDXT)
[2016.04.15-15.20.04:065][158]LogFactory: FactoryCreateBinary: Texture with ReimportTextureFactory (0 0 F:\Desktop\ANDREW_STUFF-2016-04-15\ANDREW_STUFF\Card_Halo_6.png)
[2016.04.15-15.20.04:068][158]LogTexture:Display: Building textures: Card_Halo_6 (AutoDXT)
[2016.04.15-15.20.04:096][158]LogFactory: FactoryCreateBinary: Texture with ReimportTextureFactory (0 0 F:\Desktop\ANDREW_STUFF-2016-04-15\ANDREW_STUFF\Card_Halo_7.png)
[2016.04.15-15.20.04:127][158]LogTexture:Display: Building textures: Card_Halo_7 (AutoDXT)
[2016.04.15-15.20.04:155][158]LogFactory: FactoryCreateBinary: Texture with ReimportTextureFactory (0 0 F:\Desktop\ANDREW_STUFF-2016-04-15\ANDREW_STUFF\Card_Halo_8.png)
[2016.04.15-15.20.04:158][158]LogTexture:Display: Building textures: Card_Halo_8 (AutoDXT)
[2016.04.15-15.20.04:185][158]LogFactory: FactoryCreateBinary: Texture with ReimportTextureFactory (0 0 F:\Desktop\ANDREW_STUFF-2016-04-15\ANDREW_STUFF\Card_Halo_9.png)
[2016.04.15-15.20.04:188][158]LogTexture:Display: Building textures: Card_Halo_9 (AutoDXT)
[2016.04.15-15.20.04:216][158]LogFactory: FactoryCreateBinary: Texture with ReimportTextureFactory (0 0 F:\Desktop\ANDREW_STUFF-2016-04-15\ANDREW_STUFF\Card_Halo_10.png)
[2016.04.15-15.20.04:228][158]LogTexture:Display: Building textures: Card_Halo_10 (AutoDXT)
[2016.04.15-15.20.04:257][158]LogFactory: FactoryCreateBinary: Texture with ReimportTextureFactory (0 0 F:\Desktop\ANDREW_STUFF-2016-04-15\ANDREW_STUFF\Card_Halo_A.png)
[2016.04.15-15.20.04:275][158]LogTexture:Display: Building textures: Card_Halo_A (AutoDXT)
[2016.04.15-15.20.04:302][158]LogFactory: FactoryCreateBinary: Texture with ReimportTextureFactory (0 0 F:\Desktop\ANDREW_STUFF-2016-04-15\ANDREW_STUFF\Card_Halo_J.png)
[2016.04.15-15.20.04:305][158]LogTexture:Display: Building textures: Card_Halo_J (AutoDXT)
[2016.04.15-15.20.04:333][158]LogFactory: FactoryCreateBinary: Texture with ReimportTextureFactory (0 0 F:\Desktop\ANDREW_STUFF-2016-04-15\ANDREW_STUFF\Card_Halo_K.png)
[2016.04.15-15.20.04:342][158]LogTexture:Display: Building textures: Card_Halo_K (AutoDXT)
[2016.04.15-15.20.04:370][158]LogFactory: FactoryCreateBinary: Texture with ReimportTextureFactory (0 0 F:\Desktop\ANDREW_STUFF-2016-04-15\ANDREW_STUFF\Card_Halo_Q.png)
[2016.04.15-15.20.04:373][158]LogTexture:Display: Building textures: Card_Halo_Q (AutoDXT)
[2016.04.15-15.20.04:401][158]LogFactory: FactoryCreateBinary: Font with FontFileImportFactory (0 0 F:\Desktop\ANDREW_STUFF-2016-04-15\ANDREW_STUFF\P0_font.ttf)
[2016.04.15-15.20.04:410][158]LogFactory: FactoryCreateBinary: Texture with ReimportTextureFactory (0 0 F:\Desktop\ANDREW_STUFF-2016-04-15\ANDREW_STUFF\Playing_Card_Back.png)
[2016.04.15-15.20.04:439][158]LogTexture:Display: Building textures: Playing_Card_Back (AutoDXT)
[2016.04.15-15.20.04:535][158]LogFactory: FactoryCreateBinary: Texture with ReimportTextureFactory (0 0 F:\Desktop\ANDREW_STUFF-2016-04-15\ANDREW_STUFF\Playing_Card_BANISHED.png)
[2016.04.15-15.20.04:541][158]LogTexture:Display: Building textures: Playing_Card_BANISHED (AutoDXT)
[2016.04.15-15.20.23:760][993]LogFactory: FactoryCreateBinary: Texture with ReimportTextureFactory (0 0 F:\Desktop\documents-export-2016-04-15\BRIEFCASE\Briefcase_Buttons_0.png)
[2016.04.15-15.20.23:777][993]LogTexture:Display: Building textures: Briefcase_Buttons_0 (BGRA8)
[2016.04.15-15.20.23:782][993]LogFactory: FactoryCreateBinary: Texture with ReimportTextureFactory (0 0 F:\Desktop\documents-export-2016-04-15\BRIEFCASE\Briefcase_Buttons_1.png)
[2016.04.15-15.20.23:805][993]LogTexture:Display: Building textures: Briefcase_Buttons_1 (BGRA8)
[2016.04.15-15.20.23:810][993]LogFactory: FactoryCreateBinary: Texture with ReimportTextureFactory (0 0 F:\Desktop\documents-export-2016-04-15\BRIEFCASE\Briefcase_Buttons_2.png)
[2016.04.15-15.20.23:833][993]LogTexture:Display: Building textures: Briefcase_Buttons_2 (BGRA8)
[2016.04.15-15.20.23:838][993]LogFactory: FactoryCreateBinary: Texture with ReimportTextureFactory (0 0 F:\Desktop\documents-export-2016-04-15\BRIEFCASE\Briefcase_Buttons_3.png)
[2016.04.15-15.20.23:860][993]LogTexture:Display: Building textures: Briefcase_Buttons_3 (BGRA8)
[2016.04.15-15.20.23:865][993]LogFactory: FactoryCreateBinary: Texture with ReimportTextureFactory (0 0 F:\Desktop\documents-export-2016-04-15\BRIEFCASE\Briefcase_Buttons_4.png)
[2016.04.15-15.20.23:893][993]LogTexture:Display: Building textures: Briefcase_Buttons_4 (BGRA8)
[2016.04.15-15.20.23:898][993]LogFactory: FactoryCreateBinary: Texture with ReimportTextureFactory (0 0 F:\Desktop\documents-export-2016-04-15\BRIEFCASE\Briefcase_Buttons_5.png)
[2016.04.15-15.20.23:926][993]LogTexture:Display: Building textures: Briefcase_Buttons_5 (BGRA8)
[2016.04.15-15.20.23:931][993]LogFactory: FactoryCreateBinary: Texture with ReimportTextureFactory (0 0 F:\Desktop\documents-export-2016-04-15\BRIEFCASE\Briefcase_Buttons_6.png)
[2016.04.15-15.20.23:961][993]LogTexture:Display: Building textures: Briefcase_Buttons_6 (BGRA8)
[2016.04.15-15.20.23:966][993]LogFactory: FactoryCreateBinary: Texture with ReimportTextureFactory (0 0 F:\Desktop\documents-export-2016-04-15\BRIEFCASE\Briefcase_Buttons_7.png)
[2016.04.15-15.20.23:969][993]LogTexture:Display: Building textures: Briefcase_Buttons_7 (BGRA8)
[2016.04.15-15.20.23:975][993]LogFactory: FactoryCreateBinary: Texture with ReimportTextureFactory (0 0 F:\Desktop\documents-export-2016-04-15\BRIEFCASE\Briefcase_Buttons_8.png)
[2016.04.15-15.20.23:991][993]LogTexture:Display: Building textures: Briefcase_Buttons_8 (BGRA8)
[2016.04.15-15.20.23:996][993]LogFactory: FactoryCreateBinary: Texture with ReimportTextureFactory (0 0 F:\Desktop\documents-export-2016-04-15\BRIEFCASE\Briefcase_Buttons_9.png)
[2016.04.15-15.20.24:017][993]LogTexture:Display: Building textures: Briefcase_Buttons_9 (BGRA8)
[2016.04.15-15.20.24:023][993]LogFactory: FactoryCreateBinary: Texture with ReimportTextureFactory (0 0 F:\Desktop\documents-export-2016-04-15\BRIEFCASE\Briefcase_Bkground.png)
[2016.04.15-15.20.24:125][993]LogTexture:Display: Building textures: Briefcase_Bkground (AutoDXT)
[2016.04.15-15.20.31:702][614]LogSavePackage: Save=212.133102ms
[2016.04.15-15.20.31:702][614]LogSavePackage: Moving '../../../../../../My Media/UCF Documents/DIG 4725-2/HotelBete/Saved/Card_BackgroundAB114CFE4BDFAB9165000FAF869CE102.tmp' to '../../../../../../My Media/UCF Documents/DIG 4725-2/HotelBete/Content/Hotel/Art/UI/Puzzles/P0/Card_Background.uasset'
[2016.04.15-15.20.31:704][614]LogSavePackage: Total save time: 216.609269ms
[2016.04.15-15.20.31:704][614]LogSavePackage:Display: Finished SavePackage ../../../../../../My Media/UCF Documents/DIG 4725-2/HotelBete/Content/Hotel/Art/UI/Puzzles/P0/Card_Background.uasset
[2016.04.15-15.20.31:712][614]Cmd: OBJ SAVEPACKAGE PACKAGE="/Game/Hotel/Art/UI/Puzzles/P0/Card_Evil_2" FILE="../../../../../../My Media/UCF Documents/DIG 4725-2/HotelBete/Content/Hotel/Art/UI/Puzzles/P0/Card_Evil_2.uasset" SILENT=true
[2016.04.15-15.20.31:731][614]LogSavePackage: Save=18.420170ms
[2016.04.15-15.20.31:731][614]LogSavePackage: Moving '../../../../../../My Media/UCF Documents/DIG 4725-2/HotelBete/Saved/Card_Evil_21CE333B74218A843C55CF2B8C56ABFDA.tmp' to '../../../../../../My Media/UCF Documents/DIG 4725-2/HotelBete/Content/Hotel/Art/UI/Puzzles/P0/Card_Evil_2.uasset'
[2016.04.15-15.20.31:733][614]LogSavePackage: Total save time: 20.604048ms
[2016.04.15-15.20.31:734][614]LogSavePackage:Display: Finished SavePackage ../../../../../../My Media/UCF Documents/DIG 4725-2/HotelBete/Content/Hotel/Art/UI/Puzzles/P0/Card_Evil_2.uasset
[2016.04.15-15.20.31:751][614]Cmd: OBJ SAVEPACKAGE PACKAGE="/Game/Hotel/Art/UI/Puzzles/P0/Card_Evil_3" FILE="../../../../../../My Media/UCF Documents/DIG 4725-2/HotelBete/Content/Hotel/Art/UI/Puzzles/P0/Card_Evil_3.uasset" SILENT=true
[2016.04.15-15.20.31:768][614]LogSavePackage: Save=16.691788ms
[2016.04.15-15.20.31:768][614]LogSavePackage: Moving '../../../../../../My Media/UCF Documents/DIG 4725-2/HotelBete/Saved/Card_Evil_3BCD7D9C942170CEC88A8A099129354D9.tmp' to '../../../../../../My Media/UCF Documents/DIG 4725-2/HotelBete/Content/Hotel/Art/UI/Puzzles/P0/Card_Evil_3.uasset'
[2016.04.15-15.20.31:770][614]LogSavePackage: Total save time: 18.103957ms
[2016.04.15-15.20.31:770][614]LogSavePackage:Display: Finished SavePackage ../../../../../../My Media/UCF Documents/DIG 4725-2/HotelBete/Content/Hotel/Art/UI/Puzzles/P0/Card_Evil_3.uasset
[2016.04.15-15.20.31:781][614]Cmd: OBJ SAVEPACKAGE PACKAGE="/Game/Hotel/Art/UI/Puzzles/P0/Card_Evil_4" FILE="../../../../../../My Media/UCF Documents/DIG 4725-2/HotelBete/Content/Hotel/Art/UI/Puzzles/P0/Card_Evil_4.uasset" SILENT=true
[2016.04.15-15.20.31:793][614]LogSavePackage: Save=11.114892ms
[2016.04.15-15.20.31:793][614]LogSavePackage: Moving '../../../../../../My Media/UCF Documents/DIG 4725-2/HotelBete/Saved/Card_Evil_425BA0E7F41442D5802861B999BCBA5A9.tmp' to '../../../../../../My Media/UCF Documents/DIG 4725-2/HotelBete/Content/Hotel/Art/UI/Puzzles/P0/Card_Evil_4.uasset'
[2016.04.15-15.20.31:794][614]LogSavePackage: Total save time: 12.144592ms
[2016.04.15-15.20.31:794][614]LogSavePackage:Display: Finished SavePackage ../../../../../../My Media/UCF Documents/DIG 4725-2/HotelBete/Content/Hotel/Art/UI/Puzzles/P0/Card_Evil_4.uasset
[2016.04.15-15.20.31:802][614]Cmd: OBJ SAVEPACKAGE PACKAGE="/Game/Hotel/Art/UI/Puzzles/P0/Card_Evil_5" FILE="../../../../../../My Media/UCF Documents/DIG 4725-2/HotelBete/Content/Hotel/Art/UI/Puzzles/P0/Card_Evil_5.uasset" SILENT=true
[2016.04.15-15.20.31:813][614]LogSavePackage: Save=11.155799ms
[2016.04.15-15.20.31:813][614]LogSavePackage: Moving '../../../../../../My Media/UCF Documents/DIG 4725-2/HotelBete/Saved/Card_Evil_5A8F142C94851F43820939D80A917A7E4.tmp' to '../../../../../../My Media/UCF Documents/DIG 4725-2/HotelBete/Content/Hotel/Art/UI/Puzzles/P0/Card_Evil_5.uasset'
[2016.04.15-15.20.31:814][614]LogSavePackage: Total save time: 12.178976ms
[2016.04.15-15.20.31:814][614]LogSavePackage:Display: Finished SavePackage ../../../../../../My Media/UCF Documents/DIG 4725-2/HotelBete/Content/Hotel/Art/UI/Puzzles/P0/Card_Evil_5.uasset
[2016.04.15-15.20.31:822][614]Cmd: OBJ SAVEPACKAGE PACKAGE="/Game/Hotel/Art/UI/Puzzles/P0/Card_Evil_6" FILE="../../../../../../My Media/UCF Documents/DIG 4725-2/HotelBete/Content/Hotel/Art/UI/Puzzles/P0/Card_Evil_6.uasset" SILENT=true
[2016.04.15-15.20.31:834][614]LogSavePackage: Save=11.154796ms
[2016.04.15-15.20.31:834][614]LogSavePackage: Moving '../../../../../../My Media/UCF Documents/DIG 4725-2/HotelBete/Saved/Card_Evil_664046D7248306B6559F57892728C3581.tmp' to '../../../../../../My Media/UCF Documents/DIG 4725-2/HotelBete/Content/Hotel/Art/UI/Puzzles/P0/Card_Evil_6.uasset'
[2016.04.15-15.20.31:835][614]LogSavePackage: Total save time: 12.182742ms
[2016.04.15-15.20.31:835][614]LogSavePackage:Display: Finished SavePackage ../../../../../../My Media/UCF Documents/DIG 4725-2/HotelBete/Content/Hotel/Art/UI/Puzzles/P0/Card_Evil_6.uasset
[2016.04.15-15.20.31:843][614]Cmd: OBJ SAVEPACKAGE PACKAGE="/Game/Hotel/Art/UI/Puzzles/P0/Card_Evil_7" FILE="../../../../../../My Media/UCF Documents/DIG 4725-2/HotelBete/Content/Hotel/Art/UI/Puzzles/P0/Card_Evil_7.uasset" SILENT=true
[2016.04.15-15.20.31:855][614]LogSavePackage: Save=11.009237ms
[2016.04.15-15.20.31:855][614]LogSavePackage: Moving '../../../../../../My Media/UCF Documents/DIG 4725-2/HotelBete/Saved/Card_Evil_7D9C817E94686C4DF59DAEFB8FF68561B.tmp' to '../../../../../../My Media/UCF Documents/DIG 4725-2/HotelBete/Content/Hotel/Art/UI/Puzzles/P0/Card_Evil_7.uasset'
[2016.04.15-15.20.31:856][614]LogSavePackage: Total save time: 12.018610ms
[2016.04.15-15.20.31:856][614]LogSavePackage:Display: Finished SavePackage ../../../../../../My Media/UCF Documents/DIG 4725-2/HotelBete/Content/Hotel/Art/UI/Puzzles/P0/Card_Evil_7.uasset
[2016.04.15-15.20.31:864][614]Cmd: OBJ SAVEPACKAGE PACKAGE="/Game/Hotel/Art/UI/Puzzles/P0/Card_Evil_8" FILE="../../../../../../My Media/UCF Documents/DIG 4725-2/HotelBete/Content/Hotel/Art/UI/Puzzles/P0/Card_Evil_8.uasset" SILENT=true
[2016.04.15-15.20.31:876][614]LogSavePackage: Save=11.099333ms
[2016.04.15-15.20.31:876][614]LogSavePackage: Moving '../../../../../../My Media/UCF Documents/DIG 4725-2/HotelBete/Saved/Card_Evil_8FD0456C341BD81133BE2E1898CC9815D.tmp' to '../../../../../../My Media/UCF Documents/DIG 4725-2/HotelBete/Content/Hotel/Art/UI/Puzzles/P0/Card_Evil_8.uasset'
[2016.04.15-15.20.31:877][614]LogSavePackage: Total save time: 12.111716ms
[2016.04.15-15.20.31:877][614]LogSavePackage:Display: Finished SavePackage ../../../../../../My Media/UCF Documents/DIG 4725-2/HotelBete/Content/Hotel/Art/UI/Puzzles/P0/Card_Evil_8.uasset
[2016.04.15-15.20.31:885][614]Cmd: OBJ SAVEPACKAGE PACKAGE="/Game/Hotel/Art/UI/Puzzles/P0/Card_Evil_9" FILE="../../../../../../My Media/UCF Documents/DIG 4725-2/HotelBete/Content/Hotel/Art/UI/Puzzles/P0/Card_Evil_9.uasset" SILENT=true
[2016.04.15-15.20.31:897][614]LogSavePackage: Save=11.168598ms
[2016.04.15-15.20.31:897][614]LogSavePackage: Moving '../../../../../../My Media/UCF Documents/DIG 4725-2/HotelBete/Saved/Card_Evil_9857D625D4BE4C4503A66D189FAB60EBD.tmp' to '../../../../../../My Media/UCF Documents/DIG 4725-2/HotelBete/Content/Hotel/Art/UI/Puzzles/P0/Card_Evil_9.uasset'
[2016.04.15-15.20.31:898][614]LogSavePackage: Total save time: 12.196291ms
[2016.04.15-15.20.31:898][614]LogSavePackage:Display: Finished SavePackage ../../../../../../My Media/UCF Documents/DIG 4725-2/HotelBete/Content/Hotel/Art/UI/Puzzles/P0/Card_Evil_9.uasset
[2016.04.15-15.20.31:917][614]LogSavePackage: Save=11.236860ms
[2016.04.15-15.20.31:917][614]LogSavePackage: Moving '../../../../../../My Media/UCF Documents/DIG 4725-2/HotelBete/Saved/Card_Evil_10F145971A433735CA711FE2AA8AB17808.tmp' to '../../../../../../My Media/UCF Documents/DIG 4725-2/HotelBete/Content/Hotel/Art/UI/Puzzles/P0/Card_Evil_10.uasset'
[2016.04.15-15.20.31:919][614]LogSavePackage: Total save time: 12.241211ms
[2016.04.15-15.20.31:919][614]LogSavePackage:Display: Finished SavePackage ../../../../../../My Media/UCF Documents/DIG 4725-2/HotelBete/Content/Hotel/Art/UI/Puzzles/P0/Card_Evil_10.uasset
[2016.04.15-15.20.31:927][614]Cmd: OBJ SAVEPACKAGE PACKAGE="/Game/Hotel/Art/UI/Puzzles/P0/Card_Evil_A" FILE="../../../../../../My Media/UCF Documents/DIG 4725-2/HotelBete/Content/Hotel/Art/UI/Puzzles/P0/Card_Evil_A.uasset" SILENT=true
[2016.04.15-15.20.31:938][614]LogSavePackage: Save=11.126436ms
[2016.04.15-15.20.31:938][614]LogSavePackage: Moving '../../../../../../My Media/UCF Documents/DIG 4725-2/HotelBete/Saved/Card_Evil_AD1E32B7A4D2132AF9E132D81F8406090.tmp' to '../../../../../../My Media/UCF Documents/DIG 4725-2/HotelBete/Content/Hotel/Art/UI/Puzzles/P0/Card_Evil_A.uasset'
[2016.04.15-15.20.31:939][614]LogSavePackage: Total save time: 12.145847ms
[2016.04.15-15.20.31:939][614]LogSavePackage:Display: Finished SavePackage ../../../../../../My Media/UCF Documents/DIG 4725-2/HotelBete/Content/Hotel/Art/UI/Puzzles/P0/Card_Evil_A.uasset
[2016.04.15-15.20.31:948][614]Cmd: OBJ SAVEPACKAGE PACKAGE="/Game/Hotel/Art/UI/Puzzles/P0/Card_Evil_J" FILE="../../../../../../My Media/UCF Documents/DIG 4725-2/HotelBete/Content/Hotel/Art/UI/Puzzles/P0/Card_Evil_J.uasset" SILENT=true
[2016.04.15-15.20.31:959][614]LogSavePackage: Save=11.135221ms
[2016.04.15-15.20.31:959][614]LogSavePackage: Moving '../../../../../../My Media/UCF Documents/DIG 4725-2/HotelBete/Saved/Card_Evil_J48A8BE074AF504FDDB809E93B6D79F81.tmp' to '../../../../../../My Media/UCF Documents/DIG 4725-2/HotelBete/Content/Hotel/Art/UI/Puzzles/P0/Card_Evil_J.uasset'
[2016.04.15-15.20.31:960][614]LogSavePackage: Total save time: 12.186754ms
[2016.04.15-15.20.31:960][614]LogSavePackage:Display: Finished SavePackage ../../../../../../My Media/UCF Documents/DIG 4725-2/HotelBete/Content/Hotel/Art/UI/Puzzles/P0/Card_Evil_J.uasset
[2016.04.15-15.20.31:968][614]Cmd: OBJ SAVEPACKAGE PACKAGE="/Game/Hotel/Art/UI/Puzzles/P0/Card_Evil_k" FILE="../../../../../../My Media/UCF Documents/DIG 4725-2/HotelBete/Content/Hotel/Art/UI/Puzzles/P0/Card_Evil_k.uasset" SILENT=true
[2016.04.15-15.20.31:980][614]LogSavePackage: Save=11.238868ms
[2016.04.15-15.20.31:980][614]LogSavePackage: Moving '../../../../../../My Media/UCF Documents/DIG 4725-2/HotelBete/Saved/Card_Evil_k69B114FB429F404847D884B0373EB765.tmp' to '../../../../../../My Media/UCF Documents/DIG 4725-2/HotelBete/Content/Hotel/Art/UI/Puzzles/P0/Card_Evil_k.uasset'
[2016.04.15-15.20.31:981][614]LogSavePackage: Total save time: 12.242720ms
[2016.04.15-15.20.31:981][614]LogSavePackage:Display: Finished SavePackage ../../../../../../My Media/UCF Documents/DIG 4725-2/HotelBete/Content/Hotel/Art/UI/Puzzles/P0/Card_Evil_k.uasset
[2016.04.15-15.20.31:989][614]Cmd: OBJ SAVEPACKAGE PACKAGE="/Game/Hotel/Art/UI/Puzzles/P0/Card_Evil_Q" FILE="../../../../../../My Media/UCF Documents/DIG 4725-2/HotelBete/Content/Hotel/Art/UI/Puzzles/P0/Card_Evil_Q.uasset" SILENT=true
[2016.04.15-15.20.32:001][614]LogSavePackage: Save=11.298848ms
[2016.04.15-15.20.32:001][614]LogSavePackage: Moving '../../../../../../My Media/UCF Documents/DIG 4725-2/HotelBete/Saved/Card_Evil_QDACE22834C4BCA711214C99061D6200A.tmp' to '../../../../../../My Media/UCF Documents/DIG 4725-2/HotelBete/Content/Hotel/Art/UI/Puzzles/P0/Card_Evil_Q.uasset'
[2016.04.15-15.20.32:002][614]LogSavePackage: Total save time: 12.363181ms
[2016.04.15-15.20.32:002][614]LogSavePackage:Display: Finished SavePackage ../../../../../../My Media/UCF Documents/DIG 4725-2/HotelBete/Content/Hotel/Art/UI/Puzzles/P0/Card_Evil_Q.uasset
[2016.04.15-15.20.32:010][614]Cmd: OBJ SAVEPACKAGE PACKAGE="/Game/Hotel/Art/UI/Puzzles/P0/Card_Halo_2" FILE="../../../../../../My Media/UCF Documents/DIG 4725-2/HotelBete/Content/Hotel/Art/UI/Puzzles/P0/Card_Halo_2.uasset" SILENT=true
[2016.04.15-15.20.32:022][614]LogSavePackage: Save=11.165586ms
[2016.04.15-15.20.32:022][614]LogSavePackage: Moving '../../../../../../My Media/UCF Documents/DIG 4725-2/HotelBete/Saved/Card_Halo_2EBFC13B1462828F6FD7100BFE365DB33.tmp' to '../../../../../../My Media/UCF Documents/DIG 4725-2/HotelBete/Content/Hotel/Art/UI/Puzzles/P0/Card_Halo_2.uasset'
[2016.04.15-15.20.32:023][614]LogSavePackage: Total save time: 12.204319ms
[2016.04.15-15.20.32:023][614]LogSavePackage:Display: Finished SavePackage ../../../../../../My Media/UCF Documents/DIG 4725-2/HotelBete/Content/Hotel/Art/UI/Puzzles/P0/Card_Halo_2.uasset
[2016.04.15-15.20.32:031][614]Cmd: OBJ SAVEPACKAGE PACKAGE="/Game/Hotel/Art/UI/Puzzles/P0/Card_Halo_3" FILE="../../../../../../My Media/UCF Documents/DIG 4725-2/HotelBete/Content/Hotel/Art/UI/Puzzles/P0/Card_Halo_3.uasset" SILENT=true
[2016.04.15-15.20.32:042][614]LogSavePackage: Save=10.874219ms
[2016.04.15-15.20.32:042][614]LogSavePackage: Moving '../../../../../../My Media/UCF Documents/DIG 4725-2/HotelBete/Saved/Card_Halo_31F75B6E943C71AD1C3716A854149A43F.tmp' to '../../../../../../My Media/UCF Documents/DIG 4725-2/HotelBete/Content/Hotel/Art/UI/Puzzles/P0/Card_Halo_3.uasset'
[2016.04.15-15.20.32:043][614]LogSavePackage: Total save time: 11.924747ms
[2016.04.15-15.20.32:043][614]LogSavePackage:Display: Finished SavePackage ../../../../../../My Media/UCF Documents/DIG 4725-2/HotelBete/Content/Hotel/Art/UI/Puzzles/P0/Card_Halo_3.uasset
[2016.04.15-15.20.32:051][614]Cmd: OBJ SAVEPACKAGE PACKAGE="/Game/Hotel/Art/UI/Puzzles/P0/Card_Halo_4" FILE="../../../../../../My Media/UCF Documents/DIG 4725-2/HotelBete/Content/Hotel/Art/UI/Puzzles/P0/Card_Halo_4.uasset" SILENT=true
[2016.04.15-15.20.32:063][614]LogSavePackage: Save=10.911111ms
[2016.04.15-15.20.32:063][614]LogSavePackage: Moving '../../../../../../My Media/UCF Documents/DIG 4725-2/HotelBete/Saved/Card_Halo_4D507D2BB4FEE916CB779D0961980A470.tmp' to '../../../../../../My Media/UCF Documents/DIG 4725-2/HotelBete/Content/Hotel/Art/UI/Puzzles/P0/Card_Halo_4.uasset'
[2016.04.15-15.20.32:064][614]LogSavePackage: Total save time: 11.922490ms
[2016.04.15-15.20.32:064][614]LogSavePackage:Display: Finished SavePackage ../../../../../../My Media/UCF Documents/DIG 4725-2/HotelBete/Content/Hotel/Art/UI/Puzzles/P0/Card_Halo_4.uasset
[2016.04.15-15.20.32:072][614]Cmd: OBJ SAVEPACKAGE PACKAGE="/Game/Hotel/Art/UI/Puzzles/P0/Card_Halo_5" FILE="../../../../../../My Media/UCF Documents/DIG 4725-2/HotelBete/Content/Hotel/Art/UI/Puzzles/P0/Card_Halo_5.uasset" SILENT=true
[2016.04.15-15.20.32:083][614]LogSavePackage: Save=10.893042ms
[2016.04.15-15.20.32:083][614]LogSavePackage: Moving '../../../../../../My Media/UCF Documents/DIG 4725-2/HotelBete/Saved/Card_Halo_5E5C1EF784E6E22ED7D35A88353E66AC8.tmp' to '../../../../../../My Media/UCF Documents/DIG 4725-2/HotelBete/Content/Hotel/Art/UI/Puzzles/P0/Card_Halo_5.uasset'
[2016.04.15-15.20.32:084][614]LogSavePackage: Total save time: 11.937298ms
[2016.04.15-15.20.32:084][614]LogSavePackage:Display: Finished SavePackage ../../../../../../My Media/UCF Documents/DIG 4725-2/HotelBete/Content/Hotel/Art/UI/Puzzles/P0/Card_Halo_5.uasset
[2016.04.15-15.20.32:092][614]Cmd: OBJ SAVEPACKAGE PACKAGE="/Game/Hotel/Art/UI/Puzzles/P0/Card_Halo_6" FILE="../../../../../../My Media/UCF Documents/DIG 4725-2/HotelBete/Content/Hotel/Art/UI/Puzzles/P0/Card_Halo_6.uasset" SILENT=true
[2016.04.15-15.20.32:104][614]LogSavePackage: Save=10.838833ms
[2016.04.15-15.20.32:104][614]LogSavePackage: Moving '../../../../../../My Media/UCF Documents/DIG 4725-2/HotelBete/Saved/Card_Halo_600D77E04423F53FDD294E1B758602CFB.tmp' to '../../../../../../My Media/UCF Documents/DIG 4725-2/HotelBete/Content/Hotel/Art/UI/Puzzles/P0/Card_Halo_6.uasset'
[2016.04.15-15.20.32:105][614]LogSavePackage: Total save time: 11.866026ms
[2016.04.15-15.20.32:105][614]LogSavePackage:Display: Finished SavePackage ../../../../../../My Media/UCF Documents/DIG 4725-2/HotelBete/Content/Hotel/Art/UI/Puzzles/P0/Card_Halo_6.uasset
[2016.04.15-15.20.32:113][614]Cmd: OBJ SAVEPACKAGE PACKAGE="/Game/Hotel/Art/UI/Puzzles/P0/Card_Halo_7" FILE="../../../../../../My Media/UCF Documents/DIG 4725-2/HotelBete/Content/Hotel/Art/UI/Puzzles/P0/Card_Halo_7.uasset" SILENT=true
[2016.04.15-15.20.32:125][614]LogSavePackage: Save=10.904334ms
[2016.04.15-15.20.32:125][614]LogSavePackage: Moving '../../../../../../My Media/UCF Documents/DIG 4725-2/HotelBete/Saved/Card_Halo_7D48AF28D406EB24AB3089DBE775AAA4A.tmp' to '../../../../../../My Media/UCF Documents/DIG 4725-2/HotelBete/Content/Hotel/Art/UI/Puzzles/P0/Card_Halo_7.uasset'
[2016.04.15-15.20.32:126][614]LogSavePackage: Total save time: 11.956874ms
[2016.04.15-15.20.32:126][614]LogSavePackage:Display: Finished SavePackage ../../../../../../My Media/UCF Documents/DIG 4725-2/HotelBete/Content/Hotel/Art/UI/Puzzles/P0/Card_Halo_7.uasset
[2016.04.15-15.20.32:134][614]Cmd: OBJ SAVEPACKAGE PACKAGE="/Game/Hotel/Art/UI/Puzzles/P0/Card_Halo_8" FILE="../../../../../../My Media/UCF Documents/DIG 4725-2/HotelBete/Content/Hotel/Art/UI/Puzzles/P0/Card_Halo_8.uasset" SILENT=true
[2016.04.15-15.20.32:146][614]LogSavePackage: Save=11.012751ms
[2016.04.15-15.20.32:146][614]LogSavePackage: Moving '../../../../../../My Media/UCF Documents/DIG 4725-2/HotelBete/Saved/Card_Halo_86FDC5FB542C244B749B71494277C44BF.tmp' to '../../../../../../My Media/UCF Documents/DIG 4725-2/HotelBete/Content/Hotel/Art/UI/Puzzles/P0/Card_Halo_8.uasset'
[2016.04.15-15.20.32:147][614]LogSavePackage: Total save time: 12.040943ms
[2016.04.15-15.20.32:147][614]LogSavePackage:Display: Finished SavePackage ../../../../../../My Media/UCF Documents/DIG 4725-2/HotelBete/Content/Hotel/Art/UI/Puzzles/P0/Card_Halo_8.uasset
[2016.04.15-15.20.32:155][614]Cmd: OBJ SAVEPACKAGE PACKAGE="/Game/Hotel/Art/UI/Puzzles/P0/Card_Halo_9" FILE="../../../../../../My Media/UCF Documents/DIG 4725-2/HotelBete/Content/Hotel/Art/UI/Puzzles/P0/Card_Halo_9.uasset" SILENT=true
[2016.04.15-15.20.32:166][614]LogSavePackage: Save=11.142749ms
[2016.04.15-15.20.32:167][614]LogSavePackage: Moving '../../../../../../My Media/UCF Documents/DIG 4725-2/HotelBete/Saved/Card_Halo_9E0BBB8D640B997E255C778A087228407.tmp' to '../../../../../../My Media/UCF Documents/DIG 4725-2/HotelBete/Content/Hotel/Art/UI/Puzzles/P0/Card_Halo_9.uasset'
[2016.04.15-15.20.32:167][614]LogSavePackage: Total save time: 12.188762ms
[2016.04.15-15.20.32:167][614]LogSavePackage:Display: Finished SavePackage ../../../../../../My Media/UCF Documents/DIG 4725-2/HotelBete/Content/Hotel/Art/UI/Puzzles/P0/Card_Halo_9.uasset
[2016.04.15-15.20.32:187][614]LogSavePackage: Save=10.971341ms
[2016.04.15-15.20.32:187][614]LogSavePackage: Moving '../../../../../../My Media/UCF Documents/DIG 4725-2/HotelBete/Saved/Card_Halo_10F92D213C40862C2811E3DBB72C28B90B.tmp' to '../../../../../../My Media/UCF Documents/DIG 4725-2/HotelBete/Content/Hotel/Art/UI/Puzzles/P0/Card_Halo_10.uasset'
[2016.04.15-15.20.32:188][614]LogSavePackage: Total save time: 11.972181ms
[2016.04.15-15.20.32:188][614]LogSavePackage:Display: Finished SavePackage ../../../../../../My Media/UCF Documents/DIG 4725-2/HotelBete/Content/Hotel/Art/UI/Puzzles/P0/Card_Halo_10.uasset
[2016.04.15-15.20.32:196][614]Cmd: OBJ SAVEPACKAGE PACKAGE="/Game/Hotel/Art/UI/Puzzles/P0/Card_Halo_A" FILE="../../../../../../My Media/UCF Documents/DIG 4725-2/HotelBete/Content/Hotel/Art/UI/Puzzles/P0/Card_Halo_A.uasset" SILENT=true
[2016.04.15-15.20.32:208][614]LogSavePackage: Save=10.901825ms
[2016.04.15-15.20.32:208][614]LogSavePackage: Moving '../../../../../../My Media/UCF Documents/DIG 4725-2/HotelBete/Saved/Card_Halo_A0CAA759941B9B0382D9FF48B0440239A.tmp' to '../../../../../../My Media/UCF Documents/DIG 4725-2/HotelBete/Content/Hotel/Art/UI/Puzzles/P0/Card_Halo_A.uasset'
[2016.04.15-15.20.32:209][614]LogSavePackage: Total save time: 11.948340ms
[2016.04.15-15.20.32:209][614]LogSavePackage:Display: Finished SavePackage ../../../../../../My Media/UCF Documents/DIG 4725-2/HotelBete/Content/Hotel/Art/UI/Puzzles/P0/Card_Halo_A.uasset
[2016.04.15-15.20.32:217][614]Cmd: OBJ SAVEPACKAGE PACKAGE="/Game/Hotel/Art/UI/Puzzles/P0/Card_Halo_J" FILE="../../../../../../My Media/UCF Documents/DIG 4725-2/HotelBete/Content/Hotel/Art/UI/Puzzles/P0/Card_Halo_J.uasset" SILENT=true
[2016.04.15-15.20.32:229][614]LogSavePackage: Save=11.022538ms
[2016.04.15-15.20.32:229][614]LogSavePackage: Moving '../../../../../../My Media/UCF Documents/DIG 4725-2/HotelBete/Saved/Card_Halo_JA7D55B79491459C1BB3729846E545714.tmp' to '../../../../../../My Media/UCF Documents/DIG 4725-2/HotelBete/Content/Hotel/Art/UI/Puzzles/P0/Card_Halo_J.uasset'
[2016.04.15-15.20.32:230][614]LogSavePackage: Total save time: 12.088876ms
[2016.04.15-15.20.32:230][614]LogSavePackage:Display: Finished SavePackage ../../../../../../My Media/UCF Documents/DIG 4725-2/HotelBete/Content/Hotel/Art/UI/Puzzles/P0/Card_Halo_J.uasset
[2016.04.15-15.20.32:238][614]Cmd: OBJ SAVEPACKAGE PACKAGE="/Game/Hotel/Art/UI/Puzzles/P0/Card_Halo_K" FILE="../../../../../../My Media/UCF Documents/DIG 4725-2/HotelBete/Content/Hotel/Art/UI/Puzzles/P0/Card_Halo_K.uasset" SILENT=true
[2016.04.15-15.20.32:249][614]LogSavePackage: Save=10.914373ms
[2016.04.15-15.20.32:249][614]LogSavePackage: Moving '../../../../../../My Media/UCF Documents/DIG 4725-2/HotelBete/Saved/Card_Halo_K414994B84ADFA4454AC55C90FED39F15.tmp' to '../../../../../../My Media/UCF Documents/DIG 4725-2/HotelBete/Content/Hotel/Art/UI/Puzzles/P0/Card_Halo_K.uasset'
[2016.04.15-15.20.32:250][614]LogSavePackage: Total save time: 11.924248ms
[2016.04.15-15.20.32:250][614]LogSavePackage:Display: Finished SavePackage ../../../../../../My Media/UCF Documents/DIG 4725-2/HotelBete/Content/Hotel/Art/UI/Puzzles/P0/Card_Halo_K.uasset
[2016.04.15-15.20.32:258][614]Cmd: OBJ SAVEPACKAGE PACKAGE="/Game/Hotel/Art/UI/Puzzles/P0/Card_Halo_Q" FILE="../../../../../../My Media/UCF Documents/DIG 4725-2/HotelBete/Content/Hotel/Art/UI/Puzzles/P0/Card_Halo_Q.uasset" SILENT=true
[2016.04.15-15.20.32:270][614]LogSavePackage: Save=10.994431ms
[2016.04.15-15.20.32:270][614]LogSavePackage: Moving '../../../../../../My Media/UCF Documents/DIG 4725-2/HotelBete/Saved/Card_Halo_Q517C2B2643E3025B36D561BC669698A7.tmp' to '../../../../../../My Media/UCF Documents/DIG 4725-2/HotelBete/Content/Hotel/Art/UI/Puzzles/P0/Card_Halo_Q.uasset'
[2016.04.15-15.20.32:271][614]LogSavePackage: Total save time: 12.013588ms
[2016.04.15-15.20.32:271][614]LogSavePackage:Display: Finished SavePackage ../../../../../../My Media/UCF Documents/DIG 4725-2/HotelBete/Content/Hotel/Art/UI/Puzzles/P0/Card_Halo_Q.uasset
[2016.04.15-15.20.32:279][614]Cmd: OBJ SAVEPACKAGE PACKAGE="/Game/Hotel/Art/UI/Puzzles/P0/P0_font" FILE="../../../../../../My Media/UCF Documents/DIG 4725-2/HotelBete/Content/Hotel/Art/UI/Puzzles/P0/P0_font.uasset" SILENT=true
[2016.04.15-15.20.32:305][614]LogSavePackage: Save=25.370834ms
[2016.04.15-15.20.32:305][614]LogSavePackage: Moving '../../../../../../My Media/UCF Documents/DIG 4725-2/HotelBete/Saved/P0_font0C6F490F49B04FCBB830B69CD31CD96A.tmp' to '../../../../../../My Media/UCF Documents/DIG 4725-2/HotelBete/Content/Hotel/Art/UI/Puzzles/P0/P0_font.uasset'
[2016.04.15-15.20.32:306][614]LogSavePackage: Total save time: 26.593275ms
[2016.04.15-15.20.32:306][614]LogSavePackage:Display: Finished SavePackage ../../../../../../My Media/UCF Documents/DIG 4725-2/HotelBete/Content/Hotel/Art/UI/Puzzles/P0/P0_font.uasset
[2016.04.15-15.20.32:326][614]LogSavePackage: Save=11.371376ms
[2016.04.15-15.20.32:326][614]LogSavePackage: Moving '../../../../../../My Media/UCF Documents/DIG 4725-2/HotelBete/Saved/Playing_Card_Back90E393CF4BF3C425666D2094C000266B.tmp' to '../../../../../../My Media/UCF Documents/DIG 4725-2/HotelBete/Content/Hotel/Art/UI/Puzzles/P0/Playing_Card_Back.uasset'
[2016.04.15-15.20.32:327][614]LogSavePackage: Total save time: 12.417391ms
[2016.04.15-15.20.32:327][614]LogSavePackage:Display: Finished SavePackage ../../../../../../My Media/UCF Documents/DIG 4725-2/HotelBete/Content/Hotel/Art/UI/Puzzles/P0/Playing_Card_Back.uasset
[2016.04.15-15.20.32:348][614]LogSavePackage: Save=12.092393ms
[2016.04.15-15.20.32:348][614]LogSavePackage: Moving '../../../../../../My Media/UCF Documents/DIG 4725-2/HotelBete/Saved/Playing_Card_BANISHED16CDC66F4497C263278E889AF286F65B.tmp' to '../../../../../../My Media/UCF Documents/DIG 4725-2/HotelBete/Content/Hotel/Art/UI/Puzzles/P0/Playing_Card_BANISHED.uasset'
[2016.04.15-15.20.32:349][614]LogSavePackage: Total save time: 13.115570ms
[2016.04.15-15.20.32:349][614]LogSavePackage:Display: Finished SavePackage ../../../../../../My Media/UCF Documents/DIG 4725-2/HotelBete/Content/Hotel/Art/UI/Puzzles/P0/Playing_Card_BANISHED.uasset
[2016.04.15-15.20.32:369][614]LogSavePackage: Save=11.292574ms
[2016.04.15-15.20.32:369][614]LogSavePackage: Moving '../../../../../../My Media/UCF Documents/DIG 4725-2/HotelBete/Saved/Briefcase_Buttons_04E51F66A43D1ED9902E2ACAAF4319DA6.tmp' to '../../../../../../My Media/UCF Documents/DIG 4725-2/HotelBete/Content/Hotel/Art/UI/Puzzles/P3/Briefcase_Buttons_0.uasset'
[2016.04.15-15.20.32:369][614]LogSavePackage: Total save time: 12.321271ms
[2016.04.15-15.20.32:369][614]LogSavePackage:Display: Finished SavePackage ../../../../../../My Media/UCF Documents/DIG 4725-2/HotelBete/Content/Hotel/Art/UI/Puzzles/P3/Briefcase_Buttons_0.uasset
[2016.04.15-15.20.32:389][614]LogSavePackage: Save=11.476027ms
[2016.04.15-15.20.32:389][614]LogSavePackage: Moving '../../../../../../My Media/UCF Documents/DIG 4725-2/HotelBete/Saved/Briefcase_Buttons_1AAB198DE42009E343BC8F38D6B6844EF.tmp' to '../../../../../../My Media/UCF Documents/DIG 4725-2/HotelBete/Content/Hotel/Art/UI/Puzzles/P3/Briefcase_Buttons_1.uasset'
[2016.04.15-15.20.32:390][614]LogSavePackage: Total save time: 12.627695ms
[2016.04.15-15.20.32:390][614]LogSavePackage:Display: Finished SavePackage ../../../../../../My Media/UCF Documents/DIG 4725-2/HotelBete/Content/Hotel/Art/UI/Puzzles/P3/Briefcase_Buttons_1.uasset
[2016.04.15-15.20.32:409][614]LogSavePackage: Save=11.086032ms
[2016.04.15-15.20.32:409][614]LogSavePackage: Moving '../../../../../../My Media/UCF Documents/DIG 4725-2/HotelBete/Saved/Briefcase_Buttons_25B9C4C7044C11324F756248E2797A369.tmp' to '../../../../../../My Media/UCF Documents/DIG 4725-2/HotelBete/Content/Hotel/Art/UI/Puzzles/P3/Briefcase_Buttons_2.uasset'
[2016.04.15-15.20.32:409][614]LogSavePackage: Total save time: 12.109958ms
[2016.04.15-15.20.32:410][614]LogSavePackage:Display: Finished SavePackage ../../../../../../My Media/UCF Documents/DIG 4725-2/HotelBete/Content/Hotel/Art/UI/Puzzles/P3/Briefcase_Buttons_2.uasset
[2016.04.15-15.20.32:428][614]LogSavePackage: Save=11.323442ms
[2016.04.15-15.20.32:428][614]LogSavePackage: Moving '../../../../../../My Media/UCF Documents/DIG 4725-2/HotelBete/Saved/Briefcase_Buttons_32323711D495910A78A63199FFBEF470A.tmp' to '../../../../../../My Media/UCF Documents/DIG 4725-2/HotelBete/Content/Hotel/Art/UI/Puzzles/P3/Briefcase_Buttons_3.uasset'
[2016.04.15-15.20.32:429][614]LogSavePackage: Total save time: 12.371715ms
[2016.04.15-15.20.32:429][614]LogSavePackage:Display: Finished SavePackage ../../../../../../My Media/UCF Documents/DIG 4725-2/HotelBete/Content/Hotel/Art/UI/Puzzles/P3/Briefcase_Buttons_3.uasset
[2016.04.15-15.20.32:448][614]LogSavePackage: Save=11.464483ms
[2016.04.15-15.20.32:448][614]LogSavePackage: Moving '../../../../../../My Media/UCF Documents/DIG 4725-2/HotelBete/Saved/Briefcase_Buttons_49D0D65FC47F38BC6A7DF6EB4821A361E.tmp' to '../../../../../../My Media/UCF Documents/DIG 4725-2/HotelBete/Content/Hotel/Art/UI/Puzzles/P3/Briefcase_Buttons_4.uasset'
[2016.04.15-15.20.32:449][614]LogSavePackage: Total save time: 12.578003ms
[2016.04.15-15.20.32:449][614]LogSavePackage:Display: Finished SavePackage ../../../../../../My Media/UCF Documents/DIG 4725-2/HotelBete/Content/Hotel/Art/UI/Puzzles/P3/Briefcase_Buttons_4.uasset
[2016.04.15-15.20.32:468][614]LogSavePackage: Save=11.107865ms
[2016.04.15-15.20.32:468][614]LogSavePackage: Moving '../../../../../../My Media/UCF Documents/DIG 4725-2/HotelBete/Saved/Briefcase_Buttons_51AA56E93496F50871D0E07B756E8104F.tmp' to '../../../../../../My Media/UCF Documents/DIG 4725-2/HotelBete/Content/Hotel/Art/UI/Puzzles/P3/Briefcase_Buttons_5.uasset'
[2016.04.15-15.20.32:469][614]LogSavePackage: Total save time: 12.137566ms
[2016.04.15-15.20.32:469][614]LogSavePackage:Display: Finished SavePackage ../../../../../../My Media/UCF Documents/DIG 4725-2/HotelBete/Content/Hotel/Art/UI/Puzzles/P3/Briefcase_Buttons_5.uasset
[2016.04.15-15.20.32:488][614]LogSavePackage: Save=11.125433ms
[2016.04.15-15.20.32:488][614]LogSavePackage: Moving '../../../../../../My Media/UCF Documents/DIG 4725-2/HotelBete/Saved/Briefcase_Buttons_67B8C6BA645879E2A07C0AC83FB378951.tmp' to '../../../../../../My Media/UCF Documents/DIG 4725-2/HotelBete/Content/Hotel/Art/UI/Puzzles/P3/Briefcase_Buttons_6.uasset'
[2016.04.15-15.20.32:489][614]LogSavePackage: Total save time: 12.181483ms
[2016.04.15-15.20.32:489][614]LogSavePackage:Display: Finished SavePackage ../../../../../../My Media/UCF Documents/DIG 4725-2/HotelBete/Content/Hotel/Art/UI/Puzzles/P3/Briefcase_Buttons_6.uasset
[2016.04.15-15.20.32:508][614]LogSavePackage: Save=11.319176ms
[2016.04.15-15.20.32:508][614]LogSavePackage: Moving '../../../../../../My Media/UCF Documents/DIG 4725-2/HotelBete/Saved/Briefcase_Buttons_71E8ABAED45F46144A4B2EB97C38FDA2A.tmp' to '../../../../../../My Media/UCF Documents/DIG 4725-2/HotelBete/Content/Hotel/Art/UI/Puzzles/P3/Briefcase_Buttons_7.uasset'
[2016.04.15-15.20.32:509][614]LogSavePackage: Total save time: 12.378488ms
[2016.04.15-15.20.32:509][614]LogSavePackage:Display: Finished SavePackage ../../../../../../My Media/UCF Documents/DIG 4725-2/HotelBete/Content/Hotel/Art/UI/Puzzles/P3/Briefcase_Buttons_7.uasset
[2016.04.15-15.20.32:528][614]LogSavePackage: Save=11.149023ms
[2016.04.15-15.20.32:528][614]LogSavePackage: Moving '../../../../../../My Media/UCF Documents/DIG 4725-2/HotelBete/Saved/Briefcase_Buttons_8154DBAB34903DA190FC19F853B5DDD5F.tmp' to '../../../../../../My Media/UCF Documents/DIG 4725-2/HotelBete/Content/Hotel/Art/UI/Puzzles/P3/Briefcase_Buttons_8.uasset'
[2016.04.15-15.20.32:529][614]LogSavePackage: Total save time: 12.192275ms
[2016.04.15-15.20.32:529][614]LogSavePackage:Display: Finished SavePackage ../../../../../../My Media/UCF Documents/DIG 4725-2/HotelBete/Content/Hotel/Art/UI/Puzzles/P3/Briefcase_Buttons_8.uasset
[2016.04.15-15.20.32:548][614]LogSavePackage: Save=11.287555ms
[2016.04.15-15.20.32:548][614]LogSavePackage: Moving '../../../../../../My Media/UCF Documents/DIG 4725-2/HotelBete/Saved/Briefcase_Buttons_9BBD6F297444F52F66E0C20861A831690.tmp' to '../../../../../../My Media/UCF Documents/DIG 4725-2/HotelBete/Content/Hotel/Art/UI/Puzzles/P3/Briefcase_Buttons_9.uasset'
[2016.04.15-15.20.32:549][614]LogSavePackage: Total save time: 12.322526ms
[2016.04.15-15.20.32:549][614]LogSavePackage:Display: Finished SavePackage ../../../../../../My Media/UCF Documents/DIG 4725-2/HotelBete/Content/Hotel/Art/UI/Puzzles/P3/Briefcase_Buttons_9.uasset
[2016.04.15-15.20.32:764][614]LogSavePackage: Save=207.140442ms
[2016.04.15-15.20.32:764][614]LogSavePackage: Moving '../../../../../../My Media/UCF Documents/DIG 4725-2/HotelBete/Saved/Briefcase_Bkground9953742F42D75E8C83731D805A9153E7.tmp' to '../../../../../../My Media/UCF Documents/DIG 4725-2/HotelBete/Content/Hotel/Art/UI/Puzzles/P3/Briefcase_Bkground.uasset'
[2016.04.15-15.20.32:765][614]LogSavePackage: Total save time: 208.225608ms
[2016.04.15-15.20.32:765][614]LogSavePackage:Display: Finished SavePackage ../../../../../../My Media/UCF Documents/DIG 4725-2/HotelBete/Content/Hotel/Art/UI/Puzzles/P3/Briefcase_Bkground.uasset
[2016.04.15-15.21.22:093][671]LogFactory: FactoryCreateBinary: Texture with ReimportTextureFactory (0 0 F:\Desktop\documents-export-2016-04-15\INTRO_DIALOGUE\15.png)
[2016.04.15-15.21.22:103][671]LogTexture:Display: Building textures: 15 (BGRA8)
[2016.04.15-15.21.22:130][671]LogFactory: FactoryCreateBinary: Texture with ReimportTextureFactory (0 0 F:\Desktop\documents-export-2016-04-15\INTRO_DIALOGUE\16.png)
[2016.04.15-15.21.22:139][671]LogTexture:Display: Building textures: 16 (BGRA8)
[2016.04.15-15.21.22:162][671]LogFactory: FactoryCreateBinary: Texture with ReimportTextureFactory (0 0 F:\Desktop\documents-export-2016-04-15\INTRO_DIALOGUE\17.png)
[2016.04.15-15.21.22:175][671]LogTexture:Display: Building textures: 17 (BGRA8)
[2016.04.15-15.21.22:193][671]LogFactory: FactoryCreateBinary: Texture with ReimportTextureFactory (0 0 F:\Desktop\documents-export-2016-04-15\INTRO_DIALOGUE\18.png)
[2016.04.15-15.21.22:209][671]LogTexture:Display: Building textures: 18 (BGRA8)
[2016.04.15-15.21.22:234][671]LogFactory: FactoryCreateBinary: Texture with ReimportTextureFactory (0 0 F:\Desktop\documents-export-2016-04-15\INTRO_DIALOGUE\19.png)
[2016.04.15-15.21.22:242][671]LogTexture:Display: Building textures: 19 (BGRA8)
[2016.04.15-15.21.22:263][671]LogFactory: FactoryCreateBinary: Texture with ReimportTextureFactory (0 0 F:\Desktop\documents-export-2016-04-15\INTRO_DIALOGUE\20.png)
[2016.04.15-15.21.22:282][671]LogTexture:Display: Building textures: 20 (BGRA8)
[2016.04.15-15.21.22:306][671]LogFactory: FactoryCreateBinary: Texture with ReimportTextureFactory (0 0 F:\Desktop\documents-export-2016-04-15\INTRO_DIALOGUE\21.png)
[2016.04.15-15.21.22:315][671]LogTexture:Display: Building textures: 21 (BGRA8)
[2016.04.15-15.21.22:335][671]LogFactory: FactoryCreateBinary: Texture with ReimportTextureFactory (0 0 F:\Desktop\documents-export-2016-04-15\INTRO_DIALOGUE\22.png)
[2016.04.15-15.21.22:343][671]LogTexture:Display: Building textures: 22 (BGRA8)
[2016.04.15-15.21.22:363][671]LogFactory: FactoryCreateBinary: Texture with ReimportTextureFactory (0 0 F:\Desktop\documents-export-2016-04-15\INTRO_DIALOGUE\Credits_Scroller.jpg)
[2016.04.15-15.21.22:506][671]LogTexture:Display: Building textures: Credits_Scroller (AutoDXT)
[2016.04.15-15.21.23:716][671]LogFactory: FactoryCreateBinary: Texture with ReimportTextureFactory (0 0 F:\Desktop\documents-export-2016-04-15\INTRO_DIALOGUE\intro_layout.png)
[2016.04.15-15.21.23:771][671]LogTexture:Display: Building textures: intro_layout (AutoDXT)
[2016.04.15-15.21.24:030][671]LogFactory: FactoryCreateBinary: Texture with ReimportTextureFactory (0 0 F:\Desktop\documents-export-2016-04-15\INTRO_DIALOGUE\Tab_01.png)
[2016.04.15-15.21.24:107][671]LogTexture:Display: Building textures: Tab_01 (BGRA8)
[2016.04.15-15.21.24:237][671]LogFactory: FactoryCreateBinary: Texture with ReimportTextureFactory (0 0 F:\Desktop\documents-export-2016-04-15\INTRO_DIALOGUE\Tab_02.png)
[2016.04.15-15.21.24:304][671]LogTexture:Display: Building textures: Tab_02 (BGRA8)
[2016.04.15-15.21.24:404][671]LogFactory: FactoryCreateBinary: Texture with ReimportTextureFactory (0 0 F:\Desktop\documents-export-2016-04-15\INTRO_DIALOGUE\Tab_03.png)
[2016.04.15-15.21.24:476][671]LogTexture:Display: Building textures: Tab_03 (BGRA8)
[2016.04.15-15.21.24:596][671]LogFactory: FactoryCreateBinary: Texture with ReimportTextureFactory (0 0 F:\Desktop\documents-export-2016-04-15\INTRO_DIALOGUE\Tab_04.png)
[2016.04.15-15.21.24:687][671]LogTexture:Display: Building textures: Tab_04 (AutoDXT)
[2016.04.15-15.21.26:248][671]LogFactory: FactoryCreateBinary: Texture with ReimportTextureFactory (0 0 F:\Desktop\documents-export-2016-04-15\INTRO_DIALOGUE\01.png)
[2016.04.15-15.21.26:270][671]LogTexture:Display: Building textures: 01 (BGRA8)
[2016.04.15-15.21.26:296][671]LogFactory: FactoryCreateBinary: Texture with ReimportTextureFactory (0 0 F:\Desktop\documents-export-2016-04-15\INTRO_DIALOGUE\02.png)
[2016.04.15-15.21.26:317][671]LogTexture:Display: Building textures: 02 (BGRA8)
[2016.04.15-15.21.26:343][671]LogFactory: FactoryCreateBinary: Texture with ReimportTextureFactory (0 0 F:\Desktop\documents-export-2016-04-15\INTRO_DIALOGUE\03.png)
[2016.04.15-15.21.26:361][671]LogTexture:Display: Building textures: 03 (BGRA8)
[2016.04.15-15.21.26:392][671]LogFactory: FactoryCreateBinary: Texture with ReimportTextureFactory (0 0 F:\Desktop\documents-export-2016-04-15\INTRO_DIALOGUE\04.png)
[2016.04.15-15.21.26:410][671]LogTexture:Display: Building textures: 04 (BGRA8)
[2016.04.15-15.21.26:440][671]LogFactory: FactoryCreateBinary: Texture with ReimportTextureFactory (0 0 F:\Desktop\documents-export-2016-04-15\INTRO_DIALOGUE\05.png)
[2016.04.15-15.21.26:454][671]LogTexture:Display: Building textures: 05 (BGRA8)
[2016.04.15-15.21.26:479][671]LogFactory: FactoryCreateBinary: Texture with ReimportTextureFactory (0 0 F:\Desktop\documents-export-2016-04-15\INTRO_DIALOGUE\06.png)
[2016.04.15-15.21.26:487][671]LogTexture:Display: Building textures: 06 (BGRA8)
[2016.04.15-15.21.26:508][671]LogFactory: FactoryCreateBinary: Texture with ReimportTextureFactory (0 0 F:\Desktop\documents-export-2016-04-15\INTRO_DIALOGUE\07.png)
[2016.04.15-15.21.26:516][671]LogTexture:Display: Building textures: 07 (BGRA8)
[2016.04.15-15.21.26:536][671]LogFactory: FactoryCreateBinary: Texture with ReimportTextureFactory (0 0 F:\Desktop\documents-export-2016-04-15\INTRO_DIALOGUE\08.png)
[2016.04.15-15.21.26:543][671]LogTexture:Display: Building textures: 08 (BGRA8)
[2016.04.15-15.21.26:563][671]LogFactory: FactoryCreateBinary: Texture with ReimportTextureFactory (0 0 F:\Desktop\documents-export-2016-04-15\INTRO_DIALOGUE\09.png)
[2016.04.15-15.21.26:570][671]LogTexture:Display: Building textures: 09 (BGRA8)
[2016.04.15-15.21.26:589][671]LogFactory: FactoryCreateBinary: Texture with ReimportTextureFactory (0 0 F:\Desktop\documents-export-2016-04-15\INTRO_DIALOGUE\10.png)
[2016.04.15-15.21.26:611][671]LogTexture:Display: Building textures: 10 (BGRA8)
[2016.04.15-15.21.26:632][671]LogFactory: FactoryCreateBinary: Texture with ReimportTextureFactory (0 0 F:\Desktop\documents-export-2016-04-15\INTRO_DIALOGUE\11.png)
[2016.04.15-15.21.26:642][671]LogTexture:Display: Building textures: 11 (BGRA8)
[2016.04.15-15.21.26:676][671]LogFactory: FactoryCreateBinary: Texture with ReimportTextureFactory (0 0 F:\Desktop\documents-export-2016-04-15\INTRO_DIALOGUE\12.png)
[2016.04.15-15.21.26:699][671]LogTexture:Display: Building textures: 12 (BGRA8)
[2016.04.15-15.21.26:721][671]LogFactory: FactoryCreateBinary: Texture with ReimportTextureFactory (0 0 F:\Desktop\documents-export-2016-04-15\INTRO_DIALOGUE\13.png)
[2016.04.15-15.21.26:739][671]LogTexture:Display: Building textures: 13 (BGRA8)
[2016.04.15-15.21.26:773][671]LogFactory: FactoryCreateBinary: Texture with ReimportTextureFactory (0 0 F:\Desktop\documents-export-2016-04-15\INTRO_DIALOGUE\14.png)
[2016.04.15-15.21.26:811][671]LogTexture:Display: Building textures: 14 (BGRA8)
[2016.04.15-15.21.32:504][276]LogSavePackage: Save=406.170013ms
[2016.04.15-15.21.32:504][276]LogSavePackage: Moving '../../../../../../My Media/UCF Documents/DIG 4725-2/HotelBete/Saved/Credits_Scroller35D2AF7A43C82EBE18BFC99CE628E1AE.tmp' to '../../../../../../My Media/UCF Documents/DIG 4725-2/HotelBete/Content/Hotel/Art/UI/Ending/Credits_Scroller.uasset'
[2016.04.15-15.21.32:505][276]LogSavePackage: Total save time: 407.247905ms
[2016.04.15-15.21.32:505][276]LogSavePackage:Display: Finished SavePackage ../../../../../../My Media/UCF Documents/DIG 4725-2/HotelBete/Content/Hotel/Art/UI/Ending/Credits_Scroller.uasset
[2016.04.15-15.21.33:667][398]Cmd: OBJ SAVEPACKAGE PACKAGE="/Game/Hotel/Art/UI/Intro/15" FILE="../../../../../../My Media/UCF Documents/DIG 4725-2/HotelBete/Content/Hotel/Art/UI/Intro/15.uasset" SILENT=true
[2016.04.15-15.21.33:692][398]LogSavePackage: Save=23.541317ms
[2016.04.15-15.21.33:692][398]LogSavePackage: Moving '../../../../../../My Media/UCF Documents/DIG 4725-2/HotelBete/Saved/156D253D734E6D53E0A5897A8760C3EB8F.tmp' to '../../../../../../My Media/UCF Documents/DIG 4725-2/HotelBete/Content/Hotel/Art/UI/Intro/15.uasset'
[2016.04.15-15.21.33:693][398]LogSavePackage: Total save time: 24.904799ms
[2016.04.15-15.21.33:693][398]LogSavePackage:Display: Finished SavePackage ../../../../../../My Media/UCF Documents/DIG 4725-2/HotelBete/Content/Hotel/Art/UI/Intro/15.uasset
[2016.04.15-15.21.33:701][398]Cmd: OBJ SAVEPACKAGE PACKAGE="/Game/Hotel/Art/UI/Intro/16" FILE="../../../../../../My Media/UCF Documents/DIG 4725-2/HotelBete/Content/Hotel/Art/UI/Intro/16.uasset" SILENT=true
[2016.04.15-15.21.33:719][398]LogSavePackage: Save=17.139004ms
[2016.04.15-15.21.33:719][398]LogSavePackage: Moving '../../../../../../My Media/UCF Documents/DIG 4725-2/HotelBete/Saved/165E707B174ECA40760944C99A2A3D875A.tmp' to '../../../../../../My Media/UCF Documents/DIG 4725-2/HotelBete/Content/Hotel/Art/UI/Intro/16.uasset'
[2016.04.15-15.21.33:720][398]LogSavePackage: Total save time: 18.115498ms
[2016.04.15-15.21.33:720][398]LogSavePackage:Display: Finished SavePackage ../../../../../../My Media/UCF Documents/DIG 4725-2/HotelBete/Content/Hotel/Art/UI/Intro/16.uasset
[2016.04.15-15.21.33:726][398]Cmd: OBJ SAVEPACKAGE PACKAGE="/Game/Hotel/Art/UI/Intro/17" FILE="../../../../../../My Media/UCF Documents/DIG 4725-2/HotelBete/Content/Hotel/Art/UI/Intro/17.uasset" SILENT=true
[2016.04.15-15.21.33:742][398]LogSavePackage: Save=15.197305ms
[2016.04.15-15.21.33:742][398]LogSavePackage: Moving '../../../../../../My Media/UCF Documents/DIG 4725-2/HotelBete/Saved/17C62089184252B6875AFF378163038F81.tmp' to '../../../../../../My Media/UCF Documents/DIG 4725-2/HotelBete/Content/Hotel/Art/UI/Intro/17.uasset'
[2016.04.15-15.21.33:743][398]LogSavePackage: Total save time: 16.181082ms
[2016.04.15-15.21.33:743][398]LogSavePackage:Display: Finished SavePackage ../../../../../../My Media/UCF Documents/DIG 4725-2/HotelBete/Content/Hotel/Art/UI/Intro/17.uasset
[2016.04.15-15.21.33:749][398]Cmd: OBJ SAVEPACKAGE PACKAGE="/Game/Hotel/Art/UI/Intro/18" FILE="../../../../../../My Media/UCF Documents/DIG 4725-2/HotelBete/Content/Hotel/Art/UI/Intro/18.uasset" SILENT=true
[2016.04.15-15.21.33:767][398]LogSavePackage: Save=17.274775ms
[2016.04.15-15.21.33:767][398]LogSavePackage: Moving '../../../../../../My Media/UCF Documents/DIG 4725-2/HotelBete/Saved/18E63F2A5142EFA5EC7A61A08D69823B4B.tmp' to '../../../../../../My Media/UCF Documents/DIG 4725-2/HotelBete/Content/Hotel/Art/UI/Intro/18.uasset'
[2016.04.15-15.21.33:768][398]LogSavePackage: Total save time: 18.237468ms
[2016.04.15-15.21.33:768][398]LogSavePackage:Display: Finished SavePackage ../../../../../../My Media/UCF Documents/DIG 4725-2/HotelBete/Content/Hotel/Art/UI/Intro/18.uasset
[2016.04.15-15.21.33:774][398]Cmd: OBJ SAVEPACKAGE PACKAGE="/Game/Hotel/Art/UI/Intro/19" FILE="../../../../../../My Media/UCF Documents/DIG 4725-2/HotelBete/Content/Hotel/Art/UI/Intro/19.uasset" SILENT=true
[2016.04.15-15.21.33:790][398]LogSavePackage: Save=15.392804ms
[2016.04.15-15.21.33:790][398]LogSavePackage: Moving '../../../../../../My Media/UCF Documents/DIG 4725-2/HotelBete/Saved/19086BA0134211DE578B0D8F83D7A6C40A.tmp' to '../../../../../../My Media/UCF Documents/DIG 4725-2/HotelBete/Content/Hotel/Art/UI/Intro/19.uasset'
[2016.04.15-15.21.33:791][398]LogSavePackage: Total save time: 16.370557ms
[2016.04.15-15.21.33:791][398]LogSavePackage:Display: Finished SavePackage ../../../../../../My Media/UCF Documents/DIG 4725-2/HotelBete/Content/Hotel/Art/UI/Intro/19.uasset
[2016.04.15-15.21.33:798][398]Cmd: OBJ SAVEPACKAGE PACKAGE="/Game/Hotel/Art/UI/Intro/20" FILE="../../../../../../My Media/UCF Documents/DIG 4725-2/HotelBete/Content/Hotel/Art/UI/Intro/20.uasset" SILENT=true
[2016.04.15-15.21.33:815][398]LogSavePackage: Save=16.800203ms
[2016.04.15-15.21.33:815][398]LogSavePackage: Moving '../../../../../../My Media/UCF Documents/DIG 4725-2/HotelBete/Saved/20800D4C50424CED041B6275A8A48DBC23.tmp' to '../../../../../../My Media/UCF Documents/DIG 4725-2/HotelBete/Content/Hotel/Art/UI/Intro/20.uasset'
[2016.04.15-15.21.33:816][398]LogSavePackage: Total save time: 17.772183ms
[2016.04.15-15.21.33:816][398]LogSavePackage:Display: Finished SavePackage ../../../../../../My Media/UCF Documents/DIG 4725-2/HotelBete/Content/Hotel/Art/UI/Intro/20.uasset
[2016.04.15-15.21.33:822][398]Cmd: OBJ SAVEPACKAGE PACKAGE="/Game/Hotel/Art/UI/Intro/21" FILE="../../../../../../My Media/UCF Documents/DIG 4725-2/HotelBete/Content/Hotel/Art/UI/Intro/21.uasset" SILENT=true
[2016.04.15-15.21.33:839][398]LogSavePackage: Save=15.485661ms
[2016.04.15-15.21.33:839][398]LogSavePackage: Moving '../../../../../../My Media/UCF Documents/DIG 4725-2/HotelBete/Saved/21952C8242468395CB2010EBBD4A885B03.tmp' to '../../../../../../My Media/UCF Documents/DIG 4725-2/HotelBete/Content/Hotel/Art/UI/Intro/21.uasset'
[2016.04.15-15.21.33:840][398]LogSavePackage: Total save time: 16.489010ms
[2016.04.15-15.21.33:840][398]LogSavePackage:Display: Finished SavePackage ../../../../../../My Media/UCF Documents/DIG 4725-2/HotelBete/Content/Hotel/Art/UI/Intro/21.uasset
[2016.04.15-15.21.33:846][398]Cmd: OBJ SAVEPACKAGE PACKAGE="/Game/Hotel/Art/UI/Intro/22" FILE="../../../../../../My Media/UCF Documents/DIG 4725-2/HotelBete/Content/Hotel/Art/UI/Intro/22.uasset" SILENT=true
[2016.04.15-15.21.33:862][398]LogSavePackage: Save=15.484657ms
[2016.04.15-15.21.33:862][398]LogSavePackage: Moving '../../../../../../My Media/UCF Documents/DIG 4725-2/HotelBete/Saved/225F7C8F21454FAF8B8BB155937DA62444.tmp' to '../../../../../../My Media/UCF Documents/DIG 4725-2/HotelBete/Content/Hotel/Art/UI/Intro/22.uasset'
[2016.04.15-15.21.33:863][398]LogSavePackage: Total save time: 16.443335ms
[2016.04.15-15.21.33:863][398]LogSavePackage:Display: Finished SavePackage ../../../../../../My Media/UCF Documents/DIG 4725-2/HotelBete/Content/Hotel/Art/UI/Intro/22.uasset
[2016.04.15-15.21.33:867][398]Cmd: OBJ SAVEPACKAGE PACKAGE="/Game/Hotel/Art/UI/Intro/Credits_Scroller" FILE="../../../../../../My Media/UCF Documents/DIG 4725-2/HotelBete/Content/Hotel/Art/UI/Intro/Credits_Scroller.uasset" SILENT=true
[2016.04.15-15.21.33:868][398]LogSavePackage: Save=0.507447ms
[2016.04.15-15.21.33:868][398]LogSavePackage: Moving '../../../../../../My Media/UCF Documents/DIG 4725-2/HotelBete/Saved/Credits_ScrollerA97555C741494123C30DA4B213DDFEBE.tmp' to '../../../../../../My Media/UCF Documents/DIG 4725-2/HotelBete/Content/Hotel/Art/UI/Intro/Credits_Scroller.uasset'
[2016.04.15-15.21.33:869][398]LogSavePackage: Total save time: 1.521837ms
[2016.04.15-15.21.33:869][398]LogSavePackage:Display: Finished SavePackage ../../../../../../My Media/UCF Documents/DIG 4725-2/HotelBete/Content/Hotel/Art/UI/Intro/Credits_Scroller.uasset
[2016.04.15-15.21.33:875][398]Cmd: OBJ SAVEPACKAGE PACKAGE="/Game/Hotel/Art/UI/Intro/intro_layout" FILE="../../../../../../My Media/UCF Documents/DIG 4725-2/HotelBete/Content/Hotel/Art/UI/Intro/intro_layout.uasset" SILENT=true
[2016.04.15-15.21.33:958][398]LogSavePackage: Save=81.056725ms
[2016.04.15-15.21.33:958][398]LogSavePackage: Moving '../../../../../../My Media/UCF Documents/DIG 4725-2/HotelBete/Saved/intro_layout273C48FD4921314A6DDD299537A0FD54.tmp' to '../../../../../../My Media/UCF Documents/DIG 4725-2/HotelBete/Content/Hotel/Art/UI/Intro/intro_layout.uasset'
[2016.04.15-15.21.33:959][398]LogSavePackage: Total save time: 82.072120ms
[2016.04.15-15.21.33:959][398]LogSavePackage:Display: Finished SavePackage ../../../../../../My Media/UCF Documents/DIG 4725-2/HotelBete/Content/Hotel/Art/UI/Intro/intro_layout.uasset
[2016.04.15-15.21.33:967][398]Cmd: OBJ SAVEPACKAGE PACKAGE="/Game/Hotel/Art/UI/Intro/Tab_01" FILE="../../../../../../My Media/UCF Documents/DIG 4725-2/HotelBete/Content/Hotel/Art/UI/Intro/Tab_01.uasset" SILENT=true
[2016.04.15-15.21.34:096][398]LogSavePackage: Save=129.078201ms
[2016.04.15-15.21.34:096][398]LogSavePackage: Moving '../../../../../../My Media/UCF Documents/DIG 4725-2/HotelBete/Saved/Tab_017DAC727A4B9CE1504B26FCB044D01FD8.tmp' to '../../../../../../My Media/UCF Documents/DIG 4725-2/HotelBete/Content/Hotel/Art/UI/Intro/Tab_01.uasset'
[2016.04.15-15.21.34:097][398]LogSavePackage: Total save time: 130.118199ms
[2016.04.15-15.21.34:097][398]LogSavePackage:Display: Finished SavePackage ../../../../../../My Media/UCF Documents/DIG 4725-2/HotelBete/Content/Hotel/Art/UI/Intro/Tab_01.uasset
[2016.04.15-15.21.34:104][398]Cmd: OBJ SAVEPACKAGE PACKAGE="/Game/Hotel/Art/UI/Intro/Tab_02" FILE="../../../../../../My Media/UCF Documents/DIG 4725-2/HotelBete/Content/Hotel/Art/UI/Intro/Tab_02.uasset" SILENT=true
[2016.04.15-15.21.34:240][398]LogSavePackage: Save=135.258667ms
[2016.04.15-15.21.34:240][398]LogSavePackage: Moving '../../../../../../My Media/UCF Documents/DIG 4725-2/HotelBete/Saved/Tab_02C720929D41572EB3BEDD16975BA064BC.tmp' to '../../../../../../My Media/UCF Documents/DIG 4725-2/HotelBete/Content/Hotel/Art/UI/Intro/Tab_02.uasset'
[2016.04.15-15.21.34:241][398]LogSavePackage: Total save time: 136.326768ms
[2016.04.15-15.21.34:241][398]LogSavePackage:Display: Finished SavePackage ../../../../../../My Media/UCF Documents/DIG 4725-2/HotelBete/Content/Hotel/Art/UI/Intro/Tab_02.uasset
[2016.04.15-15.21.34:249][398]Cmd: OBJ SAVEPACKAGE PACKAGE="/Game/Hotel/Art/UI/Intro/Tab_03" FILE="../../../../../../My Media/UCF Documents/DIG 4725-2/HotelBete/Content/Hotel/Art/UI/Intro/Tab_03.uasset" SILENT=true
[2016.04.15-15.21.34:389][398]LogSavePackage: Save=139.667328ms
[2016.04.15-15.21.34:390][398]LogSavePackage: Moving '../../../../../../My Media/UCF Documents/DIG 4725-2/HotelBete/Saved/Tab_0365F6B2274C39F16084B194A2B64079A9.tmp' to '../../../../../../My Media/UCF Documents/DIG 4725-2/HotelBete/Content/Hotel/Art/UI/Intro/Tab_03.uasset'
[2016.04.15-15.21.34:390][398]LogSavePackage: Total save time: 140.723385ms
[2016.04.15-15.21.34:390][398]LogSavePackage:Display: Finished SavePackage ../../../../../../My Media/UCF Documents/DIG 4725-2/HotelBete/Content/Hotel/Art/UI/Intro/Tab_03.uasset
[2016.04.15-15.21.34:398][398]Cmd: OBJ SAVEPACKAGE PACKAGE="/Game/Hotel/Art/UI/Intro/Tab_04" FILE="../../../../../../My Media/UCF Documents/DIG 4725-2/HotelBete/Content/Hotel/Art/UI/Intro/Tab_04.uasset" SILENT=true
[2016.04.15-15.21.34:544][398]LogSavePackage: Save=145.066040ms
[2016.04.15-15.21.34:544][398]LogSavePackage: Moving '../../../../../../My Media/UCF Documents/DIG 4725-2/HotelBete/Saved/Tab_04338E931F45B8CAB12B2C3F850C35CFFC.tmp' to '../../../../../../My Media/UCF Documents/DIG 4725-2/HotelBete/Content/Hotel/Art/UI/Intro/Tab_04.uasset'
[2016.04.15-15.21.34:545][398]LogSavePackage: Total save time: 146.091979ms
[2016.04.15-15.21.34:545][398]LogSavePackage:Display: Finished SavePackage ../../../../../../My Media/UCF Documents/DIG 4725-2/HotelBete/Content/Hotel/Art/UI/Intro/Tab_04.uasset
[2016.04.15-15.21.34:551][398]Cmd: OBJ SAVEPACKAGE PACKAGE="/Game/Hotel/Art/UI/Intro/01" FILE="../../../../../../My Media/UCF Documents/DIG 4725-2/HotelBete/Content/Hotel/Art/UI/Intro/01.uasset" SILENT=true
[2016.04.15-15.21.34:568][398]LogSavePackage: Save=16.472698ms
[2016.04.15-15.21.34:568][398]LogSavePackage: Moving '../../../../../../My Media/UCF Documents/DIG 4725-2/HotelBete/Saved/01A1FA425E4E4589A0DA922182196C7366.tmp' to '../../../../../../My Media/UCF Documents/DIG 4725-2/HotelBete/Content/Hotel/Art/UI/Intro/01.uasset'
[2016.04.15-15.21.34:569][398]LogSavePackage: Total save time: 17.491106ms
[2016.04.15-15.21.34:569][398]LogSavePackage:Display: Finished SavePackage ../../../../../../My Media/UCF Documents/DIG 4725-2/HotelBete/Content/Hotel/Art/UI/Intro/01.uasset
[2016.04.15-15.21.34:581][398]Cmd: OBJ SAVEPACKAGE PACKAGE="/Game/Hotel/Art/UI/Intro/02" FILE="../../../../../../My Media/UCF Documents/DIG 4725-2/HotelBete/Content/Hotel/Art/UI/Intro/02.uasset" SILENT=true
[2016.04.15-15.21.34:619][398]LogSavePackage: Save=35.986813ms
[2016.04.15-15.21.34:619][398]LogSavePackage: Moving '../../../../../../My Media/UCF Documents/DIG 4725-2/HotelBete/Saved/026752F2624174F0CE33627EA726F731AD.tmp' to '../../../../../../My Media/UCF Documents/DIG 4725-2/HotelBete/Content/Hotel/Art/UI/Intro/02.uasset'
[2016.04.15-15.21.34:621][398]LogSavePackage: Total save time: 38.062777ms
[2016.04.15-15.21.34:621][398]LogSavePackage:Display: Finished SavePackage ../../../../../../My Media/UCF Documents/DIG 4725-2/HotelBete/Content/Hotel/Art/UI/Intro/02.uasset
[2016.04.15-15.21.34:632][398]Cmd: OBJ SAVEPACKAGE PACKAGE="/Game/Hotel/Art/UI/Intro/03" FILE="../../../../../../My Media/UCF Documents/DIG 4725-2/HotelBete/Content/Hotel/Art/UI/Intro/03.uasset" SILENT=true
[2016.04.15-15.21.34:653][398]LogSavePackage: Save=20.206020ms
[2016.04.15-15.21.34:653][398]LogSavePackage: Moving '../../../../../../My Media/UCF Documents/DIG 4725-2/HotelBete/Saved/03BCBB0941477D30D2B3315E9604BC1F3D.tmp' to '../../../../../../My Media/UCF Documents/DIG 4725-2/HotelBete/Content/Hotel/Art/UI/Intro/03.uasset'
[2016.04.15-15.21.34:654][398]LogSavePackage: Total save time: 21.454308ms
[2016.04.15-15.21.34:654][398]LogSavePackage:Display: Finished SavePackage ../../../../../../My Media/UCF Documents/DIG 4725-2/HotelBete/Content/Hotel/Art/UI/Intro/03.uasset
[2016.04.15-15.21.34:662][398]Cmd: OBJ SAVEPACKAGE PACKAGE="/Game/Hotel/Art/UI/Intro/04" FILE="../../../../../../My Media/UCF Documents/DIG 4725-2/HotelBete/Content/Hotel/Art/UI/Intro/04.uasset" SILENT=true
[2016.04.15-15.21.34:680][398]LogSavePackage: Save=17.086552ms
[2016.04.15-15.21.34:680][398]LogSavePackage: Moving '../../../../../../My Media/UCF Documents/DIG 4725-2/HotelBete/Saved/04C9E90BB748B2229D7601FEBE7DD12761.tmp' to '../../../../../../My Media/UCF Documents/DIG 4725-2/HotelBete/Content/Hotel/Art/UI/Intro/04.uasset'
[2016.04.15-15.21.34:681][398]LogSavePackage: Total save time: 18.086389ms
[2016.04.15-15.21.34:681][398]LogSavePackage:Display: Finished SavePackage ../../../../../../My Media/UCF Documents/DIG 4725-2/HotelBete/Content/Hotel/Art/UI/Intro/04.uasset
[2016.04.15-15.21.34:687][398]Cmd: OBJ SAVEPACKAGE PACKAGE="/Game/Hotel/Art/UI/Intro/05" FILE="../../../../../../My Media/UCF Documents/DIG 4725-2/HotelBete/Content/Hotel/Art/UI/Intro/05.uasset" SILENT=true
[2016.04.15-15.21.34:704][398]LogSavePackage: Save=16.276695ms
[2016.04.15-15.21.34:704][398]LogSavePackage: Moving '../../../../../../My Media/UCF Documents/DIG 4725-2/HotelBete/Saved/05BEB2C0D1473CB5DB62FF64B3D97CD11F.tmp' to '../../../../../../My Media/UCF Documents/DIG 4725-2/HotelBete/Content/Hotel/Art/UI/Intro/05.uasset'
[2016.04.15-15.21.34:705][398]LogSavePackage: Total save time: 17.327480ms
[2016.04.15-15.21.34:705][398]LogSavePackage:Display: Finished SavePackage ../../../../../../My Media/UCF Documents/DIG 4725-2/HotelBete/Content/Hotel/Art/UI/Intro/05.uasset
[2016.04.15-15.21.34:712][398]Cmd: OBJ SAVEPACKAGE PACKAGE="/Game/Hotel/Art/UI/Intro/06" FILE="../../../../../../My Media/UCF Documents/DIG 4725-2/HotelBete/Content/Hotel/Art/UI/Intro/06.uasset" SILENT=true
[2016.04.15-15.21.34:729][398]LogSavePackage: Save=16.578856ms
[2016.04.15-15.21.34:729][398]LogSavePackage: Moving '../../../../../../My Media/UCF Documents/DIG 4725-2/HotelBete/Saved/064E37300D411B2192E9ADBA938F279E68.tmp' to '../../../../../../My Media/UCF Documents/DIG 4725-2/HotelBete/Content/Hotel/Art/UI/Intro/06.uasset'
[2016.04.15-15.21.34:730][398]LogSavePackage: Total save time: 17.647203ms
[2016.04.15-15.21.34:730][398]LogSavePackage:Display: Finished SavePackage ../../../../../../My Media/UCF Documents/DIG 4725-2/HotelBete/Content/Hotel/Art/UI/Intro/06.uasset
[2016.04.15-15.21.34:736][398]Cmd: OBJ SAVEPACKAGE PACKAGE="/Game/Hotel/Art/UI/Intro/07" FILE="../../../../../../My Media/UCF Documents/DIG 4725-2/HotelBete/Content/Hotel/Art/UI/Intro/07.uasset" SILENT=true
[2016.04.15-15.21.34:753][398]LogSavePackage: Save=15.392553ms
[2016.04.15-15.21.34:753][398]LogSavePackage: Moving '../../../../../../My Media/UCF Documents/DIG 4725-2/HotelBete/Saved/07169401174E84A1A4A47FACA2A1ED3E5D.tmp' to '../../../../../../My Media/UCF Documents/DIG 4725-2/HotelBete/Content/Hotel/Art/UI/Intro/07.uasset'
[2016.04.15-15.21.34:753][398]LogSavePackage: Total save time: 16.404182ms
[2016.04.15-15.21.34:753][398]LogSavePackage:Display: Finished SavePackage ../../../../../../My Media/UCF Documents/DIG 4725-2/HotelBete/Content/Hotel/Art/UI/Intro/07.uasset
[2016.04.15-15.21.34:759][398]Cmd: OBJ SAVEPACKAGE PACKAGE="/Game/Hotel/Art/UI/Intro/08" FILE="../../../../../../My Media/UCF Documents/DIG 4725-2/HotelBete/Content/Hotel/Art/UI/Intro/08.uasset" SILENT=true
[2016.04.15-15.21.34:777][398]LogSavePackage: Save=16.400169ms
[2016.04.15-15.21.34:777][398]LogSavePackage: Moving '../../../../../../My Media/UCF Documents/DIG 4725-2/HotelBete/Saved/0890AD6CD94A959B68A562BC8F287F6515.tmp' to '../../../../../../My Media/UCF Documents/DIG 4725-2/HotelBete/Content/Hotel/Art/UI/Intro/08.uasset'
[2016.04.15-15.21.34:778][398]LogSavePackage: Total save time: 17.437652ms
[2016.04.15-15.21.34:778][398]LogSavePackage:Display: Finished SavePackage ../../../../../../My Media/UCF Documents/DIG 4725-2/HotelBete/Content/Hotel/Art/UI/Intro/08.uasset
[2016.04.15-15.21.34:784][398]Cmd: OBJ SAVEPACKAGE PACKAGE="/Game/Hotel/Art/UI/Intro/09" FILE="../../../../../../My Media/UCF Documents/DIG 4725-2/HotelBete/Content/Hotel/Art/UI/Intro/09.uasset" SILENT=true
[2016.04.15-15.21.34:799][398]LogSavePackage: Save=15.262806ms
[2016.04.15-15.21.34:799][398]LogSavePackage: Moving '../../../../../../My Media/UCF Documents/DIG 4725-2/HotelBete/Saved/09A683B2194F62875E1438D1909ABFF948.tmp' to '../../../../../../My Media/UCF Documents/DIG 4725-2/HotelBete/Content/Hotel/Art/UI/Intro/09.uasset'
[2016.04.15-15.21.34:800][398]LogSavePackage: Total save time: 16.258374ms
[2016.04.15-15.21.34:800][398]LogSavePackage:Display: Finished SavePackage ../../../../../../My Media/UCF Documents/DIG 4725-2/HotelBete/Content/Hotel/Art/UI/Intro/09.uasset
[2016.04.15-15.21.34:806][398]Cmd: OBJ SAVEPACKAGE PACKAGE="/Game/Hotel/Art/UI/Intro/10" FILE="../../../../../../My Media/UCF Documents/DIG 4725-2/HotelBete/Content/Hotel/Art/UI/Intro/10.uasset" SILENT=true
[2016.04.15-15.21.34:824][398]LogSavePackage: Save=16.873987ms
[2016.04.15-15.21.34:824][398]LogSavePackage: Moving '../../../../../../My Media/UCF Documents/DIG 4725-2/HotelBete/Saved/10C95336EB493F6C57A1E2E1B2DA9A568E.tmp' to '../../../../../../My Media/UCF Documents/DIG 4725-2/HotelBete/Content/Hotel/Art/UI/Intro/10.uasset'
[2016.04.15-15.21.34:825][398]LogSavePackage: Total save time: 17.926525ms
[2016.04.15-15.21.34:825][398]LogSavePackage:Display: Finished SavePackage ../../../../../../My Media/UCF Documents/DIG 4725-2/HotelBete/Content/Hotel/Art/UI/Intro/10.uasset
[2016.04.15-15.21.34:831][398]Cmd: OBJ SAVEPACKAGE PACKAGE="/Game/Hotel/Art/UI/Intro/11" FILE="../../../../../../My Media/UCF Documents/DIG 4725-2/HotelBete/Content/Hotel/Art/UI/Intro/11.uasset" SILENT=true
[2016.04.15-15.21.34:848][398]LogSavePackage: Save=16.459898ms
[2016.04.15-15.21.34:848][398]LogSavePackage: Moving '../../../../../../My Media/UCF Documents/DIG 4725-2/HotelBete/Saved/115439EEDE44BC38A6EAEE4CB69A52895D.tmp' to '../../../../../../My Media/UCF Documents/DIG 4725-2/HotelBete/Content/Hotel/Art/UI/Intro/11.uasset'
[2016.04.15-15.21.34:849][398]LogSavePackage: Total save time: 17.477553ms
[2016.04.15-15.21.34:849][398]LogSavePackage:Display: Finished SavePackage ../../../../../../My Media/UCF Documents/DIG 4725-2/HotelBete/Content/Hotel/Art/UI/Intro/11.uasset
[2016.04.15-15.21.34:855][398]Cmd: OBJ SAVEPACKAGE PACKAGE="/Game/Hotel/Art/UI/Intro/12" FILE="../../../../../../My Media/UCF Documents/DIG 4725-2/HotelBete/Content/Hotel/Art/UI/Intro/12.uasset" SILENT=true
[2016.04.15-15.21.34:873][398]LogSavePackage: Save=16.523643ms
[2016.04.15-15.21.34:873][398]LogSavePackage: Moving '../../../../../../My Media/UCF Documents/DIG 4725-2/HotelBete/Saved/12DF7F05FC47C08AD5D73907AB18A929DE.tmp' to '../../../../../../My Media/UCF Documents/DIG 4725-2/HotelBete/Content/Hotel/Art/UI/Intro/12.uasset'
[2016.04.15-15.21.34:874][398]LogSavePackage: Total save time: 17.574172ms
[2016.04.15-15.21.34:874][398]LogSavePackage:Display: Finished SavePackage ../../../../../../My Media/UCF Documents/DIG 4725-2/HotelBete/Content/Hotel/Art/UI/Intro/12.uasset
[2016.04.15-15.21.34:880][398]Cmd: OBJ SAVEPACKAGE PACKAGE="/Game/Hotel/Art/UI/Intro/13" FILE="../../../../../../My Media/UCF Documents/DIG 4725-2/HotelBete/Content/Hotel/Art/UI/Intro/13.uasset" SILENT=true
[2016.04.15-15.21.34:897][398]LogSavePackage: Save=16.046312ms
[2016.04.15-15.21.34:897][398]LogSavePackage: Moving '../../../../../../My Media/UCF Documents/DIG 4725-2/HotelBete/Saved/13345CD0E84A8B775457A0A69A53E8E13D.tmp' to '../../../../../../My Media/UCF Documents/DIG 4725-2/HotelBete/Content/Hotel/Art/UI/Intro/13.uasset'
[2016.04.15-15.21.34:898][398]LogSavePackage: Total save time: 17.061707ms
[2016.04.15-15.21.34:898][398]LogSavePackage:Display: Finished SavePackage ../../../../../../My Media/UCF Documents/DIG 4725-2/HotelBete/Content/Hotel/Art/UI/Intro/13.uasset
[2016.04.15-15.21.34:904][398]Cmd: OBJ SAVEPACKAGE PACKAGE="/Game/Hotel/Art/UI/Intro/14" FILE="../../../../../../My Media/UCF Documents/DIG 4725-2/HotelBete/Content/Hotel/Art/UI/Intro/14.uasset" SILENT=true
[2016.04.15-15.21.34:922][398]LogSavePackage: Save=16.855917ms
[2016.04.15-15.21.34:922][398]LogSavePackage: Moving '../../../../../../My Media/UCF Documents/DIG 4725-2/HotelBete/Saved/1488AFC2A148BEE2F58FC457B51AA04FB0.tmp' to '../../../../../../My Media/UCF Documents/DIG 4725-2/HotelBete/Content/Hotel/Art/UI/Intro/14.uasset'
[2016.04.15-15.21.34:923][398]LogSavePackage: Total save time: 17.870560ms
[2016.04.15-15.21.34:923][398]LogSavePackage:Display: Finished SavePackage ../../../../../../My Media/UCF Documents/DIG 4725-2/HotelBete/Content/Hotel/Art/UI/Intro/14.uasset
[2016.04.15-15.21.37:278][674]LogContentBrowser: Native class hierarchy updated for 'TextureEditor' in 0.0003 seconds. Added 1 classes and 2 folders.
[2016.04.15-15.22.19:529][ 17]LogLinker:Warning: Asset '../../../Engine/Content/ArtTools/RenderToTexture/Macros/RenderToTextureMacros.uasset' has been saved with empty engine version. The asset will be loaded but may be incompatible.
[2016.04.15-15.22.19:936][ 17]LogContentBrowser: Native class hierarchy updated for 'BlueprintGraph' in 0.0005 seconds. Added 107 classes and 0 folders.
[2016.04.15-15.22.35:514][775]Cmd: OBJ SAVEPACKAGE PACKAGE="/Game/Hotel/Blueprints/Widgets/MainMenu" FILE="../../../../../../My Media/UCF Documents/DIG 4725-2/HotelBete/Content/Hotel/Blueprints/Widgets/MainMenu.uasset" SILENT=true
[2016.04.15-15.22.35:637][775]LogSavePackage: Save=106.599968ms
[2016.04.15-15.22.35:637][775]LogSavePackage: Moving '../../../../../../My Media/UCF Documents/DIG 4725-2/HotelBete/Saved/MainMenu10CCA54A455BD5AA57EDD3900CAF2951.tmp' to '../../../../../../My Media/UCF Documents/DIG 4725-2/HotelBete/Content/Hotel/Blueprints/Widgets/MainMenu.uasset'
[2016.04.15-15.22.35:638][775]LogSavePackage: Total save time: 123.514112ms
[2016.04.15-15.22.35:638][775]LogSavePackage:Display: Finished SavePackage ../../../../../../My Media/UCF Documents/DIG 4725-2/HotelBete/Content/Hotel/Blueprints/Widgets/MainMenu.uasset
[2016.04.15-15.22.36:717][905]BlueprintLog: New page: Compile MainMenu
[2016.04.15-15.22.36:815][905]BlueprintEditorCompileResults: Info [0244.41] Compile of MainMenu successful! [in 96 ms]
[2016.04.15-15.22.53:984][779]LogObjectTools:Warning: ForceReplaceReferences replaced references for a transient object 'Image_0' or package '/Engine/Transient'.
[2016.04.15-15.22.53:984][779]LogObjectTools:Warning: ForceReplaceReferences replaced references for a transient object 'Image_12' or package '/Engine/Transient'.
[2016.04.15-15.22.53:984][779]LogObjectTools:Warning: ForceReplaceReferences replaced references for a transient object 'FogOLD' or package '/Engine/Transient'.
[2016.04.15-15.22.53:984][779]LogObjectTools:Warning: ForceReplaceReferences replaced references for a transient object 'Image_4' or package '/Engine/Transient'.
[2016.04.15-15.22.53:984][779]LogObjectTools:Warning: ForceReplaceReferences replaced references for a transient object 'FogOLD' or package '/Engine/Transient'.
[2016.04.15-15.22.55:279][779]LogParticles: Destroying 0 GPU particle simulations for FXSystem 0x000002107FF3DF80
[2016.04.15-15.22.55:298][779]LogParticles: Destroying 0 GPU particle simulations for FXSystem 0x000002107FF3C220
[2016.04.15-15.23.06:163][  2]BlueprintLog: New page: Compile MainMenu
[2016.04.15-15.23.06:241][  2]BlueprintEditorCompileResults: Info [0273.84] Compile of MainMenu successful! [in 78 ms]
[2016.04.15-15.23.07:279][120]Cmd: OBJ SAVEPACKAGE PACKAGE="/Game/Hotel/Blueprints/Widgets/MainMenu" FILE="../../../../../../My Media/UCF Documents/DIG 4725-2/HotelBete/Content/Hotel/Blueprints/Widgets/MainMenu.uasset" SILENT=true
[2016.04.15-15.23.07:368][120]LogSavePackage: Save=86.793480ms
[2016.04.15-15.23.07:368][120]LogSavePackage: Moving '../../../../../../My Media/UCF Documents/DIG 4725-2/HotelBete/Saved/MainMenu7DCD8D384DB70AD561A0188ED1521860.tmp' to '../../../../../../My Media/UCF Documents/DIG 4725-2/HotelBete/Content/Hotel/Blueprints/Widgets/MainMenu.uasset'
[2016.04.15-15.23.07:369][120]LogSavePackage: Total save time: 89.070719ms
[2016.04.15-15.23.07:369][120]LogSavePackage:Display: Finished SavePackage ../../../../../../My Media/UCF Documents/DIG 4725-2/HotelBete/Content/Hotel/Blueprints/Widgets/MainMenu.uasset
[2016.04.15-15.23.10:189][456]LogBlueprintUserMessages: Early PlayInEditor Detection: Level '/Game/Hotel/Levels/Menu.Menu:PersistentLevel' has LevelScriptBlueprint '/Game/Hotel/Levels/Menu.Menu:PersistentLevel.Menu' with GeneratedClass '/Game/Hotel/Levels/Menu.Menu_C' with ClassGeneratedBy '/Game/Hotel/Levels/Menu.Menu:PersistentLevel.Menu'
[2016.04.15-15.23.10:190][456]LogPlayLevel: PlayLevel: No blueprints needed recompiling
[2016.04.15-15.23.10:192][456]PIE: New page: PIE session: Menu (Apr 15, 2016, 7:23:10 AM)
[2016.04.15-15.23.10:193][456]LogPlayLevel: Creating play world package: /Game/Hotel/Levels/UEDPIE_0_Menu
[2016.04.15-15.23.10:197][456]LogPlayLevel: PIE: StaticDuplicateObject took: (0.003472s)
[2016.04.15-15.23.10:197][456]LogAIModule: Creating AISystem for world Menu
[2016.04.15-15.23.10:198][456]LogPlayLevel: PIE: World Init took: (0.000843s)
[2016.04.15-15.23.10:198][456]LogPlayLevel: PIE: Created PIE world by copying editor world from /Game/Hotel/Levels/Menu.Menu to /Game/Hotel/Levels/UEDPIE_0_Menu.Menu (0.005074s)
[2016.04.15-15.23.10:226][456]LogInit: XAudio2 using 'Speakers (2- High Definition Audio Device)' : 2 channels at 44.1 kHz using 16 bits per sample (channel mask 0x3)
[2016.04.15-15.23.10:232][456]LogInit: FAudioDevice initialized.
[2016.04.15-15.23.10:371][456]LogWorld: Game class is 'FirstPersonGameMode_C'
[2016.04.15-15.23.10:374][456]LogWorld: Bringing World /Game/Hotel/Levels/UEDPIE_0_Menu.Menu up for play (max tick rate 0) at 2016.04.15-11.23.10
[2016.04.15-15.23.10:374][456]LogActor:Warning: GameSession /Game/Hotel/Levels/UEDPIE_0_Menu.Menu:PersistentLevel.GameSession_0 has natively added scene component(s), but none of them were set as the actor's RootComponent - picking one arbitrarily
[2016.04.15-15.23.10:375][456]LogActor:Warning: GameNetworkManager /Game/Hotel/Levels/UEDPIE_0_Menu.Menu:PersistentLevel.GameNetworkManager_0 has natively added scene component(s), but none of them were set as the actor's RootComponent - picking one arbitrarily
[2016.04.15-15.23.10:377][456]LogWorld: Bringing up level for play took: 0.002938
[2016.04.15-15.23.10:464][456]PIE: Info Play in editor start time for /Game/Hotel/Levels/UEDPIE_0_Menu 1.018
[2016.04.15-15.23.10:465][456]LogBlueprintUserMessages: Late PlayInEditor Detection: Level '/Game/Hotel/Levels/Menu.Menu:PersistentLevel' has LevelScriptBlueprint '/Game/Hotel/Levels/Menu.Menu:PersistentLevel.Menu' with GeneratedClass '/Game/Hotel/Levels/Menu.Menu_C' with ClassGeneratedBy '/Game/Hotel/Levels/Menu.Menu:PersistentLevel.Menu'
[2016.04.15-15.23.10:491][457]LogRenderer: Reallocating scene render targets to support 1280x720 (Frame:186).
[2016.04.15-15.23.13:282][786]LogLevel:Warning: Failed to find streaming level object associated with 'Menu'
[2016.04.15-15.23.13:289][787]LogLevel:Warning: Failed to find streaming level object associated with 'World'
[2016.04.15-15.23.14:786][963]LogPackageName: SearchForPackageOnDisk took   0.032s to resolve World.umap.
[2016.04.15-15.23.14:818][964]LogPackageName: SearchForPackageOnDisk took   0.031s to resolve World.umap.
[2016.04.15-15.23.14:819][964]LogNet: Browse: /Game/Hotel/Levels/World
[2016.04.15-15.23.14:819][964]LogLoad: LoadMap: /Game/Hotel/Levels/World
[2016.04.15-15.23.14:843][964]LogParticles: Destroying 0 GPU particle simulations for FXSystem 0x000002105B229D00
[2016.04.15-15.23.14:847][964]Cmd: MEM
[2016.04.15-15.23.14:871][964]LogMemory: Platform Memory Stats for Windows
[2016.04.15-15.23.14:871][964]LogMemory: Process Physical Memory: 1633.81 MB used, 1905.52 MB peak
[2016.04.15-15.23.14:871][964]LogMemory: Process Virtual Memory: 2423.37 MB used, 2706.99 MB peak
[2016.04.15-15.23.14:871][964]LogMemory: Physical Memory: 6591.19 MB used, 16322.88 MB total
[2016.04.15-15.23.14:871][964]LogMemory: Virtual Memory: 3261.03 MB used, 134217728.00 MB total
[2016.04.15-15.23.14:871][964]LogMemory: 
[2016.04.15-15.23.14:871][964]Allocator Stats for TBB: (not implemented)
[2016.04.15-15.23.19:604][964]LogTexture:Display: Building textures: BookWormText (AutoDXT)
[2016.04.15-15.23.20:742][964]LogMaterial: Missing cached shader map for material Toilet2, compiling. 
[2016.04.15-15.23.22:122][964]LogMaterial: Missing cached shader map for material AtticStairs, compiling. 
[2016.04.15-15.23.22:149][964]LogMaterial: Missing cached shader map for material AtticRailing, compiling. 
[2016.04.15-15.23.22:199][964]LogStaticMesh: Building static mesh Stairs_haunted...
[2016.04.15-15.23.22:478][964]LogStaticMesh: Built static mesh [0.323400.2s] /Game/Hotel/Art/Models/Stairs/Stairs_haunted.Stairs_haunted
[2016.04.15-15.23.29:856][964]LogStaticMesh: Building static mesh guest_floor_haunted...
[2016.04.15-15.23.31:492][964]LogStaticMesh: Built static mesh [1.635938.2s] /Game/Hotel/Art/Models/Guest_Floor/guest_floor_haunted.guest_floor_haunted
[2016.04.15-15.23.33:295][964]LogTexture:Display: Building textures: BasementStairs_Normal_DirectX (BC5)
[2016.04.15-15.23.33:451][964]LogTexture:Display: Building textures: BasementStairs_Base_Color (AutoDXT)
[2016.04.15-15.23.34:335][964]LogMaterial: Missing cached shader map for material BasementStairs, compiling. 
[2016.04.15-15.23.34:398][964]LogTexture:Display: Building textures: BasementColumns_Normal_DirectX (BC5)
[2016.04.15-15.23.34:589][964]LogTexture:Display: Building textures: BasementColumns_Base_Color (AutoDXT)
[2016.04.15-15.23.35:250][964]LogMaterial: Missing cached shader map for material BasementColumns, compiling. 
[2016.04.15-15.23.35:402][964]LogTexture:Display: Building textures: Basement_Roughness (AutoDXT)
[2016.04.15-15.23.42:724][964]LogTexture:Display: Building textures: Basement_Normal_DirectX (BC5)
[2016.04.15-15.23.44:621][964]LogTexture:Display: Building textures: Basement_Base_Color (AutoDXT)
[2016.04.15-15.23.55:436][964]LogMaterial: Missing cached shader map for material Basement, compiling. 
[2016.04.15-15.23.56:743][964]LogTexture:Display: Building textures: Attic_Normal_DirectX (BC5)
[2016.04.15-15.23.58:641][964]LogTexture:Display: Building textures: Attic_Base_Color (AutoDXT)
[2016.04.15-15.24.09:649][964]LogTexture:Display: Building textures: hotel_haunted_Attic_AmbientOcclusion (AutoDXT)
[2016.04.15-15.24.11:789][964]LogMaterial: Missing cached shader map for material Attic, compiling. 
[2016.04.15-15.24.12:130][964]LogMaterial: Missing cached shader map for material Railing, compiling. 
[2016.04.15-15.24.12:134][964]LogMaterial: Missing cached shader map for material Frames, compiling. 
[2016.04.15-15.24.12:308][964]LogMaterial: Missing cached shader map for material M_Orange_Shiny_Highlighted, compiling. 
[2016.04.15-15.24.12:317][964]LogMaterial: Missing cached shader map for material lambert1, compiling. 
[2016.04.15-15.24.12:325][964]LogMaterial: Missing cached shader map for material lambert1, compiling. 
[2016.04.15-15.24.12:830][964]LogTexture:Display: Building textures: hotel_haunted_AtticStairs_AmbientOcclusion (AutoDXT)
[2016.04.15-15.24.16:040][964]LogTexture:Display: Building textures: AtticStairs_Normal_DirectX (BC5)
[2016.04.15-15.24.16:179][964]LogTexture:Display: Building textures: AtticStairs_Base_Color (AutoDXT)
[2016.04.15-15.24.16:843][964]LogMaterial: Missing cached shader map for material AtticStairs, compiling. 
[2016.04.15-15.24.16:847][964]LogMaterial: Missing cached shader map for material AtticRailing, compiling. 
[2016.04.15-15.24.17:607][964]LogTexture:Display: Building textures: hotel_haunted_GuestStairs_AmbientOcclusion (AutoDXT)
[2016.04.15-15.24.19:301][964]LogTexture:Display: Building textures: 2ndFloorStairs_Base_Color (AutoDXT)
[2016.04.15-15.24.19:583][964]LogTexture:Display: Building textures: 2ndFloorStairs_Normal_DirectX (BC5)
[2016.04.15-15.24.19:724][964]LogMaterial: Missing cached shader map for material 2ndFloorStairs, compiling. 
[2016.04.15-15.24.20:051][964]LogStaticMesh: Building static mesh Rubble01...
[2016.04.15-15.24.20:057][964]LogStaticMesh: Built static mesh [0.005959.2s] /Game/Hotel/Art/Models/Rubble1/Rubble01.Rubble01
[2016.04.15-15.24.20:057][964]LogStaticMesh: Building static mesh Rubble02...
[2016.04.15-15.24.20:075][964]LogStaticMesh: Built static mesh [0.017490.2s] /Game/Hotel/Art/Models/Rubble2/Rubble02.Rubble02
[2016.04.15-15.24.27:717][964]LogAIModule: Creating AISystem for world World
[2016.04.15-15.24.27:717][964]LogWorld: Game class is 'FirstPersonGameMode_C'
[2016.04.15-15.24.27:793][964]LogWorld: Bringing World /Game/Hotel/Levels/UEDPIE_0_World.World up for play (max tick rate 0) at 2016.04.15-11.24.27
[2016.04.15-15.24.27:793][964]LogActor:Warning: GameSession /Game/Hotel/Levels/UEDPIE_0_World.World:PersistentLevel.GameSession_1 has natively added scene component(s), but none of them were set as the actor's RootComponent - picking one arbitrarily
[2016.04.15-15.24.27:793][964]LogActor:Warning: GameNetworkManager /Game/Hotel/Levels/UEDPIE_0_World.World:PersistentLevel.GameNetworkManager_1 has natively added scene component(s), but none of them were set as the actor's RootComponent - picking one arbitrarily
[2016.04.15-15.24.27:798][964]LogWorld: Bringing up level for play took: 0.079237
