[2016.04.30-11.56.08:616][  0]Log file open, 04/30/16 07:56:08
[2016.04.30-11.56.08:616][  0]LogInit:Display: Running engine for game: Hotel
[2016.04.30-11.56.08:616][  0]LogPlatformFile: Not using cached read wrapper
[2016.04.30-11.56.08:616][  0]LogInit:Display: RandInit(1857526457) SRandInit(1857526478).
[2016.04.30-11.56.08:616][  0]LogTaskGraph: Started task graph with 4 named threads and 7 total threads.
[2016.04.30-11.56.08:616][  0]LogStats: Stats thread started at 0.069927
[2016.04.30-11.56.08:616][  0]LogInit: Version: 4.10.4-2872498+++depot+UE4-Releases+4.10
[2016.04.30-11.56.08:616][  0]LogInit: API Version: 2758231
[2016.04.30-11.56.08:616][  0]LogInit: Compiled (64-bit): Feb 18 2016 15:47:04
[2016.04.30-11.56.08:616][  0]LogInit: Compiled with Visual C++: 19.00.23026.00
[2016.04.30-11.56.08:616][  0]LogInit: Build Configuration: Development
[2016.04.30-11.56.08:616][  0]LogInit: Branch Name: ++depot+UE4-Releases+4.10
[2016.04.30-11.56.08:616][  0]LogInit: Command line:  
[2016.04.30-11.56.08:616][  0]LogInit: Base directory: E:/Program Files (x86)/Epic Games/4.10/Engine/Binaries/Win64/
[2016.04.30-11.56.08:617][  0]LogInit: Rocket: 1
[2016.04.30-11.56.08:623][  0]LogInit: Using libcurl 7.41.0
[2016.04.30-11.56.08:623][  0]LogInit:  - built for x86_64-pc-win32
[2016.04.30-11.56.08:623][  0]LogInit:  - supports SSL with WinSSL
[2016.04.30-11.56.08:623][  0]LogInit:  - other features:
[2016.04.30-11.56.08:623][  0]LogInit:      CURL_VERSION_SSL
[2016.04.30-11.56.08:623][  0]LogInit:      CURL_VERSION_IPV6
[2016.04.30-11.56.08:623][  0]LogInit:      CURL_VERSION_ASYNCHDNS
[2016.04.30-11.56.08:623][  0]LogInit:      CURL_VERSION_LARGEFILE
[2016.04.30-11.56.08:623][  0]LogInit:      CURL_VERSION_IDN
[2016.04.30-11.56.08:623][  0]LogInit:  CurlRequestOptions (configurable via config and command line):
[2016.04.30-11.56.08:623][  0]LogInit:  - bVerifyPeer = true  - Libcurl will verify peer certificate
[2016.04.30-11.56.08:623][  0]LogInit:  - bUseHttpProxy = false  - Libcurl will NOT use HTTP proxy
[2016.04.30-11.56.08:623][  0]LogInit:  - bDontReuseConnections = false  - Libcurl will reuse connections
[2016.04.30-11.56.08:623][  0]LogInit:  - CertBundlePath = nullptr  - Libcurl will use whatever was configured at build time.
[2016.04.30-11.56.08:629][  0]LogInit: Presizing for 0 objects not considered by GC, pre-allocating 0 bytes.
[2016.04.30-11.56.08:638][  0]LogInit: Object subsystem initialized
[2016.04.30-11.56.08:639][  0]LogInit: Selected Device Profile: [Windows]
[2016.04.30-11.56.08:639][  0]LogInit: Applying CVar settings loaded from the selected device profile: [Windows]
[2016.04.30-11.56.08:647][  0]LogInit: Computer: MANDY-PC
[2016.04.30-11.56.08:647][  0]LogInit: User: Mandy
[2016.04.30-11.56.08:647][  0]LogInit: CPU Page size=4096, Cores=4
[2016.04.30-11.56.08:647][  0]LogInit: High frequency timer resolution =14.318180 MHz
[2016.04.30-11.56.08:647][  0]LogMemory: Memory total: Physical=16.0GB (16GB approx)
[2016.04.30-11.56.08:647][  0]LogMemory: Platform Memory Stats for Windows
[2016.04.30-11.56.08:647][  0]LogMemory: Process Physical Memory: 56.11 MB used, 56.11 MB peak
[2016.04.30-11.56.08:647][  0]LogMemory: Process Virtual Memory: 59.69 MB used, 59.69 MB peak
[2016.04.30-11.56.08:647][  0]LogMemory: Physical Memory: 4526.29 MB used, 16383.18 MB total
[2016.04.30-11.56.08:647][  0]LogMemory: Virtual Memory: 354.59 MB used, 8388608.00 MB total
[2016.04.30-11.56.08:688][  0]LogTextLocalizationManager: No specific translations for ('en-US') exist, so ('en') translations will be used.
[2016.04.30-11.56.09:281][  0]LogD3D11RHI: Found D3D11 adapter 0: NVIDIA GeForce GTX 750 (Feature Level 11_0)
[2016.04.30-11.56.09:281][  0]LogD3D11RHI: Adapter has 972MB of dedicated video memory, 0MB of dedicated system memory, and 3072MB of shared system memory, 2 output[s]
[2016.04.30-11.56.09:281][  0]LogD3D11RHI: Chosen D3D11 Adapter Id = 0
[2016.04.30-11.56.09:286][  0]LogD3D11RHI: !Direct3DDevice
[2016.04.30-11.56.09:286][  0]LogRHI: Texture pool is 680 MB (70% of 972 MB)
[2016.04.30-11.56.09:297][  0]LogD3D11RHI: Async texture creation enabled
[2016.04.30-11.56.09:312][  0]LogShaderCompilers: Guid format shader working directory is -10 characters bigger than the processId version (../../../../../../Users/Mandy/Documents/GitHub/HotelBete/Intermediate/Shaders/WorkingDirectory/5940/).
[2016.04.30-11.56.09:312][  0]LogShaderCompilers: Cleaned the shader compiler working directory 'C:/Users/Mandy/AppData/Local/Temp/UnrealShaderWorkingDir/2B712E3845596608BE27488AB676FEE9/'.
[2016.04.30-11.56.09:312][  0]LogShaderCompilers:Display: Using Local Shader Compiler.
[2016.04.30-11.56.25:415][  0]LogTemp:Display: Loaded TP AllDesktopTargetPlatform
[2016.04.30-11.56.25:420][  0]LogTemp:Display: Loaded TP WindowsClientTargetPlatform
[2016.04.30-11.56.25:425][  0]LogTemp:Display: Loaded TP WindowsNoEditorTargetPlatform
[2016.04.30-11.56.25:430][  0]LogTemp:Display: Loaded TP WindowsServerTargetPlatform
[2016.04.30-11.56.25:434][  0]LogTemp:Display: Loaded TP WindowsTargetPlatform
[2016.04.30-11.56.25:438][  0]LogTemp:Display: Loaded TP AndroidTargetPlatform
[2016.04.30-11.56.25:442][  0]LogTemp:Display: Loaded TP Android_ASTCTargetPlatform
[2016.04.30-11.56.25:445][  0]LogTemp:Display: Loaded TP Android_ATCTargetPlatform
[2016.04.30-11.56.25:448][  0]LogTemp:Display: Loaded TP Android_DXTTargetPlatform
[2016.04.30-11.56.25:452][  0]LogTemp:Display: Loaded TP Android_ETC1TargetPlatform
[2016.04.30-11.56.25:455][  0]LogTemp:Display: Loaded TP Android_ETC2TargetPlatform
[2016.04.30-11.56.25:462][  0]LogTemp:Display: Loaded TP Android_MultiTargetPlatform
[2016.04.30-11.56.25:462][  0]LogTemp:Display: Loaded TP Android_PVRTCTargetPlatform
[2016.04.30-11.56.25:463][  0]LogTemp:Display: Loaded TP HTML5TargetPlatform
[2016.04.30-11.56.25:479][  0]LogTemp:Display: Loaded TP IOSTargetPlatform
[2016.04.30-11.56.25:482][  0]LogTemp:Display: Loaded TP LinuxNoEditorTargetPlatform
[2016.04.30-11.56.25:486][  0]LogTemp:Display: Loaded TP LinuxServerTargetPlatform
[2016.04.30-11.56.25:489][  0]LogTemp:Display: Loaded TP LinuxTargetPlatform
[2016.04.30-11.56.25:490][  0]LogTargetPlatformManager:Display: Building Assets For Windows
[2016.04.30-11.56.25:556][  0]LogDerivedDataCache:Display: Max Cache Size: 512 MB
[2016.04.30-11.56.25:647][  0]LogDerivedDataCache: Loaded boot cache 0.09s 41MB C:/Users/Mandy/AppData/Local/UnrealEngine/4.10/DerivedDataCache/Boot.ddc.
[2016.04.30-11.56.25:647][  0]LogDerivedDataCache:Display: Loaded Boot cache: C:/Users/Mandy/AppData/Local/UnrealEngine/4.10/DerivedDataCache/Boot.ddc
[2016.04.30-11.56.25:647][  0]LogDerivedDataCache: FDerivedDataBackendGraph:  Pak pak cache file ../../../../../../Users/Mandy/Documents/GitHub/HotelBete/DerivedDataCache/DDC.ddp not found, will not use a pak cache.
[2016.04.30-11.56.25:647][  0]LogDerivedDataCache: Unable to find inner node Pak for hierarchical cache Hierarchy.
[2016.04.30-11.56.25:647][  0]LogDerivedDataCache: FDerivedDataBackendGraph:  CompressedPak pak cache file ../../../../../../Users/Mandy/Documents/GitHub/HotelBete/DerivedDataCache/Compressed.ddp not found, will not use a pak cache.
[2016.04.30-11.56.25:647][  0]LogDerivedDataCache: Unable to find inner node CompressedPak for hierarchical cache Hierarchy.
[2016.04.30-11.56.25:739][  0]LogDerivedDataCache:Display: Pak cache opened for reading ../../../Engine/DerivedDataCache/Compressed.ddp.
[2016.04.30-11.56.25:750][  0]LogDerivedDataCache: Using Local data cache path C:/Users/Mandy/AppData/Local/UnrealEngine/Common/DerivedDataCache: Writable
[2016.04.30-11.56.25:955][  0]LogInit: Selected Device Profile: [Windows]
[2016.04.30-11.56.25:956][  0]LogContentStreaming: Texture pool size is 0.000000MB
[2016.04.30-11.56.25:995][  0]LogMeshUtilities: No automatic mesh reduction module available
[2016.04.30-11.56.25:995][  0]LogMeshUtilities: No automatic mesh merging module available
[2016.04.30-11.56.26:451][  0]LogInit: WinSock: version 1.1 (2.2), MaxSocks=32767, MaxUdp=65467
[2016.04.30-11.56.27:264][  0]LogAssetRegistry: FAssetRegistry took 0.0110 seconds to start up
[2016.04.30-11.56.27:278][  0]UdpMessaging: Initializing bridge on interface 0.0.0.0:0 to multicast group 230.0.0.1:6666.
[2016.04.30-11.56.27:535][  0]SourceControl: Info Source control is disabled
[2016.04.30-11.56.27:536][  0]SourceControl: Info Source control is disabled
[2016.04.30-11.56.27:545][  0]SourceControl: Info Source control is disabled
[2016.04.30-11.56.27:554][  0]SourceControl: Info Source control is disabled
[2016.04.30-11.56.27:776][  0]LogObj: 28802 objects as part of root set at end of initial load.
[2016.04.30-11.56.27:776][  0]LogUObjectAllocator: 6129776 out of 0 bytes used by permanent object pool.
[2016.04.30-11.56.27:847][  0]LogEngine: Initializing Engine...
[2016.04.30-11.56.27:849][  0]LogHMD: Can't find Oculus library dev build: is proper Runtime installed? Version: 0.8.0.0
[2016.04.30-11.56.27:850][  0]LogHMD: SteamVR failed to initialize.  Err: 110
[2016.04.30-11.56.28:007][  0]LogAIModule: Creating AISystem for world NewWorld
[2016.04.30-11.56.28:014][  0]LogInit: XAudio2 using 'Speakers (2- Logitech USB Headset)' : 2 channels at 44.1 kHz using 16 bits per sample (channel mask 0x3)
[2016.04.30-11.56.28:032][  0]LogInit: FAudioDevice initialized.
[2016.04.30-11.56.28:074][  0]LogDerivedDataCache: Saved boot cache 0.04s 41MB C:/Users/Mandy/AppData/Local/UnrealEngine/4.10/DerivedDataCache/Boot.ddc.
[2016.04.30-11.56.28:090][  0]LogInit: Texture streaming: Enabled
[2016.04.30-11.56.28:095][  0]LogAnalytics: Creating configured Analytics provider AnalyticsET
[2016.04.30-11.56.28:095][  0]LogAnalytics: [UEEditor.Rocket.Release] APIServer = http://et2.epicgames.com/ET2/. AppVersion = 4.10.4-2872498+++depot+UE4-Releases+4.10
[2016.04.30-11.56.28:095][  0]LogAnalytics: [UEEditor.Rocket.Release] SetUserId e0d98b0e467b55d21c5013962f69b996|a1543627d61e4593a39d507d0813b255|cef8b6ba-01d0-47b7-a028-3b7e918a90c5
[2016.04.30-11.56.28:095][  0]LogAnalytics: [UEEditor.Rocket.Release] AnalyticsET::StartSession
[2016.04.30-11.56.28:102][  0]LogInit: Transaction tracking system initialized
[2016.04.30-11.56.28:125][  0]BlueprintLog: New page: Editor Load
[2016.04.30-11.56.28:187][  0]LocalizationService: Info Localization service is disabled
[2016.04.30-11.56.28:251][  0]LogConsoleResponse:Display: 
[2016.04.30-11.56.28:385][  0]LogCook:Display: Done creating registry. It took  0.00s.
[2016.04.30-11.56.28:435][  0]LogFileCache: Scanning file cache for directory 'E:/Users/Mandy/Documents/GitHub/HotelBete/Content/' took 0.02s
[2016.04.30-11.56.28:435][  0]SourceControl: Info Source control is disabled
[2016.04.30-11.56.28:436][  0]Cmd: MAP LOAD FILE="../../../../../../Users/Mandy/Documents/GitHub/HotelBete/Content/Hotel/Levels/Menu.umap" TEMPLATE=0 SHOWPROGRESS=1 FEATURELEVEL=3
[2016.04.30-11.56.28:436][  0]LightingResults: New page: Lighting Build
[2016.04.30-11.56.28:439][  0]MapCheck: New page: Map Check
[2016.04.30-11.56.28:439][  0]LightingResults: New page: Lighting Build
[2016.04.30-11.56.28:456][  0]LogParticles: Destroying 0 GPU particle simulations for FXSystem 0x0000000020B9EAC0
[2016.04.30-11.56.29:446][  0]LogAIModule: Creating AISystem for world Menu
[2016.04.30-11.56.29:448][  0]LogEditorServer: Finished looking for orphan Actors (0.000 secs)
[2016.04.30-11.56.29:449][  0]Cmd: MAP CHECKDEP NOCLEARLOG
[2016.04.30-11.56.29:516][  0]MapCheck: Info Map check complete: 0 Error(s), 0 Warning(s), took 66.633ms to complete.
[2016.04.30-11.56.29:516][  0]LogFileHelpers: Loading map 'Menu' took 1.080
[2016.04.30-11.56.29:623][  0]LogCollectionManager: Loaded 0 collections in 0.001506 seconds
[2016.04.30-11.56.29:663][  0]LogFileCache: Scanning file cache for directory 'E:/Users/Mandy/Documents/GitHub/HotelBete/Saved/Collections/' took 0.01s
[2016.04.30-11.56.29:663][  0]LogFileCache: Scanning file cache for directory 'E:/Users/Mandy/Documents/GitHub/HotelBete/Content/Developers/Mandy/Collections/' took 0.01s
[2016.04.30-11.56.29:663][  0]LogFileCache: Scanning file cache for directory 'E:/Users/Mandy/Documents/GitHub/HotelBete/Content/Collections/' took 0.01s
[2016.04.30-11.56.29:663][  0]LogCollectionManager: Rebuilt the GUID cache for 0 collections in 0.000003 seconds
[2016.04.30-11.56.29:674][  0]LogContentBrowser: Native class hierarchy populated in 0.0107 seconds. Added 1908 classes and 344 folders.
[2016.04.30-11.56.29:680][  0]LogContentBrowser: Native class hierarchy updated for 'WidgetCarousel' in 0.0004 seconds. Added 0 classes and 0 folders.
[2016.04.30-11.56.29:722][  0]LogContentBrowser: Native class hierarchy updated for 'AddContentDialog' in 0.0005 seconds. Added 0 classes and 0 folders.
[2016.04.30-11.56.29:726][  0]LogContentBrowser: Native class hierarchy updated for 'SceneOutliner' in 0.0005 seconds. Added 1 classes and 2 folders.
[2016.04.30-11.56.29:788][  0]LogCrashTracker: Crashtracker disabled due to settings.
[2016.04.30-11.56.29:793][  0]LogUObjectGlobals:Warning: Failed to find object 'Class None.'
[2016.04.30-11.56.29:814][  0]LogLoad: Full Startup: 21.67 seconds (BP compile: 0.14 seconds)
[2016.04.30-11.56.29:825][  0]LogOcInput: Can't find Oculus library dev build: is proper Runtime installed? Version: 0.8.0.0
[2016.04.30-11.56.29:900][  0]LogContentStreaming: Texture pool size now 1000 MB
[2016.04.30-11.56.30:108][  0]LogRenderer: Reallocating scene render targets to support 1036x568 (Frame:2).
[2016.04.30-11.56.30:519][  7]LogAssetRegistry: Asset discovery search completed in 3.2663 seconds
[2016.04.30-11.56.30:519][  7]LogCollectionManager: Rebuilt the object cache for 0 collections in 0.000002 seconds (found 0 objects)
[2016.04.30-11.56.30:519][  7]LogCollectionManager: Fixed up redirectors for 0 collections in 0.000026 seconds (updated 0 objects)
[2016.04.30-11.56.34:856][485]LogMaterial: Missing cached shader map for material 2ndFloorStainedGlass, compiling. 
[2016.04.30-11.56.34:970][485]LogMaterial: Missing cached shader map for material 2ndFloorStainedGlass, compiling. 
[2016.04.30-11.56.34:976][485]LogMaterial: 0.000067 seconds spent updating 1 materials, 1 interfaces, 0 instances, 0 with static permutations.
[2016.04.30-11.56.35:001][485]LogMaterial: Missing cached shader map for material FMatExpressionPreview MaterialExpressionTextureSample_5, compiling. 
[2016.04.30-11.56.35:004][485]LogMaterial: Missing cached shader map for material FMatExpressionPreview MaterialExpressionTextureSample_6, compiling. 
[2016.04.30-11.56.35:008][485]LogMaterial: Missing cached shader map for material FMatExpressionPreview MaterialExpressionTextureSample_11, compiling. 
[2016.04.30-11.56.36:936][540]MaterialEditorStats: Info Base pass shader with static lighting: 68 instructions
[2016.04.30-11.56.36:936][540]MaterialEditorStats: Info Base pass shader with only dynamic lighting: 33 instructions
[2016.04.30-11.56.36:936][540]MaterialEditorStats: Info Vertex shader: 33 instructions
[2016.04.30-11.56.36:936][540]MaterialEditorStats: Info Texture samplers: 4/16
[2016.04.30-11.56.50:886][350]LogMaterial: Missing cached shader map for material StainedGlass, compiling. 
[2016.04.30-11.56.50:976][350]LogMaterial: Missing cached shader map for material StainedGlass, compiling. 
[2016.04.30-11.56.50:982][350]LogMaterial: 0.000097 seconds spent updating 1 materials, 1 interfaces, 0 instances, 0 with static permutations.
[2016.04.30-11.56.51:011][350]LogMaterial: Missing cached shader map for material FMatExpressionPreview MaterialExpressionTextureSample_2, compiling. 
[2016.04.30-11.56.51:015][350]LogMaterial: Missing cached shader map for material FMatExpressionPreview MaterialExpressionTextureSample_3, compiling. 
[2016.04.30-11.56.51:018][350]LogMaterial: Missing cached shader map for material FMatExpressionPreview MaterialExpressionTextureSample_1, compiling. 
[2016.04.30-11.56.52:791][418]MaterialEditorStats: Info Base pass shader with static lighting: 68 instructions
[2016.04.30-11.56.52:791][418]MaterialEditorStats: Info Base pass shader with only dynamic lighting: 33 instructions
[2016.04.30-11.56.52:791][418]MaterialEditorStats: Info Vertex shader: 33 instructions
[2016.04.30-11.56.52:791][418]MaterialEditorStats: Info Texture samplers: 4/16
[2016.04.30-11.57.15:613][760]LogEditorFactories: Performing atomic reimport of [E:/Users/Mandy/Documents/Substance Painter/exports/Guest/Walls/jpeg/Walls_StainedGlass.jpg]
[2016.04.30-11.57.15:613][760]LogFactory: FactoryCreateBinary: Texture2D with ReimportTextureFactory (0 0 E:/Users/Mandy/Documents/Substance Painter/exports/Guest/Walls/jpeg/Walls_StainedGlass.jpg)
[2016.04.30-11.57.16:534][760]LogTexture:Display: Building textures: Walls_StainedGlass (AutoDXT)
[2016.04.30-11.57.22:012][760]LogEditorFactories: -- imported successfully
[2016.04.30-11.57.25:956][917]LogSavePackage: Save=1132.332764ms
[2016.04.30-11.57.25:956][917]LogSavePackage: Moving '../../../../../../Users/Mandy/Documents/GitHub/HotelBete/Saved/Walls_StainedGlassE99B4CB3434F9362E80F25A477B40FDA.tmp' to '../../../../../../Users/Mandy/Documents/GitHub/HotelBete/Content/Hotel/Art/Textures/Guest_Floor/Wall/Walls_StainedGlass.uasset'
[2016.04.30-11.57.25:958][917]LogSavePackage: Total save time: 1159.387924ms
[2016.04.30-11.57.25:958][917]LogSavePackage:Display: Finished SavePackage ../../../../../../Users/Mandy/Documents/GitHub/HotelBete/Content/Hotel/Art/Textures/Guest_Floor/Wall/Walls_StainedGlass.uasset
[2016.04.30-11.57.31:138][213]LogRenderer: Reallocating scene render targets to support 1192x780 (Frame:5968).
[2016.04.30-11.58.11:111][673]LogMaterial: Missing cached shader map for material M_Wood_Oak, compiling. 
[2016.04.30-11.58.11:112][673]LogMaterial:Warning: Failed to compile Material /Game/StarterContent/Materials/M_Wood_Oak.M_Wood_Oak for platform PCD3D_SM5, Default Material will be used in game.
[2016.04.30-11.58.11:112][673]LogMaterial:Warning: 	(Node TextureSample) TextureSample> Missing input texture
[2016.04.30-11.58.13:049][673]LogAIModule: Creating AISystem for world World
[2016.04.30-11.58.13:051][673]LogParticles:Warning: InitializeSystem called on an unregistered component. Template=/Game/StarterContent/Particles/Breath.Breath Component=/Game/Hotel/Levels/World.World:PersistentLevel.Breath.ParticleSystemComponent0
[2016.04.30-11.58.13:052][673]LogParticles:Warning: InitializeSystem called on an unregistered component. Template=/Game/StarterContent/Particles/ItemMarker.ItemMarker Component=/Game/Hotel/Levels/World.World:PersistentLevel.ItemMarker.ParticleSystemComponent0
[2016.04.30-11.58.13:052][673]LogParticles:Warning: InitializeSystem called on an unregistered component. Template=/Game/StarterContent/Particles/Dust.Dust Component=/Game/Hotel/Levels/World.World:PersistentLevel.Dust_2.ParticleSystemComponent0
[2016.04.30-11.58.13:054][673]LogParticles:Warning: InitializeSystem called on an unregistered component. Template=/Game/StarterContent/Particles/Dust.Dust Component=/Game/Hotel/Levels/World.World:PersistentLevel.Dust2.ParticleSystemComponent0
[2016.04.30-11.58.13:054][673]LogParticles:Warning: InitializeSystem called on an unregistered component. Template=/Game/StarterContent/Particles/Dust.Dust Component=/Game/Hotel/Levels/World.World:PersistentLevel.Dust3.ParticleSystemComponent0
[2016.04.30-11.58.13:344][673]Cmd: MAP LOAD FILE="../../../../../../Users/Mandy/Documents/GitHub/HotelBete/Content/Hotel/Levels/World.umap" TEMPLATE=0 SHOWPROGRESS=1 FEATURELEVEL=3
[2016.04.30-11.58.13:344][673]LightingResults: New page: Lighting Build
[2016.04.30-11.58.13:373][673]LoadErrors: New page: Loading map: World.umap
[2016.04.30-11.58.13:373][673]MapCheck: New page: Map Check
[2016.04.30-11.58.13:373][673]LightingResults: New page: Lighting Build
[2016.04.30-11.58.13:405][673]LogParticles: Destroying 0 GPU particle simulations for FXSystem 0x000000000F795DA0
[2016.04.30-11.58.13:599][673]LogEditorServer: Finished looking for orphan Actors (0.000 secs)
[2016.04.30-11.58.13:682][673]Cmd: MAP CHECKDEP NOCLEARLOG
[2016.04.30-11.58.13:824][673]MapCheck: Info Map check complete: 0 Error(s), 0 Warning(s), took 141.273ms to complete.
[2016.04.30-11.58.13:825][673]LogFileHelpers: Loading map 'World' took 0.483
[2016.04.30-11.58.13:830][673]LoadErrors:Error: Error /Game/FirstPerso