[2016.03.30-19.31.32:408][  0]Log file open, 03/30/16 15:31:32
[2016.03.30-19.31.32:408][  0]LogInit:Display: Running engine for game: Hotel
[2016.03.30-19.31.32:408][  0]LogPlatformFile: Not using cached read wrapper
[2016.03.30-19.31.32:408][  0]LogInit:Display: RandInit(507292171) SRandInit(507292172).
[2016.03.30-19.31.32:408][  0]LogTaskGraph: Started task graph with 4 named threads and 7 total threads.
[2016.03.30-19.31.32:408][  0]LogStats: Stats thread started at 0.085925
[2016.03.30-19.31.32:408][  0]LogInit: Version: 4.10.2-2818068+++depot+UE4-Releases+4.10
[2016.03.30-19.31.32:408][  0]LogInit: API Version: 2758231
[2016.03.30-19.31.32:408][  0]LogInit: Compiled (64-bit): Jan  6 2016 17:36:42
[2016.03.30-19.31.32:408][  0]LogInit: Compiled with Visual C++: 19.00.23026.00
[2016.03.30-19.31.32:408][  0]LogInit: Build Configuration: Development
[2016.03.30-19.31.32:408][  0]LogInit: Branch Name: ++depot+UE4-Releases+4.10
[2016.03.30-19.31.32:408][  0]LogInit: Command line:  
[2016.03.30-19.31.32:408][  0]LogInit: Base directory: C:/Program Files/Epic Games/4.10/Engine/Binaries/Win64/
[2016.03.30-19.31.32:408][  0]LogInit: Rocket: 1
[2016.03.30-19.31.32:408][  0]LogInit: Using libcurl 7.41.0
[2016.03.30-19.31.32:408][  0]LogInit:  - built for x86_64-pc-win32
[2016.03.30-19.31.32:408][  0]LogInit:  - supports SSL with WinSSL
[2016.03.30-19.31.32:408][  0]LogInit:  - other features:
[2016.03.30-19.31.32:408][  0]LogInit:      CURL_VERSION_SSL
[2016.03.30-19.31.32:408][  0]LogInit:      CURL_VERSION_IPV6
[2016.03.30-19.31.32:408][  0]LogInit:      CURL_VERSION_ASYNCHDNS
[2016.03.30-19.31.32:408][  0]LogInit:      CURL_VERSION_LARGEFILE
[2016.03.30-19.31.32:408][  0]LogInit:      CURL_VERSION_IDN
[2016.03.30-19.31.32:408][  0]LogInit:  CurlRequestOptions (configurable via config and command line):
[2016.03.30-19.31.32:408][  0]LogInit:  - bVerifyPeer = true  - Libcurl will verify peer certificate
[2016.03.30-19.31.32:408][  0]LogInit:  - bUseHttpProxy = false  - Libcurl will NOT use HTTP proxy
[2016.03.30-19.31.32:408][  0]LogInit:  - bDontReuseConnections = false  - Libcurl will reuse connections
[2016.03.30-19.31.32:408][  0]LogInit:  - CertBundlePath = nullptr  - Libcurl will use whatever was configured at build time.
[2016.03.30-19.31.32:408][  0]LogInit: Presizing for 0 objects not considered by GC, pre-allocating 0 bytes.
[2016.03.30-19.31.32:428][  0]LogInit: Object subsystem initialized
[2016.03.30-19.31.32:429][  0]LogInit: Selected Device Profile: [Windows]
[2016.03.30-19.31.32:429][  0]LogInit: Applying CVar settings loaded from the selected device profile: [Windows]
[2016.03.30-19.31.32:456][  0]LogInit: Computer: MRRBOND-PC
[2016.03.30-19.31.32:456][  0]LogInit: User: MrrBond
[2016.03.30-19.31.32:456][  0]LogInit: CPU Page size=4096, Cores=4
[2016.03.30-19.31.32:456][  0]LogInit: High frequency timer resolution =3.415989 MHz
[2016.03.30-19.31.32:456][  0]LogMemory: Memory total: Physical=7.9GB (8GB approx)
[2016.03.30-19.31.32:456][  0]LogMemory: Platform Memory Stats for Windows
[2016.03.30-19.31.32:456][  0]LogMemory: Process Physical Memory: 56.13 MB used, 56.13 MB peak
[2016.03.30-19.31.32:456][  0]LogMemory: Process Virtual Memory: 56.73 MB used, 56.73 MB peak
[2016.03.30-19.31.32:456][  0]LogMemory: Physical Memory: 2928.75 MB used, 8134.92 MB total
[2016.03.30-19.31.32:456][  0]LogMemory: Virtual Memory: 382.86 MB used, 134217728.00 MB total
[2016.03.30-19.31.32:503][  0]LogTextLocalizationManager: No specific translations for ('en-US') exist, so ('en') translations will be used.
[2016.03.30-19.31.32:920][  0]LogD3D11RHI: Found D3D11 adapter 0: NVIDIA GeForce GTX 770 (Feature Level 11_0)
[2016.03.30-19.31.32:920][  0]LogD3D11RHI: Adapter has 1989MB of dedicated video memory, 0MB of dedicated system memory, and 4067MB of shared system memory, 1 output[s]
[2016.03.30-19.31.32:921][  0]LogD3D11RHI: Found D3D11 adapter 1: Microsoft Basic Render Driver (Feature Level 11_0)
[2016.03.30-19.31.32:921][  0]LogD3D11RHI: Adapter has 0MB of dedicated video memory, 0MB of dedicated system memory, and 4067MB of shared system memory, 0 output[s]
[2016.03.30-19.31.32:921][  0]LogD3D11RHI: Chosen D3D11 Adapter Id = 0
[2016.03.30-19.31.32:924][  0]LogD3D11RHI: !Direct3DDevice
[2016.03.30-19.31.32:924][  0]LogRHI: Texture pool is 1361 MB (70% of 1945 MB)
[2016.03.30-19.31.32:936][  0]LogD3D11RHI: Async texture creation enabled
[2016.03.30-19.31.32:951][  0]LogShaderCompilers: Guid format shader working directory is -10 characters bigger than the processId version (../../../../../../Users/MrrBond/Documents/GitHub/HotelBete/Intermediate/Shaders/WorkingDirectory/5412/).
[2016.03.30-19.31.32:951][  0]LogShaderCompilers: Cleaned the shader compiler working directory 'C:/Users/MrrBond/AppData/Local/Temp/UnrealShaderWorkingDir/0B4098BF489EE30F65D538959AE978A6/'.
[2016.03.30-19.31.32:951][  0]LogShaderCompilers:Display: Using Local Shader Compiler.
[2016.03.30-19.31.34:204][  0]LogTemp:Display: Loaded TP AllDesktopTargetPlatform
[2016.03.30-19.31.34:211][  0]LogTemp:Display: Loaded TP WindowsClientTargetPlatform
[2016.03.30-19.31.34:216][  0]LogTemp:Display: Loaded TP WindowsNoEditorTargetPlatform
[2016.03.30-19.31.34:221][  0]LogTemp:Display: Loaded TP WindowsServerTargetPlatform
[2016.03.30-19.31.34:226][  0]LogTemp:Display: Loaded TP WindowsTargetPlatform
[2016.03.30-19.31.34:232][  0]LogTemp:Display: Loaded TP AndroidTargetPlatform
[2016.03.30-19.31.34:235][  0]LogTemp:Display: Loaded TP Android_ASTCTargetPlatform
[2016.03.30-19.31.34:238][  0]LogTemp:Display: Loaded TP Android_ATCTargetPlatform
[2016.03.30-19.31.34:242][  0]LogTemp:Display: Loaded TP Android_DXTTargetPlatform
[2016.03.30-19.31.34:245][  0]LogTemp:Display: Loaded TP Android_ETC1TargetPlatform
[2016.03.30-19.31.34:248][  0]LogTemp:Display: Loaded TP Android_ETC2TargetPlatform
[2016.03.30-19.31.34:255][  0]LogTemp:Display: Loaded TP Android_MultiTargetPlatform
[2016.03.30-19.31.34:255][  0]LogTemp:Display: Loaded TP Android_PVRTCTargetPlatform
[2016.03.30-19.31.34:256][  0]LogTemp:Display: Loaded TP HTML5TargetPlatform
[2016.03.30-19.31.34:277][  0]LogTemp:Display: Loaded TP IOSTargetPlatform
[2016.03.30-19.31.34:280][  0]LogTemp:Display: Loaded TP LinuxNoEditorTargetPlatform
[2016.03.30-19.31.34:283][  0]LogTemp:Display: Loaded TP LinuxServerTargetPlatform
[2016.03.30-19.31.34:289][  0]LogTemp:Display: Loaded TP LinuxTargetPlatform
[2016.03.30-19.31.34:289][  0]LogTargetPlatformManager:Display: Building Assets For Windows
[2016.03.30-19.31.34:404][  0]LogDerivedDataCache:Display: Max Cache Size: 512 MB
[2016.03.30-19.31.34:613][  0]LogDerivedDataCache: Loaded boot cache 0.21s 41MB C:/Users/MrrBond/AppData/Local/UnrealEngine/4.10/DerivedDataCache/Boot.ddc.
[2016.03.30-19.31.34:613][  0]LogDerivedDataCache:Display: Loaded Boot cache: C:/Users/MrrBond/AppData/Local/UnrealEngine/4.10/DerivedDataCache/Boot.ddc
[2016.03.30-19.31.34:613][  0]LogDerivedDataCache: FDerivedDataBackendGraph:  Pak pak cache file ../../../../../../Users/MrrBond/Documents/GitHub/HotelBete/DerivedDataCache/DDC.ddp not found, will not use a pak cache.
[2016.03.30-19.31.34:613][  0]LogDerivedDataCache: Unable to find inner node Pak for hierarchical cache Hierarchy.
[2016.03.30-19.31.34:613][  0]LogDerivedDataCache: FDerivedDataBackendGraph:  CompressedPak pak cache file ../../../../../../Users/MrrBond/Documents/GitHub/HotelBete/DerivedDataCache/Compressed.ddp not found, will not use a pak cache.
[2016.03.30-19.31.34:613][  0]LogDerivedDataCache: Unable to find inner node CompressedPak for hierarchical cache Hierarchy.
[2016.03.30-19.31.34:678][  0]LogDerivedDataCache:Display: Pak cache opened for reading ../../../Engine/DerivedDataCache/Compressed.ddp.
[2016.03.30-19.31.34:690][  0]LogDerivedDataCache: Using Local data cache path C:/Users/MrrBond/AppData/Local/UnrealEngine/Common/DerivedDataCache: Writable
[2016.03.30-19.31.35:879][  0]LogInit: Selected Device Profile: [Windows]
[2016.03.30-19.31.35:881][  0]LogContentStreaming: Texture pool size is 0.000000MB
[2016.03.30-19.31.36:011][  0]LogMeshUtilities: No automatic mesh reduction module available
[2016.03.30-19.31.36:011][  0]LogMeshUtilities: No automatic mesh merging module available
[2016.03.30-19.31.36:265][  0]LogInit: WinSock: version 1.1 (2.2), MaxSocks=32767, MaxUdp=65467
[2016.03.30-19.31.38:282][  0]LogAssetRegistry: FAssetRegistry took 0.0110 seconds to start up
[2016.03.30-19.31.38:314][  0]UdpMessaging: Initializing bridge on interface 0.0.0.0:0 to multicast group 230.0.0.1:6666.
[2016.03.30-19.31.38:655][  0]SourceControl: Info Source control is disabled
[2016.03.30-19.31.38:657][  0]SourceControl: Info Source control is disabled
[2016.03.30-19.31.38:673][  0]SourceControl: Info Source control is disabled
[2016.03.30-19.31.38:689][  0]SourceControl: Info Source control is disabled
[2016.03.30-19.31.39:080][  0]LogObj: 28802 objects as part of root set at end of initial load.
[2016.03.30-19.31.39:080][  0]LogUObjectAllocator: 6129776 out of 0 bytes used by permanent object pool.
[2016.03.30-19.31.39:147][  0]LogEngine: Initializing Engine...
[2016.03.30-19.31.39:150][  0]LogHMD: Can't find Oculus library dev build: is proper Runtime installed? Version: 0.8.0.0
[2016.03.30-19.31.39:180][  0]LogHMD: SteamVR failed to initialize.  Err: 110
[2016.03.30-19.31.39:291][  0]LogAIModule: Creating AISystem for world NewWorld
[2016.03.30-19.31.39:300][  0]LogInit: XAudio2 using 'Speakers (Realtek High Definition Audio)' : 2 channels at 48 kHz using 32 bits per sample (channel mask 0x3)
[2016.03.30-19.31.39:310][  0]LogInit: FAudioDevice initialized.
[2016.03.30-19.31.39:335][  0]LogDerivedDataCache: Saved boot cache 0.02s 41MB C:/Users/MrrBond/AppData/Local/UnrealEngine/4.10/DerivedDataCache/Boot.ddc.
[2016.03.30-19.31.39:341][  0]LogInit: Texture streaming: Enabled
[2016.03.30-19.31.39:347][  0]LogAnalytics: Creating configured Analytics provider AnalyticsET
[2016.03.30-19.31.39:348][  0]LogAnalytics: [UEEditor.Rocket.Release] APIServer = http://et2.epicgames.com/ET2/. AppVersion = 4.10.2-2818068+++depot+UE4-Releases+4.10
[2016.03.30-19.31.39:348][  0]LogAnalytics: [UEEditor.Rocket.Release] SetUserId 70d505b9489753c526a513886a8eb1a2|20388df98dc841109316ca5aa4c25788|5df8a1b8-928f-4cc0-8ccd-f95831ba8036
[2016.03.30-19.31.39:348][  0]LogAnalytics: [UEEditor.Rocket.Release] AnalyticsET::StartSession
[2016.03.30-19.31.39:400][  0]LogInit: Transaction tracking system initialized
[2016.03.30-19.31.39:555][  0]BlueprintLog: New page: Editor Load
[2016.03.30-19.31.39:693][  0]LocalizationService: Info Localization service is disabled
[2016.03.30-19.31.39:812][  0]LogConsoleResponse:Display: 
[2016.03.30-19.31.39:946][  0]LogCook:Display: Done creating registry. It took  0.00s.
[2016.03.30-19.31.40:047][  0]LogFileCache: Scanning file cache for directory 'C:/Users/MrrBond/Documents/GitHub/HotelBete/Content/' took 0.02s
[2016.03.30-19.31.40:047][  0]SourceControl: Info Source control is disabled
[2016.03.30-19.31.40:047][  0]Cmd: MAP LOAD FILE="../../../../../../Users/MrrBond/Documents/GitHub/HotelBete/Content/Hotel/Levels/Menu.umap" TEMPLATE=0 SHOWPROGRESS=1 FEATURELEVEL=3
[2016.03.30-19.31.40:050][  0]LightingResults: New page: Lighting Build
[2016.03.30-19.31.40:054][  0]MapCheck: New page: Map Check
[2016.03.30-19.31.40:054][  0]LightingResults: New page: Lighting Build
[2016.03.30-19.31.40:064][  0]LogParticles: Destroying 0 GPU particle simulations for FXSystem 0x0000027562B0BB00
[2016.03.30-19.31.42:913][  0]LogAIModule: Creating AISystem for world Menu
[2016.03.30-19.31.42:914][  0]LogEditorServer: Finished looking for orphan Actors (0.000 secs)
[2016.03.30-19.31.42:914][  0]Cmd: MAP CHECKDEP NOCLEARLOG
[2016.03.30-19.31.42:981][  0]MapCheck: Info Map check complete: 0 Error(s), 0 Warning(s), took 67.048ms to complete.
[2016.03.30-19.31.42:981][  0]LogFileHelpers: Loading map 'Menu' took 2.934
[2016.03.30-19.31.43:097][  0]LogCollectionManager: Loaded 0 collections in 0.002484 seconds
[2016.03.30-19.31.43:143][  0]LogFileCache: Scanning file cache for directory 'C:/Users/MrrBond/Documents/GitHub/HotelBete/Saved/Collections/' took 0.01s
[2016.03.30-19.31.43:143][  0]LogFileCache: Scanning file cache for directory 'C:/Users/MrrBond/Documents/GitHub/HotelBete/Content/Developers/MrrBond/Collections/' took 0.01s
[2016.03.30-19.31.43:143][  0]LogFileCache: Scanning file cache for directory 'C:/Users/MrrBond/Documents/GitHub/HotelBete/Content/Collections/' took 0.01s
[2016.03.30-19.31.43:143][  0]LogCollectionManager: Rebuilt the GUID cache for 0 collections in 0.000194 seconds
[2016.03.30-19.31.43:149][  0]LogContentBrowser: Native class hierarchy populated in 0.0061 seconds. Added 1908 classes and 344 folders.
[2016.03.30-19.31.43:156][  0]LogContentBrowser: Native class hierarchy updated for 'WidgetCarousel' in 0.0004 seconds. Added 0 classes and 0 folders.
[2016.03.30-19.31.43:460][  0]LogContentBrowser: Native class hierarchy updated for 'AddContentDialog' in 0.0004 seconds. Added 0 classes and 0 folders.
[2016.03.30-19.31.43:465][  0]LogContentBrowser: Native class hierarchy updated for 'SceneOutliner' in 0.0003 seconds. Added 1 classes and 2 folders.
[2016.03.30-19.31.43:484][  0]LogCrashTracker: Crashtracker disabled due to settings.
[2016.03.30-19.31.43:491][  0]LogUObjectGlobals:Warning: Failed to find object 'Class None.'
[2016.03.30-19.31.43:514][  0]LogLoad: Full Startup: 11.77 seconds (BP compile: 0.53 seconds)
[2016.03.30-19.31.43:525][  0]LogOcInput: Can't find Oculus library dev build: is proper Runtime installed? Version: 0.8.0.0
[2016.03.30-19.31.43:611][  0]LogContentStreaming: Texture pool size now 1000 MB
[2016.03.30-19.31.43:732][  0]LogRenderer: Reallocating scene render targets to support 1208x572 (Frame:2).
[2016.03.30-19.31.44:229][ 11]LogAssetRegistry: Asset discovery search completed in 5.9578 seconds
[2016.03.30-19.31.44:229][ 11]LogCollectionManager: Rebuilt the object cache for 0 collections in 0.000001 seconds (found 0 objects)
[2016.03.30-19.31.44:229][ 11]LogCollectionManager: Fixed up redirectors for 0 collections in 0.000021 seconds (updated 0 objects)
[2016.03.30-19.31.53:498][  9]LogLinker:Warning: Can't find file '/Game/StarterContent/Textures/skydome_hdri___brooding_clouds_by_ardak-d5zjabh'
[2016.03.30-19.31.53:498][  9]LogLinker:Warning: Can't find file for asset '/Game/StarterContent/Textures/skydome_hdri___brooding_clouds_by_ardak-d5zjabh' while loading ../../../Engine/Content/EngineSky/M_Sky_Panning_Clouds2.uasset.
[2016.03.30-19.31.53:498][  9]LoadErrors:Error: Error /Engine/EngineSky/M_Sky_Panning_Clouds2 : Can't find file for asset. /Game/StarterContent/Textures/skydome_hdri___brooding_clouds_by_ardak-d5zjabh
[2016.03.30-19.31.53:499][  9]LogLinker:Warning: Can't find file '/Game/StarterContent/Textures/skydome_hdri___brooding_clouds_by_ardak-d5zjabh'
[2016.03.30-19.31.53:499][  9]LogLinker:Warning: Can't find file for asset '/Game/StarterContent/Textures/skydome_hdri___brooding_clouds_by_ardak-d5zjabh' while loading ../../../Engine/Content/EngineSky/M_Sky_Panning_Clouds2.uasset.
[2016.03.30-19.31.53:983][  9]LogLinker:Warning: Can't find file '/Game/StarterContent/Textures/skydome_hdri___brooding_clouds_by_ardak-d5zjabh'
[2016.03.30-19.31.53:983][  9]LoadErrors: Info Failed to load /Game/StarterContent/Textures/skydome_hdri___brooding_clouds_by_ardak-d5zjabh.skydome_hdri___brooding_clouds_by_ardak-d5zjabh Referenced by MaterialExpressionTextureSample_0
[2016.03.30-19.31.53:983][  9]LogLinker:Warning: Can't find file for asset '/Game/StarterContent/Textures/skydome_hdri___brooding_clouds_by_ardak-d5zjabh' while loading NULL.
[2016.03.30-19.31.54:097][  9]LogMaterial: Missing cached shader map for material M_Sky_Panning_Clouds2, compiling. 
[2016.03.30-19.31.54:098][  9]LogMaterial:Warning: Failed to compile Material /Engine/EngineSky/M_Sky_Panning_Clouds2.M_Sky_Panning_Clouds2 for platform PCD3D_SM5, Default Material will be used in game.
[2016.03.30-19.31.54:098][  9]LogMaterial:Warning: 	(Node TextureSample) TextureSample> Missing input texture
[2016.03.30-19.31.54:728][  9]LogAIModule: Creating AISystem for world World
[2016.03.30-19.31.54:730][  9]LogParticles:Warning: InitializeSystem called on an unregistered component. Template=/Game/StarterContent/Particles/Breath.Breath Component=/Game/Hotel/Levels/World.World:PersistentLevel.Breath.ParticleSystemComponent0
[2016.03.30-19.31.54:731][  9]LogParticles:Warning: InitializeSystem called on an unregistered component. Template=/Game/StarterContent/Particles/ItemMarker.ItemMarker Component=/Game/Hotel/Levels/World.World:PersistentLevel.ItemMarker.ParticleSystemComponent0
[2016.03.30-19.31.54:731][  9]LogParticles:Warning: InitializeSystem called on an unregistered component. Template=/Game/StarterContent/Particles/Dust.Dust Component=/Game/Hotel/Levels/World.World:PersistentLevel.Dust_2.ParticleSystemComponent0
[2016.03.30-19.31.54:733][  9]LogParticles:Warning: InitializeSystem called on an unregistered component. Template=/Game/StarterContent/Particles/Dust.Dust Component=/Game/Hotel/Levels/World.World:PersistentLevel.Dust2.ParticleSystemComponent0
[2016.03.30-19.31.54:733][  9]LogParticles:Warning: InitializeSystem called on an unregistered component. Template=/Game/StarterContent/Particles/Dust.Dust Component=/Game/Hotel/Levels/World.World:PersistentLevel.Dust3.ParticleSystemComponent0
[2016.03.30-19.31.54:838][  9]Cmd: MAP LOAD FILE="../../../../../../Users/MrrBond/Documents/GitHub/HotelBete/Content/Hotel/Levels/World.umap" TEMPLATE=0 SHOWPROGRESS=1 FEATURELEVEL=3
[2016.03.30-19.31.54:838][  9]LightingResults: New page: Lighting Build
[2016.03.30-19.31.54:859][  9]LoadErrors: New page: Loading map: World.umap
[2016.03.30-19.31.54:860][  9]MapCheck: New page: Map Check
[2016.03.30-19.31.54:860][  9]LightingResults: New page: Lighting Build
[2016.03.30-19.31.54:891][  9]LogParticles: Destroying 0 GPU particle simulations for FXSystem 0x00000275094F2520
[2016.03.30-19.31.54:912][  9]LogEditorServer: Finished looking for orphan Actors (0.000 secs)
[2016.03.30-19.31.54:949][  9]Cmd: MAP CHECKDEP NOCLEARLOG
[2016.03.30-19.31.55:062][  9]MapCheck: Info Map check complete: 0 Error(s), 0 Warning(s), took 113.066ms to complete.
[2016.03.30-19.31.55:063][  9]LogFileHelpers: Loading map 'World' took 0.225
[2016.03.30-19.31.55:070][  9]LoadErrors:Error: Error /Game/FirstPersonBP/Blueprints/Enemy : Failed import for Enemy_C /Game/Hotel/Blueprints/Enemies/Enemy.Default__Enemy_C [redirection] in /Game/FirstPersonBP/Blueprints/Enemy
[2016.03.30-19.32.04:888][761]LogLinker:Warning: Asset '../../../Engine/Content/ArtTools/RenderToTexture/Macros/RenderToTextureMacros.uasset' has been saved with empty engine version. The asset will be loaded but may be incompatible.
[2016.03.30-19.32.05:266][761]LogContentBrowser: Native class hierarchy updated for 'BlueprintGraph' in 0.0006 seconds. Added 107 classes and 0 folders.
[2016.03.30-19.36.26:627][ 60]LogUObjectArray:Warning: Invalid object index -842150451
[2016.03.30-19.36.44:738][ 60]LogOutputDevice:Warning: === Handled error: ===

Ensure condition failed: false [File:D:\BuildFarm\buildmachine_++depot+UE4-Releases+4.10\Engine\Source\Editor\UnrealEd\Private\Kismet2\KismetDebugUtilities.cpp] [Line: 869]
Error: Invalid (but non-null) property associated with pin; cannot get variable value
Stack: 
UE4Editor-Core.dll!FWindowsPlatformStackWalk::StackWalkAndDump() [d:\buildfarm\buildmachine_++depot+ue4-releases+4.10\engine\source\runtime\core\private\windows\windowsplatformstackwalk.cpp:175]
UE4Editor-Core.dll!FDebug::EnsureFailed() [d:\buildfarm\buildmachine_++depot+ue4-releases+4.10\engine\source\runtime\core\private\misc\outputdevice.cpp:276]
UE4Editor-Core.dll!FDebug::OptionallyLogFormattedEnsureMessageReturningFalse() [d:\buildfarm\buildmachine_++depot+ue4-releases+4.10\engine\source\runtime\core\private\misc\outputdevice.cpp:385]
UE4Editor-UnrealEd.dll!FKismetDebugUtilities::GetWatchText() [d:\buildfarm\buildmachine_++depot+ue4-releases+4.10\engine\source\editor\unrealed\private\kismet2\kismetdebugutilities.cpp:869]
UE4Editor-BlueprintGraph.dll!UK2Node::GetPinHoverText() [d:\buildfarm\buildmachine_++depot+ue4-releases+4.10\engine\source\editor\blueprintgraph\private\k2node.cpp:1133]
UE4Editor-GraphEditor.dll!SGraphPin::GetTooltipText() [d:\buildfarm\buildmachine_++depot+ue4-releases+4.10\engine\source\editor\grapheditor\private\sgraphpin.cpp:998]
UE4Editor-GraphEditor.dll!TMemberFunctionCaller<SGraphPin,FText (__cdecl SGraphPin::*)(void)const __ptr64>::operator()<>() [d:\buildfarm\buildmachine_++depot+ue4-releases+4.10\engine\source\runtime\core\public\delegates\delegateinstanceinterface_variadics.h:161]
UE4Editor-GraphEditor.dll!TTupleImpl<TIntegerSequence<> >::ApplyAfter_ExplicitReturnType<FText,TMemberFunctionCaller<SGraphPin,FText (__cdecl SGraphPin::*)(void)const __ptr64> >() [d:\buildfarm\buildmachine_++depot+ue4-releases+4.10\engine\source\runtime\core\public\delegates\tuple.h:113]
UE4Editor-GraphEditor.dll!TBaseSPMethodDelegateInstance<1,SGraphPin,0,FText __cdecl(void)>::Execute() [d:\buildfarm\buildmachine_++depot+ue4-releases+4.10\engine\source\runtime\core\public\delegates\delegateinstancesimpl_variadics.inl:282]
UE4Editor-Slate.dll!TBaseDelegate<FText>::Execute() [d:\buildfarm\buildmachine_++depot+ue4-releases+4.10\engine\source\runtime\core\public\delegates\delegatesignatureimpl_variadics.inl:440]
UE4Editor-Slate.dll!TAttribute<FText>::Get() [d:\buildfarm\buildmachine_++depot+ue4-releases+4.10\engine\source\runtime\core\public\misc\attribute.h:135]
UE4Editor-Slate.dll!SToolTip::IsEmpty() [d:\buildfarm\buildmachine_++depot+ue4-releases+4.10\engine\source\runtime\slate\private\widgets\stooltip.cpp:84]
UE4Editor-Slate.dll!FSlateApplication::UpdateToolTip() [d:\buildfarm\buildmachine_++depot+ue4-releases+4.10\engine\source\runtime\slate\private\framework\application\slateapplication.cpp:2947]
UE4Editor-Slate.dll!FSlateApplication::ProcessMouseMoveEvent() [d:\buildfarm\buildmachine_++depot+ue4-releases+4.10\engine\source\runtime\slate\private\framework\application\slateapplication.cpp:4805]
UE4Editor-Slate.dll!FSlateApplication::OnMouseMove() [d:\buildfarm\buildmachine_++depot+ue4-releases+4.10\engine\source\runtime\slate\private\framework\application\slateapplication.cpp:4769]
UE4Editor-Core.dll!FWindowsApplication::ProcessDeferredMessage() [d:\buildfarm\buildmachine_++depot+ue4-releases+4.10\engine\source\runtime\core\private\windows\windowsapplication.cpp:1463]
UE4Editor-Core.dll!FWindowsApplication::DeferMessage() [d:\buildfarm\buildmachine_++depot+ue4-releases+4.10\engine\source\runtime\core\private\windows\windowsapplication.cpp:1721]
UE4Editor-Core.dll!FWindowsApplication::ProcessMessage() [d:\buildfarm\buildmachine_++depot+ue4-releases+4.10\engine\source\runtime\core\private\windows\windowsapplication.cpp:719]
UE4Editor-Core.dll!FWindowsApplication::AppWndProc() [d:\buildfarm\buildmachine_++depot+ue4-releases+4.10\engine\source\runtime\core\private\windows\windowsapplication.cpp:641]
USER32.dll
USER32.dll
UE4Editor-Core.dll!FWindowsPlatformMisc::PumpMessages() [d:\buildfarm\buildmachine_++depot+ue4-releases+4.10\engine\source\runtime\core\private\windows\windowsplatformmisc.cpp:884]
UE4Editor.exe!FEngineLoop::Tick() [d:\buildfarm\buildmachine_++depot+ue4-releases+4.10\engine\source\runtime\launch\private\launchengineloop.cpp:2391]
UE4Editor.exe!GuardedMain() [d:\buildfarm\buildmachine_++depot+ue4-releases+4.10\engine\source\runtime\launch\private\launch.cpp:142]
UE4Editor.exe!GuardedMainWrapper() [d:\buildfarm\buildmachine_++depot+ue4-releases+4.10\engine\source\runtime\launch\private\windows\launchwindows.cpp:126]
UE4Editor.exe!WinMain() [d:\buildfarm\buildmachine_++depot+ue4-releases+4.10\engine\source\runtime\launch\private\windows\launchwindows.cpp:200]
UE4Editor.exe!__scrt_common_main_seh() [f:\dd\vctools\crt\vcstartup\src\startup\exe_common.inl:264]
KERNEL32.DLL
ntdll.dll
ntdll.dll

[2016.03.30-19.36.46:868][ 60]LogUObjectArray:Warning: Invalid object index -842150451
[2016.03.30-19.43.23:969][243]LogUObjectArray:Warning: Invalid object index -842150451
[2016.03.30-19.43.23:969][243]LogUObjectArray:Warning: Invalid object index -842150451
[2016.03.30-19.43.23:970][243]LogUObjectArray:Warning: Invalid object index -842150451
[2016.03.30-19.43.23:971][243]LogUObjectArray:Warning: Invalid object index -842150451
[2016.03.30-19.43.23:973][243]LogUObjectArray:Warning: Invalid object index -842150451
[2016.03.30-19.43.57:384][906]BlueprintLog: New page: Compile Player
[2016.03.30-19.43.59:059][906]BlueprintEditorCompileResults: Info [0747.32] Compile of Player successful! [in 1,672 ms]
[2016.03.30-19.44.56:896][ 44]BlueprintLog: New page: Compile Player
[2016.03.30-19.44.57:687][ 44]BlueprintEditorCompileResults: Info [0805.95] Compile of Player successful! [in 790 ms]
[2016.03.30-19.45.13:467][682]BlueprintLog: New page: Compile Player
[2016.03.30-19.45.14:232][682]BlueprintEditorCompileResults: Info [0822.49] Compile of Player successful! [in 764 ms]
[2016.03.30-19.45.15:637][775]LogBlueprintUserMessages: Early PlayInEditor Detection: Level '/Game/Hotel/Levels/World.World:PersistentLevel' has LevelScriptBlueprint '/Game/Hotel/Levels/World.World:PersistentLevel.World' with GeneratedClass '/Game/Hotel/Levels/World.World_C' with ClassGeneratedBy '/Game/Hotel/Levels/World.World:PersistentLevel.World'
[2016.03.30-19.45.15:638][775]LogPlayLevel: PlayLevel: No blueprints needed recompiling
[2016.03.30-19.45.15:646][775]PIE: New page: PIE session: World (Mar 30, 2016, 11:45:15 AM)
[2016.03.30-19.45.15:647][775]LogPlayLevel: Creating play world package: /Game/Hotel/Levels/UEDPIE_0_World
[2016.03.30-19.45.15:722][775]LogPlayLevel: PIE: StaticDuplicateObject took: (0.074958s)
[2016.03.30-19.45.15:730][775]LogAIModule: Creating AISystem for world World
[2016.03.30-19.45.15:731][775]LogPlayLevel: PIE: World Init took: (0.008691s)
[2016.03.30-19.45.15:731][775]LogPlayLevel: PIE: Created PIE world by copying editor world from /Game/Hotel/Levels/World.World to /Game/Hotel/Levels/UEDPIE_0_World.World (0.085377s)
[2016.03.30-19.45.15:813][775]LogInit: XAudio2 using 'Speakers (Realtek High Definition Audio)' : 2 channels at 48 kHz using 32 bits per sample (channel mask 0x3)
[2016.03.30-19.45.15:832][775]LogInit: FAudioDevice initialized.
[2016.03.30-19.45.15:939][775]LogWorld: Game class is 'FirstPersonGameMode_C'
[2016.03.30-19.45.15:969][775]LogWorld: Bringing World /Game/Hotel/Levels/UEDPIE_0_World.World up for play (max tick rate 0) at 2016.03.30-15.45.15
[2016.03.30-19.45.15:969][775]LogActor:Warning: GameSession /Game/Hotel/Levels/UEDPIE_0_World.World:PersistentLevel.GameSession_0 has natively added scene component(s), but none of them were set as the actor's RootComponent - picking one arbitrarily
[2016.03.30-19.45.15:969][775]LogActor:Warning: GameNetworkManager /Game/Hotel/Levels/UEDPIE_0_World.World:PersistentLevel.GameNetworkManager_0 has natively added scene component(s), but none of them were set as the actor's RootComponent - picking one arbitrarily
[2016.03.30-19.45.15:982][775]LogWorld: Bringing up level for play took: 0.033598
[2016.03.30-19.45.16:037][775]PIE: Info Play in editor start time for /Game/Hotel/Levels/UEDPIE_0_World -0.16
[2016.03.30-19.45.16:038][775]LogBlueprintUserMessages: Late PlayInEditor Detection: Level '/Game/Hotel/Levels/World.World:PersistentLevel' has LevelScriptBlueprint '/Game/Hotel/Levels/World.World:PersistentLevel.World' with GeneratedClass '/Game/Hotel/Levels/World.World_C' with ClassGeneratedBy '/Game/Hotel/Levels/World.World:PersistentLevel.World'
[2016.03.30-19.45.16:098][776]LogRenderer: Reallocating scene render targets to support 1280x720 (Frame:7177).
[2016.03.30-19.45.40:628][528]LogScript:Warning: Accessed None 'Heartbeat'
	Player_C /Game/Hotel/Levels/UEDPIE_0_World.World:PersistentLevel.Player_C_33
	Function /Game/Hotel/Blueprints/Player/Player.Player_C:ExecuteUbergraph_Player:1689
[2016.03.30-19.45.40:629][528]PIE:Error: Error Accessed None 'Heartbeat' from node Branch in graph 'EventGraph' in blueprint Player
[2016.03.30-19.45.49:134][ 87]LogBlueprintUserMessages: [Player_C_33] 1.0
[2016.03.30-19.45.53:012][374]LogBlueprintUserMessages: Early EndPlayMap Detection: Level '/Game/Hotel/Levels/World.World:PersistentLevel' has LevelScriptBlueprint '/Game/Hotel/Levels/World.World:PersistentLevel.World' with GeneratedClass '/Game/Hotel/Levels/World.World_C' with ClassGeneratedBy '/Game/Hotel/Levels/World.World:PersistentLevel.World'
[2016.03.30-19.45.53:087][374]LogBlueprintUserMessages: Late EndPlayMap Detection: Level '/Game/Hotel/Levels/World.World:PersistentLevel' has LevelScriptBlueprint '/Game/Hotel/Levels/World.World:PersistentLevel.World' with GeneratedClass '/Game/Hotel/Levels/World.World_C' with ClassGeneratedBy '/Game/Hotel/Levels/World.World:PersistentLevel.World'
[2016.03.30-19.45.53:158][374]LogParticles: Destroying 0 GPU particle simulations for FXSystem 0x000002758A700400
[2016.03.30-19.45.58:069][777]LogBlueprintUserMessages: Early PlayInEditor Detection: Level '/Game/Hotel/Levels/World.World:PersistentLevel' has LevelScriptBlueprint '/Game/Hotel/Levels/World.World:PersistentLevel.World' with GeneratedClass '/Game/Hotel/Levels/World.World_C' with ClassGeneratedBy '/Game/Hotel/Levels/World.World:PersistentLevel.World'
[2016.03.30-19.45.58:069][777]LogPlayLevel: PlayLevel: No blueprints needed recompiling
[2016.03.30-19.45.58:069][777]PIE: New page: PIE session: World (Mar 30, 2016, 11:45:58 AM)
[2016.03.30-19.45.58:070][777]LogPlayLevel: Creating play world package: /Game/Hotel/Levels/UEDPIE_0_World
[2016.03.30-19.45.58:124][777]LogPlayLevel: PIE: StaticDuplicateObject took: (0.053594s)
[2016.03.30-19.45.58:126][777]LogAIModule: Creating AISystem for world World
[2016.03.30-19.45.58:127][777]LogPlayLevel: PIE: World Init took: (0.003128s)
[2016.03.30-19.45.58:128][777]LogPlayLevel: PIE: Created PIE world by copying editor world from /Game/Hotel/Levels/World.World to /Game/Hotel/Levels/UEDPIE_0_World.World (0.057520s)
[2016.03.30-19.45.58:208][777]LogInit: XAudio2 using 'Speakers (Realtek High Definition Audio)' : 2 channels at 48 kHz using 32 bits per sample (channel mask 0x3)
[2016.03.30-19.45.58:219][777]LogInit: FAudioDevice initialized.
[2016.03.30-19.45.58:311][777]LogWorld: Game class is 'FirstPersonGameMode_C'
[2016.03.30-19.45.58:326][777]LogWorld: Bringing World /Game/Hotel/Levels/UEDPIE_0_World.World up for play (max tick rate 0) at 2016.03.30-15.45.58
[2016.03.30-19.45.58:326][777]LogActor:Warning: GameSession /Game/Hotel/Levels/UEDPIE_0_World.World:PersistentLevel.GameSession_1 has natively added scene component(s), but none of them were set as the actor's RootComponent - picking one arbitrarily
[2016.03.30-19.45.58:327][777]LogActor:Warning: GameNetworkManager /Game/Hotel/Levels/UEDPIE_0_World.World:PersistentLevel.GameNetworkManager_1 has natively added scene component(s), but none of them were set as the actor's RootComponent - picking one arbitrarily
[2016.03.30-19.45.58:329][777]LogWorld: Bringing up level for play took: 0.016373
[2016.03.30-19.45.58:366][777]PIE: Info Play in editor start time for /Game/Hotel/Levels/UEDPIE_0_World 0.169
[2016.03.30-19.45.58:366][777]LogBlueprintUserMessages: Late PlayInEditor Detection: Level '/Game/Hotel/Levels/World.World:PersistentLevel' has LevelScriptBlueprint '/Game/Hotel/Levels/World.World:PersistentLevel.World' with GeneratedClass '/Game/Hotel/Levels/World.World_C' with ClassGeneratedBy '/Game/Hotel/Levels/World.World:PersistentLevel.World'
[2016.03.30-19.46.48:987][648]LogScript:Warning: Accessed None 'Heartbeat'
	Player_C /Game/Hotel/Levels/UEDPIE_0_World.World:PersistentLevel.Player_C_34
	Function /Game/Hotel/Blueprints/Player/Player.Player_C:ExecuteUbergraph_Player:1689
[2016.03.30-19.46.48:987][648]PIE:Error: Error Accessed None 'Heartbeat' from node Branch in graph 'EventGraph' in blueprint Player
[2016.03.30-19.47.01:620][520]LogBlueprintUserMessages: [Player_C_34] 1.0
[2016.03.30-19.47.31:852][536]LogBlueprintUserMessages: [Player_C_34] 2.0
[2016.03.30-19.47.33:163][626]LogBlueprintUserMessages: Early EndPlayMap Detection: Level '/Game/Hotel/Levels/World.World:PersistentLevel' has LevelScriptBlueprint '/Game/Hotel/Levels/World.World:PersistentLevel.World' with GeneratedClass '/Game/Hotel/Levels/World.World_C' with ClassGeneratedBy '/Game/Hotel/Levels/World.World:PersistentLevel.World'
[2016.03.30-19.47.33:224][626]LogBlueprintUserMessages: Late EndPlayMap Detection: Level '/Game/Hotel/Levels/World.World:PersistentLevel' has LevelScriptBlueprint '/Game/Hotel/Levels/World.World:PersistentLevel.World' with GeneratedClass '/Game/Hotel/Levels/World.World_C' with ClassGeneratedBy '/Game/Hotel/Levels/World.World:PersistentLevel.World'
[2016.03.30-19.47.33:320][626]LogParticles: Destroying 0 GPU particle simulations for FXSystem 0x0000027567B2EA20
[2016.03.30-19.47.35:385][789]LogEditorViewport: Clicking on Actor (LMB): StaticMeshActor (Lobby_haunted2)
[2016.03.30-19.47.36:496][847]LogEditorViewport: Clicking on Actor (LMB): Emitter (Dust)
[2016.03.30-19.47.41:181][141]LogEditorViewport: Clicking on Actor (LMB): PointLight (PointLight2)
[2016.03.30-19.47.49:382][646]LogEditorViewport: Clicking on Actor (LMB): PointLight (PointLight)
[2016.03.30-19.47.53:337][901]LogEditorViewport: Clicking on Actor (LMB): Emitter (Dust)
[2016.03.30-19.48.09:419][177]Cmd: OBJ SAVEPACKAGE PACKAGE="/Game/Hotel/Blueprints/Player/Player" FILE="../../../../../../Users/MrrBond/Documents/GitHub/HotelBete/Content/Hotel/Blueprints/Player/Player.uasset" SILENT=true
[2016.03.30-19.48.10:066][177]LogSavePackage: Save=570.665161ms
[2016.03.30-19.48.10:068][177]LogSavePackage: Moving '../../../../../../Users/MrrBond/Documents/GitHub/HotelBete/Saved/Player32BC27DC4AAC86AC3ED1FF84A68A9687.tmp' to '../../../../../../Users/MrrBond/Documents/GitHub/HotelBete/Content/Hotel/Blueprints/Player/Player.uasset'
[2016.03.30-19.48.10:076][177]LogSavePackage: Total save time: 653.522301ms
[2016.03.30-19.48.10:076][177]LogSavePackage:Display: Finished SavePackage ../../../../../../Users/MrrBond/Documents/GitHub/HotelBete/Content/Hotel/Blueprints/Player/Player.uasset
[2016.03.30-19.48.53:436][827]LogMetaData: Removing '/Game/Hotel/Blueprints/Objects/Door1.Door1_C' ref from Metadata '/Game/Hotel/Blueprints/Objects/Door.PackageMetaData'
[2016.03.30-19.48.53:436][827]LogMetaData: Removing '/Game/Hotel/Blueprints/Objects/Door1.Door1:EventGraph.K2Node_Event_149' ref from Metadata '/Game/Hotel/Blueprints/Objects/Door.PackageMetaData'
[2016.03.30-19.48.53:436][827]LogMetaData: Removing '/Game/Hotel/Blueprints/Objects/Door1.Door1:EventGraph.K2Node_Event_150' ref from Metadata '/Game/Hotel/Blueprints/Objects/Door.PackageMetaData'
[2016.03.30-19.48.53:436][827]LogMetaData: Removing '/Game/Hotel/Blueprints/Objects/Door1.Door1:EventGraph.K2Node_Event_151' ref from Metadata '/Game/Hotel/Blueprints/Objects/Door.PackageMetaData'
[2016.03.30-19.48.53:436][827]LogMetaData: Removing '/Game/Hotel/Blueprints/Objects/Door1.Door1:UserConstructionScript.K2Node_FunctionEntry_91' ref from Metadata '/Game/Hotel/Blueprints/Objects/Door.PackageMetaData'
[2016.03.30-19.48.53:436][827]LogMetaData: Removing '/Game/Hotel/Blueprints/Objects/Door1.Door1:OpenDoor.K2Node_FunctionEntry_686' ref from Metadata '/Game/Hotel/Blueprints/Objects/Door.PackageMetaData'
[2016.03.30-19.48.53:436][827]LogMetaData: Removing '/Game/Hotel/Blueprints/Objects/Door1.SKEL_Door1_C' ref from Metadata '/Game/Hotel/Blueprints/Objects/Door.PackageMetaData'
[2016.03.30-19.48.53:526][827]Cmd: OBJ SAVEPACKAGE PACKAGE="/Game/Hotel/Blueprints/Objects/Door1" FILE="../../../../../../Users/MrrBond/Documents/GitHub/HotelBete/Content/Hotel/Blueprints/Objects/Door1.uasset" SILENT=true
[2016.03.30-19.48.53:581][827]LogSavePackage: Save=51.114918ms
[2016.03.30-19.48.53:581][827]LogSavePackage: Moving '../../../../../../Users/MrrBond/Documents/GitHub/HotelBete/Saved/Door1ED5AB5A342512E5BF80A6BBE0D97C59E.tmp' to '../../../../../../Users/MrrBond/Documents/GitHub/HotelBete/Content/Hotel/Blueprints/Objects/Door1.uasset'
[2016.03.30-19.48.53:588][827]LogSavePackage: Total save time: 58.339473ms
[2016.03.30-19.48.53:588][827]LogSavePackage:Display: Finished SavePackage ../../../../../../Users/MrrBond/Documents/GitHub/HotelBete/Content/Hotel/Blueprints/Objects/Door1.uasset
[2016.03.30-19.48.53:601][827]Cmd: OBJ SAVEPACKAGE PACKAGE="/Game/Hotel/Blueprints/Objects/Door" FILE="../../../../../../Users/MrrBond/Documents/GitHub/HotelBete/Content/Hotel/Blueprints/Objects/Door.uasset" SILENT=true
[2016.03.30-19.48.53:617][827]LogSavePackage: Save=6.530466ms
[2016.03.30-19.48.53:617][827]LogSavePackage: Moving '../../../../../../Users/MrrBond/Documents/GitHub/HotelBete/Saved/DoorDF0DF0774DF0FB6374DBAD8B83E38AD0.tmp' to '../../../../../../Users/MrrBond/Documents/GitHub/HotelBete/Content/Hotel/Blueprints/Objects/Door.uasset'
[2016.03.30-19.48.53:625][827]LogSavePackage: Total save time: 21.157853ms
[2016.03.30-19.48.53:625][827]LogSavePackage:Display: Finished SavePackage ../../../../../../Users/MrrBond/Documents/GitHub/HotelBete/Content/Hotel/Blueprints/Objects/Door.uasset
[2016.03.30-19.49.05:902][716]LogEditorViewport: Clicking on Actor (LMB): Door1_C (Door4)
[2016.03.30-19.49.06:676][773]Cmd: DELETE
[2016.03.30-19.49.06:676][773]Cmd: ACTOR DELETE
[2016.03.30-19.49.06:685][773]LogEditorActor: Deleted Actor: Door1_C
[2016.03.30-19.49.06:749][773]LogEditorActor: Deleted 1 Actors (0.066 secs)
[2016.03.30-19.49.22:250][908]LogBlueprintUserMessages: Early PlayInEditor Detection: Level '/Game/Hotel/Levels/World.World:PersistentLevel' has LevelScriptBlueprint '/Game/Hotel/Levels/World.World:PersistentLevel.World' with GeneratedClass '/Game/Hotel/Levels/World.World_C' with ClassGeneratedBy '/Game/Hotel/Levels/World.World:PersistentLevel.World'
[2016.03.30-19.49.22:251][908]LogPlayLevel: PlayLevel: No blueprints needed recompiling
[2016.03.30-19.49.22:251][908]PIE: New page: PIE session: World (Mar 30, 2016, 11:49:22 AM)
[2016.03.30-19.49.22:251][908]LogPlayLevel: Creating play world package: /Game/Hotel/Levels/UEDPIE_0_World
[2016.03.30-19.49.22:307][908]LogPlayLevel: PIE: StaticDuplicateObject took: (0.055900s)
[2016.03.30-19.49.22:310][908]LogAIModule: Creating AISystem for world World
[2016.03.30-19.49.22:311][908]LogPlayLevel: PIE: World Init took: (0.003522s)
[2016.03.30-19.49.22:311][908]LogPlayLevel: PIE: Created PIE world by copying editor world from /Game/Hotel/Levels/World.World to /Game/Hotel/Levels/UEDPIE_0_World.World (0.059889s)
[2016.03.30-19.49.22:396][908]LogInit: XAudio2 using 'Speakers (Realtek High Definition Audio)' : 2 channels at 48 kHz using 32 bits per sample (channel mask 0x3)
[2016.03.30-19.49.22:408][908]LogInit: FAudioDevice initialized.
[2016.03.30-19.49.22:495][908]LogWorld: Game class is 'FirstPersonGameMode_C'
[2016.03.30-19.49.22:510][908]LogWorld: Bringing World /Game/Hotel/Levels/UEDPIE_0_World.World up for play (max tick rate 0) at 2016.03.30-15.49.22
[2016.03.30-19.49.22:510][908]LogActor:Warning: GameSession /Game/Hotel/Levels/UEDPIE_0_World.World:PersistentLevel.GameSession_2 has natively added scene component(s), but none of them were set as the actor's RootComponent - picking one arbitrarily
[2016.03.30-19.49.22:510][908]LogActor:Warning: GameNetworkManager /Game/Hotel/Levels/UEDPIE_0_World.World:PersistentLevel.GameNetworkManager_2 has natively added scene component(s), but none of them were set as the actor's RootComponent - picking one arbitrarily
[2016.03.30-19.49.22:511][908]LogWorld: Bringing up level for play took: 0.015697
[2016.03.30-19.49.22:545][908]PIE: Info Play in editor start time for /Game/Hotel/Levels/UEDPIE_0_World 0.349
[2016.03.30-19.49.22:545][908]LogBlueprintUserMessages: Late PlayInEditor Detection: Level '/Game/Hotel/Levels/World.World:PersistentLevel' has LevelScriptBlueprint '/Game/Hotel/Levels/World.World:PersistentLevel.World' with GeneratedClass '/Game/Hotel/Levels/World.World_C' with ClassGeneratedBy '/Game/Hotel/Levels/World.World:PersistentLevel.World'
[2016.03.30-19.49.27:195][190]LogBlueprintUserMessages: [Player_C_22] 1.0
[2016.03.30-19.49.27:387][204]LogBlueprintUserMessages: [Player_C_22] 2.0
[2016.03.30-19.49.27:550][214]LogBlueprintUserMessages: [Player_C_22] 3.0
[2016.03.30-19.49.27:684][224]LogBlueprintUserMessages: [Player_C_22] 4.0
[2016.03.30-19.49.27:845][236]LogBlueprintUserMessages: [Player_C_22] 5.0
[2016.03.30-19.49.27:973][246]LogBlueprintUserMessages: [Player_C_22] 6.0
[2016.03.30-19.49.28:101][255]LogBlueprintUserMessages: [Player_C_22] 7.0
[2016.03.30-19.49.28:259][268]LogBlueprintUserMessages: [Player_C_22] 8.0
[2016.03.30-19.49.28:433][282]LogBlueprintUserMessages: [Player_C_22] 9.0
[2016.03.30-19.49.28:578][294]LogBlueprintUserMessages: [Player_C_22] 10.0
[2016.03.30-19.49.28:721][305]LogBlueprintUserMessages: [Player_C_22] 11.0
[2016.03.30-19.49.29:120][332]LogBlueprintUserMessages: [Player_C_22] 12.0
[2016.03.30-19.49.31:181][494]LogBlueprintUserMessages: Early EndPlayMap Detection: Level '/Game/Hotel/Levels/World.World:PersistentLevel' has LevelScriptBlueprint '/Game/Hotel/Levels/World.World:PersistentLevel.World' with GeneratedClass '/Game/Hotel/Levels/World.World_C' with ClassGeneratedBy '/Game/Hotel/Levels/World.World:PersistentLevel.World'
[2016.03.30-19.49.31:264][494]LogBlueprintUserMessages: Late EndPlayMap Detection: Level '/Game/Hotel/Levels/World.World:PersistentLevel' has LevelScriptBlueprint '/Game/Hotel/Levels/World.World:PersistentLevel.World' with GeneratedClass '/Game/Hotel/Levels/World.World_C' with ClassGeneratedBy '/Game/Hotel/Levels/World.World:PersistentLevel.World'
[2016.03.30-19.49.31:334][494]LogParticles: Destroying 0 GPU particle simulations for FXSystem 0x00000276B7328A40
[2016.03.30-19.50.01:810][710]BlueprintLog: New page: Compile Player
[2016.03.30-19.50.02:616][710]BlueprintEditorCompileResults: Info [1110.88] Compile of Player successful! [in 805 ms]
[2016.03.30-19.51.07:838][751]BlueprintLog: New page: Compile Door1
[2016.03.30-19.51.08:143][751]BlueprintEditorCompileResults: Info [1176.40] Compile of Door1 successful! [in 304 ms]
[2016.03.30-19.51.11:304][ 43]LogBlueprintUserMessages: Early PlayInEditor Detection: Level '/Game/Hotel/Levels/World.World:PersistentLevel' has LevelScriptBlueprint '/Game/Hotel/Levels/World.World:PersistentLevel.World' with GeneratedClass '/Game/Hotel/Levels/World.World_C' with ClassGeneratedBy '/Game/Hotel/Levels/World.World:PersistentLevel.World'
[2016.03.30-19.51.11:304][ 43]LogPlayLevel: PlayLevel: No blueprints needed recompiling
[2016.03.30-19.51.11:304][ 43]PIE: New page: PIE session: World (Mar 30, 2016, 11:51:11 AM)
[2016.03.30-19.51.11:304][ 43]LogPlayLevel: Creating play world package: /Game/Hotel/Levels/UEDPIE_0_World
[2016.03.30-19.51.11:362][ 43]LogPlayLevel: PIE: StaticDuplicateObject took: (0.057849s)
[2016.03.30-19.51.11:364][ 43]LogAIModule: Creating AISystem for world World
[2016.03.30-19.51.11:364][ 43]LogPlayLevel: PIE: World Init took: (0.001840s)
[2016.03.30-19.51.11:365][ 43]LogPlayLevel: PIE: Created PIE world by copying editor world from /Game/Hotel/Levels/World.World to /Game/Hotel/Levels/UEDPIE_0_World.World (0.060249s)
[2016.03.30-19.51.11:442][ 43]LogInit: XAudio2 using 'Speakers (Realtek High Definition Audio)' : 2 channels at 48 kHz using 32 bits per sample (channel mask 0x3)
[2016.03.30-19.51.11:452][ 43]LogInit: FAudioDevice initialized.
[2016.03.30-19.51.11:546][ 43]LogWorld: Game class is 'FirstPersonGameMode_C'
[2016.03.30-19.51.11:562][ 43]LogWorld: Bringing World /Game/Hotel/Levels/UEDPIE_0_World.World up for play (max tick rate 0) at 2016.03.30-15.51.11
[2016.03.30-19.51.11:562][ 43]LogActor:Warning: GameSession /Game/Hotel/Levels/UEDPIE_0_World.World:PersistentLevel.GameSession_3 has natively added scene component(s), but none of them were set as the actor's RootComponent - picking one arbitrarily
[2016.03.30-19.51.11:563][ 43]LogActor:Warning: GameNetworkManager /Game/Hotel/Levels/UEDPIE_0_World.World:PersistentLevel.GameNetworkManager_3 has natively added scene component(s), but none of them were set as the actor's RootComponent - picking one arbitrarily
[2016.03.30-19.51.11:564][ 43]LogWorld: Bringing up level for play took: 0.016683
[2016.03.30-19.51.11:601][ 43]PIE: Info Play in editor start time for /Game/Hotel/Levels/UEDPIE_0_World -0.595
[2016.03.30-19.51.11:602][ 43]LogBlueprintUserMessages: Late PlayInEditor Detection: Level '/Game/Hotel/Levels/World.World:PersistentLevel' has LevelScriptBlueprint '/Game/Hotel/Levels/World.World:PersistentLevel.World' with GeneratedClass '/Game/Hotel/Levels/World.World_C' with ClassGeneratedBy '/Game/Hotel/Levels/World.World:PersistentLevel.World'
[2016.03.30-19.51.35:315][747]LogScript:Warning: Accessed None 'Heartbeat'
	Player_C /Game/Hotel/Levels/UEDPIE_0_World.World:PersistentLevel.Player_C_44
	Function /Game/Hotel/Blueprints/Player/Player.Player_C:ExecuteUbergraph_Player:1689
[2016.03.30-19.51.35:316][747]PIE:Error: Error Accessed None 'Heartbeat' from node Branch in graph 'EventGraph' in blueprint Player
[2016.03.30-19.51.48:843][638]LogBlueprintUserMessages: Early EndPlayMap Detection: Level '/Game/Hotel/Levels/World.World:PersistentLevel' has LevelScriptBlueprint '/Game/Hotel/Levels/World.World:PersistentLevel.World' with GeneratedClass '/Game/Hotel/Levels/World.World_C' with ClassGeneratedBy '/Game/Hotel/Levels/World.World:PersistentLevel.World'
[2016.03.30-19.51.48:915][638]LogBlueprintUserMessages: Late EndPlayMap Detection: Level '/Game/Hotel/Levels/World.World:PersistentLevel' has LevelScriptBlueprint '/Game/Hotel/Levels/World.World:PersistentLevel.World' with GeneratedClass '/Game/Hotel/Levels/World.World_C' with ClassGeneratedBy '/Game/Hotel/Levels/World.World:PersistentLevel.World'
[2016.03.30-19.51.48:979][638]LogParticles: Destroying 0 GPU particle simulations for FXSystem 0x00000276B6EC1C60
[2016.03.30-19.52.01:286][881]BlueprintLog: New page: Compile Door1
[2016.03.30-19.52.01:617][881]BlueprintEditorCompileResults: Info [1229.88] Compile of Door1 successful! [in 330 ms]
[2016.03.30-19.52.03:001][988]LogBlueprintUserMessages: Early PlayInEditor Detection: Level '/Game/Hotel/Levels/World.World:PersistentLevel' has LevelScriptBlueprint '/Game/Hotel/Levels/World.World:PersistentLevel.World' with GeneratedClass '/Game/Hotel/Levels/World.World_C' with ClassGeneratedBy '/Game/Hotel/Levels/World.World:PersistentLevel.World'
[2016.03.30-19.52.03:001][988]LogPlayLevel: PlayLevel: No blueprints needed recompiling
[2016.03.30-19.52.03:001][988]PIE: New page: PIE session: World (Mar 30, 2016, 11:52:03 AM)
[2016.03.30-19.52.03:001][988]LogPlayLevel: Creating play world package: /Game/Hotel/Levels/UEDPIE_0_World
[2016.03.30-19.52.03:048][988]LogPlayLevel: PIE: StaticDuplicateObject took: (0.046047s)
[2016.03.30-19.52.03:049][988]LogAIModule: Creating AISystem for world World
[2016.03.30-19.52.03:049][988]LogPlayLevel: PIE: World Init took: (0.001330s)
[2016.03.30-19.52.03:050][988]LogPlayLevel: PIE: Created PIE world by copying editor world from /Game/Hotel/Levels/World.World to /Game/Hotel/Levels/UEDPIE_0_World.World (0.048002s)
[2016.03.30-19.52.03:133][988]LogInit: XAudio2 using 'Speakers (Realtek High Definition Audio)' : 2 channels at 48 kHz using 32 bits per sample (channel mask 0x3)
[2016.03.30-19.52.03:143][988]LogInit: FAudioDevice initialized.
[2016.03.30-19.52.03:229][988]LogWorld: Game class is 'FirstPersonGameMode_C'
[2016.03.30-19.52.03:244][988]LogWorld: Bringing World /Game/Hotel/Levels/UEDPIE_0_World.World up for play (max tick rate 0) at 2016.03.30-15.52.03
[2016.03.30-19.52.03:244][988]LogActor:Warning: GameSession /Game/Hotel/Levels/UEDPIE_0_World.World:PersistentLevel.GameSession_4 has natively added scene component(s), but none of them were set as the actor's RootComponent - picking one arbitrarily
[2016.03.30-19.52.03:244][988]LogActor:Warning: GameNetworkManager /Game/Hotel/Levels/UEDPIE_0_World.World:PersistentLevel.GameNetworkManager_4 has natively added scene component(s), but none of them were set as the actor's RootComponent - picking one arbitrarily
[2016.03.30-19.52.03:245][988]LogWorld: Bringing up level for play took: 0.014691
[2016.03.30-19.52.03:279][988]PIE: Info Play in editor start time for /Game/Hotel/Levels/UEDPIE_0_World 1.082
[2016.03.30-19.52.03:279][988]LogBlueprintUserMessages: Late PlayInEditor Detection: Level '/Game/Hotel/Levels/World.World:PersistentLevel' has LevelScriptBlueprint '/Game/Hotel/Levels/World.World:PersistentLevel.World' with GeneratedClass '/Game/Hotel/Levels/World.World_C' with ClassGeneratedBy '/Game/Hotel/Levels/World.World:PersistentLevel.World'
[2016.03.30-19.52.39:321][528]LogBlueprintUserMessages: [Door1_C_0] 1.0
[2016.03.30-19.53.11:155][762]LogScript:Warning: Cannot access 'Ghost_C_18'. It is pending kill. Property: 'K2Node_DynamicCast_AsGhost2'
	Player_C /Game/Hotel/Levels/UEDPIE_0_World.World:PersistentLevel.Player_C_56
	Function /Game/Hotel/Blueprints/Player/Player.Player_C:ExecuteUbergraph_Player:01B3
[2016.03.30-19.53.11:155][762]PIE:Error: Error Cannot access 'Ghost_C_18'. It is pending kill. Property: 'K2Node_DynamicCast_AsGhost2' from node CompareInt in graph 'EventGraph' in blueprint Player
[2016.03.30-19.53.11:155][762]LogScript:Warning: Cannot access 'Ghost_C_18'. It is pending kill. Property: 'K2Node_DynamicCast_AsGhost2'
	Player_C /Game/Hotel/Levels/UEDPIE_0_World.World:PersistentLevel.Player_C_56
	Function /Game/Hotel/Blueprints/Player/Player.Player_C:ExecuteUbergraph_Player:01FD
[2016.03.30-19.53.11:155][762]PIE:Error: Error Cannot access 'Ghost_C_18'. It is pending kill. Property: 'K2Node_DynamicCast_AsGhost2' from node CompareInt in graph 'EventGraph' in blueprint Player
[2016.03.30-19.53.11:269][772]LogScript:Warning: Cannot access 'Ghost_C_18'. It is pending kill. Property: 'K2Node_DynamicCast_AsGhost2'
	Player_C /Game/Hotel/Levels/UEDPIE_0_World.World:PersistentLevel.Player_C_56
	Function /Game/Hotel/Blueprints/Player/Player.Player_C:ExecuteUbergraph_Player:01B3
[2016.03.30-19.53.11:269][772]PIE:Error: Error Cannot access 'Ghost_C_18'. It is pending kill. Property: 'K2Node_DynamicCast_AsGhost2' from node CompareInt in graph 'EventGraph' in blueprint Player
[2016.03.30-19.53.11:269][772]LogScript:Warning: Cannot access 'Ghost_C_18'. It is pending kill. Property: 'K2Node_DynamicCast_AsGhost2'
	Player_C /Game/Hotel/Levels/UEDPIE_0_World.World:PersistentLevel.Player_C_56
	Function /Game/Hotel/Blueprints/Player/Player.Player_C:ExecuteUbergraph_Player:01FD
[2016.03.30-19.53.11:269][772]PIE:Error: Error Cannot access 'Ghost_C_18'. It is pending kill. Property: 'K2Node_DynamicCast_AsGhost2' from node CompareInt in graph 'EventGraph' in blueprint Player
[2016.03.30-19.53.16:237][209]LogBlueprintUserMessages: [Door2_702] 2.0
[2016.03.30-19.53.19:299][498]LogBlueprintUserMessages: Early EndPlayMap Detection: Level '/Game/Hotel/Levels/World.World:PersistentLevel' has LevelScriptBlueprint '/Game/Hotel/Levels/World.World:PersistentLevel.World' with GeneratedClass '/Game/Hotel/Levels/World.World_C' with ClassGeneratedBy '/Game/Hotel/Levels/World.World:PersistentLevel.World'
[2016.03.30-19.53.19:368][498]LogBlueprintUserMessages: Late EndPlayMap Detection: Level '/Game/Hotel/Levels/World.World:PersistentLevel' has LevelScriptBlueprint '/Game/Hotel/Levels/World.World:PersistentLevel.World' with GeneratedClass '/Game/Hotel/Levels/World.World_C' with ClassGeneratedBy '/Game/Hotel/Levels/World.World:PersistentLevel.World'
[2016.03.30-19.53.19:407][498]LogParticles: Destroying 0 GPU particle simulations for FXSystem 0x00000276B6F77E20
[2016.03.30-19.53.20:235][558]LogBlueprintUserMessages: Early PlayInEditor Detection: Level '/Game/Hotel/Levels/World.World:PersistentLevel' has LevelScriptBlueprint '/Game/Hotel/Levels/World.World:PersistentLevel.World' with GeneratedClass '/Game/Hotel/Levels/World.World_C' with ClassGeneratedBy '/Game/Hotel/Levels/World.World:PersistentLevel.World'
[2016.03.30-19.53.20:235][558]LogPlayLevel: PlayLevel: No blueprints needed recompiling
[2016.03.30-19.53.20:235][558]PIE: New page: PIE session: World (Mar 30, 2016, 11:53:20 AM)
[2016.03.30-19.53.20:235][558]LogPlayLevel: Creating play world package: /Game/Hotel/Levels/UEDPIE_0_World
[2016.03.30-19.53.20:272][558]LogPlayLevel: PIE: StaticDuplicateObject took: (0.036279s)
[2016.03.30-19.53.20:273][558]LogAIModule: Creating AISystem for world World
[2016.03.30-19.53.20:273][558]LogPlayLevel: PIE: World Init took: (0.001263s)
[2016.03.30-19.53.20:273][558]LogPlayLevel: PIE: Created PIE world by copying editor world from /Game/Hotel/Levels/World.World to /Game/Hotel/Levels/UEDPIE_0_World.World (0.037963s)
[2016.03.30-19.53.20:317][558]LogInit: XAudio2 using 'Speakers (Realtek High Definition Audio)' : 2 channels at 48 kHz using 32 bits per sample (channel mask 0x3)
[2016.03.30-19.53.20:332][558]LogInit: FAudioDevice initialized.
[2016.03.30-19.53.20:409][558]LogWorld: Game class is 'FirstPersonGameMode_C'
[2016.03.30-19.53.20:420][558]LogWorld: Bringing World /Game/Hotel/Levels/UEDPIE_0_World.World up for play (max tick rate 0) at 2016.03.30-15.53.20
[2016.03.30-19.53.20:420][558]LogActor:Warning: GameSession /Game/Hotel/Levels/UEDPIE_0_World.World:PersistentLevel.GameSession_5 has natively added scene component(s), but none of them were set as the actor's RootComponent - picking one arbitrarily
[2016.03.30-19.53.20:420][558]LogActor:Warning: GameNetworkManager /Game/Hotel/Levels/UEDPIE_0_World.World:PersistentLevel.GameNetworkManager_5 has natively added scene component(s), but none of them were set as the actor's RootComponent - picking one arbitrarily
[2016.03.30-19.53.20:421][558]LogWorld: Bringing up level for play took: 0.010370
[2016.03.30-19.53.20:463][558]PIE: Info Play in editor start time for /Game/Hotel/Levels/UEDPIE_0_World 0.266
[2016.03.30-19.53.20:464][558]LogBlueprintUserMessages: Late PlayInEditor Detection: Level '/Game/Hotel/Levels/World.World:PersistentLevel' has LevelScriptBlueprint '/Game/Hotel/Levels/World.World:PersistentLevel.World' with GeneratedClass '/Game/Hotel/Levels/World.World_C' with ClassGeneratedBy '/Game/Hotel/Levels/World.World:PersistentLevel.World'
[2016.03.30-19.53.48:210][603]LogBlueprintUserMessages: [Door2_702] 1.0
[2016.03.30-19.53.49:194][683]LogBlueprintUserMessages: Early EndPlayMap Detection: Level '/Game/Hotel/Levels/World.World:PersistentLevel' has LevelScriptBlueprint '/Game/Hotel/Levels/World.World:PersistentLevel.World' with GeneratedClass '/Game/Hotel/Levels/World.World_C' with ClassGeneratedBy '/Game/Hotel/Levels/World.World:PersistentLevel.World'
[2016.03.30-19.53.49:267][683]LogBlueprintUserMessages: Late EndPlayMap Detection: Level '/Game/Hotel/Levels/World.World:PersistentLevel' has LevelScriptBlueprint '/Game/Hotel/Levels/World.World:PersistentLevel.World' with GeneratedClass '/Game/Hotel/Levels/World.World_C' with ClassGeneratedBy '/Game/Hotel/Levels/World.World:PersistentLevel.World'
[2016.03.30-19.53.49:371][684]LogParticles: Destroying 0 GPU particle simulations for FXSystem 0x00000276B7D42F20
[2016.03.30-19.54.47:171][ 13]LogSavePackage: Save=1232.336792ms
[2016.03.30-19.54.47:171][ 13]LogSavePackage: Moving '../../../../../../Users/MrrBond/Documents/GitHub/HotelBete/Saved/World_Auto130AD77B942F7043517A569B8A448A946.tmp' to '../../../../../../Users/MrrBond/Documents/GitHub/HotelBete/Saved/Autosaves/Game/Hotel/Levels/World_Auto1.umap'
[2016.03.30-19.54.47:178][ 13]LogSavePackage: Total save time: 1268.616792ms
[2016.03.30-19.54.47:178][ 13]LogSavePackage:Display: Finished SavePackage ../../../../../../Users/MrrBond/Documents/GitHub/HotelBete/Saved/Autosaves/Game/Hotel/Levels/World_Auto1.umap
[2016.03.30-19.54.47:194][ 13]LogFileHelpers: Editor autosave (incl. sublevels) for '/Game/Hotel/Levels/World' took 1.376
[2016.03.30-19.54.47:194][ 13]LogFileHelpers: Editor autosave (incl. sublevels) for all levels took 1.376
[2016.03.30-19.54.47:213][ 13]OBJ SavePackage: Generating thumbnails for [0] asset(s) in package [/Game/Hotel/Blueprints/Player/Player] ([1] browsable assets)...
[2016.03.30-19.54.47:213][ 13]OBJ SavePackage: Finished generating thumbnails for package [/Game/Hotel/Blueprints/Player/Player]
[2016.03.30-19.54.47:850][ 13]LogSavePackage: Save=622.965393ms
[2016.03.30-19.54.47:850][ 13]LogSavePackage: Moving '../../../../../../Users/MrrBond/Documents/GitHub/HotelBete/Saved/Player_Auto1A5AD9AE948B04BF4805A93B39C021244.tmp' to '../../../../../../Users/MrrBond/Documents/GitHub/HotelBete/Saved/Autosaves/Game/Hotel/Blueprints/Player/Player_Auto1.uasset'
[2016.03.30-19.54.47:857][ 13]LogSavePackage: Total save time: 640.399601ms
[2016.03.30-19.54.47:857][ 13]LogSavePackage:Display: Finished SavePackage ../../../../../../Users/MrrBond/Documents/GitHub/HotelBete/Saved/Autosaves/Game/Hotel/Blueprints/Player/Player_Auto1.uasset
[2016.03.30-19.54.47:870][ 13]OBJ SavePackage: Generating thumbnails for [1] asset(s) in package [/Game/Hotel/Blueprints/Objects/Door1] ([1] browsable assets)...
[2016.03.30-19.54.47:899][ 13]OBJ SavePackage:     Rendered thumbnail for [Blueprint /Game/Hotel/Blueprints/Objects/Door1.Door1]
[2016.03.30-19.54.47:899][ 13]OBJ SavePackage: Finished generating thumbnails for package [/Game/Hotel/Blueprints/Objects/Door1]
[2016.03.30-19.54.47:978][ 13]LogSavePackage: Save=63.636623ms
[2016.03.30-19.54.47:978][ 13]LogSavePackage: Moving '../../../../../../Users/MrrBond/Documents/GitHub/HotelBete/Saved/Door1_Auto1B63E27A949948F183D572CB788165E5F.tmp' to '../../../../../../Users/MrrBond/Documents/GitHub/HotelBete/Saved/Autosaves/Game/Hotel/Blueprints/Objects/Door1_Auto1.uasset'
[2016.03.30-19.54.47:981][ 13]LogSavePackage: Total save time: 78.171797ms
[2016.03.30-19.54.47:981][ 13]LogSavePackage:Display: Finished SavePackage ../../../../../../Users/MrrBond/Documents/GitHub/HotelBete/Saved/Autosaves/Game/Hotel/Blueprints/Objects/Door1_Auto1.uasset
[2016.03.30-19.54.47:988][ 13]OBJ SavePackage: Generating thumbnails for [1] asset(s) in package [/Game/Hotel/Blueprints/Objects/Door2] ([1] browsable assets)...
[2016.03.30-19.54.48:020][ 13]OBJ SavePackage:     Rendered thumbnail for [Blueprint /Game/Hotel/Blueprints/Objects/Door2.Door2]
[2016.03.30-19.54.48:020][ 13]OBJ SavePackage: Finished generating thumbnails for package [/Game/Hotel/Blueprints/Objects/Door2]
[2016.03.30-19.54.48:058][ 13]LogSavePackage: Save=30.846411ms
[2016.03.30-19.54.48:058][ 13]LogSavePackage: Moving '../../../../../../Users/MrrBond/Documents/GitHub/HotelBete/Saved/Door2_Auto1997895534E05A48D98EDE597417A39E0.tmp' to '../../../../../../Users/MrrBond/Documents/GitHub/HotelBete/Saved/Autosaves/Game/Hotel/Blueprints/Objects/Door2_Auto1.uasset'
[2016.03.30-19.54.48:061][ 13]LogSavePackage: Total save time: 34.298413ms
[2016.03.30-19.54.48:061][ 13]LogSavePackage:Display: Finished SavePackage ../../../../../../Users/MrrBond/Documents/GitHub/HotelBete/Saved/Autosaves/Game/Hotel/Blueprints/Objects/Door2_Auto1.uasset
[2016.03.30-19.54.48:061][ 13]LogFileHelpers: Auto-saving content packages took 0.865
[2016.03.30-19.55.26:713][340]LogParticles: Destroying 0 GPU particle simulations for FXSystem 0x00000275972914E0
[2016.03.30-19.55.29:248][340]LogActorComponent: UnregisterComponent: (/Engine/Transient.EditorFloorComp) Not registered. Aborting.
[2016.03.30-19.55.29:352][340]LogActorComponent: UnregisterComponent: (/Engine/Transient.EditorFloorComp) Not registered. Aborting.
[2016.03.30-19.55.29:464][340]LogActorComponent: UnregisterComponent: (/Engine/Transient.EditorFloorComp) Not registered. Aborting.
[2016.03.30-19.55.29:568][340]LogActorComponent: UnregisterComponent: (/Engine/Transient.EditorFloorComp) Not registered. Aborting.
[2016.03.30-19.55.35:819][340]LogMemory:Warning: Freeing 33554432 bytes from backup pool to handle out of memory.
[2016.03.30-19.55.35:819][340]LogMemory:Warning: MemoryStats:
	AvailablePhysical 1308684288
	AvailableVirtual 140728070369280
	UsedPhysical 2538749952
	PeakUsedPhysical 4456284160
	UsedVirtual 8131174400
	PeakUsedVirtual 8216797184
[2016.03.30-19.55.35:820][340]LogWindows:Error: Windows GetLastError: The operation completed successfully. (0)
[2016.03.30-19.55.36:502][340]LogCrashTracker: 


[2016.03.30-19.55.36:508][340]LogCrashTracker: 


[2016.03.30-19.55.36:509][340]LogWindows:Error: === Critical error: ===
Fatal error: [File:D:\BuildFarm\buildmachine_++depot+UE4-Releases+4.10\Engine\Source\Runtime\Core\Private\GenericPlatform\GenericPlatformMemory.cpp] [Line: 91] 
Ran out of memory allocating 85445202 bytes with alignment 0




[2016.03.30-19.55.36:589][340]LogExit: Executing StaticShutdownAfterError
[2016.03.30-19.55.36:655][340]LogPhysics:Warning: PHYSX: ..\..\PhysX\src\NpScene.cpp (2946) 8 : PxScene::unlockWrite() called without matching call to PxScene::lockWrite(), behaviour will be undefined.
[2016.03.30-19.55.36:657][340]LogPhysics:Warning: PHYSX: ..\..\PhysX\src\NpScene.cpp (2946) 8 : PxScene::unlockWrite() called without matching call to PxScene::lockWrite(), behaviour will be undefined.
[2016.03.30-19.55.36:661][340]LogPhysics:Warning: PHYSX: ..\..\PhysX\src\NpScene.cpp (2946) 8 : PxScene::unlockWrite() called without matching call to PxScene::lockWrite(), behaviour will be undefined.
[2016.03.30-19.55.36:669][340]LogPhysics:Warning: PHYSX: ..\..\PhysX\src\NpScene.cpp (2946) 8 : PxScene::unlockWrite() called without matching call to PxScene::lockWrite(), behaviour will be undefined.
[2016.03.30-19.55.36:671][340]LogPhysics:Warning: PHYSX: ..\..\PhysX\src\NpScene.cpp (2946) 8 : PxScene::unlockWrite() called without matching call to PxScene::lockWrite(), behaviour will be undefined.
[2016.03.30-19.55.36:674][340]LogPhysics:Warning: PHYSX: ..\..\PhysX\src\NpScene.cpp (2946) 8 : PxScene::unlockWrite() called without matching call to PxScene::lockWrite(), behaviour will be undefined.
[2016.03.30-19.55.36:676][340]LogPhysics:Warning: PHYSX: ..\..\PhysX\src\NpScene.cpp (2946) 8 : PxScene::unlockWrite() called without matching call to PxScene::lockWrite(), behaviour will be undefined.
[2016.03.30-19.55.36:679][340]LogPhysics:Warning: PHYSX: ..\..\PhysX\src\NpScene.cpp (2946) 8 : PxScene::unlockWrite() called without matching call to PxScene::lockWrite(), behaviour will be undefined.
[2016.03.30-19.55.36:682][340]LogPhysics:Warning: PHYSX: ..\..\PhysX\src\NpScene.cpp (2946) 8 : PxScene::unlockWrite() called without matching call to PxScene::lockWrite(), behaviour will be undefined.
[2016.03.30-19.55.36:684][340]LogPhysics:Warning: PHYSX: ..\..\PhysX\src\NpScene.cpp (2946) 8 : PxScene::unlockWrite() called without matching call to PxScene::lockWrite(), behaviour will be undefined.
[2016.03.30-19.55.36:687][340]LogWindows: FPlatformMisc::RequestExit(1)
[2016.03.30-19.55.36:687][340]Log file closed, 03/30/16 15:55:36
