[2016.04.15-05.30.28:747][  0]Log file open, 04/15/16 01:30:28
[2016.04.15-05.30.28:747][  0]LogInit:Display: Running engine for game: Hotel
[2016.04.15-05.30.28:747][  0]LogPlatformFile: Not using cached read wrapper
[2016.04.15-05.30.28:747][  0]LogInit:Display: RandInit(264810322) SRandInit(264810357).
[2016.04.15-05.30.28:747][  0]LogTaskGraph: Started task graph with 4 named threads and 7 total threads.
[2016.04.15-05.30.28:747][  0]LogStats: Stats thread started at 0.095044
[2016.04.15-05.30.28:747][  0]LogInit: Version: 4.10.4-2872498+++depot+UE4-Releases+4.10
[2016.04.15-05.30.28:747][  0]LogInit: API Version: 2758231
[2016.04.15-05.30.28:747][  0]LogInit: Compiled (64-bit): Feb 18 2016 15:47:04
[2016.04.15-05.30.28:747][  0]LogInit: Compiled with Visual C++: 19.00.23026.00
[2016.04.15-05.30.28:747][  0]LogInit: Build Configuration: Development
[2016.04.15-05.30.28:747][  0]LogInit: Branch Name: ++depot+UE4-Releases+4.10
[2016.04.15-05.30.28:747][  0]LogInit: Command line:  
[2016.04.15-05.30.28:747][  0]LogInit: Base directory: E:/Program Files (x86)/Epic Games/4.10/Engine/Binaries/Win64/
[2016.04.15-05.30.28:747][  0]LogInit: Rocket: 1
[2016.04.15-05.30.28:757][  0]LogInit: Using libcurl 7.41.0
[2016.04.15-05.30.28:757][  0]LogInit:  - built for x86_64-pc-win32
[2016.04.15-05.30.28:757][  0]LogInit:  - supports SSL with WinSSL
[2016.04.15-05.30.28:757][  0]LogInit:  - other features:
[2016.04.15-05.30.28:757][  0]LogInit:      CURL_VERSION_SSL
[2016.04.15-05.30.28:757][  0]LogInit:      CURL_VERSION_IPV6
[2016.04.15-05.30.28:757][  0]LogInit:      CURL_VERSION_ASYNCHDNS
[2016.04.15-05.30.28:757][  0]LogInit:      CURL_VERSION_LARGEFILE
[2016.04.15-05.30.28:757][  0]LogInit:      CURL_VERSION_IDN
[2016.04.15-05.30.28:757][  0]LogInit:  CurlRequestOptions (configurable via config and command line):
[2016.04.15-05.30.28:757][  0]LogInit:  - bVerifyPeer = true  - Libcurl will verify peer certificate
[2016.04.15-05.30.28:757][  0]LogInit:  - bUseHttpProxy = false  - Libcurl will NOT use HTTP proxy
[2016.04.15-05.30.28:757][  0]LogInit:  - bDontReuseConnections = false  - Libcurl will reuse connections
[2016.04.15-05.30.28:757][  0]LogInit:  - CertBundlePath = nullptr  - Libcurl will use whatever was configured at build time.
[2016.04.15-05.30.28:763][  0]LogInit: Presizing for 0 objects not considered by GC, pre-allocating 0 bytes.
[2016.04.15-05.30.28:771][  0]LogInit: Object subsystem initialized
[2016.04.15-05.30.28:773][  0]LogInit: Selected Device Profile: [Windows]
[2016.04.15-05.30.28:773][  0]LogInit: Applying CVar settings loaded from the selected device profile: [Windows]
[2016.04.15-05.30.28:781][  0]LogInit: Computer: MANDY-PC
[2016.04.15-05.30.28:781][  0]LogInit: User: Mandy
[2016.04.15-05.30.28:781][  0]LogInit: CPU Page size=4096, Cores=4
[2016.04.15-05.30.28:781][  0]LogInit: High frequency timer resolution =14.318180 MHz
[2016.04.15-05.30.28:781][  0]LogMemory: Memory total: Physical=16.0GB (16GB approx)
[2016.04.15-05.30.28:781][  0]LogMemory: Platform Memory Stats for Windows
[2016.04.15-05.30.28:781][  0]LogMemory: Process Physical Memory: 56.40 MB used, 56.40 MB peak
[2016.04.15-05.30.28:781][  0]LogMemory: Process Virtual Memory: 57.78 MB used, 57.78 MB peak
[2016.04.15-05.30.28:781][  0]LogMemory: Physical Memory: 3141.48 MB used, 16383.18 MB total
[2016.04.15-05.30.28:781][  0]LogMemory: Virtual Memory: 352.66 MB used, 8388608.00 MB total
[2016.04.15-05.30.28:822][  0]LogTextLocalizationManager: No specific translations for ('en-US') exist, so ('en') translations will be used.
[2016.04.15-05.30.29:343][  0]LogD3D11RHI: Found D3D11 adapter 0: NVIDIA GeForce GTX 750 (Feature Level 11_0)
[2016.04.15-05.30.29:343][  0]LogD3D11RHI: Adapter has 972MB of dedicated video memory, 0MB of dedicated system memory, and 3072MB of shared system memory, 2 output[s]
[2016.04.15-05.30.29:343][  0]LogD3D11RHI: Chosen D3D11 Adapter Id = 0
[2016.04.15-05.30.29:348][  0]LogD3D11RHI: !Direct3DDevice
[2016.04.15-05.30.29:348][  0]LogRHI: Texture pool is 680 MB (70% of 972 MB)
[2016.04.15-05.30.29:359][  0]LogD3D11RHI: Async texture creation enabled
[2016.04.15-05.30.29:373][  0]LogShaderCompilers: Guid format shader working directory is -10 characters bigger than the processId version (../../../../../../Users/Mandy/Documents/GitHub/HotelBete/Intermediate/Shaders/WorkingDirectory/5664/).
[2016.04.15-05.30.29:373][  0]LogShaderCompilers: Cleaned the shader compiler working directory 'C:/Users/Mandy/AppData/Local/Temp/UnrealShaderWorkingDir/4A6F421F4045E1449A7E62ACD24578C0/'.
[2016.04.15-05.30.29:373][  0]LogShaderCompilers:Display: Using Local Shader Compiler.
[2016.04.15-05.30.30:488][  0]LogTemp:Display: Loaded TP AllDesktopTargetPlatform
[2016.04.15-05.30.30:493][  0]LogTemp:Display: Loaded TP WindowsClientTargetPlatform
[2016.04.15-05.30.30:498][  0]LogTemp:Display: Loaded TP WindowsNoEditorTargetPlatform
[2016.04.15-05.30.30:502][  0]LogTemp:Display: Loaded TP WindowsServerTargetPlatform
[2016.04.15-05.30.30:507][  0]LogTemp:Display: Loaded TP WindowsTargetPlatform
[2016.04.15-05.30.30:510][  0]LogTemp:Display: Loaded TP AndroidTargetPlatform
[2016.04.15-05.30.30:514][  0]LogTemp:Display: Loaded TP Android_ASTCTargetPlatform
[2016.04.15-05.30.30:517][  0]LogTemp:Display: Loaded TP Android_ATCTargetPlatform
[2016.04.15-05.30.30:520][  0]LogTemp:Display: Loaded TP Android_DXTTargetPlatform
[2016.04.15-05.30.30:524][  0]LogTemp:Display: Loaded TP Android_ETC1TargetPlatform
[2016.04.15-05.30.30:527][  0]LogTemp:Display: Loaded TP Android_ETC2TargetPlatform
[2016.04.15-05.30.30:534][  0]LogTemp:Display: Loaded TP Android_MultiTargetPlatform
[2016.04.15-05.30.30:534][  0]LogTemp:Display: Loaded TP Android_PVRTCTargetPlatform
[2016.04.15-05.30.30:536][  0]LogTemp:Display: Loaded TP HTML5TargetPlatform
[2016.04.15-05.30.30:552][  0]LogTemp:Display: Loaded TP IOSTargetPlatform
[2016.04.15-05.30.30:555][  0]LogTemp:Display: Loaded TP LinuxNoEditorTargetPlatform
[2016.04.15-05.30.30:558][  0]LogTemp:Display: Loaded TP LinuxServerTargetPlatform
[2016.04.15-05.30.30:562][  0]LogTemp:Display: Loaded TP LinuxTargetPlatform
[2016.04.15-05.30.30:562][  0]LogTargetPlatformManager:Display: Building Assets For Windows
[2016.04.15-05.30.30:628][  0]LogDerivedDataCache:Display: Max Cache Size: 512 MB
[2016.04.15-05.30.30:724][  0]LogDerivedDataCache: Loaded boot cache 0.10s 41MB C:/Users/Mandy/AppData/Local/UnrealEngine/4.10/DerivedDataCache/Boot.ddc.
[2016.04.15-05.30.30:724][  0]LogDerivedDataCache:Display: Loaded Boot cache: C:/Users/Mandy/AppData/Local/UnrealEngine/4.10/DerivedDataCache/Boot.ddc
[2016.04.15-05.30.30:724][  0]LogDerivedDataCache: FDerivedDataBackendGraph:  Pak pak cache file ../../../../../../Users/Mandy/Documents/GitHub/HotelBete/DerivedDataCache/DDC.ddp not found, will not use a pak cache.
[2016.04.15-05.30.30:724][  0]LogDerivedDataCache: Unable to find inner node Pak for hierarchical cache Hierarchy.
[2016.04.15-05.30.30:724][  0]LogDerivedDataCache: FDerivedDataBackendGraph:  CompressedPak pak cache file ../../../../../../Users/Mandy/Documents/GitHub/HotelBete/DerivedDataCache/Compressed.ddp not found, will not use a pak cache.
[2016.04.15-05.30.30:724][  0]LogDerivedDataCache: Unable to find inner node CompressedPak for hierarchical cache Hierarchy.
[2016.04.15-05.30.30:817][  0]LogDerivedDataCache:Display: Pak cache opened for reading ../../../Engine/DerivedDataCache/Compressed.ddp.
[2016.04.15-05.30.30:828][  0]LogDerivedDataCache: Using Local data cache path C:/Users/Mandy/AppData/Local/UnrealEngine/Common/DerivedDataCache: Writable
[2016.04.15-05.30.31:030][  0]LogInit: Selected Device Profile: [Windows]
[2016.04.15-05.30.31:031][  0]LogContentStreaming: Texture pool size is 0.000000MB
[2016.04.15-05.30.31:068][  0]LogMeshUtilities: No automatic mesh reduction module available
[2016.04.15-05.30.31:068][  0]LogMeshUtilities: No automatic mesh merging module available
[2016.04.15-05.30.31:503][  0]LogInit: WinSock: version 1.1 (2.2), MaxSocks=32767, MaxUdp=65467
[2016.04.15-05.30.32:295][  0]LogAssetRegistry: FAssetRegistry took 0.0098 seconds to start up
[2016.04.15-05.30.32:309][  0]UdpMessaging: Initializing bridge on interface 0.0.0.0:0 to multicast group 230.0.0.1:6666.
[2016.04.15-05.30.32:558][  0]SourceControl: Info Source control is disabled
[2016.04.15-05.30.32:560][  0]SourceControl: Info Source control is disabled
[2016.04.15-05.30.32:569][  0]SourceControl: Info Source control is disabled
[2016.04.15-05.30.32:578][  0]SourceControl: Info Source control is disabled
[2016.04.15-05.30.32:779][  0]LogObj: 28802 objects as part of root set at end of initial load.
[2016.04.15-05.30.32:779][  0]LogUObjectAllocator: 6129776 out of 0 bytes used by permanent object pool.
[2016.04.15-05.30.32:849][  0]LogEngine: Initializing Engine...
[2016.04.15-05.30.32:851][  0]LogHMD: Can't find Oculus library dev build: is proper Runtime installed? Version: 0.8.0.0
[2016.04.15-05.30.32:851][  0]LogHMD: SteamVR failed to initialize.  Err: 110
[2016.04.15-05.30.33:011][  0]LogAIModule: Creating AISystem for world NewWorld
[2016.04.15-05.30.33:018][  0]LogInit: XAudio2 using 'Speakers (2- Logitech USB Headset)' : 2 channels at 44.1 kHz using 16 bits per sample (channel mask 0x3)
[2016.04.15-05.30.33:036][  0]LogInit: FAudioDevice initialized.
[2016.04.15-05.30.33:076][  0]LogDerivedDataCache: Saved boot cache 0.04s 41MB C:/Users/Mandy/AppData/Local/UnrealEngine/4.10/DerivedDataCache/Boot.ddc.
[2016.04.15-05.30.33:090][  0]LogInit: Texture streaming: Enabled
[2016.04.15-05.30.33:094][  0]LogAnalytics: Creating configured Analytics provider AnalyticsET
[2016.04.15-05.30.33:094][  0]LogAnalytics: [UEEditor.Rocket.Release] APIServer = http://et2.epicgames.com/ET2/. AppVersion = 4.10.4-2872498+++depot+UE4-Releases+4.10
[2016.04.15-05.30.33:094][  0]LogAnalytics: [UEEditor.Rocket.Release] SetUserId e0d98b0e467b55d21c5013962f69b996|a1543627d61e4593a39d507d0813b255|cef8b6ba-01d0-47b7-a028-3b7e918a90c5
[2016.04.15-05.30.33:094][  0]LogAnalytics: [UEEditor.Rocket.Release] AnalyticsET::StartSession
[2016.04.15-05.30.33:101][  0]LogInit: Transaction tracking system initialized
[2016.04.15-05.30.33:121][  0]BlueprintLog: New page: Editor Load
[2016.04.15-05.30.33:181][  0]LocalizationService: Info Localization service is disabled
[2016.04.15-05.30.33:244][  0]LogConsoleResponse:Display: 
[2016.04.15-05.30.33:373][  0]LogCook:Display: Done creating registry. It took  0.00s.
[2016.04.15-05.30.33:419][  0]LogFileCache: Scanning file cache for directory 'E:/Users/Mandy/Documents/GitHub/HotelBete/Content/' took 0.02s
[2016.04.15-05.30.33:419][  0]SourceControl: Info Source control is disabled
[2016.04.15-05.30.33:419][  0]Cmd: MAP LOAD FILE="../../../../../../Users/Mandy/Documents/GitHub/HotelBete/Content/Hotel/Levels/Menu.umap" TEMPLATE=0 SHOWPROGRESS=1 FEATURELEVEL=3
[2016.04.15-05.30.33:420][  0]LightingResults: New page: Lighting Build
[2016.04.15-05.30.33:422][  0]MapCheck: New page: Map Check
[2016.04.15-05.30.33:422][  0]LightingResults: New page: Lighting Build
[2016.04.15-05.30.33:437][  0]LogParticles: Destroying 0 GPU particle simulations for FXSystem 0x0000000023FBEAC0
[2016.04.15-05.30.37:525][  0]LogAIModule: Creating AISystem for world Menu
[2016.04.15-05.30.37:527][  0]LogEditorServer: Finished looking for orphan Actors (0.000 secs)
[2016.04.15-05.30.37:528][  0]Cmd: MAP CHECKDEP NOCLEARLOG
[2016.04.15-05.30.37:611][  0]MapCheck: Info Map check complete: 0 Error(s), 0 Warning(s), took 83.229ms to complete.
[2016.04.15-05.30.37:611][  0]LogFileHelpers: Loading map 'Menu' took 4.191
[2016.04.15-05.30.37:823][  0]LogCollectionManager: Loaded 0 collections in 0.002629 seconds
[2016.04.15-05.30.37:870][  0]LogFileCache: Scanning file cache for directory 'E:/Users/Mandy/Documents/GitHub/HotelBete/Saved/Collections/' took 0.01s
[2016.04.15-05.30.37:870][  0]LogFileCache: Scanning file cache for directory 'E:/Users/Mandy/Documents/GitHub/HotelBete/Content/Developers/Mandy/Collections/' took 0.01s
[2016.04.15-05.30.37:870][  0]LogFileCache: Scanning file cache for directory 'E:/Users/Mandy/Documents/GitHub/HotelBete/Content/Collections/' took 0.01s
[2016.04.15-05.30.37:870][  0]LogCollectionManager: Rebuilt the GUID cache for 0 collections in 0.000004 seconds
[2016.04.15-05.30.37:886][  0]LogContentBrowser: Native class hierarchy populated in 0.0159 seconds. Added 1908 classes and 344 folders.
[2016.04.15-05.30.37:892][  0]LogContentBrowser: Native class hierarchy updated for 'WidgetCarousel' in 0.0004 seconds. Added 0 classes and 0 folders.
[2016.04.15-05.30.37:933][  0]LogContentBrowser: Native class hierarchy updated for 'AddContentDialog' in 0.0004 seconds. Added 0 classes and 0 folders.
[2016.04.15-05.30.37:937][  0]LogContentBrowser: Native class hierarchy updated for 'SceneOutliner' in 0.0004 seconds. Added 1 classes and 2 folders.
[2016.04.15-05.30.38:020][  0]LogCrashTracker: Crashtracker disabled due to settings.
[2016.04.15-05.30.38:025][  0]LogUObjectGlobals:Warning: Failed to find object 'Class None.'
[2016.04.15-05.30.38:046][  0]LogLoad: Full Startup: 9.75 seconds (BP compile: 0.92 seconds)
[2016.04.15-05.30.38:057][  0]LogOcInput: Can't find Oculus library dev build: is proper Runtime installed? Version: 0.8.0.0
[2016.04.15-05.30.38:113][  0]LogContentStreaming: Texture pool size now 1000 MB
[2016.04.15-05.30.38:331][  0]LogRenderer: Reallocating scene render targets to support 1208x568 (Frame:2).
[2016.04.15-05.30.39:420][ 16]LogAssetRegistry: Asset discovery search completed in 7.1340 seconds
[2016.04.15-05.30.39:420][ 16]LogCollectionManager: Rebuilt the object cache for 0 collections in 0.000002 seconds (found 0 objects)
[2016.04.15-05.30.39:420][ 16]LogCollectionManager: Fixed up redirectors for 0 collections in 0.000025 seconds (updated 0 objects)
[2016.04.15-05.30.44:992][497]LogAIModule: Creating AISystem for world World
[2016.04.15-05.30.44:994][497]LogParticles:Warning: InitializeSystem called on an unregistered component. Template=/Game/StarterContent/Particles/Breath.Breath Component=/Game/Hotel/Levels/World.World:PersistentLevel.Breath.ParticleSystemComponent0
[2016.04.15-05.30.44:995][497]LogParticles:Warning: InitializeSystem called on an unregistered component. Template=/Game/StarterContent/Particles/ItemMarker.ItemMarker Component=/Game/Hotel/Levels/World.World:PersistentLevel.ItemMarker.ParticleSystemComponent0
[2016.04.15-05.30.44:996][497]LogParticles:Warning: InitializeSystem called on an unregistered component. Template=/Game/StarterContent/Particles/Dust.Dust Component=/Game/Hotel/Levels/World.World:PersistentLevel.Dust_2.ParticleSystemComponent0
[2016.04.15-05.30.44:998][497]LogParticles:Warning: InitializeSystem called on an unregistered component. Template=/Game/StarterContent/Particles/Dust.Dust Component=/Game/Hotel/Levels/World.World:PersistentLevel.Dust2.ParticleSystemComponent0
[2016.04.15-05.30.44:998][497]LogParticles:Warning: InitializeSystem called on an unregistered component. Template=/Game/StarterContent/Particles/Dust.Dust Component=/Game/Hotel/Levels/World.World:PersistentLevel.Dust3.ParticleSystemComponent0
[2016.04.15-05.30.45:002][497]LogParticles:Warning: InitializeSystem called on an unregistered component. Template=/Game/StarterContent/Particles/ItemMarker.ItemMarker Component=/Game/Hotel/Levels/World.World:PersistentLevel.ItemMarker2_5.ParticleSystemComponent0
[2016.04.15-05.30.45:199][497]Cmd: MAP LOAD FILE="../../../../../../Users/Mandy/Documents/GitHub/HotelBete/Content/Hotel/Levels/World.umap" TEMPLATE=0 SHOWPROGRESS=1 FEATURELEVEL=3
[2016.04.15-05.30.45:199][497]LightingResults: New page: Lighting Build
[2016.04.15-05.30.45:221][497]LoadErrors: New page: Loading map: World.umap
[2016.04.15-05.30.45:221][497]MapCheck: New page: Map Check
[2016.04.15-05.30.45:221][497]LightingResults: New page: Lighting Build
[2016.04.15-05.30.45:248][497]LogParticles: Destroying 0 GPU particle simulations for FXSystem 0x000000004AA2B880
[2016.04.15-05.30.45:371][497]LogEditorServer: Finished looking for orphan Actors (0.000 secs)
[2016.04.15-05.30.45:437][497]Cmd: MAP CHECKDEP NOCLEARLOG
[2016.04.15-05.30.45:545][497]MapCheck: Info Map check complete: 0 Error(s), 0 Warning(s), took 107.47ms to complete.
[2016.04.15-05.30.45:547][497]LogFileHelpers: Loading map 'World' took 0.349
[2016.04.15-05.30.45:557][497]LoadErrors:Error: Error /Game/FirstPersonBP/Blueprints/Enemy : Failed import for Enemy_C /Game/Hotel/Blueprints/Enemies/Enemy.Default__Enemy_C [redirection] in /Game/FirstPersonBP/Blueprints/Enemy
[2016.04.15-05.31.15:748][589]LogFactory: FactoryCreateBinary: StaticMesh with FbxFactory (0 0 C:\Users\Mandy\Documents\3dsMax\export\Stairs_haunted.FBX)
[2016.04.15-05.31.15:774][589]LogFbx: ItemName: GlobalSettings, ItemCount : 1
[2016.04.15-05.31.15:774][589]LogFbx: ItemName: AnimationStack, ItemCount : 1
[2016.04.15-05.31.15:774][589]LogFbx: ItemName: AnimationLayer, ItemCount : 1
[2016.04.15-05.31.15:774][589]LogFbx: ItemName: Model, ItemCount : 3
[2016.04.15-05.31.15:774][589]LogFbx: ItemName: Geometry, ItemCount : 3
[2016.04.15-05.31.15:774][589]LogFbx: ItemName: Material, ItemCount : 2
[2016.04.15-05.31.15:835][589]LogFbx: Loading FBX Scene from C:\Users\Mandy\Documents\3dsMax\export\Stairs_haunted.FBX
[2016.04.15-05.31.15:939][589]LogFbx: FBX Scene Loaded Succesfully
[2016.04.15-05.31.17:535][589]LogFbx: Loading FBX Scene from C:\Users\Mandy\Documents\3dsMax\export\Stairs_haunted.FBX
[2016.04.15-05.31.17:638][589]LogFbx: FBX Scene Loaded Succesfully
[2016.04.15-05.31.17:661][589]LogLinker:Warning: Can't find file '/Game/Hotel/Art/Models/Stairs/AtticStairs'
[2016.04.15-05.31.17:661][589]LogLinker:Warning: Can't find file '/Game/Hotel/Art/Models/Stairs/AtticStairs'
[2016.04.15-05.31.17:668][589]LogMaterial: Missing cached shader map for material AtticStairs, compiling. 
[2016.04.15-05.31.17:705][589]LogLinker:Warning: Can't find file '/Game/Hotel/Art/Models/Stairs/AtticRailing'
[2016.04.15-05.31.17:705][589]LogLinker:Warning: Can't find file '/Game/Hotel/Art/Models/Stairs/AtticRailing'
[2016.04.15-05.31.17:720][589]LogMaterial: Missing cached shader map for material AtticRailing, compiling. 
[2016.04.15-05.31.17:762][589]LogStaticMesh: Building static mesh Stairs_haunted...
[2016.04.15-05.31.18:311][589]LogStaticMesh: Built static mesh [0.549153.2s] /Game/Hotel/Art/Models/Stairs/Stairs_haunted.Stairs_haunted
[2016.04.15-05.31.18:353][589]FBXImport:Warning: Warning Warning: No smoothing group information was found in this FBX scene.  Please make sure to enable the 'Export Smoothing Groups' option in the FBX Exporter plug-in before exporting the file.  Even for tools that don't support smoothing groups, the FBX Exporter will generate appropriate smoothing data at export-time so that correct vertex normals can be inferred while importing. 
[2016.04.15-05.31.28:897][285]LogActorFactory: Actor Factory created Stairs_haunted
[2016.04.15-05.31.30:236][337]LogActorFactory: Actor Factory created Stairs_haunted
[2016.04.15-05.32.21:288][470]LogMaterial: Missing cached shader map for material AtticStairs, compiling. 
[2016.04.15-05.32.21:431][470]LogMaterial: Missing cached shader map for material AtticStairs, compiling. 
[2016.04.15-05.32.21:437][470]LogMaterial: 0.000077 seconds spent updating 1 materials, 1 interfaces, 0 instances, 0 with static permutations.
[2016.04.15-05.32.21:460][470]LogMaterial: Missing cached shader map for material FMatExpressionPreview MaterialExpressionVectorParameter_0, compiling. 
[2016.04.15-05.32.22:451][496]LogMaterial: Missing cached shader map for material AtticRailing, compiling. 
[2016.04.15-05.32.22:509][496]LogMaterial: Missing cached shader map for material AtticRailing, compiling. 
[2016.04.15-05.32.22:514][496]LogMaterial: 0.000056 seconds spent updating 1 materials, 1 interfaces, 0 instances, 0 with static permutations.
[2016.04.15-05.32.22:548][496]LogMaterial: Missing cached shader map for material FMatExpressionPreview MaterialExpressionVectorParameter_1, compiling. 
[2016.04.15-05.32.23:253][521]MaterialEditorStats: Info Base pass shader with only dynamic lighting: 31 instructions
[2016.04.15-05.32.23:253][521]MaterialEditorStats: Info Vertex shader: 31 instructions
[2016.04.15-05.32.23:253][521]MaterialEditorStats: Info Texture samplers: 0/16
[2016.04.15-05.32.24:369][567]MaterialEditorStats: Info Base pass shader with only dynamic lighting: 31 instructions
[2016.04.15-05.32.24:370][567]MaterialEditorStats: Info Vertex shader: 31 instructions
[2016.04.15-05.32.24:370][567]MaterialEditorStats: Info Texture samplers: 0/16
[2016.04.15-05.32.53:592][799]Cmd: TRANSACTION UNDO
[2016.04.15-05.32.53:592][799]LogEditorTransaction: Undo Move Actors
[2016.04.15-05.33.04:133][610]LogEditorViewport: Clicking on Actor (LMB): StaticMeshActor (guest_floor_haunted2)
[2016.04.15-05.33.07:059][892]LogEditorViewport: Clicking on Actor (LMB): StaticMeshActor (Stairs_haunted)
[2016.04.15-05.33.13:427][358]LogEditorViewport: Clicking on Actor (LMB): StaticMeshActor (guest_floor_haunted2)
[2016.04.15-05.33.15:941][605]LogEditorViewport: Clicking on Actor (LMB): StaticMeshActor (Stairs_haunted)
[2016.04.15-05.34.00:418][893]LogEditorViewport: Clicking on Actor (LMB): StaticMeshActor (guest_floor_haunted2)
[2016.04.15-05.34.03:546][160]LogEditorViewport: Clicking on Actor (LMB): BP_Sky_Sphere_C (SkySphereBlueprint)
[2016.04.15-05.34.08:986][524]LogEditorViewport: Clicking on Actor (LMB): StaticMeshActor (Wall5)
[2016.04.15-05.34.28:126][972]LogParticles: Destroying 0 GPU particle simulations for FXSystem 0x000000002B36CCC0
[2016.04.15-05.34.28:128][972]LogParticles: Destroying 0 GPU particle simulations for FXSystem 0x000000000FB91EE0
[2016.04.15-05.34.28:288][972]Cmd: OBJ SAVEPACKAGE PACKAGE="/Game/Hotel/Levels/World" FILE="../../../../../../Users/Mandy/Documents/GitHub/HotelBete/Content/Hotel/Levels/World.umap" SILENT=true AUTOSAVING=false KEEPDIRTY=false
[2016.04.15-05.34.29:840][972]LogSavePackage: Save=1467.136230ms
[2016.04.15-05.34.29:840][972]LogSavePackage: Moving '../../../../../../Users/Mandy/Documents/GitHub/HotelBete/Saved/World1A4034B74CC9C89D6E76BFBF72022080.tmp' to '../../../../../../Users/Mandy/Documents/GitHub/HotelBete/Content/Hotel/Levels/World.umap'
[2016.04.15-05.34.29:843][972]LogSavePackage: Total save time: 1527.238235ms
[2016.04.15-05.34.29:843][972]LogSavePackage:Display: Finished SavePackage ../../../../../../Users/Mandy/Documents/GitHub/HotelBete/Content/Hotel/Levels/World.umap
[2016.04.15-05.34.29:890][972]LogFileHelpers: Saving map 'World' took 1.719
[2016.04.15-05.34.30:033][972]Cmd: OBJ SAVEPACKAGE PACKAGE="/Game/Hotel/Art/Models/Stairs/AtticRailing" FILE="../../../../../../Users/Mandy/Documents/GitHub/HotelBete/Content/Hotel/Art/Models/Stairs/AtticRailing.uasset" SILENT=true
[2016.04.15-05.34.30:055][972]LogSavePackage: Save=20.221914ms
[2016.04.15-05.34.30:055][972]LogSavePackage: Moving '../../../../../../Users/Mandy/Documents/GitHub/HotelBete/Saved/AtticRailing9417ABC24F475E72CBF8B78BC70CDEA6.tmp' to '../../../../../../Users/Mandy/Documents/GitHub/HotelBete/Content/Hotel/Art/Models/Stairs/AtticRailing.uasset'
[2016.04.15-05.34.30:056][972]LogSavePackage: Total save time: 22.059646ms
[2016.04.15-05.34.30:056][972]LogSavePackage:Display: Finished SavePackage ../../../../../../Users/Mandy/Documents/GitHub/HotelBete/Content/Hotel/Art/Models/Stairs/AtticRailing.uasset
[2016.04.15-05.34.30:180][972]Cmd: OBJ SAVEPACKAGE PACKAGE="/Game/Hotel/Art/Models/Stairs/AtticStairs" FILE="../../../../../../Users/Mandy/Documents/GitHub/HotelBete/Content/Hotel/Art/Models/Stairs/AtticStairs.uasset" SILENT=true
[2016.04.15-05.34.30:202][972]LogSavePackage: Save=20.285469ms
[2016.04.15-05.34.30:202][972]LogSavePackage: Moving '../../../../../../Users/Mandy/Documents/GitHub/HotelBete/Saved/AtticStairsAF15127A456B0A920A2359A153D52CE0.tmp' to '../../../../../../Users/Mandy/Documents/GitHub/HotelBete/Content/Hotel/Art/Models/Stairs/AtticStairs.uasset'
[2016.04.15-05.34.30:203][972]LogSavePackage: Total save time: 22.143248ms
[2016.04.15-05.34.30:203][972]LogSavePackage:Display: Finished SavePackage ../../../../../../Users/Mandy/Documents/GitHub/HotelBete/Content/Hotel/Art/Models/Stairs/AtticStairs.uasset
[2016.04.15-05.34.30:330][972]LogSavePackage: Save=18.311825ms
[2016.04.15-05.34.30:330][972]LogSavePackage: Moving '../../../../../../Users/Mandy/Documents/GitHub/HotelBete/Saved/Stairs_hauntedA5E48E0C44BD2A9FB0E7AFAE476255BA.tmp' to '../../../../../../Users/Mandy/Documents/GitHub/HotelBete/Content/Hotel/Art/Models/Stairs/Stairs_haunted.uasset'
[2016.04.15-05.34.30:332][972]LogSavePackage: Total save time: 20.229246ms
[2016.04.15-05.34.30:332][972]LogSavePackage:Display: Finished SavePackage ../../../../../../Users/Mandy/Documents/GitHub/HotelBete/Content/Hotel/Art/Models/Stairs/Stairs_haunted.uasset
[2016.04.15-05.34.56:821][176]LogEditorViewport: Clicking on Actor (LMB): StaticMeshActor (guest_floor_haunted2)
[2016.04.15-05.34.59:735][396]LogEditorViewport: Clicking on Actor (LMB): StaticMeshActor (Stairs_haunted)
[2016.04.15-05.35.31:517][801]LogEditorViewport: Clicking on Actor (LMB): StaticMeshActor (Stairs_haunted)
[2016.04.15-05.35.46:025][917]Cmd: TRANSACTION UNDO
[2016.04.15-05.35.46:025][917]LogEditorTransaction: Undo Clicking on Actors
[2016.04.15-05.35.47:153][  8]Cmd: TRANSACTION UNDO
[2016.04.15-05.35.47:153][  8]LogEditorTransaction: Undo Create Actors
[2016.04.15-05.36.06:192][628]Cmd: QUIT_EDITOR
[2016.04.15-05.36.06:402][628]LogExit: Preparing to exit.
[2016.04.15-05.36.07:525][628]LogExit: Editor shut down
[2016.04.15-05.36.07:526][628]LogExit: Transaction tracking system shut down
[2016.04.15-05.36.07:587][628]LogParticles: Destroying 0 GPU particle simulations for FXSystem 0x0000000049FC4B80
[2016.04.15-05.36.07:587][628]LogParticles: Destroying 0 GPU particle simulations for FXSystem 0x0000000049F08B80
[2016.04.15-05.36.07:587][628]LogParticles: Destroying 0 GPU particle simulations for FXSystem 0x0000000049D89760
[2016.04.15-05.36.07:596][628]LogParticles: Destroying 0 GPU particle simulations for FXSystem 0x00000000499ABF60
[2016.04.15-05.36.07:598][628]LogParticles: Destroying 0 GPU particle simulations for FXSystem 0x00000000325C3600
[2016.04.15-05.36.07:951][628]LogParticles: Destroying 0 GPU particle simulations for FXSystem 0x00000000324A4360
[2016.04.15-05.36.07:951][628]LogExit: Object subsystem successfully closed.
[2016.04.15-05.36.07:975][628]LogD3D11RHI: Shutdown
[2016.04.15-05.36.07:975][628]LogD3D11RHI: CleanupD3DDevice
[2016.04.15-05.36.08:263][628]LogD3D11RHI: ~FD3D11DynamicRHI
[2016.04.15-05.36.08:278][628]LogModuleManager: Shutting down and abandoning module CookingStats (202)
[2016.04.15-05.36.08:278][628]LogModuleManager: Shutting down and abandoning module MaterialEditor (201)
[2016.04.15-05.36.08:278][628]LogModuleManager: Shutting down and abandoning module CrashTracker (200)
[2016.04.15-05.36.08:278][628]LogModuleManager: Shutting down and abandoning module SceneOutliner (199)
[2016.04.15-05.36.08:278][628]LogModuleManager: Shutting down and abandoning module SuperSearch (198)
[2016.04.15-05.36.08:278][628]LogModuleManager: Shutting down and abandoning module WidgetCarousel (197)
[2016.04.15-05.36.08:278][628]LogModuleManager: Shutting down and abandoning module AddContentDialog (196)
[2016.04.15-05.36.08:281][628]LogModuleManager: Shutting down and abandoning module EditorWidgets (195)
[2016.04.15-05.36.08:281][628]LogModuleManager: Shutting down and abandoning module CollectionManager (194)
[2016.04.15-05.36.08:282][628]LogModuleManager: Shutting down and abandoning module StatsViewer (193)
[2016.04.15-05.36.08:282][628]LogModuleManager: Shutting down and abandoning module FoliageEdit (192)
[2016.04.15-05.36.08:282][628]LogModuleManager: Shutting down and abandoning module LandscapeEditor (191)
[2016.04.15-05.36.08:282][628]LogModuleManager: Shutting down and abandoning module ActorPickerMode (190)
[2016.04.15-05.36.08:282][628]LogModuleManager: Shutting down and abandoning module GeometryMode (189)
[2016.04.15-05.36.08:282][628]LogModuleManager: Shutting down and abandoning module TextureAlignMode (188)
[2016.04.15-05.36.08:282][628]LogModuleManager: Shutting down and abandoning module BspMode (187)
[2016.04.15-05.36.08:282][628]LogModuleManager: Shutting down and abandoning module PlacementMode (186)
[2016.04.15-05.36.08:282][628]LogModuleManager: Shutting down and abandoning module AutomationWorker (185)
[2016.04.15-05.36.08:282][628]LogModuleManager: Shutting down and abandoning module CharacterAI (184)
[2016.04.15-05.36.08:282][628]LogModuleManager: Shutting down and abandoning module SmartSnapping (183)
[2016.04.15-05.36.08:282][628]LogModuleManager: Shutting down and abandoning module ViewportSnapping (182)
[2016.04.15-05.36.08:282][628]LogModuleManager: Shutting down and abandoning module LogVisualizer (181)
[2016.04.15-05.36.08:282][628]LogModuleManager: Shutting down and abandoning module GameProjectGeneration (180)
[2016.04.15-05.36.08:282][628]LogModuleManager: Shutting down and abandoning module IntroTutorials (179)
[2016.04.15-05.36.08:283][628]LogModuleManager: Shutting down and abandoning module EditorLiveStreaming (178)
[2016.04.15-05.36.08:283][628]LogModuleManager: Shutting down and abandoning module IOSPlatformEditor (177)
[2016.04.15-05.36.08:283][628]LogModuleManager: Shutting down and abandoning module HTML5PlatformEditor (176)
[2016.04.15-05.36.08:283][628]LogModuleManager: Shutting down and abandoning module AndroidDeviceDetection (175)
[2016.04.15-05.36.08:326][628]LogModuleManager: Shutting down and abandoning module AndroidPlatformEditor (174)
[2016.04.15-05.36.08:326][628]LogModuleManager: Shutting down and abandoning module IOSRuntimeSettings (173)
[2016.04.15-05.36.08:326][628]LogModuleManager: Shutting down and abandoning module AndroidRuntimeSettings (172)
[2016.04.15-05.36.08:326][628]LogModuleManager: Shutting down and abandoning module MergeActors (171)
[2016.04.15-05.36.08:326][628]LogModuleManager: Shutting down and abandoning module SizeMap (170)
[2016.04.15-05.36.08:326][628]LogModuleManager: Shutting down and abandoning module TreeMap (169)
[2016.04.15-05.36.08:326][628]LogModuleManager: Shutting down and abandoning module ReferenceViewer (168)
[2016.04.15-05.36.08:326][628]LogModuleManager: Shutting down and abandoning module LocalizationService (167)
[2016.04.15-05.36.08:326][628]LogModuleManager: Shutting down and abandoning module LocalizationDashboard (166)
[2016.04.15-05.36.08:326][628]LogModuleManager: Shutting down and abandoning module HardwareTargeting (165)
[2016.04.15-05.36.08:326][628]LogModuleManager: Shutting down and abandoning module DeviceProfileEditor (164)
[2016.04.15-05.36.08:326][628]LogModuleManager: Shutting down and abandoning module UndoHistory (163)
[2016.04.15-05.36.08:326][628]LogModuleManager: Shutting down and abandoning module GameplayTagsEditor (162)
[2016.04.15-05.36.08:326][628]LogModuleManager: Shutting down and abandoning module UserFeedback (161)
[2016.04.15-05.36.08:326][628]LogModuleManager: Shutting down and abandoning module XmlParser (160)
[2016.04.15-05.36.08:326][628]LogModuleManager: Shutting down and abandoning module Blutility (159)
[2016.04.15-05.36.08:326][628]LogModuleManager: Shutting down and abandoning module ProjectTargetPlatformEditor (158)
[2016.04.15-05.36.08:326][628]LogModuleManager: Shutting down and abandoning module ProjectSettingsViewer (157)
[2016.04.15-05.36.08:327][628]LogModuleManager: Shutting down and abandoning module InputBindingEditor (156)
[2016.04.15-05.36.08:327][628]LogModuleManager: Shutting down and abandoning module EditorSettingsViewer (155)
[2016.04.15-05.36.08:327][628]LogModuleManager: Shutting down and abandoning module SettingsEditor (154)
[2016.04.15-05.36.08:327][628]LogModuleManager: Shutting down and abandoning module ProjectLauncher (153)
[2016.04.15-05.36.08:327][628]LogModuleManager: Shutting down and abandoning module SessionFrontend (152)
[2016.04.15-05.36.08:327][628]LogModuleManager: Shutting down and abandoning module ProfilerClient (151)
[2016.04.15-05.36.08:327][628]LogModuleManager: Shutting down and abandoning module TargetDeviceServices (150)
[2016.04.15-05.36.08:327][628]LogModuleManager: Shutting down and abandoning module DeviceManager (149)
[2016.04.15-05.36.08:327][628]LogModuleManager: Shutting down and abandoning module AutomationController (148)
[2016.04.15-05.36.08:327][628]LogModuleManager: Shutting down and abandoning module AutomationWindow (147)
[2016.04.15-05.36.08:327][628]LogModuleManager: Shutting down and abandoning module Layers (146)
[2016.04.15-05.36.08:327][628]LogModuleManager: Shutting down and abandoning module ComponentVisualizers (145)
[2016.04.15-05.36.08:327][628]LogModuleManager: Shutting down and abandoning module DetailCustomizations (144)
[2016.04.15-05.36.08:327][628]LogModuleManager: Shutting down and abandoning module PackagesDialog (143)
[2016.04.15-05.36.08:327][628]LogModuleManager: Shutting down and abandoning module Persona (142)
[2016.04.15-05.36.08:327][628]LogModuleManager: Shutting down and abandoning module Kismet (141)
[2016.04.15-05.36.08:327][628]LogModuleManager: Shutting down and abandoning module GraphEditor (140)
[2016.04.15-05.36.08:327][628]LogModuleManager: Shutting down and abandoning module ClassViewer (139)
[2016.04.15-05.36.08:327][628]LogModuleManager: Shutting down and abandoning module Toolbox (138)
[2016.04.15-05.36.08:327][628]LogModuleManager: Shutting down and abandoning module ModuleUI (137)
[2016.04.15-05.36.08:327][628]LogModuleManager: Shutting down and abandoning module MovieSceneTools (136)
[2016.04.15-05.36.08:327][628]LogModuleManager: Shutting down and abandoning module OutputLog (135)
[2016.04.15-05.36.08:328][628]LogModuleManager: Shutting down and abandoning module GammaUI (134)
[2016.04.15-05.36.08:328][628]LogModuleManager: Shutting down and abandoning module Documentation (133)
[2016.04.15-05.36.08:328][628]LogModuleManager: Shutting down and abandoning module GameLiveStreaming (132)
[2016.04.15-05.36.08:328][628]LogModuleManager: Shutting down and abandoning module StreamingPauseRendering (131)
[2016.04.15-05.36.08:328][628]LogModuleManager: Shutting down and abandoning module AnalyticsET (130)
[2016.04.15-05.36.08:328][628]LogModuleManager: Shutting down and abandoning module Analytics (129)
[2016.04.15-05.36.08:328][628]LogModuleManager: Shutting down and abandoning module AITestSuite (128)
[2016.04.15-05.36.08:328][628]LogModuleManager: Shutting down and abandoning module GameplayDebugger (127)
[2016.04.15-05.36.08:328][628]LogModuleManager: Shutting down and abandoning module AIModule (126)
[2016.04.15-05.36.08:328][628]LogModuleManager: Shutting down and abandoning module ProfilerService (125)
[2016.04.15-05.36.08:441][628]LogModuleManager: Shutting down and abandoning module TaskGraph (124)
[2016.04.15-05.36.08:441][628]LogModuleManager: Shutting down and abandoning module SubstanceEditor (123)
[2016.04.15-05.36.08:441][628]LogModuleManager: Shutting down and abandoning module SlateRemote (122)
[2016.04.15-05.36.08:441][628]LogModuleManager: Shutting down and abandoning module SteamVRController (121)
[2016.04.15-05.36.08:441][628]LogModuleManager: Shutting down and abandoning module SteamVR (120)
[2016.04.15-05.36.08:441][628]LogModuleManager: Shutting down and abandoning module ProceduralMeshComponent (119)
[2016.04.15-05.36.08:441][628]LogModuleManager: Shutting down and abandoning module OculusLibrary (118)
[2016.04.15-05.36.08:441][628]LogModuleManager: Shutting down and abandoning module OculusInput (117)
[2016.04.15-05.36.08:441][628]LogModuleManager: Shutting down and abandoning module LeapMotionController (116)
[2016.04.15-05.36.08:447][628]LogModuleManager: Shutting down and abandoning module CustomMeshComponent (115)
[2016.04.15-05.36.08:447][628]LogModuleManager: Shutting down and abandoning module CableComponent (114)
[2016.04.15-05.36.08:447][628]LogModuleManager: Shutting down and abandoning module ArchVisCharacter (113)
[2016.04.15-05.36.08:447][628]LogModuleManager: Shutting down and abandoning module MessagingDebugger (112)
[2016.04.15-05.36.08:447][628]LogModuleManager: Shutting down and abandoning module MediaPlayerEditor (111)
[2016.04.15-05.36.08:447][628]LogModuleManager: Shutting down and abandoning module HTML5Networking (110)
[2016.04.15-05.36.08:447][628]LogModuleManager: Shutting down and abandoning module SpeedTreeImporter (109)
[2016.04.15-05.36.08:447][628]LogModuleManager: Shutting down and abandoning module PluginBrowser (108)
[2016.04.15-05.36.08:448][628]LogModuleManager: Shutting down and abandoning module EpicSurvey (107)
[2016.04.15-05.36.08:448][628]LogModuleManager: Shutting down and abandoning module DesktopPlatform (106)
[2016.04.15-05.36.08:448][628]LogModuleManager: Shutting down and abandoning module VisualStudioSourceCodeAccess (105)
[2016.04.15-05.36.08:448][628]LogModuleManager: Shutting down and abandoning module UObjectPlugin (104)
[2016.04.15-05.36.08:448][628]LogModuleManager: Shutting down and abandoning module SubversionSourceControl (103)
[2016.04.15-05.36.08:448][628]LogModuleManager: Shutting down and abandoning module PerforceSourceControl (102)
[2016.04.15-05.36.08:448][628]LogModuleManager: Shutting down and abandoning module SourceControl (101)
[2016.04.15-05.36.08:448][628]LogModuleManager: Shutting down and abandoning module GitSourceControl (100)
[2016.04.15-05.36.08:448][628]LogModuleManager: Shutting down and abandoning module LightPropagationVolumeEditor (99)
[2016.04.15-05.36.08:448][628]LogModuleManager: Shutting down and abandoning module PaperTiledImporter (98)
[2016.04.15-05.36.08:448][628]LogModuleManager: Shutting down and abandoning module PaperSpriteSheetImporter (97)
[2016.04.15-05.36.08:448][628]LogModuleManager: Shutting down and abandoning module MeshPaint (96)
[2016.04.15-05.36.08:448][628]LogModuleManager: Shutting down and abandoning module SlateReflector (95)
[2016.04.15-05.36.08:448][628]LogModuleManager: Shutting down and abandoning module HotReload (94)
[2016.04.15-05.36.08:448][628]LogModuleManager: Shutting down and abandoning module MainFrame (93)
[2016.04.15-05.36.08:448][628]LogModuleManager: Shutting down and abandoning module LevelEditor (92)
[2016.04.15-05.36.08:449][628]LogModuleManager: Shutting down and abandoning module ContentBrowser (91)
[2016.04.15-05.36.08:450][628]LogModuleManager: Shutting down and abandoning module Paper2DEditor (90)
[2016.04.15-05.36.08:451][628]LogModuleManager: Shutting down and abandoning module UdpMessaging (89)
[2016.04.15-05.36.08:551][628]LogModuleManager: Shutting down and abandoning module DirectoryWatcher (88)
[2016.04.15-05.36.08:553][628]LogModuleManager: Shutting down and abandoning module AssetRegistry (87)
[2016.04.15-05.36.08:698][628]LogModuleManager: Shutting down and abandoning module SubstanceCore (86)
[2016.04.15-05.36.08:698][628]LogModuleManager: Shutting down and abandoning module LightPropagationVolumeRuntime (85)
[2016.04.15-05.36.08:698][628]LogModuleManager: Shutting down and abandoning module Paper2D (84)
[2016.04.15-05.36.08:698][628]LogModuleManager: Shutting down and abandoning module WindowsMoviePlayer (83)
[2016.04.15-05.36.08:707][628]LogModuleManager: Shutting down and abandoning module Media (82)
[2016.04.15-05.36.08:707][628]LogModuleManager: Shutting down and abandoning module WmfMedia (81)
[2016.04.15-05.36.08:707][628]LogModuleManager: Shutting down and abandoning module OnlineBlueprintSupport (80)
[2016.04.15-05.36.08:707][628]LogModuleManager: Shutting down and abandoning module GameplayTasksEditor (79)
[2016.04.15-05.36.08:707][628]LogModuleManager: Shutting down and abandoning module PropertyEditor (78)
[2016.04.15-05.36.08:707][628]LogModuleManager: Shutting down and abandoning module BehaviorTreeEditor (77)
[2016.04.15-05.36.08:707][628]LogModuleManager: Shutting down and abandoning module FunctionalTesting (76)
[2016.04.15-05.36.08:707][628]LogModuleManager: Shutting down and abandoning module CollisionAnalyzer (75)
[2016.04.15-05.36.08:707][628]LogModuleManager: Shutting down and abandoning module WorkspaceMenuStructure (74)
[2016.04.15-05.36.08:707][628]LogModuleManager: Shutting down and abandoning module MessageLog (73)
[2016.04.15-05.36.08:707][628]LogModuleManager: Shutting down and abandoning module Sequencer (72)
[2016.04.15-05.36.08:708][628]LogModuleManager: Shutting down and abandoning module AssetTools (71)
[2016.04.15-05.36.08:708][628]LogModuleManager: Shutting down and abandoning module UMGEditor (70)
[2016.04.15-05.36.08:708][628]LogModuleManager: Shutting down and abandoning module UMG (69)
[2016.04.15-05.36.08:708][628]LogModuleManager: Shutting down and abandoning module Slate (68)
[2016.04.15-05.36.08:708][628]LogModuleManager: Shutting down and abandoning module EditorStyle (67)
[2016.04.15-05.36.08:710][628]LogModuleManager: Shutting down and abandoning module SessionServices (66)
[2016.04.15-05.36.08:710][628]LogModuleManager: Shutting down and abandoning module SourceCodeAccess (65)
[2016.04.15-05.36.08:710][628]LogModuleManager: Shutting down and abandoning module HeadMountedDisplay (64)
[2016.04.15-05.36.08:710][628]LogModuleManager: Shutting down and abandoning module XAudio2 (63)
[2016.04.15-05.36.08:710][628]LogModuleManager: Shutting down and abandoning module Networking (61)
[2016.04.15-05.36.08:710][628]LogModuleManager: Shutting down and abandoning module Core (60)
[2016.04.15-05.36.08:710][628]LogModuleManager: Shutting down and abandoning module KismetCompiler (59)
[2016.04.15-05.36.08:710][628]LogModuleManager: Shutting down and abandoning module PhysXFormats (58)
[2016.04.15-05.36.08:710][628]LogModuleManager: Shutting down and abandoning module MeshUtilities (57)
[2016.04.15-05.36.08:710][628]LogModuleManager: Shutting down and abandoning module DerivedDataCache (56)
[2016.04.15-05.36.08:771][628]LogDerivedDataCache: Shutdown
[2016.04.15-05.36.08:771][628]LogModuleManager: Shutting down and abandoning module ShaderFormatOpenGL (55)
[2016.04.15-05.36.08:772][628]LogModuleManager: Shutting down and abandoning module ShaderFormatD3D (54)
[2016.04.15-05.36.08:772][628]LogModuleManager: Shutting down and abandoning module MetalShaderFormat (53)
[2016.04.15-05.36.08:772][628]LogModuleManager: Shutting down and abandoning module TextureFormatUncompressed (52)
[2016.04.15-05.36.08:772][628]LogModuleManager: Shutting down and abandoning module TextureFormatPVR (51)
[2016.04.15-05.36.08:772][628]LogModuleManager: Shutting down and abandoning module TextureFormatIntelISPCTexComp (50)
[2016.04.15-05.36.08:772][628]LogModuleManager: Shutting down and abandoning module TextureFormatDXT (49)
[2016.04.15-05.36.08:772][628]LogModuleManager: Shutting down and abandoning module ImageWrapper (48)
[2016.04.15-05.36.08:772][628]LogModuleManager: Shutting down and abandoning module TextureFormatASTC (47)
[2016.04.15-05.36.08:772][628]LogModuleManager: Shutting down and abandoning module TextureFormatAndroid (46)
[2016.04.15-05.36.08:772][628]LogModuleManager: Shutting down and abandoning module AudioFormatOpus (45)
[2016.04.15-05.36.08:772][628]LogModuleManager: Shutting down and abandoning module AudioFormatOgg (44)
[2016.04.15-05.36.08:772][628]LogModuleManager: Shutting down and abandoning module AudioFormatADPCM (43)
[2016.04.15-05.36.08:772][628]LogModuleManager: Shutting down and abandoning module LinuxTargetPlatform (42)
[2016.04.15-05.36.08:772][628]LogModuleManager: Shutting down and abandoning module LinuxServerTargetPlatform (41)
[2016.04.15-05.36.08:772][628]LogModuleManager: Shutting down and abandoning module LinuxNoEditorTargetPlatform (40)
[2016.04.15-05.36.08:772][628]LogModuleManager: Shutting down and abandoning module Messaging (39)
[2016.04.15-05.36.08:772][628]LogModuleManager: Shutting down and abandoning module IOSTargetPlatform (38)
[2016.04.15-05.36.08:773][628]LogModuleManager: Shutting down and abandoning module HTML5TargetPlatform (37)
[2016.04.15-05.36.08:773][628]LogModuleManager: Shutting down and abandoning module Android_PVRTCTargetPlatform (36)
[2016.04.15-05.36.08:773][628]LogModuleManager: Shutting down and abandoning module Android_MultiTargetPlatform (35)
[2016.04.15-05.36.08:773][628]LogModuleManager: Shutting down and abandoning module Android_ETC2TargetPlatform (34)
[2016.04.15-05.36.08:773][628]LogModuleManager: Shutting down and abandoning module Android_ETC1TargetPlatform (33)
[2016.04.15-05.36.08:773][628]LogModuleManager: Shutting down and abandoning module Android_DXTTargetPlatform (32)
[2016.04.15-05.36.08:773][628]LogModuleManager: Shutting down and abandoning module Android_ATCTargetPlatform (31)
[2016.04.15-05.36.08:773][628]LogModuleManager: Shutting down and abandoning module Android_ASTCTargetPlatform (30)
[2016.04.15-05.36.08:773][628]LogModuleManager: Shutting down and abandoning module AndroidTargetPlatform (29)
[2016.04.15-05.36.08:773][628]LogModuleManager: Shutting down and abandoning module WindowsTargetPlatform (28)
[2016.04.15-05.36.08:773][628]LogModuleManager: Shutting down and abandoning module WindowsServerTargetPlatform (27)
[2016.04.15-05.36.08:773][628]LogModuleManager: Shutting down and abandoning module WindowsNoEditorTargetPlatform (26)
[2016.04.15-05.36.08:773][628]LogModuleManager: Shutting down and abandoning module WindowsClientTargetPlatform (25)
[2016.04.15-05.36.08:773][628]LogModuleManager: Shutting down and abandoning module AllDesktopTargetPlatform (24)
[2016.04.15-05.36.08:773][628]LogModuleManager: Shutting down and abandoning module TargetPlatform (23)
[2016.04.15-05.36.08:773][628]LogModuleManager: Shutting down and abandoning module InputCore (22)
[2016.04.15-05.36.08:773][628]LogModuleManager: Shutting down and abandoning module Settings (21)
[2016.04.15-05.36.08:774][628]LogModuleManager: Shutting down and abandoning module OnlineSubsystem (19)
[2016.04.15-05.36.08:774][628]LogModuleManager: Shutting down and abandoning module HTTP (18)
[2016.04.15-05.36.09:774][628]LogModuleManager: Shutting down and abandoning module XMPP (17)
[2016.04.15-05.36.09:774][628]LogModuleManager: Shutting down and abandoning module OculusRift (16)
[2016.04.15-05.36.09:774][628]LogModuleManager: Shutting down and abandoning module ExampleDeviceProfileSelector (15)
[2016.04.15-05.36.09:774][628]LogModuleManager: Shutting down and abandoning module TextureCompressor (14)
[2016.04.15-05.36.09:774][628]LogModuleManager: Shutting down and abandoning module ShaderCore (13)
[2016.04.15-05.36.09:775][628]LogModuleManager: Shutting down and abandoning module Landscape (12)
[2016.04.15-05.36.09:775][628]LogModuleManager: Shutting down and abandoning module SlateRHIRenderer (11)
[2016.04.15-05.36.09:783][628]LogModuleManager: Shutting down and abandoning module OpenGLDrv (10)
[2016.04.15-05.36.09:783][628]LogModuleManager: Shutting down and abandoning module D3D11RHI (9)
[2016.04.15-05.36.09:783][628]LogModuleManager: Shutting down and abandoning module AnimGraphRuntime (8)
[2016.04.15-05.36.09:784][628]LogModuleManager: Shutting down and abandoning module Renderer (7)
[2016.04.15-05.36.09:784][628]LogModuleManager: Shutting down and abandoning module Engine (6)
[2016.04.15-05.36.09:784][628]LogModuleManager: Shutting down and abandoning module CoreUObject (5)
[2016.04.15-05.36.09:784][628]LogModuleManager: Shutting down and abandoning module NetworkFile (4)
[2016.04.15-05.36.09:784][628]LogModuleManager: Shutting down and abandoning module StreamingFile (3)
[2016.04.15-05.36.09:784][628]LogModuleManager: Shutting down and abandoning module SandboxFile (2)
[2016.04.15-05.36.09:784][628]LogModuleManager: Shutting down and abandoning module PakFile (1)
[2016.04.15-05.36.09:789][628]LogExit: Exiting.
[2016.04.15-05.36.09:793][628]Log file closed, 04/15/16 01:36:09
