[2016.02.27-18.08.01:297][  0]Log file open, 02/27/16 13:08:01
[2016.02.27-18.08.01:297][  0]LogInit:Display: Running engine without a game
[2016.02.27-18.08.01:297][  0]LogPlatformFile: Not using cached read wrapper
[2016.02.27-18.08.01:297][  0]LogInit:Display: Loading recent project file: F:/My Media/UCF Documents/DIG 4725-2/HotelBete/Hotel.uproject
[2016.02.27-18.08.01:297][  0]LogInit:Display: RandInit(447059678) SRandInit(447059680).
[2016.02.27-18.08.01:297][  0]LogTaskGraph: Started task graph with 4 named threads and 7 total threads.
[2016.02.27-18.08.01:297][  0]LogStats: Stats thread started at 0.061233
[2016.02.27-18.08.01:297][  0]LogInit: Version: 4.10.2-2818068+++depot+UE4-Releases+4.10
[2016.02.27-18.08.01:297][  0]LogInit: API Version: 2758231
[2016.02.27-18.08.01:297][  0]LogInit: Compiled (64-bit): Jan  6 2016 17:36:42
[2016.02.27-18.08.01:297][  0]LogInit: Compiled with Visual C++: 19.00.23026.00
[2016.02.27-18.08.01:297][  0]LogInit: Build Configuration: Development
[2016.02.27-18.08.01:297][  0]LogInit: Branch Name: ++depot+UE4-Releases+4.10
[2016.02.27-18.08.01:297][  0]LogInit: Command line: 
[2016.02.27-18.08.01:297][  0]LogInit: Base directory: F:/Program Files/Epic Games/4.10/Engine/Binaries/Win64/
[2016.02.27-18.08.01:297][  0]LogInit: Rocket: 1
[2016.02.27-18.08.01:301][  0]LogInit: Using libcurl 7.41.0
[2016.02.27-18.08.01:301][  0]LogInit:  - built for x86_64-pc-win32
[2016.02.27-18.08.01:301][  0]LogInit:  - supports SSL with WinSSL
[2016.02.27-18.08.01:301][  0]LogInit:  - other features:
[2016.02.27-18.08.01:301][  0]LogInit:      CURL_VERSION_SSL
[2016.02.27-18.08.01:301][  0]LogInit:      CURL_VERSION_IPV6
[2016.02.27-18.08.01:301][  0]LogInit:      CURL_VERSION_ASYNCHDNS
[2016.02.27-18.08.01:301][  0]LogInit:      CURL_VERSION_LARGEFILE
[2016.02.27-18.08.01:301][  0]LogInit:      CURL_VERSION_IDN
[2016.02.27-18.08.01:301][  0]LogInit:  CurlRequestOptions (configurable via config and command line):
[2016.02.27-18.08.01:301][  0]LogInit:  - bVerifyPeer = true  - Libcurl will verify peer certificate
[2016.02.27-18.08.01:301][  0]LogInit:  - bUseHttpProxy = false  - Libcurl will NOT use HTTP proxy
[2016.02.27-18.08.01:301][  0]LogInit:  - bDontReuseConnections = false  - Libcurl will reuse connections
[2016.02.27-18.08.01:301][  0]LogInit:  - CertBundlePath = nullptr  - Libcurl will use whatever was configured at build time.
[2016.02.27-18.08.01:305][  0]LogInit: Presizing for 0 objects not considered by GC, pre-allocating 0 bytes.
[2016.02.27-18.08.01:308][  0]LogInit: Object subsystem initialized
[2016.02.27-18.08.01:309][  0]LogInit: Selected Device Profile: [Windows]
[2016.02.27-18.08.01:309][  0]LogInit: Applying CVar settings loaded from the selected device profile: [Windows]
[2016.02.27-18.08.01:313][  0]LogInit: Computer: DESKTOP-0FTHH47
[2016.02.27-18.08.01:313][  0]LogInit: User: aehrl
[2016.02.27-18.08.01:313][  0]LogInit: CPU Page size=4096, Cores=4
[2016.02.27-18.08.01:313][  0]LogInit: High frequency timer resolution =3.984645 MHz
[2016.02.27-18.08.01:313][  0]LogMemory: Memory total: Physical=15.9GB (16GB approx)
[2016.02.27-18.08.01:313][  0]LogMemory: Platform Memory Stats for Windows
[2016.02.27-18.08.01:313][  0]LogMemory: Process Physical Memory: 56.21 MB used, 56.21 MB peak
[2016.02.27-18.08.01:313][  0]LogMemory: Process Virtual Memory: 58.68 MB used, 58.68 MB peak
[2016.02.27-18.08.01:313][  0]LogMemory: Physical Memory: 4681.23 MB used, 16322.88 MB total
[2016.02.27-18.08.01:313][  0]LogMemory: Virtual Memory: 384.80 MB used, 134217728.00 MB total
[2016.02.27-18.08.01:339][  0]LogTextLocalizationManager: No specific translations for ('en-US') exist, so ('en') translations will be used.
[2016.02.27-18.08.01:669][  0]LogD3D11RHI: Found D3D11 adapter 0: NVIDIA GeForce GTX 960 (Feature Level 11_0)
[2016.02.27-18.08.01:669][  0]LogD3D11RHI: Adapter has 1969MB of dedicated video memory, 0MB of dedicated system memory, and 8161MB of shared system memory, 3 output[s]
[2016.02.27-18.08.01:670][  0]LogD3D11RHI: Found D3D11 adapter 1: Microsoft Basic Render Driver (Feature Level 11_0)
[2016.02.27-18.08.01:671][  0]LogD3D11RHI: Adapter has 0MB of dedicated video memory, 0MB of dedicated system memory, and 8161MB of shared system memory, 0 output[s]
[2016.02.27-18.08.01:671][  0]LogD3D11RHI: Chosen D3D11 Adapter Id = 0
[2016.02.27-18.08.01:674][  0]LogD3D11RHI: !Direct3DDevice
[2016.02.27-18.08.01:674][  0]LogRHI: Texture pool is 1361 MB (70% of 1945 MB)
[2016.02.27-18.08.01:684][  0]LogD3D11RHI: Async texture creation enabled
[2016.02.27-18.08.01:698][  0]LogShaderCompilers: Guid format shader working directory is -16 characters bigger than the processId version (../../../../../../My Media/UCF Documents/DIG 4725-2/HotelBete/Intermediate/Shaders/WorkingDirectory/19380/).
[2016.02.27-18.08.01:698][  0]LogShaderCompilers: Cleaned the shader compiler working directory 'C:/Users/aehrl/AppData/Local/Temp/UnrealShaderWorkingDir/E802DDAC49354CD6106F759F1AFA1576/'.
[2016.02.27-18.08.01:698][  0]LogShaderCompilers:Display: Using Local Shader Compiler.
[2016.02.27-18.08.02:226][  0]LogTemp:Display: Loaded TP AllDesktopTargetPlatform
[2016.02.27-18.08.02:228][  0]LogTemp:Display: Loaded TP WindowsClientTargetPlatform
[2016.02.27-18.08.02:231][  0]LogTemp:Display: Loaded TP WindowsNoEditorTargetPlatform
[2016.02.27-18.08.02:233][  0]LogTemp:Display: Loaded TP WindowsServerTargetPlatform
[2016.02.27-18.08.02:235][  0]LogTemp:Display: Loaded TP WindowsTargetPlatform
[2016.02.27-18.08.02:237][  0]LogTemp:Display: Loaded TP AndroidTargetPlatform
[2016.02.27-18.08.02:239][  0]LogTemp:Display: Loaded TP Android_ASTCTargetPlatform
[2016.02.27-18.08.02:240][  0]LogTemp:Display: Loaded TP Android_ATCTargetPlatform
[2016.02.27-18.08.02:242][  0]LogTemp:Display: Loaded TP Android_DXTTargetPlatform
[2016.02.27-18.08.02:243][  0]LogTemp:Display: Loaded TP Android_ETC1TargetPlatform
[2016.02.27-18.08.02:245][  0]LogTemp:Display: Loaded TP Android_ETC2TargetPlatform
[2016.02.27-18.08.02:248][  0]LogTemp:Display: Loaded TP Android_MultiTargetPlatform
[2016.02.27-18.08.02:248][  0]LogTemp:Display: Loaded TP Android_PVRTCTargetPlatform
[2016.02.27-18.08.02:248][  0]LogTemp:Display: Loaded TP HTML5TargetPlatform
[2016.02.27-18.08.02:262][  0]LogTemp:Display: Loaded TP IOSTargetPlatform
[2016.02.27-18.08.02:263][  0]LogTemp:Display: Loaded TP LinuxNoEditorTargetPlatform
[2016.02.27-18.08.02:265][  0]LogTemp:Display: Loaded TP LinuxServerTargetPlatform
[2016.02.27-18.08.02:267][  0]LogTemp:Display: Loaded TP LinuxTargetPlatform
[2016.02.27-18.08.02:267][  0]LogTargetPlatformManager:Display: Building Assets For Windows
[2016.02.27-18.08.02:306][  0]LogDerivedDataCache:Display: Max Cache Size: 512 MB
[2016.02.27-18.08.02:742][  0]LogDerivedDataCache: Loaded boot cache 0.44s 45MB C:/Users/aehrl/AppData/Local/UnrealEngine/4.10/DerivedDataCache/Boot.ddc.
[2016.02.27-18.08.02:742][  0]LogDerivedDataCache:Display: Loaded Boot cache: C:/Users/aehrl/AppData/Local/UnrealEngine/4.10/DerivedDataCache/Boot.ddc
[2016.02.27-18.08.02:742][  0]LogDerivedDataCache: FDerivedDataBackendGraph:  Pak pak cache file ../../../../../../My Media/UCF Documents/DIG 4725-2/HotelBete/DerivedDataCache/DDC.ddp not found, will not use a pak cache.
[2016.02.27-18.08.02:742][  0]LogDerivedDataCache: Unable to find inner node Pak for hierarchical cache Hierarchy.
[2016.02.27-18.08.02:742][  0]LogDerivedDataCache: FDerivedDataBackendGraph:  CompressedPak pak cache file ../../../../../../My Media/UCF Documents/DIG 4725-2/HotelBete/DerivedDataCache/Compressed.ddp not found, will not use a pak cache.
[2016.02.27-18.08.02:742][  0]LogDerivedDataCache: Unable to find inner node CompressedPak for hierarchical cache Hierarchy.
[2016.02.27-18.08.02:829][  0]LogDerivedDataCache:Display: Pak cache opened for reading ../../../Engine/DerivedDataCache/Compressed.ddp.
[2016.02.27-18.08.02:841][  0]LogDerivedDataCache: Using Local data cache path C:/Users/aehrl/AppData/Local/UnrealEngine/Common/DerivedDataCache: Writable
[2016.02.27-18.08.02:950][  0]LogInit: Selected Device Profile: [Windows]
[2016.02.27-18.08.02:952][  0]LogContentStreaming: Texture pool size is 0.000000MB
[2016.02.27-18.08.03:020][  0]LogMeshUtilities: No automatic mesh reduction module available
[2016.02.27-18.08.03:020][  0]LogMeshUtilities: No automatic mesh merging module available
[2016.02.27-18.08.03:210][  0]LogInit: WinSock: version 1.1 (2.2), MaxSocks=32767, MaxUdp=65467
[2016.02.27-18.08.03:792][  0]LogAssetRegistry: FAssetRegistry took 0.0107 seconds to start up
[2016.02.27-18.08.03:798][  0]UdpMessaging: Initializing bridge on interface 0.0.0.0:0 to multicast group 230.0.0.1:6666.
[2016.02.27-18.08.03:953][  0]SourceControl: Info Source control is disabled
[2016.02.27-18.08.03:983][  0]SourceControl: Info Source control is disabled
[2016.02.27-18.08.03:989][  0]SourceControl: Info Source control is disabled
[2016.02.27-18.08.03:994][  0]SourceControl: Info Source control is disabled
[2016.02.27-18.08.04:128][  0]LogObj: 28802 objects as part of root set at end of initial load.
[2016.02.27-18.08.04:128][  0]LogUObjectAllocator: 6129776 out of 0 bytes used by permanent object pool.
[2016.02.27-18.08.04:165][  0]LogEngine: Initializing Engine...
[2016.02.27-18.08.04:166][  0]LogHMD: Can't find Oculus library dev build: is proper Runtime installed? Version: 0.8.0.0
[2016.02.27-18.08.04:166][  0]LogHMD: SteamVR failed to initialize.  Err: 110
[2016.02.27-18.08.04:246][  0]LogAIModule: Creating AISystem for world NewWorld
[2016.02.27-18.08.04:253][  0]LogInit: XAudio2 using 'Speakers (2- High Definition Audio Device)' : 2 channels at 44.1 kHz using 16 bits per sample (channel mask 0x3)
[2016.02.27-18.08.04:268][  0]LogInit: FAudioDevice initialized.
[2016.02.27-18.08.04:283][  0]LogDerivedDataCache: Saved boot cache 0.02s 45MB C:/Users/aehrl/AppData/Local/UnrealEngine/4.10/DerivedDataCache/Boot.ddc.
[2016.02.27-18.08.04:285][  0]LogInit: Texture streaming: Enabled
[2016.02.27-18.08.04:287][  0]LogAnalytics: Creating configured Analytics provider AnalyticsET
[2016.02.27-18.08.04:287][  0]LogAnalytics: [UEEditor.Rocket.Release] APIServer = http://et2.epicgames.com/ET2/. AppVersion = 4.10.2-2818068+++depot+UE4-Releases+4.10
[2016.02.27-18.08.04:287][  0]LogAnalytics: [UEEditor.Rocket.Release] SetUserId 0b01f67c451c321928712b89b2c25d66|b300224d71e64562a5bff06c2aaa78f8|4d10a4aa-bc91-4e54-b274-9b5f458b8e77
[2016.02.27-18.08.04:287][  0]LogAnalytics: [UEEditor.Rocket.Release] AnalyticsET::StartSession
[2016.02.27-18.08.04:294][  0]LogInit: Transaction tracking system initialized
[2016.02.27-18.08.04:305][  0]BlueprintLog: New page: Editor Load
[2016.02.27-18.08.04:346][  0]LocalizationService: Info Localization service is disabled
[2016.02.27-18.08.04:394][  0]LogConsoleResponse:Display: 
[2016.02.27-18.08.04:459][  0]LogCook:Display: Done creating registry. It took  0.00s.
[2016.02.27-18.08.04:484][  0]LogFileCache: Scanning file cache for directory 'F:/My Media/UCF Documents/DIG 4725-2/HotelBete/Content/' took 0.01s
[2016.02.27-18.08.04:484][  0]SourceControl: Info Source control is disabled
[2016.02.27-18.08.04:484][  0]Cmd: MAP LOAD FILE="../../../../../../My Media/UCF Documents/DIG 4725-2/HotelBete/Content/Hotel/Levels/Menu.umap" TEMPLATE=0 SHOWPROGRESS=1 FEATURELEVEL=3
[2016.02.27-18.08.04:484][  0]LightingResults: New page: Lighting Build
[2016.02.27-18.08.04:486][  0]MapCheck: New page: Map Check
[2016.02.27-18.08.04:486][  0]LightingResults: New page: Lighting Build
[2016.02.27-18.08.04:492][  0]LogParticles: Destroying 0 GPU particle simulations for FXSystem 0x0000012914737B00
[2016.02.27-18.08.08:442][  0]LogAIModule: Creating AISystem for world Menu
[2016.02.27-18.08.08:442][  0]LogEditorServer: Finished looking for orphan Actors (0.000 secs)
[2016.02.27-18.08.08:442][  0]Cmd: MAP CHECKDEP NOCLEARLOG
[2016.02.27-18.08.08:486][  0]MapCheck: Info Map check complete: 0 Error(s), 0 Warning(s), took 43.141ms to complete.
[2016.02.27-18.08.08:486][  0]LogFileHelpers: Loading map 'Menu' took 4.002
[2016.02.27-18.08.08:593][  0]LogCollectionManager: Loaded 0 collections in 0.000804 seconds
[2016.02.27-18.08.08:640][  0]LogFileCache: Scanning file cache for directory 'F:/My Media/UCF Documents/DIG 4725-2/HotelBete/Saved/Collections/' took 0.01s
[2016.02.27-18.08.08:640][  0]LogFileCache: Scanning file cache for directory 'F:/My Media/UCF Documents/DIG 4725-2/HotelBete/Content/Developers/aehrl/Collections/' took 0.01s
[2016.02.27-18.08.08:640][  0]LogFileCache: Scanning file cache for directory 'F:/My Media/UCF Documents/DIG 4725-2/HotelBete/Content/Collections/' took 0.01s
[2016.02.27-18.08.08:640][  0]LogCollectionManager: Rebuilt the GUID cache for 0 collections in 0.000001 seconds
[2016.02.27-18.08.08:644][  0]LogContentBrowser: Native class hierarchy populated in 0.0044 seconds. Added 1908 classes and 344 folders.
[2016.02.27-18.08.08:647][  0]LogContentBrowser: Native class hierarchy updated for 'WidgetCarousel' in 0.0002 seconds. Added 0 classes and 0 folders.
[2016.02.27-18.08.08:671][  0]LogContentBrowser: Native class hierarchy updated for 'AddContentDialog' in 0.0002 seconds. Added 0 classes and 0 folders.
[2016.02.27-18.08.08:677][  0]LogContentBrowser: Native class hierarchy updated for 'SceneOutliner' in 0.0002 seconds. Added 1 classes and 2 folders.
[2016.02.27-18.08.08:689][  0]LogCrashTracker: Crashtracker disabled due to settings.
[2016.02.27-18.08.08:692][  0]LogUObjectGlobals:Warning: Failed to find object 'Class None.'
[2016.02.27-18.08.08:714][  0]LogLoad: Full Startup: 7.67 seconds (BP compile: 0.04 seconds)
[2016.02.27-18.08.08:723][  0]LogOcInput: Can't find Oculus library dev build: is proper Runtime installed? Version: 0.8.0.0
[2016.02.27-18.08.08:758][  0]LogContentStreaming: Texture pool size now 1000 MB
[2016.02.27-18.08.08:839][  0]LogRenderer: Reallocating scene render targets to support 1208x608 (Frame:2).
[2016.02.27-18.08.08:915][  2]LogAssetRegistry: Asset discovery search completed in 5.1339 seconds
[2016.02.27-18.08.08:915][  2]LogCollectionManager: Rebuilt the object cache for 0 collections in 0.000000 seconds (found 0 objects)
[2016.02.27-18.08.08:915][  2]LogCollectionManager: Fixed up redirectors for 0 collections in 0.000017 seconds (updated 0 objects)
[2016.02.27-18.12.44:289][  5]LogLinker:Warning: Asset '../../../Engine/Content/ArtTools/RenderToTexture/Macros/RenderToTextureMacros.uasset' has been saved with empty engine version. The asset will be loaded but may be incompatible.
[2016.02.27-18.12.44:532][  5]LogContentBrowser: Native class hierarchy updated for 'BlueprintGraph' in 0.0005 seconds. Added 107 classes and 0 folders.
[2016.02.27-18.13.43:041][184]BlueprintLog: New page: Compile Menu
[2016.02.27-18.13.43:097][184]LogParticles: Destroying 0 GPU particle simulations for FXSystem 0x0000012922A95120
[2016.02.27-18.13.43:107][184]BlueprintEditorCompileResults: Info [0342.06] Compile of Menu successful! [in 66 ms]
[2016.02.27-18.13.43:689][245]Cmd: OBJ SAVEPACKAGE PACKAGE="/Game/Hotel/Levels/Menu" FILE="../../../../../../My Media/UCF Documents/DIG 4725-2/HotelBete/Content/Hotel/Levels/Menu.umap" SILENT=true AUTOSAVING=false KEEPDIRTY=false
[2016.02.27-18.13.43:748][245]LogSavePackage: Save=34.566193ms
[2016.02.27-18.13.43:748][245]LogSavePackage: Moving '../../../../../../My Media/UCF Documents/DIG 4725-2/HotelBete/Saved/Menu2FF129244848AD0D3F2877A74FADE73D.tmp' to '../../../../../../My Media/UCF Documents/DIG 4725-2/HotelBete/Content/Hotel/Levels/Menu.umap'
[2016.02.27-18.13.43:770][245]LogSavePackage: Total save time: 64.219020ms
[2016.02.27-18.13.43:770][245]LogSavePackage:Display: Finished SavePackage ../../../../../../My Media/UCF Documents/DIG 4725-2/HotelBete/Content/Hotel/Levels/Menu.umap
[2016.02.27-18.13.43:786][245]LogFileHelpers: Saving map 'Menu' took 0.135
[2016.02.27-18.13.44:392][316]LogBlueprintUserMessages: Early PlayInEditor Detection: Level '/Game/Hotel/Levels/Menu.Menu:PersistentLevel' has LevelScriptBlueprint '/Game/Hotel/Levels/Menu.Menu:PersistentLevel.Menu' with GeneratedClass '/Game/Hotel/Levels/Menu.Menu_C' with ClassGeneratedBy '/Game/Hotel/Levels/Menu.Menu:PersistentLevel.Menu'
[2016.02.27-18.13.44:392][316]LogPlayLevel: PlayLevel: No blueprints needed recompiling
[2016.02.27-18.13.44:392][316]PIE: New page: PIE session: Menu (Feb 27, 2016, 8:13:44 AM)
[2016.02.27-18.13.44:392][316]LogPlayLevel: Creating play world package: /Game/Hotel/Levels/UEDPIE_0_Menu
[2016.02.27-18.13.44:393][316]LogPlayLevel: PIE: StaticDuplicateObject took: (0.001238s)
[2016.02.27-18.13.44:394][316]LogAIModule: Creating AISystem for world Menu
[2016.02.27-18.13.44:394][316]LogPlayLevel: PIE: World Init took: (0.000382s)
[2016.02.27-18.13.44:394][316]LogPlayLevel: PIE: Created PIE world by copying editor world from /Game/Hotel/Levels/Menu.Menu to /Game/Hotel/Levels/UEDPIE_0_Menu.Menu (0.001743s)
[2016.02.27-18.13.44:416][316]LogInit: XAudio2 using 'Speakers (2- High Definition Audio Device)' : 2 channels at 44.1 kHz using 16 bits per sample (channel mask 0x3)
[2016.02.27-18.13.44:422][316]LogInit: FAudioDevice initialized.
[2016.02.27-18.13.44:543][316]LogWorld: Game class is 'FirstPersonGameMode_C'
[2016.02.27-18.13.44:544][316]LogWorld: Bringing World /Game/Hotel/Levels/UEDPIE_0_Menu.Menu up for play (max tick rate 0) at 2016.02.27-13.13.44
[2016.02.27-18.13.44:544][316]LogActor:Warning: GameSession /Game/Hotel/Levels/UEDPIE_0_Menu.Menu:PersistentLevel.GameSession_0 has natively added scene component(s), but none of them were set as the actor's RootComponent - picking one arbitrarily
[2016.02.27-18.13.44:544][316]LogActor:Warning: GameNetworkManager /Game/Hotel/Levels/UEDPIE_0_Menu.Menu:PersistentLevel.GameNetworkManager_0 has natively added scene component(s), but none of them were set as the actor's RootComponent - picking one arbitrarily
[2016.02.27-18.13.44:544][316]LogWorld: Bringing up level for play took: 0.000625
[2016.02.27-18.13.44:544][316]LogGameMode: Warning - PATHS NOT DEFINED or NO PLAYERSTART with positive rating
[2016.02.27-18.13.44:550][316]PIE: Info Play in editor start time for /Game/Hotel/Levels/UEDPIE_0_Menu 0.227
[2016.02.27-18.13.44:550][316]LogBlueprintUserMessages: Late PlayInEditor Detection: Level '/Game/Hotel/Levels/Menu.Menu:PersistentLevel' has LevelScriptBlueprint '/Game/Hotel/Levels/Menu.Menu:PersistentLevel.Menu' with GeneratedClass '/Game/Hotel/Levels/Menu.Menu_C' with ClassGeneratedBy '/Game/Hotel/Levels/Menu.Menu:PersistentLevel.Menu'
[2016.02.27-18.13.44:555][317]LogRenderer: Reallocating scene render targets to support 1280x720 (Frame:10).
[2016.02.27-18.13.46:732][571]LogPackageName: SearchForPackageOnDisk took   0.029s to resolve Prototype.umap.
[2016.02.27-18.13.46:759][572]LogPackageName: SearchForPackageOnDisk took   0.027s to resolve Prototype.umap.
[2016.02.27-18.13.46:760][572]LogNet: Browse: /Game/Hotel/Levels/Prototype
[2016.02.27-18.13.46:760][572]LogLoad: LoadMap: /Game/Hotel/Levels/Prototype
[2016.02.27-18.13.46:776][572]LogParticles: Destroying 0 GPU particle simulations for FXSystem 0x000001297824CA40
[2016.02.27-18.13.46:778][572]Cmd: MEM
[2016.02.27-18.13.46:794][572]LogMemory: Platform Memory Stats for Windows
[2016.02.27-18.13.46:794][572]LogMemory: Process Physical Memory: 888.50 MB used, 888.91 MB peak
[2016.02.27-18.13.46:794][572]LogMemory: Process Virtual Memory: 1708.29 MB used, 1708.29 MB peak
[2016.02.27-18.13.46:794][572]LogMemory: Physical Memory: 5581.61 MB used, 16322.88 MB total
[2016.02.27-18.13.46:794][572]LogMemory: Virtual Memory: 2402.60 MB used, 134217728.00 MB total
[2016.02.27-18.13.46:794][572]LogMemory: 
[2016.02.27-18.13.46:794][572]Allocator Stats for TBB: (not implemented)
[2016.02.27-18.13.48:381][572]LogAIModule: Creating AISystem for world Prototype
[2016.02.27-18.13.48:382][572]LogWorld: Game class is 'FirstPersonGameMode_C'
[2016.02.27-18.13.48:390][572]LogWorld: Bringing World /Game/Hotel/Levels/UEDPIE_0_Prototype.Prototype up for play (max tick rate 0) at 2016.02.27-13.13.48
[2016.02.27-18.13.48:390][572]LogActor:Warning: GameSession /Game/Hotel/Levels/UEDPIE_0_Prototype.Prototype:PersistentLevel.GameSession_1 has natively added scene component(s), but none of them were set as the actor's RootComponent - picking one arbitrarily
[2016.02.27-18.13.48:391][572]LogActor:Warning: GameNetworkManager /Game/Hotel/Levels/UEDPIE_0_Prototype.Prototype:PersistentLevel.GameNetworkManager_1 has natively added scene component(s), but none of them were set as the actor's RootComponent - picking one arbitrarily
[2016.02.27-18.13.48:391][572]LogWorld: Bringing up level for play took: 0.008566
[2016.02.27-18.13.51:775][972]LogBlueprintUserMessages: Early EndPlayMap Detection: Level '/Game/Hotel/Levels/Menu.Menu:PersistentLevel' has LevelScriptBlueprint '/Game/Hotel/Levels/Menu.Menu:PersistentLevel.Menu' with GeneratedClass '/Game/Hotel/Levels/Menu.Menu_C' with ClassGeneratedBy '/Game/Hotel/Levels/Menu.Menu:PersistentLevel.Menu'
[2016.02.27-18.14.03:598][972]LogBlueprintUserMessages: Late EndPlayMap Detection: Level '/Game/Hotel/Levels/Menu.Menu:PersistentLevel' has LevelScriptBlueprint '/Game/Hotel/Levels/Menu.Menu:PersistentLevel.Menu' with GeneratedClass '/Game/Hotel/Levels/Menu.Menu_C' with ClassGeneratedBy '/Game/Hotel/Levels/Menu.Menu:PersistentLevel.Menu'
[2016.02.27-18.14.03:631][972]LogParticles: Destroying 0 GPU particle simulations for FXSystem 0x000001292BB4B2E0
[2016.02.27-18.14.46:258][927]LogParticles: Destroying 0 GPU particle simulations for FXSystem 0x000001291D916CA0
[2016.02.27-18.14.46:258][927]LogParticles: Destroying 0 GPU particle simulations for FXSystem 0x000001291D916980
[2016.02.27-18.14.46:259][927]LogParticles: Destroying 0 GPU particle simulations for FXSystem 0x00000129395F8360
[2016.02.27-18.14.46:287][927]Cmd: OBJ SAVEPACKAGE PACKAGE="/Game/Hotel/Blueprints/Widgets/PauseMenu" FILE="../../../../../../My Media/UCF Documents/DIG 4725-2/HotelBete/Content/Hotel/Blueprints/Widgets/PauseMenu.uasset" SILENT=true
[2016.02.27-18.14.46:376][927]LogSavePackage: Save=58.443851ms
[2016.02.27-18.14.46:376][927]LogSavePackage: Moving '../../../../../../My Media/UCF Documents/DIG 4725-2/HotelBete/Saved/PauseMenu10F025824C36E5236801D685C54FF493.tmp' to '../../../../../../My Media/UCF Documents/DIG 4725-2/HotelBete/Content/Hotel/Blueprints/Widgets/PauseMenu.uasset'
[2016.02.27-18.14.46:378][927]LogSavePackage: Total save time: 90.462264ms
[2016.02.27-18.14.46:378][927]LogSavePackage:Display: Finished SavePackage ../../../../../../My Media/UCF Documents/DIG 4725-2/HotelBete/Content/Hotel/Blueprints/Widgets/PauseMenu.uasset
[2016.02.27-18.14.47:016][  4]BlueprintLog: New page: Compile PauseMenu
[2016.02.27-18.14.47:083][  4]BlueprintEditorCompileResults: Info [0406.04] Compile of PauseMenu successful! [in 67 ms]
[2016.02.27-18.14.56:344][115]LogEditorTransaction: Undo Move Node
[2016.02.27-18.15.06:541][306]LogEditorTransaction: Undo Move Node
[2016.02.27-18.15.14:654][245]Cmd: OBJ SAVEPACKAGE PACKAGE="/Game/Hotel/Blueprints/Widgets/PauseMenu" FILE="../../../../../../My Media/UCF Documents/DIG 4725-2/HotelBete/Content/Hotel/Blueprints/Widgets/PauseMenu.uasset" SILENT=true
[2016.02.27-18.15.14:712][245]LogSavePackage: Save=54.771004ms
[2016.02.27-18.15.14:712][245]LogSavePackage: Moving '../../../../../../My Media/UCF Documents/DIG 4725-2/HotelBete/Saved/PauseMenu7CA24091449B79D6AE3C2EA5EC8BB20F.tmp' to '../../../../../../My Media/UCF Documents/DIG 4725-2/HotelBete/Content/Hotel/Blueprints/Widgets/PauseMenu.uasset'
[2016.02.27-18.15.14:714][245]LogSavePackage: Total save time: 59.573438ms
[2016.02.27-18.15.14:714][245]LogSavePackage:Display: Finished SavePackage ../../../../../../My Media/UCF Documents/DIG 4725-2/HotelBete/Content/Hotel/Blueprints/Widgets/PauseMenu.uasset
[2016.02.27-18.15.15:477][337]BlueprintLog: New page: Compile PauseMenu
[2016.02.27-18.15.15:544][337]BlueprintEditorCompileResults: Info [0434.50] Compile of PauseMenu successful! [in 66 ms]
[2016.02.27-18.15.32:420][306]LogParticles: Destroying 0 GPU particle simulations for FXSystem 0x000001294CF5B6A0
[2016.02.27-18.15.32:437][306]LogParticles: Destroying 0 GPU particle simulations for FXSystem 0x000001294CF59580
[2016.02.27-18.15.32:454][306]Cmd: OBJ SAVEPACKAGE PACKAGE="/Game/Hotel/Blueprints/Player/Player" FILE="../../../../../../My Media/UCF Documents/DIG 4725-2/HotelBete/Content/Hotel/Blueprints/Player/Player.uasset" SILENT=true
[2016.02.27-18.15.32:716][306]LogSavePackage: Save=236.946075ms
[2016.02.27-18.15.32:716][306]LogSavePackage: Moving '../../../../../../My Media/UCF Documents/DIG 4725-2/HotelBete/Saved/PlayerD258962A4144002B6118A99FEA5B1FD0.tmp' to '../../../../../../My Media/UCF Documents/DIG 4725-2/HotelBete/Content/Hotel/Blueprints/Player/Player.uasset'
[2016.02.27-18.15.32:718][306]LogSavePackage: Total save time: 263.256073ms
[2016.02.27-18.15.32:718][306]LogSavePackage:Display: Finished SavePackage ../../../../../../My Media/UCF Documents/DIG 4725-2/HotelBete/Content/Hotel/Blueprints/Player/Player.uasset
[2016.02.27-18.15.33:099][352]BlueprintLog: New page: Compile Player
[2016.02.27-18.15.33:309][352]BlueprintEditorCompileResults: Info [0452.26] Compile of Player successful! [in 210 ms]
[2016.02.27-18.15.34:376][464]LogBlueprintUserMessages: Early PlayInEditor Detection: Level '/Game/Hotel/Levels/Menu.Menu:PersistentLevel' has LevelScriptBlueprint '/Game/Hotel/Levels/Menu.Menu:PersistentLevel.Menu' with GeneratedClass '/Game/Hotel/Levels/Menu.Menu_C' with ClassGeneratedBy '/Game/Hotel/Levels/Menu.Menu:PersistentLevel.Menu'
[2016.02.27-18.15.34:376][464]LogPlayLevel: PlayLevel: No blueprints needed recompiling
[2016.02.27-18.15.34:376][464]PIE: New page: PIE session: Menu (Feb 27, 2016, 8:15:34 AM)
[2016.02.27-18.15.34:376][464]LogPlayLevel: Creating play world package: /Game/Hotel/Levels/UEDPIE_0_Menu
[2016.02.27-18.15.34:377][464]LogPlayLevel: PIE: StaticDuplicateObject took: (0.001242s)
[2016.02.27-18.15.34:378][464]LogAIModule: Creating AISystem for world Menu
[2016.02.27-18.15.34:378][464]LogPlayLevel: PIE: World Init took: (0.000386s)
[2016.02.27-18.15.34:378][464]LogPlayLevel: PIE: Created PIE world by copying editor world from /Game/Hotel/Levels/Menu.Menu to /Game/Hotel/Levels/UEDPIE_0_Menu.Menu (0.001747s)
[2016.02.27-18.15.34:400][464]LogInit: XAudio2 using 'Speakers (2- High Definition Audio Device)' : 2 channels at 44.1 kHz using 16 bits per sample (channel mask 0x3)
[2016.02.27-18.15.34:406][464]LogInit: FAudioDevice initialized.
[2016.02.27-18.15.34:519][464]LogWorld: Game class is 'FirstPersonGameMode_C'
[2016.02.27-18.15.34:521][464]LogWorld: Bringing World /Game/Hotel/Levels/UEDPIE_0_Menu.Menu up for play (max tick rate 0) at 2016.02.27-13.15.34
[2016.02.27-18.15.34:521][464]LogActor:Warning: GameSession /Game/Hotel/Levels/UEDPIE_0_Menu.Menu:PersistentLevel.GameSession_2 has natively added scene component(s), but none of them were set as the actor's RootComponent - picking one arbitrarily
[2016.02.27-18.15.34:521][464]LogActor:Warning: GameNetworkManager /Game/Hotel/Levels/UEDPIE_0_Menu.Menu:PersistentLevel.GameNetworkManager_2 has natively added scene component(s), but none of them were set as the actor's RootComponent - picking one arbitrarily
[2016.02.27-18.15.34:521][464]LogWorld: Bringing up level for play took: 0.000676
[2016.02.27-18.15.34:521][464]LogGameMode: Warning - PATHS NOT DEFINED or NO PLAYERSTART with positive rating
[2016.02.27-18.15.34:563][464]PIE: Info Play in editor start time for /Game/Hotel/Levels/UEDPIE_0_Menu 0.24
[2016.02.27-18.15.34:563][464]LogBlueprintUserMessages: Late PlayInEditor Detection: Level '/Game/Hotel/Levels/Menu.Menu:PersistentLevel' has LevelScriptBlueprint '/Game/Hotel/Levels/Menu.Menu:PersistentLevel.Menu' with GeneratedClass '/Game/Hotel/Levels/Menu.Menu_C' with ClassGeneratedBy '/Game/Hotel/Levels/Menu.Menu:PersistentLevel.Menu'
[2016.02.27-18.15.35:412][561]LogPackageName: SearchForPackageOnDisk took   0.028s to resolve Prototype.umap.
[2016.02.27-18.15.35:440][562]LogPackageName: SearchForPackageOnDisk took   0.027s to resolve Prototype.umap.
[2016.02.27-18.15.35:440][562]LogNet: Browse: /Game/Hotel/Levels/Prototype
[2016.02.27-18.15.35:440][562]LogLoad: LoadMap: /Game/Hotel/Levels/Prototype
[2016.02.27-18.15.35:456][562]LogParticles: Destroying 0 GPU particle simulations for FXSystem 0x00000129221A40E0
[2016.02.27-18.15.35:458][562]Cmd: MEM
[2016.02.27-18.15.35:474][562]LogMemory: Platform Memory Stats for Windows
[2016.02.27-18.15.35:474][562]LogMemory: Process Physical Memory: 1357.55 MB used, 1507.02 MB peak
[2016.02.27-18.15.35:474][562]LogMemory: Process Virtual Memory: 2215.17 MB used, 2342.78 MB peak
[2016.02.27-18.15.35:474][562]LogMemory: Physical Memory: 6040.98 MB used, 16322.88 MB total
[2016.02.27-18.15.35:474][562]LogMemory: Virtual Memory: 2969.18 MB used, 134217728.00 MB total
[2016.02.27-18.15.35:474][562]LogMemory: 
[2016.02.27-18.15.35:474][562]Allocator Stats for TBB: (not implemented)
[2016.02.27-18.15.35:825][562]LogAIModule: Creating AISystem for world Prototype
[2016.02.27-18.15.35:825][562]LogWorld: Game class is 'FirstPersonGameMode_C'
[2016.02.27-18.15.35:833][562]LogWorld: Bringing World /Game/Hotel/Levels/UEDPIE_0_Prototype.Prototype up for play (max tick rate 0) at 2016.02.27-13.15.35
[2016.02.27-18.15.35:833][562]LogActor:Warning: GameSession /Game/Hotel/Levels/UEDPIE_0_Prototype.Prototype:PersistentLevel.GameSession_3 has natively added scene component(s), but none of them were set as the actor's RootComponent - picking one arbitrarily
[2016.02.27-18.15.35:833][562]LogActor:Warning: GameNetworkManager /Game/Hotel/Levels/UEDPIE_0_Prototype.Prototype:PersistentLevel.GameNetworkManager_3 has natively added scene component(s), but none of them were set as the actor's RootComponent - picking one arbitrarily
[2016.02.27-18.15.35:833][562]LogWorld: Bringing up level for play took: 0.007095
[2016.02.27-18.15.43:725][505]LogBlueprintUserMessages: [PauseMenu_C_1] Controls
[2016.02.27-18.15.45:285][689]LogPackageName: SearchForPackageOnDisk took   0.026s to resolve Menu.umap.
[2016.02.27-18.15.45:311][690]LogPackageName: SearchForPackageOnDisk took   0.026s to resolve Menu.umap.
[2016.02.27-18.15.45:311][690]LogNet: Browse: /Game/Hotel/Levels/Menu
[2016.02.27-18.15.45:312][690]LogLoad: LoadMap: /Game/Hotel/Levels/Menu
[2016.02.27-18.15.45:350][690]LogParticles: Destroying 0 GPU particle simulations for FXSystem 0x000001294A9F44A0
[2016.02.27-18.15.45:350][690]Cmd: MEM
[2016.02.27-18.15.45:367][690]LogMemory: Platform Memory Stats for Windows
[2016.02.27-18.15.45:367][690]LogMemory: Process Physical Memory: 1389.44 MB used, 1567.97 MB peak
[2016.02.27-18.15.45:367][690]LogMemory: Process Virtual Memory: 2164.80 MB used, 2434.26 MB peak
[2016.02.27-18.15.45:367][690]LogMemory: Physical Memory: 6078.23 MB used, 16322.88 MB total
[2016.02.27-18.15.45:367][690]LogMemory: Virtual Memory: 2967.30 MB used, 134217728.00 MB total
[2016.02.27-18.15.45:367][690]LogMemory: 
[2016.02.27-18.15.45:367][690]Allocator Stats for TBB: (not implemented)
[2016.02.27-18.15.45:367][690]LogPlayLevel: Creating play world package: /Game/Hotel/Levels/UEDPIE_0_Menu
[2016.02.27-18.15.45:369][690]LogPlayLevel: PIE: StaticDuplicateObject took: (0.001297s)
[2016.02.27-18.15.45:369][690]LogAIModule: Creating AISystem for world Menu
[2016.02.27-18.15.45:369][690]LogPlayLevel: PIE: World Init took: (0.000365s)
[2016.02.27-18.15.45:369][690]LogPlayLevel: PIE: Created PIE world by copying editor world from /Game/Hotel/Levels/Menu.Menu to /Game/Hotel/Levels/UEDPIE_0_Menu.Menu (0.001790s)
[2016.02.27-18.15.45:369][690]LogWorld: Game class is 'FirstPersonGameMode_C'
[2016.02.27-18.15.45:370][690]LogWorld: Bringing World /Game/Hotel/Levels/UEDPIE_0_Menu.Menu up for play (max tick rate 0) at 2016.02.27-13.15.45
[2016.02.27-18.15.45:370][690]LogActor:Warning: GameSession /Game/Hotel/Levels/UEDPIE_0_Menu.Menu:PersistentLevel.GameSession_4 has natively added scene component(s), but none of them were set as the actor's RootComponent - picking one arbitrarily
[2016.02.27-18.15.45:370][690]LogActor:Warning: GameNetworkManager /Game/Hotel/Levels/UEDPIE_0_Menu.Menu:PersistentLevel.GameNetworkManager_4 has natively added scene component(s), but none of them were set as the actor's RootComponent - picking one arbitrarily
[2016.02.27-18.15.45:370][690]LogWorld: Bringing up level for play took: 0.000579
[2016.02.27-18.15.45:370][690]LogGameMode: Warning - PATHS NOT DEFINED or NO PLAYERSTART with positive rating
[2016.02.27-18.15.47:827][985]LogBlueprintUserMessages: Early EndPlayMap Detection: Level '/Game/Hotel/Levels/Menu.Menu:PersistentLevel' has LevelScriptBlueprint '/Game/Hotel/Levels/Menu.Menu:PersistentLevel.Menu' with GeneratedClass '/Game/Hotel/Levels/Menu.Menu_C' with ClassGeneratedBy '/Game/Hotel/Levels/Menu.Menu:PersistentLevel.Menu'
[2016.02.27-18.15.47:864][985]LogBlueprintUserMessages: Late EndPlayMap Detection: Level '/Game/Hotel/Levels/Menu.Menu:PersistentLevel' has LevelScriptBlueprint '/Game/Hotel/Levels/Menu.Menu:PersistentLevel.Menu' with GeneratedClass '/Game/Hotel/Levels/Menu.Menu_C' with ClassGeneratedBy '/Game/Hotel/Levels/Menu.Menu:PersistentLevel.Menu'
[2016.02.27-18.15.47:889][986]LogParticles: Destroying 0 GPU particle simulations for FXSystem 0x000001294CF59440
[2016.02.27-18.16.18:937][644]Cmd: OBJ SAVEPACKAGE PACKAGE="/Game/Hotel/Blueprints/Player/Player" FILE="../../../../../../My Media/UCF Documents/DIG 4725-2/HotelBete/Content/Hotel/Blueprints/Player/Player.uasset" SILENT=true
[2016.02.27-18.16.19:147][644]LogSavePackage: Save=205.140488ms
[2016.02.27-18.16.19:147][644]LogSavePackage: Moving '../../../../../../My Media/UCF Documents/DIG 4725-2/HotelBete/Saved/Player91B7BBD148D823A445DDC9AF0B799E7A.tmp' to '../../../../../../My Media/UCF Documents/DIG 4725-2/HotelBete/Content/Hotel/Blueprints/Player/Player.uasset'
[2016.02.27-18.16.19:149][644]LogSavePackage: Total save time: 212.032437ms
[2016.02.27-18.16.19:149][644]LogSavePackage:Display: Finished SavePackage ../../../../../../My Media/UCF Documents/DIG 4725-2/HotelBete/Content/Hotel/Blueprints/Player/Player.uasset
[2016.02.27-18.16.20:043][751]BlueprintLog: New page: Compile Player
[2016.02.27-18.16.20:248][751]BlueprintEditorCompileResults: Info [0499.20] Compile of Player successful! [in 204 ms]
[2016.02.27-18.17.46:168][367]Cmd: CLOSE_SLATE_MAINFRAME
[2016.02.27-18.17.46:449][368]Cmd: QUIT_EDITOR
[2016.02.27-18.17.46:984][368]LogWindowsTextInputMethodSystem:Display: IME system now deactivated.
[2016.02.27-18.17.47:023][368]LogExit: Preparing to exit.
[2016.02.27-18.17.48:053][368]LogExit: Editor shut down
[2016.02.27-18.17.48:053][368]LogExit: Transaction tracking system shut down
[2016.02.27-18.17.48:056][368]LogParticles: Destroying 0 GPU particle simulations for FXSystem 0x000001290772B920
[2016.02.27-18.17.48:056][368]LogParticles: Destroying 0 GPU particle simulations for FXSystem 0x000001291AC5F880
[2016.02.27-18.17.48:056][368]LogParticles: Destroying 0 GPU particle simulations for FXSystem 0x0000012928C742C0
[2016.02.27-18.17.48:059][368]LogParticles: Destroying 0 GPU particle simulations for FXSystem 0x0000012945DA9EE0
[2016.02.27-18.17.48:060][368]LogParticles: Destroying 0 GPU particle simulations for FXSystem 0x000001294B60FE20
[2016.02.27-18.17.48:201][368]LogExit: Object subsystem successfully closed.
[2016.02.27-18.17.48:210][368]LogD3D11RHI: Shutdown
[2016.02.27-18.17.48:210][368]LogD3D11RHI: CleanupD3DDevice
[2016.02.27-18.17.48:240][368]LogD3D11RHI: ~FD3D11DynamicRHI
[2016.02.27-18.17.48:248][368]LogModuleManager: Shutting down and abandoning module ExternalImagePicker (204)
[2016.02.27-18.17.48:248][368]LogModuleManager: Shutting down and abandoning module CookingStats (203)
[2016.02.27-18.17.48:248][368]LogModuleManager: Shutting down and abandoning module SequencerWidgets (202)
[2016.02.27-18.17.48:248][368]LogModuleManager: Shutting down and abandoning module BlueprintGraph (201)
[2016.02.27-18.17.48:248][368]LogModuleManager: Shutting down and abandoning module CrashTracker (200)
[2016.02.27-18.17.48:248][368]LogModuleManager: Shutting down and abandoning module SceneOutliner (199)
[2016.02.27-18.17.48:248][368]LogModuleManager: Shutting down and abandoning module SuperSearch (198)
[2016.02.27-18.17.48:249][368]LogModuleManager: Shutting down and abandoning module WidgetCarousel (197)
[2016.02.27-18.17.48:249][368]LogModuleManager: Shutting down and abandoning module AddContentDialog (196)
[2016.02.27-18.17.48:249][368]LogModuleManager: Shutting down and abandoning module EditorWidgets (195)
[2016.02.27-18.17.48:249][368]LogModuleManager: Shutting down and abandoning module CollectionManager (194)
[2016.02.27-18.17.48:249][368]LogModuleManager: Shutting down and abandoning module StatsViewer (193)
[2016.02.27-18.17.48:249][368]LogModuleManager: Shutting down and abandoning module FoliageEdit (192)
[2016.02.27-18.17.48:249][368]LogModuleManager: Shutting down and abandoning module LandscapeEditor (191)
[2016.02.27-18.17.48:249][368]LogModuleManager: Shutting down and abandoning module ActorPickerMode (190)
[2016.02.27-18.17.48:249][368]LogModuleManager: Shutting down and abandoning module GeometryMode (189)
[2016.02.27-18.17.48:249][368]LogModuleManager: Shutting down and abandoning module TextureAlignMode (188)
[2016.02.27-18.17.48:249][368]LogModuleManager: Shutting down and abandoning module BspMode (187)
[2016.02.27-18.17.48:249][368]LogModuleManager: Shutting down and abandoning module PlacementMode (186)
[2016.02.27-18.17.48:250][368]LogModuleManager: Shutting down and abandoning module AutomationWorker (185)
[2016.02.27-18.17.48:250][368]LogModuleManager: Shutting down and abandoning module CharacterAI (184)
[2016.02.27-18.17.48:250][368]LogModuleManager: Shutting down and abandoning module SmartSnapping (183)
[2016.02.27-18.17.48:250][368]LogModuleManager: Shutting down and abandoning module ViewportSnapping (182)
[2016.02.27-18.17.48:250][368]LogModuleManager: Shutting down and abandoning module LogVisualizer (181)
[2016.02.27-18.17.48:250][368]LogModuleManager: Shutting down and abandoning module GameProjectGeneration (180)
[2016.02.27-18.17.48:250][368]LogModuleManager: Shutting down and abandoning module IntroTutorials (179)
[2016.02.27-18.17.48:250][368]LogModuleManager: Shutting down and abandoning module EditorLiveStreaming (178)
[2016.02.27-18.17.48:250][368]LogModuleManager: Shutting down and abandoning module IOSPlatformEditor (177)
[2016.02.27-18.17.48:250][368]LogModuleManager: Shutting down and abandoning module HTML5PlatformEditor (176)
[2016.02.27-18.17.48:250][368]LogModuleManager: Shutting down and abandoning module AndroidDeviceDetection (175)
[2016.02.27-18.17.48:513][368]LogModuleManager: Shutting down and abandoning module AndroidPlatformEditor (174)
[2016.02.27-18.17.48:513][368]LogModuleManager: Shutting down and abandoning module IOSRuntimeSettings (173)
[2016.02.27-18.17.48:513][368]LogModuleManager: Shutting down and abandoning module AndroidRuntimeSettings (172)
[2016.02.27-18.17.48:513][368]LogModuleManager: Shutting down and abandoning module MergeActors (171)
[2016.02.27-18.17.48:513][368]LogModuleManager: Shutting down and abandoning module SizeMap (170)
[2016.02.27-18.17.48:513][368]LogModuleManager: Shutting down and abandoning module TreeMap (169)
[2016.02.27-18.17.48:513][368]LogModuleManager: Shutting down and abandoning module ReferenceViewer (168)
[2016.02.27-18.17.48:513][368]LogModuleManager: Shutting down and abandoning module LocalizationService (167)
[2016.02.27-18.17.48:513][368]LogModuleManager: Shutting down and abandoning module LocalizationDashboard (166)
[2016.02.27-18.17.48:513][368]LogModuleManager: Shutting down and abandoning module HardwareTargeting (165)
[2016.02.27-18.17.48:513][368]LogModuleManager: Shutting down and abandoning module DeviceProfileEditor (164)
[2016.02.27-18.17.48:513][368]LogModuleManager: Shutting down and abandoning module UndoHistory (163)
[2016.02.27-18.17.48:513][368]LogModuleManager: Shutting down and abandoning module GameplayTagsEditor (162)
[2016.02.27-18.17.48:513][368]LogModuleManager: Shutting down and abandoning module UserFeedback (161)
[2016.02.27-18.17.48:513][368]LogModuleManager: Shutting down and abandoning module XmlParser (160)
[2016.02.27-18.17.48:513][368]LogModuleManager: Shutting down and abandoning module Blutility (159)
[2016.02.27-18.17.48:513][368]LogModuleManager: Shutting down and abandoning module ProjectTargetPlatformEditor (158)
[2016.02.27-18.17.48:513][368]LogModuleManager: Shutting down and abandoning module ProjectSettingsViewer (157)
[2016.02.27-18.17.48:513][368]LogModuleManager: Shutting down and abandoning module InputBindingEditor (156)
[2016.02.27-18.17.48:513][368]LogModuleManager: Shutting down and abandoning module EditorSettingsViewer (155)
[2016.02.27-18.17.48:513][368]LogModuleManager: Shutting down and abandoning module SettingsEditor (154)
[2016.02.27-18.17.48:513][368]LogModuleManager: Shutting down and abandoning module ProjectLauncher (153)
[2016.02.27-18.17.48:513][368]LogModuleManager: Shutting down and abandoning module SessionFrontend (152)
[2016.02.27-18.17.48:513][368]LogModuleManager: Shutting down and abandoning module ProfilerClient (151)
[2016.02.27-18.17.48:513][368]LogModuleManager: Shutting down and abandoning module TargetDeviceServices (150)
[2016.02.27-18.17.48:513][368]LogModuleManager: Shutting down and abandoning module DeviceManager (149)
[2016.02.27-18.17.48:513][368]LogModuleManager: Shutting down and abandoning module AutomationController (148)
[2016.02.27-18.17.48:513][368]LogModuleManager: Shutting down and abandoning module AutomationWindow (147)
[2016.02.27-18.17.48:513][368]LogModuleManager: Shutting down and abandoning module Layers (146)
[2016.02.27-18.17.48:513][368]LogModuleManager: Shutting down and abandoning module ComponentVisualizers (145)
[2016.02.27-18.17.48:513][368]LogModuleManager: Shutting down and abandoning module DetailCustomizations (144)
[2016.02.27-18.17.48:513][368]LogModuleManager: Shutting down and abandoning module PackagesDialog (143)
[2016.02.27-18.17.48:513][368]LogModuleManager: Shutting down and abandoning module Persona (142)
[2016.02.27-18.17.48:513][368]LogModuleManager: Shutting down and abandoning module Kismet (141)
[2016.02.27-18.17.48:513][368]LogModuleManager: Shutting down and abandoning module GraphEditor (140)
[2016.02.27-18.17.48:514][368]LogModuleManager: Shutting down and abandoning module ClassViewer (139)
[2016.02.27-18.17.48:514][368]LogModuleManager: Shutting down and abandoning module Toolbox (138)
[2016.02.27-18.17.48:514][368]LogModuleManager: Shutting down and abandoning module ModuleUI (137)
[2016.02.27-18.17.48:514][368]LogModuleManager: Shutting down and abandoning module MovieSceneTools (136)
[2016.02.27-18.17.48:514][368]LogModuleManager: Shutting down and abandoning module OutputLog (135)
[2016.02.27-18.17.48:514][368]LogModuleManager: Shutting down and abandoning module GammaUI (134)
[2016.02.27-18.17.48:514][368]LogModuleManager: Shutting down and abandoning module Documentation (133)
[2016.02.27-18.17.48:514][368]LogModuleManager: Shutting down and abandoning module GameLiveStreaming (132)
[2016.02.27-18.17.48:514][368]LogModuleManager: Shutting down and abandoning module StreamingPauseRendering (131)
[2016.02.27-18.17.48:514][368]LogModuleManager: Shutting down and abandoning module AnalyticsET (130)
[2016.02.27-18.17.48:514][368]LogModuleManager: Shutting down and abandoning module Analytics (129)
[2016.02.27-18.17.48:514][368]LogModuleManager: Shutting down and abandoning module AITestSuite (128)
[2016.02.27-18.17.48:514][368]LogModuleManager: Shutting down and abandoning module GameplayDebugger (127)
[2016.02.27-18.17.48:514][368]LogModuleManager: Shutting down and abandoning module AIModule (126)
[2016.02.27-18.17.48:514][368]LogModuleManager: Shutting down and abandoning module ProfilerService (125)
[2016.02.27-18.17.48:608][368]LogModuleManager: Shutting down and abandoning module TaskGraph (124)
[2016.02.27-18.17.48:608][368]LogModuleManager: Shutting down and abandoning module SubstanceEditor (123)
[2016.02.27-18.17.48:608][368]LogModuleManager: Shutting down and abandoning module SlateRemote (122)
[2016.02.27-18.17.48:608][368]LogModuleManager: Shutting down and abandoning module SteamVRController (121)
[2016.02.27-18.17.48:608][368]LogModuleManager: Shutting down and abandoning module SteamVR (120)
[2016.02.27-18.17.48:608][368]LogModuleManager: Shutting down and abandoning module ProceduralMeshComponent (119)
[2016.02.27-18.17.48:608][368]LogModuleManager: Shutting down and abandoning module OculusLibrary (118)
[2016.02.27-18.17.48:608][368]LogModuleManager: Shutting down and abandoning module OculusInput (117)
[2016.02.27-18.17.48:608][368]LogModuleManager: Shutting down and abandoning module LeapMotionController (116)
[2016.02.27-18.17.48:623][368]LogModuleManager: Shutting down and abandoning module CustomMeshComponent (115)
[2016.02.27-18.17.48:623][368]LogModuleManager: Shutting down and abandoning module CableComponent (114)
[2016.02.27-18.17.48:623][368]LogModuleManager: Shutting down and abandoning module ArchVisCharacter (113)
[2016.02.27-18.17.48:623][368]LogModuleManager: Shutting down and abandoning module MessagingDebugger (112)
[2016.02.27-18.17.48:623][368]LogModuleManager: Shutting down and abandoning module MediaPlayerEditor (111)
[2016.02.27-18.17.48:623][368]LogModuleManager: Shutting down and abandoning module HTML5Networking (110)
[2016.02.27-18.17.48:623][368]LogModuleManager: Shutting down and abandoning module SpeedTreeImporter (109)
[2016.02.27-18.17.48:623][368]LogModuleManager: Shutting down and abandoning module PluginBrowser (108)
[2016.02.27-18.17.48:623][368]LogModuleManager: Shutting down and abandoning module EpicSurvey (107)
[2016.02.27-18.17.48:623][368]LogModuleManager: Shutting down and abandoning module DesktopPlatform (106)
[2016.02.27-18.17.48:623][368]LogModuleManager: Shutting down and abandoning module VisualStudioSourceCodeAccess (105)
[2016.02.27-18.17.48:623][368]LogModuleManager: Shutting down and abandoning module UObjectPlugin (104)
[2016.02.27-18.17.48:623][368]LogModuleManager: Shutting down and abandoning module SubversionSourceControl (103)
[2016.02.27-18.17.48:623][368]LogModuleManager: Shutting down and abandoning module PerforceSourceControl (102)
[2016.02.27-18.17.48:623][368]LogModuleManager: Shutting down and abandoning module SourceControl (101)
[2016.02.27-18.17.48:623][368]LogModuleManager: Shutting down and abandoning module GitSourceControl (100)
[2016.02.27-18.17.48:623][368]LogModuleManager: Shutting down and abandoning module LightPropagationVolumeEditor (99)
[2016.02.27-18.17.48:623][368]LogModuleManager: Shutting down and abandoning module PaperTiledImporter (98)
[2016.02.27-18.17.48:623][368]LogModuleManager: Shutting down and abandoning module PaperSpriteSheetImporter (97)
[2016.02.27-18.17.48:623][368]LogModuleManager: Shutting down and abandoning module MeshPaint (96)
[2016.02.27-18.17.48:623][368]LogModuleManager: Shutting down and abandoning module SlateReflector (95)
[2016.02.27-18.17.48:623][368]LogModuleManager: Shutting down and abandoning module HotReload (94)
[2016.02.27-18.17.48:623][368]LogModuleManager: Shutting down and abandoning module MainFrame (93)
[2016.02.27-18.17.48:623][368]LogModuleManager: Shutting down and abandoning module LevelEditor (92)
[2016.02.27-18.17.48:624][368]LogModuleManager: Shutting down and abandoning module ContentBrowser (91)
[2016.02.27-18.17.48:624][368]LogModuleManager: Shutting down and abandoning module Paper2DEditor (90)
[2016.02.27-18.17.48:624][368]LogModuleManager: Shutting down and abandoning module UdpMessaging (89)
[2016.02.27-18.17.48:725][368]LogModuleManager: Shutting down and abandoning module DirectoryWatcher (88)
[2016.02.27-18.17.48:725][368]LogModuleManager: Shutting down and abandoning module AssetRegistry (87)
[2016.02.27-18.17.48:782][368]LogModuleManager: Shutting down and abandoning module SubstanceCore (86)
[2016.02.27-18.17.48:782][368]LogModuleManager: Shutting down and abandoning module LightPropagationVolumeRuntime (85)
[2016.02.27-18.17.48:782][368]LogModuleManager: Shutting down and abandoning module Paper2D (84)
[2016.02.27-18.17.48:782][368]LogModuleManager: Shutting down and abandoning module WindowsMoviePlayer (83)
[2016.02.27-18.17.48:784][368]LogModuleManager: Shutting down and abandoning module Media (82)
[2016.02.27-18.17.48:784][368]LogModuleManager: Shutting down and abandoning module WmfMedia (81)
[2016.02.27-18.17.48:784][368]LogModuleManager: Shutting down and abandoning module OnlineBlueprintSupport (80)
[2016.02.27-18.17.48:784][368]LogModuleManager: Shutting down and abandoning module GameplayTasksEditor (79)
[2016.02.27-18.17.48:784][368]LogModuleManager: Shutting down and abandoning module PropertyEditor (78)
[2016.02.27-18.17.48:784][368]LogModuleManager: Shutting down and abandoning module BehaviorTreeEditor (77)
[2016.02.27-18.17.48:784][368]LogModuleManager: Shutting down and abandoning module FunctionalTesting (76)
[2016.02.27-18.17.48:784][368]LogModuleManager: Shutting down and abandoning module CollisionAnalyzer (75)
[2016.02.27-18.17.48:784][368]LogModuleManager: Shutting down and abandoning module WorkspaceMenuStructure (74)
[2016.02.27-18.17.48:784][368]LogModuleManager: Shutting down and abandoning module MessageLog (73)
[2016.02.27-18.17.48:784][368]LogModuleManager: Shutting down and abandoning module Sequencer (72)
[2016.02.27-18.17.48:785][368]LogModuleManager: Shutting down and abandoning module AssetTools (71)
[2016.02.27-18.17.48:785][368]LogModuleManager: Shutting down and abandoning module UMGEditor (70)
[2016.02.27-18.17.48:785][368]LogModuleManager: Shutting down and abandoning module UMG (69)
[2016.02.27-18.17.48:785][368]LogModuleManager: Shutting down and abandoning module Slate (68)
[2016.02.27-18.17.48:785][368]LogModuleManager: Shutting down and abandoning module EditorStyle (67)
[2016.02.27-18.17.48:786][368]LogModuleManager: Shutting down and abandoning module SessionServices (66)
[2016.02.27-18.17.48:786][368]LogModuleManager: Shutting down and abandoning module SourceCodeAccess (65)
[2016.02.27-18.17.48:786][368]LogModuleManager: Shutting down and abandoning module HeadMountedDisplay (64)
[2016.02.27-18.17.48:786][368]LogModuleManager: Shutting down and abandoning module XAudio2 (63)
[2016.02.27-18.17.48:786][368]LogModuleManager: Shutting down and abandoning module Networking (61)
[2016.02.27-18.17.48:786][368]LogModuleManager: Shutting down and abandoning module Core (60)
[2016.02.27-18.17.48:786][368]LogModuleManager: Shutting down and abandoning module KismetCompiler (59)
[2016.02.27-18.17.48:786][368]LogModuleManager: Shutting down and abandoning module PhysXFormats (58)
[2016.02.27-18.17.48:786][368]LogModuleManager: Shutting down and abandoning module MeshUtilities (57)
[2016.02.27-18.17.48:786][368]LogModuleManager: Shutting down and abandoning module DerivedDataCache (56)
[2016.02.27-18.17.48:796][368]LogDerivedDataCache: Shutdown
[2016.02.27-18.17.48:796][368]LogModuleManager: Shutting down and abandoning module ShaderFormatOpenGL (55)
[2016.02.27-18.17.48:796][368]LogModuleManager: Shutting down and abandoning module ShaderFormatD3D (54)
[2016.02.27-18.17.48:796][368]LogModuleManager: Shutting down and abandoning module MetalShaderFormat (53)
[2016.02.27-18.17.48:796][368]LogModuleManager: Shutting down and abandoning module TextureFormatUncompressed (52)
[2016.02.27-18.17.48:796][368]LogModuleManager: Shutting down and abandoning module TextureFormatPVR (51)
[2016.02.27-18.17.48:796][368]LogModuleManager: Shutting down and abandoning module TextureFormatIntelISPCTexComp (50)
[2016.02.27-18.17.48:796][368]LogModuleManager: Shutting down and abandoning module TextureFormatDXT (49)
[2016.02.27-18.17.48:796][368]LogModuleManager: Shutting down and abandoning module ImageWrapper (48)
[2016.02.27-18.17.48:796][368]LogModuleManager: Shutting down and abandoning module TextureFormatASTC (47)
[2016.02.27-18.17.48:796][368]LogModuleManager: Shutting down and abandoning module TextureFormatAndroid (46)
[2016.02.27-18.17.48:796][368]LogModuleManager: Shutting down and abandoning module AudioFormatOpus (45)
[2016.02.27-18.17.48:796][368]LogModuleManager: Shutting down and abandoning module AudioFormatOgg (44)
[2016.02.27-18.17.48:796][368]LogModuleManager: Shutting down and abandoning module AudioFormatADPCM (43)
[2016.02.27-18.17.48:796][368]LogModuleManager: Shutting down and abandoning module LinuxTargetPlatform (42)
[2016.02.27-18.17.48:796][368]LogModuleManager: Shutting down and abandoning module LinuxServerTargetPlatform (41)
[2016.02.27-18.17.48:796][368]LogModuleManager: Shutting down and abandoning module LinuxNoEditorTargetPlatform (40)
[2016.02.27-18.17.48:796][368]LogModuleManager: Shutting down and abandoning module Messaging (39)
[2016.02.27-18.17.48:796][368]LogModuleManager: Shutting down and abandoning module IOSTargetPlatform (38)
[2016.02.27-18.17.48:796][368]LogModuleManager: Shutting down and abandoning module HTML5TargetPlatform (37)
[2016.02.27-18.17.48:796][368]LogModuleManager: Shutting down and abandoning module Android_PVRTCTargetPlatform (36)
[2016.02.27-18.17.48:796][368]LogModuleManager: Shutting down and abandoning module Android_MultiTargetPlatform (35)
[2016.02.27-18.17.48:796][368]LogModuleManager: Shutting down and abandoning module Android_ETC2TargetPlatform (34)
[2016.02.27-18.17.48:796][368]LogModuleManager: Shutting down and abandoning module Android_ETC1TargetPlatform (33)
[2016.02.27-18.17.48:796][368]LogModuleManager: Shutting down and abandoning module Android_DXTTargetPlatform (32)
[2016.02.27-18.17.48:796][368]LogModuleManager: Shutting down and abandoning module Android_ATCTargetPlatform (31)
[2016.02.27-18.17.48:796][368]LogModuleManager: Shutting down and abandoning module Android_ASTCTargetPlatform (30)
[2016.02.27-18.17.48:796][368]LogModuleManager: Shutting down and abandoning module AndroidTargetPlatform (29)
[2016.02.27-18.17.48:796][368]LogModuleManager: Shutting down and abandoning module WindowsTargetPlatform (28)
[2016.02.27-18.17.48:796][368]LogModuleManager: Shutting down and abandoning module WindowsServerTargetPlatform (27)
[2016.02.27-18.17.48:796][368]LogModuleManager: Shutting down and abandoning module WindowsNoEditorTargetPlatform (26)
[2016.02.27-18.17.48:796][368]LogModuleManager: Shutting down and abandoning module WindowsClientTargetPlatform (25)
[2016.02.27-18.17.48:796][368]LogModuleManager: Shutting down and abandoning module AllDesktopTargetPlatform (24)
[2016.02.27-18.17.48:796][368]LogModuleManager: Shutting down and abandoning module TargetPlatform (23)
[2016.02.27-18.17.48:796][368]LogModuleManager: Shutting down and abandoning module InputCore (22)
[2016.02.27-18.17.48:796][368]LogModuleManager: Shutting down and abandoning module Settings (21)
[2016.02.27-18.17.48:796][368]LogModuleManager: Shutting down and abandoning module OnlineSubsystem (19)
[2016.02.27-18.17.48:796][368]LogModuleManager: Shutting down and abandoning module HTTP (18)
[2016.02.27-18.17.49:798][368]LogModuleManager: Shutting down and abandoning module XMPP (17)
[2016.02.27-18.17.49:798][368]LogModuleManager: Shutting down and abandoning module OculusRift (16)
[2016.02.27-18.17.49:798][368]LogModuleManager: Shutting down and abandoning module ExampleDeviceProfileSelector (15)
[2016.02.27-18.17.49:798][368]LogModuleManager: Shutting down and abandoning module TextureCompressor (14)
[2016.02.27-18.17.49:798][368]LogModuleManager: Shutting down and abandoning module ShaderCore (13)
[2016.02.27-18.17.49:798][368]LogModuleManager: Shutting down and abandoning module Landscape (12)
[2016.02.27-18.17.49:798][368]LogModuleManager: Shutting down and abandoning module SlateRHIRenderer (11)
[2016.02.27-18.17.49:800][368]LogModuleManager: Shutting down and abandoning module OpenGLDrv (10)
[2016.02.27-18.17.49:800][368]LogModuleManager: Shutting down and abandoning module D3D11RHI (9)
[2016.02.27-18.17.49:800][368]LogModuleManager: Shutting down and abandoning module AnimGraphRuntime (8)
[2016.02.27-18.17.49:800][368]LogModuleManager: Shutting down and abandoning module Renderer (7)
[2016.02.27-18.17.49:800][368]LogModuleManager: Shutting down and abandoning module Engine (6)
[2016.02.27-18.17.49:800][368]LogModuleManager: Shutting down and abandoning module CoreUObject (5)
[2016.02.27-18.17.49:800][368]LogModuleManager: Shutting down and abandoning module NetworkFile (4)
[2016.02.27-18.17.49:800][368]LogModuleManager: Shutting down and abandoning module StreamingFile (3)
[2016.02.27-18.17.49:800][368]LogModuleManager: Shutting down and abandoning module SandboxFile (2)
[2016.02.27-18.17.49:800][368]LogModuleManager: Shutting down and abandoning module PakFile (1)
[2016.02.27-18.17.49:802][368]LogExit: Exiting.
[2016.02.27-18.17.49:803][368]Log file closed, 02/27/16 13:17:49
