[2016.05.01-17.10.43:353][  0]Log file open, 05/01/16 13:10:43
[2016.05.01-17.10.43:353][  0]LogInit:Display: Running engine for game: Hotel
[2016.05.01-17.10.43:353][  0]LogPlatformFile: Not using cached read wrapper
[2016.05.01-17.10.43:353][  0]LogInit:Display: RandInit(-1932884401) SRandInit(-1932884401).
[2016.05.01-17.10.43:353][  0]LogTaskGraph: Started task graph with 4 named threads and 7 total threads.
[2016.05.01-17.10.43:353][  0]LogStats: Stats thread started at 0.069936
[2016.05.01-17.10.43:353][  0]LogInit: Version: 4.10.4-2872498+++depot+UE4-Releases+4.10
[2016.05.01-17.10.43:353][  0]LogInit: API Version: 2758231
[2016.05.01-17.10.43:353][  0]LogInit: Compiled (64-bit): Feb 18 2016 15:47:04
[2016.05.01-17.10.43:353][  0]LogInit: Compiled with Visual C++: 19.00.23026.00
[2016.05.01-17.10.43:353][  0]LogInit: Build Configuration: Development
[2016.05.01-17.10.43:353][  0]LogInit: Branch Name: ++depot+UE4-Releases+4.10
[2016.05.01-17.10.43:353][  0]LogInit: Command line:  
[2016.05.01-17.10.43:353][  0]LogInit: Base directory: C:/Program Files (x86)/Epic Games/4.10/Engine/Binaries/Win64/
[2016.05.01-17.10.43:353][  0]LogInit: Rocket: 1
[2016.05.01-17.10.43:363][  0]LogInit: Using libcurl 7.41.0
[2016.05.01-17.10.43:363][  0]LogInit:  - built for x86_64-pc-win32
[2016.05.01-17.10.43:363][  0]LogInit:  - supports SSL with WinSSL
[2016.05.01-17.10.43:363][  0]LogInit:  - other features:
[2016.05.01-17.10.43:363][  0]LogInit:      CURL_VERSION_SSL
[2016.05.01-17.10.43:363][  0]LogInit:      CURL_VERSION_IPV6
[2016.05.01-17.10.43:363][  0]LogInit:      CURL_VERSION_ASYNCHDNS
[2016.05.01-17.10.43:363][  0]LogInit:      CURL_VERSION_LARGEFILE
[2016.05.01-17.10.43:363][  0]LogInit:      CURL_VERSION_IDN
[2016.05.01-17.10.43:363][  0]LogInit:  CurlRequestOptions (configurable via config and command line):
[2016.05.01-17.10.43:363][  0]LogInit:  - bVerifyPeer = true  - Libcurl will verify peer certificate
[2016.05.01-17.10.43:363][  0]LogInit:  - bUseHttpProxy = false  - Libcurl will NOT use HTTP proxy
[2016.05.01-17.10.43:363][  0]LogInit:  - bDontReuseConnections = false  - Libcurl will reuse connections
[2016.05.01-17.10.43:363][  0]LogInit:  - CertBundlePath = nullptr  - Libcurl will use whatever was configured at build time.
[2016.05.01-17.10.43:371][  0]LogInit: Presizing for 0 objects not considered by GC, pre-allocating 0 bytes.
[2016.05.01-17.10.43:376][  0]LogInit: Object subsystem initialized
[2016.05.01-17.10.43:377][  0]LogInit: Selected Device Profile: [Windows]
[2016.05.01-17.10.43:377][  0]LogInit: Applying CVar settings loaded from the selected device profile: [Windows]
[2016.05.01-17.10.43:387][  0]LogInit: Computer: RIN
[2016.05.01-17.10.43:388][  0]LogInit: User: Remy
[2016.05.01-17.10.43:388][  0]LogInit: CPU Page size=4096, Cores=4
[2016.05.01-17.10.43:388][  0]LogInit: High frequency timer resolution =2.338343 MHz
[2016.05.01-17.10.43:388][  0]LogMemory: Memory total: Physical=7.7GB (8GB approx)
[2016.05.01-17.10.43:388][  0]LogMemory: Platform Memory Stats for Windows
[2016.05.01-17.10.43:388][  0]LogMemory: Process Physical Memory: 54.49 MB used, 54.49 MB peak
[2016.05.01-17.10.43:388][  0]LogMemory: Process Virtual Memory: 58.48 MB used, 58.48 MB peak
[2016.05.01-17.10.43:388][  0]LogMemory: Physical Memory: 4425.21 MB used, 7912.27 MB total
[2016.05.01-17.10.43:388][  0]LogMemory: Virtual Memory: 366.37 MB used, 134217728.00 MB total
[2016.05.01-17.10.43:473][  0]LogTextLocalizationManager: No specific translations for ('en-US') exist, so ('en') translations will be used.
[2016.05.01-17.10.43:839][  0]LogD3D11RHI: Found D3D11 adapter 0: Intel(R) HD Graphics 4600 (Feature Level 11_0)
[2016.05.01-17.10.43:839][  0]LogD3D11RHI: Adapter has 32MB of dedicated video memory, 0MB of dedicated system memory, and 1760MB of shared system memory, 1 output[s]
[2016.05.01-17.10.43:855][  0]LogD3D11RHI: Found D3D11 adapter 1: NVIDIA GeForce GT 750M  (Feature Level 11_0)
[2016.05.01-17.10.43:855][  0]LogD3D11RHI: Adapter has 1988MB of dedicated video memory, 0MB of dedicated system memory, and 2048MB of shared system memory, 0 output[s]
[2016.05.01-17.10.43:857][  0]LogD3D11RHI: Found D3D11 adapter 2: Microsoft Basic Render Driver (Feature Level 11_0)
[2016.05.01-17.10.43:857][  0]LogD3D11RHI: Adapter has 0MB of dedicated video memory, 0MB of dedicated system memory, and 256MB of shared system memory, 0 output[s]
[2016.05.01-17.10.43:857][  0]LogD3D11RHI: Chosen D3D11 Adapter Id = 0
[2016.05.01-17.10.43:862][  0]LogD3D11RHI: !Direct3DDevice
[2016.05.01-17.10.43:863][  0]LogRHI: Texture pool is 1361 MB (70% of 1945 MB)
[2016.05.01-17.10.43:874][  0]LogD3D11RHI: Async texture creation enabled
[2016.05.01-17.10.43:892][  0]LogShaderCompilers: Guid format shader working directory is 33 characters bigger than the processId version (F:/HotelBete/Intermediate/Shaders/WorkingDirectory/9036/).
[2016.05.01-17.10.43:893][  0]LogShaderCompilers: Cleaned the shader compiler working directory 'C:/Users/Remy/AppData/Local/Temp/UnrealShaderWorkingDir/5AB9D73B414347414A18D9B377739AE6/'.
[2016.05.01-17.10.43:893][  0]LogShaderCompilers:Display: Using Local Shader Compiler.
[2016.05.01-17.10.47:925][  0]LogTemp:Display: Loaded TP AllDesktopTargetPlatform
[2016.05.01-17.10.47:951][  0]LogTemp:Display: Loaded TP WindowsClientTargetPlatform
[2016.05.01-17.10.47:994][  0]LogTemp:Display: Loaded TP WindowsNoEditorTargetPlatform
[2016.05.01-17.10.48:022][  0]LogTemp:Display: Loaded TP WindowsServerTargetPlatform
[2016.05.01-17.10.48:047][  0]LogTemp:Display: Loaded TP WindowsTargetPlatform
[2016.05.01-17.10.48:078][  0]LogTemp:Display: Loaded TP AndroidTargetPlatform
[2016.05.01-17.10.48:110][  0]LogTemp:Display: Loaded TP Android_ASTCTargetPlatform
[2016.05.01-17.10.48:133][  0]LogTemp:Display: Loaded TP Android_ATCTargetPlatform
[2016.05.01-17.10.48:176][  0]LogTemp:Display: Loaded TP Android_DXTTargetPlatform
[2016.05.01-17.10.48:209][  0]LogTemp:Display: Loaded TP Android_ETC1TargetPlatform
[2016.05.01-17.10.48:231][  0]LogTemp:Display: Loaded TP Android_ETC2TargetPlatform
[2016.05.01-17.10.48:277][  0]LogTemp:Display: Loaded TP Android_MultiTargetPlatform
[2016.05.01-17.10.48:277][  0]LogTemp:Display: Loaded TP Android_PVRTCTargetPlatform
[2016.05.01-17.10.48:305][  0]LogTemp:Display: Loaded TP HTML5TargetPlatform
[2016.05.01-17.10.48:531][  0]LogTemp:Display: Loaded TP IOSTargetPlatform
[2016.05.01-17.10.48:596][  0]LogTemp:Display: Loaded TP LinuxNoEditorTargetPlatform
[2016.05.01-17.10.48:623][  0]LogTemp:Display: Loaded TP LinuxServerTargetPlatform
[2016.05.01-17.10.48:725][  0]LogTemp:Display: Loaded TP LinuxTargetPlatform
[2016.05.01-17.10.48:725][  0]LogTargetPlatformManager:Display: Building Assets For Windows
[2016.05.01-17.10.49:778][  0]LogDerivedDataCache:Display: Max Cache Size: 512 MB
[2016.05.01-17.10.50:469][  0]LogDerivedDataCache: Loaded boot cache 0.69s 41MB C:/Users/Remy/AppData/Local/UnrealEngine/4.10/DerivedDataCache/Boot.ddc.
[2016.05.01-17.10.50:469][  0]LogDerivedDataCache:Display: Loaded Boot cache: C:/Users/Remy/AppData/Local/UnrealEngine/4.10/DerivedDataCache/Boot.ddc
[2016.05.01-17.10.50:469][  0]LogDerivedDataCache: FDerivedDataBackendGraph:  Pak pak cache file F:/HotelBete/DerivedDataCache/DDC.ddp not found, will not use a pak cache.
[2016.05.01-17.10.50:469][  0]LogDerivedDataCache: Unable to find inner node Pak for hierarchical cache Hierarchy.
[2016.05.01-17.10.50:469][  0]LogDerivedDataCache: FDerivedDataBackendGraph:  CompressedPak pak cache file F:/HotelBete/DerivedDataCache/Compressed.ddp not found, will not use a pak cache.
[2016.05.01-17.10.50:469][  0]LogDerivedDataCache: Unable to find inner node CompressedPak for hierarchical cache Hierarchy.
[2016.05.01-17.10.50:567][  0]LogDerivedDataCache:Display: Pak cache opened for reading ../../../Engine/DerivedDataCache/Compressed.ddp.
[2016.05.01-17.10.50:579][  0]LogDerivedDataCache: Using Local data cache path C:/Users/Remy/AppData/Local/UnrealEngine/Common/DerivedDataCache: Writable
[2016.05.01-17.10.55:145][  0]LogInit: Selected Device Profile: [Windows]
[2016.05.01-17.10.55:152][  0]LogContentStreaming: Texture pool size is 0.000000MB
[2016.05.01-17.10.55:351][  0]LogMeshUtilities: No automatic mesh reduction module available
[2016.05.01-17.10.55:351][  0]LogMeshUtilities: No automatic mesh merging module available
[2016.05.01-17.10.55:819][  0]LogInit: WinSock: version 1.1 (2.2), MaxSocks=32767, MaxUdp=65467
[2016.05.01-17.11.22:240][  0]LogAssetRegistry: FAssetRegistry took 0.0108 seconds to start up
[2016.05.01-17.11.22:341][  0]UdpMessaging: Initializing bridge on interface 0.0.0.0:0 to multicast group 230.0.0.1:6666.
[2016.05.01-17.11.24:869][  0]SourceControl: Info Source control is disabled
[2016.05.01-17.11.24:869][  0]SourceControl: Info Source control is disabled
[2016.05.01-17.11.24:966][  0]SourceControl: Info Source control is disabled
[2016.05.01-17.11.25:057][  0]SourceControl: Info Source control is disabled
[2016.05.01-17.11.26:935][  0]LogObj: 28802 objects as part of root set at end of initial load.
[2016.05.01-17.11.26:935][  0]LogUObjectAllocator: 6129768 out of 0 bytes used by permanent object pool.
[2016.05.01-17.11.27:233][  0]LogEngine: Initializing Engine...
[2016.05.01-17.11.27:248][  0]LogHMD: Can't find Oculus library dev build: is proper Runtime installed? Version: 0.8.0.0
[2016.05.01-17.11.27:305][  0]LogHMD: SteamVR failed to initialize.  Err: 110
[2016.05.01-17.11.27:450][  0]LogAIModule: Creating AISystem for world NewWorld
[2016.05.01-17.11.27:549][  0]LogInit: XAudio2 using 'Speakers (Realtek High Definition Audio)' : 2 channels at 48 kHz using 32 bits per sample (channel mask 0x3)
[2016.05.01-17.11.27:603][  0]LogInit: FAudioDevice initialized.
[2016.05.01-17.11.27:606][  0]LogDerivedDataCache:Error: Could not save memory cache C:/Users/Remy/AppData/Local/UnrealEngine/4.10/DerivedDataCache/Boot.ddc.
[2016.05.01-17.11.27:612][  0]LogInit: Texture streaming: Enabled
[2016.05.01-17.11.27:814][  0]LogAnalytics: Creating configured Analytics provider AnalyticsET
[2016.05.01-17.11.27:814][  0]LogAnalytics: [UEEditor.Rocket.Release] APIServer = http://et2.epicgames.com/ET2/. AppVersion = 4.10.4-2872498+++depot+UE4-Releases+4.10
[2016.05.01-17.11.27:814][  0]LogAnalytics: [UEEditor.Rocket.Release] SetUserId d52e816941dbf0637428bb95ca07ac1c|f94c9e9f838341078d64538a1626dc19|682a59f0-aee4-4349-aded-c354cacba2b4
[2016.05.01-17.11.27:814][  0]LogAnalytics: [UEEditor.Rocket.Release] AnalyticsET::StartSession
[2016.05.01-17.11.27:905][  0]LogInit: Transaction tracking system initialized
[2016.05.01-17.11.28:265][  0]BlueprintLog: New page: Editor Load
[2016.05.01-17.11.29:866][  0]LocalizationService: Info Localization service is disabled
[2016.05.01-17.11.30:907][  0]LogConsoleResponse:Display: 
[2016.05.01-17.11.32:153][  0]LogCook:Display: Done creating registry. It took  0.00s.
[2016.05.01-17.11.33:171][  0]LogFileCache: Scanning file cache for directory 'F:/HotelBete/Content/' took 0.03s
[2016.05.01-17.11.33:361][  0]SourceControl: Info Source control is disabled
[2016.05.01-17.11.33:361][  0]Cmd: MAP LOAD FILE="F:/HotelBete/Content/Hotel/Levels/Menu.umap" TEMPLATE=0 SHOWPROGRESS=1 FEATURELEVEL=3
[2016.05.01-17.11.33:373][  0]LightingResults: New page: Lighting Build
[2016.05.01-17.11.33:380][  0]MapCheck: New page: Map Check
[2016.05.01-17.11.33:380][  0]LightingResults: New page: Lighting Build
[2016.05.01-17.11.33:408][  0]LogParticles: Destroying 0 GPU particle simulations for FXSystem 0x00000066931C7240
[2016.05.01-17.11.42:165][  0]LogAIModule: Creating AISystem for world Menu
[2016.05.01-17.11.42:169][  0]LogEditorServer: Finished looking for orphan Actors (0.000 secs)
[2016.05.01-17.11.42:170][  0]Cmd: MAP CHECKDEP NOCLEARLOG
[2016.05.01-17.11.42:242][  0]MapCheck: Info Map check complete: 0 Error(s), 0 Warning(s), took 71.887ms to complete.
[2016.05.01-17.11.42:242][  0]LogFileHelpers: Loading map 'Menu' took 8.881
[2016.05.01-17.11.42:375][  0]LogCollectionManager: Loaded 0 collections in 0.001260 seconds
[2016.05.01-17.11.42:413][  0]LogFileCache: Scanning file cache for directory 'F:/HotelBete/Saved/C