[2016.02.13-21.28.04:888][  0]Log file open, 02/13/16 16:28:04
[2016.02.13-21.28.04:888][  0]LogInit:Display: Running engine without a game
[2016.02.13-21.28.04:888][  0]LogPlatformFile: Not using cached read wrapper
[2016.02.13-21.28.04:888][  0]LogInit:Display: Loading recent project file: ../../../../../../My Media/UCF Documents/DIG 4725-2/HotelBete/Hotel.uproject
[2016.02.13-21.28.04:888][  0]LogInit:Display: RandInit(-652839169) SRandInit(-652839168).
[2016.02.13-21.28.04:888][  0]LogTaskGraph: Started task graph with 4 named threads and 7 total threads.
[2016.02.13-21.28.04:888][  0]LogStats: Stats thread started at 0.061587
[2016.02.13-21.28.04:888][  0]LogInit: Version: 4.10.2-2818068+++depot+UE4-Releases+4.10
[2016.02.13-21.28.04:888][  0]LogInit: API Version: 2758231
[2016.02.13-21.28.04:888][  0]LogInit: Compiled (64-bit): Jan  6 2016 17:36:42
[2016.02.13-21.28.04:888][  0]LogInit: Compiled with Visual C++: 19.00.23026.00
[2016.02.13-21.28.04:888][  0]LogInit: Build Configuration: Development
[2016.02.13-21.28.04:888][  0]LogInit: Branch Name: ++depot+UE4-Releases+4.10
[2016.02.13-21.28.04:888][  0]LogInit: Command line: 
[2016.02.13-21.28.04:888][  0]LogInit: Base directory: F:/Program Files/Epic Games/4.10/Engine/Binaries/Win64/
[2016.02.13-21.28.04:888][  0]LogInit: Rocket: 1
[2016.02.13-21.28.04:891][  0]LogInit: Using libcurl 7.41.0
[2016.02.13-21.28.04:891][  0]LogInit:  - built for x86_64-pc-win32
[2016.02.13-21.28.04:891][  0]LogInit:  - supports SSL with WinSSL
[2016.02.13-21.28.04:891][  0]LogInit:  - other features:
[2016.02.13-21.28.04:891][  0]LogInit:      CURL_VERSION_SSL
[2016.02.13-21.28.04:891][  0]LogInit:      CURL_VERSION_IPV6
[2016.02.13-21.28.04:891][  0]LogInit:      CURL_VERSION_ASYNCHDNS
[2016.02.13-21.28.04:891][  0]LogInit:      CURL_VERSION_LARGEFILE
[2016.02.13-21.28.04:891][  0]LogInit:      CURL_VERSION_IDN
[2016.02.13-21.28.04:891][  0]LogInit:  CurlRequestOptions (configurable via config and command line):
[2016.02.13-21.28.04:891][  0]LogInit:  - bVerifyPeer = true  - Libcurl will verify peer certificate
[2016.02.13-21.28.04:891][  0]LogInit:  - bUseHttpProxy = false  - Libcurl will NOT use HTTP proxy
[2016.02.13-21.28.04:891][  0]LogInit:  - bDontReuseConnections = false  - Libcurl will reuse connections
[2016.02.13-21.28.04:891][  0]LogInit:  - CertBundlePath = nullptr  - Libcurl will use whatever was configured at build time.
[2016.02.13-21.28.04:895][  0]LogInit: Presizing for 0 objects not considered by GC, pre-allocating 0 bytes.
[2016.02.13-21.28.04:898][  0]LogInit: Object subsystem initialized
[2016.02.13-21.28.04:899][  0]LogInit: Selected Device Profile: [Windows]
[2016.02.13-21.28.04:899][  0]LogInit: Applying CVar settings loaded from the selected device profile: [Windows]
[2016.02.13-21.28.04:903][  0]LogInit: Computer: DESKTOP-0FTHH47
[2016.02.13-21.28.04:903][  0]LogInit: User: aehrl
[2016.02.13-21.28.04:903][  0]LogInit: CPU Page size=4096, Cores=4
[2016.02.13-21.28.04:903][  0]LogInit: High frequency timer resolution =3.984649 MHz
[2016.02.13-21.28.04:903][  0]LogMemory: Memory total: Physical=15.9GB (16GB approx)
[2016.02.13-21.28.04:903][  0]LogMemory: Platform Memory Stats for Windows
[2016.02.13-21.28.04:903][  0]LogMemory: Process Physical Memory: 56.09 MB used, 56.09 MB peak
[2016.02.13-21.28.04:903][  0]LogMemory: Process Virtual Memory: 56.74 MB used, 56.74 MB peak
[2016.02.13-21.28.04:903][  0]LogMemory: Physical Memory: 4638.44 MB used, 16322.88 MB total
[2016.02.13-21.28.04:903][  0]LogMemory: Virtual Memory: 382.86 MB used, 134217728.00 MB total
[2016.02.13-21.28.04:925][  0]LogTextLocalizationManager: No specific translations for ('en-US') exist, so ('en') translations will be used.
[2016.02.13-21.28.05:271][  0]LogD3D11RHI: Found D3D11 adapter 0: NVIDIA GeForce GTX 960 (Feature Level 11_0)
[2016.02.13-21.28.05:271][  0]LogD3D11RHI: Adapter has 1969MB of dedicated video memory, 0MB of dedicated system memory, and 8161MB of shared system memory, 3 output[s]
[2016.02.13-21.28.05:272][  0]LogD3D11RHI: Found D3D11 adapter 1: Microsoft Basic Render Driver (Feature Level 11_0)
[2016.02.13-21.28.05:272][  0]LogD3D11RHI: Adapter has 0MB of dedicated video memory, 0MB of dedicated system memory, and 8161MB of shared system memory, 0 output[s]
[2016.02.13-21.28.05:272][  0]LogD3D11RHI: Chosen D3D11 Adapter Id = 0
[2016.02.13-21.28.05:275][  0]LogD3D11RHI: !Direct3DDevice
[2016.02.13-21.28.05:275][  0]LogRHI: Texture pool is 1361 MB (70% of 1945 MB)
[2016.02.13-21.28.05:284][  0]LogD3D11RHI: Async texture creation enabled
[2016.02.13-21.28.05:298][  0]LogShaderCompilers: Guid format shader working directory is -16 characters bigger than the processId version (../../../../../../My Media/UCF Documents/DIG 4725-2/HotelBete/Intermediate/Shaders/WorkingDirectory/11384/).
[2016.02.13-21.28.05:299][  0]LogShaderCompilers: Cleaned the shader compiler working directory 'C:/Users/aehrl/AppData/Local/Temp/UnrealShaderWorkingDir/74FF3F0A4AD8DF72CF898284928488C7/'.
[2016.02.13-21.28.05:299][  0]LogShaderCompilers:Display: Using Local Shader Compiler.
[2016.02.13-21.28.05:793][  0]LogTemp:Display: Loaded TP AllDesktopTargetPlatform
[2016.02.13-21.28.05:795][  0]LogTemp:Display: Loaded TP WindowsClientTargetPlatform
[2016.02.13-21.28.05:798][  0]LogTemp:Display: Loaded TP WindowsNoEditorTargetPlatform
[2016.02.13-21.28.05:800][  0]LogTemp:Display: Loaded TP WindowsServerTargetPlatform
[2016.02.13-21.28.05:802][  0]LogTemp:Display: Loaded TP WindowsTargetPlatform
[2016.02.13-21.28.05:804][  0]LogTemp:Display: Loaded TP AndroidTargetPlatform
[2016.02.13-21.28.05:806][  0]LogTemp:Display: Loaded TP Android_ASTCTargetPlatform
[2016.02.13-21.28.05:807][  0]LogTemp:Display: Loaded TP Android_ATCTargetPlatform
[2016.02.13-21.28.05:809][  0]LogTemp:Display: Loaded TP Android_DXTTargetPlatform
[2016.02.13-21.28.05:811][  0]LogTemp:Display: Loaded TP Android_ETC1TargetPlatform
[2016.02.13-21.28.05:812][  0]LogTemp:Display: Loaded TP Android_ETC2TargetPlatform
[2016.02.13-21.28.05:816][  0]LogTemp:Display: Loaded TP Android_MultiTargetPlatform
[2016.02.13-21.28.05:816][  0]LogTemp:Display: Loaded TP Android_PVRTCTargetPlatform
[2016.02.13-21.28.05:817][  0]LogTemp:Display: Loaded TP HTML5TargetPlatform
[2016.02.13-21.28.05:832][  0]LogTemp:Display: Loaded TP IOSTargetPlatform
[2016.02.13-21.28.05:834][  0]LogTemp:Display: Loaded TP LinuxNoEditorTargetPlatform
[2016.02.13-21.28.05:836][  0]LogTemp:Display: Loaded TP LinuxServerTargetPlatform
[2016.02.13-21.28.05:838][  0]LogTemp:Display: Loaded TP LinuxTargetPlatform
[2016.02.13-21.28.05:838][  0]LogTargetPlatformManager:Display: Building Assets For Windows
[2016.02.13-21.28.05:877][  0]LogDerivedDataCache:Display: Max Cache Size: 512 MB
[2016.02.13-21.28.05:906][  0]LogDerivedDataCache: Loaded boot cache 0.03s 41MB C:/Users/aehrl/AppData/Local/UnrealEngine/4.10/DerivedDataCache/Boot.ddc.
[2016.02.13-21.28.05:906][  0]LogDerivedDataCache:Display: Loaded Boot cache: C:/Users/aehrl/AppData/Local/UnrealEngine/4.10/DerivedDataCache/Boot.ddc
[2016.02.13-21.28.05:906][  0]LogDerivedDataCache: FDerivedDataBackendGraph:  Pak pak cache file ../../../../../../My Media/UCF Documents/DIG 4725-2/HotelBete/DerivedDataCache/DDC.ddp not found, will not use a pak cache.
[2016.02.13-21.28.05:906][  0]LogDerivedDataCache: Unable to find inner node Pak for hierarchical cache Hierarchy.
[2016.02.13-21.28.05:906][  0]LogDerivedDataCache: FDerivedDataBackendGraph:  CompressedPak pak cache file ../../../../../../My Media/UCF Documents/DIG 4725-2/HotelBete/DerivedDataCache/Compressed.ddp not found, will not use a pak cache.
[2016.02.13-21.28.05:906][  0]LogDerivedDataCache: Unable to find inner node CompressedPak for hierarchical cache Hierarchy.
[2016.02.13-21.28.05:945][  0]LogDerivedDataCache:Display: Pak cache opened for reading ../../../Engine/DerivedDataCache/Compressed.ddp.
[2016.02.13-21.28.05:957][  0]LogDerivedDataCache: Using Local data cache path C:/Users/aehrl/AppData/Local/UnrealEngine/Common/DerivedDataCache: Writable
[2016.02.13-21.28.06:063][  0]LogInit: Selected Device Profile: [Windows]
[2016.02.13-21.28.06:064][  0]LogContentStreaming: Texture pool size is 0.000000MB
[2016.02.13-21.28.06:132][  0]LogMeshUtilities: No automatic mesh reduction module available
[2016.02.13-21.28.06:132][  0]LogMeshUtilities: No automatic mesh merging module available
[2016.02.13-21.28.06:270][  0]LogInit: WinSock: version 1.1 (2.2), MaxSocks=32767, MaxUdp=65467
[2016.02.13-21.28.06:724][  0]LogAssetRegistry: FAssetRegistry took 0.0108 seconds to start up
[2016.02.13-21.28.06:732][  0]UdpMessaging: Initializing bridge on interface 0.0.0.0:0 to multicast group 230.0.0.1:6666.
[2016.02.13-21.28.06:895][  0]SourceControl: Info Source control is disabled
[2016.02.13-21.28.06:932][  0]SourceControl: Info Source control is disabled
[2016.02.13-21.28.06:938][  0]SourceControl: Info Source control is disabled
[2016.02.13-21.28.06:942][  0]SourceControl: Info Source control is disabled
[2016.02.13-21.28.07:059][  0]LogObj: 28802 objects as part of root set at end of initial load.
[2016.02.13-21.28.07:059][  0]LogUObjectAllocator: 6129776 out of 0 bytes used by permanent object pool.
[2016.02.13-21.28.07:099][  0]LogEngine: Initializing Engine...
[2016.02.13-21.28.07:100][  0]LogHMD: Can't find Oculus library dev build: is proper Runtime installed? Version: 0.8.0.0
[2016.02.13-21.28.07:100][  0]LogHMD: SteamVR failed to initialize.  Err: 110
[2016.02.13-21.28.07:179][  0]LogAIModule: Creating AISystem for world NewWorld
[2016.02.13-21.28.07:186][  0]LogInit: XAudio2 using 'Speakers (2- High Definition Audio Device)' : 2 channels at 44.1 kHz using 16 bits per sample (channel mask 0x3)
[2016.02.13-21.28.07:195][  0]LogInit: FAudioDevice initialized.
[2016.02.13-21.28.07:209][  0]LogDerivedDataCache: Saved boot cache 0.01s 41MB C:/Users/aehrl/AppData/Local/UnrealEngine/4.10/DerivedDataCache/Boot.ddc.
[2016.02.13-21.28.07:211][  0]LogInit: Texture streaming: Enabled
[2016.02.13-21.28.07:214][  0]LogAnalytics: Creating configured Analytics provider AnalyticsET
[2016.02.13-21.28.07:214][  0]LogAnalytics: [UEEditor.Rocket.Release] APIServer = http://et2.epicgames.com/ET2/. AppVersion = 4.10.2-2818068+++depot+UE4-Releases+4.10
[2016.02.13-21.28.07:214][  0]LogAnalytics: [UEEditor.Rocket.Release] SetUserId 0b01f67c451c321928712b89b2c25d66|b300224d71e64562a5bff06c2aaa78f8|4d10a4aa-bc91-4e54-b274-9b5f458b8e77
[2016.02.13-21.28.07:214][  0]LogAnalytics: [UEEditor.Rocket.Release] AnalyticsET::StartSession
[2016.02.13-21.28.07:219][  0]LogInit: Transaction tracking system initialized
[2016.02.13-21.28.07:231][  0]BlueprintLog: New page: Editor Load
[2016.02.13-21.28.07:269][  0]LocalizationService: Info Localization service is disabled
[2016.02.13-21.28.07:313][  0]LogConsoleResponse:Display: 
[2016.02.13-21.28.07:384][  0]LogCook:Display: Done creating registry. It took  0.00s.
[2016.02.13-21.28.07:410][  0]LogFileCache: Scanning file cache for directory 'F:/My Media/UCF Documents/DIG 4725-2/HotelBete/Content/' took 0.01s
[2016.02.13-21.28.07:410][  0]SourceControl: Info Source control is disabled
[2016.02.13-21.28.07:411][  0]Cmd: MAP LOAD FILE="../../../Engine/Content/Maps/Templates/Template_Default.umap" TEMPLATE=1 SHOWPROGRESS=1 FEATURELEVEL=3
[2016.02.13-21.28.07:411][  0]LightingResults: New page: Lighting Build
[2016.02.13-21.28.07:412][  0]MapCheck: New page: Map Check
[2016.02.13-21.28.07:412][  0]LightingResults: New page: Lighting Build
[2016.02.13-21.28.07:419][  0]LogParticles: Destroying 0 GPU particle simulations for FXSystem 0x0000028A35FABB00
[2016.02.13-21.28.07:557][  0]LogAIModule: Creating AISystem for world Untitled_1
[2016.02.13-21.28.07:560][  0]LogEditorServer: Finished looking for orphan Actors (0.000 secs)
[2016.02.13-21.28.07:563][  0]Cmd: MAP CHECKDEP NOCLEARLOG
[2016.02.13-21.28.07:589][  0]MapCheck: Info Map check complete: 0 Error(s), 0 Warning(s), took 26.1ms to complete.
[2016.02.13-21.28.07:589][  0]LogFileHelpers: Loading map 'Template_Default' took 0.179
[2016.02.13-21.28.07:701][  0]LogCollectionManager: Loaded 0 collections in 0.000852 seconds
[2016.02.13-21.28.07:750][  0]LogFileCache: Scanning file cache for directory 'F:/My Media/UCF Documents/DIG 4725-2/HotelBete/Saved/Collections/' took 0.01s
[2016.02.13-21.28.07:750][  0]LogFileCache: Scanning file cache for directory 'F:/My Media/UCF Documents/DIG 4725-2/HotelBete/Content/Developers/aehrl/Collections/' took 0.01s
[2016.02.13-21.28.07:750][  0]LogFileCache: Scanning file cache for directory 'F:/My Media/UCF Documents/DIG 4725-2/HotelBete/Content/Collections/' took 0.01s
[2016.02.13-21.28.07:750][  0]LogCollectionManager: Rebuilt the GUID cache for 0 collections in 0.000001 seconds
[2016.02.13-21.28.07:755][  0]LogContentBrowser: Native class hierarchy populated in 0.0046 seconds. Added 1908 classes and 344 folders.
[2016.02.13-21.28.07:757][  0]LogContentBrowser: Native class hierarchy updated for 'WidgetCarousel' in 0.0002 seconds. Added 0 classes and 0 folders.
[2016.02.13-21.28.07:781][  0]LogContentBrowser: Native class hierarchy updated for 'AddContentDialog' in 0.0002 seconds. Added 0 classes and 0 folders.
[2016.02.13-21.28.07:787][  0]LogContentBrowser: Native class hierarchy updated for 'SceneOutliner' in 0.0002 seconds. Added 1 classes and 2 folders.
[2016.02.13-21.28.07:799][  0]LogCrashTracker: Crashtracker disabled due to settings.
[2016.02.13-21.28.07:802][  0]LogUObjectGlobals:Warning: Failed to find object 'Class None.'
[2016.02.13-21.28.07:824][  0]LogLoad: Full Startup: 3.19 seconds (BP compile: 0.02 seconds)
[2016.02.13-21.28.07:834][  0]LogOcInput: Can't find Oculus library dev build: is proper Runtime installed? Version: 0.8.0.0
[2016.02.13-21.28.07:865][  0]LogContentStreaming: Texture pool size now 1000 MB
[2016.02.13-21.28.07:962][  0]LogRenderer: Reallocating scene render targets to support 1208x608 (Frame:2).
[2016.02.13-21.28.08:026][  2]LogAssetRegistry: Asset discovery search completed in 1.3137 seconds
[2016.02.13-21.28.08:026][  2]LogCollectionManager: Rebuilt the object cache for 0 collections in 0.000000 seconds (found 0 objects)
[2016.02.13-21.28.08:026][  2]LogCollectionManager: Fixed up redirectors for 0 collections in 0.000018 seconds (updated 0 objects)
[2016.02.13-21.31.51:303][504]LogAIModule: Creating AISystem for world Prototype
[2016.02.13-21.31.51:304][504]LogParticles:Warning: InitializeSystem called on an unregistered component. Template=/Game/StarterContent/Particles/P_Steam_Lit2.P_Steam_Lit2 Component=/Game/Hotel/Levels/Prototype.Prototype:PersistentLevel.P_Steam_Lit2_2.ParticleSystemComponent0
[2016.02.13-21.31.51:339][504]Cmd: MAP LOAD FILE="../../../../../../My Media/UCF Documents/DIG 4725-2/HotelBete/Content/Hotel/Levels/Prototype.umap" TEMPLATE=0 SHOWPROGRESS=1 FEATURELEVEL=3
[2016.02.13-21.31.51:339][504]LightingResults: New page: Lighting Build
[2016.02.13-21.31.51:348][504]LoadErrors: New page: Loading map: Prototype.umap
[2016.02.13-21.31.51:349][504]MapCheck: New page: Map Check
[2016.02.13-21.31.51:349][504]LightingResults: New page: Lighting Build
[2016.02.13-21.31.51:357][504]LogParticles: Destroying 0 GPU particle simulations for FXSystem 0x0000028A299A77E0
[2016.02.13-21.31.51:364][504]LogEditorServer: Finished looking for orphan Actors (0.000 secs)
[2016.02.13-21.31.51:376][504]Cmd: MAP CHECKDEP NOCLEARLOG
[2016.02.13-21.31.51:409][504]MapCheck: Info Map check complete: 0 Error(s), 0 Warning(s), took 32.41ms to complete.
[2016.02.13-21.31.51:409][504]LogFileHelpers: Loading map 'Prototype' took 0.071
[2016.02.13-21.31.52:901][681]LogEditorViewport: Clicking on Actor (LMB): Enemy_C (Enemy)
[2016.02.13-21.31.57:281][198]LogLinker:Warning: Asset '../../../Engine/Content/ArtTools/RenderToTexture/Macros/RenderToTextureMacros.uasset' has been saved with empty engine version. The asset will be loaded but may be incompatible.
[2016.02.13-21.31.57:521][198]LogContentBrowser: Native class hierarchy updated for 'BlueprintGraph' in 0.0005 seconds. Added 107 classes and 0 folders.
[2016.02.13-21.32.11:138][765]LogRenderer: Reallocating scene render targets to support 1208x712 (Frame:5898).
[2016.02.13-21.33.19:053][705]LogSavePackage: Save=944.231445ms
[2016.02.13-21.33.19:053][705]LogSavePackage: Moving '../../../../../../My Media/UCF Documents/DIG 4725-2/HotelBete/Saved/Prototype2C9DFFFA40B4653C1D35B3BA8C6233F3.tmp' to '../../../../../../My Media/UCF Documents/DIG 4725-2/HotelBete/Content/Hotel/Levels/Prototype.umap'
[2016.02.13-21.33.19:055][705]LogSavePackage: Total save time: 1030.052084ms
[2016.02.13-21.33.19:055][705]LogSavePackage:Display: Finished SavePackage ../../../../../../My Media/UCF Documents/DIG 4725-2/HotelBete/Content/Hotel/Levels/Prototype.umap
[2016.02.13-21.33.19:068][705]LogFileHelpers: Saving map 'Prototype' took 1.099
[2016.02.13-21.33.19:088][705]Cmd: OBJ SAVEPACKAGE PACKAGE="/Game/FirstPersonBP/Blueprints/Enemy" FILE="../../../../../../My Media/UCF Documents/DIG 4725-2/HotelBete/Content/FirstPersonBP/Blueprints/Enemy.uasset" SILENT=true
[2016.02.13-21.33.19:127][705]LogSavePackage: Save=36.716660ms
[2016.02.13-21.33.19:127][705]LogSavePackage: Moving '../../../../../../My Media/UCF Documents/DIG 4725-2/HotelBete/Saved/Enemy9A181EDF479C6964533D1A8E65BEF863.tmp' to '../../../../../../My Media/UCF Documents/DIG 4725-2/HotelBete/Content/FirstPersonBP/Blueprints/Enemy.uasset'
[2016.02.13-21.33.19:128][705]LogSavePackage: Total save time: 39.955087ms
[2016.02.13-21.33.19:128][705]LogSavePackage:Display: Finished SavePackage ../../../../../../My Media/UCF Documents/DIG 4725-2/HotelBete/Content/FirstPersonBP/Blueprints/Enemy.uasset
[2016.02.13-21.33.19:584][759]BlueprintLog: New page: Compile Enemy
[2016.02.13-21.33.19:657][759]BlueprintEditorCompileResults: Info [0315.02] Compile of Enemy successful! [in 73 ms]
[2016.02.13-21.33.21:921][939]LogSavePackage: Save=648.519836ms
[2016.02.13-21.33.21:921][939]LogSavePackage: Moving '../../../../../../My Media/UCF Documents/DIG 4725-2/HotelBete/Saved/PrototypeF1DB371941DDBF93FF07B5987A403CB2.tmp' to '../../../../../../My Media/UCF Documents/DIG 4725-2/HotelBete/Content/Hotel/Levels/Prototype.umap'
[2016.02.13-21.33.21:924][939]LogSavePackage: Total save time: 651.612222ms
[2016.02.13-21.33.21:924][939]LogSavePackage:Display: Finished SavePackage ../../../../../../My Media/UCF Documents/DIG 4725-2/HotelBete/Content/Hotel/Levels/Prototype.umap
[2016.02.13-21.33.21:936][939]LogFileHelpers: Saving map 'Prototype' took 0.718
[2016.02.13-21.33.22:350][988]LogBlueprintUserMessages: Early PlayInEditor Detection: Level '/Game/Hotel/Levels/Prototype.Prototype:PersistentLevel' has LevelScriptBlueprint '/Game/Hotel/Levels/Prototype.Prototype:PersistentLevel.Prototype' with GeneratedClass '/Game/Hotel/Levels/Prototype.Prototype_C' with ClassGeneratedBy '/Game/Hotel/Levels/Prototype.Prototype:PersistentLevel.Prototype'
[2016.02.13-21.33.22:350][988]LogPlayLevel: PlayLevel: No blueprints needed recompiling
[2016.02.13-21.33.22:351][988]PIE: New page: PIE session: Prototype (Feb 13, 2016, 11:33:22 AM)
[2016.02.13-21.33.22:351][988]LogPlayLevel: Creating play world package: /Game/Hotel/Levels/UEDPIE_0_Prototype
[2016.02.13-21.33.22:365][988]LogPlayLevel: PIE: StaticDuplicateObject took: (0.013905s)
[2016.02.13-21.33.22:365][988]LogAIModule: Creating AISystem for world Prototype
[2016.02.13-21.33.22:365][988]LogPlayLevel: PIE: World Init took: (0.000558s)
[2016.02.13-21.33.22:365][988]LogPlayLevel: PIE: Created PIE world by copying editor world from /Game/Hotel/Levels/Prototype.Prototype to /Game/Hotel/Levels/UEDPIE_0_Prototype.Prototype (0.014673s)
[2016.02.13-21.33.22:388][988]LogInit: XAudio2 using 'Speakers (2- High Definition Audio Device)' : 2 channels at 44.1 kHz using 16 bits per sample (channel mask 0x3)
[2016.02.13-21.33.22:393][988]LogInit: FAudioDevice initialized.
[2016.02.13-21.33.22:572][988]LogWorld: Game class is 'FirstPersonGameMode_C'
[2016.02.13-21.33.22:575][988]LogWorld: Bringing World /Game/Hotel/Levels/UEDPIE_0_Prototype.Prototype up for play (max tick rate 0) at 2016.02.13-16.33.22
[2016.02.13-21.33.22:575][988]LogActor:Warning: GameSession /Game/Hotel/Levels/UEDPIE_0_Prototype.Prototype:PersistentLevel.GameSession_0 has natively added scene component(s), but none of them were set as the actor's RootComponent - picking one arbitrarily
[2016.02.13-21.33.22:575][988]LogActor:Warning: GameNetworkManager /Game/Hotel/Levels/UEDPIE_0_Prototype.Prototype:PersistentLevel.GameNetworkManager_0 has natively added scene component(s), but none of them were set as the actor's RootComponent - picking one arbitrarily
[2016.02.13-21.33.22:576][988]LogWorld: Bringing up level for play took: 0.002981
[2016.02.13-21.33.22:588][988]PIE: Info Play in editor start time for /Game/Hotel/Levels/UEDPIE_0_Prototype -0.227
[2016.02.13-21.33.22:588][988]LogBlueprintUserMessages: Late PlayInEditor Detection: Level '/Game/Hotel/Levels/Prototype.Prototype:PersistentLevel' has LevelScriptBlueprint '/Game/Hotel/Levels/Prototype.Prototype:PersistentLevel.Prototype' with GeneratedClass '/Game/Hotel/Levels/Prototype.Prototype_C' with ClassGeneratedBy '/Game/Hotel/Levels/Prototype.Prototype:PersistentLevel.Prototype'
[2016.02.13-21.33.22:606][989]LogRenderer: Reallocating scene render targets to support 1280x720 (Frame:10496).
[2016.02.13-21.33.30:948][989]LogBlueprintUserMessages: Early EndPlayMap Detection: Level '/Game/Hotel/Levels/Prototype.Prototype:PersistentLevel' has LevelScriptBlueprint '/Game/Hotel/Levels/Prototype.Prototype:PersistentLevel.Prototype' with GeneratedClass '/Game/Hotel/Levels/Prototype.Prototype_C' with ClassGeneratedBy '/Game/Hotel/Levels/Prototype.Prototype:PersistentLevel.Prototype'
[2016.02.13-21.33.30:994][989]LogBlueprintUserMessages: Late EndPlayMap Detection: Level '/Game/Hotel/Levels/Prototype.Prototype:PersistentLevel' has LevelScriptBlueprint '/Game/Hotel/Levels/Prototype.Prototype:PersistentLevel.Prototype' with GeneratedClass '/Game/Hotel/Levels/Prototype.Prototype_C' with ClassGeneratedBy '/Game/Hotel/Levels/Prototype.Prototype:PersistentLevel.Prototype'
[2016.02.13-21.33.31:011][989]LogParticles: Destroying 0 GPU particle simulations for FXSystem 0x0000028A55EBD8A0
[2016.02.13-21.34.49:856][348]LogSavePackage: Save=631.842102ms
[2016.02.13-21.34.49:856][348]LogSavePackage: Moving '../../../../../../My Media/UCF Documents/DIG 4725-2/HotelBete/Saved/PrototypeA5DAD35B4CC23EE69BA456ABBF9ADBF3.tmp' to '../../../../../../My Media/UCF Documents/DIG 4725-2/HotelBete/Content/Hotel/Levels/Prototype.umap'
[2016.02.13-21.34.49:858][348]LogSavePackage: Total save time: 634.764820ms
[2016.02.13-21.34.49:858][348]LogSavePackage:Display: Finished SavePackage ../../../../../../My Media/UCF Documents/DIG 4725-2/HotelBete/Content/Hotel/Levels/Prototype.umap
[2016.02.13-21.34.49:870][348]LogFileHelpers: Saving map 'Prototype' took 0.703
[2016.02.13-21.34.59:074][443]LogBlueprintUserMessages: Early PlayInEditor Detection: Level '/Game/Hotel/Levels/Prototype.Prototype:PersistentLevel' has LevelScriptBlueprint '/Game/Hotel/Levels/Prototype.Prototype:PersistentLevel.Prototype' with GeneratedClass '/Game/Hotel/Levels/Prototype.Prototype_C' with ClassGeneratedBy '/Game/Hotel/Levels/Prototype.Prototype:PersistentLevel.Prototype'
[2016.02.13-21.34.59:074][443]LogPlayLevel: PlayLevel: No blueprints needed recompiling
[2016.02.13-21.34.59:074][443]PIE: New page: PIE session: Prototype (Feb 13, 2016, 11:34:59 AM)
[2016.02.13-21.34.59:074][443]LogPlayLevel: Creating play world package: /Game/Hotel/Levels/UEDPIE_0_Prototype
[2016.02.13-21.34.59:089][443]LogPlayLevel: PIE: StaticDuplicateObject took: (0.014269s)
[2016.02.13-21.34.59:089][443]LogAIModule: Creating AISystem for world Prototype
[2016.02.13-21.34.59:089][443]LogPlayLevel: PIE: World Init took: (0.000722s)
[2016.02.13-21.34.59:089][443]LogPlayLevel: PIE: Created PIE world by copying editor world from /Game/Hotel/Levels/Prototype.Prototype to /Game/Hotel/Levels/UEDPIE_0_Prototype.Prototype (0.015228s)
[2016.02.13-21.34.59:114][443]LogInit: XAudio2 using 'Speakers (2- High Definition Audio Device)' : 2 channels at 44.1 kHz using 16 bits per sample (channel mask 0x3)
[2016.02.13-21.34.59:120][443]LogInit: FAudioDevice initialized.
[2016.02.13-21.34.59:216][443]LogWorld: Game class is 'FirstPersonGameMode_C'
[2016.02.13-21.34.59:219][443]LogWorld: Bringing World /Game/Hotel/Levels/UEDPIE_0_Prototype.Prototype up for play (max tick rate 0) at 2016.02.13-16.34.59
[2016.02.13-21.34.59:219][443]LogActor:Warning: GameSession /Game/Hotel/Levels/UEDPIE_0_Prototype.Prototype:PersistentLevel.GameSession_1 has natively added scene component(s), but none of them were set as the actor's RootComponent - picking one arbitrarily
[2016.02.13-21.34.59:219][443]LogActor:Warning: GameNetworkManager /Game/Hotel/Levels/UEDPIE_0_Prototype.Prototype:PersistentLevel.GameNetworkManager_1 has natively added scene component(s), but none of them were set as the actor's RootComponent - picking one arbitrarily
[2016.02.13-21.34.59:220][443]LogWorld: Bringing up level for play took: 0.003121
[2016.02.13-21.34.59:231][443]PIE: Info Play in editor start time for /Game/Hotel/Levels/UEDPIE_0_Prototype 0.417
[2016.02.13-21.34.59:231][443]LogBlueprintUserMessages: Late PlayInEditor Detection: Level '/Game/Hotel/Levels/Prototype.Prototype:PersistentLevel' has LevelScriptBlueprint '/Game/Hotel/Levels/Prototype.Prototype:PersistentLevel.Prototype' with GeneratedClass '/Game/Hotel/Levels/Prototype.Prototype_C' with ClassGeneratedBy '/Game/Hotel/Levels/Prototype.Prototype:PersistentLevel.Prototype'
[2016.02.13-21.35.04:374][ 58]LogBlueprintUserMessages: Early EndPlayMap Detection: Level '/Game/Hotel/Levels/Prototype.Prototype:PersistentLevel' has LevelScriptBlueprint '/Game/Hotel/Levels/Prototype.Prototype:PersistentLevel.Prototype' with GeneratedClass '/Game/Hotel/Levels/Prototype.Prototype_C' with ClassGeneratedBy '/Game/Hotel/Levels/Prototype.Prototype:PersistentLevel.Prototype'
[2016.02.13-21.35.04:416][ 58]LogBlueprintUserMessages: Late EndPlayMap Detection: Level '/Game/Hotel/Levels/Prototype.Prototype:PersistentLevel' has LevelScriptBlueprint '/Game/Hotel/Levels/Prototype.Prototype:PersistentLevel.Prototype' with GeneratedClass '/Game/Hotel/Levels/Prototype.Prototype_C' with ClassGeneratedBy '/Game/Hotel/Levels/Prototype.Prototype:PersistentLevel.Prototype'
[2016.02.13-21.35.04:434][ 58]LogParticles: Destroying 0 GPU particle simulations for FXSystem 0x0000028A70FECD60
[2016.02.13-21.35.06:332][283]LogBlueprintUserMessages: Early PlayInEditor Detection: Level '/Game/Hotel/Levels/Prototype.Prototype:PersistentLevel' has LevelScriptBlueprint '/Game/Hotel/Levels/Prototype.Prototype:PersistentLevel.Prototype' with GeneratedClass '/Game/Hotel/Levels/Prototype.Prototype_C' with ClassGeneratedBy '/Game/Hotel/Levels/Prototype.Prototype:PersistentLevel.Prototype'
[2016.02.13-21.35.06:332][283]LogPlayLevel: PlayLevel: No blueprints needed recompiling
[2016.02.13-21.35.06:332][283]PIE: New page: PIE session: Prototype (Feb 13, 2016, 11:35:06 AM)
[2016.02.13-21.35.06:332][283]LogPlayLevel: Creating play world package: /Game/Hotel/Levels/UEDPIE_0_Prototype
[2016.02.13-21.35.06:347][283]LogPlayLevel: PIE: StaticDuplicateObject took: (0.014550s)
[2016.02.13-21.35.06:347][283]LogAIModule: Creating AISystem for world Prototype
[2016.02.13-21.35.06:347][283]LogPlayLevel: PIE: World Init took: (0.000547s)
[2016.02.13-21.35.06:347][283]LogPlayLevel: PIE: Created PIE world by copying editor world from /Game/Hotel/Levels/Prototype.Prototype to /Game/Hotel/Levels/UEDPIE_0_Prototype.Prototype (0.015322s)
[2016.02.13-21.35.06:372][283]LogInit: XAudio2 using 'Speakers (2- High Definition Audio Device)' : 2 channels at 44.1 kHz using 16 bits per sample (channel mask 0x3)
[2016.02.13-21.35.06:377][283]LogInit: FAudioDevice initialized.
[2016.02.13-21.35.06:483][283]LogWorld: Game class is 'FirstPersonGameMode_C'
[2016.02.13-21.35.06:486][283]LogWorld: Bringing World /Game/Hotel/Levels/UEDPIE_0_Prototype.Prototype up for play (max tick rate 0) at 2016.02.13-16.35.06
[2016.02.13-21.35.06:486][283]LogActor:Warning: GameSession /Game/Hotel/Levels/UEDPIE_0_Prototype.Prototype:PersistentLevel.GameSession_2 has natively added scene component(s), but none of them were set as the actor's RootComponent - picking one arbitrarily
[2016.02.13-21.35.06:486][283]LogActor:Warning: GameNetworkManager /Game/Hotel/Levels/UEDPIE_0_Prototype.Prototype:PersistentLevel.GameNetworkManager_2 has natively added scene component(s), but none of them were set as the actor's RootComponent - picking one arbitrarily
[2016.02.13-21.35.06:487][283]LogWorld: Bringing up level for play took: 0.002869
[2016.02.13-21.35.06:498][283]PIE: Info Play in editor start time for /Game/Hotel/Levels/UEDPIE_0_Prototype -0.317
[2016.02.13-21.35.06:498][283]LogBlueprintUserMessages: Late PlayInEditor Detection: Level '/Game/Hotel/Levels/Prototype.Prototype:PersistentLevel' has LevelScriptBlueprint '/Game/Hotel/Levels/Prototype.Prototype:PersistentLevel.Prototype' with GeneratedClass '/Game/Hotel/Levels/Prototype.Prototype_C' with ClassGeneratedBy '/Game/Hotel/Levels/Prototype.Prototype:PersistentLevel.Prototype'
[2016.02.13-21.35.11:619][816]LogSelection:Warning: PIE object was selected: "Player_C /Game/Hotel/Levels/UEDPIE_0_Prototype.Prototype:PersistentLevel.Player_C_2"
[2016.02.13-21.35.23:450][111]LogBlueprintUserMessages: Early EndPlayMap Detection: Level '/Game/Hotel/Levels/Prototype.Prototype:PersistentLevel' has LevelScriptBlueprint '/Game/Hotel/Levels/Prototype.Prototype:PersistentLevel.Prototype' with GeneratedClass '/Game/Hotel/Levels/Prototype.Prototype_C' with ClassGeneratedBy '/Game/Hotel/Levels/Prototype.Prototype:PersistentLevel.Prototype'
[2016.02.13-21.35.23:530][111]LogBlueprintUserMessages: Late EndPlayMap Detection: Level '/Game/Hotel/Levels/Prototype.Prototype:PersistentLevel' has LevelScriptBlueprint '/Game/Hotel/Levels/Prototype.Prototype:PersistentLevel.Prototype' with GeneratedClass '/Game/Hotel/Levels/Prototype.Prototype_C' with ClassGeneratedBy '/Game/Hotel/Levels/Prototype.Prototype:PersistentLevel.Prototype'
[2016.02.13-21.35.23:577][112]LogParticles: Destroying 0 GPU particle simulations for FXSystem 0x0000028A70FB51C0
[2016.02.13-21.35.33:284][272]BlueprintLog: New page: Compile Enemy
[2016.02.13-21.35.33:350][272]BlueprintEditorCompileResults: Info [0448.71] Compile of Enemy successful! [in 65 ms]
[2016.02.13-21.35.34:549][328]LogSavePackage: Save=625.209900ms
[2016.02.13-21.35.34:549][328]LogSavePackage: Moving '../../../../../../My Media/UCF Documents/DIG 4725-2/HotelBete/Saved/PrototypeFDC7CAF24D7FB006D9FD8388224A5B63.tmp' to '../../../../../../My Media/UCF Documents/DIG 4725-2/HotelBete/Content/Hotel/Levels/Prototype.umap'
[2016.02.13-21.35.34:551][328]LogSavePackage: Total save time: 627.999604ms
[2016.02.13-21.35.34:551][328]LogSavePackage:Display: Finished SavePackage ../../../../../../My Media/UCF Documents/DIG 4725-2/HotelBete/Content/Hotel/Levels/Prototype.umap
[2016.02.13-21.35.34:563][328]LogFileHelpers: Saving map 'Prototype' took 0.695
[2016.02.13-21.35.34:566][328]Cmd: OBJ SAVEPACKAGE PACKAGE="/Game/FirstPersonBP/Blueprints/Enemy" FILE="../../../../../../My Media/UCF Documents/DIG 4725-2/HotelBete/Content/FirstPersonBP/Blueprints/Enemy.uasset" SILENT=true
[2016.02.13-21.35.34:604][328]LogSavePackage: Save=35.890488ms
[2016.02.13-21.35.34:604][328]LogSavePackage: Moving '../../../../../../My Media/UCF Documents/DIG 4725-2/HotelBete/Saved/Enemy71854FC84AF3C7BBC1A027B09DBA63AC.tmp' to '../../../../../../My Media/UCF Documents/DIG 4725-2/HotelBete/Content/FirstPersonBP/Blueprints/Enemy.uasset'
[2016.02.13-21.35.34:604][328]LogSavePackage: Total save time: 37.737075ms
[2016.02.13-21.35.34:604][328]LogSavePackage:Display: Finished SavePackage ../../../../../../My Media/UCF Documents/DIG 4725-2/HotelBete/Content/FirstPersonBP/Blueprints/Enemy.uasset
[2016.02.13-21.35.35:226][402]LogBlueprintUserMessages: Early PlayInEditor Detection: Level '/Game/Hotel/Levels/Prototype.Prototype:PersistentLevel' has LevelScriptBlueprint '/Game/Hotel/Levels/Prototype.Prototype:PersistentLevel.Prototype' with GeneratedClass '/Game/Hotel/Levels/Prototype.Prototype_C' with ClassGeneratedBy '/Game/Hotel/Levels/Prototype.Prototype:PersistentLevel.Prototype'
[2016.02.13-21.35.35:226][402]LogPlayLevel: PlayLevel: No blueprints needed recompiling
[2016.02.13-21.35.35:226][402]PIE: New page: PIE session: Prototype (Feb 13, 2016, 11:35:35 AM)
[2016.02.13-21.35.35:226][402]LogPlayLevel: Creating play world package: /Game/Hotel/Levels/UEDPIE_0_Prototype
[2016.02.13-21.35.35:239][402]LogPlayLevel: PIE: StaticDuplicateObject took: (0.013159s)
[2016.02.13-21.35.35:240][402]LogAIModule: Creating AISystem for world Prototype
[2016.02.13-21.35.35:240][402]LogPlayLevel: PIE: World Init took: (0.000588s)
[2016.02.13-21.35.35:240][402]LogPlayLevel: PIE: Created PIE world by copying editor world from /Game/Hotel/Levels/Prototype.Prototype to /Game/Hotel/Levels/UEDPIE_0_Prototype.Prototype (0.013966s)
[2016.02.13-21.35.35:265][402]LogInit: XAudio2 using 'Speakers (2- High Definition Audio Device)' : 2 channels at 44.1 kHz using 16 bits per sample (channel mask 0x3)
[2016.02.13-21.35.35:270][402]LogInit: FAudioDevice initialized.
[2016.02.13-21.35.35:368][402]LogWorld: Game class is 'FirstPersonGameMode_C'
[2016.02.13-21.35.35:371][402]LogWorld: Bringing World /Game/Hotel/Levels/UEDPIE_0_Prototype.Prototype up for play (max tick rate 0) at 2016.02.13-16.35.35
[2016.02.13-21.35.35:372][402]LogActor:Warning: GameSession /Game/Hotel/Levels/UEDPIE_0_Prototype.Prototype:PersistentLevel.GameSession_3 has natively added scene component(s), but none of them were set as the actor's RootComponent - picking one arbitrarily
[2016.02.13-21.35.35:372][402]LogActor:Warning: GameNetworkManager /Game/Hotel/Levels/UEDPIE_0_Prototype.Prototype:PersistentLevel.GameNetworkManager_3 has natively added scene component(s), but none of them were set as the actor's RootComponent - picking one arbitrarily
[2016.02.13-21.35.35:372][402]LogWorld: Bringing up level for play took: 0.003056
[2016.02.13-21.35.35:383][402]PIE: Info Play in editor start time for /Game/Hotel/Levels/UEDPIE_0_Prototype 0.568
[2016.02.13-21.35.35:383][402]LogBlueprintUserMessages: Late PlayInEditor Detection: Level '/Game/Hotel/Levels/Prototype.Prototype:PersistentLevel' has LevelScriptBlueprint '/Game/Hotel/Levels/Prototype.Prototype:PersistentLevel.Prototype' with GeneratedClass '/Game/Hotel/Levels/Prototype.Prototype_C' with ClassGeneratedBy '/Game/Hotel/Levels/Prototype.Prototype:PersistentLevel.Prototype'
[2016.02.13-21.35.40:603][ 27]LogBlueprintUserMessages: Early EndPlayMap Detection: Level '/Game/Hotel/Levels/Prototype.Prototype:PersistentLevel' has LevelScriptBlueprint '/Game/Hotel/Levels/Prototype.Prototype:PersistentLevel.Prototype' with GeneratedClass '/Game/Hotel/Levels/Prototype.Prototype_C' with ClassGeneratedBy '/Game/Hotel/Levels/Prototype.Prototype:PersistentLevel.Prototype'
[2016.02.13-21.35.40:646][ 27]LogBlueprintUserMessages: Late EndPlayMap Detection: Level '/Game/Hotel/Levels/Prototype.Prototype:PersistentLevel' has LevelScriptBlueprint '/Game/Hotel/Levels/Prototype.Prototype:PersistentLevel.Prototype' with GeneratedClass '/Game/Hotel/Levels/Prototype.Prototype_C' with ClassGeneratedBy '/Game/Hotel/Levels/Prototype.Prototype:PersistentLevel.Prototype'
[2016.02.13-21.35.40:663][ 27]LogParticles: Destroying 0 GPU particle simulations for FXSystem 0x0000028A632E04A0
[2016.02.13-21.36.27:716][ 67]BlueprintLog: New page: Compile Player
[2016.02.13-21.36.27:930][ 67]BlueprintEditorCompileResults: Info [0503.29] Compile of Player successful! [in 213 ms]
[2016.02.13-21.36.29:533][169]LogSavePackage: Save=625.525330ms
[2016.02.13-21.36.29:533][169]LogSavePackage: Moving '../../../../../../My Media/UCF Documents/DIG 4725-2/HotelBete/Saved/Prototype8BD7D0C047B49266EB4369BCB1AFCE24.tmp' to '../../../../../../My Media/UCF Documents/DIG 4725-2/HotelBete/Content/Hotel/Levels/Prototype.umap'
[2016.02.13-21.36.29:535][169]LogSavePackage: Total save time: 628.362749ms
[2016.02.13-21.36.29:535][169]LogSavePackage:Display: Finished SavePackage ../../../../../../My Media/UCF Documents/DIG 4725-2/HotelBete/Content/Hotel/Levels/Prototype.umap
[2016.02.13-21.36.29:547][169]LogFileHelpers: Saving map 'Prototype' took 0.696
[2016.02.13-21.36.29:552][169]Cmd: OBJ SAVEPACKAGE PACKAGE="/Game/Hotel/Blueprints/Player/Player" FILE="../../../../../../My Media/UCF Documents/DIG 4725-2/HotelBete/Content/Hotel/Blueprints/Player/Player.uasset" SILENT=true
[2016.02.13-21.36.29:762][169]LogSavePackage: Save=199.927521ms
[2016.02.13-21.36.29:762][169]LogSavePackage: Moving '../../../../../../My Media/UCF Documents/DIG 4725-2/HotelBete/Saved/PlayerABBBEC3742F2A9686719D19D75FDE9D9.tmp' to '../../../../../../My Media/UCF Documents/DIG 4725-2/HotelBete/Content/Hotel/Blueprints/Player/Player.uasset'
[2016.02.13-21.36.29:764][169]LogSavePackage: Total save time: 211.560164ms
[2016.02.13-21.36.29:764][169]LogSavePackage:Display: Finished SavePackage ../../../../../../My Media/UCF Documents/DIG 4725-2/HotelBete/Content/Hotel/Blueprints/Player/Player.uasset
[2016.02.13-21.36.29:768][169]Cmd: OBJ SAVEPACKAGE PACKAGE="/Game/FirstPersonBP/Blueprints/Enemy" FILE="../../../../../../My Media/UCF Documents/DIG 4725-2/HotelBete/Content/FirstPersonBP/Blueprints/Enemy.uasset" SILENT=true
[2016.02.13-21.36.29:806][169]LogSavePackage: Save=36.515137ms
[2016.02.13-21.36.29:806][169]LogSavePackage: Moving '../../../../../../My Media/UCF Documents/DIG 4725-2/HotelBete/Saved/Enemy4C7C82324C99846E144106BF7AB0F9EC.tmp' to '../../../../../../My Media/UCF Documents/DIG 4725-2/HotelBete/Content/FirstPersonBP/Blueprints/Enemy.uasset'
[2016.02.13-21.36.29:807][169]LogSavePackage: Total save time: 38.405892ms
[2016.02.13-21.36.29:807][169]LogSavePackage:Display: Finished SavePackage ../../../../../../My Media/UCF Documents/DIG 4725-2/HotelBete/Content/FirstPersonBP/Blueprints/Enemy.uasset
[2016.02.13-21.36.30:254][222]LogBlueprintUserMessages: Early PlayInEditor Detection: Level '/Game/Hotel/Levels/Prototype.Prototype:PersistentLevel' has LevelScriptBlueprint '/Game/Hotel/Levels/Prototype.Prototype:PersistentLevel.Prototype' with GeneratedClass '/Game/Hotel/Levels/Prototype.Prototype_C' with ClassGeneratedBy '/Game/Hotel/Levels/Prototype.Prototype:PersistentLevel.Prototype'
[2016.02.13-21.36.30:254][222]LogPlayLevel: PlayLevel: No blueprints needed recompiling
[2016.02.13-21.36.30:254][222]PIE: New page: PIE session: Prototype (Feb 13, 2016, 11:36:30 AM)
[2016.02.13-21.36.30:254][222]LogPlayLevel: Creating play world package: /Game/Hotel/Levels/UEDPIE_0_Prototype
[2016.02.13-21.36.30:269][222]LogPlayLevel: PIE: StaticDuplicateObject took: (0.014069s)
[2016.02.13-21.36.30:269][222]LogAIModule: Creating AISystem for world Prototype
[2016.02.13-21.36.30:269][222]LogPlayLevel: PIE: World Init took: (0.000675s)
[2016.02.13-21.36.30:269][222]LogPlayLevel: PIE: Created PIE world by copying editor world from /Game/Hotel/Levels/Prototype.Prototype to /Game/Hotel/Levels/UEDPIE_0_Prototype.Prototype (0.014977s)
[2016.02.13-21.36.30:296][222]LogInit: XAudio2 using 'Speakers (2- High Definition Audio Device)' : 2 channels at 44.1 kHz using 16 bits per sample (channel mask 0x3)
[2016.02.13-21.36.30:302][222]LogInit: FAudioDevice initialized.
[2016.02.13-21.36.30:398][222]LogWorld: Game class is 'FirstPersonGameMode_C'
[2016.02.13-21.36.30:401][222]LogWorld: Bringing World /Game/Hotel/Levels/UEDPIE_0_Prototype.Prototype up for play (max tick rate 0) at 2016.02.13-16.36.30
[2016.02.13-21.36.30:401][222]LogActor:Warning: GameSession /Game/Hotel/Levels/UEDPIE_0_Prototype.Prototype:PersistentLevel.GameSession_4 has natively added scene component(s), but none of them were set as the actor's RootComponent - picking one arbitrarily
[2016.02.13-21.36.30:402][222]LogActor:Warning: GameNetworkManager /Game/Hotel/Levels/UEDPIE_0_Prototype.Prototype:PersistentLevel.GameNetworkManager_4 has natively added scene component(s), but none of them were set as the actor's RootComponent - picking one arbitrarily
[2016.02.13-21.36.30:402][222]LogWorld: Bringing up level for play took: 0.002991
[2016.02.13-21.36.30:409][222]PIE: Info Play in editor start time for /Game/Hotel/Levels/UEDPIE_0_Prototype -0.405
[2016.02.13-21.36.30:410][222]LogBlueprintUserMessages: Late PlayInEditor Detection: Level '/Game/Hotel/Levels/Prototype.Prototype:PersistentLevel' has LevelScriptBlueprint '/Game/Hotel/Levels/Prototype.Prototype:PersistentLevel.Prototype' with GeneratedClass '/Game/Hotel/Levels/Prototype.Prototype_C' with ClassGeneratedBy '/Game/Hotel/Levels/Prototype.Prototype:PersistentLevel.Prototype'
[2016.02.13-21.36.39:165][270]LogBlueprintUserMessages: Early EndPlayMap Detection: Level '/Game/Hotel/Levels/Prototype.Prototype:PersistentLevel' has LevelScriptBlueprint '/Game/Hotel/Levels/Prototype.Prototype:PersistentLevel.Prototype' with GeneratedClass '/Game/Hotel/Levels/Prototype.Prototype_C' with ClassGeneratedBy '/Game/Hotel/Levels/Prototype.Prototype:PersistentLevel.Prototype'
[2016.02.13-21.36.39:208][270]LogBlueprintUserMessages: Late EndPlayMap Detection: Level '/Game/Hotel/Levels/Prototype.Prototype:PersistentLevel' has LevelScriptBlueprint '/Game/Hotel/Levels/Prototype.Prototype:PersistentLevel.Prototype' with GeneratedClass '/Game/Hotel/Levels/Prototype.Prototype_C' with ClassGeneratedBy '/Game/Hotel/Levels/Prototype.Prototype:PersistentLevel.Prototype'
[2016.02.13-21.36.39:225][270]LogParticles: Destroying 0 GPU particle simulations for FXSystem 0x0000028A84B7DD00
[2016.02.13-21.36.43:954][830]Cmd: OBJ SAVEPACKAGE PACKAGE="/Game/Hotel/Blueprints/Player/Player" FILE="../../../../../../My Media/UCF Documents/DIG 4725-2/HotelBete/Content/Hotel/Blueprints/Player/Player.uasset" SILENT=true
[2016.02.13-21.36.44:174][830]LogSavePackage: Save=218.402679ms
[2016.02.13-21.36.44:174][830]LogSavePackage: Moving '../../../../../../My Media/UCF Documents/DIG 4725-2/HotelBete/Saved/Player5B4782A64D45BB2C107C76BE3A4A88C9.tmp' to '../../../../../../My Media/UCF Documents/DIG 4725-2/HotelBete/Content/Hotel/Blueprints/Player/Player.uasset'
[2016.02.13-21.36.44:175][830]LogSavePackage: Total save time: 220.480647ms
[2016.02.13-21.36.44:175][830]LogSavePackage:Display: Finished SavePackage ../../../../../../My Media/UCF Documents/DIG 4725-2/HotelBete/Content/Hotel/Blueprints/Player/Player.uasset
[2016.02.13-21.36.52:158][778]BlueprintLog: New page: Compile Player
[2016.02.13-21.36.52:336][778]BlueprintEditorCompileResults: Info [0527.70] Compile of Player successful! [in 178 ms]
[2016.02.13-21.36.53:923][876]LogSavePackage: Save=631.441284ms
[2016.02.13-21.36.53:923][876]LogSavePackage: Moving '../../../../../../My Media/UCF Documents/DIG 4725-2/HotelBete/Saved/PrototypeEA200ECD4BF2329F7B1A9A89AF814DBF.tmp' to '../../../../../../My Media/UCF Documents/DIG 4725-2/HotelBete/Content/Hotel/Levels/Prototype.umap'
[2016.02.13-21.36.53:924][876]LogSavePackage: Total save time: 634.261388ms
[2016.02.13-21.36.53:925][876]LogSavePackage:Display: Finished SavePackage ../../../../../../My Media/UCF Documents/DIG 4725-2/HotelBete/Content/Hotel/Levels/Prototype.umap
[2016.02.13-21.36.53:937][876]LogFileHelpers: Saving map 'Prototype' took 0.703
[2016.02.13-21.36.53:957][876]Cmd: OBJ SAVEPACKAGE PACKAGE="/Game/Hotel/Blueprints/Player/Player" FILE="../../../../../../My Media/UCF Documents/DIG 4725-2/HotelBete/Content/Hotel/Blueprints/Player/Player.uasset" SILENT=true
[2016.02.13-21.36.54:158][876]LogSavePackage: Save=199.930527ms
[2016.02.13-21.36.54:158][876]LogSavePackage: Moving '../../../../../../My Media/UCF Documents/DIG 4725-2/HotelBete/Saved/PlayerEA0DEFBA49CBD8258C3793A5C3222086.tmp' to '../../../../../../My Media/UCF Documents/DIG 4725-2/HotelBete/Content/Hotel/Blueprints/Player/Player.uasset'
[2016.02.13-21.36.54:159][876]LogSavePackage: Total save time: 202.059206ms
[2016.02.13-21.36.54:159][876]LogSavePackage:Display: Finished SavePackage ../../../../../../My Media/UCF Documents/DIG 4725-2/HotelBete/Content/Hotel/Blueprints/Player/Player.uasset
[2016.02.13-21.36.54:600][928]LogBlueprintUserMessages: Early PlayInEditor Detection: Level '/Game/Hotel/Levels/Prototype.Prototype:PersistentLevel' has LevelScriptBlueprint '/Game/Hotel/Levels/Prototype.Prototype:PersistentLevel.Prototype' with GeneratedClass '/Game/Hotel/Levels/Prototype.Prototype_C' with ClassGeneratedBy '/Game/Hotel/Levels/Prototype.Prototype:PersistentLevel.Prototype'
[2016.02.13-21.36.54:600][928]LogPlayLevel: PlayLevel: No blueprints needed recompiling
[2016.02.13-21.36.54:600][928]PIE: New page: PIE session: Prototype (Feb 13, 2016, 11:36:54 AM)
[2016.02.13-21.36.54:600][928]LogPlayLevel: Creating play world package: /Game/Hotel/Levels/UEDPIE_0_Prototype
[2016.02.13-21.36.54:614][928]LogPlayLevel: PIE: StaticDuplicateObject took: (0.014031s)
[2016.02.13-21.36.54:615][928]LogAIModule: Creating AISystem for world Prototype
[2016.02.13-21.36.54:615][928]LogPlayLevel: PIE: World Init took: (0.000575s)
[2016.02.13-21.36.54:615][928]LogPlayLevel: PIE: Created PIE world by copying editor world from /Game/Hotel/Levels/Prototype.Prototype to /Game/Hotel/Levels/UEDPIE_0_Prototype.Prototype (0.014821s)
[2016.02.13-21.36.54:615][928]LogActorComponent: UnregisterComponent: (/Engine/Transient.CharMoveComp) Not registered. Aborting.
[2016.02.13-21.36.54:645][928]LogInit: XAudio2 using 'Speakers (2- High Definition Audio Device)' : 2 channels at 44.1 kHz using 16 bits per sample (channel mask 0x3)
[2016.02.13-21.36.54:650][928]LogInit: FAudioDevice initialized.
[2016.02.13-21.36.54:750][928]LogWorld: Game class is 'FirstPersonGameMode_C'
[2016.02.13-21.36.54:753][928]LogWorld: Bringing World /Game/Hotel/Levels/UEDPIE_0_Prototype.Prototype up for play (max tick rate 0) at 2016.02.13-16.36.54
[2016.02.13-21.36.54:753][928]LogActor:Warning: GameSession /Game/Hotel/Levels/UEDPIE_0_Prototype.Prototype:PersistentLevel.GameSession_5 has natively added scene component(s), but none of them were set as the actor's RootComponent - picking one arbitrarily
[2016.02.13-21.36.54:754][928]LogActor:Warning: GameNetworkManager /Game/Hotel/Levels/UEDPIE_0_Prototype.Prototype:PersistentLevel.GameNetworkManager_5 has natively added scene component(s), but none of them were set as the actor's RootComponent - picking one arbitrarily
[2016.02.13-21.36.54:754][928]LogWorld: Bringing up level for play took: 0.003162
[2016.02.13-21.36.54:766][928]PIE: Info Play in editor start time for /Game/Hotel/Levels/UEDPIE_0_Prototype -0.049
[2016.02.13-21.36.54:766][928]LogBlueprintUserMessages: Late PlayInEditor Detection: Level '/Game/Hotel/Levels/Prototype.Prototype:PersistentLevel' has LevelScriptBlueprint '/Game/Hotel/Levels/Prototype.Prototype:PersistentLevel.Prototype' with GeneratedClass '/Game/Hotel/Levels/Prototype.Prototype_C' with ClassGeneratedBy '/Game/Hotel/Levels/Prototype.Prototype:PersistentLevel.Prototype'
[2016.02.13-21.37.02:091][805]LogBlueprintUserMessages: Early EndPlayMap Detection: Level '/Game/Hotel/Levels/Prototype.Prototype:PersistentLevel' has LevelScriptBlueprint '/Game/Hotel/Levels/Prototype.Prototype:PersistentLevel.Prototype' with GeneratedClass '/Game/Hotel/Levels/Prototype.Prototype_C' with ClassGeneratedBy '/Game/Hotel/Levels/Prototype.Prototype:PersistentLevel.Prototype'
[2016.02.13-21.37.02:133][805]LogBlueprintUserMessages: Late EndPlayMap Detection: Level '/Game/Hotel/Levels/Prototype.Prototype:PersistentLevel' has LevelScriptBlueprint '/Game/Hotel/Levels/Prototype.Prototype:PersistentLevel.Prototype' with GeneratedClass '/Game/Hotel/Levels/Prototype.Prototype_C' with ClassGeneratedBy '/Game/Hotel/Levels/Prototype.Prototype:PersistentLevel.Prototype'
[2016.02.13-21.37.02:151][805]LogParticles: Destroying 0 GPU particle simulations for FXSystem 0x0000028A63117CE0
[2016.02.13-21.38.35:610][788]BlueprintLog: New page: Compile Enemy
[2016.02.13-21.38.35:708][788]BlueprintEditorCompileResults: Info [0631.07] Compile of Enemy successful! [in 98 ms]
[2016.02.13-21.40.19:402][104]LogSavePackage: Save=620.055359ms
[2016.02.13-21.40.19:402][104]LogSavePackage: Moving '../../../../../../My Media/UCF Documents/DIG 4725-2/HotelBete/Saved/Prototype65341FD54EEFFC55865DF880669EE3B1.tmp' to '../../../../../../My Media/UCF Documents/DIG 4725-2/HotelBete/Content/Hotel/Levels/Prototype.umap'
[2016.02.13-21.40.19:404][104]LogSavePackage: Total save time: 630.384006ms
[2016.02.13-21.40.19:404][104]LogSavePackage:Display: Finished SavePackage ../../../../../../My Media/UCF Documents/DIG 4725-2/HotelBete/Content/Hotel/Levels/Prototype.umap
[2016.02.13-21.40.19:416][104]LogFileHelpers: Saving map 'Prototype' took 0.699
[2016.02.13-21.40.19:421][104]Cmd: OBJ SAVEPACKAGE PACKAGE="/Game/Hotel/Blueprints/Player/Player" FILE="../../../../../../My Media/UCF Documents/DIG 4725-2/HotelBete/Content/Hotel/Blueprints/Player/Player.uasset" SILENT=true
[2016.02.13-21.40.19:638][104]LogSavePackage: Save=216.018021ms
[2016.02.13-21.40.19:638][104]LogSavePackage: Moving '../../../../../../My Media/UCF Documents/DIG 4725-2/HotelBete/Saved/Player4D0E34D349A6A932F762FC8771329392.tmp' to '../../../../../../My Media/UCF Documents/DIG 4725-2/HotelBete/Content/Hotel/Blueprints/Player/Player.uasset'
[2016.02.13-21.40.19:639][104]LogSavePackage: Total save time: 218.130883ms
[2016.02.13-21.40.19:639][104]LogSavePackage:Display: Finished SavePackage ../../../../../../My Media/UCF Documents/DIG 4725-2/HotelBete/Content/Hotel/Blueprints/Player/Player.uasset
[2016.02.13-21.40.19:644][104]Cmd: OBJ SAVEPACKAGE PACKAGE="/Game/FirstPersonBP/Blueprints/Enemy" FILE="../../../../../../My Media/UCF Documents/DIG 4725-2/HotelBete/Content/FirstPersonBP/Blueprints/Enemy.uasset" SILENT=true
[2016.02.13-21.40.19:699][104]LogSavePackage: Save=53.636845ms
[2016.02.13-21.40.19:699][104]LogSavePackage: Moving '../../../../../../My Media/UCF Documents/DIG 4725-2/HotelBete/Saved/Enemy225E7EE24D6E25CDCA7F6E82E80DB8F7.tmp' to '../../../../../../My Media/UCF Documents/DIG 4725-2/HotelBete/Content/FirstPersonBP/Blueprints/Enemy.uasset'
[2016.02.13-21.40.19:700][104]LogSavePackage: Total save time: 56.105822ms
[2016.02.13-21.40.19:700][104]LogSavePackage:Display: Finished SavePackage ../../../../../../My Media/UCF Documents/DIG 4725-2/HotelBete/Content/FirstPersonBP/Blueprints/Enemy.uasset
[2016.02.13-21.40.20:205][165]BlueprintLog: New page: Compile Enemy
[2016.02.13-21.40.20:282][165]BlueprintEditorCompileResults: Info No value will be returned by reference. Parameter 'UpdatedActors'. Node:  OnPerceptionUpdated (AIPerception) 
[2016.02.13-21.40.20:282][165]BlueprintEditorCompileResults: Info [0735.64] Compile of Enemy successful! [in 77 ms]
[2016.02.13-21.40.27:084][979]LogBlueprintUserMessages: Early PlayInEditor Detection: Level '/Game/Hotel/Levels/Prototype.Prototype:PersistentLevel' has LevelScriptBlueprint '/Game/Hotel/Levels/Prototype.Prototype:PersistentLevel.Prototype' with GeneratedClass '/Game/Hotel/Levels/Prototype.Prototype_C' with ClassGeneratedBy '/Game/Hotel/Levels/Prototype.Prototype:PersistentLevel.Prototype'
[2016.02.13-21.40.27:084][979]BlueprintLog: New page: Pre-Play auto-recompile
[2016.02.13-21.40.27:089][979]LogPlayLevel: [PlayLevel] Compiling Player before play...
[2016.02.13-21.40.27:255][979]LogPlayLevel: PlayLevel: Blueprint regeneration took 171 ms (11 blueprints)
[2016.02.13-21.40.27:256][979]LogPlayLevel: [PlayLevel] Compiling Lighty before play...
[2016.02.13-21.40.27:294][979]LogPlayLevel: PlayLevel: Blueprint regeneration took 210 ms (12 blueprints)
[2016.02.13-21.40.27:295][979]LogPlayLevel: [PlayLevel] Compiling SpookVision before play...
[2016.02.13-21.40.27:334][979]LogPlayLevel: PlayLevel: Blueprint regeneration took 249 ms (12 blueprints)
[2016.02.13-21.40.27:334][979]LogPlayLevel: [PlayLevel] Compiling Door before play...
[2016.02.13-21.40.27:367][979]LogPlayLevel: PlayLevel: Blueprint regeneration took 283 ms (12 blueprints)
[2016.02.13-21.40.27:372][979]LogPlayLevel: [PlayLevel] Compiling Enemy before play...
[2016.02.13-21.40.27:422][979]LogPlayLevel: PlayLevel: Blueprint regeneration took 338 ms (12 blueprints)
[2016.02.13-21.40.27:423][979]LogPlayLevel: [PlayLevel] Compiling SpookyObject before play...
[2016.02.13-21.40.27:459][979]LogPlayLevel: PlayLevel: Blueprint regeneration took 374 ms (12 blueprints)
[2016.02.13-21.40.27:459][979]LogPlayLevel: [PlayLevel] Compiling TriggerA before play...
[2016.02.13-21.40.27:493][979]LogPlayLevel: PlayLevel: Blueprint regeneration took 408 ms (12 blueprints)
[2016.02.13-21.40.27:493][979]LogPlayLevel: [PlayLevel] Compiling TriggerSpook before play...
[2016.02.13-21.40.27:545][979]LogPlayLevel: PlayLevel: Blueprint regeneration took 461 ms (12 blueprints)
[2016.02.13-21.40.27:546][979]LogPlayLevel: [PlayLevel] Compiling InvItemPic before play...
[2016.02.13-21.40.27:586][979]LogPlayLevel: PlayLevel: Blueprint regeneration took 501 ms (12 blueprints)
[2016.02.13-21.40.27:586][979]LogPlayLevel: [PlayLevel] Compiling InventoryWidget before play...
[2016.02.13-21.40.27:627][979]LogPlayLevel: PlayLevel: Blueprint regeneration took 542 ms (12 blueprints)
[2016.02.13-21.40.27:627][979]LogPlayLevel: [PlayLevel] Compiling GameOver before play...
[2016.02.13-21.40.27:665][979]LogPlayLevel: PlayLevel: Blueprint regeneration took 580 ms (12 blueprints)
[2016.02.13-21.40.27:665][979]LogPlayLevel: [PlayLevel] Compiling ItemManager before play...
[2016.02.13-21.40.27:674][979]LogBlueprint:Warning: USimpleConstructionScript::FixupRootNodeParentReferences() - Couldn't find inherited parent component 'DefaultSceneRoot' for 'Cube' in BlueprintGeneratedClass 'REINST_ThingOne_C_280' (it may have been removed)
[2016.02.13-21.40.27:674][979]LogBlueprint:Warning: USimpleConstructionScript::FixupRootNodeParentReferences() - Couldn't find inherited parent component 'DefaultSceneRoot' for 'Cube1' in BlueprintGeneratedClass 'REINST_ThingOne_C_280' (it may have been removed)
[2016.02.13-21.40.27:709][979]LogBlueprint:Warning: USimpleConstructionScript::FixupRootNodeParentReferences() - Couldn't find inherited parent component 'DefaultSceneRoot' for 'Sphere' in BlueprintGeneratedClass 'REINST_ThingTwo_C_284' (it may have been removed)
[2016.02.13-21.40.27:709][979]LogBlueprint:Warning: USimpleConstructionScript::FixupRootNodeParentReferences() - Couldn't find inherited parent component 'DefaultSceneRoot' for 'Sphere1' in BlueprintGeneratedClass 'REINST_ThingTwo_C_284' (it may have been removed)
[2016.02.13-21.40.27:709][979]LogBlueprint:Warning: USimpleConstructionScript::FixupRootNodeParentReferences() - Couldn't find inherited parent component 'DefaultSceneRoot' for 'StaticMesh' in BlueprintGeneratedClass 'REINST_ThingTwo_C_284' (it may have been removed)
[2016.02.13-21.40.27:806][979]LogPlayLevel: PlayLevel: Blueprint regeneration took 722 ms (14 blueprints)
[2016.02.13-21.40.27:806][979]LogPlayLevel: [PlayLevel] Compiling ThingOne before play...
[2016.02.13-21.40.27:838][979]LogPlayLevel: PlayLevel: Blueprint regeneration took 753 ms (14 blueprints)
[2016.02.13-21.40.27:838][979]LogPlayLevel: [PlayLevel] Compiling ThingTwo before play...
[2016.02.13-21.40.27:866][979]LogPlayLevel: PlayLevel: Blueprint regeneration took 781 ms (14 blueprints)
[2016.02.13-21.40.27:884][979]PIE: New page: PIE session: Prototype (Feb 13, 2016, 11:40:27 AM)
[2016.02.13-21.40.27:884][979]LogPlayLevel: Creating play world package: /Game/Hotel/Levels/UEDPIE_0_Prototype
[2016.02.13-21.40.27:897][979]LogPlayLevel: PIE: StaticDuplicateObject took: (0.014037s)
[2016.02.13-21.40.27:898][979]LogAIModule: Creating AISystem for world Prototype
[2016.02.13-21.40.27:899][979]LogPlayLevel: PIE: World Init took: (0.000669s)
[2016.02.13-21.40.27:899][979]LogPlayLevel: PIE: Created PIE world by copying editor world from /Game/Hotel/Levels/Prototype.Prototype to /Game/Hotel/Levels/UEDPIE_0_Prototype.Prototype (0.014927s)
[2016.02.13-21.40.27:924][979]LogInit: XAudio2 using 'Speakers (2- High Definition Audio Device)' : 2 channels at 44.1 kHz using 16 bits per sample (channel mask 0x3)
[2016.02.13-21.40.27:930][979]LogInit: FAudioDevice initialized.
[2016.02.13-21.40.28:062][979]LogWorld: Game class is 'FirstPersonGameMode_C'
[2016.02.13-21.40.28:066][979]LogWorld: Bringing World /Game/Hotel/Levels/UEDPIE_0_Prototype.Prototype up for play (max tick rate 0) at 2016.02.13-16.40.28
[2016.02.13-21.40.28:066][979]LogActor:Warning: GameSession /Game/Hotel/Levels/UEDPIE_0_Prototype.Prototype:PersistentLevel.GameSession_6 has natively added scene component(s), but none of them were set as the actor's RootComponent - picking one arbitrarily
[2016.02.13-21.40.28:067][979]LogActor:Warning: GameNetworkManager /Game/Hotel/Levels/UEDPIE_0_Prototype.Prototype:PersistentLevel.GameNetworkManager_6 has natively added scene component(s), but none of them were set as the actor's RootComponent - picking one arbitrarily
[2016.02.13-21.40.28:067][979]LogWorld: Bringing up level for play took: 0.004188
[2016.02.13-21.40.28:076][979]PIE: Info Play in editor start time for /Game/Hotel/Levels/UEDPIE_0_Prototype 1.262
[2016.02.13-21.40.28:077][979]LogBlueprintUserMessages: Late PlayInEditor Detection: Level '/Game/Hotel/Levels/Prototype.Prototype:PersistentLevel' has LevelScriptBlueprint '/Game/Hotel/Levels/Prototype.Prototype:PersistentLevel.Prototype' with GeneratedClass '/Game/Hotel/Levels/Prototype.Prototype_C' with ClassGeneratedBy '/Game/Hotel/Levels/Prototype.Prototype:PersistentLevel.Prototype'
[2016.02.13-21.40.37:757][137]LogBlueprintUserMessages: Early EndPlayMap Detection: Level '/Game/Hotel/Levels/Prototype.Prototype:PersistentLevel' has LevelScriptBlueprint '/Game/Hotel/Levels/Prototype.Prototype:PersistentLevel.Prototype' with GeneratedClass '/Game/Hotel/Levels/Prototype.Prototype_C' with ClassGeneratedBy '/Game/Hotel/Levels/Prototype.Prototype:PersistentLevel.Prototype'
[2016.02.13-21.40.37:813][137]LogBlueprintUserMessages: Late EndPlayMap Detection: Level '/Game/Hotel/Levels/Prototype.Prototype:PersistentLevel' has LevelScriptBlueprint '/Game/Hotel/Levels/Prototype.Prototype:PersistentLevel.Prototype' with GeneratedClass '/Game/Hotel/Levels/Prototype.Prototype_C' with ClassGeneratedBy '/Game/Hotel/Levels/Prototype.Prototype:PersistentLevel.Prototype'
[2016.02.13-21.40.37:868][138]LogParticles: Destroying 0 GPU particle simulations for FXSystem 0x0000028A8E167740
[2016.02.13-21.40.50:991][611]LogSavePackage: Save=616.559204ms
[2016.02.13-21.40.50:991][611]LogSavePackage: Moving '../../../../../../My Media/UCF Documents/DIG 4725-2/HotelBete/Saved/Prototype96FEE8554A041151C6AD0FA6448AA713.tmp' to '../../../../../../My Media/UCF Documents/DIG 4725-2/HotelBete/Content/Hotel/Levels/Prototype.umap'
[2016.02.13-21.40.50:993][611]LogSavePackage: Total save time: 619.663112ms
[2016.02.13-21.40.50:993][611]LogSavePackage:Display: Finished SavePackage ../../../../../../My Media/UCF Documents/DIG 4725-2/HotelBete/Content/Hotel/Levels/Prototype.umap
[2016.02.13-21.40.51:005][611]LogFileHelpers: Saving map 'Prototype' took 0.688
[2016.02.13-21.40.51:009][611]Cmd: OBJ SAVEPACKAGE PACKAGE="/Game/FirstPersonBP/Blueprints/Enemy" FILE="../../../../../../My Media/UCF Documents/DIG 4725-2/HotelBete/Content/FirstPersonBP/Blueprints/Enemy.uasset" SILENT=true
[2016.02.13-21.40.51:051][611]LogSavePackage: Save=40.080318ms
[2016.02.13-21.40.51:051][611]LogSavePackage: Moving '../../../../../../My Media/UCF Documents/DIG 4725-2/HotelBete/Saved/Enemy3360380A4FD94A65D0C1FAA29DD57412.tmp' to '../../../../../../My Media/UCF Documents/DIG 4725-2/HotelBete/Content/FirstPersonBP/Blueprints/Enemy.uasset'
[2016.02.13-21.40.51:052][611]LogSavePackage: Total save time: 42.097058ms
[2016.02.13-21.40.51:052][611]LogSavePackage:Display: Finished SavePackage ../../../../../../My Media/UCF Documents/DIG 4725-2/HotelBete/Content/FirstPersonBP/Blueprints/Enemy.uasset
[2016.02.13-21.40.51:482][663]BlueprintLog: New page: Compile Enemy
[2016.02.13-21.40.51:553][663]BlueprintEditorCompileResults: Info No value will be returned by reference. Parameter 'UpdatedActors'. Node:  OnPerceptionUpdated (AIPerception) 
[2016.02.13-21.40.51:553][663]BlueprintEditorCompileResults: Info [0766.91] Compile of Enemy successful! [in 70 ms]
[2016.02.13-21.40.52:371][760]LogBlueprintUserMessages: Early PlayInEditor Detection: Level '/Game/Hotel/Levels/Prototype.Prototype:PersistentLevel' has LevelScriptBlueprint '/Game/Hotel/Levels/Prototype.Prototype:PersistentLevel.Prototype' with GeneratedClass '/Game/Hotel/Levels/Prototype.Prototype_C' with ClassGeneratedBy '/Game/Hotel/Levels/Prototype.Prototype:PersistentLevel.Prototype'
[2016.02.13-21.40.52:371][760]LogPlayLevel: PlayLevel: No blueprints needed recompiling
[2016.02.13-21.40.52:371][760]PIE: New page: PIE session: Prototype (Feb 13, 2016, 11:40:52 AM)
[2016.02.13-21.40.52:371][760]LogPlayLevel: Creating play world package: /Game/Hotel/Levels/UEDPIE_0_Prototype
[2016.02.13-21.40.52:385][760]LogPlayLevel: PIE: StaticDuplicateObject took: (0.014019s)
[2016.02.13-21.40.52:386][760]LogAIModule: Creating AISystem for world Prototype
[2016.02.13-21.40.52:386][760]LogPlayLevel: PIE: World Init took: (0.000512s)
[2016.02.13-21.40.52:386][760]LogPlayLevel: PIE: Created PIE world by copying editor world from /Game/Hotel/Levels/Prototype.Prototype to /Game/Hotel/Levels/UEDPIE_0_Prototype.Prototype (0.014766s)
[2016.02.13-21.40.52:410][760]LogInit: XAudio2 using 'Speakers (2- High Definition Audio Device)' : 2 channels at 44.1 kHz using 16 bits per sample (channel mask 0x3)
[2016.02.13-21.40.52:416][760]LogInit: FAudioDevice initialized.
[2016.02.13-21.40.52:517][760]LogWorld: Game class is 'FirstPersonGameMode_C'
[2016.02.13-21.40.52:521][760]LogWorld: Bringing World /Game/Hotel/Levels/UEDPIE_0_Prototype.Prototype up for play (max tick rate 0) at 2016.02.13-16.40.52
[2016.02.13-21.40.52:521][760]LogActor:Warning: GameSession /Game/Hotel/Levels/UEDPIE_0_Prototype.Prototype:PersistentLevel.GameSession_7 has natively added scene component(s), but none of them were set as the actor's RootComponent - picking one arbitrarily
[2016.02.13-21.40.52:521][760]LogActor:Warning: GameNetworkManager /Game/Hotel/Levels/UEDPIE_0_Prototype.Prototype:PersistentLevel.GameNetworkManager_7 has natively added scene component(s), but none of them were set as the actor's RootComponent - picking one arbitrarily
[2016.02.13-21.40.52:521][760]LogWorld: Bringing up level for play took: 0.002977
[2016.02.13-21.40.52:533][760]PIE: Info Play in editor start time for /Game/Hotel/Levels/UEDPIE_0_Prototype -0.282
[2016.02.13-21.40.52:533][760]LogBlueprintUserMessages: Late PlayInEditor Detection: Level '/Game/Hotel/Levels/Prototype.Prototype:PersistentLevel' has LevelScriptBlueprint '/Game/Hotel/Levels/Prototype.Prototype:PersistentLevel.Prototype' with GeneratedClass '/Game/Hotel/Levels/Prototype.Prototype_C' with ClassGeneratedBy '/Game/Hotel/Levels/Prototype.Prototype:PersistentLevel.Prototype'
[2016.02.13-21.40.58:997][522]LogBlueprintUserMessages: Early EndPlayMap Detection: Level '/Game/Hotel/Levels/Prototype.Prototype:PersistentLevel' has LevelScriptBlueprint '/Game/Hotel/Levels/Prototype.Prototype:PersistentLevel.Prototype' with GeneratedClass '/Game/Hotel/Levels/Prototype.Prototype_C' with ClassGeneratedBy '/Game/Hotel/Levels/Prototype.Prototype:PersistentLevel.Prototype'
[2016.02.13-21.40.59:039][522]LogBlueprintUserMessages: Late EndPlayMap Detection: Level '/Game/Hotel/Levels/Prototype.Prototype:PersistentLevel' has LevelScriptBlueprint '/Game/Hotel/Levels/Prototype.Prototype:PersistentLevel.Prototype' with GeneratedClass '/Game/Hotel/Levels/Prototype.Prototype_C' with ClassGeneratedBy '/Game/Hotel/Levels/Prototype.Prototype:PersistentLevel.Prototype'
[2016.02.13-21.40.59:056][522]LogParticles: Destroying 0 GPU particle simulations for FXSystem 0x0000028A3F0F5DA0
[2016.02.13-21.41.28:643][ 52]BlueprintLog: New page: Compile Enemy
[2016.02.13-21.41.28:713][ 52]BlueprintEditorCompileResults: Info No value will be returned by reference. Parameter 'UpdatedActors'. Node:  OnPerceptionUpdated (AIPerception) 
[2016.02.13-21.41.28:713][ 52]BlueprintEditorCompileResults: Info [0804.08] Compile of Enemy successful! [in 69 ms]
[2016.02.13-21.41.30:221][145]LogSavePackage: Save=629.713440ms
[2016.02.13-21.41.30:221][145]LogSavePackage: Moving '../../../../../../My Media/UCF Documents/DIG 4725-2/HotelBete/Saved/Prototype1E4E726D4CB487BB7A02A281E500C3F0.tmp' to '../../../../../../My Media/UCF Documents/DIG 4725-2/HotelBete/Content/Hotel/Levels/Prototype.umap'
[2016.02.13-21.41.30:223][145]LogSavePackage: Total save time: 632.624604ms
[2016.02.13-21.41.30:223][145]LogSavePackage:Display: Finished SavePackage ../../../../../../My Media/UCF Documents/DIG 4725-2/HotelBete/Content/Hotel/Levels/Prototype.umap
[2016.02.13-21.41.30:235][145]LogFileHelpers: Saving map 'Prototype' took 0.701
[2016.02.13-21.41.30:239][145]Cmd: OBJ SAVEPACKAGE PACKAGE="/Game/FirstPersonBP/Blueprints/Enemy" FILE="../../../../../../My Media/UCF Documents/DIG 4725-2/HotelBete/Content/FirstPersonBP/Blueprints/Enemy.uasset" SILENT=true
[2016.02.13-21.41.30:281][145]LogSavePackage: Save=40.804096ms
[2016.02.13-21.41.30:281][145]LogSavePackage: Moving '../../../../../../My Media/UCF Documents/DIG 4725-2/HotelBete/Saved/EnemyE0C3550248CD753119073DB063FF2CFE.tmp' to '../../../../../../My Media/UCF Documents/DIG 4725-2/HotelBete/Content/FirstPersonBP/Blueprints/Enemy.uasset'
[2016.02.13-21.41.30:282][145]LogSavePackage: Total save time: 42.829622ms
[2016.02.13-21.41.30:282][145]LogSavePackage:Display: Finished SavePackage ../../../../../../My Media/UCF Documents/DIG 4725-2/HotelBete/Content/FirstPersonBP/Blueprints/Enemy.uasset
[2016.02.13-21.41.32:204][375]LogBlueprintUserMessages: Early PlayInEditor Detection: Level '/Game/Hotel/Levels/Prototype.Prototype:PersistentLevel' has LevelScriptBlueprint '/Game/Hotel/Levels/Prototype.Prototype:PersistentLevel.Prototype' with GeneratedClass '/Game/Hotel/Levels/Prototype.Prototype_C' with ClassGeneratedBy '/Game/Hotel/Levels/Prototype.Prototype:PersistentLevel.Prototype'
[2016.02.13-21.41.32:204][375]LogPlayLevel: PlayLevel: No blueprints needed recompiling
[2016.02.13-21.41.32:204][375]PIE: New page: PIE session: Prototype (Feb 13, 2016, 11:41:32 AM)
[2016.02.13-21.41.32:204][375]LogPlayLevel: Creating play world package: /Game/Hotel/Levels/UEDPIE_0_Prototype
[2016.02.13-21.41.32:218][375]LogPlayLevel: PIE: StaticDuplicateObject took: (0.014026s)
[2016.02.13-21.41.32:219][375]LogAIModule: Creating AISystem for world Prototype
[2016.02.13-21.41.32:219][375]LogPlayLevel: PIE: World Init took: (0.000647s)
[2016.02.13-21.41.32:219][375]LogPlayLevel: PIE: Created PIE world by copying editor world from /Game/Hotel/Levels/Prototype.Prototype to /Game/Hotel/Levels/UEDPIE_0_Prototype.Prototype (0.014912s)
[2016.02.13-21.41.32:244][375]LogInit: XAudio2 using 'Speakers (2- High Definition Audio Device)' : 2 channels at 44.1 kHz using 16 bits per sample (channel mask 0x3)
[2016.02.13-21.41.32:250][375]LogInit: FAudioDevice initialized.
[2016.02.13-21.41.32:347][375]LogWorld: Game class is 'FirstPersonGameMode_C'
[2016.02.13-21.41.32:350][375]LogWorld: Bringing World /Game/Hotel/Levels/UEDPIE_0_Prototype.Prototype up for play (max tick rate 0) at 2016.02.13-16.41.32
[2016.02.13-21.41.32:351][375]LogActor:Warning: GameSession /Game/Hotel/Levels/UEDPIE_0_Prototype.Prototype:PersistentLevel.GameSession_8 has natively added scene component(s), but none of them were set as the actor's RootComponent - picking one arbitrarily
[2016.02.13-21.41.32:351][375]LogActor:Warning: GameNetworkManager /Game/Hotel/Levels/UEDPIE_0_Prototype.Prototype:PersistentLevel.GameNetworkManager_8 has natively added scene component(s), but none of them were set as the actor's RootComponent - picking one arbitrarily
[2016.02.13-21.41.32:351][375]LogWorld: Bringing up level for play took: 0.003097
[2016.02.13-21.41.32:363][375]PIE: Info Play in editor start time for /Game/Hotel/Levels/UEDPIE_0_Prototype -0.452
[2016.02.13-21.41.32:363][375]LogBlueprintUserMessages: Late PlayInEditor Detection: Level '/Game/Hotel/Levels/Prototype.Prototype:PersistentLevel' has LevelScriptBlueprint '/Game/Hotel/Levels/Prototype.Prototype:PersistentLevel.Prototype' with GeneratedClass '/Game/Hotel/Levels/Prototype.Prototype_C' with ClassGeneratedBy '/Game/Hotel/Levels/Prototype.Prototype:PersistentLevel.Prototype'
[2016.02.13-21.41.43:405][699]LogBlueprintUserMessages: Early EndPlayMap Detection: Level '/Game/Hotel/Levels/Prototype.Prototype:PersistentLevel' has LevelScriptBlueprint '/Game/Hotel/Levels/Prototype.Prototype:PersistentLevel.Prototype' with GeneratedClass '/Game/Hotel/Levels/Prototype.Prototype_C' with ClassGeneratedBy '/Game/Hotel/Levels/Prototype.Prototype:PersistentLevel.Prototype'
[2016.02.13-21.41.43:452][699]LogBlueprintUserMessages: Late EndPlayMap Detection: Level '/Game/Hotel/Levels/Prototype.Prototype:PersistentLevel' has LevelScriptBlueprint '/Game/Hotel/Levels/Prototype.Prototype:PersistentLevel.Prototype' with GeneratedClass '/Game/Hotel/Levels/Prototype.Prototype_C' with ClassGeneratedBy '/Game/Hotel/Levels/Prototype.Prototype:PersistentLevel.Prototype'
[2016.02.13-21.41.43:483][699]LogParticles: Destroying 0 GPU particle simulations for FXSystem 0x0000028A8253FBA0
[2016.02.13-21.44.39:854][216]LogUProjectInfo: Found projects:
[2016.02.13-21.44.40:755][321]Cmd: CLOSE_SLATE_MAINFRAME
[2016.02.13-21.44.40:860][321]LogActorComponent: UnregisterComponent: (/Engine/Transient.EditorFloorComp) Not registered. Aborting.
[2016.02.13-21.44.41:089][322]Cmd: QUIT_EDITOR
[2016.02.13-21.44.42:054][322]LogWindowsTextInputMethodSystem:Display: IME system now deactivated.
[2016.02.13-21.44.42:098][322]LogExit: Preparing to exit.
[2016.02.13-21.44.43:190][322]LogExit: Editor shut down
[2016.02.13-21.44.43:191][322]LogExit: Transaction tracking system shut down
[2016.02.13-21.44.43:191][322]LogParticles: Destroying 0 GPU particle simulations for FXSystem 0x0000028A44F27880
[2016.02.13-21.44.43:194][322]LogParticles: Destroying 0 GPU particle simulations for FXSystem 0x0000028A44F7E200
[2016.02.13-21.44.43:195][322]LogParticles: Destroying 0 GPU particle simulations for FXSystem 0x0000028A5E794CC0
[2016.02.13-21.44.43:195][322]LogParticles: Destroying 0 GPU particle simulations for FXSystem 0x0000028A6FFAF600
[2016.02.13-21.44.43:196][322]LogParticles: Destroying 0 GPU particle simulations for FXSystem 0x0000028A5D61A0C0
[2016.02.13-21.44.43:196][322]LogParticles: Destroying 0 GPU particle simulations for FXSystem 0x0000028A846E1080
[2016.02.13-21.44.43:196][322]LogParticles: Destroying 0 GPU particle simulations for FXSystem 0x0000028A8A960E00
[2016.02.13-21.44.43:196][322]LogParticles: Destroying 0 GPU particle simulations for FXSystem 0x0000028A3CBBA8E0
[2016.02.13-21.44.43:349][322]LogExit: Object subsystem successfully closed.
[2016.02.13-21.44.43:359][322]LogD3D11RHI: Shutdown
[2016.02.13-21.44.43:359][322]LogD3D11RHI: CleanupD3DDevice
[2016.02.13-21.44.43:396][322]LogD3D11RHI: ~FD3D11DynamicRHI
[2016.02.13-21.44.43:403][322]LogModuleManager: Shutting down and abandoning module CookingStats (202)
[2016.02.13-21.44.43:403][322]LogModuleManager: Shutting down and abandoning module BlueprintGraph (201)
[2016.02.13-21.44.43:403][322]LogModuleManager: Shutting down and abandoning module CrashTracker (200)
[2016.02.13-21.44.43:403][322]LogModuleManager: Shutting down and abandoning module SceneOutliner (199)
[2016.02.13-21.44.43:403][322]LogModuleManager: Shutting down and abandoning module SuperSearch (198)
[2016.02.13-21.44.43:403][322]LogModuleManager: Shutting down and abandoning module WidgetCarousel (197)
[2016.02.13-21.44.43:403][322]LogModuleManager: Shutting down and abandoning module AddContentDialog (196)
[2016.02.13-21.44.43:404][322]LogModuleManager: Shutting down and abandoning module EditorWidgets (195)
[2016.02.13-21.44.43:404][322]LogModuleManager: Shutting down and abandoning module CollectionManager (194)
[2016.02.13-21.44.43:404][322]LogModuleManager: Shutting down and abandoning module StatsViewer (193)
[2016.02.13-21.44.43:404][322]LogModuleManager: Shutting down and abandoning module FoliageEdit (192)
[2016.02.13-21.44.43:404][322]LogModuleManager: Shutting down and abandoning module LandscapeEditor (191)
[2016.02.13-21.44.43:404][322]LogModuleManager: Shutting down and abandoning module ActorPickerMode (190)
[2016.02.13-21.44.43:404][322]LogModuleManager: Shutting down and abandoning module GeometryMode (189)
[2016.02.13-21.44.43:404][322]LogModuleManager: Shutting down and abandoning module TextureAlignMode (188)
[2016.02.13-21.44.43:404][322]LogModuleManager: Shutting down and abandoning module BspMode (187)
[2016.02.13-21.44.43:404][322]LogModuleManager: Shutting down and abandoning module PlacementMode (186)
[2016.02.13-21.44.43:404][322]LogModuleManager: Shutting down and abandoning module AutomationWorker (185)
[2016.02.13-21.44.43:404][322]LogModuleManager: Shutting down and abandoning module CharacterAI (184)
[2016.02.13-21.44.43:404][322]LogModuleManager: Shutting down and abandoning module SmartSnapping (183)
[2016.02.13-21.44.43:404][322]LogModuleManager: Shutting down and abandoning module ViewportSnapping (182)
[2016.02.13-21.44.43:404][322]LogModuleManager: Shutting down and abandoning module LogVisualizer (181)
[2016.02.13-21.44.43:405][322]LogModuleManager: Shutting down and abandoning module GameProjectGeneration (180)
[2016.02.13-21.44.43:405][322]LogModuleManager: Shutting down and abandoning module IntroTutorials (179)
[2016.02.13-21.44.43:405][322]LogModuleManager: Shutting down and abandoning module EditorLiveStreaming (178)
[2016.02.13-21.44.43:405][322]LogModuleManager: Shutting down and abandoning module IOSPlatformEditor (177)
[2016.02.13-21.44.43:405][322]LogModuleManager: Shutting down and abandoning module HTML5PlatformEditor (176)
[2016.02.13-21.44.43:405][322]LogModuleManager: Shutting down and abandoning module AndroidDeviceDetection (175)
[2016.02.13-21.44.43:617][322]LogModuleManager: Shutting down and abandoning module AndroidPlatformEditor (174)
[2016.02.13-21.44.43:617][322]LogModuleManager: Shutting down and abandoning module IOSRuntimeSettings (173)
[2016.02.13-21.44.43:617][322]LogModuleManager: Shutting down and abandoning module AndroidRuntimeSettings (172)
[2016.02.13-21.44.43:617][322]LogModuleManager: Shutting down and abandoning module MergeActors (171)
[2016.02.13-21.44.43:617][322]LogModuleManager: Shutting down and abandoning module SizeMap (170)
[2016.02.13-21.44.43:617][322]LogModuleManager: Shutting down and abandoning module TreeMap (169)
[2016.02.13-21.44.43:617][322]LogModuleManager: Shutting down and abandoning module ReferenceViewer (168)
[2016.02.13-21.44.43:617][322]LogModuleManager: Shutting down and abandoning module LocalizationService (167)
[2016.02.13-21.44.43:617][322]LogModuleManager: Shutting down and abandoning module LocalizationDashboard (166)
[2016.02.13-21.44.43:617][322]LogModuleManager: Shutting down and abandoning module HardwareTargeting (165)
[2016.02.13-21.44.43:617][322]LogModuleManager: Shutting down and abandoning module DeviceProfileEditor (164)
[2016.02.13-21.44.43:617][322]LogModuleManager: Shutting down and abandoning module UndoHistory (163)
[2016.02.13-21.44.43:617][322]LogModuleManager: Shutting down and abandoning module GameplayTagsEditor (162)
[2016.02.13-21.44.43:617][322]LogModuleManager: Shutting down and abandoning module UserFeedback (161)
[2016.02.13-21.44.43:617][322]LogModuleManager: Shutting down and abandoning module XmlParser (160)
[2016.02.13-21.44.43:617][322]LogModuleManager: Shutting down and abandoning module Blutility (159)
[2016.02.13-21.44.43:617][322]LogModuleManager: Shutting down and abandoning module ProjectTargetPlatformEditor (158)
[2016.02.13-21.44.43:618][322]LogModuleManager: Shutting down and abandoning module ProjectSettingsViewer (157)
[2016.02.13-21.44.43:618][322]LogModuleManager: Shutting down and abandoning module InputBindingEditor (156)
[2016.02.13-21.44.43:618][322]LogModuleManager: Shutting down and abandoning module EditorSettingsViewer (155)
[2016.02.13-21.44.43:618][322]LogModuleManager: Shutting down and abandoning module SettingsEditor (154)
[2016.02.13-21.44.43:618][322]LogModuleManager: Shutting down and abandoning module ProjectLauncher (153)
[2016.02.13-21.44.43:618][322]LogModuleManager: Shutting down and abandoning module SessionFrontend (152)
[2016.02.13-21.44.43:618][322]LogModuleManager: Shutting down and abandoning module ProfilerClient (151)
[2016.02.13-21.44.43:618][322]LogModuleManager: Shutting down and abandoning module TargetDeviceServices (150)
[2016.02.13-21.44.43:618][322]LogModuleManager: Shutting down and abandoning module DeviceManager (149)
[2016.02.13-21.44.43:618][322]LogModuleManager: Shutting down and abandoning module AutomationController (148)
[2016.02.13-21.44.43:618][322]LogModuleManager: Shutting down and abandoning module AutomationWindow (147)
[2016.02.13-21.44.43:618][322]LogModuleManager: Shutting down and abandoning module Layers (146)
[2016.02.13-21.44.43:618][322]LogModuleManager: Shutting down and abandoning module ComponentVisualizers (145)
[2016.02.13-21.44.43:618][322]LogModuleManager: Shutting down and abandoning module DetailCustomizations (144)
[2016.02.13-21.44.43:618][322]LogModuleManager: Shutting down and abandoning module PackagesDialog (143)
[2016.02.13-21.44.43:618][322]LogModuleManager: Shutting down and abandoning module Persona (142)
[2016.02.13-21.44.43:618][322]LogModuleManager: Shutting down and abandoning module Kismet (141)
[2016.02.13-21.44.43:618][322]LogModuleManager: Shutting down and abandoning module GraphEditor (140)
[2016.02.13-21.44.43:618][322]LogModuleManager: Shutting down and abandoning module ClassViewer (139)
[2016.02.13-21.44.43:619][322]LogModuleManager: Shutting down and abandoning module Toolbox (138)
[2016.02.13-21.44.43:619][322]LogModuleManager: Shutting down and abandoning module ModuleUI (137)
[2016.02.13-21.44.43:619][322]LogModuleManager: Shutting down and abandoning module MovieSceneTools (136)
[2016.02.13-21.44.43:619][322]LogModuleManager: Shutting down and abandoning module OutputLog (135)
[2016.02.13-21.44.43:619][322]LogModuleManager: Shutting down and abandoning module GammaUI (134)
[2016.02.13-21.44.43:619][322]LogModuleManager: Shutting down and abandoning module Documentation (133)
[2016.02.13-21.44.43:619][322]LogModuleManager: Shutting down and abandoning module GameLiveStreaming (132)
[2016.02.13-21.44.43:619][322]LogModuleManager: Shutting down and abandoning module StreamingPauseRendering (131)
[2016.02.13-21.44.43:619][322]LogModuleManager: Shutting down and abandoning module AnalyticsET (130)
[2016.02.13-21.44.43:619][322]LogModuleManager: Shutting down and abandoning module Analytics (129)
[2016.02.13-21.44.43:619][322]LogModuleManager: Shutting down and abandoning module AITestSuite (128)
[2016.02.13-21.44.43:619][322]LogModuleManager: Shutting down and abandoning module GameplayDebugger (127)
[2016.02.13-21.44.43:619][322]LogModuleManager: Shutting down and abandoning module AIModule (126)
[2016.02.13-21.44.43:619][322]LogModuleManager: Shutting down and abandoning module ProfilerService (125)
[2016.02.13-21.44.43:830][322]LogModuleManager: Shutting down and abandoning module TaskGraph (124)
[2016.02.13-21.44.43:830][322]LogModuleManager: Shutting down and abandoning module SubstanceEditor (123)
[2016.02.13-21.44.43:830][322]LogModuleManager: Shutting down and abandoning module SlateRemote (122)
[2016.02.13-21.44.43:830][322]LogModuleManager: Shutting down and abandoning module SteamVRController (121)
[2016.02.13-21.44.43:830][322]LogModuleManager: Shutting down and abandoning module SteamVR (120)
[2016.02.13-21.44.43:830][322]LogModuleManager: Shutting down and abandoning module ProceduralMeshComponent (119)
[2016.02.13-21.44.43:830][322]LogModuleManager: Shutting down and abandoning module OculusLibrary (118)
[2016.02.13-21.44.43:830][322]LogModuleManager: Shutting down and abandoning module OculusInput (117)
[2016.02.13-21.44.43:830][322]LogModuleManager: Shutting down and abandoning module LeapMotionController (116)
[2016.02.13-21.44.43:842][322]LogModuleManager: Shutting down and abandoning module CustomMeshComponent (115)
[2016.02.13-21.44.43:842][322]LogModuleManager: Shutting down and abandoning module CableComponent (114)
[2016.02.13-21.44.43:842][322]LogModuleManager: Shutting down and abandoning module ArchVisCharacter (113)
[2016.02.13-21.44.43:842][322]LogModuleManager: Shutting down and abandoning module MessagingDebugger (112)
[2016.02.13-21.44.43:843][322]LogModuleManager: Shutting down and abandoning module MediaPlayerEditor (111)
[2016.02.13-21.44.43:843][322]LogModuleManager: Shutting down and abandoning module HTML5Networking (110)
[2016.02.13-21.44.43:843][322]LogModuleManager: Shutting down and abandoning module SpeedTreeImporter (109)
[2016.02.13-21.44.43:843][322]LogModuleManager: Shutting down and abandoning module PluginBrowser (108)
[2016.02.13-21.44.43:843][322]LogModuleManager: Shutting down and abandoning module EpicSurvey (107)
[2016.02.13-21.44.43:843][322]LogModuleManager: Shutting down and abandoning module DesktopPlatform (106)
[2016.02.13-21.44.43:843][322]LogModuleManager: Shutting down and abandoning module VisualStudioSourceCodeAccess (105)
[2016.02.13-21.44.43:843][322]LogModuleManager: Shutting down and abandoning module UObjectPlugin (104)
[2016.02.13-21.44.43:843][322]LogModuleManager: Shutting down and abandoning module SubversionSourceControl (103)
[2016.02.13-21.44.43:843][322]LogModuleManager: Shutting down and abandoning module PerforceSourceControl (102)
[2016.02.13-21.44.43:843][322]LogModuleManager: Shutting down and abandoning module SourceControl (101)
[2016.02.13-21.44.43:843][322]LogModuleManager: Shutting down and abandoning module GitSourceControl (100)
[2016.02.13-21.44.43:843][322]LogModuleManager: Shutting down and abandoning module LightPropagationVolumeEditor (99)
[2016.02.13-21.44.43:843][322]LogModuleManager: Shutting down and abandoning module PaperTiledImporter (98)
[2016.02.13-21.44.43:843][322]LogModuleManager: Shutting down and abandoning module PaperSpriteSheetImporter (97)
[2016.02.13-21.44.43:843][322]LogModuleManager: Shutting down and abandoning module MeshPaint (96)
[2016.02.13-21.44.43:843][322]LogModuleManager: Shutting down and abandoning module SlateReflector (95)
[2016.02.13-21.44.43:843][322]LogModuleManager: Shutting down and abandoning module HotReload (94)
[2016.02.13-21.44.43:843][322]LogModuleManager: Shutting down and abandoning module MainFrame (93)
[2016.02.13-21.44.43:843][322]LogModuleManager: Shutting down and abandoning module LevelEditor (92)
[2016.02.13-21.44.43:844][322]LogModuleManager: Shutting down and abandoning module ContentBrowser (91)
[2016.02.13-21.44.43:844][322]LogModuleManager: Shutting down and abandoning module Paper2DEditor (90)
[2016.02.13-21.44.43:844][322]LogModuleManager: Shutting down and abandoning module UdpMessaging (89)
[2016.02.13-21.44.43:945][322]LogModuleManager: Shutting down and abandoning module DirectoryWatcher (88)
[2016.02.13-21.44.43:945][322]LogModuleManager: Shutting down and abandoning module AssetRegistry (87)
[2016.02.13-21.44.44:046][322]LogModuleManager: Shutting down and abandoning module SubstanceCore (86)
[2016.02.13-21.44.44:046][322]LogModuleManager: Shutting down and abandoning module LightPropagationVolumeRuntime (85)
[2016.02.13-21.44.44:046][322]LogModuleManager: Shutting down and abandoning module Paper2D (84)
[2016.02.13-21.44.44:046][322]LogModuleManager: Shutting down and abandoning module WindowsMoviePlayer (83)
[2016.02.13-21.44.44:047][322]LogModuleManager: Shutting down and abandoning module Media (82)
[2016.02.13-21.44.44:047][322]LogModuleManager: Shutting down and abandoning module WmfMedia (81)
[2016.02.13-21.44.44:048][322]LogModuleManager: Shutting down and abandoning module OnlineBlueprintSupport (80)
[2016.02.13-21.44.44:048][322]LogModuleManager: Shutting down and abandoning module GameplayTasksEditor (79)
[2016.02.13-21.44.44:048][322]LogModuleManager: Shutting down and abandoning module PropertyEditor (78)
[2016.02.13-21.44.44:048][322]LogModuleManager: Shutting down and abandoning module BehaviorTreeEditor (77)
[2016.02.13-21.44.44:048][322]LogModuleManager: Shutting down and abandoning module FunctionalTesting (76)
[2016.02.13-21.44.44:048][322]LogModuleManager: Shutting down and abandoning module CollisionAnalyzer (75)
[2016.02.13-21.44.44:048][322]LogModuleManager: Shutting down and abandoning module WorkspaceMenuStructure (74)
[2016.02.13-21.44.44:048][322]LogModuleManager: Shutting down and abandoning module MessageLog (73)
[2016.02.13-21.44.44:048][322]LogModuleManager: Shutting down and abandoning module Sequencer (72)
[2016.02.13-21.44.44:048][322]LogModuleManager: Shutting down and abandoning module AssetTools (71)
[2016.02.13-21.44.44:048][322]LogModuleManager: Shutting down and abandoning module UMGEditor (70)
[2016.02.13-21.44.44:048][322]LogModuleManager: Shutting down and abandoning module UMG (69)
[2016.02.13-21.44.44:048][322]LogModuleManager: Shutting down and abandoning module Slate (68)
[2016.02.13-21.44.44:048][322]LogModuleManager: Shutting down and abandoning module EditorStyle (67)
[2016.02.13-21.44.44:049][322]LogModuleManager: Shutting down and abandoning module SessionServices (66)
[2016.02.13-21.44.44:049][322]LogModuleManager: Shutting down and abandoning module SourceCodeAccess (65)
[2016.02.13-21.44.44:049][322]LogModuleManager: Shutting down and abandoning module HeadMountedDisplay (64)
[2016.02.13-21.44.44:049][322]LogModuleManager: Shutting down and abandoning module XAudio2 (63)
[2016.02.13-21.44.44:049][322]LogModuleManager: Shutting down and abandoning module Networking (61)
[2016.02.13-21.44.44:049][322]LogModuleManager: Shutting down and abandoning module Core (60)
[2016.02.13-21.44.44:049][322]LogModuleManager: Shutting down and abandoning module KismetCompiler (59)
[2016.02.13-21.44.44:049][322]LogModuleManager: Shutting down and abandoning module PhysXFormats (58)
[2016.02.13-21.44.44:049][322]LogModuleManager: Shutting down and abandoning module MeshUtilities (57)
[2016.02.13-21.44.44:049][322]LogModuleManager: Shutting down and abandoning module DerivedDataCache (56)
[2016.02.13-21.44.44:094][322]LogDerivedDataCache: Shutdown
[2016.02.13-21.44.44:094][322]LogModuleManager: Shutting down and abandoning module ShaderFormatOpenGL (55)
[2016.02.13-21.44.44:094][322]LogModuleManager: Shutting down and abandoning module ShaderFormatD3D (54)
[2016.02.13-21.44.44:094][322]LogModuleManager: Shutting down and abandoning module MetalShaderFormat (53)
[2016.02.13-21.44.44:094][322]LogModuleManager: Shutting down and abandoning module TextureFormatUncompressed (52)
[2016.02.13-21.44.44:094][322]LogModuleManager: Shutting down and abandoning module TextureFormatPVR (51)
[2016.02.13-21.44.44:094][322]LogModuleManager: Shutting down and abandoning module TextureFormatIntelISPCTexComp (50)
[2016.02.13-21.44.44:094][322]LogModuleManager: Shutting down and abandoning module TextureFormatDXT (49)
[2016.02.13-21.44.44:094][322]LogModuleManager: Shutting down and abandoning module ImageWrapper (48)
[2016.02.13-21.44.44:094][322]LogModuleManager: Shutting down and abandoning module TextureFormatASTC (47)
[2016.02.13-21.44.44:094][322]LogModuleManager: Shutting down and abandoning module TextureFormatAndroid (46)
[2016.02.13-21.44.44:094][322]LogModuleManager: Shutting down and abandoning module AudioFormatOpus (45)
[2016.02.13-21.44.44:094][322]LogModuleManager: Shutting down and abandoning module AudioFormatOgg (44)
[2016.02.13-21.44.44:094][322]LogModuleManager: Shutting down and abandoning module AudioFormatADPCM (43)
[2016.02.13-21.44.44:094][322]LogModuleManager: Shutting down and abandoning module LinuxTargetPlatform (42)
[2016.02.13-21.44.44:094][322]LogModuleManager: Shutting down and abandoning module LinuxServerTargetPlatform (41)
[2016.02.13-21.44.44:094][322]LogModuleManager: Shutting down and abandoning module LinuxNoEditorTargetPlatform (40)
[2016.02.13-21.44.44:094][322]LogModuleManager: Shutting down and abandoning module Messaging (39)
[2016.02.13-21.44.44:094][322]LogModuleManager: Shutting down and abandoning module IOSTargetPlatform (38)
[2016.02.13-21.44.44:094][322]LogModuleManager: Shutting down and abandoning module HTML5TargetPlatform (37)
[2016.02.13-21.44.44:094][322]LogModuleManager: Shutting down and abandoning module Android_PVRTCTargetPlatform (36)
[2016.02.13-21.44.44:094][322]LogModuleManager: Shutting down and abandoning module Android_MultiTargetPlatform (35)
[2016.02.13-21.44.44:094][322]LogModuleManager: Shutting down and abandoning module Android_ETC2TargetPlatform (34)
[2016.02.13-21.44.44:095][322]LogModuleManager: Shutting down and abandoning module Android_ETC1TargetPlatform (33)
[2016.02.13-21.44.44:095][322]LogModuleManager: Shutting down and abandoning module Android_DXTTargetPlatform (32)
[2016.02.13-21.44.44:095][322]LogModuleManager: Shutting down and abandoning module Android_ATCTargetPlatform (31)
[2016.02.13-21.44.44:095][322]LogModuleManager: Shutting down and abandoning module Android_ASTCTargetPlatform (30)
[2016.02.13-21.44.44:095][322]LogModuleManager: Shutting down and abandoning module AndroidTargetPlatform (29)
[2016.02.13-21.44.44:095][322]LogModuleManager: Shutting down and abandoning module WindowsTargetPlatform (28)
[2016.02.13-21.44.44:095][322]LogModuleManager: Shutting down and abandoning module WindowsServerTargetPlatform (27)
[2016.02.13-21.44.44:095][322]LogModuleManager: Shutting down and abandoning module WindowsNoEditorTargetPlatform (26)
[2016.02.13-21.44.44:095][322]LogModuleManager: Shutting down and abandoning module WindowsClientTargetPlatform (25)
[2016.02.13-21.44.44:095][322]LogModuleManager: Shutting down and abandoning module AllDesktopTargetPlatform (24)
[2016.02.13-21.44.44:095][322]LogModuleManager: Shutting down and abandoning module TargetPlatform (23)
[2016.02.13-21.44.44:095][322]LogModuleManager: Shutting down and abandoning module InputCore (22)
[2016.02.13-21.44.44:095][322]LogModuleManager: Shutting down and abandoning module Settings (21)
[2016.02.13-21.44.44:095][322]LogModuleManager: Shutting down and abandoning module OnlineSubsystem (19)
[2016.02.13-21.44.44:095][322]LogModuleManager: Shutting down and abandoning module HTTP (18)
[2016.02.13-21.44.45:096][322]LogModuleManager: Shutting down and abandoning module XMPP (17)
[2016.02.13-21.44.45:096][322]LogModuleManager: Shutting down and abandoning module OculusRift (16)
[2016.02.13-21.44.45:096][322]LogModuleManager: Shutting down and abandoning module ExampleDeviceProfileSelector (15)
[2016.02.13-21.44.45:096][322]LogModuleManager: Shutting down and abandoning module TextureCompressor (14)
[2016.02.13-21.44.45:096][322]LogModuleManager: Shutting down and abandoning module ShaderCore (13)
[2016.02.13-21.44.45:096][322]LogModuleManager: Shutting down and abandoning module Landscape (12)
[2016.02.13-21.44.45:096][322]LogModuleManager: Shutting down and abandoning module SlateRHIRenderer (11)
[2016.02.13-21.44.45:096][322]LogModuleManager: Shutting down and abandoning module OpenGLDrv (10)
[2016.02.13-21.44.45:096][322]LogModuleManager: Shutting down and abandoning module D3D11RHI (9)
[2016.02.13-21.44.45:096][322]LogModuleManager: Shutting down and abandoning module AnimGraphRuntime (8)
[2016.02.13-21.44.45:096][322]LogModuleManager: Shutting down and abandoning module Renderer (7)
[2016.02.13-21.44.45:096][322]LogModuleManager: Shutting down and abandoning module Engine (6)
[2016.02.13-21.44.45:096][322]LogModuleManager: Shutting down and abandoning module CoreUObject (5)
[2016.02.13-21.44.45:096][322]LogModuleManager: Shutting down and abandoning module NetworkFile (4)
[2016.02.13-21.44.45:096][322]LogModuleManager: Shutting down and abandoning module StreamingFile (3)
[2016.02.13-21.44.45:096][322]LogModuleManager: Shutting down and abandoning module SandboxFile (2)
[2016.02.13-21.44.45:096][322]LogModuleManager: Shutting down and abandoning module PakFile (1)
[2016.02.13-21.44.45:097][322]LogExit: Exiting.
[2016.02.13-21.44.45:098][322]Log file closed, 02/13/16 16:44:45
