[2016.03.02-04.55.44:658][  0]Log file open, 03/01/16 23:55:44
[2016.03.02-04.55.44:658][  0]LogInit:Display: Running engine for game: Hotel
[2016.03.02-04.55.44:658][  0]LogPlatformFile: Not using cached read wrapper
[2016.03.02-04.55.44:658][  0]LogInit:Display: RandInit(-1883396494) SRandInit(-1883396445).
[2016.03.02-04.55.44:658][  0]LogTaskGraph: Started task graph with 4 named threads and 7 total threads.
[2016.03.02-04.55.44:658][  0]LogStats: Stats thread started at 2.876632
[2016.03.02-04.55.44:658][  0]LogInit: Version: 4.10.2-2818068+++depot+UE4-Releases+4.10
[2016.03.02-04.55.44:658][  0]LogInit: API Version: 2758231
[2016.03.02-04.55.44:658][  0]LogInit: Compiled (64-bit): Jan  6 2016 17:36:42
[2016.03.02-04.55.44:658][  0]LogInit: Compiled with Visual C++: 19.00.23026.00
[2016.03.02-04.55.44:658][  0]LogInit: Build Configuration: Development
[2016.03.02-04.55.44:658][  0]LogInit: Branch Name: ++depot+UE4-Releases+4.10
[2016.03.02-04.55.44:658][  0]LogInit: Command line:  
[2016.03.02-04.55.44:658][  0]LogInit: Base directory: E:/Program Files (x86)/Epic Games/4.10/Engine/Binaries/Win64/
[2016.03.02-04.55.44:658][  0]LogInit: Rocket: 1
[2016.03.02-04.55.44:748][  0]LogInit: Using libcurl 7.41.0
[2016.03.02-04.55.44:748][  0]LogInit:  - built for x86_64-pc-win32
[2016.03.02-04.55.44:748][  0]LogInit:  - supports SSL with WinSSL
[2016.03.02-04.55.44:748][  0]LogInit:  - other features:
[2016.03.02-04.55.44:748][  0]LogInit:      CURL_VERSION_SSL
[2016.03.02-04.55.44:748][  0]LogInit:      CURL_VERSION_IPV6
[2016.03.02-04.55.44:748][  0]LogInit:      CURL_VERSION_ASYNCHDNS
[2016.03.02-04.55.44:748][  0]LogInit:      CURL_VERSION_LARGEFILE
[2016.03.02-04.55.44:748][  0]LogInit:      CURL_VERSION_IDN
[2016.03.02-04.55.44:748][  0]LogInit:  CurlRequestOptions (configurable via config and command line):
[2016.03.02-04.55.44:748][  0]LogInit:  - bVerifyPeer = true  - Libcurl will verify peer certificate
[2016.03.02-04.55.44:748][  0]LogInit:  - bUseHttpProxy = false  - Libcurl will NOT use HTTP proxy
[2016.03.02-04.55.44:748][  0]LogInit:  - bDontReuseConnections = false  - Libcurl will reuse connections
[2016.03.02-04.55.44:748][  0]LogInit:  - CertBundlePath = nullptr  - Libcurl will use whatever was configured at build time.
[2016.03.02-04.55.44:878][  0]LogInit: Presizing for 0 objects not considered by GC, pre-allocating 0 bytes.
[2016.03.02-04.55.45:048][  0]LogInit: Object subsystem initialized
[2016.03.02-04.55.45:188][  0]LogInit: Selected Device Profile: [Windows]
[2016.03.02-04.55.45:188][  0]LogInit: Applying CVar settings loaded from the selected device profile: [Windows]
[2016.03.02-04.55.45:278][  0]LogInit: Computer: MANDY-PC
[2016.03.02-04.55.45:278][  0]LogInit: User: Mandy
[2016.03.02-04.55.45:278][  0]LogInit: CPU Page size=4096, Cores=4
[2016.03.02-04.55.45:278][  0]LogInit: High frequency timer resolution =14.318180 MHz
[2016.03.02-04.55.45:278][  0]LogMemory: Memory total: Physical=16.0GB (16GB approx)
[2016.03.02-04.55.45:278][  0]LogMemory: Platform Memory Stats for Windows
[2016.03.02-04.55.45:278][  0]LogMemory: Process Physical Memory: 56.19 MB used, 56.19 MB peak
[2016.03.02-04.55.45:278][  0]LogMemory: Process Virtual Memory: 57.78 MB used, 57.78 MB peak
[2016.03.02-04.55.45:278][  0]LogMemory: Physical Memory: 2672.88 MB used, 16383.18 MB total
[2016.03.02-04.55.45:278][  0]LogMemory: Virtual Memory: 352.64 MB used, 8388608.00 MB total
[2016.03.02-04.55.45:938][  0]LogTextLocalizationManager: No specific translations for ('en-US') exist, so ('en') translations will be used.
[2016.03.02-04.55.46:984][  0]LogD3D11RHI: Found D3D11 adapter 0: NVIDIA GeForce GTX 750 (Feature Level 11_0)
[2016.03.02-04.55.46:984][  0]LogD3D11RHI: Adapter has 972MB of dedicated video memory, 0MB of dedicated system memory, and 3072MB of shared system memory, 2 output[s]
[2016.03.02-04.55.46:984][  0]LogD3D11RHI: Chosen D3D11 Adapter Id = 0
[2016.03.02-04.55.46:991][  0]LogD3D11RHI: !Direct3DDevice
[2016.03.02-04.55.46:991][  0]LogRHI: Texture pool is 680 MB (70% of 972 MB)
[2016.03.02-04.55.47:001][  0]LogD3D11RHI: Async texture creation enabled
[2016.03.02-04.55.47:277][  0]LogShaderCompilers: Guid format shader working directory is -10 characters bigger than the processId version (../../../../../../Users/Mandy/Documents/GitHub/HotelBete/Intermediate/Shaders/WorkingDirectory/3288/).
[2016.03.02-04.55.47:277][  0]LogShaderCompilers: Cleaned the shader compiler working directory 'C:/Users/Mandy/AppData/Local/Temp/UnrealShaderWorkingDir/577D704F4A02CBC12709D78784CD3420/'.
[2016.03.02-04.55.47:277][  0]LogShaderCompilers:Display: Using Local Shader Compiler.
[2016.03.02-04.55.49:601][  0]LogTemp:Display: Loaded TP AllDesktopTargetPlatform
[2016.03.02-04.55.49:620][  0]LogTemp:Display: Loaded TP WindowsClientTargetPlatform
[2016.03.02-04.55.49:637][  0]LogTemp:Display: Loaded TP WindowsNoEditorTargetPlatform
[2016.03.02-04.55.49:644][  0]LogTemp:Display: Loaded TP WindowsServerTargetPlatform
[2016.03.02-04.55.49:651][  0]LogTemp:Display: Loaded TP WindowsTargetPlatform
[2016.03.02-04.55.49:663][  0]LogTemp:Display: Loaded TP AndroidTargetPlatform
[2016.03.02-04.55.49:668][  0]LogTemp:Display: Loaded TP Android_ASTCTargetPlatform
[2016.03.02-04.55.49:672][  0]LogTemp:Display: Loaded TP Android_ATCTargetPlatform
[2016.03.02-04.55.49:677][  0]LogTemp:Display: Loaded TP Android_DXTTargetPlatform
[2016.03.02-04.55.49:681][  0]LogTemp:Display: Loaded TP Android_ETC1TargetPlatform
[2016.03.02-04.55.49:685][  0]LogTemp:Display: Loaded TP Android_ETC2TargetPlatform
[2016.03.02-04.55.49:694][  0]LogTemp:Display: Loaded TP Android_MultiTargetPlatform
[2016.03.02-04.55.49:694][  0]LogTemp:Display: Loaded TP Android_PVRTCTargetPlatform
[2016.03.02-04.55.49:695][  0]LogTemp:Display: Loaded TP HTML5TargetPlatform
[2016.03.02-04.55.49:756][  0]LogTemp:Display: Loaded TP IOSTargetPlatform
[2016.03.02-04.55.49:769][  0]LogTemp:Display: Loaded TP LinuxNoEditorTargetPlatform
[2016.03.02-04.55.49:782][  0]LogTemp:Display: Loaded TP LinuxServerTargetPlatform
[2016.03.02-04.55.49:807][  0]LogTemp:Display: Loaded TP LinuxTargetPlatform
[2016.03.02-04.55.49:807][  0]LogTargetPlatformManager:Display: Building Assets For Windows
[2016.03.02-04.55.50:261][  0]LogDerivedDataCache:Display: Max Cache Size: 512 MB
[2016.03.02-04.55.50:567][  0]LogDerivedDataCache: Loaded boot cache 0.31s 41MB C:/Users/Mandy/AppData/Local/UnrealEngine/4.10/DerivedDataCache/Boot.ddc.
[2016.03.02-04.55.50:567][  0]LogDerivedDataCache:Display: Loaded Boot cache: C:/Users/Mandy/AppData/Local/UnrealEngine/4.10/DerivedDataCache/Boot.ddc
[2016.03.02-04.55.50:567][  0]LogDerivedDataCache: FDerivedDataBackendGraph:  Pak pak cache file ../../../../../../Users/Mandy/Documents/GitHub/HotelBete/DerivedDataCache/DDC.ddp not found, will not use a pak cache.
[2016.03.02-04.55.50:567][  0]LogDerivedDataCache: Unable to find inner node Pak for hierarchical cache Hierarchy.
[2016.03.02-04.55.50:567][  0]LogDerivedDataCache: FDerivedDataBackendGraph:  CompressedPak pak cache file ../../../../../../Users/Mandy/Documents/GitHub/HotelBete/DerivedDataCache/Compressed.ddp not found, will not use a pak cache.
[2016.03.02-04.55.50:567][  0]LogDerivedDataCache: Unable to find inner node CompressedPak for hierarchical cache Hierarchy.
[2016.03.02-04.55.50:695][  0]LogDerivedDataCache:Display: Pak cache opened for reading ../../../Engine/DerivedDataCache/Compressed.ddp.
[2016.03.02-04.55.50:706][  0]LogDerivedDataCache: Using Local data cache path C:/Users/Mandy/AppData/Local/UnrealEngine/Common/DerivedDataCache: Writable
[2016.03.02-04.55.54:848][  0]LogInit: Selected Device Profile: [Windows]
[2016.03.02-04.55.54:864][  0]LogContentStreaming: Texture pool size is 0.000000MB
[2016.03.02-04.55.55:572][  0]LogMeshUtilities: No automatic mesh reduction module available
[2016.03.02-04.55.55:572][  0]LogMeshUtilities: No automatic mesh merging module available
[2016.03.02-04.55.58:203][  0]LogInit: WinSock: version 1.1 (2.2), MaxSocks=32767, MaxUdp=65467
[2016.03.02-04.56.05:178][  0]LogAssetRegistry: FAssetRegistry took 0.0137 seconds to start up
[2016.03.02-04.56.05:432][  0]UdpMessaging: Initializing bridge on interface 0.0.0.0:0 to multicast group 230.0.0.1:6666.
[2016.03.02-04.56.08:326][  0]SourceControl: Info Source control is disabled
[2016.03.02-04.56.08:500][  0]SourceControl: Info Source control is disabled
[2016.03.02-04.56.08:601][  0]SourceControl: Info Source control is disabled
[2016.03.02-04.56.08:702][  0]SourceControl: Info Source control is disabled
[2016.03.02-04.56.10:107][  0]LogObj: 28802 objects as part of root set at end of initial load.
[2016.03.02-04.56.10:107][  0]LogUObjectAllocator: 6129768 out of 0 bytes used by permanent object pool.
[2016.03.02-04.56.10:687][  0]LogEngine: Initializing Engine...
[2016.03.02-04.56.10:706][  0]LogHMD: Can't find Oculus library dev build: is proper Runtime installed? Version: 0.8.0.0
[2016.03.02-04.56.10:737][  0]LogHMD: SteamVR failed to initialize.  Err: 110
[2016.03.02-04.56.11:499][  0]LogAIModule: Creating AISystem for world NewWorld
[2016.03.02-04.56.11:642][  0]LogInit: XAudio2 using 'LCD TV-C (NVIDIA High Definition Audio)' : 2 channels at 48 kHz using 16 bits per sample (channel mask 0x3)
[2016.03.02-04.56.11:725][  0]LogInit: FAudioDevice initialized.
[2016.03.02-04.56.11:778][  0]LogDerivedDataCache: Saved boot cache 0.05s 41MB C:/Users/Mandy/AppData/Local/UnrealEngine/4.10/DerivedDataCache/Boot.ddc.
[2016.03.02-04.56.11:792][  0]LogInit: Texture streaming: Enabled
[2016.03.02-04.56.11:826][  0]LogAnalytics: Creating configured Analytics provider AnalyticsET
[2016.03.02-04.56.11:841][  0]LogAnalytics: [UEEditor.Rocket.Release] APIServer = http://et2.epicgames.com/ET2/. AppVersion = 4.10.2-2818068+++depot+UE4-Releases+4.10
[2016.03.02-04.56.11:841][  0]LogAnalytics: [UEEditor.Rocket.Release] SetUserId e0d98b0e467b55d21c5013962f69b996|a1543627d61e4593a39d507d0813b255|cef8b6ba-01d0-47b7-a028-3b7e918a90c5
[2016.03.02-04.56.11:852][  0]LogAnalytics: [UEEditor.Rocket.Release] AnalyticsET::StartSession
[2016.03.02-04.56.12:082][  0]LogInit: Transaction tracking system initialized
[2016.03.02-04.56.12:884][  0]BlueprintLog: New page: Editor Load
[2016.03.02-04.56.15:722][  0]LocalizationService: Info Localization service is disabled
[2016.03.02-04.56.17:361][  0]LogConsoleResponse:Display: 
[2016.03.02-04.56.21:041][  0]LogCook:Display: Done creating registry. It took  0.00s.
[2016.03.02-04.56.23:463][  0]LogFileCache: Scanning file cache for directory 'E:/Users/Mandy/Documents/GitHub/HotelBete/Content/' took 0.03s
[2016.03.02-04.56.24:651][  0]SourceControl: Info Source control is disabled
[2016.03.02-04.56.24:800][  0]Cmd: MAP LOAD FILE="../../../../../../Users/Mandy/Documents/GitHub/HotelBete/Content/Hotel/Levels/Menu.umap" TEMPLATE=0 SHOWPROGRESS=1 FEATURELEVEL=3
[2016.03.02-04.56.24:863][  0]LightingResults: New page: Lighting Build
[2016.03.02-04.56.25:459][  0]MapCheck: New page: Map Check
[2016.03.02-04.56.25:459][  0]LightingResults: New page: Lighting Build
[2016.03.02-04.56.25:932][  0]LogParticles: Destroying 0 GPU particle simulations for FXSystem 0x00000000221B6AC0
[2016.03.02-04.56.33:940][  0]LogAIModule: Creating AISystem for world Menu
[2016.03.02-04.56.34:019][  0]LogEditorServer: Finished looking for orphan Actors (0.000 secs)
[2016.03.02-04.56.34:037][  0]Cmd: MAP CHECKDEP NOCLEARLOG
[2016.03.02-04.56.34:098][  0]MapCheck: Info Map check complete: 0 Error(s), 0 Warning(s), took 61.119ms to complete.
[2016.03.02-04.56.34:098][  0]LogFileHelpers: Loading map 'Menu' took 9.368
[2016.03.02-04.56.35:354][  0]LogCollectionManager: Loaded 0 collections in 0.001909 seconds
[2016.03.02-04.56.35:490][  0]LogFileCache: Scanning file cache for directory 'E:/Users/Mandy/Documents/GitHub/HotelBete/Saved/Collections/' took 0.01s
[2016.03.02-04.56.35:490][  0]LogFileCache: Scanning file cache for directory 'E:/Users/Mandy/Documents/GitHub/HotelBete/Content/Developers/Mandy/Collections/' took 0.01s
[2016.03.02-04.56.35:491][  0]LogFileCache: Scanning file cache for directory 'E:/Users/Mandy/Documents/GitHub/HotelBete/Content/Collections/' took 0.01s
[2016.03.02-04.56.35:491][  0]LogCollectionManager: Rebuilt the GUID cache for 0 collections in 0.000003 seconds
[2016.03.02-04.56.35:567][  0]LogContentBrowser: Native class hierarchy populated in 0.0589 seconds. Added 1908 classes and 344 folders.
[2016.03.02-04.56.35:818][  0]LogContentBrowser: Native class hierarchy updated for 'WidgetCarousel' in 0.0004 seconds. Added 0 classes and 0 folders.
[2016.03.02-04.56.40:196][  0]LogContentBrowser: Native class hierarchy updated for 'AddContentDialog' in 0.0015 seconds. Added 0 classes and 0 folders.
[2016.03.02-04.56.40:618][  0]LogContentBrowser: Native class hierarchy updated for 'SceneOutliner' in 0.0017 seconds. Added 1 classes and 2 folders.
[2016.03.02-04.56.40:885][  0]LogCrashTracker: Crashtracker disabled due to settings.
[2016.03.02-04.56.41:190][  0]LogUObjectGlobals:Warning: Failed to find object 'Class None.'
[2016.03.02-04.56.41:333][  0]LogLoad: Full Startup: 61.67 seconds (BP compile: 1.57 seconds)
[2016.03.02-04.56.41:401][  0]LogOcInput: Can't find Oculus library dev build: is proper Runtime installed? Version: 0.8.0.0
[2016.03.02-04.56.42:183][  0]LogContentStreaming: Texture pool size now 1000 MB
[2016.03.02-04.56.43:456][  0]LogRenderer: Reallocating scene render targets to support 1208x568 (Frame:2).
[2016.03.02-04.56.49:073][ 13]LogAssetRegistry: Asset discovery search completed in 43.9080 seconds
[2016.03.02-04.56.49:084][ 13]LogCollectionManager: Rebuilt the object cache for 0 collections in 0.000002 seconds (found 0 objects)
[2016.03.02-04.56.49:085][ 13]LogCollectionManager: Fixed up redirectors for 0 collections in 0.000064 seconds (updated 0 objects)
[2016.03.02-04.57.08:142][ 56]LogAIModule: Creating AISystem for world Prototype
[2016.03.02-04.57.08:157][ 56]LogParticles:Warning: InitializeSystem called on an unregistered component. Template=/Game/StarterContent/Particles/Breath.Breath Component=/Game/Hotel/Levels/Prototype.Prototype:PersistentLevel.Breath.ParticleSystemComponent0
[2016.03.02-04.57.08:188][ 56]LogParticles:Warning: InitializeSystem called on an unregistered component. Template=/Game/StarterContent/Particles/ItemMarker.ItemMarker Component=/Game/Hotel/Levels/Prototype.Prototype:PersistentLevel.ItemMarker.ParticleSystemComponent0
[2016.03.02-04.57.08:188][ 56]LogParticles:Warning: InitializeSystem called on an unregistered component. Template=/Game/StarterContent/Particles/Dust.Dust Component=/Game/Hotel/Levels/Prototype.Prototype:PersistentLevel.Dust_2.ParticleSystemComponent0
[2016.03.02-04.57.08:188][ 56]LogParticles:Warning: InitializeSystem called on an unregistered component. Template=/Game/StarterContent/Particles/Fog_Steam.Fog_Steam Component=/Game/Hotel/Levels/Prototype.Prototype:PersistentLevel.Fog_Steam2.ParticleSystemComponent0
[2016.03.02-04.57.08:188][ 56]LogParticles:Warning: InitializeSystem called on an unregistered component. Template=/Game/StarterContent/Particles/Fog_Steam.Fog_Steam Component=/Game/Hotel/Levels/Prototype.Prototype:PersistentLevel.Fog_Steam3.ParticleSystemComponent0
[2016.03.02-04.57.08:452][ 56]Cmd: MAP LOAD FILE="../../../../../../Users/Mandy/Documents/GitHub/HotelBete/Content/Hotel/Levels/Prototype.umap" TEMPLATE=0 SHOWPROGRESS=1 FEATURELEVEL=3
[2016.03.02-04.57.08:452][ 56]LightingResults: New page: Lighting Build
[2016.03.02-04.57.08:487][ 56]LoadErrors: New page: Loading map: Prototype.umap
[2016.03.02-04.57.08:490][ 56]MapCheck: New page: Map Check
[2016.03.02-04.57.08:490][ 56]LightingResults: New page: Lighting Build
[2016.03.02-04.57.08:518][ 56]LogParticles: Destroying 0 GPU particle simulations for FXSystem 0x000000002C347D80
[2016.03.02-04.57.08:678][ 56]LogEditorServer: Finished looking for orphan Actors (0.000 secs)
[2016.03.02-04.57.08:849][ 56]Cmd: MAP CHECKDEP NOCLEARLOG
[2016.03.02-04.57.08:928][ 56]MapCheck: Info Map check complete: 0 Error(s), 0 Warning(s), took 78.518ms to complete.
[2016.03.02-04.57.08:929][ 56]LogFileHelpers: Loading map 'Prototype' took 0.481
[2016.03.02-04.57.08:933][ 56]LoadErrors:Error: Error /Game/FirstPersonBP/Blueprints/Enemy : Failed import for Enemy_C /Game/Hotel/Blueprints/Enemies/Enemy.Default__Enemy_C [redirection] in /Game/FirstPersonBP/Blueprints/Enemy
[2016.03.02-04.57.23:803][470]LogFactory: FactoryCreateBinary: Texture with ReimportTextureFactory (0 0 E:\Users\Mandy\Documents\Substance Painter\exports\Doors\Doors_AO.png)
[2016.03.02-04.57.24:582][470]LogTexture:Display: Building textures: Doors_AO (AutoDXT)
[2016.03.02-04.57.34:525][822]LogFactory: FactoryCreateBinary: Texture with ReimportTextureFactory (0 0 E:\Users\Mandy\Documents\Substance Painter\exports\Frames\Frames_AO.png)
[2016.03.02-04.57.34:703][822]LogTexture:Display: Building textures: Frames_AO (AutoDXT)
[2016.03.02-04.57.44:090][ 89]LogFactory: FactoryCreateBinary: Texture with ReimportTextureFactory (0 0 E:\Users\Mandy\Documents\Substance Painter\exports\Lobby\Lobby_AO.png)
[2016.03.02-04.57.48:414][ 89]LogTexture:Display: Building textures: Lobby_AO (AutoDXT)
[2016.03.02-04.58.02:862][320]LogFactory: FactoryCreateBinary: Texture with ReimportTextureFactory (0 0 E:\Users\Mandy\Documents\Substance Painter\exports\Stairs\Stairs_AO.png)
[2016.03.02-04.58.03:701][320]LogTexture:Display: Building textures: Stairs_AO (AutoDXT)
[2016.03.02-04.58.14:429][657]LogFactory: FactoryCreateBinary: Texture with ReimportTextureFactory (0 0 E:\Users\Mandy\Documents\Substance Painter\exports\Walls\Walls_AO.png)
[2016.03.02-04.58.19:040][657]LogTexture:Display: Building textures: Walls_AO (AutoDXT)
[2016.03.02-04.58.42:379][949]LogFactory: FactoryCreateBinary: Texture with ReimportTextureFactory (0 0 E:\Users\Mandy\Documents\Substance Painter\exports\Windows\Walls_AO.png)
[2016.03.02-04.58.43:138][949]LogTexture:Display: Building textures: Walls_AO (AutoDXT)
[2016.03.02-04.58.54:084][515]LogMaterial: Missing cached shader map for material Doors, compiling. 
[2016.03.02-04.58.54:549][515]LogMaterial: Missing cached shader map for material Doors, compiling. 
[2016.03.02-04.58.54:554][515]LogMaterial: 0.000060 seconds spent updating 1 materials, 1 interfaces, 0 instances, 0 with static permutations.
[2016.03.02-04.58.54:580][515]LogMaterial: Missing cached shader map for material FMatExpressionPreview MaterialExpressionTextureSample_8, compiling. 
[2016.03.02-04.58.54:583][515]LogMaterial: Missing cached shader map for material FMatExpressionPreview MaterialExpressionTextureSample_9, compiling. 
[2016.03.02-04.58.54:586][515]LogMaterial: Missing cached shader map for material FMatExpressionPreview MaterialExpressionTextureSample_11, compiling. 
[2016.03.02-04.58.54:590][515]LogMaterial: Missing cached shader map for material FMatExpressionPreview MaterialExpressionTextureSample_10, compiling. 
[2016.03.02-04.58.56:992][571]MaterialEditorStats: Info Base pass shader with only dynamic lighting: 56 instructions
[2016.03.02-04.58.56:992][571]MaterialEditorStats: Info Vertex shader: 33 instructions
[2016.03.02-04.58.56:992][571]MaterialEditorStats: Info Texture samplers: 4/16
[2016.03.02-04.59.12:201][458]LogMaterial: Missing cached shader map for material Doors, compiling. 
[2016.03.02-04.59.12:207][458]LogMaterial: 0.000094 seconds spent updating 1 materials, 1 interfaces, 0 instances, 0 with static permutations.
[2016.03.02-04.59.12:373][458]LogMaterial: Missing cached shader map for material FMatExpressionPreview MaterialExpressionTextureSample_0, compiling. 
[2016.03.02-04.59.12:400][458]LogMaterial: Missing cached shader map for material FMatExpressionPreview MaterialExpressionTextureSample_8, compiling. 
[2016.03.02-04.59.12:404][458]LogMaterial: Missing cached shader map for material FMatExpressionPreview MaterialExpressionTextureSample_9, compiling. 
[2016.03.02-04.59.12:408][458]LogMaterial: Missing cached shader map for material FMatExpressionPreview MaterialExpressionTextureSample_11, compiling. 
[2016.03.02-04.59.12:412][458]LogMaterial: Missing cached shader map for material FMatExpressionPreview MaterialExpressionTextureSample_10, compiling. 
[2016.03.02-04.59.12:479][458]LogMaterial: Missing cached shader map for material FMatExpressionPreview MaterialExpressionTextureSample_0, compiling. 
[2016.03.02-04.59.13:406][499]MaterialEditorStats: Info Base pass shader with only dynamic lighting: 56 instructions
[2016.03.02-04.59.13:406][499]MaterialEditorStats: Info Vertex shader: 33 instructions
[2016.03.02-04.59.13:406][499]MaterialEditorStats: Info Texture samplers: 4/16
[2016.03.02-04.59.18:509][803]LogMaterial: Missing cached shader map for material Doors, compiling. 
[2016.03.02-04.59.18:515][803]LogMaterial: 0.000090 seconds spent updating 1 materials, 1 interfaces, 0 instances, 0 with static permutations.
[2016.03.02-04.59.18:549][803]LogMaterial: Missing cached shader map for material FMatExpressionPreview MaterialExpressionTextureSample_0, compiling. 
[2016.03.02-04.59.19:883][865]MaterialEditorStats: Info Base pass shader with only dynamic lighting: 56 instructions
[2016.03.02-04.59.19:883][865]MaterialEditorStats: Info Vertex shader: 33 instructions
[2016.03.02-04.59.19:883][865]MaterialEditorStats: Info Texture samplers: 5/16
[2016.03.02-04.59.21:950][984]LogMaterialEditor: Applying material Doors
[2016.03.02-04.59.22:621][984]LogMaterial: Missing cached shader map for material Doors, compiling. 
[2016.03.02-04.59.22:635][984]LogMaterial: 0.000120 seconds spent updating 1 materials, 1 interfaces, 0 instances, 0 with static permutations.
[2016.03.02-04.59.22:674][984]LogMaterial: Missing cached shader map for material Doors, compiling. 
[2016.03.02-04.59.22:864][984]LogMaterial: Missing cached shader map for material Doors, compiling. 
[2016.03.02-04.59.22:882][984]LogMaterial: 0.009436 seconds spent updating 1 materials, 1 interfaces, 0 instances, 0 with static permutations.
[2016.03.02-04.59.25:047][ 77]LogMaterialEditor: Saving and Compiling material Doors
[2016.03.02-04.59.25:974][ 77]Cmd: OBJ SAVEPACKAGE PACKAGE="/Game/Hotel/Art/Models/Lobby/Doors" FILE="../../../../../../Users/Mandy/Documents/GitHub/HotelBete/Content/Hotel/Art/Models/Lobby/Doors.uasset" SILENT=true
[2016.03.02-04.59.26:085][ 77]LogSavePackage: Save=67.973656ms
[2016.03.02-04.59.26:085][ 77]LogSavePackage: Moving '../../../../../../Users/Mandy/Documents/GitHub/HotelBete/Saved/DoorsFED4A2C847933162A796B5823F961666.tmp' to '../../../../../../Users/Mandy/Documents/GitHub/HotelBete/Content/Hotel/Art/Models/Lobby/Doors.uasset'
[2016.03.02-04.59.26:087][ 77]LogSavePackage: Total save time: 112.145260ms
[2016.03.02-04.59.26:087][ 77]LogSavePackage:Display: Finished SavePackage ../../../../../../Users/Mandy/Documents/GitHub/HotelBete/Content/Hotel/Art/Models/Lobby/Doors.uasset
[2016.03.02-04.59.26:124][ 78]MaterialEditorStats: Info Base pass shader with only dynamic lighting: 75 instructions
[2016.03.02-04.59.26:124][ 78]MaterialEditorStats: Info Vertex shader: 33 instructions
[2016.03.02-04.59.26:124][ 78]MaterialEditorStats: Info Texture samplers: 8/16
[2016.03.02-04.59.52:191][858]LogMaterial: Missing cached shader map for material Floor, compiling. 
[2016.03.02-04.59.52:340][858]LogMaterial: Missing cached shader map for material Floor, compiling. 
[2016.03.02-04.59.52:345][858]LogMaterial: 0.000060 seconds spent updating 1 materials, 1 interfaces, 0 instances, 0 with static permutations.
[2016.03.02-04.59.52:373][858]LogMaterial: Missing cached shader map for material FMatExpressionPreview MaterialExpressionTextureSample_12, compiling. 
[2016.03.02-04.59.52:377][858]LogMaterial: Missing cached shader map for material FMatExpressionPreview MaterialExpressionTextureSample_13, compiling. 
[2016.03.02-04.59.52:381][858]LogMaterial: Missing cached shader map for material FMatExpressionPreview MaterialExpressionTextureSample_15, compiling. 
[2016.03.02-04.59.52:384][858]LogMaterial: Missing cached shader map for material FMatExpressionPreview MaterialExpressionTextureSample_14, compiling. 
[2016.03.02-04.59.54:021][916]MaterialEditorStats: Info Base pass shader with only dynamic lighting: 56 instructions
[2016.03.02-04.59.54:021][916]MaterialEditorStats: Info Vertex shader: 33 instructions
[2016.03.02-04.59.54:021][916]MaterialEditorStats: Info Texture samplers: 4/16
[2016.03.02-05.00.04:658][533]LogMaterial: Missing cached shader map for material Floor, compiling. 
[2016.03.02-05.00.04:664][533]LogMaterial: 0.000090 seconds spent updating 1 materials, 1 interfaces, 0 instances, 0 with static permutations.
[2016.03.02-05.00.04:665][533]LogMaterial: Missing cached shader map for material FMatExpressionPreview MaterialExpressionTextureSample_1, compiling. 
[2016.03.02-05.00.04:692][533]LogMaterial: Missing cached shader map for material FMatExpressionPreview MaterialExpressionTextureSample_12, compiling. 
[2016.03.02-05.00.04:695][533]LogMaterial: Missing cached shader map for material FMatExpressionPreview MaterialExpressionTextureSample_13, compiling. 
[2016.03.02-05.00.04:734][533]LogMaterial: Missing cached shader map for material FMatExpressionPreview MaterialExpressionTextureSample_15, compiling. 
[2016.03.02-05.00.04:738][533]LogMaterial: Missing cached shader map for material FMatExpressionPreview MaterialExpressionTextureSample_14, compiling. 
[2016.03.02-05.00.04:745][533]LogMaterial: Missing cached shader map for material FMatExpressionPreview MaterialExpressionTextureSample_1, compiling. 
[2016.03.02-05.00.05:855][579]MaterialEditorStats: Info Base pass shader with only dynamic lighting: 56 instructions
[2016.03.02-05.00.05:855][579]MaterialEditorStats: Info Vertex shader: 33 instructions
[2016.03.02-05.00.05:855][579]MaterialEditorStats: Info Texture samplers: 4/16
[2016.03.02-05.00.07:969][694]LogMaterial: Missing cached shader map for material Floor, compiling. 
[2016.03.02-05.00.07:975][694]LogMaterial: 0.000091 seconds spent updating 1 materials, 1 interfaces, 0 instances, 0 with static permutations.
[2016.03.02-05.00.08:069][694]LogMaterial: Missing cached shader map for material FMatExpressionPreview MaterialExpressionTextureSample_1, compiling. 
[2016.03.02-05.00.09:164][731]MaterialEditorStats: Info Base pass shader with only dynamic lighting: 56 instructions
[2016.03.02-05.00.09:164][731]MaterialEditorStats: Info Vertex shader: 33 instructions
[2016.03.02-05.00.09:164][731]MaterialEditorStats: Info Texture samplers: 5/16
[2016.03.02-05.00.11:690][880]LogMaterialEditor: Applying material Floor
[2016.03.02-05.00.12:361][880]LogMaterial: Missing cached shader map for material Floor, compiling. 
[2016.03.02-05.00.12:375][880]LogMaterial: 0.000122 seconds spent updating 1 materials, 1 interfaces, 0 instances, 0 with static permutations.
[2016.03.02-05.00.12:432][880]LogMaterial: Missing cached shader map for material Floor, compiling. 
[2016.03.02-05.00.12:449][880]LogMaterial: Missing cached shader map for material Floor, compiling. 
[2016.03.02-05.00.12:458][880]LogMaterial: 0.001270 seconds spent updating 1 materials, 1 interfaces, 0 instances, 0 with static permutations.
[2016.03.02-05.00.14:749][982]LogMaterialEditor: Saving and Compiling material Floor
[2016.03.02-05.00.15:563][982]Cmd: OBJ SAVEPACKAGE PACKAGE="/Game/Hotel/Art/Models/Lobby/Floor" FILE="../../../../../../Users/Mandy/Documents/GitHub/HotelBete/Content/Hotel/Art/Models/Lobby/Floor.uasset" SILENT=true
[2016.03.02-05.00.15:593][982]LogSavePackage: Save=24.289471ms
[2016.03.02-05.00.15:593][982]LogSavePackage: Moving '../../../../../../Users/Mandy/Documents/GitHub/HotelBete/Saved/Floor35D68A74416258FE9812548CED62822B.tmp' to '../../../../../../Users/Mandy/Documents/GitHub/HotelBete/Content/Hotel/Art/Models/Lobby/Floor.uasset'
[2016.03.02-05.00.15:595][982]LogSavePackage: Total save time: 30.333113ms
[2016.03.02-05.00.15:595][982]LogSavePackage:Display: Finished SavePackage ../../../../../../Users/Mandy/Documents/GitHub/HotelBete/Content/Hotel/Art/Models/Lobby/Floor.uasset
[2016.03.02-05.00.15:620][983]MaterialEditorStats: Info Base pass shader with only dynamic lighting: 75 instructions
[2016.03.02-05.00.15:620][983]MaterialEditorStats: Info Vertex shader: 33 instructions
[2016.03.02-05.00.15:620][983]MaterialEditorStats: Info Texture samplers: 8/16
[2016.03.02-05.00.57:297][285]Cmd: OBJ SAVEPACKAGE PACKAGE="/Game/Hotel/Art/Models/Lobby/Lobby" FILE="../../../../../../Users/Mandy/Documents/GitHub/HotelBete/Content/Hotel/Art/Models/Lobby/Lobby.uasset" SILENT=true
[2016.03.02-05.00.57:314][285]LogSavePackage: Save=16.165602ms
[2016.03.02-05.00.57:314][285]LogSavePackage: Moving '../../../../../../Users/Mandy/Documents/GitHub/HotelBete/Saved/Lobby42E0F72841737DA7CBE9BDA1EE9657DF.tmp' to '../../../../../../Users/Mandy/Documents/GitHub/HotelBete/Content/Hotel/Art/Models/Lobby/Lobby.uasset'
[2016.03.02-05.00.57:315][285]LogSavePackage: Total save time: 17.474357ms
[2016.03.02-05.00.57:315][285]LogSavePackage:Display: Finished SavePackage ../../../../../../Users/Mandy/Documents/GitHub/HotelBete/Content/Hotel/Art/Models/Lobby/Lobby.uasset
[2016.03.02-05.00.57:323][285]Cmd: OBJ SAVEPACKAGE PACKAGE="/Game/Hotel/Art/Models/Lobby/Floor" FILE="../../../../../../Users/Mandy/Documents/GitHub/HotelBete/Content/Hotel/Art/Models/Lobby/Floor.uasset" SILENT=true
[2016.03.02-05.00.57:327][285]LogSavePackage: Save=1.247645ms
[2016.03.02-05.00.57:327][285]LogSavePackage: Moving '../../../../../../Users/Mandy/Documents/GitHub/HotelBete/Saved/Floor0F84327543B9C678C2B9D39EF8B17271.tmp' to '../../../../../../Users/Mandy/Documents/GitHub/HotelBete/Content/Hotel/Art/Models/Lobby/Floor.uasset'
[2016.03.02-05.00.57:328][285]LogSavePackage: Total save time: 4.582357ms
[2016.03.02-05.00.57:328][285]LogSavePackage:Display: Finished SavePackage ../../../../../../Users/Mandy/Documents/GitHub/HotelBete/Content/Hotel/Art/Models/Lobby/Floor.uasset
[2016.03.02-05.01.00:100][447]LogMaterial: Missing cached shader map for material Frames, compiling. 
[2016.03.02-05.01.00:239][447]LogMaterial: Missing cached shader map for material Frames, compiling. 
[2016.03.02-05.01.00:244][447]LogMaterial: 0.000063 seconds spent updating 1 materials, 1 interfaces, 0 instances, 0 with static permutations.
[2016.03.02-05.01.00:275][447]LogMaterial: Missing cached shader map for material FMatExpressionPreview MaterialExpressionTextureSample_16, compiling. 
[2016.03.02-05.01.00:279][447]LogMaterial: Missing cached shader map for material FMatExpressionPreview MaterialExpressionTextureSample_17, compiling. 
[2016.03.02-05.01.00:440][447]LogMaterial: Missing cached shader map for material FMatExpressionPreview MaterialExpressionTextureSample_19, compiling. 
[2016.03.02-05.01.00:444][447]LogMaterial: Missing cached shader map for material FMatExpressionPreview MaterialExpressionTextureSample_18, compiling. 
[2016.03.02-05.01.01:942][508]MaterialEditorStats: Info Base pass shader with only dynamic lighting: 56 instructions
[2016.03.02-05.01.01:942][508]MaterialEditorStats: Info Vertex shader: 33 instructions
[2016.03.02-05.01.01:942][508]MaterialEditorStats: Info Texture samplers: 4/16
[2016.03.02-05.01.12:014][ 80]LogMaterial: Missing cached shader map for material Frames, compiling. 
[2016.03.02-05.01.12:019][ 80]LogMaterial: 0.000101 seconds spent updating 1 materials, 1 interfaces, 0 instances, 0 with static permutations.
[2016.03.02-05.01.12:020][ 80]LogMaterial: Missing cached shader map for material FMatExpressionPreview MaterialExpressionTextureSample_2, compiling. 
[2016.03.02-05.01.12:046][ 80]LogMaterial: Missing cached shader map for material FMatExpressionPreview MaterialExpressionTextureSample_16, compiling. 
[2016.03.02-05.01.12:049][ 80]LogMaterial: Missing cached shader map for material FMatExpressionPreview MaterialExpressionTextureSample_17, compiling. 
[2016.03.02-05.01.12:052][ 80]LogMaterial: Missing cached shader map for material FMatExpressionPreview MaterialExpressionTextureSample_19, compiling. 
[2016.03.02-05.01.12:056][ 80]LogMaterial: Missing cached shader map for material FMatExpressionPreview MaterialExpressionTextureSample_18, compiling. 
[2016.03.02-05.01.12:059][ 80]LogMaterial: Missing cached shader map for material FMatExpressionPreview MaterialExpressionTextureSample_2, compiling. 
[2016.03.02-05.01.13:471][152]MaterialEditorStats: Info Base pass shader with only dynamic lighting: 56 instructions
[2016.03.02-05.01.13:471][152]MaterialEditorStats: Info Vertex shader: 33 instructions
[2016.03.02-05.01.13:471][152]MaterialEditorStats: Info Texture samplers: 4/16
[2016.03.02-05.01.16:264][304]LogMaterial: Missing cached shader map for material Frames, compiling. 
[2016.03.02-05.01.16:269][304]LogMaterial: 0.000094 seconds spent updating 1 materials, 1 interfaces, 0 instances, 0 with static permutations.
[2016.03.02-05.01.16:340][304]LogMaterial: Missing cached shader map for material FMatExpressionPreview MaterialExpressionTextureSample_2, compiling. 
[2016.03.02-05.01.17:487][346]MaterialEditorStats: Info Base pass shader with only dynamic lighting: 56 instructions
[2016.03.02-05.01.17:488][346]MaterialEditorStats: Info Vertex shader: 33 instructions
[2016.03.02-05.01.17:488][346]MaterialEditorStats: Info Texture samplers: 5/16
[2016.03.02-05.01.18:863][423]LogMaterialEditor: Applying material Frames
[2016.03.02-05.01.19:534][423]LogMaterial: Missing cached shader map for material Frames, compiling. 
[2016.03.02-05.01.19:549][423]LogMaterial: 0.000095 seconds spent updating 1 materials, 1 interfaces, 0 instances, 0 with static permutations.
[2016.03.02-05.01.19:734][423]LogMaterial: Missing cached shader map for material Frames, compiling. 
[2016.03.02-05.01.19:932][423]LogMaterial: Missing cached shader map for material Frames, compiling. 
[2016.03.02-05.01.19:941][423]LogMaterial: 0.001219 seconds spent updating 1 materials, 1 interfaces, 0 instances, 0 with static permutations.
[2016.03.02-05.01.21:041][467]LogMaterialEditor: Saving and Compiling material Frames
[2016.03.02-05.01.22:384][467]Cmd: OBJ SAVEPACKAGE PACKAGE="/Game/Hotel/Art/Models/Lobby/Frames" FILE="../../../../../../Users/Mandy/Documents/GitHub/HotelBete/Content/Hotel/Art/Models/Lobby/Frames.uasset" SILENT=true
[2016.03.02-05.01.22:411][467]LogSavePackage: Save=15.217157ms
[2016.03.02-05.01.22:411][467]LogSavePackage: Moving '../../../../../../Users/Mandy/Documents/GitHub/HotelBete/Saved/FramesB5E3B59E404413E363D3D8945D4E8D43.tmp' to '../../../../../../Users/Mandy/Documents/GitHub/HotelBete/Content/Hotel/Art/Models/Lobby/Frames.uasset'
[2016.03.02-05.01.22:412][467]LogSavePackage: Total save time: 27.016979ms
[2016.03.02-05.01.22:412][467]LogSavePackage:Display: Finished SavePackage ../../../../../../Users/Mandy/Documents/GitHub/HotelBete/Content/Hotel/Art/Models/Lobby/Frames.uasset
[2016.03.02-05.01.22:432][468]MaterialEditorStats: Info Base pass shader with only dynamic lighting: 75 instructions
[2016.03.02-05.01.22:432][468]MaterialEditorStats: Info Vertex shader: 33 instructions
[2016.03.02-05.01.22:432][468]MaterialEditorStats: Info Texture samplers: 8/16
[2016.03.02-05.02.01:614][232]LogMaterial: Missing cached shader map for material Stairs, compiling. 
[2016.03.02-05.02.01:715][232]LogMaterial: Missing cached shader map for material Stairs, compiling. 
[2016.03.02-05.02.01:721][232]LogMaterial: 0.000062 seconds spent updating 1 materials, 1 interfaces, 0 instances, 0 with static permutations.
[2016.03.02-05.02.01:751][232]LogMaterial: Missing cached shader map for material FMatExpressionPreview MaterialExpressionTextureSample_20, compiling. 
[2016.03.02-05.02.01:755][232]LogMaterial: Missing cached shader map for material FMatExpressionPreview MaterialExpressionTextureSample_22, compiling. 
[2016.03.02-05.02.01:759][232]LogMaterial: Missing cached shader map for material FMatExpressionPreview MaterialExpressionTextureSample_21, compiling. 
[2016.03.02-05.02.03:588][310]MaterialEditorStats: Info Base pass shader with only dynamic lighting: 50 instructions
[2016.03.02-05.02.03:588][310]MaterialEditorStats: Info Vertex shader: 33 instructions
[2016.03.02-05.02.03:588][310]MaterialEditorStats: Info Texture samplers: 3/16
[2016.03.02-05.02.18:672][160]LogMaterial: Missing cached shader map for material Stairs, compiling. 
[2016.03.02-05.02.18:677][160]LogMaterial: 0.000100 seconds spent updating 1 materials, 1 interfaces, 0 instances, 0 with static permutations.
[2016.03.02-05.02.18:679][160]LogMaterial: Missing cached shader map for material FMatExpressionPreview MaterialExpressionTextureSample_3, compiling. 
[2016.03.02-05.02.18:762][160]LogMaterial: Missing cached shader map for material FMatExpressionPreview MaterialExpressionTextureSample_20, compiling. 
[2016.03.02-05.02.18:766][160]LogMaterial: Missing cached shader map for material FMatExpressionPreview MaterialExpressionTextureSample_22, compiling. 
[2016.03.02-05.02.18:769][160]LogMaterial: Missing cached shader map for material FMatExpressionPreview MaterialExpressionTextureSample_21, compiling. 
[2016.03.02-05.02.18:773][160]LogMaterial: Missing cached shader map for material FMatExpressionPreview MaterialExpressionTextureSample_3, compiling. 
[2016.03.02-05.02.19:949][213]MaterialEditorStats: Info Base pass shader with only dynamic lighting: 50 instructions
[2016.03.02-05.02.19:949][213]MaterialEditorStats: Info Vertex shader: 33 instructions
[2016.03.02-05.02.19:949][213]MaterialEditorStats: Info Texture samplers: 3/16
[2016.03.02-05.02.37:585][187]LogMaterial: Missing cached shader map for material Stairs, compiling. 
[2016.03.02-05.02.37:591][187]LogMaterial: 0.000107 seconds spent updating 1 materials, 1 interfaces, 0 instances, 0 with static permutations.
[2016.03.02-05.02.37:622][187]LogMaterial: Missing cached shader map for material FMatExpressionPreview MaterialExpressionTextureSample_3, compiling. 
[2016.03.02-05.02.39:056][259]MaterialEditorStats: Info Base pass shader with only dynamic lighting: 50 instructions
[2016.03.02-05.02.39:056][259]MaterialEditorStats: Info Vertex shader: 33 instructions
[2016.03.02-05.02.39:056][259]MaterialEditorStats: Info Texture samplers: 4/16
[2016.03.02-05.02.40:079][319]LogMaterialEditor: Applying material Stairs
[2016.03.02-05.02.40:752][319]LogMaterial: Missing cached shader map for material Stairs, compiling. 
[2016.03.02-05.02.40:766][319]LogMaterial: 0.000100 seconds spent updating 1 materials, 1 interfaces, 0 instances, 0 with static permutations.
[2016.03.02-05.02.40:792][319]LogMaterial: Missing cached shader map for material Stairs, compiling. 
[2016.03.02-05.02.40:812][319]LogMaterial: Missing cached shader map for material Stairs, compiling. 
[2016.03.02-05.02.40:820][319]LogMaterial: 0.001299 seconds spent updating 1 materials, 1 interfaces, 0 instances, 0 with static permutations.
[2016.03.02-05.02.42:601][398]LogMaterialEditor: Saving and Compiling material Stairs
[2016.03.02-05.02.43:854][398]Cmd: OBJ SAVEPACKAGE PACKAGE="/Game/Hotel/Art/Models/Lobby/Stairs" FILE="../../../../../../Users/Mandy/Documents/GitHub/HotelBete/Content/Hotel/Art/Models/Lobby/Stairs.uasset" SILENT=true
[2016.03.02-05.02.43:873][398]LogSavePackage: Save=15.625869ms
[2016.03.02-05.02.43:873][398]LogSavePackage: Moving '../../../../../../Users/Mandy/Documents/GitHub/HotelBete/Saved/Stairs27BFE03548CBA4B24DDA348F6ED942B4.tmp' to '../../../../../../Users/Mandy/Documents/GitHub/HotelBete/Content/Hotel/Art/Models/Lobby/Stairs.uasset'
[2016.03.02-05.02.43:874][398]LogSavePackage: Total save time: 19.835692ms
[2016.03.02-05.02.43:874][398]LogSavePackage:Display: Finished SavePackage ../../../../../../Users/Mandy/Documents/GitHub/HotelBete/Content/Hotel/Art/Models/Lobby/Stairs.uasset
[2016.03.02-05.02.43:893][399]MaterialEditorStats: Info Base pass shader with only dynamic lighting: 69 instructions
[2016.03.02-05.02.43:893][399]MaterialEditorStats: Info Vertex shader: 33 instructions
[2016.03.02-05.02.43:893][399]MaterialEditorStats: Info Texture samplers: 7/16
[2016.03.02-05.03.37:221][171]LogMaterial: Missing cached shader map for material Walls, compiling. 
[2016.03.02-05.03.37:353][171]LogMaterial: Missing cached shader map for material Walls, compiling. 
[2016.03.02-05.03.37:358][171]LogMaterial: 0.000063 seconds spent updating 1 materials, 1 interfaces, 0 instances, 0 with static permutations.
[2016.03.02-05.03.37:411][171]LogMaterial: Missing cached shader map for material FMatExpressionPreview MaterialExpressionTextureSample_23, compiling. 
[2016.03.02-05.03.37:415][171]LogMaterial: Missing cached shader map for material FMatExpressionPreview MaterialExpressionTextureSample_25, compiling. 
[2016.03.02-05.03.37:418][171]LogMaterial: Missing cached shader map for material FMatExpressionPreview MaterialExpressionTextureSample_24, compiling. 
[2016.03.02-05.03.39:079][235]MaterialEditorStats: Info Base pass shader with only dynamic lighting: 50 instructions
[2016.03.02-05.03.39:079][235]MaterialEditorStats: Info Vertex shader: 33 instructions
[2016.03.02-05.03.39:079][235]MaterialEditorStats: Info Texture samplers: 3/16
[2016.03.02-05.03.46:710][669]LogActorComponent: UnregisterComponent: (/Engine/Transient.PawnSensing_GEN_VARIABLE) Not registered. Aborting.
[2016.03.02-05.03.46:734][669]LogParticles: Destroying 0 GPU particle simulations for FXSystem 0x0000000012C58CC0
[2016.03.02-05.03.46:735][669]LogParticles: Destroying 0 GPU particle simulations for FXSystem 0x0000000012CFAAC0
[2016.03.02-05.03.46:736][669]LogParticles: Destroying 0 GPU particle simulations for FXSystem 0x0000000045CC3B00
[2016.03.02-05.03.46:737][669]LogParticles: Destroying 0 GPU particle simulations for FXSystem 0x000000004F85AF20
[2016.03.02-05.03.52:655][732]LogFactory: FactoryCreateBinary: Texture with ReimportTextureFactory (0 0 E:\Users\Mandy\Documents\Substance Painter\exports\Walls\Walls_AO.png)
[2016.03.02-05.03.57:176][732]LogTexture:Display: Building textures: Walls_AO (AutoDXT)
[2016.03.02-05.04.12:819][211]LogMaterial: Missing cached shader map for material Walls, compiling. 
[2016.03.02-05.04.12:825][211]LogMaterial: 0.000094 seconds spent updating 1 materials, 1 interfaces, 0 instances, 0 with static permutations.
[2016.03.02-05.04.12:826][211]LogMaterial: Missing cached shader map for material FMatExpressionPreview MaterialExpressionTextureSample_4, compiling. 
[2016.03.02-05.04.12:860][211]LogMaterial: Missing cached shader map for material FMatExpressionPreview MaterialExpressionTextureSample_23, compiling. 
[2016.03.02-05.04.12:864][211]LogMaterial: Missing cached shader map for material FMatExpressionPreview MaterialExpressionTextureSample_25, compiling. 
[2016.03.02-05.04.12:867][211]LogMaterial: Missing cached shader map for material FMatExpressionPreview MaterialExpressionTextureSample_24, compiling. 
[2016.03.02-05.04.12:870][211]LogMaterial: Missing cached shader map for material FMatExpressionPreview MaterialExpressionTextureSample_4, compiling. 
[2016.03.02-05.04.14:436][284]MaterialEditorStats: Info Base pass shader with only dynamic lighting: 50 instructions
[2016.03.02-05.04.14:436][284]MaterialEditorStats: Info Vertex shader: 33 instructions
[2016.03.02-05.04.14:436][284]MaterialEditorStats: Info Texture samplers: 3/16
[2016.03.02-05.04.15:048][309]LogMaterial: Missing cached shader map for material Walls, compiling. 
[2016.03.02-05.04.15:054][309]LogMaterial: 0.000248 seconds spent updating 1 materials, 1 interfaces, 0 instances, 0 with static permutations.
[2016.03.02-05.04.15:106][309]LogMaterial: Missing cached shader map for material FMatExpressionPreview MaterialExpressionTextureSample_4, compiling. 
[2016.03.02-05.04.16:648][384]MaterialEditorStats: Info Base pass shader with only dynamic lighting: 50 instructions
[2016.03.02-05.04.16:648][384]MaterialEditorStats: Info Vertex shader: 33 instructions
[2016.03.02-05.04.16:648][384]MaterialEditorStats: Info Texture samplers: 4/16
[2016.03.02-05.04.17:575][440]LogMaterialEditor: Applying material Walls
[2016.03.02-05.04.18:242][440]LogMaterial: Missing cached shader map for material Walls, compiling. 
[2016.03.02-05.04.18:256][440]LogMaterial: 0.000122 seconds spent updating 1 materials, 1 interfaces, 0 instances, 0 with static permutations.
[2016.03.02-05.04.18:295][440]LogMaterial: Missing cached shader map for material Walls, compiling. 
[2016.03.02-05.04.18:313][440]LogMaterial: Missing cached shader map for material Walls, compiling. 
[2016.03.02-05.04.18:321][440]LogMaterial: 0.001198 seconds spent updating 1 materials, 1 interfaces, 0 instances, 0 with static permutations.
[2016.03.02-05.04.19:580][501]LogMaterialEditor: Saving and Compiling material Walls
[2016.03.02-05.04.21:232][501]Cmd: OBJ SAVEPACKAGE PACKAGE="/Game/Hotel/Art/Models/Lobby/Walls" FILE="../../../../../../Users/Mandy/Documents/GitHub/HotelBete/Content/Hotel/Art/Models/Lobby/Walls.uasset" SILENT=true
[2016.03.02-05.04.21:257][501]LogSavePackage: Save=16.148491ms
[2016.03.02-05.04.21:257][501]LogSavePackage: Moving '../../../../../../Users/Mandy/Documents/GitHub/HotelBete/Saved/Walls42D5C55A4333B6C55EA4F89258DF1914.tmp' to '../../../../../../Users/Mandy/Documents/GitHub/HotelBete/Content/Hotel/Art/Models/Lobby/Walls.uasset'
[2016.03.02-05.04.21:258][501]LogSavePackage: Total save time: 24.701115ms
[2016.03.02-05.04.21:258][501]LogSavePackage:Display: Finished SavePackage ../../../../../../Users/Mandy/Documents/GitHub/HotelBete/Content/Hotel/Art/Models/Lobby/Walls.uasset
[2016.03.02-05.04.21:277][502]MaterialEditorStats: Info Base pass shader with only dynamic lighting: 69 instructions
[2016.03.02-05.04.21:277][502]MaterialEditorStats: Info Vertex shader: 33 instructions
[2016.03.02-05.04.21:277][502]MaterialEditorStats: Info Texture samplers: 7/16
[2016.03.02-05.05.06:917][485]LogSavePackage: Save=991.187134ms
[2016.03.02-05.05.06:917][485]LogSavePackage: Moving '../../../../../../Users/Mandy/Documents/GitHub/HotelBete/Saved/Windows_AO9B8BF97C409BCD37BD263F923E5C758B.tmp' to '../../../../../../Users/Mandy/Documents/GitHub/HotelBete/Content/Hotel/Art/Textures/Lobby/Windows/Windows_AO.uasset'
[2016.03.02-05.05.06:918][485]LogSavePackage: Total save time: 992.604438ms
[2016.03.02-05.05.06:918][485]LogSavePackage:Display: Finished SavePackage ../../../../../../Users/Mandy/Documents/GitHub/HotelBete/Content/Hotel/Art/Textures/Lobby/Windows/Windows_AO.uasset
[2016.03.02-05.05.06:950][485]LogActorComponent: UnregisterComponent: (/Engine/Transient.PawnSensing_GEN_VARIABLE) Not registered. Aborting.
[2016.03.02-05.05.06:999][485]LogParticles: Destroying 0 GPU particle simulations for FXSystem 0x0000000021D1D940
[2016.03.02-05.05.14:600][233]LogMaterial: Missing cached shader map for material PreviewMaterial_0, compiling. 
[2016.03.02-05.05.14:703][233]LogMaterial: Missing cached shader map for material PreviewMaterial_0, compiling. 
[2016.03.02-05.05.14:709][233]LogMaterial: 0.000056 seconds spent updating 1 materials, 1 interfaces, 0 instances, 0 with static permutations.
[2016.03.02-05.05.14:734][233]LogMaterial: Missing cached shader map for material FMatExpressionPreview MaterialExpressionTextureSample_26, compiling. 
[2016.03.02-05.05.14:738][233]LogMaterial: Missing cached shader map for material FMatExpressionPreview MaterialExpressionTextureSample_27, compiling. 
[2016.03.02-05.05.14:743][233]LogMaterial: Missing cached shader map for material FMatExpressionPreview MaterialExpressionTextureSample_29, compiling. 
[2016.03.02-05.05.14:747][233]LogMaterial: Missing cached shader map for material FMatExpressionPreview MaterialExpressionTextureSample_28, compiling. 
[2016.03.02-05.05.18:291][353]MaterialEditorStats: Info Base pass shader with only dynamic lighting: 31 instructions
[2016.03.02-05.05.18:291][353]MaterialEditorStats: Info Base pass shader for self shadowed translucency: 67 instructions
[2016.03.02-05.05.18:291][353]MaterialEditorStats: Info Vertex shader: 70 instructions
[2016.03.02-05.05.18:291][353]MaterialEditorStats: Info Texture samplers: 7/16
[2016.03.02-05.05.26:985][834]LogEditorViewport: Clicking on Actor (LMB): StaticMeshActor (Lobby_haunted)
[2016.03.02-05.05.33:188][186]LogMaterial: Missing cached shader map for material PreviewMaterial_0, compiling. 
[2016.03.02-05.05.33:194][186]LogMaterial: 0.000130 seconds spent updating 1 materials, 1 interfaces, 0 instances, 0 with static permutations.
[2016.03.02-05.05.33:195][186]LogMaterial: Missing cached shader map for material FMatExpressionPreview MaterialExpressionTextureSample_5, compiling. 
[2016.03.02-05.05.33:289][186]LogMaterial: Missing cached shader map for material FMatExpressionPreview MaterialExpressionTextureSample_26, compiling. 
[2016.03.02-05.05.33:292][186]LogMaterial: Missing cached shader map for material FMatExpressionPreview MaterialExpressionTextureSample_27, compiling. 
[2016.03.02-05.05.33:295][186]LogMaterial: Missing cached shader map for material FMatExpressionPreview MaterialExpressionTextureSample_29, compiling. 
[2016.03.02-05.05.33:299][186]LogMaterial: Missing cached shader map for material FMatExpressionPreview MaterialExpressionTextureSample_28, compiling. 
[2016.03.02-05.05.33:302][186]LogMaterial: Missing cached shader map for material FMatExpressionPreview MaterialExpressionTextureSample_5, compiling. 
[2016.03.02-05.05.36:334][327]MaterialEditorStats: Info Base pass shader with only dynamic lighting: 31 instructions
[2016.03.02-05.05.36:334][327]MaterialEditorStats: Info Base pass shader for self shadowed translucency: 67 instructions
[2016.03.02-05.05.36:334][327]MaterialEditorStats: Info Vertex shader: 70 instructions
[2016.03.02-05.05.36:334][327]MaterialEditorStats: Info Texture samplers: 7/16
[2016.03.02-05.05.37:513][391]LogMaterial: Missing cached shader map for material PreviewMaterial_0, compiling. 
[2016.03.02-05.05.37:519][391]LogMaterial: 0.000114 seconds spent updating 1 materials, 1 interfaces, 0 instances, 0 with static permutations.
[2016.03.02-05.05.37:784][391]LogMaterial: Missing cached shader map for material FMatExpressionPreview MaterialExpressionTextureSample_5, compiling. 
[2016.03.02-05.05.40:292][498]MaterialEditorStats: Info Base pass shader with only dynamic lighting: 31 instructions
[2016.03.02-05.05.40:292][498]MaterialEditorStats: Info Base pass shader for self shadowed translucency: 67 instructions
[2016.03.02-05.05.40:292][498]MaterialEditorStats: Info Vertex shader: 70 instructions
[2016.03.02-05.05.40:292][498]MaterialEditorStats: Info Texture samplers: 8/16
[2016.03.02-05.05.40:652][519]LogMaterialEditor: Applying material Windows
[2016.03.02-05.05.41:320][519]LogMaterial: Missing cached shader map for material PreviewMaterial_0, compiling. 
[2016.03.02-05.05.41:336][519]LogMaterial: 0.000134 seconds spent updating 1 materials, 1 interfaces, 0 instances, 0 with static permutations.
[2016.03.02-05.05.41:443][519]LogMaterial: Missing cached shader map for material Windows, compiling. 
[2016.03.02-05.05.41:459][519]LogMaterial: Missing cached shader map for material Windows, compiling. 
[2016.03.02-05.05.41:468][519]LogMaterial: 0.001302 seconds spent updating 1 materials, 1 interfaces, 0 instances, 0 with static permutations.
[2016.03.02-05.05.42:243][552]LogMaterialEditor: Saving and Compiling material Windows
[2016.03.02-05.05.46:662][552]Cmd: OBJ SAVEPACKAGE PACKAGE="/Game/Hotel/Art/Models/Lobby/Windows" FILE="../../../../../../Users/Mandy/Documents/GitHub/HotelBete/Content/Hotel/Art/Models/Lobby/Windows.uasset" SILENT=true
[2016.03.02-05.05.46:681][552]LogSavePackage: Save=15.233291ms
[2016.03.02-05.05.46:681][552]LogSavePackage: Moving '../../../../../../Users/Mandy/Documents/GitHub/HotelBete/Saved/Windows0321443A49BD2418C72EE3AE768F0A75.tmp' to '../../../../../../Users/Mandy/Documents/GitHub/HotelBete/Content/Hotel/Art/Models/Lobby/Windows.uasset'
[2016.03.02-05.05.46:682][552]LogSavePackage: Total save time: 19.534048ms
[2016.03.02-05.05.46:682][552]LogSavePackage:Display: Finished SavePackage ../../../../../../Users/Mandy/Documents/GitHub/HotelBete/Content/Hotel/Art/Models/Lobby/Windows.uasset
[2016.03.02-05.05.46:702][553]MaterialEditorStats: Info Base pass shader with only dynamic lighting: 47 instructions
[2016.03.02-05.05.46:702][553]MaterialEditorStats: Info Base pass shader for self shadowed translucency: 83 instructions
[2016.03.02-05.05.46:702][553]MaterialEditorStats: Info Vertex shader: 70 instructions
[2016.03.02-05.05.46:702][553]MaterialEditorStats: Info Texture samplers: 8/16
[2016.03.02-05.05.51:676][816]LogEditorViewport: Clicking on Actor (LMB): StaticMeshActor (Lobby_haunted)
[2016.03.02-05.06.11:111][878]LogMaterial: Missing cached shader map for material phong1, compiling. 
[2016.03.02-05.06.11:207][878]LogMaterial: Missing cached shader map for material phong1, compiling. 
[2016.03.02-05.06.11:212][878]LogMaterial: 0.000056 seconds spent updating 1 materials, 1 interfaces, 0 instances, 0 with static permutations.
[2016.03.02-05.06.11:237][878]LogMaterial: Missing cached shader map for material FMatExpressionPreview MaterialExpressionVectorParameter_1, compiling. 
[2016.03.02-05.06.12:734][932]MaterialEditorStats: Info Base pass shader with only dynamic lighting: 31 instructions
[2016.03.02-05.06.12:734][932]MaterialEditorStats: Info Vertex shader: 31 instructions
[2016.03.02-05.06.12:734][932]MaterialEditorStats: Info Texture samplers: 0/16
[2016.03.02-05.06.20:542][420]LogMaterial: Missing cached shader map for material phong1, compiling. 
[2016.03.02-05.06.20:547][420]LogMaterial: 0.000105 seconds spent updating 1 materials, 1 interfaces, 0 instances, 0 with static permutations.
[2016.03.02-05.06.21:750][476]MaterialEditorStats: Info Base pass shader with only dynamic lighting: 31 instructions
[2016.03.02-05.06.21:750][476]MaterialEditorStats: Info Vertex shader: 31 instructions
[2016.03.02-05.06.21:750][476]MaterialEditorStats: Info Texture samplers: 0/16
[2016.03.02-05.06.53:440][312]LogMaterial: Missing cached shader map for material Lobby, compiling. 
[2016.03.02-05.06.53:541][312]LogMaterial: Missing cached shader map for material Lobby, compiling. 
[2016.03.02-05.06.53:546][312]LogMaterial: 0.000058 seconds spent updating 1 materials, 1 interfaces, 0 instances, 0 with static permutations.
[2016.03.02-05.06.53:592][312]LogMaterial: Missing cached shader map for material FMatExpressionPreview MaterialExpressionTextureSample_12, compiling. 
[2016.03.02-05.06.53:601][312]LogMaterial: Missing cached shader map for material FMatExpressionPreview MaterialExpressionTextureSample_13, compiling. 
[2016.03.02-05.06.53:604][312]LogMaterial: Missing cached shader map for material FMatExpressionPreview MaterialExpressionTextureSample_15, compiling. 
[2016.03.02-05.06.53:608][312]LogMaterial: Missing cached shader map for material FMatExpressionPreview MaterialExpressionTextureSample_14, compiling. 
[2016.03.02-05.06.53:611][312]LogMaterial: Missing cached shader map for material FMatExpressionPreview MaterialExpressionTextureSample_1, compiling. 
[2016.03.02-05.06.55:150][368]MaterialEditorStats: Info Base pass shader with only dynamic lighting: 56 instructions
[2016.03.02-05.06.55:150][368]MaterialEditorStats: Info Vertex shader: 33 instructions
[2016.03.02-05.06.55:150][368]MaterialEditorStats: Info Texture samplers: 5/16
[2016.03.02-05.07.01:092][674]LogMaterial: Missing cached shader map for material Lobby, compiling. 
[2016.03.02-05.07.01:113][674]LogMaterial: 0.000358 seconds spent updating 1 materials, 1 interfaces, 0 instances, 0 with static permutations.
[2016.03.02-05.07.02:382][727]MaterialEditorStats: Info Base pass shader with only dynamic lighting: 56 instructions
[2016.03.02-05.07.02:382][727]MaterialEditorStats: Info Vertex shader: 33 instructions
[2016.03.02-05.07.02:382][727]MaterialEditorStats: Info Texture samplers: 4/16
[2016.03.02-05.07.02:704][745]LogMaterialEditor: Applying material Lobby
[2016.03.02-05.07.03:377][745]LogMaterial: Missing cached shader map for material Lobby, compiling. 
[2016.03.02-05.07.03:391][745]LogMaterial: 0.000124 seconds spent updating 1 materials, 1 interfaces, 0 instances, 0 with static permutations.
[2016.03.02-05.07.03:421][745]LogMaterial: Missing cached shader map for material Lobby, compiling. 
[2016.03.02-05.07.03:437][745]LogMaterial: Missing cached shader map for material Lobby, compiling. 
[2016.03.02-05.07.03:445][745]LogMaterial: 0.001305 seconds spent updating 1 materials, 1 interfaces, 0 instances, 0 with static permutations.
[2016.03.02-05.07.06:826][883]MaterialEditorStats: Info Base pass shader with only dynamic lighting: 75 instructions
[2016.03.02-05.07.06:826][883]MaterialEditorStats: Info Vertex shader: 33 instructions
[2016.03.02-05.07.06:826][883]MaterialEditorStats: Info Texture samplers: 7/16
[2016.03.02-05.07.11:387][145]LogMaterial: Missing cached shader map for material Lobby, compiling. 
[2016.03.02-05.07.11:392][145]LogMaterial: 0.000093 seconds spent updating 1 materials, 1 interfaces, 0 instances, 0 with static permutations.
[2016.03.02-05.07.11:481][145]LogMaterial: Missing cached shader map for material FMatExpressionPreview MaterialExpressionTextureSample_1, compiling. 
[2016.03.02-05.07.12:712][200]MaterialEditorStats: Info Base pass shader with only dynamic lighting: 56 instructions
[2016.03.02-05.07.12:712][200]MaterialEditorStats: Info Vertex shader: 33 instructions
[2016.03.02-05.07.12:712][200]MaterialEditorStats: Info Texture samplers: 5/16
[2016.03.02-05.07.13:880][264]LogMaterialEditor: Applying material Lobby
[2016.03.02-05.07.14:552][264]LogMaterial: Missing cached shader map for material Lobby, compiling. 
[2016.03.02-05.07.14:566][264]LogMaterial: 0.000135 seconds spent updating 1 materials, 1 interfaces, 0 instances, 0 with static permutations.
[2016.03.02-05.07.14:601][264]LogMaterial: Missing cached shader map for material Lobby, compiling. 
[2016.03.02-05.07.14:616][264]LogMaterial: Missing cached shader map for material Lobby, compiling. 
[2016.03.02-05.07.14:625][264]LogMaterial: 0.001290 seconds spent updating 1 materials, 1 interfaces, 0 instances, 0 with static permutations.
[2016.03.02-05.07.18:066][411]MaterialEditorStats: Info Base pass shader with only dynamic lighting: 75 instructions
[2016.03.02-05.07.18:067][411]MaterialEditorStats: Info Vertex shader: 33 instructions
[2016.03.02-05.07.18:067][411]MaterialEditorStats: Info Texture samplers: 8/16
[2016.03.02-05.07.19:670][502]LogMaterialEditor: Saving and Compiling material Lobby
[2016.03.02-05.07.19:723][502]Cmd: OBJ SAVEPACKAGE PACKAGE="/Game/Hotel/Art/Models/Lobby/Lobby" FILE="../../../../../../Users/Mandy/Documents/GitHub/HotelBete/Content/Hotel/Art/Models/Lobby/Lobby.uasset" SILENT=true
[2016.03.02-05.07.19:748][502]LogSavePackage: Save=15.877157ms
[2016.03.02-05.07.19:748][502]LogSavePackage: Moving '../../../../../../Users/Mandy/Documents/GitHub/HotelBete/Saved/Lobby37D27F074F1744033CB82CB02357CCFD.tmp' to '../../../../../../Users/Mandy/Documents/GitHub/HotelBete/Content/Hotel/Art/Models/Lobby/Lobby.uasset'
[2016.03.02-05.07.19:749][502]LogSavePackage: Total save time: 24.803780ms
[2016.03.02-05.07.19:749][502]LogSavePackage:Display: Finished SavePackage ../../../../../../Users/Mandy/Documents/GitHub/HotelBete/Content/Hotel/Art/Models/Lobby/Lobby.uasset
[2016.03.02-05.08.15:981][394]LogActorComponent: UnregisterComponent: (/Engine/Transient.PawnSensing_GEN_VARIABLE) Not registered. Aborting.
[2016.03.02-05.08.17:292][394]LogSavePackage: Save=1241.447876ms
[2016.03.02-05.08.17:292][394]LogSavePackage: Moving '../../../../../../Users/Mandy/Documents/GitHub/HotelBete/Saved/Stairs_AOF7014C5941A11B66B7DD2592AF1B5015.tmp' to '../../../../../../Users/Mandy/Documents/GitHub/HotelBete/Content/Hotel/Art/Textures/Lobby/Stairs/Stairs_AO.uasset'
[2016.03.02-05.08.17:293][394]LogSavePackage: Total save time: 1242.951266ms
[2016.03.02-05.08.17:293][394]LogSavePackage:Display: Finished SavePackage ../../../../../../Users/Mandy/Documents/GitHub/HotelBete/Content/Hotel/Art/Textures/Lobby/Stairs/Stairs_AO.uasset
[2016.03.02-05.08.20:669][394]LogSavePackage: Save=3349.903809ms
[2016.03.02-05.08.20:669][394]LogSavePackage: Moving '../../../../../../Users/Mandy/Documents/GitHub/HotelBete/Saved/Lobby_AOA633112E45D9C0B731EA848D7511AA9F.tmp' to '../../../../../../Users/Mandy/Documents/GitHub/HotelBete/Content/Hotel/Art/Textures/Lobby/Lobby/Lobby_AO.uasset'
[2016.03.02-05.08.20:670][394]LogSavePackage: Total save time: 3351.333756ms
[2016.03.02-05.08.20:670][394]LogSavePackage:Display: Finished SavePackage ../../../../../../Users/Mandy/Documents/GitHub/HotelBete/Content/Hotel/Art/Textures/Lobby/Lobby/Lobby_AO.uasset
[2016.03.02-05.08.21:004][394]LogSavePackage: Save=296.197784ms
[2016.03.02-05.08.21:004][394]LogSavePackage: Moving '../../../../../../Users/Mandy/Documents/GitHub/HotelBete/Saved/Frames_AOC5920AAA41BC6BE49551928FA3F2EA23.tmp' to '../../../../../../Users/Mandy/Documents/GitHub/HotelBete/Content/Hotel/Art/Textures/Lobby/Frames/Frames_AO.uasset'
[2016.03.02-05.08.21:006][394]LogSavePackage: Total save time: 297.621906ms
[2016.03.02-05.08.21:006][394]LogSavePackage:Display: Finished SavePackage ../../../../../../Users/Mandy/Documents/GitHub/HotelBete/Content/Hotel/Art/Textures/Lobby/Frames/Frames_AO.uasset
[2016.03.02-05.08.22:184][394]LogSavePackage: Save=1153.480225ms
[2016.03.02-05.08.22:184][394]LogSavePackage: Moving '../../../../../../Users/Mandy/Documents/GitHub/HotelBete/Saved/Doors_AOBC5CDE864DDC21094C2F98AED29D32F7.tmp' to '../../../../../../Users/Mandy/Documents/GitHub/HotelBete/Content/Hotel/Art/Textures/Lobby/Doors/Doors_AO.uasset'
[2016.03.02-05.08.22:185][394]LogSavePackage: Total save time: 1154.910680ms
[2016.03.02-05.08.22:185][394]LogSavePackage:Display: Finished SavePackage ../../../../../../Users/Mandy/Documents/GitHub/HotelBete/Content/Hotel/Art/Textures/Lobby/Doors/Doors_AO.uasset
[2016.03.02-05.08.26:352][394]LogSavePackage: Save=4141.484863ms
[2016.03.02-05.08.26:352][394]LogSavePackage: Moving '../../../../../../Users/Mandy/Documents/GitHub/HotelBete/Saved/Walls_AO16413F064FB50A4E0E209C97FB4E61BD.tmp' to '../../../../../../Users/Mandy/Documents/GitHub/HotelBete/Content/Hotel/Art/Textures/Lobby/Walls/Walls_AO.uasset'
[2016.03.02-05.08.26:354][394]LogSavePackage: Total save time: 4143.261507ms
[2016.03.02-05.08.26:354][394]LogSavePackage:Display: Finished SavePackage ../../../../../../Users/Mandy/Documents/GitHub/HotelBete/Content/Hotel/Art/Textures/Lobby/Walls/Walls_AO.uasset
[2016.03.02-05.08.26:363][394]LogSavePackage: Save=1.049645ms
[2016.03.02-05.08.26:363][394]LogSavePackage: Moving '../../../../../../Users/Mandy/Documents/GitHub/HotelBete/Saved/Walls_AO25E2A1F440CDEF8C65756ABE648BFE96.tmp' to '../../../../../../Users/Mandy/Documents/GitHub/HotelBete/Content/Hotel/Art/Textures/Lobby/Windows/Walls_AO.uasset'
[2016.03.02-05.08.26:364][394]LogSavePackage: Total save time: 2.362311ms
[2016.03.02-05.08.26:365][394]LogSavePackage:Display: Finished SavePackage ../../../../../../Users/Mandy/Documents/GitHub/HotelBete/Content/Hotel/Art/Textures/Lobby/Windows/Walls_AO.uasset
[2016.03.02-05.10.06:916][327]LogEditorFactories: Performing atomic reimport of [C:/Users/Mandy/Documents/maya/projects/default/scenes/Lobby_haunted.fbx]
[2016.03.02-05.10.07:104][327]LogFbx: Loading FBX Scene from C:/Users/Mandy/Documents/maya/projects/default/scenes/Lobby_haunted.fbx
[2016.03.02-05.10.08:712][327]LogFbx: FBX Scene Loaded Succesfully
[2016.03.02-05.10.09:042][327]LogFbx:Warning: Triangulating static mesh Cylinder025
[2016.03.02-05.10.10:720][327]LogFbx:Warning: Triangulating static mesh Door6
[2016.03.02-05.10.11:153][327]LogFbx:Warning: Triangulating static mesh Door1
[2016.03.02-05.10.11:586][327]LogFbx:Warning: Triangulating static mesh Door2
[2016.03.02-05.10.12:019][327]LogFbx:Warning: Triangulating static mesh Door3
[2016.03.02-05.10.12:461][327]LogFbx:Warning: Triangulating static mesh Door7
[2016.03.02-05.10.12:879][327]LogFbx:Warning: Triangulating static mesh Door4
[2016.03.02-05.10.13:295][327]LogFbx:Warning: Triangulating static mesh Door8
[2016.03.02-05.10.13:712][327]LogFbx:Warning: Triangulating static mesh Door5
[2016.03.02-05.10.14:626][327]LogFbx:Warning: Triangulating static mesh Object057
[2016.03.02-05.10.33:220][327]LogFbx:Warning: Triangulating static mesh Line0010
[2016.03.02-05.10.38:375][327]LogStaticMesh: Building static mesh Lobby_haunted...
[2016.03.02-05.10.44:614][327]LogStaticMesh: Built static mesh [6.239241.2s] /Game/Hotel/Art/Models/Lobby/Lobby_haunted.Lobby_haunted
[2016.03.02-05.10.44:944][327]LogStaticMesh:Warning: Lobby_haunted has degenerate tangent bases which will result in incorrect shading. 
[2016.03.02-05.10.44:945][327]LogFbx:Warning: Warning Lobby_haunted has degenerate tangent bases which will result in incorrect shading. 
[2016.03.02-05.10.45:335][327]LogEditorFactories: -- imported successfully
[2016.03.02-05.10.49:860][618]LogEditorViewport: Clicking on Actor (LMB): StaticMeshActor (Lobby_haunted)
[2016.03.02-05.11.11:140][670]Cmd: TRANSACTION UNDO
[2016.03.02-05.11.11:140][670]LogEditorTransaction: Undo Create Actors
[2016.03.02-05.11.12:775][810]LogEditorViewport: Clicking on Actor (LMB): StaticMeshActor (Lobby_haunted)
[2016.03.02-05.11.24:228][890]LogEditorViewport: Clicking on Actor (LMB): StaticMeshActor (Lobby_haunted)
[2016.03.02-05.11.26:710][128]Cmd: TRANSACTION UNDO
[2016.03.02-05.11.26:710][128]LogEditorTransaction: Undo Clicking on Actors
[2016.03.02-05.11.29:077][362]Cmd: TRANSACTION UNDO
[2016.03.02-05.11.29:077][362]LogEditorTransaction: Undo Create Actors
[2016.03.02-05.11.31:149][598]Cmd: TRANSACTION UNDO
[2016.03.02-05.11.31:149][598]LogEditorTransaction: Undo Clicking on Actors
[2016.03.02-05.11.33:114][821]Cmd: TRANSACTION UNDO
[2016.03.02-05.11.33:115][821]LogEditorTransaction: Undo Clicking on Actors
[2016.03.02-05.11.34:499][979]Cmd: TRANSACTION UNDO
[2016.03.02-05.11.34:499][979]LogEditorTransaction: Undo Create Pin Link
[2016.03.02-05.11.34:503][979]LogMaterial: Missing cached shader map for material Lobby, compiling. 
[2016.03.02-05.11.37:536][281]Cmd: TRANSACTION UNDO
[2016.03.02-05.11.37:536][281]LogEditorTransaction: Undo Break Pin Links
[2016.03.02-05.11.37:539][281]LogMaterial: Missing cached shader map for material Lobby, compiling. 
[2016.03.02-05.11.38:965][392]Cmd: TRANSACTION UNDO
[2016.03.02-05.11.38:965][392]LogEditorTransaction: Undo Material Editor: Delete
[2016.03.02-05.11.38:969][392]LogMaterial: Missing cached shader map for material phong1, compiling. 
[2016.03.02-05.11.41:026][587]LogActorComponent: UnregisterComponent: (/Engine/Transient.PawnSensing_GEN_VARIABLE) Not registered. Aborting.
[2016.03.02-05.11.41:048][587]LogParticles: Destroying 0 GPU particle simulations for FXSystem 0x00000000104CC180
[2016.03.02-05.11.41:049][587]LogParticles: Destroying 0 GPU particle simulations for FXSystem 0x00000000A6E7D3A0
[2016.03.02-05.11.41:050][587]LogParticles: Destroying 0 GPU particle simulations for FXSystem 0x00000000DA71DB20
[2016.03.02-05.11.45:697][588]Cmd: QUIT_EDITOR
[2016.03.02-05.11.46:002][588]LogExit: Preparing to exit.
[2016.03.02-05.11.46:774][588]LogExit: Editor shut down
[2016.03.02-05.11.46:775][588]LogExit: Transaction tracking system shut down
[2016.03.02-05.11.46:789][588]LogParticles: Destroying 0 GPU particle simulations for FXSystem 0x00000000117B8900
[2016.03.02-05.11.46:789][588]LogParticles: Destroying 0 GPU particle simulations for FXSystem 0x0000000031A63F60
[2016.03.02-05.11.46:790][588]LogParticles: Destroying 0 GPU particle simulations for FXSystem 0x0000000038F10680
[2016.03.02-05.11.46:828][588]LogParticles: Destroying 0 GPU particle simulations for FXSystem 0x00000000117011C0
[2016.03.02-05.11.46:832][588]LogParticles: Destroying 0 GPU particle simulations for FXSystem 0x00000000DCC8D8A0
[2016.03.02-05.11.46:833][588]LogParticles: Destroying 0 GPU particle simulations for FXSystem 0x00000000319504A0
[2016.03.02-05.11.47:283][588]LogExit: Object subsystem successfully closed.
[2016.03.02-05.11.47:319][588]LogD3D11RHI: Shutdown
[2016.03.02-05.11.47:319][588]LogD3D11RHI: CleanupD3DDevice
[2016.03.02-05.11.47:574][588]LogD3D11RHI: ~FD3D11DynamicRHI
[2016.03.02-05.11.47:744][588]LogModuleManager: Shutting down and abandoning module CookingStats (202)
[2016.03.02-05.11.47:744][588]LogModuleManager: Shutting down and abandoning module MaterialEditor (201)
[2016.03.02-05.11.47:744][588]LogModuleManager: Shutting down and abandoning module CrashTracker (200)
[2016.03.02-05.11.47:744][588]LogModuleManager: Shutting down and abandoning module SceneOutliner (199)
[2016.03.02-05.11.47:744][588]LogModuleManager: Shutting down and abandoning module SuperSearch (198)
[2016.03.02-05.11.47:744][588]LogModuleManager: Shutting down and abandoning module WidgetCarousel (197)
[2016.03.02-05.11.47:744][588]LogModuleManager: Shutting down and abandoning module AddContentDialog (196)
[2016.03.02-05.11.47:748][588]LogModuleManager: Shutting down and abandoning module EditorWidgets (195)
[2016.03.02-05.11.47:748][588]LogModuleManager: Shutting down and abandoning module CollectionManager (194)
[2016.03.02-05.11.47:749][588]LogModuleManager: Shutting down and abandoning module StatsViewer (193)
[2016.03.02-05.11.47:749][588]LogModuleManager: Shutting down and abandoning module FoliageEdit (192)
[2016.03.02-05.11.47:749][588]LogModuleManager: Shutting down and abandoning module LandscapeEditor (191)
[2016.03.02-05.11.47:757][588]LogModuleManager: Shutting down and abandoning module ActorPickerMode (190)
[2016.03.02-05.11.47:757][588]LogModuleManager: Shutting down and abandoning module GeometryMode (189)
[2016.03.02-05.11.47:757][588]LogModuleManager: Shutting down and abandoning module TextureAlignMode (188)
[2016.03.02-05.11.47:757][588]LogModuleManager: Shutting down and abandoning module BspMode (187)
[2016.03.02-05.11.47:757][588]LogModuleManager: Shutting down and abandoning module PlacementMode (186)
[2016.03.02-05.11.47:757][588]LogModuleManager: Shutting down and abandoning module AutomationWorker (185)
[2016.03.02-05.11.47:757][588]LogModuleManager: Shutting down and abandoning module CharacterAI (184)
[2016.03.02-05.11.47:757][588]LogModuleManager: Shutting down and abandoning module SmartSnapping (183)
[2016.03.02-05.11.47:757][588]LogModuleManager: Shutting down and abandoning module ViewportSnapping (182)
[2016.03.02-05.11.47:757][588]LogModuleManager: Shutting down and abandoning module LogVisualizer (181)
[2016.03.02-05.11.47:758][588]LogModuleManager: Shutting down and abandoning module GameProjectGeneration (180)
[2016.03.02-05.11.47:783][588]LogModuleManager: Shutting down and abandoning module IntroTutorials (179)
[2016.03.02-05.11.47:783][588]LogModuleManager: Shutting down and abandoning module EditorLiveStreaming (178)
[2016.03.02-05.11.47:783][588]LogModuleManager: Shutting down and abandoning module IOSPlatformEditor (177)
[2016.03.02-05.11.47:783][588]LogModuleManager: Shutting down and abandoning module HTML5PlatformEditor (176)
[2016.03.02-05.11.47:784][588]LogModuleManager: Shutting down and abandoning module AndroidDeviceDetection (175)
[2016.03.02-05.11.47:795][588]LogModuleManager: Shutting down and abandoning module AndroidPlatformEditor (174)
[2016.03.02-05.11.47:795][588]LogModuleManager: Shutting down and abandoning module IOSRuntimeSettings (173)
[2016.03.02-05.11.47:795][588]LogModuleManager: Shutting down and abandoning module AndroidRuntimeSettings (172)
[2016.03.02-05.11.47:795][588]LogModuleManager: Shutting down and abandoning module MergeActors (171)
[2016.03.02-05.11.47:795][588]LogModuleManager: Shutting down and abandoning module SizeMap (170)
[2016.03.02-05.11.47:795][588]LogModuleManager: Shutting down and abandoning module TreeMap (169)
[2016.03.02-05.11.47:795][588]LogModuleManager: Shutting down and abandoning module ReferenceViewer (168)
[2016.03.02-05.11.47:795][588]LogModuleManager: Shutting down and abandoning module LocalizationService (167)
[2016.03.02-05.11.47:795][588]LogModuleManager: Shutting down and abandoning module LocalizationDashboard (166)
[2016.03.02-05.11.47:804][588]LogModuleManager: Shutting down and abandoning module HardwareTargeting (165)
[2016.03.02-05.11.47:804][588]LogModuleManager: Shutting down and abandoning module DeviceProfileEditor (164)
[2016.03.02-05.11.47:804][588]LogModuleManager: Shutting down and abandoning module UndoHistory (163)
[2016.03.02-05.11.47:804][588]LogModuleManager: Shutting down and abandoning module GameplayTagsEditor (162)
[2016.03.02-05.11.47:804][588]LogModuleManager: Shutting down and abandoning module UserFeedback (161)
[2016.03.02-05.11.47:804][588]LogModuleManager: Shutting down and abandoning module XmlParser (160)
[2016.03.02-05.11.47:804][588]LogModuleManager: Shutting down and abandoning module Blutility (159)
[2016.03.02-05.11.47:804][588]LogModuleManager: Shutting down and abandoning module ProjectTargetPlatformEditor (158)
[2016.03.02-05.11.47:804][588]LogModuleManager: Shutting down and abandoning module ProjectSettingsViewer (157)
[2016.03.02-05.11.47:805][588]LogModuleManager: Shutting down and abandoning module InputBindingEditor (156)
[2016.03.02-05.11.47:809][588]LogModuleManager: Shutting down and abandoning module EditorSettingsViewer (155)
[2016.03.02-05.11.47:809][588]LogModuleManager: Shutting down and abandoning module SettingsEditor (154)
[2016.03.02-05.11.47:809][588]LogModuleManager: Shutting down and abandoning module ProjectLauncher (153)
[2016.03.02-05.11.47:817][588]LogModuleManager: Shutting down and abandoning module SessionFrontend (152)
[2016.03.02-05.11.47:817][588]LogModuleManager: Shutting down and abandoning module ProfilerClient (151)
[2016.03.02-05.11.47:820][588]LogModuleManager: Shutting down and abandoning module TargetDeviceServices (150)
[2016.03.02-05.11.47:820][588]LogModuleManager: Shutting down and abandoning module DeviceManager (149)
[2016.03.02-05.11.47:820][588]LogModuleManager: Shutting down and abandoning module AutomationController (148)
[2016.03.02-05.11.47:820][588]LogModuleManager: Shutting down and abandoning module AutomationWindow (147)
[2016.03.02-05.11.47:836][588]LogModuleManager: Shutting down and abandoning module Layers (146)
[2016.03.02-05.11.47:868][588]LogModuleManager: Shutting down and abandoning module ComponentVisualizers (145)
[2016.03.02-05.11.47:868][588]LogModuleManager: Shutting down and abandoning module DetailCustomizations (144)
[2016.03.02-05.11.47:868][588]LogModuleManager: Shutting down and abandoning module PackagesDialog (143)
[2016.03.02-05.11.47:869][588]LogModuleManager: Shutting down and abandoning module Persona (142)
[2016.03.02-05.11.47:887][588]LogModuleManager: Shutting down and abandoning module Kismet (141)
[2016.03.02-05.11.47:897][588]LogModuleManager: Shutting down and abandoning module GraphEditor (140)
[2016.03.02-05.11.47:898][588]LogModuleManager: Shutting down and abandoning module ClassViewer (139)
[2016.03.02-05.11.47:898][588]LogModuleManager: Shutting down and abandoning module Toolbox (138)
[2016.03.02-05.11.47:898][588]LogModuleManager: Shutting down and abandoning module ModuleUI (137)
[2016.03.02-05.11.47:926][588]LogModuleManager: Shutting down and abandoning module MovieSceneTools (136)
[2016.03.02-05.11.47:926][588]LogModuleManager: Shutting down and abandoning module OutputLog (135)
[2016.03.02-05.11.47:926][588]LogModuleManager: Shutting down and abandoning module GammaUI (134)
[2016.03.02-05.11.47:935][588]LogModuleManager: Shutting down and abandoning module Documentation (133)
[2016.03.02-05.11.47:935][588]LogModuleManager: Shutting down and abandoning module GameLiveStreaming (132)
[2016.03.02-05.11.47:935][588]LogModuleManager: Shutting down and abandoning module StreamingPauseRendering (131)
[2016.03.02-05.11.47:935][588]LogModuleManager: Shutting down and abandoning module AnalyticsET (130)
[2016.03.02-05.11.47:936][588]LogModuleManager: Shutting down and abandoning module Analytics (129)
[2016.03.02-05.11.47:936][588]LogModuleManager: Shutting down and abandoning module AITestSuite (128)
[2016.03.02-05.11.47:936][588]LogModuleManager: Shutting down and abandoning module GameplayDebugger (127)
[2016.03.02-05.11.47:936][588]LogModuleManager: Shutting down and abandoning module AIModule (126)
[2016.03.02-05.11.47:936][588]LogModuleManager: Shutting down and abandoning module ProfilerService (125)
[2016.03.02-05.11.48:147][588]LogModuleManager: Shutting down and abandoning module TaskGraph (124)
[2016.03.02-05.11.48:155][588]LogModuleManager: Shutting down and abandoning module SubstanceEditor (123)
[2016.03.02-05.11.48:169][588]LogModuleManager: Shutting down and abandoning module SlateRemote (122)
[2016.03.02-05.11.48:170][588]LogModuleManager: Shutting down and abandoning module SteamVRController (121)
[2016.03.02-05.11.48:170][588]LogModuleManager: Shutting down and abandoning module SteamVR (120)
[2016.03.02-05.11.48:170][588]LogModuleManager: Shutting down and abandoning module ProceduralMeshComponent (119)
[2016.03.02-05.11.48:170][588]LogModuleManager: Shutting down and abandoning module OculusLibrary (118)
[2016.03.02-05.11.48:170][588]LogModuleManager: Shutting down and abandoning module OculusInput (117)
[2016.03.02-05.11.48:170][588]LogModuleManager: Shutting down and abandoning module LeapMotionController (116)
[2016.03.02-05.11.48:193][588]LogModuleManager: Shutting down and abandoning module CustomMeshComponent (115)
[2016.03.02-05.11.48:193][588]LogModuleManager: Shutting down and abandoning module CableComponent (114)
[2016.03.02-05.11.48:193][588]LogModuleManager: Shutting down and abandoning module ArchVisCharacter (113)
[2016.03.02-05.11.48:193][588]LogModuleManager: Shutting down and abandoning module MessagingDebugger (112)
[2016.03.02-05.11.48:219][588]LogModuleManager: Shutting down and abandoning module MediaPlayerEditor (111)
[2016.03.02-05.11.48:223][588]LogModuleManager: Shutting down and abandoning module HTML5Networking (110)
[2016.03.02-05.11.48:223][588]LogModuleManager: Shutting down and abandoning module SpeedTreeImporter (109)
[2016.03.02-05.11.48:223][588]LogModuleManager: Shutting down and abandoning module PluginBrowser (108)
[2016.03.02-05.11.48:232][588]LogModuleManager: Shutting down and abandoning module EpicSurvey (107)
[2016.03.02-05.11.48:233][588]LogModuleManager: Shutting down and abandoning module DesktopPlatform (106)
[2016.03.02-05.11.48:233][588]LogModuleManager: Shutting down and abandoning module VisualStudioSourceCodeAccess (105)
[2016.03.02-05.11.48:233][588]LogModuleManager: Shutting down and abandoning module UObjectPlugin (104)
[2016.03.02-05.11.48:233][588]LogModuleManager: Shutting down and abandoning module SubversionSourceControl (103)
[2016.03.02-05.11.48:233][588]LogModuleManager: Shutting down and abandoning module PerforceSourceControl (102)
[2016.03.02-05.11.48:233][588]LogModuleManager: Shutting down and abandoning module SourceControl (101)
[2016.03.02-05.11.48:238][588]LogModuleManager: Shutting down and abandoning module GitSourceControl (100)
[2016.03.02-05.11.48:238][588]LogModuleManager: Shutting down and abandoning module LightPropagationVolumeEditor (99)
[2016.03.02-05.11.48:238][588]LogModuleManager: Shutting down and abandoning module PaperTiledImporter (98)
[2016.03.02-05.11.48:238][588]LogModuleManager: Shutting down and abandoning module PaperSpriteSheetImporter (97)
[2016.03.02-05.11.48:238][588]LogModuleManager: Shutting down and abandoning module MeshPaint (96)
[2016.03.02-05.11.48:238][588]LogModuleManager: Shutting down and abandoning module SlateReflector (95)
[2016.03.02-05.11.48:243][588]LogModuleManager: Shutting down and abandoning module HotReload (94)
[2016.03.02-05.11.48:244][588]LogModuleManager: Shutting down and abandoning module MainFrame (93)
[2016.03.02-05.11.48:244][588]LogModuleManager: Shutting down and abandoning module LevelEditor (92)
[2016.03.02-05.11.48:248][588]LogModuleManager: Shutting down and abandoning module ContentBrowser (91)
[2016.03.02-05.11.48:250][588]LogModuleManager: Shutting down and abandoning module Paper2DEditor (90)
[2016.03.02-05.11.48:256][588]LogModuleManager: Shutting down and abandoning module UdpMessaging (89)
[2016.03.02-05.11.48:357][588]LogModuleManager: Shutting down and abandoning module DirectoryWatcher (88)
[2016.03.02-05.11.48:359][588]LogModuleManager: Shutting down and abandoning module AssetRegistry (87)
[2016.03.02-05.11.48:520][588]LogModuleManager: Shutting down and abandoning module SubstanceCore (86)
[2016.03.02-05.11.48:526][588]LogModuleManager: Shutting down and abandoning module LightPropagationVolumeRuntime (85)
[2016.03.02-05.11.48:526][588]LogModuleManager: Shutting down and abandoning module Paper2D (84)
[2016.03.02-05.11.48:526][588]LogModuleManager: Shutting down and abandoning module WindowsMoviePlayer (83)
[2016.03.02-05.11.48:526][588]LogModuleManager: Shutting down and abandoning module Media (82)
[2016.03.02-05.11.48:526][588]LogModuleManager: Shutting down and abandoning module WmfMedia (81)
[2016.03.02-05.11.48:695][588]LogModuleManager: Shutting down and abandoning module OnlineBlueprintSupport (80)
[2016.03.02-05.11.48:695][588]LogModuleManager: Shutting down and abandoning module GameplayTasksEditor (79)
[2016.03.02-05.11.48:695][588]LogModuleManager: Shutting down and abandoning module PropertyEditor (78)
[2016.03.02-05.11.48:695][588]LogModuleManager: Shutting down and abandoning module BehaviorTreeEditor (77)
[2016.03.02-05.11.48:700][588]LogModuleManager: Shutting down and abandoning module FunctionalTesting (76)
[2016.03.02-05.11.48:700][588]LogModuleManager: Shutting down and abandoning module CollisionAnalyzer (75)
[2016.03.02-05.11.48:700][588]LogModuleManager: Shutting down and abandoning module WorkspaceMenuStructure (74)
[2016.03.02-05.11.48:700][588]LogModuleManager: Shutting down and abandoning module MessageLog (73)
[2016.03.02-05.11.48:700][588]LogModuleManager: Shutting down and abandoning module Sequencer (72)
[2016.03.02-05.11.48:719][588]LogModuleManager: Shutting down and abandoning module AssetTools (71)
[2016.03.02-05.11.48:720][588]LogModuleManager: Shutting down and abandoning module UMGEditor (70)
[2016.03.02-05.11.48:727][588]LogModuleManager: Shutting down and abandoning module UMG (69)
[2016.03.02-05.11.48:740][588]LogModuleManager: Shutting down and abandoning module Slate (68)
[2016.03.02-05.11.48:740][588]LogModuleManager: Shutting down and abandoning module EditorStyle (67)
[2016.03.02-05.11.48:748][588]LogModuleManager: Shutting down and abandoning module SessionServices (66)
[2016.03.02-05.11.48:748][588]LogModuleManager: Shutting down and abandoning module SourceCodeAccess (65)
[2016.03.02-05.11.48:748][588]LogModuleManager: Shutting down and abandoning module HeadMountedDisplay (64)
[2016.03.02-05.11.48:748][588]LogModuleManager: Shutting down and abandoning module XAudio2 (63)
[2016.03.02-05.11.48:748][588]LogModuleManager: Shutting down and abandoning module Networking (61)
[2016.03.02-05.11.48:748][588]LogModuleManager: Shutting down and abandoning module Core (60)
[2016.03.02-05.11.48:748][588]LogModuleManager: Shutting down and abandoning module KismetCompiler (59)
[2016.03.02-05.11.48:749][588]LogModuleManager: Shutting down and abandoning module PhysXFormats (58)
[2016.03.02-05.11.48:749][588]LogModuleManager: Shutting down and abandoning module MeshUtilities (57)
[2016.03.02-05.11.48:749][588]LogModuleManager: Shutting down and abandoning module DerivedDataCache (56)
[2016.03.02-05.11.48:753][588]LogDerivedDataCache: Shutdown
[2016.03.02-05.11.48:754][588]LogModuleManager: Shutting down and abandoning module ShaderFormatOpenGL (55)
[2016.03.02-05.11.48:781][588]LogModuleManager: Shutting down and abandoning module ShaderFormatD3D (54)
[2016.03.02-05.11.48:781][588]LogModuleManager: Shutting down and abandoning module MetalShaderFormat (53)
[2016.03.02-05.11.48:791][588]LogModuleManager: Shutting down and abandoning module TextureFormatUncompressed (52)
[2016.03.02-05.11.48:791][588]LogModuleManager: Shutting down and abandoning module TextureFormatPVR (51)
[2016.03.02-05.11.48:792][588]LogModuleManager: Shutting down and abandoning module TextureFormatIntelISPCTexComp (50)
[2016.03.02-05.11.48:792][588]LogModuleManager: Shutting down and abandoning module TextureFormatDXT (49)
[2016.03.02-05.11.48:792][588]LogModuleManager: Shutting down and abandoning module ImageWrapper (48)
[2016.03.02-05.11.48:792][588]LogModuleManager: Shutting down and abandoning module TextureFormatASTC (47)
[2016.03.02-05.11.48:792][588]LogModuleManager: Shutting down and abandoning module TextureFormatAndroid (46)
[2016.03.02-05.11.48:792][588]LogModuleManager: Shutting down and abandoning module AudioFormatOpus (45)
[2016.03.02-05.11.48:792][588]LogModuleManager: Shutting down and abandoning module AudioFormatOgg (44)
[2016.03.02-05.11.48:792][588]LogModuleManager: Shutting down and abandoning module AudioFormatADPCM (43)
[2016.03.02-05.11.48:792][588]LogModuleManager: Shutting down and abandoning module LinuxTargetPlatform (42)
[2016.03.02-05.11.48:792][588]LogModuleManager: Shutting down and abandoning module LinuxServerTargetPlatform (41)
[2016.03.02-05.11.48:792][588]LogModuleManager: Shutting down and abandoning module LinuxNoEditorTargetPlatform (40)
[2016.03.02-05.11.48:792][588]LogModuleManager: Shutting down and abandoning module Messaging (39)
[2016.03.02-05.11.48:792][588]LogModuleManager: Shutting down and abandoning module IOSTargetPlatform (38)
[2016.03.02-05.11.48:792][588]LogModuleManager: Shutting down and abandoning module HTML5TargetPlatform (37)
[2016.03.02-05.11.48:792][588]LogModuleManager: Shutting down and abandoning module Android_PVRTCTargetPlatform (36)
[2016.03.02-05.11.48:792][588]LogModuleManager: Shutting down and abandoning module Android_MultiTargetPlatform (35)
[2016.03.02-05.11.48:792][588]LogModuleManager: Shutting down and abandoning module Android_ETC2TargetPlatform (34)
[2016.03.02-05.11.48:792][588]LogModuleManager: Shutting down and abandoning module Android_ETC1TargetPlatform (33)
[2016.03.02-05.11.48:793][588]LogModuleManager: Shutting down and abandoning module Android_DXTTargetPlatform (32)
[2016.03.02-05.11.48:793][588]LogModuleManager: Shutting down and abandoning module Android_ATCTargetPlatform (31)
[2016.03.02-05.11.48:793][588]LogModuleManager: Shutting down and abandoning module Android_ASTCTargetPlatform (30)
[2016.03.02-05.11.48:793][588]LogModuleManager: Shutting down and abandoning module AndroidTargetPlatform (29)
[2016.03.02-05.11.48:793][588]LogModuleManager: Shutting down and abandoning module WindowsTargetPlatform (28)
[2016.03.02-05.11.48:793][588]LogModuleManager: Shutting down and abandoning module WindowsServerTargetPlatform (27)
[2016.03.02-05.11.48:793][588]LogModuleManager: Shutting down and abandoning module WindowsNoEditorTargetPlatform (26)
[2016.03.02-05.11.48:793][588]LogModuleManager: Shutting down and abandoning module WindowsClientTargetPlatform (25)
[2016.03.02-05.11.48:793][588]LogModuleManager: Shutting down and abandoning module AllDesktopTargetPlatform (24)
[2016.03.02-05.11.48:793][588]LogModuleManager: Shutting down and abandoning module TargetPlatform (23)
[2016.03.02-05.11.48:793][588]LogModuleManager: Shutting down and abandoning module InputCore (22)
[2016.03.02-05.11.48:793][588]LogModuleManager: Shutting down and abandoning module Settings (21)
[2016.03.02-05.11.48:793][588]LogModuleManager: Shutting down and abandoning module OnlineSubsystem (19)
[2016.03.02-05.11.48:793][588]LogModuleManager: Shutting down and abandoning module HTTP (18)
[2016.03.02-05.11.49:794][588]LogModuleManager: Shutting down and abandoning module XMPP (17)
[2016.03.02-05.11.49:819][588]LogModuleManager: Shutting down and abandoning module OculusRift (16)
[2016.03.02-05.11.49:846][588]LogModuleManager: Shutting down and abandoning module ExampleDeviceProfileSelector (15)
[2016.03.02-05.11.49:846][588]LogModuleManager: Shutting down and abandoning module TextureCompressor (14)
[2016.03.02-05.11.49:846][588]LogModuleManager: Shutting down and abandoning module ShaderCore (13)
[2016.03.02-05.11.49:846][588]LogModuleManager: Shutting down and abandoning module Landscape (12)
[2016.03.02-05.11.49:846][588]LogModuleManager: Shutting down and abandoning module SlateRHIRenderer (11)
[2016.03.02-05.11.49:851][588]LogModuleManager: Shutting down and abandoning module OpenGLDrv (10)
[2016.03.02-05.11.49:867][588]LogModuleManager: Shutting down and abandoning module D3D11RHI (9)
[2016.03.02-05.11.49:867][588]LogModuleManager: Shutting down and abandoning module AnimGraphRuntime (8)
[2016.03.02-05.11.49:872][588]LogModuleManager: Shutting down and abandoning module Renderer (7)
[2016.03.02-05.11.49:872][588]LogModuleManager: Shutting down and abandoning module Engine (6)
[2016.03.02-05.11.49:872][588]LogModuleManager: Shutting down and abandoning module CoreUObject (5)
[2016.03.02-05.11.49:872][588]LogModuleManager: Shutting down and abandoning module NetworkFile (4)
[2016.03.02-05.11.49:881][588]LogModuleManager: Shutting down and abandoning module StreamingFile (3)
[2016.03.02-05.11.49:881][588]LogModuleManager: Shutting down and abandoning module SandboxFile (2)
[2016.03.02-05.11.49:881][588]LogModuleManager: Shutting down and abandoning module PakFile (1)
[2016.03.02-05.11.49:894][588]LogExit: Exiting.
[2016.03.02-05.11.49:899][588]Log file closed, 03/02/16 00:11:49
