[2016.04.30-13.03.10:088][  0]Log file open, 04/30/16 09:03:10
[2016.04.30-13.03.10:088][  0]LogInit:Display: Running engine without a game
[2016.04.30-13.03.10:088][  0]LogPlatformFile: Not using cached read wrapper
[2016.04.30-13.03.10:088][  0]LogInit:Display: Loading recent project file: F:/My Media/UCF Documents/DIG 4725-2/HotelBete/Hotel.uproject
[2016.04.30-13.03.10:088][  0]LogInit:Display: RandInit(-347482064) SRandInit(-347482060).
[2016.04.30-13.03.10:088][  0]LogTaskGraph: Started task graph with 4 named threads and 7 total threads.
[2016.04.30-13.03.10:088][  0]LogStats: Stats thread started at 0.756581
[2016.04.30-13.03.10:088][  0]LogInit: Version: 4.10.2-2818068+++depot+UE4-Releases+4.10
[2016.04.30-13.03.10:088][  0]LogInit: API Version: 2758231
[2016.04.30-13.03.10:088][  0]LogInit: Compiled (64-bit): Jan  6 2016 17:36:42
[2016.04.30-13.03.10:088][  0]LogInit: Compiled with Visual C++: 19.00.23026.00
[2016.04.30-13.03.10:088][  0]LogInit: Build Configuration: Development
[2016.04.30-13.03.10:088][  0]LogInit: Branch Name: ++depot+UE4-Releases+4.10
[2016.04.30-13.03.10:088][  0]LogInit: Command line: -EpicPortal 
[2016.04.30-13.03.10:088][  0]LogInit: Base directory: F:/Program Files/Epic Games/4.10/Engine/Binaries/Win64/
[2016.04.30-13.03.10:088][  0]LogInit: Rocket: 1
[2016.04.30-13.03.10:127][  0]LogInit: Using libcurl 7.41.0
[2016.04.30-13.03.10:127][  0]LogInit:  - built for x86_64-pc-win32
[2016.04.30-13.03.10:127][  0]LogInit:  - supports SSL with WinSSL
[2016.04.30-13.03.10:127][  0]LogInit:  - other features:
[2016.04.30-13.03.10:127][  0]LogInit:      CURL_VERSION_SSL
[2016.04.30-13.03.10:127][  0]LogInit:      CURL_VERSION_IPV6
[2016.04.30-13.03.10:127][  0]LogInit:      CURL_VERSION_ASYNCHDNS
[2016.04.30-13.03.10:127][  0]LogInit:      CURL_VERSION_LARGEFILE
[2016.04.30-13.03.10:127][  0]LogInit:      CURL_VERSION_IDN
[2016.04.30-13.03.10:128][  0]LogInit:  CurlRequestOptions (configurable via config and command line):
[2016.04.30-13.03.10:128][  0]LogInit:  - bVerifyPeer = true  - Libcurl will verify peer certificate
[2016.04.30-13.03.10:128][  0]LogInit:  - bUseHttpProxy = false  - Libcurl will NOT use HTTP proxy
[2016.04.30-13.03.10:128][  0]LogInit:  - bDontReuseConnections = false  - Libcurl will reuse connections
[2016.04.30-13.03.10:128][  0]LogInit:  - CertBundlePath = nullptr  - Libcurl will use whatever was configured at build time.
[2016.04.30-13.03.10:156][  0]LogInit: Presizing for 0 objects not considered by GC, pre-allocating 0 bytes.
[2016.04.30-13.03.10:439][  0]LogInit: Object subsystem initialized
[2016.04.30-13.03.10:490][  0]LogInit: Selected Device Profile: [Windows]
[2016.04.30-13.03.10:490][  0]LogInit: Applying CVar settings loaded from the selected device profile: [Windows]
[2016.04.30-13.03.10:543][  0]LogInit: Computer: DESKTOP-0FTHH47
[2016.04.30-13.03.10:543][  0]LogInit: User: aehrl
[2016.04.30-13.03.10:543][  0]LogInit: CPU Page size=4096, Cores=4
[2016.04.30-13.03.10:543][  0]LogInit: High frequency timer resolution =3.984650 MHz
[2016.04.30-13.03.10:543][  0]LogMemory: Memory total: Physical=15.9GB (16GB approx)
[2016.04.30-13.03.10:543][  0]LogMemory: Platform Memory Stats for Windows
[2016.04.30-13.03.10:544][  0]LogMemory: Process Physical Memory: 56.30 MB used, 56.30 MB peak
[2016.04.30-13.03.10:544][  0]LogMemory: Process Virtual Memory: 56.75 MB used, 56.75 MB peak
[2016.04.30-13.03.10:544][  0]LogMemory: Physical Memory: 5197.36 MB used, 16322.88 MB total
[2016.04.30-13.03.10:544][  0]LogMemory: Virtual Memory: 382.87 MB used, 134217728.00 MB total
[2016.04.30-13.03.10:868][  0]LogTextLocalizationManager: No specific translations for ('en-US') exist, so ('en') translations will be used.
[2016.04.30-13.03.11:419][  0]LogD3D11RHI: Found D3D11 adapter 0: NVIDIA GeForce GTX 960 (Feature Level 11_0)
[2016.04.30-13.03.11:419][  0]LogD3D11RHI: Adapter has 1969MB of dedicated video memory, 0MB of dedicated system memory, and 8161MB of shared system memory, 3 output[s]
[2016.04.30-13.03.11:429][  0]LogD3D11RHI: Found D3D11 adapter 1: Microsoft Basic Render Driver (Feature Level 11_0)
[2016.04.30-13.03.11:429][  0]LogD3D11RHI: Adapter has 0MB of dedicated video memory, 0MB of dedicated system memory, and 8161MB of shared system memory, 0 output[s]
[2016.04.30-13.03.11:429][  0]LogD3D11RHI: Chosen D3D11 Adapter Id = 0
[2016.04.30-13.03.11:435][  0]LogD3D11RHI: !Direct3DDevice
[2016.04.30-13.03.11:436][  0]LogRHI: Texture pool is 1361 MB (70% of 1945 MB)
[2016.04.30-13.03.11:446][  0]LogD3D11RHI: Async texture creation enabled
[2016.04.30-13.03.11:566][  0]LogShaderCompilers: Guid format shader working directory is -15 characters bigger than the processId version (../../../../../../My Media/UCF Documents/DIG 4725-2/HotelBete/Intermediate/Shaders/WorkingDirectory/1136/).
[2016.04.30-13.03.11:566][  0]LogShaderCompilers: Cleaned the shader compiler working directory 'C:/Users/aehrl/AppData/Local/Temp/UnrealShaderWorkingDir/575D19E94B6B26B6EFE13EBC7A7DFB11/'.
[2016.04.30-13.03.11:567][  0]LogShaderCompilers:Display: Using Local Shader Compiler.
[2016.04.30-13.03.13:941][  0]LogTemp:Display: Loaded TP AllDesktopTargetPlatform
[2016.04.30-13.03.13:949][  0]LogTemp:Display: Loaded TP WindowsClientTargetPlatform
[2016.04.30-13.03.13:962][  0]LogTemp:Display: Loaded TP WindowsNoEditorTargetPlatform
[2016.04.30-13.03.13:976][  0]LogTemp:Display: Loaded TP WindowsServerTargetPlatform
[2016.04.30-13.03.13:995][  0]LogTemp:Display: Loaded TP WindowsTargetPlatform
[2016.04.30-13.03.14:001][  0]LogTemp:Display: Loaded TP AndroidTargetPlatform
[2016.04.30-13.03.14:006][  0]LogTemp:Display: Loaded TP Android_ASTCTargetPlatform
[2016.04.30-13.03.14:010][  0]LogTemp:Display: Loaded TP Android_ATCTargetPlatform
[2016.04.30-13.03.14:016][  0]LogTemp:Display: Loaded TP Android_DXTTargetPlatform
[2016.04.30-13.03.14:021][  0]LogTemp:Display: Loaded TP Android_ETC1TargetPlatform
[2016.04.30-13.03.14:025][  0]LogTemp:Display: Loaded TP Android_ETC2TargetPlatform
[2016.04.30-13.03.14:038][  0]LogTemp:Display: Loaded TP Android_MultiTargetPlatform
[2016.04.30-13.03.14:038][  0]LogTemp:Display: Loaded TP Android_PVRTCTargetPlatform
[2016.04.30-13.03.14:040][  0]LogTemp:Display: Loaded TP HTML5TargetPlatform
[2016.04.30-13.03.14:088][  0]LogTemp:Display: Loaded TP IOSTargetPlatform
[2016.04.30-13.03.14:093][  0]LogTemp:Display: Loaded TP LinuxNoEditorTargetPlatform
[2016.04.30-13.03.14:097][  0]LogTemp:Display: Loaded TP LinuxServerTargetPlatform
[2016.04.30-13.03.14:102][  0]LogTemp:Display: Loaded TP LinuxTargetPlatform
[2016.04.30-13.03.14:102][  0]LogTargetPlatformManager:Display: Building Assets For Windows
[2016.04.30-13.03.14:657][  0]LogDerivedDataCache:Display: Max Cache Size: 512 MB
[2016.04.30-13.03.15:261][  0]LogDerivedDataCache: Loaded boot cache 0.60s 45MB C:/Users/aehrl/AppData/Local/UnrealEngine/4.10/DerivedDataCache/Boot.ddc.
[2016.04.30-13.03.15:261][  0]LogDerivedDataCache:Display: Loaded Boot cache: C:/Users/aehrl/AppData/Local/UnrealEngine/4.10/DerivedDataCache/Boot.ddc
[2016.04.30-13.03.15:261][  0]LogDerivedDataCache: FDerivedDataBackendGraph:  Pak pak cache file ../../../../../../My Media/UCF Documents/DIG 4725-2/HotelBete/DerivedDataCache/DDC.ddp not found, will not use a pak cache.
[2016.04.30-13.03.15:261][  0]LogDerivedDataCache: Unable to find inner node Pak for hierarchical cache Hierarchy.
[2016.04.30-13.03.15:261][  0]LogDerivedDataCache: FDerivedDataBackendGraph:  CompressedPak pak cache file ../../../../../../My Media/UCF Documents/DIG 4725-2/HotelBete/DerivedDataCache/Compressed.ddp not found, will not use a pak cache.
[2016.04.30-13.03.15:261][  0]LogDerivedDataCache: Unable to find inner node CompressedPak for hierarchical cache Hierarchy.
[2016.04.30-13.03.15:375][  0]LogDerivedDataCache:Display: Pak cache opened for reading ../../../Engine/DerivedDataCache/Compressed.ddp.
[2016.04.30-13.03.15:394][  0]LogDerivedDataCache: Using Local data cache path C:/Users/aehrl/AppData/Local/UnrealEngine/Common/DerivedDataCache: Writable
[2016.04.30-13.03.20:597][  0]LogInit: Selected Device Profile: [Windows]
[2016.04.30-13.03.20:658][  0]LogContentStreaming: Texture pool size is 0.000000MB
[2016.04.30-13.03.21:420][  0]LogMeshUtilities: No automatic mesh reduction module available
[2016.04.30-13.03.21:420][  0]LogMeshUtilities: No automatic mesh merging module available
[2016.04.30-13.03.22:722][  0]LogInit: WinSock: version 1.1 (2.2), MaxSocks=32767, MaxUdp=65467
[2016.04.30-13.03.27:241][  0]LogAssetRegistry: FAssetRegistry took 0.0125 seconds to start up
[2016.04.30-13.03.27:378][  0]UdpMessaging: Initializing bridge on interface 0.0.0.0:0 to multicast group 230.0.0.1:6666.
[2016.04.30-13.03.30:350][  0]SourceControl: Info Source control is disabled
[2016.04.30-13.03.30:834][  0]SourceControl: Info Source control is disabled
[2016.04.30-13.03.30:953][  0]SourceControl: Info Source control is disabled
[2016.04.30-13.03.31:126][  0]SourceControl: Info Source control is disabled
[2016.04.30-13.03.33:443][  0]LogObj: 28802 objects as part of root set at end of initial load.
[2016.04.30-13.03.33:443][  0]LogUObjectAllocator: 6129768 out of 0 bytes used by permanent object pool.
[2016.04.30-13.03.34:372][  0]LogEngine: Initializing Engine...
[2016.04.30-13.03.34:422][  0]LogHMD: Can't find Oculus library dev build: is proper Runtime installed? Version: 0.8.0.0
[2016.04.30-13.03.34:467][  0]LogHMD: SteamVR failed to initialize.  Err: 110
[2016.04.30-13.03.35:264][  0]LogAIModule: Creating AISystem for world NewWorld
[2016.04.30-13.03.35:592][  0]LogInit: XAudio2 using 'Speakers (2- High Definition Audio Device)' : 2 channels at 44.1 kHz using 16 bits per sample (channel mask 0x3)
[2016.04.30-13.03.35:657][  0]LogInit: FAudioDevice initialized.
[2016.04.30-13.03.35:714][  0]LogDerivedDataCache: Saved boot cache 0.06s 41MB C:/Users/aehrl/AppData/Local/UnrealEngine/4.10/DerivedDataCache/Boot.ddc.
[2016.04.30-13.03.35:718][  0]LogInit: Texture streaming: Enabled
[2016.04.30-13.03.35:824][  0]LogAnalytics: Creating configured Analytics provider AnalyticsET
[2016.04.30-13.03.35:825][  0]LogAnalytics: [UEEditor.Rocket.Release] APIServer = http://et2.epicgames.com/ET2/. AppVersion = 4.10.2-2818068+++depot+UE4-Releases+4.10
[2016.04.30-13.03.35:825][  0]LogAnalytics: [UEEditor.Rocket.Release] SetUserId 0b01f67c451c321928712b89b2c25d66|b300224d71e64562a5bff06c2aaa78f8|4d10a4aa-bc91-4e54-b274-9b5f458b8e77
[2016.04.30-13.03.35:860][  0]LogAnalytics: [UEEditor.Rocket.Release] AnalyticsET::StartSession
[2016.04.30-13.03.36:632][  0]LogInit: Transaction tracking system initialized
[2016.04.30-13.03.37:263][  0]BlueprintLog: New page: Editor Load
[2016.04.30-13.03.38:694][  0]LocalizationService: Info Localization service is disabled
[2016.04.30-13.03.39:419][  0]LogConsoleResponse:Display: 
[2016.04.30-13.03.39:813][  0]LogFileCache: Scanning file cache for directory 'F:/My Media/UCF Documents/DIG 4725-2/HotelBete/Content/' took 0.04s
[2016.04.30-13.03.39:813][  0]LogCook:Display: Done creating registry. It took  0.00s.
[2016.04.30-13.03.40:443][  0]SourceControl: Info Source control is disabled
[2016.04.30-13.03.40:476][  0]Cmd: MAP LOAD FILE="../../../../../../My Media/UCF Documents/DIG 4725-2/HotelBete/Content/Hotel/Levels/Menu.umap" TEMPLATE=0 SHOWPROGRESS=1 FEATURELEVEL=3
[2016.04.30-13.03.40:506][  0]LightingResults: New page: Lighting Build
[2016.04.30-13.03.40:628][  0]MapCheck: New page: Map Check
[2016.04.30-13.03.40:628][  0]LightingResults: New page: Lighting Build
[2016.04.30-13.03.40:912][  0]LogParticles: Destroying 0 GPU particle simulations for FXSystem 0x000002B605DAF6A0
[2016.04.30-13.03.48:288][  0]LogAIModule: Creating AISystem for world Menu
[2016.04.30-13.03.48:291][  0]LogEditorServer: Finished looking for orphan Actors (0.000 secs)
[2016.04.30-13.03.48:324][  0]Cmd: MAP CHECKDEP NOCLEARLOG
[2016.04.30-13.03.48:387][  0]MapCheck: Info Map check complete: 0 Error(s), 0 Warning(s), took 61.513ms to complete.
[2016.04.30-13.03.48:387][  0]LogFileHelpers: Loading map 'Menu' took 7.923
[2016.04.30-13.03.49:154][  0]LogCollectionManager: Loaded 0 collections in 0.004945 seconds
[2016.04.30-13.03.49:337][  0]LogFileCache: Scanning file cache for directory 'F:/My Media/UCF Documents/DIG 4725-2/HotelBete/Saved/Collections/' took 0.01s
[2016.04.30-13.03.49:337][  0]LogFileCache: Scanning file cache for directory 'F:/My Media/UCF Documents/DIG 4725-2/HotelBete/Content/Developers/aehrl/Collections/' took 0.01s
[2016.04.30-13.03.49:337][  0]LogFileCache: Scanning file cache for directory 'F:/My Media/UCF Documents/DIG 4725-2/HotelBete/Content/Collections/' took 0.01s
[2016.04.30-13.03.49:337][  0]LogCollectionManager: Rebuilt the GUID cache for 0 collections in 0.000005 seconds
[2016.04.30-13.03.49:360][  0]LogContentBrowser: Native class hierarchy populated in 0.0215 seconds. Added 1908 classes and 344 folders.
[2016.04.30-13.03.49:482][  0]LogContentBrowser: Native class hierarchy updated for 'WidgetCarousel' in 0.0007 seconds. Added 0 classes and 0 folders.
[2016.04.30-13.03.49:742][  0]LogContentBrowser: Native class hierarchy updated for 'AddContentDialog' in 0.0003 seconds. Added 0 classes and 0 folders.
[2016.04.30-13.03.49:885][  0]LogContentBrowser: Native class hierarchy updated for 'SceneOutliner' in 0.0006 seconds. Added 1 classes and 2 folders.
[2016.04.30-13.03.50:209][  0]LogCrashTracker: Crashtracker disabled due to settings.
[2016.04.30-13.03.50:416][  0]LogUObjectGlobals:Warning: Failed to find object 'Class None.'
[2016.04.30-13.03.50:469][  0]LogLoad: Full Startup: 42.36 seconds (BP compile: 0.59 seconds)
[2016.04.30-13.03.50:809][  0]LogOcInput: Can't find Oculus library dev build: is proper Runtime installed? Version: 0.8.0.0
[2016.04.30-13.03.51:211][  0]LogContentStreaming: Texture pool size now 1000 MB
[2016.04.30-13.03.51:722][  0]LogRenderer: Reallocating scene render targets to support 1208x608 (Frame:2).
[2016.04.30-13.03.54:006][  7]LogAssetRegistry: Asset discovery search completed in 26.7769 seconds
[2016.04.30-13.03.54:006][  7]LogCollectionManager: Rebuilt the object cache for 0 collections in 0.000001 seconds (found 0 objects)
[2016.04.30-13.03.54:006][  7]LogCollectionManager: Fixed up redirectors for 0 collections in 0.000063 seconds (updated 0 objects)
[2016.04.30-13.04.27:943][642]LogFactory: FactoryCreateBinary: Texture with ReimportTextureFactory (0 0 F:\Desktop\documents-export-2016-04-30\1_Pickwick_SELECTED.png)
[2016.04.30-13.04.27:992][642]LogTexture:Display: Building textures: 1_Pickwick_SELECTED (BGRA8)
[2016.04.30-13.04.28:067][642]LogFactory: FactoryCreateBinary: Texture with ReimportTextureFactory (0 0 F:\Desktop\documents-export-2016-04-30\2_Oliver_Twist_SELECTED.png)
[2016.04.30-13.04.28:108][642]LogTexture:Display: Building textures: 2_Oliver_Twist_SELECTED (BGRA8)
[2016.04.30-13.04.28:154][642]LogFactory: FactoryCreateBinary: Texture with ReimportTextureFactory (0 0 F:\Desktop\documents-export-2016-04-30\3_David_copper_SELECTED.png)
[2016.04.30-13.04.28:199][642]LogTexture:Display: Building textures: 3_David_copper_SELECTED (BGRA8)
[2016.04.30-13.04.28:212][642]LogFactory: FactoryCreateBinary: Texture with ReimportTextureFactory (0 0 F:\Desktop\documents-export-2016-04-30\4_Tale_TwoCities_SELECTED.png)
[2016.04.30-13.04.28:250][642]LogTexture:Display: Building textures: 4_Tale_TwoCities_SELECTED (BGRA8)
[2016.04.30-13.04.28:287][642]LogFactory: FactoryCreateBinary: Texture with ReimportTextureFactory (0 0 F:\Desktop\documents-export-2016-04-30\5_Great_expect_SELECTED.png)
[2016.04.30-13.04.28:316][642]LogTexture:Display: Building textures: 5_Great_expect_SELECTED (BGRA8)
[2016.04.30-13.04.28:336][642]LogFactory: FactoryCreateBinary: Texture with ReimportTextureFactory (0 0 F:\Desktop\documents-export-2016-04-30\6_Nicholas_Nickleby_SELECTED.png)
[2016.04.30-13.04.28:423][642]LogTexture:Display: Building textures: 6_Nicholas_Nickleby_SELECTED (BGRA8)
[2016.04.30-13.04.30:598][778]LogSavePackage: Save=52.587051ms
[2016.04.30-13.04.30:598][778]LogSavePackage: Moving '../../../../../../My Media/UCF Documents/DIG 4725-2/HotelBete/Saved/1_Pickwick_SELECTED076F479D47E0C3030AEFC58EC01D1A09.tmp' to '../../../../../../My Media/UCF Documents/DIG 4725-2/HotelBete/Content/Hotel/Art/UI/Puzzles/P1/1_Pickwick_SELECTED.uasset'
[2016.04.30-13.04.30:601][778]LogSavePackage: Total save time: 68.652455ms
[2016.04.30-13.04.30:601][778]LogSavePackage:Display: Finished SavePackage ../../../../../../My Media/UCF Documents/DIG 4725-2/HotelBete/Content/Hotel/Art/UI/Puzzles/P1/1_Pickwick_SELECTED.uasset
[2016.04.30-13.04.30:627][778]LogSavePackage: Save=20.089594ms
[2016.04.30-13.04.30:627][778]LogSavePackage: Moving '../../../../../../My Media/UCF Documents/DIG 4725-2/HotelBete/Saved/2_Oliver_Twist_SELECTED1EC373974C048373B6B971A7CCB73F98.tmp' to '../../../../../../My Media/UCF Documents/DIG 4725-2/HotelBete/Content/Hotel/Art/UI/Puzzles/P1/2_Oliver_Twist_SELECTED.uasset'
[2016.04.30-13.04.30:628][778]LogSavePackage: Total save time: 21.096207ms
[2016.04.30-13.04.30:628][778]LogSavePackage:Display: Finished SavePackage ../../../../../../My Media/UCF Documents/DIG 4725-2/HotelBete/Content/Hotel/Art/UI/Puzzles/P1/2_Oliver_Twist_SELECTED.uasset
[2016.04.30-13.04.30:653][778]LogSavePackage: Save=20.002760ms
[2016.04.30-13.04.30:653][778]LogSavePackage: Moving '../../../../../../My Media/UCF Documents/DIG 4725-2/HotelBete/Saved/3_David_copper_SELECTED26FE8A074910A309D8E3F4B2A5A8F4B8.tmp' to '../../../../../../My Media/UCF Documents/DIG 4725-2/HotelBete/Content/Hotel/Art/UI/Puzzles/P1/3_David_copper_SELECTED.uasset'
[2016.04.30-13.04.30:654][778]LogSavePackage: Total save time: 21.015145ms
[2016.04.30-13.04.30:654][778]LogSavePackage:Display: Finished SavePackage ../../../../../../My Media/UCF Documents/DIG 4725-2/HotelBete/Content/Hotel/Art/UI/Puzzles/P1/3_David_copper_SELECTED.uasset
[2016.04.30-13.04.30:680][778]LogSavePackage: Save=19.935251ms
[2016.04.30-13.04.30:680][778]LogSavePackage: Moving '../../../../../../My Media/UCF Documents/DIG 4725-2/HotelBete/Saved/4_Tale_TwoCities_SELECTEDE754B93A476C8F87A37819BEC5BE2F6A.tmp' to '../../../../../../My Media/UCF Documents/DIG 4725-2/HotelBete/Content/Hotel/Art/UI/Puzzles/P1/4_Tale_TwoCities_SELECTED.uasset'
[2016.04.30-13.04.30:681][778]LogSavePackage: Total save time: 20.943623ms
[2016.04.30-13.04.30:681][778]LogSavePackage:Display: Finished SavePackage ../../../../../../My Media/UCF Documents/DIG 4725-2/HotelBete/Content/Hotel/Art/UI/Puzzles/P1/4_Tale_TwoCities_SELECTED.uasset
[2016.04.30-13.04.30:706][778]LogSavePackage: Save=19.961853ms
[2016.04.30-13.04.30:706][778]LogSavePackage: Moving '../../../../../../My Media/UCF Documents/DIG 4725-2/HotelBete/Saved/5_Great_expect_SELECTED23B890634B919FE38FCA36B599EFF9F1.tmp' to '../../../../../../My Media/UCF Documents/DIG 4725-2/HotelBete/Content/Hotel/Art/UI/Puzzles/P1/5_Great_expect_SELECTED.uasset'
[2016.04.30-13.04.30:707][778]LogSavePackage: Total save time: 21.018911ms
[2016.04.30-13.04.30:707][778]LogSavePackage:Display: Finished SavePackage ../../../../../../My Media/UCF Documents/DIG 4725-2/HotelBete/Content/Hotel/Art/UI/Puzzles/P1/5_Great_expect_SELECTED.uasset
[2016.04.30-13.04.30:738][778]LogSavePackage: Save=20.100636ms
[2016.04.30-13.04.30:738][778]LogSavePackage: Moving '../../../../../../My Media/UCF Documents/DIG 4725-2/HotelBete/Saved/6_Nicholas_Nickleby_SELECTEDC69816224C6CBD36953DF291E0C86995.tmp' to '../../../../../../My Media/UCF Documents/DIG 4725-2/HotelBete/Content/Hotel/Art/UI/Puzzles/P1/6_Nicholas_Nickleby_SELECTED.uasset'
[2016.04.30-13.04.30:739][778]LogSavePackage: Total save time: 21.121055ms
[2016.04.30-13.04.30:739][778]LogSavePackage:Display: Finished SavePackage ../../../../../../My Media/UCF Documents/DIG 4725-2/HotelBete/Content/Hotel/Art/UI/Puzzles/P1/6_Nicholas_Nickleby_SELECTED.uasset
[2016.04.30-13.04.57:560][ 28]LogLinker:Warning: Asset '../../../Engine/Content/ArtTools/RenderToTexture/Macros/RenderToTextureMacros.uasset' has been saved with empty engine version. The asset will be loaded but may be incompatible.
[2016.04.30-13.04.58:149][ 28]LogContentBrowser: Native class hierarchy updated for 'BlueprintGraph' in 0.0008 seconds. Added 107 classes and 0 folders.
[2016.04.30-13.07.23:452][762]BlueprintLog: New page: Compile Puzzle1
[2016.04.30-13.07.23:732][762]BlueprintEditorCompileResults: Info [0255.62] Compile of Puzzle1 successful! [in 278 ms]
[2016.04.30-13.07.24:554][829]LogSavePackage: Save=199.720932ms
[2016.04.30-13.07.24:554][829]LogSavePackage: Moving '../../../../../../My Media/UCF Documents/DIG 4725-2/HotelBete/Saved/Puzzle1046708234B41CC0DC601E98C50D024F7.tmp' to '../../../../../../My Media/UCF Documents/DIG 4725-2/HotelBete/Content/Hotel/Blueprints/Widgets/Puzzles/Puzzle1.uasset'
[2016.04.30-13.07.24:565][829]LogSavePackage: Total save time: 215.056278ms
[2016.04.30-13.07.24:565][829]LogSavePackage:Display: Finished SavePackage ../../../../../../My Media/UCF Documents/DIG 4725-2/HotelBete/Content/Hotel/Blueprints/Widgets/Puzzles/Puzzle1.uasset
[2016.04.30-13.07.31:080][439]LogTexture:Display: Building textures: HQ_Lightmap0_10 (AutoDXT)
[2016.04.30-13.07.31:142][439]LogTexture:Display: Building textures: HQ_Lightmap0_13 (AutoDXT)
[2016.04.30-13.07.32:052][439]LogTexture:Display: Building textures: HQ_Lightmap0_14 (AutoDXT)
[2016.04.30-13.07.33:096][439]LogTexture:Display: Building textures: HQ_Lightmap0_19 (AutoDXT)
[2016.04.30-13.07.33:176][439]LogTexture:Display: Building textures: HQ_Lightmap0_3 (AutoDXT)
[2016.04.30-13.07.33:882][439]LogTexture:Display: Building textures: HQ_Lightmap0_6 (AutoDXT)
[2016.04.30-13.07.34:564][439]LogTexture:Display: Building textures: HQ_Lightmap0_9 (AutoDXT)
[2016.04.30-13.07.35:011][439]LogTexture:Display: Building textures: HQ_Lightmap1_1 (AutoDXT)
[2016.04.30-13.07.35:438][439]LogTexture:Display: Building textures: HQ_Lightmap1_11 (AutoDXT)
[2016.04.30-13.07.35:833][439]LogTexture:Display: Building textures: HQ_Lightmap1_12 (AutoDXT)
[2016.04.30-13.07.35:895][439]LogTexture:Display: Building textures: HQ_Lightmap1_15 (AutoDXT)
[2016.04.30-13.07.36:002][439]LogTexture:Display: Building textures: HQ_Lightmap1_16 (AutoDXT)
[2016.04.30-13.07.36:098][439]LogTexture:Display: Building textures: HQ_Lightmap1_17 (AutoDXT)
[2016.04.30-13.07.36:373][439]LogTexture:Display: Building textures: HQ_Lightmap1_18 (AutoDXT)
[2016.04.30-13.07.36:442][439]LogTexture:Display: Building textures: HQ_Lightmap1_2 (AutoDXT)
[2016.04.30-13.07.36:761][439]LogTexture:Display: Building textures: HQ_Lightmap1_4 (AutoDXT)
[2016.04.30-13.07.37:063][439]LogTexture:Display: Building textures: HQ_Lightmap1_5 (AutoDXT)
[2016.04.30-13.07.37:355][439]LogTexture:Display: Building textures: HQ_Lightmap1_7 (AutoDXT)
[2016.04.30-13.07.37:559][439]LogTexture:Display: Building textures: HQ_Lightmap1_8 (AutoDXT)
[2016.04.30-13.07.37:642][439]LogTexture:Display: Building textures: LQ_Lightmap_0_10 (DXT1)
[2016.04.30-13.07.37:658][439]LogTexture:Display: Building textures: LQ_Lightmap_0_13 (DXT1)
[2016.04.30-13.07.37:893][439]LogTexture:Display: Building textures: LQ_Lightmap_0_14 (DXT1)
[2016.04.30-13.07.38:181][439]LogTexture:Display: Building textures: LQ_Lightmap_0_19 (DXT1)
[2016.04.30-13.07.38:226][439]LogTexture:Display: Building textures: LQ_Lightmap_0_3 (DXT1)
[2016.04.30-13.07.38:385][439]LogTexture:Display: Building textures: LQ_Lightmap_0_6 (DXT1)
[2016.04.30-13.07.38:532][439]LogTexture:Display: Building textures: LQ_Lightmap_0_9 (DXT1)
[2016.04.30-13.07.38:692][439]LogTexture:Display: Building textures: LQ_Lightmap_1_1 (DXT1)
[2016.04.30-13.07.38:855][439]LogTexture:Display: Building textures: LQ_Lightmap_1_11 (DXT1)
[2016.04.30-13.07.39:037][439]LogTexture:Display: Building textures: LQ_Lightmap_1_12 (DXT1)
[2016.04.30-13.07.39:070][439]LogTexture:Display: Building textures: LQ_Lightmap_1_15 (DXT1)
[2016.04.30-13.07.39:140][439]LogTexture:Display: Building textures: LQ_Lightmap_1_16 (DXT1)
[2016.04.30-13.07.39:218][439]LogTexture:Display: Building textures: LQ_Lightmap_1_17 (DXT1)
[2016.04.30-13.07.39:378][439]LogTexture:Display: Building textures: LQ_Lightmap_1_18 (DXT1)
[2016.04.30-13.07.39:465][439]LogTexture:Display: Building textures: LQ_Lightmap_1_2 (DXT1)
[2016.04.30-13.07.39:633][439]LogTexture:Display: Building textures: LQ_Lightmap_1_4 (DXT1)
[2016.04.30-13.07.39:794][439]LogTexture:Display: Building textures: LQ_Lightmap_1_5 (DXT1)
[2016.04.30-13.07.39:943][439]LogTexture:Display: Building textures: LQ_Lightmap_1_7 (DXT1)
[2016.04.30-13.07.40:063][439]LogTexture:Display: Building textures: LQ_Lightmap_1_8 (DXT1)
[2016.04.30-13.07.40:111][439]LogTexture:Display: Building textures: SkyOcclusion0_10 (AutoDXT)
[2016.04.30-13.07.40:117][439]LogTexture:Display: Building textures: SkyOcclusion0_13 (AutoDXT)
[2016.04.30-13.07.40:179][439]LogTexture:Display: Building textures: SkyOcclusion0_14 (AutoDXT)
[2016.04.30-13.07.40:235][439]LogTexture:Display: Building textures: SkyOcclusion0_19 (AutoDXT)
[2016.04.30-13.07.40:253][439]LogTexture:Display: Building textures: SkyOcclusion0_3 (AutoDXT)
[2016.04.30-13.07.40:416][439]LogTexture:Display: Building textures: SkyOcclusion0_6 (AutoDXT)
[2016.04.30-13.07.40:579][439]LogTexture:Display: Building textures: SkyOcclusion0_9 (AutoDXT)
[2016.04.30-13.07.40:695][439]LogTexture:Display: Building textures: SkyOcclusion1_1 (AutoDXT)
[2016.04.30-13.07.40:942][439]LogTexture:Display: Building textures: SkyOcclusion1_11 (AutoDXT)
[2016.04.30-13.07.41:045][439]LogTexture:Display: Building textures: SkyOcclusion1_12 (AutoDXT)
[2016.04.30-13.07.41:074][439]LogTexture:Display: Building textures: SkyOcclusion1_15 (AutoDXT)
[2016.04.30-13.07.41:095][439]LogTexture:Display: Building textures: SkyOcclusion1_16 (AutoDXT)
[2016.04.30-13.07.41:112][439]LogTexture:Display: Building textures: SkyOcclusion1_17 (AutoDXT)
[2016.04.30-13.07.41:164][439]LogTexture:Display: Building textures: SkyOcclusion1_18 (AutoDXT)
[2016.04.30-13.07.41:184][439]LogTexture:Display: Building textures: SkyOcclusion1_2 (AutoDXT)
[2016.04.30-13.07.41:344][439]LogTexture:Display: Building textures: SkyOcclusion1_4 (AutoDXT)
[2016.04.30-13.07.41:491][439]LogTexture:Display: Building textures: SkyOcclusion1_5 (AutoDXT)
[2016.04.30-13.07.41:652][439]LogTexture:Display: Building textures: SkyOcclusion1_7 (AutoDXT)
[2016.04.30-13.07.41:731][439]LogTexture:Display: Building textures: SkyOcclusion1_8 (AutoDXT)
[2016.04.30-13.07.41:789][439]LogTexture:Display: Building textures: ShadowMapTexture2D_0 (BGRA8)
[2016.04.30-13.07.41:891][439]LogTexture:Display: Building textures: ShadowMapTexture2D_1 (BGRA8)
[2016.04.30-13.07.41:994][439]LogTexture:Display: Building textures: ShadowMapTexture2D_10 (BGRA8)
[2016.04.30-13.07.42:075][439]LogTexture:Display: Building textures: ShadowMapTexture2D_11 (BGRA8)
[2016.04.30-13.07.42:077][439]LogTexture:Display: Building textures: ShadowMapTexture2D_12 (BGRA8)
[2016.04.30-13.07.42:083][439]LogTexture:Display: Building textures: ShadowMapTexture2D_13 (G8)
[2016.04.30-13.07.42:095][439]LogTexture:Display: Building textures: ShadowMapTexture2D_14 (BGRA8)
[2016.04.30-13.07.42:096][439]LogTexture:Display: Building textures: ShadowMapTexture2D_15 (BGRA8)
[2016.04.30-13.07.42:096][439]LogTexture:Display: Building textures: ShadowMapTexture2D_16 (BGRA8)
[2016.04.30-13.07.42:097][439]LogTexture:Display: Building textures: ShadowMapTexture2D_17 (BGRA8)
[2016.04.30-13.07.42:117][439]LogTexture:Display: Building textures: ShadowMapTexture2D_2 (BGRA8)
[2016.04.30-13.07.42:217][439]LogTexture:Display: Building textures: ShadowMapTexture2D_3 (BGRA8)
[2016.04.30-13.07.42:318][439]LogTexture:Display: Building textures: ShadowMapTexture2D_4 (BGRA8)
[2016.04.30-13.07.42:419][439]LogTexture:Display: Building textures: ShadowMapTexture2D_5 (BGRA8)
[2016.04.30-13.07.42:501][439]LogTexture:Display: Building textures: ShadowMapTexture2D_6 (BGRA8)
[2016.04.30-13.07.42:506][439]LogTexture:Display: Building textures: ShadowMapTexture2D_7 (BGRA8)
[2016.04.30-13.07.42:511][439]LogTexture:Display: Building textures: ShadowMapTexture2D_8 (BGRA8)
[2016.04.30-13.07.42:514][439]LogTexture:Display: Building textures: ShadowMapTexture2D_9 (BGRA8)
[2016.04.30-13.07.42:911][439]LogStaticMesh: Building static mesh BrokenChair...
[2016.04.30-13.07.43:010][439]LogStaticMesh: Built static mesh [0.098952.2s] /Game/Hotel/Art/Models/Broken_Chair/BrokenChair.BrokenChair
[2016.04.30-13.07.44:436][439]LogTexture:Display: Building textures: Walls_StainedGlass (AutoDXT)
[2016.04.30-13.07.46:291][439]LogMaterial: Missing cached shader map for material StainedGlass, compiling. 
[2016.04.30-13.07.46:501][439]LogMaterial: Missing cached shader map for material M_Wood_Oak, compiling. 
[2016.04.30-13.07.46:502][439]LogMaterial:Warning: Failed to compile Material /Game/StarterContent/Materials/M_Wood_Oak.M_Wood_Oak for platform PCD3D_SM5, Default Material will be used in game.
[2016.04.30-13.07.46:502][439]LogMaterial:Warning: 	(Node TextureSample) TextureSample> Missing input texture
[2016.04.30-13.07.46:831][439]LogTexture:Display: Building textures: Walls_StainedGlass2 (AutoDXT)
[2016.04.30-13.07.48:958][439]LogMaterial: Missing cached shader map for material 2ndFloorStainedGlass, compiling. 
[2016.04.30-13.07.49:015][439]LogMaterial: Missing cached shader map for material LobbyStairs, compiling. 
[2016.04.30-13.07.50:668][439]LogMaterial: Missing cached shader map for material Large_Wine_Jugbrown, compiling. 
[2016.04.30-13.07.50:688][439]LogAIModule: Creating AISystem for world World
[2016.04.30-13.07.50:693][439]LogParticles:Warning: InitializeSystem called on an unregistered component. Template=/Game/StarterContent/Particles/Breath.Breath Component=/Game/Hotel/Levels/World.World:PersistentLevel.Breath.ParticleSystemComponent0
[2016.04.30-13.07.50:707][439]LogParticles:Warning: InitializeSystem called on an unregistered component. Template=/Game/StarterContent/Particles/ItemMarker.ItemMarker Component=/Game/Hotel/Levels/World.World:PersistentLevel.ItemMarker.ParticleSystemComponent0
[2016.04.30-13.07.50:707][439]LogParticles:Warning: InitializeSystem called on an unregistered component. Template=/Game/StarterContent/Particles/Dust.Dust Component=/Game/Hotel/Levels/World.World:PersistentLevel.Dust_2.ParticleSystemComponent0
[2016.04.30-13.07.50:711][439]LogParticles:Warning: InitializeSystem called on an unregistered component. Template=/Game/StarterContent/Particles/Dust.Dust Component=/Game/Hotel/Levels/World.World:PersistentLevel.Dust2.ParticleSystemComponent0
[2016.04.30-13.07.50:711][439]LogParticles:Warning: InitializeSystem called on an unregistered component. Template=/Game/StarterContent/Particles/Dust.Dust Component=/Game/Hotel/Levels/World.World:PersistentLevel.Dust3.ParticleSystemComponent0
[2016.04.30-13.07.50:883][439]Cmd: MAP LOAD FILE="../../../../../../My Media/UCF Documents/DIG 4725-2/HotelBete/Content/Hotel/Levels/World.umap" TEMPLATE=0 SHOWPROGRESS=1 FEATURELEVEL=3
[2016.04.30-13.07.50:884][439]LightingResults: New page: Lighting Build
[2016.04.30-13.07.50:898][439]LoadErrors: New page: Loading map: World.umap
[2016.04.30-13.07.50:919][439]MapCheck: New page: Map Check
[2016.04.30-13.07.50:919][439]LightingResults: New page: Lighting Build
[2016.04.30-13.07.50:948][439]LogParticles: Destroying 0 GPU particle simulations for FXSystem 0x000002B604EF4F40
[2016.04.30-13.07.51:057][439]LogEditorServer: Finished looking for orphan Actors (0.000 secs)
[2016.04.30-13.07.51:124][439]Cmd: MAP CHECKDEP NOCLEARLOG
[2016.04.30-13.07.51:243][439]MapCheck: Info Map check complete: 0 Error(s), 0 Warning(s), took 118.445ms to complete.
[2016.04.30-13.07.51:243][439]LogFileHelpers: Loading map 'World' took 0.361
[2016.04.30-13.07.51:246][439]LoadErrors:Error: Error /Game/FirstPersonBP/Blueprints/Enemy : Failed import for Enemy_C /Game/Hotel/Blueprints/Enemies/Enemy.Default__Enemy_C [redirection] in /Game/FirstPersonBP/Blueprints/Enemy
[2016.04.30-13.08.03:639][661]BlueprintLog: New page: Compile World
[2016.04.30-13.08.41:676][661]BlueprintEditorCompileResults: Info [0333.56] Compile of World successful! [in 38,037 ms]
[2016.04.30-13.08.51:718][824]Cmd: OBJ SAVEPACKAGE PACKAGE="/Game/Hotel/Levels/World" FILE="../../../../../../My Media/UCF Documents/DIG 4725-2/HotelBete/Content/Hotel/Levels/World.umap" SILENT=true AUTOSAVING=false KEEPDIRTY=false
[2016.04.30-13.08.53:654][824]LogSavePackage: Save=1889.259033ms
[2016.04.30-13.08.53:654][824]LogSavePackage: Moving '../../../../../../My Media/UCF Documents/DIG 4725-2/HotelBete/Saved/World39DAF31E40F62044BD251C8CEECD9E12.tmp' to '../../../../../../My Media/UCF Documents/DIG 4725-2/HotelBete/Content/Hotel/Levels/World.umap'
[2016.04.30-13.08.53:658][824]LogSavePackage: Total save time: 1913.806982ms
[2016.04.30-13.08.53:658][824]LogSavePackage:Display: Finished SavePackage ../../../../../../My Media/UCF Documents/DIG 4725-2/HotelBete/Content/Hotel/Levels/World.umap
[2016.04.30-13.08.53:678][824]LogFileHelpers: Saving map 'World' took 2.051
[2016.04.30-13.08.59:828][559]LogBlueprintUserMessages: Early PlayInEditor Detection: Level '/Game/Hotel/Levels/World.World:PersistentLevel' has LevelScriptBlueprint '/Game/Hotel/Levels/World.World:PersistentLevel.World' with GeneratedClass '/Game/Hotel/Levels/World.World_C' with ClassGeneratedBy '/Game/Hotel/Levels/World.World:PersistentLevel.World'
[2016.04.30-13.08.59:828][559]LogPlayLevel: PlayLevel: No blueprints needed recompiling
[2016.04.30-13.08.59:848][559]PIE: New page: PIE session: World (Apr 30, 2016, 5:08:59 AM)
[2016.04.30-13.08.59:849][559]LogPlayLevel: Creating play world package: /Game/Hotel/Levels/UEDPIE_0_World
[2016.04.30-13.08.59:905][559]LogPlayLevel: PIE: StaticDuplicateObject took: (0.055178s)
[2016.04.30-13.08.59:906][559]LogAIModule: Creating AISystem for world World
[2016.04.30-13.08.59:906][559]LogPlayLevel: PIE: World Init took: (0.000991s)
[2016.04.30-13.08.59:907][559]LogPlayLevel: PIE: Created PIE world by copying editor world from /Game/Hotel/Levels/World.World to /Game/Hotel/Levels/UEDPIE_0_World.World (0.058012s)
[2016.04.30-13.08.59:942][559]LogInit: XAudio2 using 'Speakers (2- High Definition Audio Device)' : 2 channels at 44.1 kHz using 16 bits per sample (channel mask 0x3)
[2016.04.30-13.08.59:949][559]LogInit: FAudioDevice initialized.
[2016.04.30-13.09.00:115][559]LogWorld: Game class is 'FirstPersonGameMode_C'
[2016.04.30-13.09.00:163][559]LogWorld: Bringing World /Game/Hotel/Levels/UEDPIE_0_World.World up for play (max tick rate 0) at 2016.04.30-09.09.00
[2016.04.30-13.09.00:163][559]LogActor:Warning: GameSession /Game/Hotel/Levels/UEDPIE_0_World.World:PersistentLevel.GameSession_0 has natively added scene component(s), but none of them were set as the actor's RootComponent - picking one arbitrarily
[2016.04.30-13.09.00:164][559]LogActor:Warning: GameNetworkManager /Game/Hotel/Levels/UEDPIE_0_World.World:PersistentLevel.GameNetworkManager_0 has natively added scene component(s), but none of them were set as the actor's RootComponent - picking one arbitrarily
[2016.04.30-13.09.00:197][559]LogWorld: Bringing up level for play took: 0.081443
[2016.04.30-13.09.00:451][559]PIE: Info Play in editor start time for /Game/Hotel/Levels/UEDPIE_0_World 0.74
[2016.04.30-13.09.00:451][559]LogBlueprintUserMessages: Late PlayInEditor Detection: Level '/Game/Hotel/Levels/World.World:PersistentLevel' has LevelScriptBlueprint '/Game/Hotel/Levels/World.World:PersistentLevel.World' with GeneratedClass '/Game/Hotel/Levels/World.World_C' with ClassGeneratedBy '/Game/Hotel/Levels/World.World:PersistentLevel.World'
[2016.04.30-13.09.00:590][560]LogRenderer: Reallocating scene render targets to support 1280x720 (Frame:8215).
[2016.04.30-13.09.08:550][127]LogBlueprintUserMessages: Early EndPlayMap Detection: Level '/Game/Hotel/Levels/World.World:PersistentLevel' has LevelScriptBlueprint '/Game/Hotel/Levels/World.World:PersistentLevel.World' with GeneratedClass '/Game/Hotel/Levels/World.World_C' with ClassGeneratedBy '/Game/Hotel/Levels/World.World:PersistentLevel.World'
[2016.04.30-13.09.08:602][127]LogBlueprintUserMessages: Late EndPlayMap Detection: Level '/Game/Hotel/Levels/World.World:PersistentLevel' has LevelScriptBlueprint '/Game/Hotel/Levels/World.World:PersistentLevel.World' with GeneratedClass '/Game/Hotel/Levels/World.World_C' with ClassGeneratedBy '/Game/Hotel/Levels/World.World:PersistentLevel.World'
[2016.04.30-13.09.08:627][127]LogParticles: Destroying 0 GPU particle simulations for FXSystem 0x000002B602C3F920
[2016.04.30-13.09.47:777][774]BlueprintLog: New page: Compile Puzzle1
[2016.04.30-13.09.47:901][774]LogParticles: Destroying 0 GPU particle simulations for FXSystem 0x000002B6630C54E0
[2016.04.30-13.09.47:901][774]LogParticles: Destroying 0 GPU particle simulations for FXSystem 0x000002B6630C4EA0
[2016.04.30-13.09.47:910][774]BlueprintEditorCompileResults: Info [0399.80] Compile of Puzzle1 successful! [in 132 ms]
[2016.04.30-13.09.50:833][ 92]LogSavePackage: Save=216.119354ms
[2016.04.30-13.09.50:833][ 92]LogSavePackage: Moving '../../../../../../My Media/UCF Documents/DIG 4725-2/HotelBete/Saved/Puzzle112DFEBF24DA1415DE18915A0D4515C3F.tmp' to '../../../../../../My Media/UCF Documents/DIG 4725-2/HotelBete/Content/Hotel/Blueprints/Widgets/Puzzles/Puzzle1.uasset'
[2016.04.30-13.09.50:835][ 92]LogSavePackage: Total save time: 218.394339ms
[2016.04.30-13.09.50:835][ 92]LogSavePackage:Display: Finished SavePackage ../../../../../../My Media/UCF Documents/DIG 4725-2/HotelBete/Content/Hotel/Blueprints/Widgets/Puzzles/Puzzle1.uasset
[2016.04.30-13.09.51:972][227]LogBlueprintUserMessages: Early PlayInEditor Detection: Level '/Game/Hotel/Levels/World.World:PersistentLevel' has LevelScriptBlueprint '/Game/Hotel/Levels/World.World:PersistentLevel.World' with GeneratedClass '/Game/Hotel/Levels/World.World_C' with ClassGeneratedBy '/Game/Hotel/Levels/World.World:PersistentLevel.World'
[2016.04.30-13.09.51:972][227]LogPlayLevel: PlayLevel: No blueprints needed recompiling
[2016.04.30-13.09.51:972][227]PIE: New page: PIE session: World (Apr 30, 2016, 5:09:51 AM)
[2016.04.30-13.09.51:972][227]LogPlayLevel: Creating play world package: /Game/Hotel/Levels/UEDPIE_0_World
[2016.04.30-13.09.52:014][227]LogPlayLevel: PIE: StaticDuplicateObject took: (0.042253s)
[2016.04.30-13.09.52:015][227]LogAIModule: Creating AISystem for world World
[2016.04.30-13.09.52:015][227]LogPlayLevel: PIE: World Init took: (0.001028s)
[2016.04.30-13.09.52:015][227]LogPlayLevel: PIE: Created PIE world by copying editor world from /Game/Hotel/Levels/World.World to /Game/Hotel/Levels/UEDPIE_0_World.World (0.043676s)
[2016.04.30-13.09.52:048][227]LogInit: XAudio2 using 'Speakers (2- High Definition Audio Device)' : 2 channels at 44.1 kHz using 16 bits per sample (channel mask 0x3)
[2016.04.30-13.09.52:054][227]LogInit: FAudioDevice initialized.
[2016.04.30-13.09.52:155][227]LogWorld: Game class is 'FirstPersonGameMode_C'
[2016.04.30-13.09.52:196][227]LogWorld: Bringing World /Game/Hotel/Levels/UEDPIE_0_World.World up for play (max tick rate 0) at 2016.04.30-09.09.52
[2016.04.30-13.09.52:196][227]LogActor:Warning: GameSession /Game/Hotel/Levels/UEDPIE_0_World.World:PersistentLevel.GameSession_1 has natively added scene component(s), but none of them were set as the actor's RootComponent - picking one arbitrarily
[2016.04.30-13.09.52:196][227]LogActor:Warning: GameNetworkManager /Game/Hotel/Levels/UEDPIE_0_World.World:PersistentLevel.GameNetworkManager_1 has natively added scene component(s), but none of them were set as the actor's RootComponent - picking one arbitrarily
[2016.04.30-13.09.52:200][227]LogWorld: Bringing up level for play took: 0.043802
[2016.04.30-13.09.52:214][227]PIE: Info Play in editor start time for /Game/Hotel/Levels/UEDPIE_0_World 0.504
[2016.04.30-13.09.52:214][227]LogBlueprintUserMessages: Late PlayInEditor Detection: Level '/Game/Hotel/Levels/World.World:PersistentLevel' has LevelScriptBlueprint '/Game/Hotel/Levels/World.World:PersistentLevel.World' with GeneratedClass '/Game/Hotel/Levels/World.World_C' with ClassGeneratedBy '/Game/Hotel/Levels/World.World:PersistentLevel.World'
[2016.04.30-13.14.05:924][681]LogScript:Warning: Attempted to get an item from array YourDeck out of bounds [3/2]!
[2016.04.30-13.14.07:407][859]LogScript:Warning: Attempted to get an item from array YourDeck out of bounds [3/2]!
[2016.04.30-13.16.33:013][326]LogScript:Warning: Attempted to get an item from array YourDeck out of bounds [3/2]!
[2016.04.30-13.16.34:279][478]LogScript:Warning: Attempted to get an item from array YourDeck out of bounds [3/2]!
[2016.04.30-13.16.56:782][176]LogBlueprintUserMessages: Early EndPlayMap Detection: Level '/Game/Hotel/Levels/World.World:PersistentLevel' has LevelScriptBlueprint '/Game/Hotel/Levels/World.World:PersistentLevel.World' with GeneratedClass '/Game/Hotel/Levels/World.World_C' with ClassGeneratedBy '/Game/Hotel/Levels/World.World:PersistentLevel.World'
[2016.04.30-13.16.56:827][176]LogBlueprintUserMessages: Late EndPlayMap Detection: Level '/Game/Hotel/Levels/World.World:PersistentLevel' has LevelScriptBlueprint '/Game/Hotel/Levels/World.World:PersistentLevel.World' with GeneratedClass '/Game/Hotel/Levels/World.World_C' with ClassGeneratedBy '/Game/Hotel/Levels/World.World:PersistentLevel.World'
[2016.04.30-13.16.56:853][176]LogParticles: Destroying 0 GPU particle simulations for FXSystem 0x000002B644DAA5C0
[2016.04.30-13.17.02:760][868]BlueprintLog: New page: Compile World
[2016.04.30-13.17.02:831][868]BlueprintEditorCompileResults: Info [0834.72] Compile of World successful! [in 70 ms]
[2016.04.30-13.17.03:492][926]Cmd: OBJ SAVEPACKAGE PACKAGE="/Game/Hotel/Levels/World" FILE="../../../../../../My Media/UCF Documents/DIG 4725-2/HotelBete/Content/Hotel/Levels/World.umap" SILENT=true AUTOSAVING=false KEEPDIRTY=false
[2016.04.30-13.17.05:414][926]LogSavePackage: Save=1873.908325ms
[2016.04.30-13.17.05:414][926]LogSavePackage: Moving '../../../../../../My Media/UCF Documents/DIG 4725-2/HotelBete/Saved/World86CA32CD42BB85A8E0FFBEB602C0A05E.tmp' to '../../../../../../My Media/UCF Documents/DIG 4725-2/HotelBete/Content/Hotel/Levels/World.umap'
[2016.04.30-13.17.05:418][926]LogSavePackage: Total save time: 1902.377374ms
[2016.04.30-13.17.05:418][926]LogSavePackage:Display: Finished SavePackage ../../../../../../My Media/UCF Documents/DIG 4725-2/HotelBete/Content/Hotel/Levels/World.umap
[2016.04.30-13.17.05:435][926]LogFileHelpers: Saving map 'World' took 2.058
[2016.04.30-13.20.32:409][607]LogUObjectHash:Warning: Ambiguous search, could be K2Node_CallArrayFunction /Game/Hotel/Blueprints/Widgets/Puzzles/Puzzle0.Puzzle0:EventGraph.K2Node_CallArrayFunction_83 or K2Node_CallArrayFunction /Engine/Transient.PROTO_BP_Blueprint_0:UserConstructionScript.K2Node_CallArrayFunction_83
[2016.04.30-13.20.32:409][607]LogProperty:Warning: ObjectProperty /Script/Engine.EdGraphPin:LinkedTo.LinkedTo: unresolved reference to 'EdGraphPin'K2Node_CallArrayFunction_83.EdGraphPin_49144''
[2016.04.30-13.20.32:411][607]LogProperty:Warning: ObjectProperty /Script/Engine.EdGraphPin:LinkedTo.LinkedTo: unresolved reference to 'EdGraphPin'K2Node_CallFunction_5661.EdGraphPin_49153''
[2016.04.30-13.21.54:760][406]BlueprintLog: New page: Compile Puzzle0
[2016.04.30-13.21.54:916][406]LogParticles: Destroying 0 GPU particle simulations for FXSystem 0x000002B6473A5440
[2016.04.30-13.21.54:916][406]LogParticles: Destroying 0 GPU particle simulations for FXSystem 0x000002B6473A6200
[2016.04.30-13.21.54:928][406]BlueprintEditorCompileResults: Info [1126.82] Compile of Puzzle0 successful! [in 168 ms]
[2016.04.30-13.21.55:914][480]LogSavePackage: Save=295.532104ms
[2016.04.30-13.21.55:914][480]LogSavePackage: Moving '../../../../../../My Media/UCF Documents/DIG 4725-2/HotelBete/Saved/Puzzle00DB37BDA4F1E7DC74462EC997E2C0D49.tmp' to '../../../../../../My Media/UCF Documents/DIG 4725-2/HotelBete/Content/Hotel/Blueprints/Widgets/Puzzles/Puzzle0.uasset'
[2016.04.30-13.21.55:915][480]LogSavePackage: Total save time: 298.773039ms
[2016.04.30-13.21.55:915][480]LogSavePackage:Display: Finished SavePackage ../../../../../../My Media/UCF Documents/DIG 4725-2/HotelBete/Content/Hotel/Blueprints/Widgets/Puzzles/Puzzle0.uasset
[2016.04.30-13.21.56:610][562]LogBlueprintUserMessages: Early PlayInEditor Detection: Level '/Game/Hotel/Levels/World.World:PersistentLevel' has LevelScriptBlueprint '/Game/Hotel/Levels/World.World:PersistentLevel.World' with GeneratedClass '/Game/Hotel/Levels/World.World_C' with ClassGeneratedBy '/Game/Hotel/Levels/World.World:PersistentLevel.World'
[2016.04.30-13.21.56:610][562]LogPlayLevel: PlayLevel: No blueprints needed recompiling
[2016.04.30-13.21.56:610][562]PIE: New page: PIE session: World (Apr 30, 2016, 5:21:56 AM)
[2016.04.30-13.21.56:610][562]LogPlayLevel: Creating play world package: /Game/Hotel/Levels/UEDPIE_0_World
[2016.04.30-13.21.56:656][562]LogPlayLevel: PIE: StaticDuplicateObject took: (0.046256s)
[2016.04.30-13.21.56:657][562]LogAIModule: Creating AISystem for world World
[2016.04.30-13.21.56:657][562]LogPlayLevel: PIE: World Init took: (0.000638s)
[2016.04.30-13.21.56:657][562]LogPlayLevel: PIE: Created PIE world by copying editor world from /Game/Hotel/Levels/World.World to /Game/Hotel/Levels/UEDPIE_0_World.World (0.047240s)
[2016.04.30-13.21.56:687][562]LogInit: XAudio2 using 'Speakers (2- High Definition Audio Device)' : 2 channels at 44.1 kHz using 16 bits per sample (channel mask 0x3)
[2016.04.30-13.21.56:693][562]LogInit: FAudioDevice initialized.
[2016.04.30-13.21.56:811][562]LogWorld: Game class is 'FirstPersonGameMode_C'
[2016.04.30-13.21.56:853][562]LogWorld: Bringing World /Game/Hotel/Levels/UEDPIE_0_World.World up for play (max tick rate 0) at 2016.04.30-09.21.56
[2016.04.30-13.21.56:853][562]LogActor:Warning: GameSession /Game/Hotel/Levels/UEDPIE_0_World.World:PersistentLevel.GameSession_2 has natively added scene component(s), but none of them were set as the actor's RootComponent - picking one arbitrarily
[2016.04.30-13.21.56:853][562]LogActor:Warning: GameNetworkManager /Game/Hotel/Levels/UEDPIE_0_World.World:PersistentLevel.GameNetworkManager_2 has natively added scene component(s), but none of them were set as the actor's RootComponent - picking one arbitrarily
[2016.04.30-13.21.56:856][562]LogWorld: Bringing up level for play took: 0.043755
[2016.04.30-13.21.56:903][562]PIE: Info Play in editor start time for /Game/Hotel/Levels/UEDPIE_0_World 1.193
[2016.04.30-13.21.56:903][562]LogBlueprintUserMessages: Late PlayInEditor Detection: Level '/Game/Hotel/Levels/World.World:PersistentLevel' has LevelScriptBlueprint '/Game/Hotel/Levels/World.World:PersistentLevel.World' with GeneratedClass '/Game/Hotel/Levels/World.World_C' with ClassGeneratedBy '/Game/Hotel/Levels/World.World:PersistentLevel.World'
[2016.04.30-13.22.19:085][140]LogScript:Warning: Attempted to get an item from array YourDeck out of bounds [3/2]!
[2016.04.30-13.22.19:518][192]LogScript:Warning: Attempted to get an item from array YourDeck out of bounds [3/2]!
[2016.04.30-13.22.20:035][254]LogScript:Warning: Attempted to get an item from array YourDeck out of bounds [3/2]!
[2016.04.30-13.22.20:035][254]LogScript:Warning: Attempted to remove an item from an invalid index from array YourDeck [3/2]!
[2016.04.30-13.22.20:035][254]LogScript:Warning: Attempted to get an item from array YourDeck out of bounds [3/2]!
[2016.04.30-13.22.24:635][806]LogScript:Warning: Attempted to get an item from array YourDeck out of bounds [3/2]!
[2016.04.30-13.22.25:727][937]LogScript:Warning: Attempted to get an item from array YourDeck out of bounds [3/2]!
[2016.04.30-13.22.25:727][937]LogScript:Warning: Attempted to remove an item from an invalid index from array YourDeck [3/2]!
[2016.04.30-13.22.25:727][937]LogScript:Warning: Attempted to get an item from array YourDeck out of bounds [3/2]!
[2016.04.30-13.22.26:894][ 77]LogScript:Warning: Attempted to get an item from array YourDeck out of bounds [3/2]!
[2016.04.30-13.22.27:435][142]LogScript:Warning: Attempted to get an item from array YourDeck out of bounds [3/2]!
[2016.04.30-13.22.27:435][142]LogScript:Warning: Attempted to remove an item from an invalid index from array YourDeck [3/2]!
[2016.04.30-13.22.27:435][142]LogScript:Warning: Attempted to get an item from array YourDeck out of bounds [3/2]!
[2016.04.30-13.22.27:819][188]LogScript:Warning: Attempted to get an item from array YourDeck out of bounds [3/2]!
[2016.04.30-13.22.28:185][232]LogScript:Warning: Attempted to get an item from array YourDeck out of bounds [3/2]!
[2016.04.30-13.22.28:185][232]LogScript:Warning: Attempted to remove an item from an invalid index from array YourDeck [3/2]!
[2016.04.30-13.22.28:186][232]LogScript:Warning: Attempted to get an item from array YourDeck out of bounds [3/2]!
[2016.04.30-13.22.28:485][268]LogScript:Warning: Attempted to get an item from array YourDeck out of bounds [3/2]!
[2016.04.30-13.22.28:835][310]LogScript:Warning: Attempted to get an item from array YourDeck out of bounds [3/2]!
[2016.04.30-13.22.28:835][310]LogScript:Warning: Attempted to remove an item from an invalid index from array YourDeck [3/2]!
[2016.04.30-13.22.28:835][310]LogScript:Warning: Attempted to get an item from array YourDeck out of bounds [3/2]!
[2016.04.30-13.22.29:144][347]LogScript:Warning: Attempted to get an item from array YourDeck out of bounds [3/2]!
[2016.04.30-13.22.29:452][384]LogScript:Warning: Attempted to get an item from array YourDeck out of bounds [3/2]!
[2016.04.30-13.22.29:452][384]LogScript:Warning: Attempted to remove an item from an invalid index from array YourDeck [3/2]!
[2016.04.30-13.22.29:452][384]LogScript:Warning: Attempted to get an item from array YourDeck out of bounds [3/2]!
[2016.04.30-13.22.29:802][426]LogScript:Warning: Attempted to get an item from array YourDeck out of bounds [3/2]!
[2016.04.30-13.22.30:118][464]LogScript:Warning: Attempted to get an item from array YourDeck out of bounds [3/2]!
[2016.04.30-13.22.30:118][464]LogScript:Warning: Attempted to remove an item from an invalid index from array YourDeck [3/2]!
[2016.04.30-13.22.30:118][464]LogScript:Warning: Attempted to get an item from array YourDeck out of bounds [3/2]!
[2016.04.30-13.22.30:444][503]LogScript:Warning: Attempted to get an item from array YourDeck out of bounds [3/2]!
[2016.04.30-13.22.30:777][543]LogScript:Warning: Attempted to get an item from array YourDeck out of bounds [3/2]!
[2016.04.30-13.22.30:777][543]LogScript:Warning: Attempted to remove an item from an invalid index from array YourDeck [3/2]!
[2016.04.30-13.22.30:777][543]LogScript:Warning: Attempted to get an item from array YourDeck out of bounds [3/2]!
[2016.04.30-13.22.31:094][581]LogScript:Warning: Attempted to get an item from array YourDeck out of bounds [3/2]!
[2016.04.30-13.22.31:460][625]LogScript:Warning: Attempted to get an item from array YourDeck out of bounds [3/2]!
[2016.04.30-13.22.31:460][625]LogScript:Warning: Attempted to remove an item from an invalid index from array YourDeck [3/2]!
[2016.04.30-13.22.31:460][625]LogScript:Warning: Attempted to get an item from array YourDeck out of bounds [3/2]!
[2016.04.30-13.22.31:794][665]LogScript:Warning: Attempted to get an item from array YourDeck out of bounds [3/2]!
[2016.04.30-13.22.32:144][707]LogScript:Warning: Attempted to get an item from array YourDeck out of bounds [3/2]!
[2016.04.30-13.22.32:144][707]LogScript:Warning: Attempted to remove an item from an invalid index from array YourDeck [3/2]!
[2016.04.30-13.22.32:144][707]LogScript:Warning: Attempted to get an item from array YourDeck out of bounds [3/2]!
[2016.04.30-13.22.32:518][752]LogScript:Warning: Attempted to get an item from array YourDeck out of bounds [3/2]!
[2016.04.30-13.22.33:012][811]LogScript:Warning: Attempted to get an item from array YourDeck out of bounds [3/2]!
[2016.04.30-13.22.33:012][811]LogScript:Warning: Attempted to remove an item from an invalid index from array YourDeck [3/2]!
[2016.04.30-13.22.33:012][811]LogScript:Warning: Attempted to get an item from array YourDeck out of bounds [3/2]!
[2016.04.30-13.22.33:452][864]LogScript:Warning: Attempted to get an item from array YourDeck out of bounds [3/2]!
[2016.04.30-13.22.33:994][929]LogScript:Warning: Attempted to get an item from array YourDeck out of bounds [3/2]!
[2016.04.30-13.22.33:994][929]LogScript:Warning: Attempted to remove an item from an invalid index from array YourDeck [3/2]!
[2016.04.30-13.22.33:994][929]LogScript:Warning: Attempted to get an item from array YourDeck out of bounds [3/2]!
[2016.04.30-13.22.34:469][986]LogScript:Warning: Attempted to get an item from array YourDeck out of bounds [3/2]!
[2016.04.30-13.22.34:728][ 17]LogScript:Warning: Attempted to get an item from array YourDeck out of bounds [3/2]!
[2016.04.30-13.22.34:728][ 17]LogScript:Warning: Attempted to remove an item from an invalid index from array YourDeck [3/2]!
[2016.04.30-13.22.34:728][ 17]LogScript:Warning: Attempted to get an item from array YourDeck out of bounds [3/2]!
[2016.04.30-13.22.34:969][ 46]LogScript:Warning: Attempted to get an item from array YourDeck out of bounds [3/2]!
[2016.04.30-13.22.35:194][ 73]LogScript:Warning: Attempted to get an item from array YourDeck out of bounds [3/2]!
[2016.04.30-13.22.35:194][ 73]LogScript:Warning: Attempted to remove an item from an invalid index from array YourDeck [3/2]!
[2016.04.30-13.22.35:194][ 73]LogScript:Warning: Attempted to get an item from array YourDeck out of bounds [3/2]!
[2016.04.30-13.22.35:411][ 99]LogScript:Warning: Attempted to get an item from array YourDeck out of bounds [3/2]!
[2016.04.30-13.22.35:644][127]LogScript:Warning: Attempted to get an item from array YourDeck out of bounds [3/2]!
[2016.04.30-13.22.35:644][127]LogScript:Warning: Attempted to remove an item from an invalid index from array YourDeck [3/2]!
[2016.04.30-13.22.35:644][127]LogScript:Warning: Attempted to get an item from array YourDeck out of bounds [3/2]!
[2016.04.30-13.22.35:861][153]LogScript:Warning: Attempted to get an item from array YourDeck out of bounds [3/2]!
[2016.04.30-13.22.36:453][224]LogScript:Warning: Attempted to get an item from array YourDeck out of bounds [3/2]!
[2016.04.30-13.22.36:453][224]LogScript:Warning: Attempted to remove an item from an invalid index from array YourDeck [3/2]!
[2016.04.30-13.22.36:453][224]LogScript:Warning: Attempted to get an item from array YourDeck out of bounds [3/2]!
[2016.04.30-13.22.36:945][283]LogScript:Warning: Attempted to get an item from array YourDeck out of bounds [3/2]!
[2016.04.30-13.22.37:485][348]LogScript:Warning: Attempted to get an item from array YourDeck out of bounds [3/2]!
[2016.04.30-13.22.37:485][348]LogScript:Warning: Attempted to remove an item from an invalid index from array YourDeck [3/2]!
[2016.04.30-13.22.37:485][348]LogScript:Warning: Attempted to get an item from array YourDeck out of bounds [3/2]!
[2016.04.30-13.22.38:293][445]LogScript:Warning: Attempted to get an item from array YourDeck out of bounds [3/2]!
[2016.04.30-13.22.42:098][902]LogBlueprintUserMessages: Early EndPlayMap Detection: Level '/Game/Hotel/Levels/World.World:PersistentLevel' has LevelScriptBlueprint '/Game/Hotel/Levels/World.World:PersistentLevel.World' with GeneratedClass '/Game/Hotel/Levels/World.World_C' with ClassGeneratedBy '/Game/Hotel/Levels/World.World:PersistentLevel.World'
[2016.04.30-13.22.42:151][902]LogBlueprintUserMessages: Late EndPlayMap Detection: Level '/Game/Hotel/Levels/World.World:PersistentLevel' has LevelScriptBlueprint '/Game/Hotel/Levels/World.World:PersistentLevel.World' with GeneratedClass '/Game/Hotel/Levels/World.World_C' with ClassGeneratedBy '/Game/Hotel/Levels/World.World:PersistentLevel.World'
[2016.04.30-13.22.42:178][902]LogParticles: Destroying 0 GPU particle simulations for FXSystem 0x000002B736DA34C0
[2016.04.30-13.22.59:897][ 27]LogEditorTransaction: Undo Move Nodes
[2016.04.30-13.23.00:143][ 38]LogEditorTransaction: Undo Move Node
[2016.04.30-13.23.00:410][ 45]LogEditorTransaction: Undo Move Node
[2016.04.30-13.23.00:585][ 52]LogEditorTransaction: Undo Change Number Pin Value
[2016.04.30-13.23.00:799][ 64]LogEditorTransaction: Undo Create Pin Link
[2016.04.30-13.23.00:972][ 71]LogEditorTransaction: Undo Add Node
[2016.04.30-13.23.01:150][ 79]LogEditorTransaction: Undo Delete current selection
[2016.04.30-13.23.01:378][ 93]LogEditorTransaction: Undo Create Pin Link
[2016.04.30-13.23.01:639][111]LogEditorTransaction: Undo Create Pin Link
[2016.04.30-13.23.02:441][194]LogEditorTransaction: Undo Create Pin Link
[2016.04.30-13.23.02:703][212]LogEditorTransaction: Undo Change Number Pin Value
[2016.04.30-13.23.03:257][265]LogEditorTransaction: Undo Create Pin Link
[2016.04.30-13.23.03:532][298]LogEditorTransaction: Undo Paste clipboard contents
[2016.04.30-13.23.03:752][311]LogEditorTransaction: Undo Move Node
[2016.04.30-13.23.04:074][336]LogEditorTransaction: Undo Add Node
[2016.04.30-13.23.04:492][373]LogEditorTransaction: Undo Create Pin Link
[2016.04.30-13.23.04:919][411]LogEditorTransaction: Undo Break Pin Link
[2016.04.30-13.23.05:187][430]LogEditorTransaction: Undo Move Node
[2016.04.30-13.23.05:472][451]LogEditorTransaction: Undo Create Pin Link
[2016.04.30-13.23.08:351][779]BlueprintLog: New page: Compile Puzzle0
[2016.04.30-13.23.08:567][779]BlueprintEditorCompileResults: Info [1200.45] Compile of Puzzle0 successful! [in 215 ms]
[2016.04.30-13.23.09:466][843]LogSavePackage: Save=283.768707ms
[2016.04.30-13.23.09:466][843]LogSavePackage: Moving '../../../../../../My Media/UCF Documents/DIG 4725-2/HotelBete/Saved/Puzzle008F42F4B42CCA9D0C3CA29A1267158BE.tmp' to '../../../../../../My Media/UCF Documents/DIG 4725-2/HotelBete/Content/Hotel/Blueprints/Widgets/Puzzles/Puzzle0.uasset'
[2016.04.30-13.23.09:468][843]LogSavePackage: Total save time: 285.754081ms
[2016.04.30-13.23.09:468][843]LogSavePackage:Display: Finished SavePackage ../../../../../../My Media/UCF Documents/DIG 4725-2/HotelBete/Content/Hotel/Blueprints/Widgets/Puzzles/Puzzle0.uasset
[2016.04.30-13.23.10:030][909]LogBlueprintUserMessages: Early PlayInEditor Detection: Level '/Game/Hotel/Levels/World.World:PersistentLevel' has LevelScriptBlueprint '/Game/Hotel/Levels/World.World:PersistentLevel.World' with GeneratedClass '/Game/Hotel/Levels/World.World_C' with ClassGeneratedBy '/Game/Hotel/Levels/World.World:PersistentLevel.World'
[2016.04.30-13.23.10:030][909]LogPlayLevel: PlayLevel: No blueprints needed recompiling
[2016.04.30-13.23.10:030][909]PIE: New page: PIE session: World (Apr 30, 2016, 5:23:10 AM)
[2016.04.30-13.23.10:030][909]LogPlayLevel: Creating play world package: /Game/Hotel/Levels/UEDPIE_0_World
[2016.04.30-13.23.10:075][909]LogPlayLevel: PIE: StaticDuplicateObject took: (0.044829s)
[2016.04.30-13.23.10:076][909]LogAIModule: Creating AISystem for world World
[2016.04.30-13.23.10:076][909]LogPlayLevel: PIE: World Init took: (0.000627s)
[2016.04.30-13.23.10:076][909]LogPlayLevel: PIE: Created PIE world by copying editor world from /Game/Hotel/Levels/World.World to /Game/Hotel/Levels/UEDPIE_0_World.World (0.045786s)
[2016.04.30-13.23.10:106][909]LogInit: XAudio2 using 'Speakers (2- High Definition Audio Device)' : 2 channels at 44.1 kHz using 16 bits per sample (channel mask 0x3)
[2016.04.30-13.23.10:111][909]LogInit: FAudioDevice initialized.
[2016.04.30-13.23.10:227][909]LogWorld: Game class is 'FirstPersonGameMode_C'
[2016.04.30-13.23.10:267][909]LogWorld: Bringing World /Game/Hotel/Levels/UEDPIE_0_World.World up for play (max tick rate 0) at 2016.04.30-09.23.10
[2016.04.30-13.23.10:267][909]LogActor:Warning: GameSession /Game/Hotel/Levels/UEDPIE_0_World.World:PersistentLevel.GameSession_3 has natively added scene component(s), but none of them were set as the actor's RootComponent - picking one arbitrarily
[2016.04.30-13.23.10:267][909]LogActor:Warning: GameNetworkManager /Game/Hotel/Levels/UEDPIE_0_World.World:PersistentLevel.GameNetworkManager_3 has natively added scene component(s), but none of them were set as the actor's RootComponent - picking one arbitrarily
[2016.04.30-13.23.10:271][909]LogWorld: Bringing up level for play took: 0.043247
[2016.04.30-13.23.10:317][909]PIE: Info Play in editor start time for /Game/Hotel/Levels/UEDPIE_0_World 0.607
[2016.04.30-13.23.10:317][909]LogBlueprintUserMessages: Late PlayInEditor Detection: Level '/Game/Hotel/Levels/World.World:PersistentLevel' has LevelScriptBlueprint '/Game/Hotel/Levels/World.World:PersistentLevel.World' with GeneratedClass '/Game/Hotel/Levels/World.World_C' with ClassGeneratedBy '/Game/Hotel/Levels/World.World:PersistentLevel.World'
[2016.04.30-13.23.28:940][ 21]LogScript:Warning: Attempted to get an item from array YourDeck out of bounds [3/2]!
[2016.04.30-13.23.29:141][ 45]LogScript:Warning: Attempted to get an item from array YourDeck out of bounds [3/2]!
[2016.04.30-13.23.29:349][ 70]LogScript:Warning: Attempted to get an item from array YourDeck out of bounds [3/2]!
[2016.04.30-13.23.33:878][614]LogBlueprintUserMessages: Early EndPlayMap Detection: Level '/Game/Hotel/Levels/World.World:PersistentLevel' has LevelScriptBlueprint '/Game/Hotel/Levels/World.World:PersistentLevel.World' with GeneratedClass '/Game/Hotel/Levels/World.World_C' with ClassGeneratedBy '/Game/Hotel/Levels/World.World:PersistentLevel.World'
[2016.04.30-13.23.33:921][614]LogBlueprintUserMessages: Late EndPlayMap Detection: Level '/Game/Hotel/Levels/World.World:PersistentLevel' has LevelScriptBlueprint '/Game/Hotel/Levels/World.World:PersistentLevel.World' with GeneratedClass '/Game/Hotel/Levels/World.World_C' with ClassGeneratedBy '/Game/Hotel/Levels/World.World:PersistentLevel.World'
[2016.04.30-13.23.33:945][614]LogParticles: Destroying 0 GPU particle simulations for FXSystem 0x000002B65D2F9260
[2016.04.30-13.24.10:082][870]LogParticles: Destroying 0 GPU particle simulations for FXSystem 0x000002B6968A8E00
[2016.04.30-13.24.10:090][871]LogParticles: Destroying 0 GPU particle simulations for FXSystem 0x000002B696F8CD60
[2016.04.30-13.24.28:417][ 31]Cmd: QUIT_EDITOR
[2016.04.30-13.24.28:646][ 31]LogWindowsTextInputMethodSystem:Display: IME system now deactivated.
[2016.04.30-13.24.28:717][ 31]LogExit: Preparing to exit.
[2016.04.30-13.24.29:972][ 31]LogExit: Editor shut down
[2016.04.30-13.24.29:975][ 31]LogExit: Transaction tracking system shut down
[2016.04.30-13.24.29:981][ 31]LogParticles: Destroying 0 GPU particle simulations for FXSystem 0x000002B60233E660
[2016.04.30-13.24.29:981][ 31]LogParticles: Destroying 0 GPU particle simulations for FXSystem 0x000002B62328F880
[2016.04.30-13.24.29:982][ 31]LogParticles: Destroying 0 GPU particle simulations for FXSystem 0x000002B614BBECA0
[2016.04.30-13.24.29:994][ 31]LogParticles: Destroying 0 GPU particle simulations for FXSystem 0x000002B699A85F80
[2016.04.30-13.24.29:999][ 31]LogParticles: Destroying 0 GPU particle simulations for FXSystem 0x000002B63C08ECA0
[2016.04.30-13.24.29:999][ 31]LogParticles: Destroying 0 GPU particle simulations for FXSystem 0x000002B6899F7560
[2016.04.30-13.24.30:186][ 31]LogExit: Object subsystem successfully closed.
[2016.04.30-13.24.30:207][ 31]LogD3D11RHI: Shutdown
[2016.04.30-13.24.30:207][ 31]LogD3D11RHI: CleanupD3DDevice
[2016.04.30-13.24.30:331][ 31]LogD3D11RHI: ~FD3D11DynamicRHI
[2016.04.30-13.24.30:339][ 31]LogModuleManager: Shutting down and abandoning module SequencerWidgets (203)
[2016.04.30-13.24.30:339][ 31]LogModuleManager: Shutting down and abandoning module BlueprintGraph (202)
[2016.04.30-13.24.30:339][ 31]LogModuleManager: Shutting down and abandoning module CookingStats (201)
[2016.04.30-13.24.30:339][ 31]LogModuleManager: Shutting down and abandoning module CrashTracker (200)
[2016.04.30-13.24.30:339][ 31]LogModuleManager: Shutting down and abandoning module SceneOutliner (199)
[2016.04.30-13.24.30:339][ 31]LogModuleManager: Shutting down and abandoning module SuperSearch (198)
[2016.04.30-13.24.30:339][ 31]LogModuleManager: Shutting down and abandoning module WidgetCarousel (197)
[2016.04.30-13.24.30:340][ 31]LogModuleManager: Shutting down and abandoning module AddContentDialog (196)
[2016.04.30-13.24.30:341][ 31]LogModuleManager: Shutting down and abandoning module EditorWidgets (195)
[2016.04.30-13.24.30:341][ 31]LogModuleManager: Shutting down and abandoning module CollectionManager (194)
[2016.04.30-13.24.30:342][ 31]LogModuleManager: Shutting down and abandoning module StatsViewer (193)
[2016.04.30-13.24.30:342][ 31]LogModuleManager: Shutting down and abandoning module FoliageEdit (192)
[2016.04.30-13.24.30:342][ 31]LogModuleManager: Shutting down and abandoning module LandscapeEditor (191)
[2016.04.30-13.24.30:342][ 31]LogModuleManager: Shutting down and abandoning module ActorPickerMode (190)
[2016.04.30-13.24.30:342][ 31]LogModuleManager: Shutting down and abandoning module GeometryMode (189)
[2016.04.30-13.24.30:342][ 31]LogModuleManager: Shutting down and abandoning module TextureAlignMode (188)
[2016.04.30-13.24.30:342][ 31]LogModuleManager: Shutting down and abandoning module BspMode (187)
[2016.04.30-13.24.30:342][ 31]LogModuleManager: Shutting down and abandoning module PlacementMode (186)
[2016.04.30-13.24.30:342][ 31]LogModuleManager: Shutting down and abandoning module AutomationWorker (185)
[2016.04.30-13.24.30:342][ 31]LogModuleManager: Shutting down and abandoning module CharacterAI (184)
[2016.04.30-13.24.30:342][ 31]LogModuleManager: Shutting down and abandoning module SmartSnapping (183)
[2016.04.30-13.24.30:342][ 31]LogModuleManager: Shutting down and abandoning module ViewportSnapping (182)
[2016.04.30-13.24.30:342][ 31]LogModuleManager: Shutting down and abandoning module LogVisualizer (181)
[2016.04.30-13.24.30:342][ 31]LogModuleManager: Shutting down and abandoning module GameProjectGeneration (180)
[2016.04.30-13.24.30:342][ 31]LogModuleManager: Shutting down and abandoning module IntroTutorials (179)
[2016.04.30-13.24.30:342][ 31]LogModuleManager: Shutting down and abandoning module EditorLiveStreaming (178)
[2016.04.30-13.24.30:342][ 31]LogModuleManager: Shutting down and abandoning module IOSPlatformEditor (177)
[2016.04.30-13.24.30:342][ 31]LogModuleManager: Shutting down and abandoning module HTML5PlatformEditor (176)
[2016.04.30-13.24.30:342][ 31]LogModuleManager: Shutting down and abandoning module AndroidDeviceDetection (175)
[2016.04.30-13.24.30:444][ 31]LogModuleManager: Shutting down and abandoning module AndroidPlatformEditor (174)
[2016.04.30-13.24.30:444][ 31]LogModuleManager: Shutting down and abandoning module IOSRuntimeSettings (173)
[2016.04.30-13.24.30:444][ 31]LogModuleManager: Shutting down and abandoning module AndroidRuntimeSettings (172)
[2016.04.30-13.24.30:444][ 31]LogModuleManager: Shutting down and abandoning module MergeActors (171)
[2016.04.30-13.24.30:444][ 31]LogModuleManager: Shutting down and abandoning module SizeMap (170)
[2016.04.30-13.24.30:444][ 31]LogModuleManager: Shutting down and abandoning module TreeMap (169)
[2016.04.30-13.24.30:444][ 31]LogModuleManager: Shutting down and abandoning module ReferenceViewer (168)
[2016.04.30-13.24.30:444][ 31]LogModuleManager: Shutting down and abandoning module LocalizationService (167)
[2016.04.30-13.24.30:444][ 31]LogModuleManager: Shutting down and abandoning module LocalizationDashboard (166)
[2016.04.30-13.24.30:444][ 31]LogModuleManager: Shutting down and abandoning module HardwareTargeting (165)
[2016.04.30-13.24.30:444][ 31]LogModuleManager: Shutting down and abandoning module DeviceProfileEditor (164)
[2016.04.30-13.24.30:444][ 31]LogModuleManager: Shutting down and abandoning module UndoHistory (163)
[2016.04.30-13.24.30:444][ 31]LogModuleManager: Shutting down and abandoning module GameplayTagsEditor (162)
[2016.04.30-13.24.30:444][ 31]LogModuleManager: Shutting down and abandoning module UserFeedback (161)
[2016.04.30-13.24.30:444][ 31]LogModuleManager: Shutting down and abandoning module XmlParser (160)
[2016.04.30-13.24.30:444][ 31]LogModuleManager: Shutting down and abandoning module Blutility (159)
[2016.04.30-13.24.30:444][ 31]LogModuleManager: Shutting down and abandoning module ProjectTargetPlatformEditor (158)
[2016.04.30-13.24.30:444][ 31]LogModuleManager: Shutting down and abandoning module ProjectSettingsViewer (157)
[2016.04.30-13.24.30:444][ 31]LogModuleManager: Shutting down and abandoning module InputBindingEditor (156)
[2016.04.30-13.24.30:444][ 31]LogModuleManager: Shutting down and abandoning module EditorSettingsViewer (155)
[2016.04.30-13.24.30:444][ 31]LogModuleManager: Shutting down and abandoning module SettingsEditor (154)
[2016.04.30-13.24.30:444][ 31]LogModuleManager: Shutting down and abandoning module ProjectLauncher (153)
[2016.04.30-13.24.30:444][ 31]LogModuleManager: Shutting down and abandoning module SessionFrontend (152)
[2016.04.30-13.24.30:444][ 31]LogModuleManager: Shutting down and abandoning module ProfilerClient (151)
[2016.04.30-13.24.30:444][ 31]LogModuleManager: Shutting down and abandoning module TargetDeviceServices (150)
[2016.04.30-13.24.30:444][ 31]LogModuleManager: Shutting down and abandoning module DeviceManager (149)
[2016.04.30-13.24.30:444][ 31]LogModuleManager: Shutting down and abandoning module AutomationController (148)
[2016.04.30-13.24.30:444][ 31]LogModuleManager: Shutting down and abandoning module AutomationWindow (147)
[2016.04.30-13.24.30:444][ 31]LogModuleManager: Shutting down and abandoning module Layers (146)
[2016.04.30-13.24.30:444][ 31]LogModuleManager: Shutting down and abandoning module ComponentVisualizers (145)
[2016.04.30-13.24.30:444][ 31]LogModuleManager: Shutting down and abandoning module DetailCustomizations (144)
[2016.04.30-13.24.30:444][ 31]LogModuleManager: Shutting down and abandoning module PackagesDialog (143)
[2016.04.30-13.24.30:444][ 31]LogModuleManager: Shutting down and abandoning module Persona (142)
[2016.04.30-13.24.30:445][ 31]LogModuleManager: Shutting down and abandoning module Kismet (141)
[2016.04.30-13.24.30:445][ 31]LogModuleManager: Shutting down and abandoning module GraphEditor (140)
[2016.04.30-13.24.30:445][ 31]LogModuleManager: Shutting down and abandoning module ClassViewer (139)
[2016.04.30-13.24.30:445][ 31]LogModuleManager: Shutting down and abandoning module Toolbox (138)
[2016.04.30-13.24.30:445][ 31]LogModuleManager: Shutting down and abandoning module ModuleUI (137)
[2016.04.30-13.24.30:445][ 31]LogModuleManager: Shutting down and abandoning module MovieSceneTools (136)
[2016.04.30-13.24.30:445][ 31]LogModuleManager: Shutting down and abandoning module OutputLog (135)
[2016.04.30-13.24.30:445][ 31]LogModuleManager: Shutting down and abandoning module GammaUI (134)
[2016.04.30-13.24.30:445][ 31]LogModuleManager: Shutting down and abandoning module Documentation (133)
[2016.04.30-13.24.30:446][ 31]LogModuleManager: Shutting down and abandoning module GameLiveStreaming (132)
[2016.04.30-13.24.30:446][ 31]LogModuleManager: Shutting down and abandoning module StreamingPauseRendering (131)
[2016.04.30-13.24.30:446][ 31]LogModuleManager: Shutting down and abandoning module AnalyticsET (130)
[2016.04.30-13.24.30:446][ 31]LogModuleManager: Shutting down and abandoning module Analytics (129)
[2016.04.30-13.24.30:446][ 31]LogModuleManager: Shutting down and abandoning module AITestSuite (128)
[2016.04.30-13.24.30:446][ 31]LogModuleManager: Shutting down and abandoning module GameplayDebugger (127)
[2016.04.30-13.24.30:446][ 31]LogModuleManager: Shutting down and abandoning module AIModule (126)
[2016.04.30-13.24.30:446][ 31]LogModuleManager: Shutting down and abandoning module ProfilerService (125)
[2016.04.30-13.24.30:682][ 31]LogModuleManager: Shutting down and abandoning module TaskGraph (124)
[2016.04.30-13.24.30:682][ 31]LogModuleManager: Shutting down and abandoning module SubstanceEditor (123)
[2016.04.30-13.24.30:682][ 31]LogModuleManager: Shutting down and abandoning module SlateRemote (122)
[2016.04.30-13.24.30:682][ 31]LogModuleManager: Shutting down and abandoning module SteamVRController (121)
[2016.04.30-13.24.30:682][ 31]LogModuleManager: Shutting down and abandoning module SteamVR (120)
[2016.04.30-13.24.30:682][ 31]LogModuleManager: Shutting down and abandoning module ProceduralMeshComponent (119)
[2016.04.30-13.24.30:682][ 31]LogModuleManager: Shutting down and abandoning module OculusLibrary (118)
[2016.04.30-13.24.30:682][ 31]LogModuleManager: Shutting down and abandoning module OculusInput (117)
[2016.04.30-13.24.30:682][ 31]LogModuleManager: Shutting down and abandoning module LeapMotionController (116)
[2016.04.30-13.24.30:695][ 31]LogModuleManager: Shutting down and abandoning module CustomMeshComponent (115)
[2016.04.30-13.24.30:695][ 31]LogModuleManager: Shutting down and abandoning module CableComponent (114)
[2016.04.30-13.24.30:695][ 31]LogModuleManager: Shutting down and abandoning module ArchVisCharacter (113)
[2016.04.30-13.24.30:695][ 31]LogModuleManager: Shutting down and abandoning module MessagingDebugger (112)
[2016.04.30-13.24.30:695][ 31]LogModuleManager: Shutting down and abandoning module MediaPlayerEditor (111)
[2016.04.30-13.24.30:695][ 31]LogModuleManager: Shutting down and abandoning module HTML5Networking (110)
[2016.04.30-13.24.30:695][ 31]LogModuleManager: Shutting down and abandoning module SpeedTreeImporter (109)
[2016.04.30-13.24.30:695][ 31]LogModuleManager: Shutting down and abandoning module PluginBrowser (108)
[2016.04.30-13.24.30:695][ 31]LogModuleManager: Shutting down and abandoning module EpicSurvey (107)
[2016.04.30-13.24.30:695][ 31]LogModuleManager: Shutting down and abandoning module DesktopPlatform (106)
[2016.04.30-13.24.30:695][ 31]LogModuleManager: Shutting down and abandoning module VisualStudioSourceCodeAccess (105)
[2016.04.30-13.24.30:695][ 31]LogModuleManager: Shutting down and abandoning module UObjectPlugin (104)
[2016.04.30-13.24.30:695][ 31]LogModuleManager: Shutting down and abandoning module SubversionSourceControl (103)
[2016.04.30-13.24.30:695][ 31]LogModuleManager: Shutting down and abandoning module PerforceSourceControl (102)
[2016.04.30-13.24.30:695][ 31]LogModuleManager: Shutting down and abandoning module SourceControl (101)
[2016.04.30-13.24.30:695][ 31]LogModuleManager: Shutting down and abandoning module GitSourceControl (100)
[2016.04.30-13.24.30:695][ 31]LogModuleManager: Shutting down and abandoning module LightPropagationVolumeEditor (99)
[2016.04.30-13.24.30:696][ 31]LogModuleManager: Shutting down and abandoning module PaperTiledImporter (98)
[2016.04.30-13.24.30:696][ 31]LogModuleManager: Shutting down and abandoning module PaperSpriteSheetImporter (97)
[2016.04.30-13.24.30:696][ 31]LogModuleManager: Shutting down and abandoning module MeshPaint (96)
[2016.04.30-13.24.30:696][ 31]LogModuleManager: Shutting down and abandoning module SlateReflector (95)
[2016.04.30-13.24.30:696][ 31]LogModuleManager: Shutting down and abandoning module HotReload (94)
[2016.04.30-13.24.30:696][ 31]LogModuleManager: Shutting down and abandoning module MainFrame (93)
[2016.04.30-13.24.30:696][ 31]LogModuleManager: Shutting down and abandoning module LevelEditor (92)
[2016.04.30-13.24.30:696][ 31]LogModuleManager: Shutting down and abandoning module ContentBrowser (91)
[2016.04.30-13.24.30:697][ 31]LogModuleManager: Shutting down and abandoning module Paper2DEditor (90)
[2016.04.30-13.24.30:697][ 31]LogModuleManager: Shutting down and abandoning module UdpMessaging (89)
[2016.04.30-13.24.30:798][ 31]LogModuleManager: Shutting down and abandoning module DirectoryWatcher (88)
[2016.04.30-13.24.30:798][ 31]LogModuleManager: Shutting down and abandoning module AssetRegistry (87)
[2016.04.30-13.24.30:836][ 31]LogModuleManager: Shutting down and abandoning module SubstanceCore (86)
[2016.04.30-13.24.30:836][ 31]LogModuleManager: Shutting down and abandoning module LightPropagationVolumeRuntime (85)
[2016.04.30-13.24.30:836][ 31]LogModuleManager: Shutting down and abandoning module Paper2D (84)
[2016.04.30-13.24.30:836][ 31]LogModuleManager: Shutting down and abandoning module WindowsMoviePlayer (83)
[2016.04.30-13.24.30:839][ 31]LogModuleManager: Shutting down and abandoning module Media (82)
[2016.04.30-13.24.30:839][ 31]LogModuleManager: Shutting down and abandoning module WmfMedia (81)
[2016.04.30-13.24.30:839][ 31]LogModuleManager: Shutting down and abandoning module OnlineBlueprintSupport (80)
[2016.04.30-13.24.30:839][ 31]LogModuleManager: Shutting down and abandoning module GameplayTasksEditor (79)
[2016.04.30-13.24.30:839][ 31]LogModuleManager: Shutting down and abandoning module PropertyEditor (78)
[2016.04.30-13.24.30:839][ 31]LogModuleManager: Shutting down and abandoning module BehaviorTreeEditor (77)
[2016.04.30-13.24.30:839][ 31]LogModuleManager: Shutting down and abandoning module FunctionalTesting (76)
[2016.04.30-13.24.30:839][ 31]LogModuleManager: Shutting down and abandoning module CollisionAnalyzer (75)
[2016.04.30-13.24.30:839][ 31]LogModuleManager: Shutting down and abandoning module WorkspaceMenuStructure (74)
[2016.04.30-13.24.30:839][ 31]LogModuleManager: Shutting down and abandoning module MessageLog (73)
[2016.04.30-13.24.30:839][ 31]LogModuleManager: Shutting down and abandoning module Sequencer (72)
[2016.04.30-13.24.30:839][ 31]LogModuleManager: Shutting down and abandoning module AssetTools (71)
[2016.04.30-13.24.30:839][ 31]LogModuleManager: Shutting down and abandoning module UMGEditor (70)
[2016.04.30-13.24.30:839][ 31]LogModuleManager: Shutting down and abandoning module UMG (69)
[2016.04.30-13.24.30:839][ 31]LogModuleManager: Shutting down and abandoning module Slate (68)
[2016.04.30-13.24.30:839][ 31]LogModuleManager: Shutting down and abandoning module EditorStyle (67)
[2016.04.30-13.24.30:841][ 31]LogModuleManager: Shutting down and abandoning module SessionServices (66)
[2016.04.30-13.24.30:841][ 31]LogModuleManager: Shutting down and abandoning module SourceCodeAccess (65)
[2016.04.30-13.24.30:841][ 31]LogModuleManager: Shutting down and abandoning module HeadMountedDisplay (64)
[2016.04.30-13.24.30:841][ 31]LogModuleManager: Shutting down and abandoning module XAudio2 (63)
[2016.04.30-13.24.30:841][ 31]LogModuleManager: Shutting down and abandoning module Networking (61)
[2016.04.30-13.24.30:841][ 31]LogModuleManager: Shutting down and abandoning module Core (60)
[2016.04.30-13.24.30:841][ 31]LogModuleManager: Shutting down and abandoning module KismetCompiler (59)
[2016.04.30-13.24.30:841][ 31]LogModuleManager: Shutting down and abandoning module PhysXFormats (58)
[2016.04.30-13.24.30:841][ 31]LogModuleManager: Shutting down and abandoning module MeshUtilities (57)
[2016.04.30-13.24.30:841][ 31]LogModuleManager: Shutting down and abandoning module DerivedDataCache (56)
[2016.04.30-13.24.30:883][ 31]LogDerivedDataCache: Shutdown
[2016.04.30-13.24.30:883][ 31]LogModuleManager: Shutting down and abandoning module ShaderFormatOpenGL (55)
[2016.04.30-13.24.30:883][ 31]LogModuleManager: Shutting down and abandoning module ShaderFormatD3D (54)
[2016.04.30-13.24.30:883][ 31]LogModuleManager: Shutting down and abandoning module MetalShaderFormat (53)
[2016.04.30-13.24.30:883][ 31]LogModuleManager: Shutting down and abandoning module TextureFormatUncompressed (52)
[2016.04.30-13.24.30:883][ 31]LogModuleManager: Shutting down and abandoning module TextureFormatPVR (51)
[2016.04.30-13.24.30:883][ 31]LogModuleManager: Shutting down and abandoning module TextureFormatIntelISPCTexComp (50)
[2016.04.30-13.24.30:883][ 31]LogModuleManager: Shutting down and abandoning module TextureFormatDXT (49)
[2016.04.30-13.24.30:883][ 31]LogModuleManager: Shutting down and abandoning module ImageWrapper (48)
[2016.04.30-13.24.30:883][ 31]LogModuleManager: Shutting down and abandoning module TextureFormatASTC (47)
[2016.04.30-13.24.30:883][ 31]LogModuleManager: Shutting down and abandoning module TextureFormatAndroid (46)
[2016.04.30-13.24.30:883][ 31]LogModuleManager: Shutting down and abandoning module AudioFormatOpus (45)
[2016.04.30-13.24.30:883][ 31]LogModuleManager: Shutting down and abandoning module AudioFormatOgg (44)
[2016.04.30-13.24.30:883][ 31]LogModuleManager: Shutting down and abandoning module AudioFormatADPCM (43)
[2016.04.30-13.24.30:883][ 31]LogModuleManager: Shutting down and abandoning module LinuxTargetPlatform (42)
[2016.04.30-13.24.30:883][ 31]LogModuleManager: Shutting down and abandoning module LinuxServerTargetPlatform (41)
[2016.04.30-13.24.30:883][ 31]LogModuleManager: Shutting down and abandoning module LinuxNoEditorTargetPlatform (40)
[2016.04.30-13.24.30:883][ 31]LogModuleManager: Shutting down and abandoning module Messaging (39)
[2016.04.30-13.24.30:883][ 31]LogModuleManager: Shutting down and abandoning module IOSTargetPlatform (38)
[2016.04.30-13.24.30:883][ 31]LogModuleManager: Shutting down and abandoning module HTML5TargetPlatform (37)
[2016.04.30-13.24.30:883][ 31]LogModuleManager: Shutting down and abandoning module Android_PVRTCTargetPlatform (36)
[2016.04.30-13.24.30:883][ 31]LogModuleManager: Shutting down and abandoning module Android_MultiTargetPlatform (35)
[2016.04.30-13.24.30:883][ 31]LogModuleManager: Shutting down and abandoning module Android_ETC2TargetPlatform (34)
[2016.04.30-13.24.30:883][ 31]LogModuleManager: Shutting down and abandoning module Android_ETC1TargetPlatform (33)
[2016.04.30-13.24.30:883][ 31]LogModuleManager: Shutting down and abandoning module Android_DXTTargetPlatform (32)
[2016.04.30-13.24.30:883][ 31]LogModuleManager: Shutting down and abandoning module Android_ATCTargetPlatform (31)
[2016.04.30-13.24.30:883][ 31]LogModuleManager: Shutting down and abandoning module Android_ASTCTargetPlatform (30)
[2016.04.30-13.24.30:883][ 31]LogModuleManager: Shutting down and abandoning module AndroidTargetPlatform (29)
[2016.04.30-13.24.30:883][ 31]LogModuleManager: Shutting down and abandoning module WindowsTargetPlatform (28)
[2016.04.30-13.24.30:883][ 31]LogModuleManager: Shutting down and abandoning module WindowsServerTargetPlatform (27)
[2016.04.30-13.24.30:883][ 31]LogModuleManager: Shutting down and abandoning module WindowsNoEditorTargetPlatform (26)
[2016.04.30-13.24.30:883][ 31]LogModuleManager: Shutting down and abandoning module WindowsClientTargetPlatform (25)
[2016.04.30-13.24.30:883][ 31]LogModuleManager: Shutting down and abandoning module AllDesktopTargetPlatform (24)
[2016.04.30-13.24.30:883][ 31]LogModuleManager: Shutting down and abandoning module TargetPlatform (23)
[2016.04.30-13.24.30:883][ 31]LogModuleManager: Shutting down and abandoning module InputCore (22)
[2016.04.30-13.24.30:883][ 31]LogModuleManager: Shutting down and abandoning module Settings (21)
[2016.04.30-13.24.30:883][ 31]LogModuleManager: Shutting down and abandoning module OnlineSubsystem (19)
[2016.04.30-13.24.30:883][ 31]LogModuleManager: Shutting down and abandoning module HTTP (18)
[2016.04.30-13.24.31:884][ 31]LogModuleManager: Shutting down and abandoning module XMPP (17)
[2016.04.30-13.24.31:884][ 31]LogModuleManager: Shutting down and abandoning module OculusRift (16)
[2016.04.30-13.24.31:884][ 31]LogModuleManager: Shutting down and abandoning module ExampleDeviceProfileSelector (15)
[2016.04.30-13.24.31:884][ 31]LogModuleManager: Shutting down and abandoning module TextureCompressor (14)
[2016.04.30-13.24.31:884][ 31]LogModuleManager: Shutting down and abandoning module ShaderCore (13)
[2016.04.30-13.24.31:884][ 31]LogModuleManager: Shutting down and abandoning module Landscape (12)
[2016.04.30-13.24.31:884][ 31]LogModuleManager: Shutting down and abandoning module SlateRHIRenderer (11)
[2016.04.30-13.24.31:886][ 31]LogModuleManager: Shutting down and abandoning module OpenGLDrv (10)
[2016.04.30-13.24.31:886][ 31]LogModuleManager: Shutting down and abandoning module D3D11RHI (9)
[2016.04.30-13.24.31:886][ 31]LogModuleManager: Shutting down and abandoning module AnimGraphRuntime (8)
[2016.04.30-13.24.31:886][ 31]LogModuleManager: Shutting down and abandoning module Renderer (7)
[2016.04.30-13.24.31:886][ 31]LogModuleManager: Shutting down and abandoning module Engine (6)
[2016.04.30-13.24.31:886][ 31]LogModuleManager: Shutting down and abandoning module CoreUObject (5)
[2016.04.30-13.24.31:886][ 31]LogModuleManager: Shutting down and abandoning module NetworkFile (4)
[2016.04.30-13.24.31:886][ 31]LogModuleManager: Shutting down and abandoning module StreamingFile (3)
[2016.04.30-13.24.31:886][ 31]LogModuleManager: Shutting down and abandoning module SandboxFile (2)
[2016.04.30-13.24.31:886][ 31]LogModuleManager: Shutting down and abandoning module PakFile (1)
[2016.04.30-13.24.31:887][ 31]LogExit: Exiting.
[2016.04.30-13.24.31:909][ 31]Log file closed, 04/30/16 09:24:31
