[2016.04.17-18.10.23:405][  0]Log file open, 04/17/16 14:10:23
[2016.04.17-18.10.23:406][  0]LogInit:Display: Running engine for game: Hotel
[2016.04.17-18.10.23:406][  0]LogPlatformFile: Not using cached read wrapper
[2016.04.17-18.10.23:406][  0]LogInit:Display: RandInit(1624698801) SRandInit(1624698822).
[2016.04.17-18.10.23:406][  0]LogTaskGraph: Started task graph with 4 named threads and 7 total threads.
[2016.04.17-18.10.23:406][  0]LogStats: Stats thread started at 0.070454
[2016.04.17-18.10.23:406][  0]LogInit: Version: 4.10.4-2872498+++depot+UE4-Releases+4.10
[2016.04.17-18.10.23:406][  0]LogInit: API Version: 2758231
[2016.04.17-18.10.23:406][  0]LogInit: Compiled (64-bit): Feb 18 2016 15:47:04
[2016.04.17-18.10.23:406][  0]LogInit: Compiled with Visual C++: 19.00.23026.00
[2016.04.17-18.10.23:406][  0]LogInit: Build Configuration: Development
[2016.04.17-18.10.23:406][  0]LogInit: Branch Name: ++depot+UE4-Releases+4.10
[2016.04.17-18.10.23:406][  0]LogInit: Command line:  
[2016.04.17-18.10.23:406][  0]LogInit: Base directory: E:/Program Files (x86)/Epic Games/4.10/Engine/Binaries/Win64/
[2016.04.17-18.10.23:406][  0]LogInit: Rocket: 1
[2016.04.17-18.10.23:410][  0]LogInit: Using libcurl 7.41.0
[2016.04.17-18.10.23:410][  0]LogInit:  - built for x86_64-pc-win32
[2016.04.17-18.10.23:410][  0]LogInit:  - supports SSL with WinSSL
[2016.04.17-18.10.23:410][  0]LogInit:  - other features:
[2016.04.17-18.10.23:410][  0]LogInit:      CURL_VERSION_SSL
[2016.04.17-18.10.23:410][  0]LogInit:      CURL_VERSION_IPV6
[2016.04.17-18.10.23:410][  0]LogInit:      CURL_VERSION_ASYNCHDNS
[2016.04.17-18.10.23:410][  0]LogInit:      CURL_VERSION_LARGEFILE
[2016.04.17-18.10.23:410][  0]LogInit:      CURL_VERSION_IDN
[2016.04.17-18.10.23:410][  0]LogInit:  CurlRequestOptions (configurable via config and command line):
[2016.04.17-18.10.23:410][  0]LogInit:  - bVerifyPeer = true  - Libcurl will verify peer certificate
[2016.04.17-18.10.23:410][  0]LogInit:  - bUseHttpProxy = false  - Libcurl will NOT use HTTP proxy
[2016.04.17-18.10.23:410][  0]LogInit:  - bDontReuseConnections = false  - Libcurl will reuse connections
[2016.04.17-18.10.23:410][  0]LogInit:  - CertBundlePath = nullptr  - Libcurl will use whatever was configured at build time.
[2016.04.17-18.10.23:416][  0]LogInit: Presizing for 0 objects not considered by GC, pre-allocating 0 bytes.
[2016.04.17-18.10.23:425][  0]LogInit: Object subsystem initialized
[2016.04.17-18.10.23:426][  0]LogInit: Selected Device Profile: [Windows]
[2016.04.17-18.10.23:426][  0]LogInit: Applying CVar settings loaded from the selected device profile: [Windows]
[2016.04.17-18.10.23:434][  0]LogInit: Computer: MANDY-PC
[2016.04.17-18.10.23:434][  0]LogInit: User: Mandy
[2016.04.17-18.10.23:434][  0]LogInit: CPU Page size=4096, Cores=4
[2016.04.17-18.10.23:434][  0]LogInit: High frequency timer resolution =14.318180 MHz
[2016.04.17-18.10.23:434][  0]LogMemory: Memory total: Physical=16.0GB (16GB approx)
[2016.04.17-18.10.23:434][  0]LogMemory: Platform Memory Stats for Windows
[2016.04.17-18.10.23:434][  0]LogMemory: Process Physical Memory: 56.11 MB used, 56.11 MB peak
[2016.04.17-18.10.23:434][  0]LogMemory: Process Virtual Memory: 57.76 MB used, 57.76 MB peak
[2016.04.17-18.10.23:434][  0]LogMemory: Physical Memory: 3330.97 MB used, 16383.18 MB total
[2016.04.17-18.10.23:434][  0]LogMemory: Virtual Memory: 352.66 MB used, 8388608.00 MB total
[2016.04.17-18.10.23:494][  0]LogTextLocalizationManager: No specific translations for ('en-US') exist, so ('en') translations will be used.
[2016.04.17-18.10.24:096][  0]LogD3D11RHI: Found D3D11 adapter 0: NVIDIA GeForce GTX 750 (Feature Level 11_0)
[2016.04.17-18.10.24:096][  0]LogD3D11RHI: Adapter has 972MB of dedicated video memory, 0MB of dedicated system memory, and 3072MB of shared system memory, 2 output[s]
[2016.04.17-18.10.24:096][  0]LogD3D11RHI: Chosen D3D11 Adapter Id = 0
[2016.04.17-18.10.24:102][  0]LogD3D11RHI: !Direct3DDevice
[2016.04.17-18.10.24:102][  0]LogRHI: Texture pool is 680 MB (70% of 972 MB)
[2016.04.17-18.10.24:112][  0]LogD3D11RHI: Async texture creation enabled
[2016.04.17-18.10.24:126][  0]LogShaderCompilers: Guid format shader working directory is -10 characters bigger than the processId version (../../../../../../Users/Mandy/Documents/GitHub/HotelBete/Intermediate/Shaders/WorkingDirectory/4836/).
[2016.04.17-18.10.24:127][  0]LogShaderCompilers: Cleaned the shader compiler working directory 'C:/Users/Mandy/AppData/Local/Temp/UnrealShaderWorkingDir/9A6BE3C7436C90FE4F4F3AA074B69294/'.
[2016.04.17-18.10.24:127][  0]LogShaderCompilers:Display: Using Local Shader Compiler.
[2016.04.17-18.10.25:251][  0]LogTemp:Display: Loaded TP AllDesktopTargetPlatform
[2016.04.17-18.10.25:256][  0]LogTemp:Display: Loaded TP WindowsClientTargetPlatform
[2016.04.17-18.10.25:261][  0]LogTemp:Display: Loaded TP WindowsNoEditorTargetPlatform
[2016.04.17-18.10.25:266][  0]LogTemp:Display: Loaded TP WindowsServerTargetPlatform
[2016.04.17-18.10.25:270][  0]LogTemp:Display: Loaded TP WindowsTargetPlatform
[2016.04.17-18.10.25:274][  0]LogTemp:Display: Loaded TP AndroidTargetPlatform
[2016.04.17-18.10.25:277][  0]LogTemp:Display: Loaded TP Android_ASTCTargetPlatform
[2016.04.17-18.10.25:280][  0]LogTemp:Display: Loaded TP Android_ATCTargetPlatform
[2016.04.17-18.10.25:284][  0]LogTemp:Display: Loaded TP Android_DXTTargetPlatform
[2016.04.17-18.10.25:287][  0]LogTemp:Display: Loaded TP Android_ETC1TargetPlatform
[2016.04.17-18.10.25:290][  0]LogTemp:Display: Loaded TP Android_ETC2TargetPlatform
[2016.04.17-18.10.25:298][  0]LogTemp:Display: Loaded TP Android_MultiTargetPlatform
[2016.04.17-18.10.25:298][  0]LogTemp:Display: Loaded TP Android_PVRTCTargetPlatform
[2016.04.17-18.10.25:298][  0]LogTemp:Display: Loaded TP HTML5TargetPlatform
[2016.04.17-18.10.25:315][  0]LogTemp:Display: Loaded TP IOSTargetPlatform
[2016.04.17-18.10.25:318][  0]LogTemp:Display: Loaded TP LinuxNoEditorTargetPlatform
[2016.04.17-18.10.25:321][  0]LogTemp:Display: Loaded TP LinuxServerTargetPlatform
[2016.04.17-18.10.25:325][  0]LogTemp:Display: Loaded TP LinuxTargetPlatform
[2016.04.17-18.10.25:326][  0]LogTargetPlatformManager:Display: Building Assets For Windows
[2016.04.17-18.10.25:392][  0]LogDerivedDataCache:Display: Max Cache Size: 512 MB
[2016.04.17-18.10.25:490][  0]LogDerivedDataCache: Loaded boot cache 0.10s 41MB C:/Users/Mandy/AppData/Local/UnrealEngine/4.10/DerivedDataCache/Boot.ddc.
[2016.04.17-18.10.25:490][  0]LogDerivedDataCache:Display: Loaded Boot cache: C:/Users/Mandy/AppData/Local/UnrealEngine/4.10/DerivedDataCache/Boot.ddc
[2016.04.17-18.10.25:490][  0]LogDerivedDataCache: FDerivedDataBackendGraph:  Pak pak cache file ../../../../../../Users/Mandy/Documents/GitHub/HotelBete/DerivedDataCache/DDC.ddp not found, will not use a pak cache.
[2016.04.17-18.10.25:490][  0]LogDerivedDataCache: Unable to find inner node Pak for hierarchical cache Hierarchy.
[2016.04.17-18.10.25:490][  0]LogDerivedDataCache: FDerivedDataBackendGraph:  CompressedPak pak cache file ../../../../../../Users/Mandy/Documents/GitHub/HotelBete/DerivedDataCache/Compressed.ddp not found, will not use a pak cache.
[2016.04.17-18.10.25:490][  0]LogDerivedDataCache: Unable to find inner node CompressedPak for hierarchical cache Hierarchy.
[2016.04.17-18.10.25:580][  0]LogDerivedDataCache:Display: Pak cache opened for reading ../../../Engine/DerivedDataCache/Compressed.ddp.
[2016.04.17-18.10.25:592][  0]LogDerivedDataCache: Using Local data cache path C:/Users/Mandy/AppData/Local/UnrealEngine/Common/DerivedDataCache: Writable
[2016.04.17-18.10.25:796][  0]LogInit: Selected Device Profile: [Windows]
[2016.04.17-18.10.25:797][  0]LogContentStreaming: Texture pool size is 0.000000MB
[2016.04.17-18.10.25:835][  0]LogMeshUtilities: No automatic mesh reduction module available
[2016.04.17-18.10.25:835][  0]LogMeshUtilities: No automatic mesh merging module available
[2016.04.17-18.10.26:280][  0]LogInit: WinSock: version 1.1 (2.2), MaxSocks=32767, MaxUdp=65467
[2016.04.17-18.10.27:077][  0]LogAssetRegistry: FAssetRegistry took 0.0103 seconds to start up
[2016.04.17-18.10.27:090][  0]UdpMessaging: Initializing bridge on interface 0.0.0.0:0 to multicast group 230.0.0.1:6666.
[2016.04.17-18.10.27:345][  0]SourceControl: Info Source control is disabled
[2016.04.17-18.10.27:346][  0]SourceControl: Info Source control is disabled
[2016.04.17-18.10.27:355][  0]SourceControl: Info Source control is disabled
[2016.04.17-18.10.27:363][  0]SourceControl: Info Source control is disabled
[2016.04.17-18.10.27:574][  0]LogObj: 28802 objects as part of root set at end of initial load.
[2016.04.17-18.10.27:574][  0]LogUObjectAllocator: 6129768 out of 0 bytes used by permanent object pool.
[2016.04.17-18.10.27:648][  0]LogEngine: Initializing Engine...
[2016.04.17-18.10.27:650][  0]LogHMD: Can't find Oculus library dev build: is proper Runtime installed? Version: 0.8.0.0
[2016.04.17-18.10.27:650][  0]LogHMD: SteamVR failed to initialize.  Err: 110
[2016.04.17-18.10.27:826][  0]LogAIModule: Creating AISystem for world NewWorld
[2016.04.17-18.10.27:833][  0]LogInit: XAudio2 using 'Speakers (2- Logitech USB Headset)' : 2 channels at 44.1 kHz using 16 bits per sample (channel mask 0x3)
[2016.04.17-18.10.27:856][  0]LogInit: FAudioDevice initialized.
[2016.04.17-18.10.27:918][  0]LogDerivedDataCache: Saved boot cache 0.06s 41MB C:/Users/Mandy/AppData/Local/UnrealEngine/4.10/DerivedDataCache/Boot.ddc.
[2016.04.17-18.10.27:938][  0]LogInit: Texture streaming: Enabled
[2016.04.17-18.10.27:944][  0]LogAnalytics: Creating configured Analytics provider AnalyticsET
[2016.04.17-18.10.27:944][  0]LogAnalytics: [UEEditor.Rocket.Release] APIServer = http://et2.epicgames.com/ET2/. AppVersion = 4.10.4-2872498+++depot+UE4-Releases+4.10
[2016.04.17-18.10.27:944][  0]LogAnalytics: [UEEditor.Rocket.Release] SetUserId e0d98b0e467b55d21c5013962f69b996|a1543627d61e4593a39d507d0813b255|cef8b6ba-01d0-47b7-a028-3b7e918a90c5
[2016.04.17-18.10.27:944][  0]LogAnalytics: [UEEditor.Rocket.Release] AnalyticsET::StartSession
[2016.04.17-18.10.27:957][  0]LogInit: Transaction tracking system initialized
[2016.04.17-18.10.27:978][  0]BlueprintLog: New page: Editor Load
[2016.04.17-18.10.28:038][  0]LocalizationService: Info Localization service is disabled
[2016.04.17-18.10.28:101][  0]LogConsoleResponse:Display: 
[2016.04.17-18.10.28:231][  0]LogCook:Display: Done creating registry. It took  0.00s.
[2016.04.17-18.10.28:280][  0]LogFileCache: Scanning file cache for directory 'E:/Users/Mandy/Documents/GitHub/HotelBete/Content/' took 0.02s
[2016.04.17-18.10.28:280][  0]SourceControl: Info Source control is disabled
[2016.04.17-18.10.28:280][  0]Cmd: MAP LOAD FILE="../../../../../../Users/Mandy/Documents/GitHub/HotelBete/Content/Hotel/Levels/Menu.umap" TEMPLATE=0 SHOWPROGRESS=1 FEATURELEVEL=3
[2016.04.17-18.10.28:281][  0]LightingResults: New page: Lighting Build
[2016.04.17-18.10.28:283][  0]MapCheck: New page: Map Check
[2016.04.17-18.10.28:283][  0]LightingResults: New page: Lighting Build
[2016.04.17-18.10.28:299][  0]LogParticles: Destroying 0 GPU particle simulations for FXSystem 0x000000002659AAC0
[2016.04.17-18.10.29:209][  0]LogAIModule: Creating AISystem for world Menu
[2016.04.17-18.10.29:211][  0]LogEditorServer: Finished looking for orphan Actors (0.000 secs)
[2016.04.17-18.10.29:212][  0]Cmd: MAP CHECKDEP NOCLEARLOG
[2016.04.17-18.10.29:277][  0]MapCheck: Info Map check complete: 0 Error(s), 0 Warning(s), took 65.201ms to complete.
[2016.04.17-18.10.29:277][  0]LogFileHelpers: Loading map 'Menu' took 0.997
[2016.04.17-18.10.29:423][  0]LogCollectionManager: Loaded 0 collections in 0.001420 seconds
[2016.04.17-18.10.29:464][  0]LogFileCache: Scanning file cache for directory 'E:/Users/Mandy/Documents/GitHub/HotelBete/Saved/Collections/' took 0.01s
[2016.04.17-18.10.29:464][  0]LogFileCache: Scanning file cache for directory 'E:/Users/Mandy/Documents/GitHub/HotelBete/Content/Developers/Mandy/Collections/' took 0.01s
[2016.04.17-18.10.29:464][  0]LogFileCache: Scanning file cache for directory 'E:/Users/Mandy/Documents/GitHub/HotelBete/Content/Collections/' took 0.01s
[2016.04.17-18.10.29:464][  0]LogCollectionManager: Rebuilt the GUID cache for 0 collections in 0.000003 seconds
[2016.04.17-18.10.29:475][  0]LogContentBrowser: Native class hierarchy populated in 0.0107 seconds. Added 1908 classes and 344 folders.
[2016.04.17-18.10.29:480][  0]LogContentBrowser: Native class hierarchy updated for 'WidgetCarousel' in 0.0004 seconds. Added 0 classes and 0 folders.
[2016.04.17-18.10.29:526][  0]LogContentBrowser: Native class hierarchy updated for 'AddContentDialog' in 0.0004 seconds. Added 0 classes and 0 folders.
[2016.04.17-18.10.29:529][  0]LogContentBrowser: Native class hierarchy updated for 'SceneOutliner' in 0.0004 seconds. Added 1 classes and 2 folders.
[2016.04.17-18.10.29:589][  0]LogCrashTracker: Crashtracker disabled due to settings.
[2016.04.17-18.10.29:594][  0]LogUObjectGlobals:Warning: Failed to find object 'Class None.'
[2016.04.17-18.10.29:617][  0]LogLoad: Full Startup: 6.62 seconds (BP compile: 0.14 seconds)
[2016.04.17-18.10.29:628][  0]LogOcInput: Can't find Oculus library dev build: is proper Runtime installed? Version: 0.8.0.0
[2016.04.17-18.10.29:670][  0]LogContentStreaming: Texture pool size now 1000 MB
[2016.04.17-18.10.29:879][  0]LogRenderer: Reallocating scene render targets to support 1036x568 (Frame:2).
[2016.04.17-18.10.30:289][ 10]LogAssetRegistry: Asset discovery search completed in 3.2223 seconds
[2016.04.17-18.10.30:289][ 10]LogCollectionManager: Rebuilt the object cache for 0 collections in 0.000004 seconds (found 0 objects)
[2016.04.17-18.10.30:289][ 10]LogCollectionManager: Fixed up redirectors for 0 collections in 0.000038 seconds (updated 0 objects)
[2016.04.17-18.10.46:250][862]LogBlueprint:Warning: USimpleConstructionScript::FixupRootNodeParentReferences() - Couldn't find inherited parent component 'DefaultSceneRoot' for 'KeyWithRoomNum' in BlueprintGeneratedClass 'REINST_Key_C_31' (it may have been removed)
[2016.04.17-18.10.51:152][862]LogMaterial: Missing cached shader map for material M_Wood_Oak, compiling. 
[2016.04.17-18.10.51:153][862]LogMaterial:Warning: Failed to compile Material /Game/StarterContent/Materials/M_Wood_Oak.M_Wood_Oak for platform PCD3D_SM5, Default Material will be used in game.
[2016.04.17-18.10.51:153][862]LogMaterial:Warning: 	(Node TextureSample) TextureSample> Missing input texture
[2016.04.17-18.10.51:450][862]LogAIModule: Creating AISystem for world World
[2016.04.17-18.10.51:452][862]LogParticles:Warning: InitializeSystem called on an unregistered component. Template=/Game/StarterContent/Particles/Breath.Breath Component=/Game/Hotel/Levels/World.World:PersistentLevel.Breath.ParticleSystemComponent0
[2016.04.17-18.10.51:453][862]LogParticles:Warning: InitializeSystem called on an unregistered component. Template=/Game/StarterContent/Particles/ItemMarker.ItemMarker Component=/Game/Hotel/Levels/World.World:PersistentLevel.ItemMarker.ParticleSystemComponent0
[2016.04.17-18.10.51:453][862]LogParticles:Warning: InitializeSystem called on an unregistered component. Template=/Game/StarterContent/Particles/Dust.Dust Component=/Game/Hotel/Levels/World.World:PersistentLevel.Dust_2.ParticleSystemComponent0
[2016.04.17-18.10.51:455][862]LogParticles:Warning: InitializeSystem called on an unregistered component. Template=/Game/StarterContent/Particles/Dust.Dust Component=/Game/Hotel/Levels/World.World:PersistentLevel.Dust2.ParticleSystemComponent0
[2016.04.17-18.10.51:455][862]LogParticles:Warning: InitializeSystem called on an unregistered component. Template=/Game/StarterContent/Particles/Dust.Dust Component=/Game/Hotel/Levels/World.World:PersistentLevel.Dust3.ParticleSystemComponent0
[2016.04.17-18.10.51:711][862]Cmd: MAP LOAD FILE="../../../../../../Users/Mandy/Documents/GitHub/HotelBete/Content/Hotel/Levels/World.umap" TEMPLATE=0 SHOWPROGRESS=1 FEATURELEVEL=3
[2016.04.17-18.10.51:711][862]LightingResults: New page: Lighting Build
[2016.04.17-18.10.51:733][862]LoadErrors: New page: Loading map: World.umap
[2016.04.17-18.10.51:733][862]MapCheck: New page: Map Check
[2016.04.17-18.10.51:733][862]LightingResults: New page: Lighting Build
[2016.04.17-18.10.51:762][862]LogParticles: Destroying 0 GPU particle simulations for FXSystem 0x00000000123E0720
[2016.04.17-18.10.51:928][862]LogEditorServer: Finished looking for orphan Actors (0.000 secs)
[2016.04.17-18.10.51:997][862]Cmd: MAP CHECKDEP NOCLEARLOG
[2016.04.17-18.10.52:124][862]MapCheck: Info Map check complete: 0 Error(s), 0 Warning(s), took 126.661ms to complete.
[2016.04.17-18.10.52:124][862]LogFileHelpers: Loading map 'World' took 0.414
[2016.04.17-18.10.52:130][862]LoadErrors:Error: Error /Game/FirstPersonBP/Blueprints/Enemy : Failed import for Enemy_C /Game/Hotel/Blueprints/Enemies/Enemy.Default__Enemy_C [redirection] in /Game/FirstPersonBP/Blueprints/Enemy
[2016.04.17-18.10.52:130][862]LoadErrors:Error: Error /Game/Hotel/Levels/World : Failed import for ObjectProperty /Game/FirstPersonBP/Blueprints/FirstPersonGameMode.FirstPersonGameMode_C:Ghost Room 7
[2016.04.17-18.11.05:815][403]LogEditorViewport: Clicking on Actor (LMB): StaticMeshActor (balcony_haunted)
[2016.04.17-18.11.20:980][171]LogEditorFactories: Performing atomic reimport of [C:/Users/Mandy/Documents/3dsMax/export/balcony_haunted.FBX]
[2016.04.17-18.11.21:087][171]LogFbx: Loading FBX Scene from C:/Users/Mandy/Documents/3dsMax/export/balcony_haunted.FBX
[2016.04.17-18.11.21:210][171]LogFbx: FBX Scene Loaded Succesfully
[2016.04.17-18.11.21:235][171]LogFbx:Warning: Warning Warning: No smoothing group information was found in this FBX scene.  Please make sure to enable the 'Export Smoothing Groups' option in the FBX Exporter plug-in before exporting the file.  Even for tools that don't support smoothing groups, the FBX Exporter will generate appropriate smoothing data at export-time so that correct vertex normals can be inferred while importing.
[2016.04.17-18.11.21:305][171]LogStaticMesh: Building static mesh balcony_haunted...
[2016.04.17-18.11.21:577][171]LogStaticMesh: Built static mesh [0.272206.2s] /Game/Hotel/Art/Models/balcony/balcony_haunted.balcony_haunted
[2016.04.17-18.11.21:659][171]LogEditorFactories: -- imported successfully
[2016.04.17-18.11.41:835][143]LogBlueprintUserMessages: Early PlayInEditor Detection: Level '/Game/Hotel/Levels/World.World:PersistentLevel' has LevelScriptBlueprint '/Game/Hotel/Levels/World.World:PersistentLevel.World' with GeneratedClass '/Game/Hotel/Levels/World.World_C' with ClassGeneratedBy '/Game/Hotel/Levels/World.World:PersistentLevel.World'
[2016.04.17-18.11.41:835][143]LogPlayLevel: PlayLevel: No blueprints needed recompiling
[2016.04.17-18.11.41:843][143]PIE: New page: PIE session: World (Apr 17, 2016, 10:11:41 AM)
[2016.04.17-18.11.41:856][143]LogPlayLevel: Creating play world package: /Game/Hotel/Levels/UEDPIE_0_World
[2016.04.17-18.11.42:020][143]LogPlayLevel: PIE: StaticDuplicateObject took: (0.163726s)
[2016.04.17-18.11.42:022][143]LogAIModule: Creating AISystem for world World
[2016.04.17-18.11.42:022][143]LogPlayLevel: PIE: World Init took: (0.002433s)
[2016.04.17-18.11.42:023][143]LogPlayLevel: PIE: Created PIE world by copying editor world from /Game/Hotel/Levels/World.World to /Game/Hotel/Levels/UEDPIE_0_World.World (0.180494s)
[2016.04.17-18.11.42:064][143]LogInit: XAudio2 using 'Speakers (2- Logitech USB Headset)' : 2 channels at 44.1 kHz using 16 bits per sample (channel mask 0x3)
[2016.04.17-18.11.42:072][143]LogInit: FAudioDevice initialized.
[2016.04.17-18.11.42:186][143]LogWorld: Game class is 'FirstPersonGameMode_C'
[2016.04.17-18.11.42:278][143]LogWorld: Bringing World /Game/Hotel/Levels/UEDPIE_0_World.World up for play (max tick rate 0) at 2016.04.17-14.11.42
[2016.04.17-18.11.42:278][143]LogActor:Warning: GameSession /Game/Hotel/Levels/UEDPIE_0_World.World:PersistentLevel.GameSession_0 has natively added scene component(s), but none of them were set as the actor's RootComponent - picking one arbitrarily
[2016.04.17-18.11.42:279][143]LogActor:Warning: GameNetworkManager /Game/Hotel/Levels/UEDPIE_0_World.World:PersistentLevel.GameNetworkManager_0 has natively added scene component(s)