[2016.04.16-21.36.47:198][  0]Log file open, 04/16/16 17:36:47
[2016.04.16-21.36.47:198][  0]LogInit:Display: Running engine for game: Hotel
[2016.04.16-21.36.47:198][  0]LogPlatformFile: Not using cached read wrapper
[2016.04.16-21.36.47:198][  0]LogInit:Display: RandInit(1122809576) SRandInit(1122809578).
[2016.04.16-21.36.47:198][  0]LogTaskGraph: Started task graph with 4 named threads and 5 total threads.
[2016.04.16-21.36.47:198][  0]LogStats: Stats thread started at 0.062798
[2016.04.16-21.36.47:198][  0]LogInit: Version: 4.10.4-2872498+++depot+UE4-Releases+4.10
[2016.04.16-21.36.47:198][  0]LogInit: API Version: 2758231
[2016.04.16-21.36.47:198][  0]LogInit: Compiled (64-bit): Feb 18 2016 15:47:04
[2016.04.16-21.36.47:198][  0]LogInit: Compiled with Visual C++: 19.00.23026.00
[2016.04.16-21.36.47:198][  0]LogInit: Build Configuration: Development
[2016.04.16-21.36.47:198][  0]LogInit: Branch Name: ++depot+UE4-Releases+4.10
[2016.04.16-21.36.47:198][  0]LogInit: Command line:  
[2016.04.16-21.36.47:198][  0]LogInit: Base directory: C:/Program Files (x86)/Epic Games/4.10/Engine/Binaries/Win64/
[2016.04.16-21.36.47:198][  0]LogInit: Rocket: 1
[2016.04.16-21.36.47:224][  0]LogInit: Using libcurl 7.41.0
[2016.04.16-21.36.47:224][  0]LogInit:  - built for x86_64-pc-win32
[2016.04.16-21.36.47:224][  0]LogInit:  - supports SSL with WinSSL
[2016.04.16-21.36.47:224][  0]LogInit:  - other features:
[2016.04.16-21.36.47:224][  0]LogInit:      CURL_VERSION_SSL
[2016.04.16-21.36.47:224][  0]LogInit:      CURL_VERSION_IPV6
[2016.04.16-21.36.47:224][  0]LogInit:      CURL_VERSION_ASYNCHDNS
[2016.04.16-21.36.47:224][  0]LogInit:      CURL_VERSION_LARGEFILE
[2016.04.16-21.36.47:224][  0]LogInit:      CURL_VERSION_IDN
[2016.04.16-21.36.47:224][  0]LogInit:  CurlRequestOptions (configurable via config and command line):
[2016.04.16-21.36.47:224][  0]LogInit:  - bVerifyPeer = true  - Libcurl will verify peer certificate
[2016.04.16-21.36.47:224][  0]LogInit:  - bUseHttpProxy = false  - Libcurl will NOT use HTTP proxy
[2016.04.16-21.36.47:224][  0]LogInit:  - bDontReuseConnections = false  - Libcurl will reuse connections
[2016.04.16-21.36.47:224][  0]LogInit:  - CertBundlePath = nullptr  - Libcurl will use whatever was configured at build time.
[2016.04.16-21.36.47:235][  0]LogInit: Presizing for 0 objects not considered by GC, pre-allocating 0 bytes.
[2016.04.16-21.36.47:249][  0]LogInit: Object subsystem initialized
[2016.04.16-21.36.47:250][  0]LogInit: Selected Device Profile: [Windows]
[2016.04.16-21.36.47:250][  0]LogInit: Applying CVar settings loaded from the selected device profile: [Windows]
[2016.04.16-21.36.47:263][  0]LogInit: Computer: DANIEL-PC
[2016.04.16-21.36.47:263][  0]LogInit: User: Daniel
[2016.04.16-21.36.47:263][  0]LogInit: CPU Page size=4096, Cores=2
[2016.04.16-21.36.47:263][  0]LogInit: High frequency timer resolution =3.531777 MHz
[2016.04.16-21.36.47:263][  0]LogMemory: Memory total: Physical=8.0GB (8GB approx)
[2016.04.16-21.36.47:263][  0]LogMemory: Platform Memory Stats for Windows
[2016.04.16-21.36.47:263][  0]LogMemory: Process Physical Memory: 56.49 MB used, 56.49 MB peak
[2016.04.16-21.36.47:263][  0]LogMemory: Process Virtual Memory: 56.55 MB used, 56.55 MB peak
[2016.04.16-21.36.47:263][  0]LogMemory: Physical Memory: 2694.73 MB used, 8190.46 MB total
[2016.04.16-21.36.47:263][  0]LogMemory: Virtual Memory: 346.59 MB used, 8388608.00 MB total
[2016.04.16-21.36.47:348][  0]LogTextLocalizationManager: No specific translations for ('en-US') exist, so ('en') translations will be used.
[2016.04.16-21.36.48:061][  0]LogD3D11RHI: Found D3D11 adapter 0: AMD Radeon HD 7800 Series (Feature Level 11_0)
[2016.04.16-21.36.48:061][  0]LogD3D11RHI: Adapter has 1003MB of dedicated video memory, 0MB of dedicated system memory, and 3839MB of shared system memory, 1 output[s]
[2016.04.16-21.36.48:061][  0]LogD3D11RHI: Chosen D3D11 Adapter Id = 0
[2016.04.16-21.36.48:069][  0]LogD3D11RHI: !Direct3DDevice
[2016.04.16-21.36.48:069][  0]LogRHI: Texture pool is 702 MB (70% of 1003 MB)
[2016.04.16-21.36.48:079][  0]LogD3D11RHI: Async texture creation disabled: no driver support
[2016.04.16-21.36.48:091][  0]LogShaderCompilers: Guid format shader working directory is -54 characters bigger than the processId version (../../../../../../Users/Daniel/Desktop/School2/New classes/New Classes/New Classes/DIG4725/HotelBete/Intermediate/Shaders/WorkingDirectory/16080/).
[2016.04.16-21.36.48:091][  0]LogShaderCompilers: Cleaned the shader compiler working directory 'C:/Users/Daniel/AppData/Local/Temp/UnrealShaderWorkingDir/C982D955489FA9FEEC3CD1B1FEB1A72F/'.
[2016.04.16-21.36.48:091][  0]LogShaderCompilers:Display: Using Local Shader Compiler.
[2016.04.16-21.36.52:180][  0]LogTemp:Display: Loaded TP AllDesktopTargetPlatform
[2016.04.16-21.36.52:185][  0]LogTemp:Display: Loaded TP WindowsClientTargetPlatform
[2016.04.16-21.36.52:191][  0]LogTemp:Display: Loaded TP WindowsNoEditorTargetPlatform
[2016.04.16-21.36.52:197][  0]LogTemp:Display: Loaded TP WindowsServerTargetPlatform
[2016.04.16-21.36.52:202][  0]LogTemp:Display: Loaded TP WindowsTargetPlatform
[2016.04.16-21.36.52:206][  0]LogTemp:Display: Loaded TP AndroidTargetPlatform
[2016.04.16-21.36.52:210][  0]LogTemp:Display: Loaded TP Android_ASTCTargetPlatform
[2016.04.16-21.36.52:213][  0]LogTemp:Display: Loaded TP Android_ATCTargetPlatform
[2016.04.16-21.36.52:217][  0]LogTemp:Display: Loaded TP Android_DXTTargetPlatform
[2016.04.16-21.36.52:222][  0]LogTemp:Display: Loaded TP Android_ETC1TargetPlatform
[2016.04.16-21.36.52:227][  0]LogTemp:Display: Loaded TP Android_ETC2TargetPlatform
[2016.04.16-21.36.52:238][  0]LogTemp:Display: Loaded TP Android_MultiTargetPlatform
[2016.04.16-21.36.52:238][  0]LogTemp:Display: Loaded TP Android_PVRTCTargetPlatform
[2016.04.16-21.36.52:238][  0]LogTemp:Display: Loaded TP HTML5TargetPlatform
[2016.04.16-21.36.52:281][  0]LogTemp:Display: Loaded TP IOSTargetPlatform
[2016.04.16-21.36.52:286][  0]LogTemp:Display: Loaded TP LinuxNoEditorTargetPlatform
[2016.04.16-21.36.52:291][  0]LogTemp:Display: Loaded TP LinuxServerTargetPlatform
[2016.04.16-21.36.52:314][  0]LogTemp:Display: Loaded TP LinuxTargetPlatform
[2016.04.16-21.36.52:314][  0]LogTargetPlatformManager:Display: Building Assets For Windows
[2016.04.16-21.36.52:693][  0]LogDerivedDataCache:Display: Max Cache Size: 512 MB
[2016.04.16-21.36.53:390][  0]LogDerivedDataCache: Loaded boot cache 0.70s 41MB C:/Users/Daniel/AppData/Local/UnrealEngine/4.10/DerivedDataCache/Boot.ddc.
[2016.04.16-21.36.53:390][  0]LogDerivedDataCache:Display: Loaded Boot cache: C:/Users/Daniel/AppData/Local/UnrealEngine/4.10/DerivedDataCache/Boot.ddc
[2016.04.16-21.36.53:390][  0]LogDerivedDataCache: FDerivedDataBackendGraph:  Pak pak cache file ../../../../../../Users/Daniel/Desktop/School2/New classes/New Classes/New Classes/DIG4725/HotelBete/DerivedDataCache/DDC.ddp not found, will not use a pak cache.
[2016.04.16-21.36.53:390][  0]LogDerivedDataCache: Unable to find inner node Pak for hierarchical cache Hierarchy.
[2016.04.16-21.36.53:390][  0]LogDerivedDataCache: FDerivedDataBackendGraph:  CompressedPak pak cache file ../../../../../../Users/Daniel/Desktop/School2/New classes/New Classes/New Classes/DIG4725/HotelBete/DerivedDataCache/Compressed.ddp not found, will not use a pak cache.
[2016.04.16-21.36.53:390][  0]LogDerivedDataCache: Unable to find inner node CompressedPak for hierarchical cache Hierarchy.
[2016.04.16-21.36.53:507][  0]LogDerivedDataCache:Display: Pak cache opened for reading ../../../Engine/DerivedDataCache/Compressed.ddp.
[2016.04.16-21.36.53:518][  0]LogDerivedDataCache: Using Local data cache path C:/Users/Daniel/AppData/Local/UnrealEngine/Common/DerivedDataCache: Writable
[2016.04.16-21.36.58:204][  0]LogInit: Selected Device Profile: [Windows]
[2016.04.16-21.36.58:205][  0]LogContentStreaming: Texture pool size is 0.000000MB
[2016.04.16-21.36.58:266][  0]LogMeshUtilities: No automatic mesh reduction module available
[2016.04.16-21.36.58:266][  0]LogMeshUtilities: No automatic mesh merging module available
[2016.04.16-21.36.58:790][  0]LogInit: WinSock: version 1.1 (2.2), MaxSocks=32767, MaxUdp=65467
[2016.04.16-21.37.09:798][  0]LogAssetRegistry: FAssetRegistry took 0.0098 seconds to start up
[2016.04.16-21.37.09:816][  0]UdpMessaging: Initializing bridge on interface 0.0.0.0:0 to multicast group 230.0.0.1:6666.
[2016.04.16-21.37.10:709][  0]SourceControl: Info Source control is disabled
[2016.04.16-21.37.10:710][  0]SourceControl: Info Source control is disabled
[2016.04.16-21.37.10:722][  0]SourceControl: Info Source control is disabled
[2016.04.16-21.37.10:733][  0]SourceControl: Info Source control is disabled
[2016.04.16-21.37.11:767][  0]LogObj: 28802 objects as part of root set at end of initial load.
[2016.04.16-21.37.11:767][  0]LogUObjectAllocator: 6129776 out of 0 bytes used by permanent object pool.
[2016.04.16-21.37.11:914][  0]LogEngine: Initializing Engine...
[2016.04.16-21.37.11:918][  0]LogHMD: Can't find Oculus library dev build: is proper Runtime installed? Version: 0.8.0.0
[2016.04.16-21.37.11:919][  0]LogHMD: SteamVR failed to initialize.  Err: 110
[2016.04.16-21.37.12:131][  0]LogAIModule: Creating AISystem for world NewWorld
[2016.04.16-21.37.12:145][  0]LogInit: XAudio2 using 'Speakers (Realtek High Definition Audio)' : 2 channels at 48 kHz using 32 bits per sample (channel mask 0x3)
[2016.04.16-21.37.12:204][  0]LogInit: FAudioDevice initialized.
[2016.04.16-21.37.12:253][  0]LogDerivedDataCache: Saved boot cache 0.05s 41MB C:/Users/Daniel/AppData/Local/UnrealEngine/4.10/DerivedDataCache/Boot.ddc.
[2016.04.16-21.37.12:263][  0]LogInit: Texture streaming: Enabled
[2016.04.16-21.37.12:270][  0]LogAnalytics: Creating configured Analytics provider AnalyticsET
[2016.04.16-21.37.12:270][  0]LogAnalytics: [UEEditor.Rocket.Release] APIServer = http://et2.epicgames.com/ET2/. AppVersion = 4.10.4-2872498+++depot+UE4-Releases+4.10
[2016.04.16-21.37.12:270][  0]LogAnalytics: [UEEditor.Rocket.Release] SetUserId ed5e9abb412814bb99d59fb056a48704|1cdc74d24c5c488499a1545b79b877ae|87672418-128d-4f96-b687-83d63e0e05d0
[2016.04.16-21.37.12:270][  0]LogAnalytics: [UEEditor.Rocket.Release] AnalyticsET::StartSession
[2016.04.16-21.37.12:284][  0]LogInit: Transaction tracking system initialized
[2016.04.16-21.37.12:316][  0]BlueprintLog: New page: Editor Load
[2016.04.16-21.37.12:418][  0]LocalizationService: Info Localization service is disabled
[2016.04.16-21.37.12:951][  0]LogConsoleResponse:Display: 
[2016.04.16-21.37.14:212][  0]LogCook:Display: Done creating registry. It took  0.00s.
[2016.04.16-21.37.14:596][  0]LogFileCache: Scanning file cache for directory 'C:/Users/Daniel/Desktop/School2/New classes/New Classes/New Classes/DIG4725/HotelBete/Content/' took 0.02s
[2016.04.16-21.37.14:596][  0]SourceControl: Info Source control is disabled
[2016.04.16-21.37.14:596][  0]Cmd: MAP LOAD FILE="../../../../../../Users/Daniel/Desktop/School2/New classes/New Classes/New Classes/DIG4725/HotelBete/Content/Hotel/Levels/Menu.umap" TEMPLATE=0 SHOWPROGRESS=1 FEATURELEVEL=3
[2016.04.16-21.37.14:597][  0]LightingResults: New page: Lighting Build
[2016.04.16-21.37.14:600][  0]MapCheck: New page: Map Check
[2016.04.16-21.37.14:600][  0]LightingResults: New page: Lighting Build
[2016.04.16-21.37.14:926][  0]LogParticles: Destroying 0 GPU particle simulations for FXSystem 0x0000000020A9BB00
[2016.04.16-21.37.19:150][  0]LogAIModule: Creating AISystem for world Menu
[2016.04.16-21.37.19:151][  0]LogEditorServer: Finished looking for orphan Actors (0.000 secs)
[2016.04.16-21.37.19:151][  0]Cmd: MAP CHECKDEP NOCLEARLOG
[2016.04.16-21.37.19:214][  0]MapCheck: Info Map check complete: 0 Error(s), 0 Warning(s), took 62.879ms to complete.
[2016.04.16-21.37.19:214][  0]LogFileHelpers: Loading map 'Menu' took 4.618
[2016.04.16-21.37.19:414][  0]LogCollectionManager: Loaded 0 collections in 0.002539 seconds
[2016.04.16-21.37.19:455][  0]LogFileCache: Scanning file cache for directory 'C:/Users/Daniel/Desktop/School2/New classes/New Classes/New Classes/DIG4725/HotelBete/Saved/Collections/' took 0.01s
[2016.04.16-21.37.19:455][  0]LogFileCache: Scanning file cache for directory 'C:/Users/Daniel/Desktop/School2/New classes/New Classes/New Classes/DIG4725/HotelBete/Content/Developers/Daniel/Collections/' took 0.01s
[2016.04.16-21.37.19:455][  0]LogFileCache: Scanning file cache for directory 'C:/Users/Daniel/Desktop/School2/New classes/New Classes/New Classes/DIG4725/HotelBete/Content/Collections/' took 0.01s
[2016.04.16-21.37.19:455][  0]LogCollectionManager: Rebuilt the GUID cache for 0 collections in 0.000002 seconds
[2016.04.16-21.37.19:472][  0]LogContentBrowser: Native class hierarchy populated in 0.0167 seconds. Added 1908 classes and 344 folders.
[2016.04.16-21.37.19:480][  0]LogContentBrowser: Native class hierarchy updated for 'WidgetCarousel' in 0.0005 seconds. Added 0 classes and 0 folders.
[2016.04.16-21.37.21:370][  0]LogContentBrowser: Native class hierarchy updated for 'AddContentDialog' in 0.0005 seconds. Added 0 classes and 0 folders.
[2016.04.16-21.37.21:374][  0]LogContentBrowser: Native class hierarchy updated for 'SceneOutliner' in 0.0004 seconds. Added 1 classes and 2 folders.
[2016.04.16-21.37.21:520][  0]LogCrashTracker: Crashtracker disabled due to settings.
[2016.04.16-21.37.21:525][  0]LogUObjectGlobals:Warning: Failed to find object 'Class None.'
[2016.04.16-21.37.21:550][  0]LogLoad: Full Startup: 34.84 seconds (BP compile: 0.17 seconds)
[2016.04.16-21.37.21:562][  0]LogOcInput: Can't find Oculus library dev build: is proper Runtime installed? Version: 0.8.0.0
[2016.04.16-21.37.21:611][  0]LogContentStreaming: Texture pool size now 1000 MB
[2016.04.16-21.37.21:851][  0]LogRenderer: Reallocating scene render targets to support 1004x456 (Frame:2).
[2016.04.16-21.37.22:472][  7]LogAssetRegistry: Asset discovery search completed in 12.6841 seconds
[2016.04.16-21.37.22:472][  7]LogCollectionManager: Rebuilt the object cache for 0 collections in 0.000001 seconds (found 0 objects)
[2016.04.16-21.37.22:472][  7]LogCollectionManager: Fixed up redirectors for 0 collections in 0.000024 seconds (updated 0 objects)
[2016.04.16-21.37.55:735][132]LogLinker:Warning: Asset '../../../Engine/Content/ArtTools/RenderToTexture/Macros/RenderToTextureMacros.uasset' has been saved with empty engine version. The asset will be loaded but may be incompatible.
[2016.04.16-21.37.56:394][132]LogContentBrowser: Native class hierarchy updated for 'BlueprintGraph' in 0.0011 seconds. Added 107 classes and 0 folders.
[2016.04.16-21.39.42:521][783]LogFactory: FactoryCreateBinary: SoundWave with ReimportSoundFactory (0 0 C:\Users\Daniel\Desktop\School2\New classes\New Classes\New Classes\DIG4725\Sound Effects\Converted files\Door_Unlocking.wav)
[2016.04.16-21.39.42:524][783]LogAudioDerivedData:Display: Building compressed audio format OGG wave Door_Unlocking...
[2016.04.16-21.39.42:764][783]LogAudioDerivedData:Warning: Updated SoundWave->RawPCMDataSize during cooking SoundWave /Game/Hotel/Sounds/SE/Door_Unlocking.Door_Unlocking.
[2016.04.16-21.40.10:409][364]LogAIModule: Creating AISystem for world World
[2016.04.16-21.40.10:410][364]LogParticles:Warning: InitializeSystem called on an unregistered component. Template=/Game/StarterContent/Particles/Breath.Breath Component=/Game/Hotel/Levels/World.World:PersistentLevel.Breath.ParticleSystemComponent0
[2016.04.16-21.40.10:411][364]LogParticles:Warning: InitializeSystem called on an unregistered component. Template=/Game/StarterContent/Particles/ItemMarker.ItemMarker Component=/Game/Hotel/Levels/World.World:PersistentLevel.ItemMarker.ParticleSystemComponent0
[2016.04.16-21.40.10:411][364]LogParticles:Warning: InitializeSystem called on an unregistered component. Template=/Game/StarterContent/Particles/Dust.Dust Component=/Game/Hotel/Levels/World.World:PersistentLevel.Dust_2.ParticleSystemComponent0
[2016.04.16-21.40.10:413][364]LogParticles:Warning: InitializeSystem called on an unregistered component. Template=/Game/StarterContent/Particles/Dust.Dust Component=/Game/Hotel/Levels/World.World:PersistentLevel.Dust2.ParticleSystemComponent0
[2016.04.16-21.40.10:413][364]LogParticles:Warning: InitializeSystem called on an unregistered component. Template=/Game/StarterContent/Particles/Dust.Dust Component=/Game/Hotel/Levels/World.World:PersistentLevel.Dust3.ParticleSystemComponent0
[2016.04.16-21.40.10:451][364]LogParticles:Warning: InitializeSystem called on an unregistered component. Template=/Game/StarterContent/Particles/ItemMarker.ItemMarker Component=/Game/Hotel/Levels/World.World:PersistentLevel.ItemMarker2_5.ParticleSystemComponent0
[2016.04.16-21.40.12:607][364]LogSavePackage: Save=109.034065ms
[2016.04.16-21.40.12:607][364]LogSavePackage: Moving '../../../../../../Users/Daniel/Desktop/School2/New classes/New Classes/New Classes/DIG4725/HotelBete/Saved/Door18EE206D4487E187259CD47B49D029D12.tmp' to '../../../../../../Users/Daniel/Desktop/School2/New classes/New Classes/New Classes/DIG4725/HotelBete/Content/Hotel/Blueprints/Objects/Door1.uasset'
[2016.04.16-21.40.12:634][364]LogSavePackage: Total save time: 186.878446ms
[2016.04.16-21.40.12:634][364]LogSavePackage:Display: Finished SavePackage ../../../../../../Users/Daniel/Desktop/School2/New classes/New Classes/New Classes/DIG4725/HotelBete/Content/Hotel/Blueprints/Objects/Door1.uasset
[2016.04.16-21.40.12:658][364]LogSavePackage: Save=5.302713ms
[2016.04.16-21.40.12:658][364]LogSavePackage: Moving '../../../../../../Users/Daniel/Desktop/School2/New classes/New Classes/New Classes/DIG4725/HotelBete/Saved/Door_Unlocking683F2FCF4431D9B497C3C0B61255AE7E.tmp' to '../../../../../../Users/Daniel/Desktop/School2/New classes/New Classes/New Classes/DIG4725/HotelBete/Content/Hotel/Sounds/SE/Door_Unlocking.uasset'
[2016.04.16-21.40.12:660][364]LogSavePackage: Total save time: 7.993426ms
[2016.04.16-21.40.12:660][364]LogSavePackage:Display: Finished SavePackage ../../../../../../Users/Daniel/Desktop/School2/New classes/New Classes/New Classes/DIG4725/HotelBete/Content/Hotel/Sounds/SE/Door_Unlocking.uasset
[2016.04.16-21.40.12:671][364]LogSavePackage: Save=2.924024ms
[2016.04.16-21.40.12:671][364]LogSavePackage: Moving '../../../../../../Users/Daniel/Desktop/School2/New classes/New Classes/New Classes/DIG4725/HotelBete/Saved/Door_Unlocking_CueBE48958F4F3DABD94B2AA8B2F2BDE504.tmp' to '../../../../../../Users/Daniel/Desktop/School2/New classes/New Classes/New Classes/DIG4725/HotelBete/Content/Hotel/Sounds/SE/Door_Unlocking_Cue.uasset'
[2016.04.16-21.40.12:673][364]LogSavePackage: Total save time: 5.435791ms
[2016.04.16-21.40.12:673][364]LogSavePackage:Display: Finished SavePackage ../../../../../../Users/Daniel/Desktop/School2/New classes/New Classes/New Classes/DIG4725/HotelBete/Content/Hotel/Sounds/SE/Door_Unlocking_Cue.uasset
[2016.04.16-21.40.12:674][364]Cmd: MAP LOAD FILE="../../../../../../Users/Daniel/Desktop/School2/New classes/New Classes/New Classes/DIG4725/HotelBete/Content/Hotel/Levels/World.umap" TEMPLATE=0 SHOWPROGRESS=1 FEATURELEVEL=3
[2016.04.16-21.40.12:675][364]LightingResults: New page: Lighting Build
[2016.04.16-21.40.12:698][364]LoadErrors: New page: Loading map: World.umap
[2016.04.16-21.40.12:698][364]MapCheck: New page: Map Check
[2016.04.16-21.40.12:698][364]LightingResults: New page: Lighting Build
[2016.04.16-21.40.12:762][364]LogParticles: Destroying 0 GPU particle simulations for FXSystem 0x0000000010ACE660
[2016.04.16-21.40.12:931][364]LogEditorServer: Finished looking for orphan Actors (0.000 secs)
[2016.04.16-21.40.13:020][364]Cmd: MAP CHECKDEP NOCLEARLOG
[2016.04.16-21.40.13:183][364]MapCheck: Info Map check complete: 0 Error(s), 0 Warning(s), took 162.769ms to complete.
[2016.04.16-21.40.13:183][364]LogFileHelpers: Loading map 'World' took 0.510
[2016.04.16-21.40.13:188][364]LoadErrors:Error: Error /Game/FirstPersonBP/Blueprints/Enemy : Failed import for Enemy_C /Game/Hotel/Blueprints/Enemies/Enemy.Default__Enemy_C [redirection] in /Game/FirstPersonBP/Blueprints/Enemy
[2016.04.16-21.40.20:012][716]LogBlueprintUserMessages: Early PlayInEditor Detection: Level '/Game/Hotel/Levels/World.World:PersistentLevel' has LevelScriptBlueprint '/Game/Hotel/Levels/World.World:PersistentLevel.World' with GeneratedClass '/Game/Hotel/Levels/World.World_C' with ClassGeneratedBy '/Game/Hotel/Levels/World.World:PersistentLevel.World'
[2016.04.16-21.40.20:012][716]BlueprintLog: New page: Pre-Play auto-recompile
[2016.04.16-21.40.20:021][716]LogPlayLevel: [PlayLevel] Compiling Door1 before play...
[2016.04.16-21.40.20:148][716]LogPlayLevel: PlayLevel: Blueprint regeneration took 135 ms (5 blueprints)
[2016.04.16-21.40.20:154][716]LogPlayLevel: [PlayLevel] Compiling Player before play...
[2016.04.16-21.40.21:811][716]LogPlayLevel: PlayLevel: Blueprint regeneration took 1799 ms (24 blueprints)
[2016.04.16-21.40.21:812][716]LogPlayLevel: [PlayLevel] Compiling Door2 before play...
[2016.04.16-21.40.21:920][716]LogPlayLevel: PlayLevel: Blueprint regeneration took 1907 ms (24 blueprints)
[2016.04.16-21.40.21:920][716]LogPlayLevel: [PlayLevel] Compiling Door3 before play...
[2016.04.16-21.40.22:029][716]LogPlayLevel: PlayLevel: Blueprint regeneration took 2017 ms (24 blueprints)
[2016.04.16-21.40.22:030][716]LogPlayLevel: [PlayLevel] Compiling Door4 before play...
[2016.04.16-21.40.22:127][716]LogPlayLevel: PlayLevel: Blueprint regeneration took 2114 ms (24 blueprints)
[2016.04.16-21.40.22:127][716]LogPlayLevel: [PlayLevel] Compiling BookShelf before play...
[2016.04.16-21.40.22:220][716]LogPlayLevel: PlayLevel: Blueprint regeneration took 2208 ms (24 blueprints)
[2016.04.16-21.40.22:222][716]LogPlayLevel: [PlayLevel] Compiling BriefCase before play...
[2016.04.16-21.40.22:324][716]LogPlayLevel: PlayLevel: Blueprint regeneration took 2312 ms (24 blueprints)
[2016.04.16-21.40.22:325][716]LogPlayLevel: [PlayLevel] Compiling Lighty before play...
[2016.04.16-21.40.22:429][716]LogPlayLevel: PlayLevel: Blueprint regeneration took 2417 ms (26 blueprints)
[2016.04.16-21.40.22:430][716]LogPlayLevel: [PlayLevel] Compiling Bust before play...
[2016.04.16-21.40.22:526][716]LogPlayLevel: PlayLevel: Blueprint regeneration took 2514 ms (26 blueprints)
[2016.04.16-21.40.22:529][716]LogPlayLevel: [PlayLevel] Compiling Ghost before play...
[2016.04.16-21.40.22:742][716]LogPlayLevel: PlayLevel: Blueprint regeneration took 2729 ms (27 blueprints)
[2016.04.16-21.40.22:743][716]LogPlayLevel: [PlayLevel] Compiling PaintSet before play...
[2016.04.16-21.40.22:845][716]LogPlayLevel: PlayLevel: Blueprint regeneration took 2833 ms (27 blueprints)
[2016.04.16-21.40.22:846][716]LogPlayLevel: [PlayLevel] Compiling SpookVision before play...
[2016.04.16-21.40.22:946][716]LogPlayLevel: PlayLevel: Blueprint regeneration took 2934 ms (27 blueprints)
[2016.04.16-21.40.22:947][716]LogPlayLevel: [PlayLevel] Compiling SpookyObject before play...
[2016.04.16-21.40.23:047][716]LogPlayLevel: PlayLevel: Blueprint regeneration took 3035 ms (27 blueprints)
[2016.04.16-21.40.23:048][716]LogPlayLevel: [PlayLevel] Compiling TriggerA before play...
[2016.04.16-21.40.23:139][716]LogPlayLevel: PlayLevel: Blueprint regeneration took 3127 ms (27 blueprints)
[2016.04.16-21.40.23:140][716]LogPlayLevel: [PlayLevel] Compiling TriggerSpook before play...
[2016.04.16-21.40.23:233][716]LogPlayLevel: PlayLevel: Blueprint regeneration took 3221 ms (27 blueprints)
[2016.04.16-21.40.23:234][716]LogPlayLevel: [PlayLevel] Compiling World before play...
[2016.04.16-21.40.23:344][716]LogPlayLevel: PlayLevel: Blueprint regeneration took 3331 ms (27 blueprints)
[2016.04.16-21.40.23:344][716]LogPlayLevel: [PlayLevel] Compiling InvItemPic before play...
[2016.04.16-21.40.23:457][716]LogPlayLevel: PlayLevel: Blueprint regeneration took 3445 ms (27 blueprints)
[2016.04.16-21.40.23:459][716]LogPlayLevel: [PlayLevel] Compiling InventoryWidget before play...
[2016.04.16-21.40.23:594][716]LogPlayLevel: PlayLevel: Blueprint regeneration took 3582 ms (27 blueprints)
[2016.04.16-21.40.23:595][716]LogPlayLevel: [PlayLevel] Compiling TextPic before play...
[2016.04.16-21.40.23:703][716]LogPlayLevel: PlayLevel: Blueprint regeneration took 3690 ms (27 blueprints)
[2016.04.16-21.40.23:703][716]LogPlayLevel: [PlayLevel] Compiling GameOver before play...
[2016.04.16-21.40.23:802][716]LogPlayLevel: PlayLevel: Blueprint regeneration took 3790 ms (27 blueprints)
[2016.04.16-21.40.23:804][716]LogPlayLevel: [PlayLevel] Compiling PauseMenu before play...
[2016.04.16-21.40.23:948][716]LogPlayLevel: PlayLevel: Blueprint regeneration took 3935 ms (27 blueprints)
[2016.04.16-21.40.23:951][716]LogPlayLevel: [PlayLevel] Compiling Puzzle0 before play...
[2016.04.16-21.40.24:179][716]LogPlayLevel: PlayLevel: Blueprint regeneration took 4167 ms (27 blueprints)
[2016.04.16-21.40.24:182][716]LogPlayLevel: [PlayLevel] Compiling Puzzle1 before play...
[2016.04.16-21.40.24:417][716]LogPlayLevel: PlayLevel: Blueprint regeneration took 4405 ms (27 blueprints)
[2016.04.16-21.40.24:420][716]LogPlayLevel: [PlayLevel] Compiling Puzzle3 before play...
[2016.04.16-21.40.24:599][716]LogPlayLevel: PlayLevel: Blueprint regeneration took 4587 ms (27 blueprints)
[2016.04.16-21.40.24:601][716]LogPlayLevel: [PlayLevel] Compiling ItemManager before play...
[2016.04.16-21.40.24:650][716]LogBlueprint:Warning: USimpleConstructionScript::FixupRootNodeParentReferences() - Couldn't find inherited parent component 'DefaultSceneRoot' for 'KeyWithRoomNum' in BlueprintGeneratedClass 'REINST_Key_C_356' (it may have been removed)
[2016.04.16-21.40.24:848][716]LogBlueprint:Warning: USimpleConstructionScript::FixupRootNodeParentReferences() - Couldn't find inherited parent component 'DefaultSceneRoot' for 'Necklace' in BlueprintGeneratedClass 'REINST_Necklace_C_360' (it may have been removed)
[2016.04.16-21.40.24:924][716]LogBlueprint:Warning: USimpleConstructionScript::FixupRootNodeParentReferences() - Couldn't find inherited parent component 'DefaultSceneRoot' for 'Book' in BlueprintGeneratedClass 'REINST_BookForPuz_C_364' (it may have been removed)
[2016.04.16-21.40.24:999][716]LogBlueprint:Warning: USimpleConstructionScript::FixupRootNodeParentReferences() - Couldn't find inherited parent component 'DefaultSceneRoot' for 'PaintBrush' in BlueprintGeneratedClass 'REINST_PaintBrush_C_368' (it may have been removed)
[2016.04.16-21.40.25:073][716]LogBlueprint:Warning: USimpleConstructionScript::FixupRootNodeParentReferences() - Couldn't find inherited parent component 'DefaultSceneRoot' for 'PaintCup' in BlueprintGeneratedClass 'REINST_PaintYellow_C_372' (it may have been removed)
[2016.04.16-21.40.25:546][716]LogPlayLevel: PlayLevel: Blueprint regeneration took 5533 ms (33 blueprints)
[2016.04.16-21.40.25:546][716]LogPlayLevel: [PlayLevel] Compiling TextManager before play...
[2016.04.16-21.40.25:570][716]LogBlueprint:Warning: USimpleConstructionScript::FixupRootNodeParentReferences() - Couldn't find inherited parent component 'DefaultSceneRoot' for 'Diary' in BlueprintGeneratedClass 'REINST_TextOne_C_380' (it may have been removed)
[2016.04.16-21.40.25:649][716]LogBlueprint:Warning: USimpleConstructionScript::FixupRootNodeParentReferences() - Couldn't find inherited parent component 'DefaultSceneRoot' for 'Diary' in BlueprintGeneratedClass 'REINST_TextTwo_C_384' (it may have been removed)
[2016.04.16-21.40.25:908][716]LogPlayLevel: PlayLevel: Blueprint regeneration took 5896 ms (35 blueprints)
[2016.04.16-21.40.25:910][716]LogPlayLevel: [PlayLevel] Compiling FirstPersonGameMode before play...
[2016.04.16-21.40.26:031][716]LogPlayLevel: PlayLevel: Blueprint regeneration took 6018 ms (35 blueprints)
[2016.04.16-21.40.26:031][716]LogPlayLevel: [PlayLevel] Compiling Key before play...
[2016.04.16-21.40.26:118][716]LogPlayLevel: PlayLevel: Blueprint regeneration took 6106 ms (35 blueprints)
[2016.04.16-21.40.26:119][716]LogPlayLevel: [PlayLevel] Compiling Necklace before play...
[2016.04.16-21.40.26:186][716]LogPlayLevel: PlayLevel: Blueprint regeneration took 6174 ms (35 blueprints)
[2016.04.16-21.40.26:187][716]LogPlayLevel: [PlayLevel] Compiling BookForPuz before play...
[2016.04.16-21.40.26:255][716]LogPlayLevel: PlayLevel: Blueprint regeneration took 6242 ms (35 blueprints)
[2016.04.16-21.40.26:255][716]LogPlayLevel: [PlayLevel] Compiling PaintBrush before play...
[2016.04.16-21.40.26:325][716]LogPlayLevel: PlayLevel: Blueprint regeneration took 6313 ms (35 blueprints)
[2016.04.16-21.40.26:326][716]LogPlayLevel: [PlayLevel] Compiling PaintYellow before play...
[2016.04.16-21.40.26:396][716]LogPlayLevel: PlayLevel: Blueprint regeneration took 6383 ms (35 blueprints)
[2016.04.16-21.40.26:397][716]LogPlayLevel: [PlayLevel] Compiling TestGhost before play...
[2016.04.16-21.40.26:471][716]LogPlayLevel: PlayLevel: Blueprint regeneration took 6459 ms (35 blueprints)
[2016.04.16-21.40.26:472][716]LogPlayLevel: [PlayLevel] Compiling TextOne before play...
[2016.04.16-21.40.26:539][716]LogPlayLevel: PlayLevel: Blueprint regeneration took 6527 ms (35 blueprints)
[2016.04.16-21.40.26:540][716]LogPlayLevel: [PlayLevel] Compiling TextTwo before play...
[2016.04.16-21.40.26:607][716]LogPlayLevel: PlayLevel: Blueprint regeneration took 6595 ms (35 blueprints)
[2016.04.16-21.40.26:686][716]PIE: New page: PIE session: World (Apr 16, 2016, 1:40:26 PM)
[2016.04.16-21.40.26:686][716]LogPlayLevel: Creating play world package: /Game/Hotel/Levels/UEDPIE_0_World
[2016.04.16-21.40.26:738][716]LogPlayLevel: PIE: StaticDuplicateObject took: (0.051579s)
[2016.04.16-21.40.26:740][716]LogAIModule: Creating AISystem for world World
[2016.04.16-21.40.26:740][716]LogPlayLevel: PIE: World Init took: (0.002332s)
[2016.04.16-21.40.26:741][716]LogPlayLevel: PIE: Created PIE world by copying editor world from /Game/Hotel/Levels/World.World to /Game/Hotel/Levels/UEDPIE_0_World.World (0.054800s)
[2016.04.16-21.40.26:829][716]LogInit: XAudio2 using 'Speakers (Realtek High Definition Audio)' : 2 channels at 48 kHz using 32 bits per sample (channel mask 0x3)
[2016.04.16-21.40.26:842][716]LogInit: FAudioDevice initialized.
[2016.04.16-21.40.26:999][716]LogWorld: Game class is 'FirstPersonGameMode_C'
[2016.04.16-21.40.27:021][716]LogWorld: Bringing World /Game/Hotel/Levels/UEDPIE_0_World.World up for play (max tick rate 0) at 2016.04.16-17.40.27
[2016.04.16-21.40.27:021][716]LogActor:Warning: GameSession /Game/Hotel/Levels/UEDPIE_0_World.World:PersistentLevel.GameSession_0 has natively added scene component(s), but none of them were set as the actor's RootComponent - picking one arbitrarily
[2016.04.16-21.40.27:021][716]LogActor:Warning: GameNetworkManager /Game/Hotel/Levels/UEDPIE_0_World.World:PersistentLevel.GameNetworkManager_0 has natively added scene component(s), but none of them were set as the actor's RootComponent - picking one arbitrarily
[2016.04.16-21.40.27:024][716]LogWorld: Bringing up level for play took: 0.023973
[2016.04.16-21.40.27:056][716]PIE: Info Play in editor start time for /Game/Hotel/Levels/UEDPIE_0_World 7.2
[2016.04.16-21.40.27:056][716]LogBlueprintUserMessages: Late PlayInEditor Detection: Level '/Game/Hotel/Levels/World.World:PersistentLevel' has LevelScriptBlueprint '/Game/Hotel/Levels/World.World:PersistentLevel.World' with GeneratedClass '/Game/Hotel/Levels/World.World_C' with ClassGeneratedBy '/Game/Hotel/Levels/World.World:PersistentLevel.World'
[2016.04.16-21.40.27:506][717]LogRenderer: Reallocating scene render targets to support 1280x720 (Frame:90).
[2016.04.16-21.40.52:517][693]LogBlueprintUserMessages: [Door1_C_0] 1.0
[2016.04.16-21.41.02:871][189]LogBlueprintUserMessages: Early EndPlayMap Detection: Level '/Game/Hotel/Levels/World.World:PersistentLevel' has LevelScriptBlueprint '/Game/Hotel/Levels/World.World:PersistentLevel.World' with GeneratedClass '/Game/Hotel/Levels/World.World_C' with ClassGeneratedBy '/Game/Hotel/Levels/World.World:PersistentLevel.World'
[2016.04.16-21.41.02:957][189]LogBlueprintUserMessages: Late EndPlayMap Detection: Level '/Game/Hotel/Levels/World.World:PersistentLevel' has LevelScriptBlueprint '/Game/Hotel/Levels/World.World:PersistentLevel.World' with GeneratedClass '/Game/Hotel/Levels/World.World_C' with ClassGeneratedBy '/Game/Hotel/Levels/World.World:PersistentLevel.World'
[2016.04.16-21.41.03:054][189]LogParticles: Destroying 0 GPU particle simulations for FXSystem 0x000000004A6E6A20
[2016.04.16-21.41.47:569][165]LogParticles: Destroying 0 GPU particle simulations for FXSystem 0x0000000035AF67A0
[2016.04.16-21.41.54:036][165]LogSavePackage: Save=6080.753418ms
[2016.04.16-21.41.54:036][165]LogSavePackage: Moving '../../../../../../Users/Daniel/Desktop/School2/New classes/New Classes/New Classes/DIG4725/HotelBete/Saved/WorldFC0BB9BC4351F8BD83C915909912364B.tmp' to '../../../../../../Users/Daniel/Desktop/School2/New classes/New Classes/New Classes/DIG4725/HotelBete/Content/Hotel/Levels/World.umap'
[2016.04.16-21.41.54:045][165]LogSavePackage: Total save time: 6223.038998ms
[2016.04.16-21.41.54:045][165]LogSavePackage:Display: Finished SavePackage ../../../../../../Users/Daniel/Desktop/School2/New classes/New Classes/New Classes/DIG4725/HotelBete/Content/Hotel/Levels/World.umap
[2016.04.16-21.41.54:183][165]LogFileHelpers: Saving map 'World' took 6.588
[2016.04.16-21.41.54:357][165]LogSavePackage: Save=100.397903ms
[2016.04.16-21.41.54:357][165]LogSavePackage: Moving '../../../../../../Users/Daniel/Desktop/School2/New classes/New Classes/New Classes/DIG4725/HotelBete/Saved/Door2781AC5624FEBF380F92CC1AC766D9EC9.tmp' to '../../../../../../Users/Daniel/Desktop/School2/New classes/New Classes/New Classes/DIG4725/HotelBete/Content/Hotel/Blueprints/Objects/Door2.uasset'
[2016.04.16-21.41.54:364][165]LogSavePackage: Total save time: 120.388120ms
[2016.04.16-21.41.54:364][165]LogSavePackage:Display: Finished SavePackage ../../../../../../Users/Daniel/Desktop/School2/New classes/New Classes/New Classes/DIG4725/HotelBete/Content/Hotel/Blueprints/Objects/Door2.uasset
[2016.04.16-21.42.29:096][629]LogSavePackage: Save=89.619759ms
[2016.04.16-21.42.29:096][629]LogSavePackage: Moving '../../../../../../Users/Daniel/Desktop/School2/New classes/New Classes/New Classes/DIG4725/HotelBete/Saved/Door36AB544604A603F246401C286304D3B85.tmp' to '../../../../../../Users/Daniel/Desktop/School2/New classes/New Classes/New Classes/DIG4725/HotelBete/Content/Hotel/Blueprints/Objects/Door3.uasset'
[2016.04.16-21.42.29:098][629]LogSavePackage: Total save time: 118.830547ms
[2016.04.16-21.42.29:098][629]LogSavePackage:Display: Finished SavePackage ../../../../../../Users/Daniel/Desktop/School2/New classes/New Classes/New Classes/DIG4725/HotelBete/Content/Hotel/Blueprints/Objects/Door3.uasset
[2016.04.16-21.42.47:719][660]LogParticles: Destroying 0 GPU particle simulations for FXSystem 0x0000000036C7A8E0
[2016.04.16-21.42.47:732][660]LogParticles: Destroying 0 GPU particle simulations for FXSystem 0x0000000037CB7740
[2016.04.16-21.42.47:883][660]LogSavePackage: Save=89.939430ms
[2016.04.16-21.42.47:883][660]LogSavePackage: Moving '../../../../../../Users/Daniel/Desktop/School2/New classes/New Classes/New Classes/DIG4725/HotelBete/Saved/Door4611819F94E66665D991E73845D931E7B.tmp' to '../../../../../../Users/Daniel/Desktop/School2/New classes/New Classes/New Classes/DIG4725/HotelBete/Content/Hotel/Blueprints/Objects/Door4.uasset'
[2016.04.16-21.42.47:886][660]LogSavePackage: Total save time: 104.345489ms
[2016.04.16-21.42.47:886][660]LogSavePackage:Display: Finished SavePackage ../../../../../../Users/Daniel/Desktop/School2/New classes/New Classes/New Classes/DIG4725/HotelBete/Content/Hotel/Blueprints/Objects/Door4.uasset
[2016.04.16-21.42.56:745][586]LogParticles: Destroying 0 GPU particle simulations for FXSystem 0x00000000369EE020
[2016.04.16-21.42.57:141][587]Cmd: QUIT_EDITOR
[2016.04.16-21.42.57:336][587]LogExit: Preparing to exit.
[2016.04.16-21.42.57:944][587]LogExit: Editor shut down
[2016.04.16-21.42.57:944][587]LogExit: Transaction tracking system shut down
[2016.04.16-21.42.57:962][587]LogParticles: Destroying 0 GPU particle simulations for FXSystem 0x0000000024562D40
[2016.04.16-21.42.57:996][587]LogParticles: Destroying 0 GPU particle simulations for FXSystem 0x0000000042A863E0
[2016.04.16-21.42.58:535][587]LogParticles: Destroying 0 GPU particle simulations for FXSystem 0x00000000558D8400
[2016.04.16-21.42.58:535][587]LogParticles: Destroying 0 GPU particle simulations for FXSystem 0x00000000537A5E40
[2016.04.16-21.42.58:535][587]LogParticles: Destroying 0 GPU particle simulations for FXSystem 0x00000000537A6020
[2016.04.16-21.42.58:535][587]LogExit: Object subsystem successfully closed.
[2016.04.16-21.42.58:554][587]LogD3D11RHI: Shutdown
[2016.04.16-21.42.58:554][587]LogD3D11RHI: CleanupD3DDevice
[2016.04.16-21.42.58:797][587]LogD3D11RHI: ~FD3D11DynamicRHI
[2016.04.16-21.42.58:816][587]LogModuleManager: Shutting down and abandoning module CookingStats (202)
[2016.04.16-21.42.58:816][587]LogModuleManager: Shutting down and abandoning module BlueprintGraph (201)
[2016.04.16-21.42.58:816][587]LogModuleManager: Shutting down and abandoning module CrashTracker (200)
[2016.04.16-21.42.58:816][587]LogModuleManager: Shutting down and abandoning module SceneOutliner (199)
[2016.04.16-21.42.58:816][587]LogModuleManager: Shutting down and abandoning module SuperSearch (198)
[2016.04.16-21.42.58:816][587]LogModuleManager: Shutting down and abandoning module WidgetCarousel (197)
[2016.04.16-21.42.58:816][587]LogModuleManager: Shutting down and abandoning module AddContentDialog (196)
[2016.04.16-21.42.58:818][587]LogModuleManager: Shutting down and abandoning module EditorWidgets (195)
[2016.04.16-21.42.58:818][587]LogModuleManager: Shutting down and abandoning module CollectionManager (194)
[2016.04.16-21.42.58:818][587]LogModuleManager: Shutting down and abandoning module StatsViewer (193)
[2016.04.16-21.42.58:818][587]LogModuleManager: Shutting down and abandoning module FoliageEdit (192)
[2016.04.16-21.42.58:818][587]LogModuleManager: Shutting down and abandoning module LandscapeEditor (191)
[2016.04.16-21.42.58:818][587]LogModuleManager: Shutting down and abandoning module ActorPickerMode (190)
[2016.04.16-21.42.58:818][587]LogModuleManager: Shutting down and abandoning module GeometryMode (189)
[2016.04.16-21.42.58:818][587]LogModuleManager: Shutting down and abandoning module TextureAlignMode (188)
[2016.04.16-21.42.58:818][587]LogModuleManager: Shutting down and abandoning module BspMode (187)
[2016.04.16-21.42.58:818][587]LogModuleManager: Shutting down and abandoning module PlacementMode (186)
[2016.04.16-21.42.58:818][587]LogModuleManager: Shutting down and abandoning module AutomationWorker (185)
[2016.04.16-21.42.58:818][587]LogModuleManager: Shutting down and abandoning module CharacterAI (184)
[2016.04.16-21.42.58:818][587]LogModuleManager: Shutting down and abandoning module SmartSnapping (183)
[2016.04.16-21.42.58:819][587]LogModuleManager: Shutting down and abandoning module ViewportSnapping (182)
[2016.04.16-21.42.58:819][587]LogModuleManager: Shutting down and abandoning module LogVisualizer (181)
[2016.04.16-21.42.58:819][587]LogModuleManager: Shutting down and abandoning module GameProjectGeneration (180)
[2016.04.16-21.42.58:819][587]LogModuleManager: Shutting down and abandoning module IntroTutorials (179)
[2016.04.16-21.42.58:819][587]LogModuleManager: Shutting down and abandoning module EditorLiveStreaming (178)
[2016.04.16-21.42.58:819][587]LogModuleManager: Shutting down and abandoning module IOSPlatformEditor (177)
[2016.04.16-21.42.58:819][587]LogModuleManager: Shutting down and abandoning module HTML5PlatformEditor (176)
[2016.04.16-21.42.58:819][587]LogModuleManager: Shutting down and abandoning module AndroidDeviceDetection (175)
[2016.04.16-21.42.59:633][587]LogModuleManager: Shutting down and abandoning module AndroidPlatformEditor (174)
[2016.04.16-21.42.59:633][587]LogModuleManager: Shutting down and abandoning module IOSRuntimeSettings (173)
[2016.04.16-21.42.59:633][587]LogModuleManager: Shutting down and abandoning module AndroidRuntimeSettings (172)
[2016.04.16-21.42.59:633][587]LogModuleManager: Shutting down and abandoning module MergeActors (171)
[2016.04.16-21.42.59:633][587]LogModuleManager: Shutting down and abandoning module SizeMap (170)
[2016.04.16-21.42.59:633][587]LogModuleManager: Shutting down and abandoning module TreeMap (169)
[2016.04.16-21.42.59:633][587]LogModuleManager: Shutting down and abandoning module ReferenceViewer (168)
[2016.04.16-21.42.59:633][587]LogModuleManager: Shutting down and abandoning module LocalizationService (167)
[2016.04.16-21.42.59:633][587]LogModuleManager: Shutting down and abandoning module LocalizationDashboard (166)
[2016.04.16-21.42.59:633][587]LogModuleManager: Shutting down and abandoning module HardwareTargeting (165)
[2016.04.16-21.42.59:633][587]LogModuleManager: Shutting down and abandoning module DeviceProfileEditor (164)
[2016.04.16-21.42.59:633][587]LogModuleManager: Shutting down and abandoning module UndoHistory (163)
[2016.04.16-21.42.59:633][587]LogModuleManager: Shutting down and abandoning module GameplayTagsEditor (162)
[2016.04.16-21.42.59:633][587]LogModuleManager: Shutting down and abandoning module UserFeedback (161)
[2016.04.16-21.42.59:633][587]LogModuleManager: Shutting down and abandoning module XmlParser (160)
[2016.04.16-21.42.59:633][587]LogModuleManager: Shutting down and abandoning module Blutility (159)
[2016.04.16-21.42.59:633][587]LogModuleManager: Shutting down and abandoning module ProjectTargetPlatformEditor (158)
[2016.04.16-21.42.59:633][587]LogModuleManager: Shutting down and abandoning module ProjectSettingsViewer (157)
[2016.04.16-21.42.59:634][587]LogModuleManager: Shutting down and abandoning module InputBindingEditor (156)
[2016.04.16-21.42.59:634][587]LogModuleManager: Shutting down and abandoning module EditorSettingsViewer (155)
[2016.04.16-21.42.59:634][587]LogModuleManager: Shutting down and abandoning module SettingsEditor (154)
[2016.04.16-21.42.59:634][587]LogModuleManager: Shutting down and abandoning module ProjectLauncher (153)
[2016.04.16-21.42.59:634][587]LogModuleManager: Shutting down and abandoning module SessionFrontend (152)
[2016.04.16-21.42.59:634][587]LogModuleManager: Shutting down and abandoning module ProfilerClient (151)
[2016.04.16-21.42.59:634][587]LogModuleManager: Shutting down and abandoning module TargetDeviceServices (150)
[2016.04.16-21.42.59:634][587]LogModuleManager: Shutting down and abandoning module DeviceManager (149)
[2016.04.16-21.42.59:634][587]LogModuleManager: Shutting down and abandoning module AutomationController (148)
[2016.04.16-21.42.59:634][587]LogModuleManager: Shutting down and abandoning module AutomationWindow (147)
[2016.04.16-21.42.59:634][587]LogModuleManager: Shutting down and abandoning module Layers (146)
[2016.04.16-21.42.59:634][587]LogModuleManager: Shutting down and abandoning module ComponentVisualizers (145)
[2016.04.16-21.42.59:634][587]LogModuleManager: Shutting down and abandoning module DetailCustomizations (144)
[2016.04.16-21.42.59:634][587]LogModuleManager: Shutting down and abandoning module PackagesDialog (143)
[2016.04.16-21.42.59:634][587]LogModuleManager: Shutting down and abandoning module Persona (142)
[2016.04.16-21.42.59:634][587]LogModuleManager: Shutting down and abandoning module Kismet (141)
[2016.04.16-21.42.59:634][587]LogModuleManager: Shutting down and abandoning module GraphEditor (140)
[2016.04.16-21.42.59:634][587]LogModuleManager: Shutting down and abandoning module ClassViewer (139)
[2016.04.16-21.42.59:634][587]LogModuleManager: Shutting down and abandoning module Toolbox (138)
[2016.04.16-21.42.59:634][587]LogModuleManager: Shutting down and abandoning module ModuleUI (137)
[2016.04.16-21.42.59:634][587]LogModuleManager: Shutting down and abandoning module MovieSceneTools (136)
[2016.04.16-21.42.59:635][587]LogModuleManager: Shutting down and abandoning module OutputLog (135)
[2016.04.16-21.42.59:635][587]LogModuleManager: Shutting down and abandoning module GammaUI (134)
[2016.04.16-21.42.59:635][587]LogModuleManager: Shutting down and abandoning module Documentation (133)
[2016.04.16-21.42.59:635][587]LogModuleManager: Shutting down and abandoning module GameLiveStreaming (132)
[2016.04.16-21.42.59:635][587]LogModuleManager: Shutting down and abandoning module StreamingPauseRendering (131)
[2016.04.16-21.42.59:635][587]LogModuleManager: Shutting down and abandoning module AnalyticsET (130)
[2016.04.16-21.42.59:635][587]LogModuleManager: Shutting down and abandoning module Analytics (129)
[2016.04.16-21.42.59:635][587]LogModuleManager: Shutting down and abandoning module AITestSuite (128)
[2016.04.16-21.42.59:635][587]LogModuleManager: Shutting down and abandoning module GameplayDebugger (127)
[2016.04.16-21.42.59:635][587]LogModuleManager: Shutting down and abandoning module AIModule (126)
[2016.04.16-21.42.59:635][587]LogModuleManager: Shutting down and abandoning module ProfilerService (125)
[2016.04.16-21.42.59:771][587]LogModuleManager: Shutting down and abandoning module TaskGraph (124)
[2016.04.16-21.42.59:771][587]LogModuleManager: Shutting down and abandoning module SubstanceEditor (123)
[2016.04.16-21.42.59:771][587]LogModuleManager: Shutting down and abandoning module SlateRemote (122)
[2016.04.16-21.42.59:771][587]LogModuleManager: Shutting down and abandoning module SteamVRController (121)
[2016.04.16-21.42.59:771][587]LogModuleManager: Shutting down and abandoning module SteamVR (120)
[2016.04.16-21.42.59:771][587]LogModuleManager: Shutting down and abandoning module ProceduralMeshComponent (119)
[2016.04.16-21.42.59:771][587]LogModuleManager: Shutting down and abandoning module OculusLibrary (118)
[2016.04.16-21.42.59:771][587]LogModuleManager: Shutting down and abandoning module OculusInput (117)
[2016.04.16-21.42.59:771][587]LogModuleManager: Shutting down and abandoning module LeapMotionController (116)
[2016.04.16-21.42.59:786][587]LogModuleManager: Shutting down and abandoning module CustomMeshComponent (115)
[2016.04.16-21.42.59:786][587]LogModuleManager: Shutting down and abandoning module CableComponent (114)
[2016.04.16-21.42.59:786][587]LogModuleManager: Shutting down and abandoning module ArchVisCharacter (113)
[2016.04.16-21.42.59:786][587]LogModuleManager: Shutting down and abandoning module MessagingDebugger (112)
[2016.04.16-21.42.59:786][587]LogModuleManager: Shutting down and abandoning module MediaPlayerEditor (111)
[2016.04.16-21.42.59:787][587]LogModuleManager: Shutting down and abandoning module HTML5Networking (110)
[2016.04.16-21.42.59:787][587]LogModuleManager: Shutting down and abandoning module SpeedTreeImporter (109)
[2016.04.16-21.42.59:787][587]LogModuleManager: Shutting down and abandoning module PluginBrowser (108)
[2016.04.16-21.42.59:787][587]LogModuleManager: Shutting down and abandoning module EpicSurvey (107)
[2016.04.16-21.42.59:787][587]LogModuleManager: Shutting down and abandoning module DesktopPlatform (106)
[2016.04.16-21.42.59:787][587]LogModuleManager: Shutting down and abandoning module VisualStudioSourceCodeAccess (105)
[2016.04.16-21.42.59:787][587]LogModuleManager: Shutting down and abandoning module UObjectPlugin (104)
[2016.04.16-21.42.59:787][587]LogModuleManager: Shutting down and abandoning module SubversionSourceControl (103)
[2016.04.16-21.42.59:787][587]LogModuleManager: Shutting down and abandoning module PerforceSourceControl (102)
[2016.04.16-21.42.59:787][587]LogModuleManager: Shutting down and abandoning module SourceControl (101)
[2016.04.16-21.42.59:787][587]LogModuleManager: Shutting down and abandoning module GitSourceControl (100)
[2016.04.16-21.42.59:787][587]LogModuleManager: Shutting down and abandoning module LightPropagationVolumeEditor (99)
[2016.04.16-21.42.59:787][587]LogModuleManager: Shutting down and abandoning module PaperTiledImporter (98)
[2016.04.16-21.42.59:787][587]LogModuleManager: Shutting down and abandoning module PaperSpriteSheetImporter (97)
[2016.04.16-21.42.59:787][587]LogModuleManager: Shutting down and abandoning module MeshPaint (96)
[2016.04.16-21.42.59:787][587]LogModuleManager: Shutting down and abandoning module SlateReflector (95)
[2016.04.16-21.42.59:787][587]LogModuleManager: Shutting down and abandoning module HotReload (94)
[2016.04.16-21.42.59:787][587]LogModuleManager: Shutting down and abandoning module MainFrame (93)
[2016.04.16-21.42.59:787][587]LogModuleManager: Shutting down and abandoning module LevelEditor (92)
[2016.04.16-21.42.59:788][587]LogModuleManager: Shutting down and abandoning module ContentBrowser (91)
[2016.04.16-21.42.59:790][587]LogModuleManager: Shutting down and abandoning module Paper2DEditor (90)
[2016.04.16-21.42.59:790][587]LogModuleManager: Shutting down and abandoning module UdpMessaging (89)
[2016.04.16-21.42.59:890][587]LogModuleManager: Shutting down and abandoning module DirectoryWatcher (88)
[2016.04.16-21.42.59:891][587]LogModuleManager: Shutting down and abandoning module AssetRegistry (87)
[2016.04.16-21.42.59:977][587]LogModuleManager: Shutting down and abandoning module SubstanceCore (86)
[2016.04.16-21.42.59:977][587]LogModuleManager: Shutting down and abandoning module LightPropagationVolumeRuntime (85)
[2016.04.16-21.42.59:977][587]LogModuleManager: Shutting down and abandoning module Paper2D (84)
[2016.04.16-21.42.59:977][587]LogModuleManager: Shutting down and abandoning module WindowsMoviePlayer (83)
[2016.04.16-21.42.59:984][587]LogModuleManager: Shutting down and abandoning module Media (82)
[2016.04.16-21.42.59:985][587]LogModuleManager: Shutting down and abandoning module WmfMedia (81)
[2016.04.16-21.42.59:985][587]LogModuleManager: Shutting down and abandoning module OnlineBlueprintSupport (80)
[2016.04.16-21.42.59:985][587]LogModuleManager: Shutting down and abandoning module GameplayTasksEditor (79)
[2016.04.16-21.42.59:985][587]LogModuleManager: Shutting down and abandoning module PropertyEditor (78)
[2016.04.16-21.42.59:985][587]LogModuleManager: Shutting down and abandoning module BehaviorTreeEditor (77)
[2016.04.16-21.42.59:985][587]LogModuleManager: Shutting down and abandoning module FunctionalTesting (76)
[2016.04.16-21.42.59:985][587]LogModuleManager: Shutting down and abandoning module CollisionAnalyzer (75)
[2016.04.16-21.42.59:985][587]LogModuleManager: Shutting down and abandoning module WorkspaceMenuStructure (74)
[2016.04.16-21.42.59:985][587]LogModuleManager: Shutting down and abandoning module MessageLog (73)
[2016.04.16-21.42.59:985][587]LogModuleManager: Shutting down and abandoning module Sequencer (72)
[2016.04.16-21.42.59:985][587]LogModuleManager: Shutting down and abandoning module AssetTools (71)
[2016.04.16-21.42.59:986][587]LogModuleManager: Shutting down and abandoning module UMGEditor (70)
[2016.04.16-21.42.59:986][587]LogModuleManager: Shutting down and abandoning module UMG (69)
[2016.04.16-21.42.59:986][587]LogModuleManager: Shutting down and abandoning module Slate (68)
[2016.04.16-21.42.59:986][587]LogModuleManager: Shutting down and abandoning module EditorStyle (67)
[2016.04.16-21.42.59:988][587]LogModuleManager: Shutting down and abandoning module SessionServices (66)
[2016.04.16-21.42.59:988][587]LogModuleManager: Shutting down and abandoning module SourceCodeAccess (65)
[2016.04.16-21.42.59:988][587]LogModuleManager: Shutting down and abandoning module HeadMountedDisplay (64)
[2016.04.16-21.42.59:988][587]LogModuleManager: Shutting down and abandoning module XAudio2 (63)
[2016.04.16-21.42.59:988][587]LogModuleManager: Shutting down and abandoning module Networking (61)
[2016.04.16-21.42.59:988][587]LogModuleManager: Shutting down and abandoning module Core (60)
[2016.04.16-21.42.59:988][587]LogModuleManager: Shutting down and abandoning module KismetCompiler (59)
[2016.04.16-21.42.59:988][587]LogModuleManager: Shutting down and abandoning module PhysXFormats (58)
[2016.04.16-21.42.59:988][587]LogModuleManager: Shutting down and abandoning module MeshUtilities (57)
[2016.04.16-21.42.59:988][587]LogModuleManager: Shutting down and abandoning module DerivedDataCache (56)
[2016.04.16-21.43.00:004][587]LogDerivedDataCache: Shutdown
[2016.04.16-21.43.00:004][587]LogModuleManager: Shutting down and abandoning module ShaderFormatOpenGL (55)
[2016.04.16-21.43.00:004][587]LogModuleManager: Shutting down and abandoning module ShaderFormatD3D (54)
[2016.04.16-21.43.00:004][587]LogModuleManager: Shutting down and abandoning module MetalShaderFormat (53)
[2016.04.16-21.43.00:004][587]LogModuleManager: Shutting down and abandoning module TextureFormatUncompressed (52)
[2016.04.16-21.43.00:004][587]LogModuleManager: Shutting down and abandoning module TextureFormatPVR (51)
[2016.04.16-21.43.00:004][587]LogModuleManager: Shutting down and abandoning module TextureFormatIntelISPCTexComp (50)
[2016.04.16-21.43.00:004][587]LogModuleManager: Shutting down and abandoning module TextureFormatDXT (49)
[2016.04.16-21.43.00:004][587]LogModuleManager: Shutting down and abandoning module ImageWrapper (48)
[2016.04.16-21.43.00:004][587]LogModuleManager: Shutting down and abandoning module TextureFormatASTC (47)
[2016.04.16-21.43.00:004][587]LogModuleManager: Shutting down and abandoning module TextureFormatAndroid (46)
[2016.04.16-21.43.00:004][587]LogModuleManager: Shutting down and abandoning module AudioFormatOpus (45)
[2016.04.16-21.43.00:004][587]LogModuleManager: Shutting down and abandoning module AudioFormatOgg (44)
[2016.04.16-21.43.00:004][587]LogModuleManager: Shutting down and abandoning module AudioFormatADPCM (43)
[2016.04.16-21.43.00:004][587]LogModuleManager: Shutting down and abandoning module LinuxTargetPlatform (42)
[2016.04.16-21.43.00:004][587]LogModuleManager: Shutting down and abandoning module LinuxServerTargetPlatform (41)
[2016.04.16-21.43.00:004][587]LogModuleManager: Shutting down and abandoning module LinuxNoEditorTargetPlatform (40)
[2016.04.16-21.43.00:004][587]LogModuleManager: Shutting down and abandoning module Messaging (39)
[2016.04.16-21.43.00:004][587]LogModuleManager: Shutting down and abandoning module IOSTargetPlatform (38)
[2016.04.16-21.43.00:004][587]LogModuleManager: Shutting down and abandoning module HTML5TargetPlatform (37)
[2016.04.16-21.43.00:004][587]LogModuleManager: Shutting down and abandoning module Android_PVRTCTargetPlatform (36)
[2016.04.16-21.43.00:004][587]LogModuleManager: Shutting down and abandoning module Android_MultiTargetPlatform (35)
[2016.04.16-21.43.00:004][587]LogModuleManager: Shutting down and abandoning module Android_ETC2TargetPlatform (34)
[2016.04.16-21.43.00:004][587]LogModuleManager: Shutting down and abandoning module Android_ETC1TargetPlatform (33)
[2016.04.16-21.43.00:004][587]LogModuleManager: Shutting down and abandoning module Android_DXTTargetPlatform (32)
[2016.04.16-21.43.00:004][587]LogModuleManager: Shutting down and abandoning module Android_ATCTargetPlatform (31)
[2016.04.16-21.43.00:004][587]LogModuleManager: Shutting down and abandoning module Android_ASTCTargetPlatform (30)
[2016.04.16-21.43.00:004][587]LogModuleManager: Shutting down and abandoning module AndroidTargetPlatform (29)
[2016.04.16-21.43.00:004][587]LogModuleManager: Shutting down and abandoning module WindowsTargetPlatform (28)
[2016.04.16-21.43.00:004][587]LogModuleManager: Shutting down and abandoning module WindowsServerTargetPlatform (27)
[2016.04.16-21.43.00:004][587]LogModuleManager: Shutting down and abandoning module WindowsNoEditorTargetPlatform (26)
[2016.04.16-21.43.00:004][587]LogModuleManager: Shutting down and abandoning module WindowsClientTargetPlatform (25)
[2016.04.16-21.43.00:004][587]LogModuleManager: Shutting down and abandoning module AllDesktopTargetPlatform (24)
[2016.04.16-21.43.00:004][587]LogModuleManager: Shutting down and abandoning module TargetPlatform (23)
[2016.04.16-21.43.00:004][587]LogModuleManager: Shutting down and abandoning module InputCore (22)
[2016.04.16-21.43.00:004][587]LogModuleManager: Shutting down and abandoning module Settings (21)
[2016.04.16-21.43.00:004][587]LogModuleManager: Shutting down and abandoning module OnlineSubsystem (19)
[2016.04.16-21.43.00:004][587]LogModuleManager: Shutting down and abandoning module HTTP (18)
[2016.04.16-21.43.01:005][587]LogModuleManager: Shutting down and abandoning module XMPP (17)
[2016.04.16-21.43.01:005][587]LogModuleManager: Shutting down and abandoning module OculusRift (16)
[2016.04.16-21.43.01:005][587]LogModuleManager: Shutting down and abandoning module ExampleDeviceProfileSelector (15)
[2016.04.16-21.43.01:005][587]LogModuleManager: Shutting down and abandoning module TextureCompressor (14)
[2016.04.16-21.43.01:005][587]LogModuleManager: Shutting down and abandoning module ShaderCore (13)
[2016.04.16-21.43.01:005][587]LogModuleManager: Shutting down and abandoning module Landscape (12)
[2016.04.16-21.43.01:005][587]LogModuleManager: Shutting down and abandoning module SlateRHIRenderer (11)
[2016.04.16-21.43.01:008][587]LogModuleManager: Shutting down and abandoning module OpenGLDrv (10)
[2016.04.16-21.43.01:008][587]LogModuleManager: Shutting down and abandoning module D3D11RHI (9)
[2016.04.16-21.43.01:008][587]LogModuleManager: Shutting down and abandoning module AnimGraphRuntime (8)
[2016.04.16-21.43.01:008][587]LogModuleManager: Shutting down and abandoning module Renderer (7)
[2016.04.16-21.43.01:008][587]LogModuleManager: Shutting down and abandoning module Engine (6)
[2016.04.16-21.43.01:008][587]LogModuleManager: Shutting down and abandoning module CoreUObject (5)
[2016.04.16-21.43.01:008][587]LogModuleManager: Shutting down and abandoning module NetworkFile (4)
[2016.04.16-21.43.01:008][587]LogModuleManager: Shutting down and abandoning module StreamingFile (3)
[2016.04.16-21.43.01:008][587]LogModuleManager: Shutting down and abandoning module SandboxFile (2)
[2016.04.16-21.43.01:008][587]LogModuleManager: Shutting down and abandoning module PakFile (1)
[2016.04.16-21.43.01:009][587]LogExit: Exiting.
[2016.04.16-21.43.01:011][587]Log file closed, 04/16/16 17:43:01
