[2016.04.11-20.31.59:562][  0]Log file open, 04/11/16 16:31:59
[2016.04.11-20.31.59:562][  0]LogInit:Display: Running engine for game: Hotel
[2016.04.11-20.31.59:562][  0]LogPlatformFile: Not using cached read wrapper
[2016.04.11-20.31.59:562][  0]LogInit:Display: RandInit(-875784139) SRandInit(-875784137).
[2016.04.11-20.31.59:562][  0]LogTaskGraph: Started task graph with 4 named threads and 7 total threads.
[2016.04.11-20.31.59:562][  0]LogStats: Stats thread started at 0.094557
[2016.04.11-20.31.59:562][  0]LogInit: Version: 4.10.2-2818068+++depot+UE4-Releases+4.10
[2016.04.11-20.31.59:562][  0]LogInit: API Version: 2758231
[2016.04.11-20.31.59:562][  0]LogInit: Compiled (64-bit): Jan  6 2016 17:36:42
[2016.04.11-20.31.59:562][  0]LogInit: Compiled with Visual C++: 19.00.23026.00
[2016.04.11-20.31.59:562][  0]LogInit: Build Configuration: Development
[2016.04.11-20.31.59:562][  0]LogInit: Branch Name: ++depot+UE4-Releases+4.10
[2016.04.11-20.31.59:562][  0]LogInit: Command line:  
[2016.04.11-20.31.59:562][  0]LogInit: Base directory: C:/Program Files/Epic Games/4.10/Engine/Binaries/Win64/
[2016.04.11-20.31.59:562][  0]LogInit: Rocket: 1
[2016.04.11-20.31.59:580][  0]LogInit: Using libcurl 7.41.0
[2016.04.11-20.31.59:580][  0]LogInit:  - built for x86_64-pc-win32
[2016.04.11-20.31.59:580][  0]LogInit:  - supports SSL with WinSSL
[2016.04.11-20.31.59:580][  0]LogInit:  - other features:
[2016.04.11-20.31.59:580][  0]LogInit:      CURL_VERSION_SSL
[2016.04.11-20.31.59:580][  0]LogInit:      CURL_VERSION_IPV6
[2016.04.11-20.31.59:580][  0]LogInit:      CURL_VERSION_ASYNCHDNS
[2016.04.11-20.31.59:580][  0]LogInit:      CURL_VERSION_LARGEFILE
[2016.04.11-20.31.59:580][  0]LogInit:      CURL_VERSION_IDN
[2016.04.11-20.31.59:580][  0]LogInit:  CurlRequestOptions (configurable via config and command line):
[2016.04.11-20.31.59:580][  0]LogInit:  - bVerifyPeer = true  - Libcurl will verify peer certificate
[2016.04.11-20.31.59:580][  0]LogInit:  - bUseHttpProxy = false  - Libcurl will NOT use HTTP proxy
[2016.04.11-20.31.59:580][  0]LogInit:  - bDontReuseConnections = false  - Libcurl will reuse connections
[2016.04.11-20.31.59:580][  0]LogInit:  - CertBundlePath = nullptr  - Libcurl will use whatever was configured at build time.
[2016.04.11-20.31.59:609][  0]LogInit: Presizing for 0 objects not considered by GC, pre-allocating 0 bytes.
[2016.04.11-20.31.59:614][  0]LogInit: Object subsystem initialized
[2016.04.11-20.31.59:615][  0]LogInit: Selected Device Profile: [Windows]
[2016.04.11-20.31.59:615][  0]LogInit: Applying CVar settings loaded from the selected device profile: [Windows]
[2016.04.11-20.31.59:632][  0]LogInit: Computer: MRRBOND-PC
[2016.04.11-20.31.59:632][  0]LogInit: User: MrrBond
[2016.04.11-20.31.59:632][  0]LogInit: CPU Page size=4096, Cores=4
[2016.04.11-20.31.59:632][  0]LogInit: High frequency timer resolution =3.415990 MHz
[2016.04.11-20.31.59:632][  0]LogMemory: Memory total: Physical=15.9GB (16GB approx)
[2016.04.11-20.31.59:632][  0]LogMemory: Platform Memory Stats for Windows
[2016.04.11-20.31.59:632][  0]LogMemory: Process Physical Memory: 56.23 MB used, 56.23 MB peak
[2016.04.11-20.31.59:632][  0]LogMemory: Process Virtual Memory: 56.73 MB used, 56.73 MB peak
[2016.04.11-20.31.59:632][  0]LogMemory: Physical Memory: 3354.19 MB used, 16326.92 MB total
[2016.04.11-20.31.59:632][  0]LogMemory: Virtual Memory: 382.86 MB used, 134217728.00 MB total
[2016.04.11-20.31.59:790][  0]LogTextLocalizationManager: No specific translations for ('en-US') exist, so ('en') translations will be used.
[2016.04.11-20.32.00:162][  0]LogD3D11RHI: Found D3D11 adapter 0: NVIDIA GeForce GTX 770 (Feature Level 11_0)
[2016.04.11-20.32.00:162][  0]LogD3D11RHI: Adapter has 1989MB of dedicated video memory, 0MB of dedicated system memory, and 8163MB of shared system memory, 1 output[s]
[2016.04.11-20.32.00:163][  0]LogD3D11RHI: Found D3D11 adapter 1: Microsoft Basic Render Driver (Feature Level 11_0)
[2016.04.11-20.32.00:163][  0]LogD3D11RHI: Adapter has 0MB of dedicated video memory, 0MB of dedicated system memory, and 8163MB of shared system memory, 0 output[s]
[2016.04.11-20.32.00:163][  0]LogD3D11RHI: Chosen D3D11 Adapter Id = 0
[2016.04.11-20.32.00:166][  0]LogD3D11RHI: !Direct3DDevice
[2016.04.11-20.32.00:166][  0]LogRHI: Texture pool is 1361 MB (70% of 1945 MB)
[2016.04.11-20.32.00:179][  0]LogD3D11RHI: Async texture creation enabled
[2016.04.11-20.32.00:194][  0]LogShaderCompilers: Guid format shader working directory is -10 characters bigger than the processId version (../../../../../../Users/MrrBond/Documents/GitHub/HotelBete/Intermediate/Shaders/WorkingDirectory/1776/).
[2016.04.11-20.32.00:194][  0]LogShaderCompilers: Cleaned the shader compiler working directory 'C:/Users/MrrBond/AppData/Local/Temp/UnrealShaderWorkingDir/67BA1B804D27C59777E5A7AD8696F257/'.
[2016.04.11-20.32.00:194][  0]LogShaderCompilers:Display: Using Local Shader Compiler.
[2016.04.11-20.32.01:622][  0]LogTemp:Display: Loaded TP AllDesktopTargetPlatform
[2016.04.11-20.32.01:630][  0]LogTemp:Display: Loaded TP WindowsClientTargetPlatform
[2016.04.11-20.32.01:638][  0]LogTemp:Display: Loaded TP WindowsNoEditorTargetPlatform
[2016.04.11-20.32.01:643][  0]LogTemp:Display: Loaded TP WindowsServerTargetPlatform
[2016.04.11-20.32.01:648][  0]LogTemp:Display: Loaded TP WindowsTargetPlatform
[2016.04.11-20.32.01:654][  0]LogTemp:Display: Loaded TP AndroidTargetPlatform
[2016.04.11-20.32.01:658][  0]LogTemp:Display: Loaded TP Android_ASTCTargetPlatform
[2016.04.11-20.32.01:661][  0]LogTemp:Display: Loaded TP Android_ATCTargetPlatform
[2016.04.11-20.32.01:664][  0]LogTemp:Display: Loaded TP Android_DXTTargetPlatform
[2016.04.11-20.32.01:667][  0]LogTemp:Display: Loaded TP Android_ETC1TargetPlatform
[2016.04.11-20.32.01:670][  0]LogTemp:Display: Loaded TP Android_ETC2TargetPlatform
[2016.04.11-20.32.01:677][  0]LogTemp:Display: Loaded TP Android_MultiTargetPlatform
[2016.04.11-20.32.01:677][  0]LogTemp:Display: Loaded TP Android_PVRTCTargetPlatform
[2016.04.11-20.32.01:678][  0]LogTemp:Display: Loaded TP HTML5TargetPlatform
[2016.04.11-20.32.01:718][  0]LogTemp:Display: Loaded TP IOSTargetPlatform
[2016.04.11-20.32.01:722][  0]LogTemp:Display: Loaded TP LinuxNoEditorTargetPlatform
[2016.04.11-20.32.01:725][  0]LogTemp:Display: Loaded TP LinuxServerTargetPlatform
[2016.04.11-20.32.01:731][  0]LogTemp:Display: Loaded TP LinuxTargetPlatform
[2016.04.11-20.32.01:731][  0]LogTargetPlatformManager:Display: Building Assets For Windows
[2016.04.11-20.32.02:006][  0]LogDerivedDataCache:Display: Max Cache Size: 512 MB
[2016.04.11-20.32.02:219][  0]LogDerivedDataCache: Loaded boot cache 0.21s 41MB C:/Users/MrrBond/AppData/Local/UnrealEngine/4.10/DerivedDataCache/Boot.ddc.
[2016.04.11-20.32.02:219][  0]LogDerivedDataCache:Display: Loaded Boot cache: C:/Users/MrrBond/AppData/Local/UnrealEngine/4.10/DerivedDataCache/Boot.ddc
[2016.04.11-20.32.02:219][  0]LogDerivedDataCache: FDerivedDataBackendGraph:  Pak pak cache file ../../../../../../Users/MrrBond/Documents/GitHub/HotelBete/DerivedDataCache/DDC.ddp not found, will not use a pak cache.
[2016.04.11-20.32.02:219][  0]LogDerivedDataCache: Unable to find inner node Pak for hierarchical cache Hierarchy.
[2016.04.11-20.32.02:219][  0]LogDerivedDataCache: FDerivedDataBackendGraph:  CompressedPak pak cache file ../../../../../../Users/MrrBond/Documents/GitHub/HotelBete/DerivedDataCache/Compressed.ddp not found, will not use a pak cache.
[2016.04.11-20.32.02:219][  0]LogDerivedDataCache: Unable to find inner node CompressedPak for hierarchical cache Hierarchy.
[2016.04.11-20.32.02:292][  0]LogDerivedDataCache:Display: Pak cache opened for reading ../../../Engine/DerivedDataCache/Compressed.ddp.
[2016.04.11-20.32.02:307][  0]LogDerivedDataCache: Using Local data cache path C:/Users/MrrBond/AppData/Local/UnrealEngine/Common/DerivedDataCache: Writable
[2016.04.11-20.32.04:863][  0]LogInit: Selected Device Profile: [Windows]
[2016.04.11-20.32.04:879][  0]LogContentStreaming: Texture pool size is 0.000000MB
[2016.04.11-20.32.05:104][  0]LogMeshUtilities: No automatic mesh reduction module available
[2016.04.11-20.32.05:104][  0]LogMeshUtilities: No automatic mesh merging module available
[2016.04.11-20.32.05:608][  0]LogInit: WinSock: version 1.1 (2.2), MaxSocks=32767, MaxUdp=65467
[2016.04.11-20.32.07:691][  0]LogAssetRegistry: FAssetRegistry took 0.0121 seconds to start up
[2016.04.11-20.32.07:711][  0]UdpMessaging: Initializing bridge on interface 0.0.0.0:0 to multicast group 230.0.0.1:6666.
[2016.04.11-20.32.08:146][  0]SourceControl: Info Source control is disabled
[2016.04.11-20.32.08:148][  0]SourceControl: Info Source control is disabled
[2016.04.11-20.32.08:166][  0]SourceControl: Info Source control is disabled
[2016.04.11-20.32.08:183][  0]SourceControl: Info Source control is disabled
[2016.04.11-20.32.08:576][  0]LogObj: 28802 objects as part of root set at end of initial load.
[2016.04.11-20.32.08:576][  0]LogUObjectAllocator: 6129776 out of 0 bytes used by permanent object pool.
[2016.04.11-20.32.08:678][  0]LogEngine: Initializing Engine...
[2016.04.11-20.32.08:682][  0]LogHMD: Can't find Oculus library dev build: is proper Runtime installed? Version: 0.8.0.0
[2016.04.11-20.32.08:694][  0]LogHMD: SteamVR failed to initialize.  Err: 110
[2016.04.11-20.32.08:879][  0]LogAIModule: Creating AISystem for world NewWorld
[2016.04.11-20.32.08:897][  0]LogInit: XAudio2 using 'Speakers (Realtek High Definition Audio)' : 2 channels at 48 kHz using 32 bits per sample (channel mask 0x3)
[2016.04.11-20.32.08:908][  0]LogInit: FAudioDevice initialized.
[2016.04.11-20.32.08:928][  0]LogDerivedDataCache: Saved boot cache 0.02s 41MB C:/Users/MrrBond/AppData/Local/UnrealEngine/4.10/DerivedDataCache/Boot.ddc.
[2016.04.11-20.32.08:932][  0]LogInit: Texture streaming: Enabled
[2016.04.11-20.32.08:940][  0]LogAnalytics: Creating configured Analytics provider AnalyticsET
[2016.04.11-20.32.08:940][  0]LogAnalytics: [UEEditor.Rocket.Release] APIServer = http://et2.epicgames.com/ET2/. AppVersion = 4.10.2-2818068+++depot+UE4-Releases+4.10
[2016.04.11-20.32.08:940][  0]LogAnalytics: [UEEditor.Rocket.Release] SetUserId 70d505b9489753c526a513886a8eb1a2|20388df98dc841109316ca5aa4c25788|5df8a1b8-928f-4cc0-8ccd-f95831ba8036
[2016.04.11-20.32.08:941][  0]LogAnalytics: [UEEditor.Rocket.Release] AnalyticsET::StartSession
[2016.04.11-20.32.08:999][  0]LogInit: Transaction tracking system initialized
[2016.04.11-20.32.09:209][  0]BlueprintLog: New page: Editor Load
[2016.04.11-20.32.09:403][  0]LocalizationService: Info Localization service is disabled
[2016.04.11-20.32.09:540][  0]LogConsoleResponse:Display: 
[2016.04.11-20.32.09:681][  0]LogCook:Display: Done creating registry. It took  0.00s.
[2016.04.11-20.32.09:769][  0]LogFileCache: Scanning file cache for directory 'C:/Users/MrrBond/Documents/GitHub/HotelBete/Content/' took 0.02s
[2016.04.11-20.32.09:789][  0]SourceControl: Info Source control is disabled
[2016.04.11-20.32.09:790][  0]Cmd: MAP LOAD FILE="../../../../../../Users/MrrBond/Documents/GitHub/HotelBete/Content/Hotel/Levels/Menu.umap" TEMPLATE=0 SHOWPROGRESS=1 FEATURELEVEL=3
[2016.04.11-20.32.09:794][  0]LightingResults: New page: Lighting Build
[2016.04.11-20.32.09:803][  0]MapCheck: New page: Map Check
[2016.04.11-20.32.09:803][  0]LightingResults: New page: Lighting Build
[2016.04.11-20.32.09:819][  0]LogParticles: Destroying 0 GPU particle simulations for FXSystem 0x000001E545B53B00
[2016.04.11-20.32.12:887][  0]LogAIModule: Creating AISystem for world Menu
[2016.04.11-20.32.12:891][  0]LogEditorServer: Finished looking for orphan Actors (0.000 secs)
[2016.04.11-20.32.12:893][  0]Cmd: MAP CHECKDEP NOCLEARLOG
[2016.04.11-20.32.12:987][  0]MapCheck: Info Map check complete: 0 Error(s), 0 Warning(s), took 94.07ms to complete.
[2016.04.11-20.32.12:988][  0]LogFileHelpers: Loading map 'Menu' took 3.198
[2016.04.11-20.32.13:153][  0]LogCollectionManager: Loaded 0 collections in 0.002535 seconds
[2016.04.11-20.32.13:205][  0]LogFileCache: Scanning file cache for directory 'C:/Users/MrrBond/Documents/GitHub/HotelBete/Saved/Collections/' took 0.01s
[2016.04.11-20.32.13:205][  0]LogFileCache: Scanning file cache for directory 'C:/Users/MrrBond/Documents/GitHub/HotelBete/Content/Developers/MrrBond/Collections/' took 0.01s
[2016.04.11-20.32.13:205][  0]LogFileCache: Scanning file cache for directory 'C:/Users/MrrBond/Documents/GitHub/HotelBete/Content/Collections/' took 0.01s
[2016.04.11-20.32.13:205][  0]LogCollectionManager: Rebuilt the GUID cache for 0 collections in 0.000004 seconds
[2016.04.11-20.32.13:213][  0]LogContentBrowser: Native class hierarchy populated in 0.0071 seconds. Added 1908 classes and 344 folders.
[2016.04.11-20.32.13:223][  0]LogContentBrowser: Native class hierarchy updated for 'WidgetCarousel' in 0.0003 seconds. Added 0 classes and 0 folders.
[2016.04.11-20.32.13:463][  0]LogContentBrowser: Native class hierarchy updated for 'AddContentDialog' in 0.0004 seconds. Added 0 classes and 0 folders.
[2016.04.11-20.32.13:472][  0]LogContentBrowser: Native class hierarchy updated for 'SceneOutliner' in 0.0005 seconds. Added 1 classes and 2 folders.
[2016.04.11-20.32.13:518][  0]LogCrashTracker: Crashtracker disabled due to settings.
[2016.04.11-20.32.13:528][  0]LogUObjectGlobals:Warning: Failed to find object 'Class None.'
[2016.04.11-20.32.13:555][  0]LogLoad: Full Startup: 14.86 seconds (BP compile: 0.67 seconds)
[2016.04.11-20.32.13:901][  0]LogOcInput: Can't find Oculus library dev build: is proper Runtime installed? Version: 0.8.0.0
[2016.04.11-20.32.13:994][  0]LogContentStreaming: Texture pool size now 1000 MB
[2016.04.11-20.32.14:114][  0]LogRenderer: Reallocating scene render targets to support 1208x572 (Frame:2).
[2016.04.11-20.32.15:878][ 14]LogAssetRegistry: Asset discovery search completed in 8.1985 seconds
[2016.04.11-20.32.15:881][ 14]LogCollectionManager: Rebuilt the object cache for 0 collections in 0.000001 seconds (found 0 objects)
[2016.04.11-20.32.15:881][ 14]LogCollectionManager: Fixed up redirectors for 0 collections in 0.000236 seconds (updated 0 objects)
[2016.04.11-20.32.34:899][540]LogLinker:Warning: Can't find file '/Game/StarterContent/Textures/skydome_hdri___brooding_clouds_by_ardak-d5zjabh'
[2016.04.11-20.32.34:899][540]LogLinker:Warning: Can't find file for asset '/Game/StarterContent/Textures/skydome_hdri___brooding_clouds_by_ardak-d5zjabh' while loading ../../../Engine/Content/EngineSky/M_Sky_Panning_Clouds2.uasset.
[2016.04.11-20.32.34:899][540]LoadErrors:Error: Error /Engine/EngineSky/M_Sky_Panning_Clouds2 : Can't find file for asset. /Game/StarterContent/Textures/skydome_hdri___brooding_clouds_by_ardak-d5zjabh
[2016.04.11-20.32.34:899][540]LogLinker:Warning: Can't find file '/Game/StarterContent/Textures/skydome_hdri___brooding_clouds_by_ardak-d5zjabh'
[2016.04.11-20.32.34:899][540]LogLinker:Warning: Can't find file for asset '/Game/StarterContent/Textures/skydome_hdri___brooding_clouds_by_ardak-d5zjabh' while loading ../../../Engine/Content/EngineSky/M_Sky_Panning_Clouds2.uasset.
[2016.04.11-20.32.35:286][540]LogLinker:Warning: Can't find file '/Game/StarterContent/Textures/skydome_hdri___brooding_clouds_by_ardak-d5zjabh'
[2016.04.11-20.32.35:286][540]LoadErrors: Info Failed to load /Game/StarterContent/Textures/skydome_hdri___brooding_clouds_by_ardak-d5zjabh.skydome_hdri___brooding_clouds_by_ardak-d5zjabh Referenced by MaterialExpressionTextureSample_0
[2016.04.11-20.32.35:286][540]LogLinker:Warning: Can't find file for asset '/Game/StarterContent/Textures/skydome_hdri___brooding_clouds_by_ardak-d5zjabh' while loading NULL.
[2016.04.11-20.32.35:389][540]LogMaterial: Missing cached shader map for material M_Sky_Panning_Clouds2, compiling. 
[2016.04.11-20.32.35:391][540]LogMaterial:Warning: Failed to compile Material /Engine/EngineSky/M_Sky_Panning_Clouds2.M_Sky_Panning_Clouds2 for platform PCD3D_SM5, Default Material will be used in game.
[2016.04.11-20.32.35:391][540]LogMaterial:Warning: 	(Node TextureSample) TextureSample> Missing input texture
[2016.04.11-20.32.35:430][540]LogMaterial: Missing cached shader map for material Toilet2, compiling. 
[2016.04.11-20.32.35:977][540]LogTexture:Display: Building textures: 2ndFloorStairs_Normal_DirectX (BC5)
[2016.04.11-20.32.36:133][540]LogTexture:Display: Building textures: 2ndFloorStairs_Base_Color (AutoDXT)
[2016.04.11-20.32.36:556][540]LogMaterial: Missing cached shader map for material 2ndFloorStairs, compiling. 
[2016.04.11-20.32.36:868][540]LogTexture:Display: Building textures: pasted__Doors_Roughness (AutoDXT)
[2016.04.11-20.32.37:456][540]LogTexture:Display: Building textures: pasted__Doors_Normal_DirectX (BC5)
[2016.04.11-20.32.37:591][540]LogTexture:Display: Building textures: pasted__Doors_Metallic (AutoDXT)
[2016.04.11-20.32.37:750][540]LogTexture:Display: Building textures: pasted__Doors_Base_Color (AutoDXT)
[2016.04.11-20.32.38:576][540]LogTexture:Display: Building textures: Door_long_pasted__Doors_AmbientOcclusion (AutoDXT)
[2016.04.11-20.32.38:774][540]LogMaterial: Missing cached shader map for material Door_long2, compiling. 
[2016.04.11-20.32.38:779][540]LogStaticMesh: Building static mesh Door_long...
[2016.04.11-20.32.38:802][540]LogStaticMesh: Built static mesh [0.022905.2s] /Game/Hotel/Art/Models/Door/Door_long.Door_long
[2016.04.11-20.32.38:942][540]LogTexture:Display: Building textures: BasementStairs_Normal_DirectX (BC5)
[2016.04.11-20.32.39:096][540]LogTexture:Display: Building textures: BasementStairs_Base_Color (AutoDXT)
[2016.04.11-20.32.39:765][540]LogMaterial: Missing cached shader map for material BasementStairs, compiling. 
[2016.04.11-20.32.39:858][540]LogTexture:Display: Building textures: BasementColumns_Normal_DirectX (BC5)
[2016.04.11-20.32.40:034][540]LogTexture:Display: Building textures: BasementColumns_Base_Color (AutoDXT)
[2016.04.11-20.32.40:755][540]LogMaterial: Missing cached shader map for material BasementColumns, compiling. 
[2016.04.11-20.32.40:982][540]LogTexture:Display: Building textures: Basement_Roughness (AutoDXT)
[2016.04.11-20.32.50:145][540]LogTexture:Display: Building textures: Basement_Normal_DirectX (BC5)
[2016.04.11-20.32.52:832][540]LogTexture:Display: Building textures: Basement_Base_Color (AutoDXT)
[2016.04.11-20.33.06:899][540]LogMaterial: Missing cached shader map for material Basement, compiling. 
[2016.04.11-20.33.06:981][540]LogMaterial: Missing cached shader map for material Railing, compiling. 
[2016.04.11-20.33.06:989][540]LogMaterial: Missing cached shader map for material Frames, compiling. 
[2016.04.11-20.33.07:218][540]LogTexture:Display: Building textures: AtticStairs_Normal_DirectX (BC5)
[2016.04.11-20.33.07:399][540]LogTexture:Display: Building textures: AtticStairs_Base_Color (AutoDXT)
[2016.04.11-20.33.08:286][540]LogMaterial: Missing cached shader map for material AtticRailing, compiling. 
[2016.04.11-20.33.08:304][540]LogMaterial: Missing cached shader map for material AtticStairs, compiling. 
[2016.04.11-20.33.08:413][540]LogAIModule: Creating AISystem for world World
[2016.04.11-20.33.08:416][540]LogParticles:Warning: InitializeSystem called on an unregistered component. Template=/Game/StarterContent/Particles/Breath.Breath Component=/Game/Hotel/Levels/World.World:PersistentLevel.Breath.ParticleSystemComponent0
[2016.04.11-20.33.08:419][540]LogParticles:Warning: InitializeSystem called on an unregistered component. Template=/Game/StarterContent/Particles/ItemMarker.ItemMarker Component=/Game/Hotel/Levels/World.World:PersistentLevel.ItemMarker.ParticleSystemComponent0
[2016.04.11-20.33.08:419][540]LogParticles:Warning: InitializeSystem called on an unregistered component. Template=/Game/StarterContent/Particles/Dust.Dust Component=/Game/Hotel/Levels/World.World:PersistentLevel.Dust_2.ParticleSystemComponent0
[2016.04.11-20.33.08:421][540]LogParticles:Warning: InitializeSystem called on an unregistered component. Template=/Game/StarterContent/Particles/Dust.Dust Component=/Game/Hotel/Levels/World.World:PersistentLevel.Dust2.ParticleSystemComponent0
[2016.04.11-20.33.08:421][540]LogParticles:Warning: InitializeSystem called on an unregistered component. Template=/Game/StarterContent/Particles/Dust.Dust Component=/Game/Hotel/Levels/World.World:PersistentLevel.Dust3.ParticleSystemComponent0
[2016.04.11-20.33.08:604][540]Cmd: MAP LOAD FILE="../../../../../../Users/MrrBond/Documents/GitHub/HotelBete/Content/Hotel/Levels/World.umap" TEMPLATE=0 SHOWPROGRESS=1 FEATURELEVEL=3
[2016.04.11-20.33.08:604][540]LightingResults: New page: Lighting Build
[2016.04.11-20.33.08:629][540]LoadErrors: New page: Loading map: World.umap
[2016.04.11-20.33.08:630][540]MapCheck: New page: Map Check
[2016.04.11-20.33.08:630][540]LightingResults: New page: Lighting Build
[2016.04.11-20.33.08:654][540]LogParticles: Destroying 0 GPU particle simulations for FXSystem 0x000001E563DEA660
[2016.04.11-20.33.08:725][540]LogEditorServer: Finished looking for orphan Actors (0.000 secs)
[2016.04.11-20.33.08:791][540]Cmd: MAP CHECKDEP NOCLEARLOG
[2016.04.11-20.33.08:978][540]MapCheck: Info Map check complete: 0 Error(s), 0 Warning(s), took 186.41ms to complete.
[2016.04.11-20.33.08:979][540]LogFileHelpers: Loading map 'World' took 0.375
[2016.04.11-20.33.08:994][540]LoadErrors:Error: Error /Game/FirstPersonBP/Blueprints/Enemy : Failed import for Enemy_C /Game/Hotel/Blueprints/Enemies/Enemy.Default__Enemy_C [redirection] in /Game/FirstPersonBP/Blueprints/Enemy
[2016.04.11-20.33.19:333][555]LogEditorViewport: Clicking on Actor (LMB): PointLight (PointLight3)
[2016.04.11-20.33.25:120][201]Cmd: TRANSACTION UNDO
[2016.04.11-20.33.25:120][201]LogEditorTransaction: Undo Edit Intensity
[2016.04.11-20.33.27:109][416]LogEditorViewport: Clicking on Actor (LMB): PointLight (PointLight3)
[2016.04.11-20.33.27:564][467]LogEditorViewport: Clicking on Actor (LMB): PointLight (PointLight3)
[2016.04.11-20.33.28:379][561]LogEditorViewport: Clicking on Actor (LMB): PointLight (PointLight3)
[2016.04.11-20.33.31:365][890]Cmd: TRANSACTION UNDO
[2016.04.11-20.33.31:365][890]LogEditorTransaction: Undo Edit Intensity
[2016.04.11-20.33.39:874][863]Cmd: TRANSACTION UNDO
[2016.04.11-20.33.39:874][863]LogEditorTransaction: Undo Edit Intensity
[2016.04.11-20.33.41:796][ 47]Cmd: TRANSACTION UNDO
[2016.04.11-20.33.41:796][ 47]LogEditorTransaction: Undo Edit Attenuation Radius
[2016.04.11-20.33.46:971][647]Cmd: TRANSACTION UNDO
[2016.04.11-20.33.46:971][647]LogEditorTransaction: Undo Edit Intensity
[2016.04.11-20.33.52:858][316]Cmd: TRANSACTION UNDO
[2016.04.11-20.33.52:858][316]LogEditorTransaction: Undo Edit Intensity
[2016.04.11-20.33.55:574][608]Cmd: TRANSACTION UNDO
[2016.04.11-20.33.55:574][608]LogEditorTransaction: Undo Edit Intensity
[2016.04.11-20.33.58:289][928]Cmd: TRANSACTION UNDO
[2016.04.11-20.33.58:289][928]LogEditorTransaction: Undo Edit Intensity
[2016.04.11-20.34.17:404][204]LogEditorViewport: Clicking on Actor (LMB): PointLight (PointLight3)
[2016.04.11-20.34.42:183][903]LogEditorViewport: Clicking on Actor (LMB): PointLight (PointLight3)
[2016.04.11-20.34.43:813][ 95]LogEditorViewport: Clicking on Actor (LMB): PointLight (PointLight3)
[2016.04.11-20.34.44:534][178]Cmd: DELETE
[2016.04.11-20.34.44:534][178]Cmd: ACTOR DELETE
[2016.04.11-20.34.44:540][178]LogEditorActor: Deleted Actor: PointLight
[2016.04.11-20.34.44:559][178]LogEditorActor: Deleted 1 Actors (0.020 secs)
[2016.04.11-20.34.46:431][393]Cmd: TRANSACTION UNDO
[2016.04.11-20.34.46:431][393]LogEditorTransaction: Undo Delete Actors
[2016.04.11-20.34.56:156][420]LogEditorViewport: Clicking on Actor (LMB): PointLight (PointLight3)
[2016.04.11-20.34.56:673][478]LogEditorViewport: Clicking on Actor (LMB): PointLight (PointLight3)
[2016.04.11-20.34.57:700][598]Cmd: TRANSACTION UNDO
[2016.04.11-20.34.57:700][598]LogEditorTransaction: Undo Clicking on Actors
[2016.04.11-20.39.27:470][183]Cmd: OBJ SAVEPACKAGE PACKAGE="/Game/Hotel/Levels/World" FILE="../../../../../../Users/MrrBond/Documents/GitHub/HotelBete/Content/Hotel/Levels/World.umap" SILENT=true AUTOSAVING=false KEEPDIRTY=false
[2016.04.11-20.39.28:681][183]LogSavePackage: Save=1168.535889ms
[2016.04.11-20.39.28:681][183]LogSavePackage: Moving '../../../../../../Users/MrrBond/Documents/GitHub/HotelBete/Saved/WorldC195874348901F504B6D9AAA2400571E.tmp' to '../../../../../../Users/MrrBond/Documents/GitHub/HotelBete/Content/Hotel/Levels/World.umap'
[2016.04.11-20.39.28:688][183]LogSavePackage: Total save time: 1194.586635ms
[2016.04.11-20.39.28:688][183]LogSavePackage:Display: Finished SavePackage ../../../../../../Users/MrrBond/Documents/GitHub/HotelBete/Content/Hotel/Levels/World.umap
[2016.04.11-20.39.28:726][183]LogFileHelpers: Saving map 'World' took 1.381
[2016.04.11-20.39.29:648][253]Cmd: QUIT_EDITOR
[2016.04.11-20.39.29:721][253]LogWindowsTextInputMethodSystem:Display: IME system now deactivated.
[2016.04.11-20.39.29:772][253]LogExit: Preparing to exit.
[2016.04.11-20.39.31:016][253]LogExit: Editor shut down
[2016.04.11-20.39.31:016][253]LogExit: Transaction tracking system shut down
[2016.04.11-20.39.31:038][253]LogParticles: Destroying 0 GPU particle simulations for FXSystem 0x000001E572F53880
[2016.04.11-20.39.31:038][253]LogParticles: Destroying 0 GPU particle simulations for FXSystem 0x000001E559E3DEE0
[2016.04.11-20.39.31:044][253]LogParticles: Destroying 0 GPU particle simulations for FXSystem 0x000001E55EBD07C0
[2016.04.11-20.39.31:044][253]LogParticles: Destroying 0 GPU particle simulations for FXSystem 0x000001E572996AC0
[2016.04.11-20.39.31:248][253]LogExit: Object subsystem successfully closed.
[2016.04.11-20.39.31:277][253]LogD3D11RHI: Shutdown
[2016.04.11-20.39.31:277][253]LogD3D11RHI: CleanupD3DDevice
[2016.04.11-20.39.31:354][253]LogD3D11RHI: ~FD3D11DynamicRHI
[2016.04.11-20.39.31:378][253]LogModuleManager: Shutting down and abandoning module CookingStats (201)
[2016.04.11-20.39.31:378][253]LogModuleManager: Shutting down and abandoning module CrashTracker (200)
[2016.04.11-20.39.31:378][253]LogModuleManager: Shutting down and abandoning module SceneOutliner (199)
[2016.04.11-20.39.31:378][253]LogModuleManager: Shutting down and abandoning module SuperSearch (198)
[2016.04.11-20.39.31:378][253]LogModuleManager: Shutting down and abandoning module WidgetCarousel (197)
[2016.04.11-20.39.31:378][253]LogModuleManager: Shutting down and abandoning module AddContentDialog (196)
[2016.04.11-20.39.31:379][253]LogModuleManager: Shutting down and abandoning module EditorWidgets (195)
[2016.04.11-20.39.31:379][253]LogModuleManager: Shutting down and abandoning module CollectionManager (194)
[2016.04.11-20.39.31:380][253]LogModuleManager: Shutting down and abandoning module StatsViewer (193)
[2016.04.11-20.39.31:380][253]LogModuleManager: Shutting down and abandoning module FoliageEdit (192)
[2016.04.11-20.39.31:380][253]LogModuleManager: Shutting down and abandoning module LandscapeEditor (191)
[2016.04.11-20.39.31:380][253]LogModuleManager: Shutting down and abandoning module ActorPickerMode (190)
[2016.04.11-20.39.31:380][253]LogModuleManager: Shutting down and abandoning module GeometryMode (189)
[2016.04.11-20.39.31:380][253]LogModuleManager: Shutting down and abandoning module TextureAlignMode (188)
[2016.04.11-20.39.31:380][253]LogModuleManager: Shutting down and abandoning module BspMode (187)
[2016.04.11-20.39.31:380][253]LogModuleManager: Shutting down and abandoning module PlacementMode (186)
[2016.04.11-20.39.31:380][253]LogModuleManager: Shutting down and abandoning module AutomationWorker (185)
[2016.04.11-20.39.31:380][253]LogModuleManager: Shutting down and abandoning module CharacterAI (184)
[2016.04.11-20.39.31:380][253]LogModuleManager: Shutting down and abandoning module SmartSnapping (183)
[2016.04.11-20.39.31:380][253]LogModuleManager: Shutting down and abandoning module ViewportSnapping (182)
[2016.04.11-20.39.31:380][253]LogModuleManager: Shutting down and abandoning module LogVisualizer (181)
[2016.04.11-20.39.31:380][253]LogModuleManager: Shutting down and abandoning module GameProjectGeneration (180)
[2016.04.11-20.39.31:381][253]LogModuleManager: Shutting down and abandoning module IntroTutorials (179)
[2016.04.11-20.39.31:381][253]LogModuleManager: Shutting down and abandoning module EditorLiveStreaming (178)
[2016.04.11-20.39.31:381][253]LogModuleManager: Shutting down and abandoning module IOSPlatformEditor (177)
[2016.04.11-20.39.31:381][253]LogModuleManager: Shutting down and abandoning module HTML5PlatformEditor (176)
[2016.04.11-20.39.31:381][253]LogModuleManager: Shutting down and abandoning module AndroidDeviceDetection (175)
[2016.04.11-20.39.31:586][253]LogModuleManager: Shutting down and abandoning module AndroidPlatformEditor (174)
[2016.04.11-20.39.31:586][253]LogModuleManager: Shutting down and abandoning module IOSRuntimeSettings (173)
[2016.04.11-20.39.31:587][253]LogModuleManager: Shutting down and abandoning module AndroidRuntimeSettings (172)
[2016.04.11-20.39.31:587][253]LogModuleManager: Shutting down and abandoning module MergeActors (171)
[2016.04.11-20.39.31:587][253]LogModuleManager: Shutting down and abandoning module SizeMap (170)
[2016.04.11-20.39.31:587][253]LogModuleManager: Shutting down and abandoning module TreeMap (169)
[2016.04.11-20.39.31:587][253]LogModuleManager: Shutting down and abandoning module ReferenceViewer (168)
[2016.04.11-20.39.31:587][253]LogModuleManager: Shutting down and abandoning module LocalizationService (167)
[2016.04.11-20.39.31:587][253]LogModuleManager: Shutting down and abandoning module LocalizationDashboard (166)
[2016.04.11-20.39.31:587][253]LogModuleManager: Shutting down and abandoning module HardwareTargeting (165)
[2016.04.11-20.39.31:587][253]LogModuleManager: Shutting down and abandoning module DeviceProfileEditor (164)
[2016.04.11-20.39.31:587][253]LogModuleManager: Shutting down and abandoning module UndoHistory (163)
[2016.04.11-20.39.31:587][253]LogModuleManager: Shutting down and abandoning module GameplayTagsEditor (162)
[2016.04.11-20.39.31:587][253]LogModuleManager: Shutting down and abandoning module UserFeedback (161)
[2016.04.11-20.39.31:587][253]LogModuleManager: Shutting down and abandoning module XmlParser (160)
[2016.04.11-20.39.31:587][253]LogModuleManager: Shutting down and abandoning module Blutility (159)
[2016.04.11-20.39.31:587][253]LogModuleManager: Shutting down and abandoning module ProjectTargetPlatformEditor (158)
[2016.04.11-20.39.31:587][253]LogModuleManager: Shutting down and abandoning module ProjectSettingsViewer (157)
[2016.04.11-20.39.31:587][253]LogModuleManager: Shutting down and abandoning module InputBindingEditor (156)
[2016.04.11-20.39.31:587][253]LogModuleManager: Shutting down and abandoning module EditorSettingsViewer (155)
[2016.04.11-20.39.31:587][253]LogModuleManager: Shutting down and abandoning module SettingsEditor (154)
[2016.04.11-20.39.31:587][253]LogModuleManager: Shutting down and abandoning module ProjectLauncher (153)
[2016.04.11-20.39.31:588][253]LogModuleManager: Shutting down and abandoning module SessionFrontend (152)
[2016.04.11-20.39.31:588][253]LogModuleManager: Shutting down and abandoning module ProfilerClient (151)
[2016.04.11-20.39.31:589][253]LogModuleManager: Shutting down and abandoning module TargetDeviceServices (150)
[2016.04.11-20.39.31:589][253]LogModuleManager: Shutting down and abandoning module DeviceManager (149)
[2016.04.11-20.39.31:589][253]LogModuleManager: Shutting down and abandoning module AutomationController (148)
[2016.04.11-20.39.31:589][253]LogModuleManager: Shutting down and abandoning module AutomationWindow (147)
[2016.04.11-20.39.31:590][253]LogModuleManager: Shutting down and abandoning module Layers (146)
[2016.04.11-20.39.31:591][253]LogModuleManager: Shutting down and abandoning module ComponentVisualizers (145)
[2016.04.11-20.39.31:591][253]LogModuleManager: Shutting down and abandoning module DetailCustomizations (144)
[2016.04.11-20.39.31:591][253]LogModuleManager: Shutting down and abandoning module PackagesDialog (143)
[2016.04.11-20.39.31:591][253]LogModuleManager: Shutting down and abandoning module Persona (142)
[2016.04.11-20.39.31:592][253]LogModuleManager: Shutting down and abandoning module Kismet (141)
[2016.04.11-20.39.31:592][253]LogModuleManager: Shutting down and abandoning module GraphEditor (140)
[2016.04.11-20.39.31:593][253]LogModuleManager: Shutting down and abandoning module ClassViewer (139)
[2016.04.11-20.39.31:593][253]LogModuleManager: Shutting down and abandoning module Toolbox (138)
[2016.04.11-20.39.31:593][253]LogModuleManager: Shutting down and abandoning module ModuleUI (137)
[2016.04.11-20.39.31:593][253]LogModuleManager: Shutting down and abandoning module MovieSceneTools (136)
[2016.04.11-20.39.31:594][253]LogModuleManager: Shutting down and abandoning module OutputLog (135)
[2016.04.11-20.39.31:594][253]LogModuleManager: Shutting down and abandoning module GammaUI (134)
[2016.04.11-20.39.31:595][253]LogModuleManager: Shutting down and abandoning module Documentation (133)
[2016.04.11-20.39.31:595][253]LogModuleManager: Shutting down and abandoning module GameLiveStreaming (132)
[2016.04.11-20.39.31:595][253]LogModuleManager: Shutting down and abandoning module StreamingPauseRendering (131)
[2016.04.11-20.39.31:595][253]LogModuleManager: Shutting down and abandoning module AnalyticsET (130)
[2016.04.11-20.39.31:595][253]LogModuleManager: Shutting down and abandoning module Analytics (129)
[2016.04.11-20.39.31:595][253]LogModuleManager: Shutting down and abandoning module AITestSuite (128)
[2016.04.11-20.39.31:595][253]LogModuleManager: Shutting down and abandoning module GameplayDebugger (127)
[2016.04.11-20.39.31:595][253]LogModuleManager: Shutting down and abandoning module AIModule (126)
[2016.04.11-20.39.31:595][253]LogModuleManager: Shutting down and abandoning module ProfilerService (125)
[2016.04.11-20.39.31:796][253]LogModuleManager: Shutting down and abandoning module TaskGraph (124)
[2016.04.11-20.39.31:808][253]LogModuleManager: Shutting down and abandoning module SubstanceEditor (123)
[2016.04.11-20.39.31:819][253]LogModuleManager: Shutting down and abandoning module SlateRemote (122)
[2016.04.11-20.39.31:819][253]LogModuleManager: Shutting down and abandoning module SteamVRController (121)
[2016.04.11-20.39.31:819][253]LogModuleManager: Shutting down and abandoning module SteamVR (120)
[2016.04.11-20.39.31:819][253]LogModuleManager: Shutting down and abandoning module ProceduralMeshComponent (119)
[2016.04.11-20.39.31:819][253]LogModuleManager: Shutting down and abandoning module OculusLibrary (118)
[2016.04.11-20.39.31:819][253]LogModuleManager: Shutting down and abandoning module OculusInput (117)
[2016.04.11-20.39.31:819][253]LogModuleManager: Shutting down and abandoning module LeapMotionController (116)
[2016.04.11-20.39.31:830][253]LogModuleManager: Shutting down and abandoning module CustomMeshComponent (115)
[2016.04.11-20.39.31:830][253]LogModuleManager: Shutting down and abandoning module CableComponent (114)
[2016.04.11-20.39.31:830][253]LogModuleManager: Shutting down and abandoning module ArchVisCharacter (113)
[2016.04.11-20.39.31:830][253]LogModuleManager: Shutting down and abandoning module MessagingDebugger (112)
[2016.04.11-20.39.31:830][253]LogModuleManager: Shutting down and abandoning module MediaPlayerEditor (111)
[2016.04.11-20.39.31:831][253]LogModuleManager: Shutting down and abandoning module HTML5Networking (110)
[2016.04.11-20.39.31:831][253]LogModuleManager: Shutting down and abandoning module SpeedTreeImporter (109)
[2016.04.11-20.39.31:831][253]LogModuleManager: Shutting down and abandoning module PluginBrowser (108)
[2016.04.11-20.39.31:831][253]LogModuleManager: Shutting down and abandoning module EpicSurvey (107)
[2016.04.11-20.39.31:831][253]LogModuleManager: Shutting down and abandoning module DesktopPlatform (106)
[2016.04.11-20.39.31:831][253]LogModuleManager: Shutting down and abandoning module VisualStudioSourceCodeAccess (105)
[2016.04.11-20.39.31:831][253]LogModuleManager: Shutting down and abandoning module UObjectPlugin (104)
[2016.04.11-20.39.31:831][253]LogModuleManager: Shutting down and abandoning module SubversionSourceControl (103)
[2016.04.11-20.39.31:831][253]LogModuleManager: Shutting down and abandoning module PerforceSourceControl (102)
[2016.04.11-20.39.31:831][253]LogModuleManager: Shutting down and abandoning module SourceControl (101)
[2016.04.11-20.39.31:832][253]LogModuleManager: Shutting down and abandoning module GitSourceControl (100)
[2016.04.11-20.39.31:832][253]LogModuleManager: Shutting down and abandoning module LightPropagationVolumeEditor (99)
[2016.04.11-20.39.31:832][253]LogModuleManager: Shutting down and abandoning module PaperTiledImporter (98)
[2016.04.11-20.39.31:832][253]LogModuleManager: Shutting down and abandoning module PaperSpriteSheetImporter (97)
[2016.04.11-20.39.31:832][253]LogModuleManager: Shutting down and abandoning module MeshPaint (96)
[2016.04.11-20.39.31:832][253]LogModuleManager: Shutting down and abandoning module SlateReflector (95)
[2016.04.11-20.39.31:832][253]LogModuleManager: Shutting down and abandoning module HotReload (94)
[2016.04.11-20.39.31:832][253]LogModuleManager: Shutting down and abandoning module MainFrame (93)
[2016.04.11-20.39.31:832][253]LogModuleManager: Shutting down and abandoning module LevelEditor (92)
[2016.04.11-20.39.31:833][253]LogModuleManager: Shutting down and abandoning module ContentBrowser (91)
[2016.04.11-20.39.31:834][253]LogModuleManager: Shutting down and abandoning module Paper2DEditor (90)
[2016.04.11-20.39.31:834][253]LogModuleManager: Shutting down and abandoning module UdpMessaging (89)
[2016.04.11-20.39.31:934][253]LogModuleManager: Shutting down and abandoning module DirectoryWatcher (88)
[2016.04.11-20.39.31:935][253]LogModuleManager: Shutting down and abandoning module AssetRegistry (87)
[2016.04.11-20.39.31:994][253]LogModuleManager: Shutting down and abandoning module SubstanceCore (86)
[2016.04.11-20.39.31:994][253]LogModuleManager: Shutting down and abandoning module LightPropagationVolumeRuntime (85)
[2016.04.11-20.39.31:994][253]LogModuleManager: Shutting down and abandoning module Paper2D (84)
[2016.04.11-20.39.31:994][253]LogModuleManager: Shutting down and abandoning module WindowsMoviePlayer (83)
[2016.04.11-20.39.31:998][253]LogModuleManager: Shutting down and abandoning module Media (82)
[2016.04.11-20.39.31:998][253]LogModuleManager: Shutting down and abandoning module WmfMedia (81)
[2016.04.11-20.39.31:998][253]LogModuleManager: Shutting down and abandoning module OnlineBlueprintSupport (80)
[2016.04.11-20.39.31:998][253]LogModuleManager: Shutting down and abandoning module GameplayTasksEditor (79)
[2016.04.11-20.39.31:998][253]LogModuleManager: Shutting down and abandoning module PropertyEditor (78)
[2016.04.11-20.39.31:999][253]LogModuleManager: Shutting down and abandoning module BehaviorTreeEditor (77)
[2016.04.11-20.39.31:999][253]LogModuleManager: Shutting down and abandoning module FunctionalTesting (76)
[2016.04.11-20.39.31:999][253]LogModuleManager: Shutting down and abandoning module CollisionAnalyzer (75)
[2016.04.11-20.39.31:999][253]LogModuleManager: Shutting down and abandoning module WorkspaceMenuStructure (74)
[2016.04.11-20.39.31:999][253]LogModuleManager: Shutting down and abandoning module MessageLog (73)
[2016.04.11-20.39.31:999][253]LogModuleManager: Shutting down and abandoning module Sequencer (72)
[2016.04.11-20.39.32:000][253]LogModuleManager: Shutting down and abandoning module AssetTools (71)
[2016.04.11-20.39.32:001][253]LogModuleManager: Shutting down and abandoning module UMGEditor (70)
[2016.04.11-20.39.32:001][253]LogModuleManager: Shutting down and abandoning module UMG (69)
[2016.04.11-20.39.32:002][253]LogModuleManager: Shutting down and abandoning module Slate (68)
[2016.04.11-20.39.32:002][253]LogModuleManager: Shutting down and abandoning module EditorStyle (67)
[2016.04.11-20.39.32:004][253]LogModuleManager: Shutting down and abandoning module SessionServices (66)
[2016.04.11-20.39.32:004][253]LogModuleManager: Shutting down and abandoning module SourceCodeAccess (65)
[2016.04.11-20.39.32:004][253]LogModuleManager: Shutting down and abandoning module HeadMountedDisplay (64)
[2016.04.11-20.39.32:004][253]LogModuleManager: Shutting down and abandoning module XAudio2 (63)
[2016.04.11-20.39.32:004][253]LogModuleManager: Shutting down and abandoning module Networking (61)
[2016.04.11-20.39.32:004][253]LogModuleManager: Shutting down and abandoning module Core (60)
[2016.04.11-20.39.32:004][253]LogModuleManager: Shutting down and abandoning module KismetCompiler (59)
[2016.04.11-20.39.32:004][253]LogModuleManager: Shutting down and abandoning module PhysXFormats (58)
[2016.04.11-20.39.32:004][253]LogModuleManager: Shutting down and abandoning module MeshUtilities (57)
[2016.04.11-20.39.32:004][253]LogModuleManager: Shutting down and abandoning module DerivedDataCache (56)
[2016.04.11-20.39.32:097][253]LogDerivedDataCache: Shutdown
[2016.04.11-20.39.32:097][253]LogModuleManager: Shutting down and abandoning module ShaderFormatOpenGL (55)
[2016.04.11-20.39.32:098][253]LogModuleManager: Shutting down and abandoning module ShaderFormatD3D (54)
[2016.04.11-20.39.32:098][253]LogModuleManager: Shutting down and abandoning module MetalShaderFormat (53)
[2016.04.11-20.39.32:098][253]LogModuleManager: Shutting down and abandoning module TextureFormatUncompressed (52)
[2016.04.11-20.39.32:098][253]LogModuleManager: Shutting down and abandoning module TextureFormatPVR (51)
[2016.04.11-20.39.32:098][253]LogModuleManager: Shutting down and abandoning module TextureFormatIntelISPCTexComp (50)
[2016.04.11-20.39.32:099][253]LogModuleManager: Shutting down and abandoning module TextureFormatDXT (49)
[2016.04.11-20.39.32:099][253]LogModuleManager: Shutting down and abandoning module ImageWrapper (48)
[2016.04.11-20.39.32:099][253]LogModuleManager: Shutting down and abandoning module TextureFormatASTC (47)
[2016.04.11-20.39.32:099][253]LogModuleManager: Shutting down and abandoning module TextureFormatAndroid (46)
[2016.04.11-20.39.32:099][253]LogModuleManager: Shutting down and abandoning module AudioFormatOpus (45)
[2016.04.11-20.39.32:099][253]LogModuleManager: Shutting down and abandoning module AudioFormatOgg (44)
[2016.04.11-20.39.32:099][253]LogModuleManager: Shutting down and abandoning module AudioFormatADPCM (43)
[2016.04.11-20.39.32:099][253]LogModuleManager: Shutting down and abandoning module LinuxTargetPlatform (42)
[2016.04.11-20.39.32:099][253]LogModuleManager: Shutting down and abandoning module LinuxServerTargetPlatform (41)
[2016.04.11-20.39.32:099][253]LogModuleManager: Shutting down and abandoning module LinuxNoEditorTargetPlatform (40)
[2016.04.11-20.39.32:099][253]LogModuleManager: Shutting down and abandoning module Messaging (39)
[2016.04.11-20.39.32:099][253]LogModuleManager: Shutting down and abandoning module IOSTargetPlatform (38)
[2016.04.11-20.39.32:099][253]LogModuleManager: Shutting down and abandoning module HTML5TargetPlatform (37)
[2016.04.11-20.39.32:099][253]LogModuleManager: Shutting down and abandoning module Android_PVRTCTargetPlatform (36)
[2016.04.11-20.39.32:099][253]LogModuleManager: Shutting down and abandoning module Android_MultiTargetPlatform (35)
[2016.04.11-20.39.32:099][253]LogModuleManager: Shutting down and abandoning module Android_ETC2TargetPlatform (34)
[2016.04.11-20.39.32:099][253]LogModuleManager: Shutting down and abandoning module Android_ETC1TargetPlatform (33)
[2016.04.11-20.39.32:099][253]LogModuleManager: Shutting down and abandoning module Android_DXTTargetPlatform (32)
[2016.04.11-20.39.32:099][253]LogModuleManager: Shutting down and abandoning module Android_ATCTargetPlatform (31)
[2016.04.11-20.39.32:099][253]LogModuleManager: Shutting down and abandoning module Android_ASTCTargetPlatform (30)
[2016.04.11-20.39.32:099][253]LogModuleManager: Shutting down and abandoning module AndroidTargetPlatform (29)
[2016.04.11-20.39.32:099][253]LogModuleManager: Shutting down and abandoning module WindowsTargetPlatform (28)
[2016.04.11-20.39.32:099][253]LogModuleManager: Shutting down and abandoning module WindowsServerTargetPlatform (27)
[2016.04.11-20.39.32:099][253]LogModuleManager: Shutting down and abandoning module WindowsNoEditorTargetPlatform (26)
[2016.04.11-20.39.32:099][253]LogModuleManager: Shutting down and abandoning module WindowsClientTargetPlatform (25)
[2016.04.11-20.39.32:099][253]LogModuleManager: Shutting down and abandoning module AllDesktopTargetPlatform (24)
[2016.04.11-20.39.32:099][253]LogModuleManager: Shutting down and abandoning module TargetPlatform (23)
[2016.04.11-20.39.32:099][253]LogModuleManager: Shutting down and abandoning module InputCore (22)
[2016.04.11-20.39.32:099][253]LogModuleManager: Shutting down and abandoning module Settings (21)
[2016.04.11-20.39.32:099][253]LogModuleManager: Shutting down and abandoning module OnlineSubsystem (19)
[2016.04.11-20.39.32:099][253]LogModuleManager: Shutting down and abandoning module HTTP (18)
[2016.04.11-20.39.34:100][253]LogModuleManager: Shutting down and abandoning module XMPP (17)
[2016.04.11-20.39.34:104][253]LogModuleManager: Shutting down and abandoning module OculusRift (16)
[2016.04.11-20.39.34:105][253]LogModuleManager: Shutting down and abandoning module ExampleDeviceProfileSelector (15)
[2016.04.11-20.39.34:105][253]LogModuleManager: Shutting down and abandoning module TextureCompressor (14)
[2016.04.11-20.39.34:105][253]LogModuleManager: Shutting down and abandoning module ShaderCore (13)
[2016.04.11-20.39.34:105][253]LogModuleManager: Shutting down and abandoning module Landscape (12)
[2016.04.11-20.39.34:105][253]LogModuleManager: Shutting down and abandoning module SlateRHIRenderer (11)
[2016.04.11-20.39.34:111][253]LogModuleManager: Shutting down and abandoning module OpenGLDrv (10)
[2016.04.11-20.39.34:113][253]LogModuleManager: Shutting down and abandoning module D3D11RHI (9)
[2016.04.11-20.39.34:113][253]LogModuleManager: Shutting down and abandoning module AnimGraphRuntime (8)
[2016.04.11-20.39.34:113][253]LogModuleManager: Shutting down and abandoning module Renderer (7)
[2016.04.11-20.39.34:113][253]LogModuleManager: Shutting down and abandoning module Engine (6)
[2016.04.11-20.39.34:113][253]LogModuleManager: Shutting down and abandoning module CoreUObject (5)
[2016.04.11-20.39.34:113][253]LogModuleManager: Shutting down and abandoning module NetworkFile (4)
[2016.04.11-20.39.34:114][253]LogModuleManager: Shutting down and abandoning module StreamingFile (3)
[2016.04.11-20.39.34:114][253]LogModuleManager: Shutting down and abandoning module SandboxFile (2)
[2016.04.11-20.39.34:114][253]LogModuleManager: Shutting down and abandoning module PakFile (1)
[2016.04.11-20.39.34:118][253]LogExit: Exiting.
[2016.04.11-20.39.34:167][253]Log file closed, 04/11/16 16:39:34
