[2016.04.15-05.16.31:234][  0]Log file open, 04/15/16 01:16:31
[2016.04.15-05.16.31:234][  0]LogInit:Display: Running engine for game: Hotel
[2016.04.15-05.16.31:234][  0]LogPlatformFile: Not using cached read wrapper
[2016.04.15-05.16.31:234][  0]LogInit:Display: RandInit(1158077800) SRandInit(1158077828).
[2016.04.15-05.16.31:234][  0]LogTaskGraph: Started task graph with 4 named threads and 7 total threads.
[2016.04.15-05.16.31:234][  0]LogStats: Stats thread started at 0.072506
[2016.04.15-05.16.31:234][  0]LogInit: Version: 4.10.4-2872498+++depot+UE4-Releases+4.10
[2016.04.15-05.16.31:234][  0]LogInit: API Version: 2758231
[2016.04.15-05.16.31:234][  0]LogInit: Compiled (64-bit): Feb 18 2016 15:47:04
[2016.04.15-05.16.31:234][  0]LogInit: Compiled with Visual C++: 19.00.23026.00
[2016.04.15-05.16.31:234][  0]LogInit: Build Configuration: Development
[2016.04.15-05.16.31:234][  0]LogInit: Branch Name: ++depot+UE4-Releases+4.10
[2016.04.15-05.16.31:234][  0]LogInit: Command line:  
[2016.04.15-05.16.31:234][  0]LogInit: Base directory: E:/Program Files (x86)/Epic Games/4.10/Engine/Binaries/Win64/
[2016.04.15-05.16.31:234][  0]LogInit: Rocket: 1
[2016.04.15-05.16.31:243][  0]LogInit: Using libcurl 7.41.0
[2016.04.15-05.16.31:243][  0]LogInit:  - built for x86_64-pc-win32
[2016.04.15-05.16.31:243][  0]LogInit:  - supports SSL with WinSSL
[2016.04.15-05.16.31:243][  0]LogInit:  - other features:
[2016.04.15-05.16.31:243][  0]LogInit:      CURL_VERSION_SSL
[2016.04.15-05.16.31:243][  0]LogInit:      CURL_VERSION_IPV6
[2016.04.15-05.16.31:243][  0]LogInit:      CURL_VERSION_ASYNCHDNS
[2016.04.15-05.16.31:243][  0]LogInit:      CURL_VERSION_LARGEFILE
[2016.04.15-05.16.31:243][  0]LogInit:      CURL_VERSION_IDN
[2016.04.15-05.16.31:243][  0]LogInit:  CurlRequestOptions (configurable via config and command line):
[2016.04.15-05.16.31:243][  0]LogInit:  - bVerifyPeer = true  - Libcurl will verify peer certificate
[2016.04.15-05.16.31:243][  0]LogInit:  - bUseHttpProxy = false  - Libcurl will NOT use HTTP proxy
[2016.04.15-05.16.31:243][  0]LogInit:  - bDontReuseConnections = false  - Libcurl will reuse connections
[2016.04.15-05.16.31:243][  0]LogInit:  - CertBundlePath = nullptr  - Libcurl will use whatever was configured at build time.
[2016.04.15-05.16.31:249][  0]LogInit: Presizing for 0 objects not considered by GC, pre-allocating 0 bytes.
[2016.04.15-05.16.31:257][  0]LogInit: Object subsystem initialized
[2016.04.15-05.16.31:259][  0]LogInit: Selected Device Profile: [Windows]
[2016.04.15-05.16.31:259][  0]LogInit: Applying CVar settings loaded from the selected device profile: [Windows]
[2016.04.15-05.16.31:267][  0]LogInit: Computer: MANDY-PC
[2016.04.15-05.16.31:267][  0]LogInit: User: Mandy
[2016.04.15-05.16.31:267][  0]LogInit: CPU Page size=4096, Cores=4
[2016.04.15-05.16.31:267][  0]LogInit: High frequency timer resolution =14.318180 MHz
[2016.04.15-05.16.31:267][  0]LogMemory: Memory total: Physical=16.0GB (16GB approx)
[2016.04.15-05.16.31:267][  0]LogMemory: Platform Memory Stats for Windows
[2016.04.15-05.16.31:267][  0]LogMemory: Process Physical Memory: 56.41 MB used, 56.41 MB peak
[2016.04.15-05.16.31:267][  0]LogMemory: Process Virtual Memory: 57.78 MB used, 57.78 MB peak
[2016.04.15-05.16.31:267][  0]LogMemory: Physical Memory: 3150.50 MB used, 16383.18 MB total
[2016.04.15-05.16.31:267][  0]LogMemory: Virtual Memory: 352.66 MB used, 8388608.00 MB total
[2016.04.15-05.16.31:472][  0]LogTextLocalizationManager: No specific translations for ('en-US') exist, so ('en') translations will be used.
[2016.04.15-05.16.32:120][  0]LogD3D11RHI: Found D3D11 adapter 0: NVIDIA GeForce GTX 750 (Feature Level 11_0)
[2016.04.15-05.16.32:120][  0]LogD3D11RHI: Adapter has 972MB of dedicated video memory, 0MB of dedicated system memory, and 3072MB of shared system memory, 2 output[s]
[2016.04.15-05.16.32:120][  0]LogD3D11RHI: Chosen D3D11 Adapter Id = 0
[2016.04.15-05.16.32:126][  0]LogD3D11RHI: !Direct3DDevice
[2016.04.15-05.16.32:127][  0]LogRHI: Texture pool is 680 MB (70% of 972 MB)
[2016.04.15-05.16.32:138][  0]LogD3D11RHI: Async texture creation enabled
[2016.04.15-05.16.32:163][  0]LogShaderCompilers: Guid format shader working directory is -10 characters bigger than the processId version (../../../../../../Users/Mandy/Documents/GitHub/HotelBete/Intermediate/Shaders/WorkingDirectory/5868/).
[2016.04.15-05.16.32:163][  0]LogShaderCompilers: Cleaned the shader compiler working directory 'C:/Users/Mandy/AppData/Local/Temp/UnrealShaderWorkingDir/42D41AFB451F76FBC1D24883FA00A42A/'.
[2016.04.15-05.16.32:163][  0]LogShaderCompilers:Display: Using Local Shader Compiler.
[2016.04.15-05.16.33:280][  0]LogTemp:Display: Loaded TP AllDesktopTargetPlatform
[2016.04.15-05.16.33:285][  0]LogTemp:Display: Loaded TP WindowsClientTargetPlatform
[2016.04.15-05.16.33:289][  0]LogTemp:Display: Loaded TP WindowsNoEditorTargetPlatform
[2016.04.15-05.16.33:294][  0]LogTemp:Display: Loaded TP WindowsServerTargetPlatform
[2016.04.15-05.16.33:298][  0]LogTemp:Display: Loaded TP WindowsTargetPlatform
[2016.04.15-05.16.33:302][  0]LogTemp:Display: Loaded TP AndroidTargetPlatform
[2016.04.15-05.16.33:305][  0]LogTemp:Display: Loaded TP Android_ASTCTargetPlatform
[2016.04.15-05.16.33:308][  0]LogTemp:Display: Loaded TP Android_ATCTargetPlatform
[2016.04.15-05.16.33:312][  0]LogTemp:Display: Loaded TP Android_DXTTargetPlatform
[2016.04.15-05.16.33:315][  0]LogTemp:Display: Loaded TP Android_ETC1TargetPlatform
[2016.04.15-05.16.33:318][  0]LogTemp:Display: Loaded TP Android_ETC2TargetPlatform
[2016.04.15-05.16.33:325][  0]LogTemp:Display: Loaded TP Android_MultiTargetPlatform
[2016.04.15-05.16.33:325][  0]LogTemp:Display: Loaded TP Android_PVRTCTargetPlatform
[2016.04.15-05.16.33:325][  0]LogTemp:Display: Loaded TP HTML5TargetPlatform
[2016.04.15-05.16.33:341][  0]LogTemp:Display: Loaded TP IOSTargetPlatform
[2016.04.15-05.16.33:344][  0]LogTemp:Display: Loaded TP LinuxNoEditorTargetPlatform
[2016.04.15-05.16.33:348][  0]LogTemp:Display: Loaded TP LinuxServerTargetPlatform
[2016.04.15-05.16.33:352][  0]LogTemp:Display: Loaded TP LinuxTargetPlatform
[2016.04.15-05.16.33:352][  0]LogTargetPlatformManager:Display: Building Assets For Windows
[2016.04.15-05.16.33:418][  0]LogDerivedDataCache:Display: Max Cache Size: 512 MB
[2016.04.15-05.16.33:505][  0]LogDerivedDataCache: Loaded boot cache 0.09s 41MB C:/Users/Mandy/AppData/Local/UnrealEngine/4.10/DerivedDataCache/Boot.ddc.
[2016.04.15-05.16.33:505][  0]LogDerivedDataCache:Display: Loaded Boot cache: C:/Users/Mandy/AppData/Local/UnrealEngine/4.10/DerivedDataCache/Boot.ddc
[2016.04.15-05.16.33:505][  0]LogDerivedDataCache: FDerivedDataBackendGraph:  Pak pak cache file ../../../../../../Users/Mandy/Documents/GitHub/HotelBete/DerivedDataCache/DDC.ddp not found, will not use a pak cache.
[2016.04.15-05.16.33:505][  0]LogDerivedDataCache: Unable to find inner node Pak for hierarchical cache Hierarchy.
[2016.04.15-05.16.33:505][  0]LogDerivedDataCache: FDerivedDataBackendGraph:  CompressedPak pak cache file ../../../../../../Users/Mandy/Documents/GitHub/HotelBete/DerivedDataCache/Compressed.ddp not found, will not use a pak cache.
[2016.04.15-05.16.33:505][  0]LogDerivedDataCache: Unable to find inner node CompressedPak for hierarchical cache Hierarchy.
[2016.04.15-05.16.33:593][  0]LogDerivedDataCache:Display: Pak cache opened for reading ../../../Engine/DerivedDataCache/Compressed.ddp.
[2016.04.15-05.16.33:604][  0]LogDerivedDataCache: Using Local data cache path C:/Users/Mandy/AppData/Local/UnrealEngine/Common/DerivedDataCache: Writable
[2016.04.15-05.16.33:805][  0]LogInit: Selected Device Profile: [Windows]
[2016.04.15-05.16.33:806][  0]LogContentStreaming: Texture pool size is 0.000000MB
[2016.04.15-05.16.33:844][  0]LogMeshUtilities: No automatic mesh reduction module available
[2016.04.15-05.16.33:844][  0]LogMeshUtilities: No automatic mesh merging module available
[2016.04.15-05.16.34:280][  0]LogInit: WinSock: version 1.1 (2.2), MaxSocks=32767, MaxUdp=65467
[2016.04.15-05.16.35:075][  0]LogAssetRegistry: FAssetRegistry took 0.0100 seconds to start up
[2016.04.15-05.16.35:088][  0]UdpMessaging: Initializing bridge on interface 0.0.0.0:0 to multicast group 230.0.0.1:6666.
[2016.04.15-05.16.35:338][  0]SourceControl: Info Source control is disabled
[2016.04.15-05.16.35:339][  0]SourceControl: Info Source control is disabled
[2016.04.15-05.16.35:348][  0]SourceControl: Info Source control is disabled
[2016.04.15-05.16.35:357][  0]SourceControl: Info Source control is disabled
[2016.04.15-05.16.35:559][  0]LogObj: 28802 objects as part of root set at end of initial load.
[2016.04.15-05.16.35:559][  0]LogUObjectAllocator: 6129776 out of 0 bytes used by permanent object pool.
[2016.04.15-05.16.35:630][  0]LogEngine: Initializing Engine...
[2016.04.15-05.16.35:632][  0]LogHMD: Can't find Oculus library dev build: is proper Runtime installed? Version: 0.8.0.0
[2016.04.15-05.16.35:632][  0]LogHMD: SteamVR failed to initialize.  Err: 110
[2016.04.15-05.16.35:796][  0]LogAIModule: Creating AISystem for world NewWorld
[2016.04.15-05.16.35:802][  0]LogInit: XAudio2 using 'Speakers (2- Logitech USB Headset)' : 2 channels at 44.1 kHz using 16 bits per sample (channel mask 0x3)
[2016.04.15-05.16.35:821][  0]LogInit: FAudioDevice initialized.
[2016.04.15-05.16.35:862][  0]LogDerivedDataCache: Saved boot cache 0.04s 41MB C:/Users/Mandy/AppData/Local/UnrealEngine/4.10/DerivedDataCache/Boot.ddc.
[2016.04.15-05.16.35:876][  0]LogInit: Texture streaming: Enabled
[2016.04.15-05.16.35:880][  0]LogAnalytics: Creating configured Analytics provider AnalyticsET
[2016.04.15-05.16.35:880][  0]LogAnalytics: [UEEditor.Rocket.Release] APIServer = http://et2.epicgames.com/ET2/. AppVersion = 4.10.4-2872498+++depot+UE4-Releases+4.10
[2016.04.15-05.16.35:881][  0]LogAnalytics: [UEEditor.Rocket.Release] SetUserId e0d98b0e467b55d21c5013962f69b996|a1543627d61e4593a39d507d0813b255|cef8b6ba-01d0-47b7-a028-3b7e918a90c5
[2016.04.15-05.16.35:881][  0]LogAnalytics: [UEEditor.Rocket.Release] AnalyticsET::StartSession
[2016.04.15-05.16.35:887][  0]LogInit: Transaction tracking system initialized
[2016.04.15-05.16.35:908][  0]BlueprintLog: New page: Editor Load
[2016.04.15-05.16.35:969][  0]LocalizationService: Info Localization service is disabled
[2016.04.15-05.16.36:032][  0]LogConsoleResponse:Display: 
[2016.04.15-05.16.36:181][  0]LogCook:Display: Done creating registry. It took  0.00s.
[2016.04.15-05.16.36:229][  0]LogFileCache: Scanning file cache for directory 'E:/Users/Mandy/Documents/GitHub/HotelBete/Content/' took 0.02s
[2016.04.15-05.16.36:229][  0]SourceControl: Info Source control is disabled
[2016.04.15-05.16.36:229][  0]Cmd: MAP LOAD FILE="../../../../../../Users/Mandy/Documents/GitHub/HotelBete/Content/Hotel/Levels/Menu.umap" TEMPLATE=0 SHOWPROGRESS=1 FEATURELEVEL=3
[2016.04.15-05.16.36:230][  0]LightingResults: New page: Lighting Build
[2016.04.15-05.16.36:232][  0]MapCheck: New page: Map Check
[2016.04.15-05.16.36:232][  0]LightingResults: New page: Lighting Build
[2016.04.15-05.16.36:247][  0]LogParticles: Destroying 0 GPU particle simulations for FXSystem 0x0000000023AAAAC0
[2016.04.15-05.16.40:562][  0]LogAIModule: Creating AISystem for world Menu
[2016.04.15-05.16.40:563][  0]LogEditorServer: Finished looking for orphan Actors (0.000 secs)
[2016.04.15-05.16.40:565][  0]Cmd: MAP CHECKDEP NOCLEARLOG
[2016.04.15-05.16.40:647][  0]MapCheck: Info Map check complete: 0 Error(s), 0 Warning(s), took 82.68ms to complete.
[2016.04.15-05.16.40:647][  0]LogFileHelpers: Loading map 'Menu' took 4.419
[2016.04.15-05.16.40:825][  0]LogCollectionManager: Loaded 0 collections in 0.001730 seconds
[2016.04.15-05.16.40:890][  0]LogFileCache: Scanning file cache for directory 'E:/Users/Mandy/Documents/GitHub/HotelBete/Saved/Collections/' took 0.01s
[2016.04.15-05.16.40:890][  0]LogFileCache: Scanning file cache for directory 'E:/Users/Mandy/Documents/GitHub/HotelBete/Content/Developers/Mandy/Collections/' took 0.01s
[2016.04.15-05.16.40:890][  0]LogFileCache: Scanning file cache for directory 'E:/Users/Mandy/Documents/GitHub/HotelBete/Content/Collections/' took 0.01s
[2016.04.15-05.16.40:890][  0]LogCollectionManager: Rebuilt the GUID cache for 0 collections in 0.000004 seconds
[2016.04.15-05.16.40:908][  0]LogContentBrowser: Native class hierarchy populated in 0.0173 seconds. Added 1908 classes and 344 folders.
[2016.04.15-05.16.40:916][  0]LogContentBrowser: Native class hierarchy updated for 'WidgetCarousel' in 0.0006 seconds. Added 0 classes and 0 folders.
[2016.04.15-05.16.40:960][  0]LogContentBrowser: Native class hierarchy updated for 'AddContentDialog' in 0.0005 seconds. Added 0 classes and 0 folders.
[2016.04.15-05.16.40:964][  0]LogContentBrowser: Native class hierarchy updated for 'SceneOutliner' in 0.0004 seconds. Added 1 classes and 2 folders.
[2016.04.15-05.16.41:050][  0]LogCrashTracker: Crashtracker disabled due to settings.
[2016.04.15-05.16.41:054][  0]LogUObjectGlobals:Warning: Failed to find object 'Class None.'
[2016.04.15-05.16.41:076][  0]LogLoad: Full Startup: 10.27 seconds (BP compile: 0.94 seconds)
[2016.04.15-05.16.41:422][  0]LogOcInput: Can't find Oculus library dev build: is proper Runtime installed? Version: 0.8.0.0
[2016.04.15-05.16.41:506][  0]LogContentStreaming: Texture pool size now 1000 MB
[2016.04.15-05.16.41:699][  0]LogRenderer: Reallocating scene render targets to support 1208x568 (Frame:2).
[2016.04.15-05.16.50:831][ 28]LogAssetRegistry: Asset discovery search completed in 15.7666 seconds
[2016.04.15-05.16.50:831][ 28]LogCollectionManager: Rebuilt the object cache for 0 collections in 0.000003 seconds (found 0 objects)
[2016.04.15-05.16.50:831][ 28]LogCollectionManager: Fixed up redirectors for 0 collections in 0.000079 seconds (updated 0 objects)
[2016.04.15-05.17.03:775][579]LogAIModule: Creating AISystem for world World
[2016.04.15-05.17.03:777][579]LogParticles:Warning: InitializeSystem called on an unregistered component. Template=/Game/StarterContent/Particles/Breath.Breath Component=/Game/Hotel/Levels/World.World:PersistentLevel.Breath.ParticleSystemComponent0
[2016.04.15-05.17.03:778][579]LogParticles:Warning: InitializeSystem called on an unregistered component. Template=/Game/StarterContent/Particles/ItemMarker.ItemMarker Component=/Game/Hotel/Levels/World.World:PersistentLevel.ItemMarker.ParticleSystemComponent0
[2016.04.15-05.17.03:778][579]LogParticles:Warning: InitializeSystem called on an unregistered component. Template=/Game/StarterContent/Particles/Dust.Dust Component=/Game/Hotel/Levels/World.World:PersistentLevel.Dust_2.ParticleSystemComponent0
[2016.04.15-05.17.03:780][579]LogParticles:Warning: InitializeSystem called on an unregistered component. Template=/Game/StarterContent/Particles/Dust.Dust Component=/Game/Hotel/Levels/World.World:PersistentLevel.Dust2.ParticleSystemComponent0
[2016.04.15-05.17.03:780][579]LogParticles:Warning: InitializeSystem called on an unregistered component. Template=/Game/StarterContent/Particles/Dust.Dust Component=/Game/Hotel/Levels/World.World:PersistentLevel.Dust3.ParticleSystemComponent0
[2016.04.15-05.17.03:784][579]LogParticles:Warning: InitializeSystem called on an unregistered component. Template=/Game/StarterContent/Particles/ItemMarker.ItemMarker Component=/Game/Hotel/Levels/World.World:PersistentLevel.ItemMarker2_5.ParticleSystemComponent0
[2016.04.15-05.17.03:985][579]Cmd: MAP LOAD FILE="../../../../../../Users/Mandy/Documents/GitHub/HotelBete/Content/Hotel/Levels/World.umap" TEMPLATE=0 SHOWPROGRESS=1 FEATURELEVEL=3
[2016.04.15-05.17.03:985][579]LightingResults: New page: Lighting Build
[2016.04.15-05.17.04:007][579]LoadErrors: New page: Loading map: World.umap
[2016.04.15-05.17.04:007][579]MapCheck: New page: Map Check
[2016.04.15-05.17.04:007][579]LightingResults: New page: Lighting Build
[2016.04.15-05.17.04:033][579]LogParticles: Destroying 0 GPU particle simulations for FXSystem 0x000000002C9EDEE0
[2016.04.15-05.17.04:155][579]LogEditorServer: Finished looking for orphan Actors (0.000 secs)
[2016.04.15-05.17.04:220][579]Cmd: MAP CHECKDEP NOCLEARLOG
[2016.04.15-05.17.04:325][579]MapCheck: Info Map check complete: 0 Error(s), 0 Warning(s), took 104.587ms to complete.
[2016.04.15-05.17.04:327][579]LogFileHelpers: Loading map 'World' took 0.344
[2016.04.15-05.17.04:332][579]LoadErrors:Error: Error /Game/FirstPersonBP/Blueprints/Enemy : Failed import for Enemy_C /Game/Hotel/Blueprints/Enemies/Enemy.Default__Enemy_C [redirection] in /Game/FirstPersonBP/Blueprints/Enemy
[2016.04.15-05.17.28:554][477]LogFactory: FactoryCreateBinary: Texture with ReimportTextureFactory (0 0 C:\Users\Mandy\Documents\Substance Painter\export\Attic_Base_Color.png)
[2016.04.15-05.17.31:107][477]LogTexture:Display: Building textures: Attic_Base_Color (AutoDXT)
[2016.04.15-05.17.54:916][477]LogFactory: FactoryCreateBinary: Texture with ReimportTextureFactory (0 0 C:\Users\Mandy\Documents\Substance Painter\export\Attic_Normal_DirectX.png)
[2016.04.15-05.18.00:148][477]LogTexture:Display: Building textures: Attic_Normal_DirectX (BC5)
[2016.04.15-05.18.32:292][563]LogFactory: FactoryCreateBinary: Texture with ReimportTextureFactory (0 0 E:\Users\Mandy\Documents\HauntedTextures\Hotel\hotel_haunted_Attic_AmbientOcclusion.png)
[2016.04.15-05.18.37:081][563]LogTexture:Display: Building textures: hotel_haunted_Attic_AmbientOcclusion (AutoDXT)
[2016.04.15-05.18.51:016][ 38]LogMaterial: Missing cached shader map for material Attic, compiling. 
[2016.04.15-05.18.51:349][ 38]LogMaterial: Missing cached shader map for material Attic, compiling. 
[2016.04.15-05.18.51:355][ 38]LogMaterial: 0.000102 seconds spent updating 1 materials, 1 interfaces, 0 instances, 0 with static permutations.
[2016.04.15-05.18.51:383][ 38]LogMaterial: Missing cached shader map for material FMatExpressionPreview MaterialExpressionVectorParameter_11, compiling. 
[2016.04.15-05.18.52:969][ 80]MaterialEditorStats: Info Base pass shader with only dynamic lighting: 31 instructions
[2016.04.15-05.18.52:969][ 80]MaterialEditorStats: Info Vertex shader: 31 instructions
[2016.04.15-05.18.52:969][ 80]MaterialEditorStats: Info Texture samplers: 0/16
[2016.04.15-05.18.59:633][529]LogMaterial: Missing cached shader map for material Attic, compiling. 
[2016.04.15-05.18.59:639][529]LogMaterial: 0.000110 seconds spent updating 1 materials, 1 interfaces, 0 instances, 0 with static permutations.
[2016.04.15-05.18.59:640][529]LogMaterial: Missing cached shader map for material FMatExpressionPreview MaterialExpressionTextureSample_0, compiling. 
[2016.04.15-05.18.59:719][529]LogMaterial: Missing cached shader map for material FMatExpressionPreview MaterialExpressionVectorParameter_11, compiling. 
[2016.04.15-05.18.59:723][529]LogMaterial: Missing cached shader map for material FMatExpressionPreview MaterialExpressionTextureSample_0, compiling. 
[2016.04.15-05.18.59:738][529]LogMaterial: Missing cached shader map for material Attic, compiling. 
[2016.04.15-05.18.59:745][529]LogMaterial: 0.000154 seconds spent updating 1 materials, 1 interfaces, 0 instances, 0 with static permutations.
[2016.04.15-05.18.59:746][529]LogMaterial: Missing cached shader map for material FMatExpressionPreview MaterialExpressionTextureSample_1, compiling. 
[2016.04.15-05.18.59:850][529]LogMaterial: Missing cached shader map for material FMatExpressionPreview MaterialExpressionVectorParameter_11, compiling. 
[2016.04.15-05.18.59:853][529]LogMaterial: Missing cached shader map for material FMatExpressionPreview MaterialExpressionTextureSample_0, compiling. 
[2016.04.15-05.18.59:857][529]LogMaterial: Missing cached shader map for material FMatExpressionPreview MaterialExpressionTextureSample_1, compiling. 
[2016.04.15-05.18.59:872][529]LogMaterial: Missing cached shader map for material Attic, compiling. 
[2016.04.15-05.18.59:880][529]LogMaterial: 0.000278 seconds spent updating 1 materials, 1 interfaces, 0 instances, 0 with static permutations.
[2016.04.15-05.18.59:881][529]LogMaterial: Missing cached shader map for material FMatExpressionPreview MaterialExpressionTextureSample_2, compiling. 
[2016.04.15-05.18.59:969][529]LogMaterial: Missing cached shader map for material FMatExpressionPreview MaterialExpressionVectorParameter_11, compiling. 
[2016.04.15-05.18.59:972][529]LogMaterial: Missing cached shader map for material FMatExpressionPreview MaterialExpressionTextureSample_0, compiling. 
[2016.04.15-05.18.59:975][529]LogMaterial: Missing cached shader map for material FMatExpressionPreview MaterialExpressionTextureSample_1, compiling. 
[2016.04.15-05.18.59:980][529]LogMaterial: Missing cached shader map for material FMatExpressionPreview MaterialExpressionTextureSample_2, compiling. 
[2016.04.15-05.19.01:438][607]MaterialEditorStats: Info Base pass shader with only dynamic lighting: 31 instructions
[2016.04.15-05.19.01:438][607]MaterialEditorStats: Info Vertex shader: 31 instructions
[2016.04.15-05.19.01:438][607]MaterialEditorStats: Info Texture samplers: 0/16
[2016.04.15-05.19.02:506][654]LogMaterial: Missing cached shader map for material Attic, compiling. 
[2016.04.15-05.19.02:511][654]LogMaterial: 0.000096 seconds spent updating 1 materials, 1 interfaces, 0 instances, 0 with static permutations.
[2016.04.15-05.19.03:951][739]MaterialEditorStats: Info Base pass shader with only dynamic lighting: 31 instructions
[2016.04.15-05.19.03:951][739]MaterialEditorStats: Info Vertex shader: 31 instructions
[2016.04.15-05.19.03:951][739]MaterialEditorStats: Info Texture samplers: 0/16
[2016.04.15-05.19.05:596][849]LogMaterial: Missing cached shader map for material Attic, compiling. 
[2016.04.15-05.19.05:602][849]LogMaterial: 0.000090 seconds spent updating 1 materials, 1 interfaces, 0 instances, 0 with static permutations.
[2016.04.15-05.19.05:674][849]LogMaterial: Missing cached shader map for material FMatExpressionPreview MaterialExpressionTextureSample_2, compiling. 
[2016.04.15-05.19.06:703][889]MaterialEditorStats: Info Base pass shader with only dynamic lighting: 31 instructions
[2016.04.15-05.19.06:703][889]MaterialEditorStats: Info Vertex shader: 33 instructions
[2016.04.15-05.19.06:703][889]MaterialEditorStats: Info Texture samplers: 1/16
[2016.04.15-05.19.09:057][ 50]LogMaterial: Missing cached shader map for material Attic, compiling. 
[2016.04.15-05.19.09:063][ 50]LogMaterial: 0.000096 seconds spent updating 1 materials, 1 interfaces, 0 instances, 0 with static permutations.
[2016.04.15-05.19.09:104][ 50]LogMaterial: Missing cached shader map for material FMatExpressionPreview MaterialExpressionTextureSample_1, compiling. 
[2016.04.15-05.19.10:643][141]MaterialEditorStats: Info Base pass shader with only dynamic lighting: 46 instructions
[2016.04.15-05.19.10:643][141]MaterialEditorStats: Info Vertex shader: 33 instructions
[2016.04.15-05.19.10:643][141]MaterialEditorStats: Info Texture samplers: 2/16
[2016.04.15-05.19.12:556][270]LogMaterial: Missing cached shader map for material Attic, compiling. 
[2016.04.15-05.19.12:562][270]LogMaterial: 0.000121 seconds spent updating 1 materials, 1 interfaces, 0 instances, 0 with static permutations.
[2016.04.15-05.19.12:586][270]LogMaterial: Missing cached shader map for material FMatExpressionPreview MaterialExpressionTextureSample_0, compiling. 
[2016.04.15-05.19.13:842][328]MaterialEditorStats: Info Base pass shader with only dynamic lighting: 47 instructions
[2016.04.15-05.19.13:842][328]MaterialEditorStats: Info Vertex shader: 33 instructions
[2016.04.15-05.19.13:842][328]MaterialEditorStats: Info Texture samplers: 3/16
[2016.04.15-05.19.14:546][372]LogMaterialEditor: Applying material Attic
[2016.04.15-05.19.15:225][372]LogMaterial: Missing cached shader map for material Attic, compiling. 
[2016.04.15-05.19.15:239][372]LogMaterial: 0.000116 seconds spent updating 1 materials, 1 interfaces, 0 instances, 0 with static permutations.
[2016.04.15-05.19.15:276][372]LogMaterial: Missing cached shader map for material Attic, compiling. 
[2016.04.15-05.19.15:293][372]LogMaterial: Missing cached shader map for material Attic, compiling. 
[2016.04.15-05.19.15:302][372]LogMaterial: 0.002277 seconds spent updating 1 materials, 1 interfaces, 0 instances, 0 with static permutations.
[2016.04.15-05.19.16:508][424]LogMaterialEditor: Saving and Compiling material Attic
[