[2016.04.15-05.38.43:962][  0]Log file open, 04/15/16 01:38:43
[2016.04.15-05.38.43:962][  0]LogInit:Display: Running engine for game: Hotel
[2016.04.15-05.38.43:962][  0]LogPlatformFile: Not using cached read wrapper
[2016.04.15-05.38.43:962][  0]LogInit:Display: RandInit(-1235268714) SRandInit(-1235268693).
[2016.04.15-05.38.43:962][  0]LogTaskGraph: Started task graph with 4 named threads and 7 total threads.
[2016.04.15-05.38.43:962][  0]LogStats: Stats thread started at 0.072005
[2016.04.15-05.38.43:962][  0]LogInit: Version: 4.10.4-2872498+++depot+UE4-Releases+4.10
[2016.04.15-05.38.43:962][  0]LogInit: API Version: 2758231
[2016.04.15-05.38.43:962][  0]LogInit: Compiled (64-bit): Feb 18 2016 15:47:04
[2016.04.15-05.38.43:962][  0]LogInit: Compiled with Visual C++: 19.00.23026.00
[2016.04.15-05.38.43:962][  0]LogInit: Build Configuration: Development
[2016.04.15-05.38.43:962][  0]LogInit: Branch Name: ++depot+UE4-Releases+4.10
[2016.04.15-05.38.43:962][  0]LogInit: Command line:  
[2016.04.15-05.38.43:962][  0]LogInit: Base directory: E:/Program Files (x86)/Epic Games/4.10/Engine/Binaries/Win64/
[2016.04.15-05.38.43:962][  0]LogInit: Rocket: 1
[2016.04.15-05.38.43:971][  0]LogInit: Using libcurl 7.41.0
[2016.04.15-05.38.43:971][  0]LogInit:  - built for x86_64-pc-win32
[2016.04.15-05.38.43:971][  0]LogInit:  - supports SSL with WinSSL
[2016.04.15-05.38.43:971][  0]LogInit:  - other features:
[2016.04.15-05.38.43:971][  0]LogInit:      CURL_VERSION_SSL
[2016.04.15-05.38.43:971][  0]LogInit:      CURL_VERSION_IPV6
[2016.04.15-05.38.43:971][  0]LogInit:      CURL_VERSION_ASYNCHDNS
[2016.04.15-05.38.43:971][  0]LogInit:      CURL_VERSION_LARGEFILE
[2016.04.15-05.38.43:971][  0]LogInit:      CURL_VERSION_IDN
[2016.04.15-05.38.43:971][  0]LogInit:  CurlRequestOptions (configurable via config and command line):
[2016.04.15-05.38.43:971][  0]LogInit:  - bVerifyPeer = true  - Libcurl will verify peer certificate
[2016.04.15-05.38.43:971][  0]LogInit:  - bUseHttpProxy = false  - Libcurl will NOT use HTTP proxy
[2016.04.15-05.38.43:971][  0]LogInit:  - bDontReuseConnections = false  - Libcurl will reuse connections
[2016.04.15-05.38.43:971][  0]LogInit:  - CertBundlePath = nullptr  - Libcurl will use whatever was configured at build time.
[2016.04.15-05.38.43:977][  0]LogInit: Presizing for 0 objects not considered by GC, pre-allocating 0 bytes.
[2016.04.15-05.38.43:986][  0]LogInit: Object subsystem initialized
[2016.04.15-05.38.43:987][  0]LogInit: Selected Device Profile: [Windows]
[2016.04.15-05.38.43:987][  0]LogInit: Applying CVar settings loaded from the selected device profile: [Windows]
[2016.04.15-05.38.43:996][  0]LogInit: Computer: MANDY-PC
[2016.04.15-05.38.43:996][  0]LogInit: User: Mandy
[2016.04.15-05.38.43:996][  0]LogInit: CPU Page size=4096, Cores=4
[2016.04.15-05.38.43:996][  0]LogInit: High frequency timer resolution =14.318180 MHz
[2016.04.15-05.38.43:996][  0]LogMemory: Memory total: Physical=16.0GB (16GB approx)
[2016.04.15-05.38.43:996][  0]LogMemory: Platform Memory Stats for Windows
[2016.04.15-05.38.43:996][  0]LogMemory: Process Physical Memory: 56.40 MB used, 56.40 MB peak
[2016.04.15-05.38.43:996][  0]LogMemory: Process Virtual Memory: 57.79 MB used, 57.79 MB peak
[2016.04.15-05.38.43:996][  0]LogMemory: Physical Memory: 2877.89 MB used, 16383.18 MB total
[2016.04.15-05.38.43:996][  0]LogMemory: Virtual Memory: 352.66 MB used, 8388608.00 MB total
[2016.04.15-05.38.44:048][  0]LogTextLocalizationManager: No specific translations for ('en-US') exist, so ('en') translations will be used.
[2016.04.15-05.38.44:662][  0]LogD3D11RHI: Found D3D11 adapter 0: NVIDIA GeForce GTX 750 (Feature Level 11_0)
[2016.04.15-05.38.44:662][  0]LogD3D11RHI: Adapter has 972MB of dedicated video memory, 0MB of dedicated system memory, and 3072MB of shared system memory, 2 output[s]
[2016.04.15-05.38.44:662][  0]LogD3D11RHI: Chosen D3D11 Adapter Id = 0
[2016.04.15-05.38.44:668][  0]LogD3D11RHI: !Direct3DDevice
[2016.04.15-05.38.44:668][  0]LogRHI: Texture pool is 680 MB (70% of 972 MB)
[2016.04.15-05.38.44:679][  0]LogD3D11RHI: Async texture creation enabled
[2016.04.15-05.38.44:694][  0]LogShaderCompilers: Guid format shader working directory is -10 characters bigger than the processId version (../../../../../../Users/Mandy/Documents/GitHub/HotelBete/Intermediate/Shaders/WorkingDirectory/5468/).
[2016.04.15-05.38.44:694][  0]LogShaderCompilers: Cleaned the shader compiler working directory 'C:/Users/Mandy/AppData/Local/Temp/UnrealShaderWorkingDir/98BB26334A46217795A462AC1F2F3EE1/'.
[2016.04.15-05.38.44:694][  0]LogShaderCompilers:Display: Using Local Shader Compiler.
[2016.04.15-05.38.45:826][  0]LogTemp:Display: Loaded TP AllDesktopTargetPlatform
[2016.04.15-05.38.45:831][  0]LogTemp:Display: Loaded TP WindowsClientTargetPlatform
[2016.04.15-05.38.45:836][  0]LogTemp:Display: Loaded TP WindowsNoEditorTargetPlatform
[2016.04.15-05.38.45:841][  0]LogTemp:Display: Loaded TP WindowsServerTargetPlatform
[2016.04.15-05.38.45:846][  0]LogTemp:Display: Loaded TP WindowsTargetPlatform
[2016.04.15-05.38.45:850][  0]LogTemp:Display: Loaded TP AndroidTargetPlatform
[2016.04.15-05.38.45:854][  0]LogTemp:Display: Loaded TP Android_ASTCTargetPlatform
[2016.04.15-05.38.45:857][  0]LogTemp:Display: Loaded TP Android_ATCTargetPlatform
[2016.04.15-05.38.45:860][  0]LogTemp:Display: Loaded TP Android_DXTTargetPlatform
[2016.04.15-05.38.45:863][  0]LogTemp:Display: Loaded TP Android_ETC1TargetPlatform
[2016.04.15-05.38.45:867][  0]LogTemp:Display: Loaded TP Android_ETC2TargetPlatform
[2016.04.15-05.38.45:873][  0]LogTemp:Display: Loaded TP Android_MultiTargetPlatform
[2016.04.15-05.38.45:873][  0]LogTemp:Display: Loaded TP Android_PVRTCTargetPlatform
[2016.04.15-05.38.45:874][  0]LogTemp:Display: Loaded TP HTML5TargetPlatform
[2016.04.15-05.38.45:890][  0]LogTemp:Display: Loaded TP IOSTargetPlatform
[2016.04.15-05.38.45:893][  0]LogTemp:Display: Loaded TP LinuxNoEditorTargetPlatform
[2016.04.15-05.38.45:897][  0]LogTemp:Display: Loaded TP LinuxServerTargetPlatform
[2016.04.15-05.38.45:900][  0]LogTemp:Display: Loaded TP LinuxTargetPlatform
[2016.04.15-05.38.45:900][  0]LogTargetPlatformManager:Display: Building Assets For Windows
[2016.04.15-05.38.45:968][  0]LogDerivedDataCache:Display: Max Cache Size: 512 MB
[2016.04.15-05.38.46:061][  0]LogDerivedDataCache: Loaded boot cache 0.09s 41MB C:/Users/Mandy/AppData/Local/UnrealEngine/4.10/DerivedDataCache/Boot.ddc.
[2016.04.15-05.38.46:061][  0]LogDerivedDataCache:Display: Loaded Boot cache: C:/Users/Mandy/AppData/Local/UnrealEngine/4.10/DerivedDataCache/Boot.ddc
[2016.04.15-05.38.46:061][  0]LogDerivedDataCache: FDerivedDataBackendGraph:  Pak pak cache file ../../../../../../Users/Mandy/Documents/GitHub/HotelBete/DerivedDataCache/DDC.ddp not found, will not use a pak cache.
[2016.04.15-05.38.46:061][  0]LogDerivedDataCache: Unable to find inner node Pak for hierarchical cache Hierarchy.
[2016.04.15-05.38.46:061][  0]LogDerivedDataCache: FDerivedDataBackendGraph:  CompressedPak pak cache file ../../../../../../Users/Mandy/Documents/GitHub/HotelBete/DerivedDataCache/Compressed.ddp not found, will not use a pak cache.
[2016.04.15-05.38.46:061][  0]LogDerivedDataCache: Unable to find inner node CompressedPak for hierarchical cache Hierarchy.
[2016.04.15-05.38.46:150][  0]LogDerivedDataCache:Display: Pak cache opened for reading ../../../Engine/DerivedDataCache/Compressed.ddp.
[2016.04.15-05.38.46:162][  0]LogDerivedDataCache: Using Local data cache path C:/Users/Mandy/AppData/Local/UnrealEngine/Common/DerivedDataCache: Writable
[2016.04.15-05.38.46:370][  0]LogInit: Selected Device Profile: [Windows]
[2016.04.15-05.38.46:371][  0]LogContentStreaming: Texture pool size is 0.000000MB
[2016.04.15-05.38.46:409][  0]LogMeshUtilities: No automatic mesh reduction module available
[2016.04.15-05.38.46:409][  0]LogMeshUtilities: No automatic mesh merging module available
[2016.04.15-05.38.46:860][  0]LogInit: WinSock: version 1.1 (2.2), MaxSocks=32767, MaxUdp=65467
[2016.04.15-05.38.47:679][  0]LogAssetRegistry: FAssetRegistry took 0.0102 seconds to start up
[2016.04.15-05.38.47:693][  0]UdpMessaging: Initializing bridge on interface 0.0.0.0:0 to multicast group 230.0.0.1:6666.
[2016.04.15-05.38.47:952][  0]SourceControl: Info Source control is disabled
[2016.04.15-05.38.47:953][  0]SourceControl: Info Source control is disabled
[2016.04.15-05.38.47:964][  0]SourceControl: Info Source control is disabled
[2016.04.15-05.38.47:973][  0]SourceControl: Info Source control is disabled
[2016.04.15-05.38.48:176][  0]LogObj: 28802 objects as part of root set at end of initial load.
[2016.04.15-05.38.48:176][  0]LogUObjectAllocator: 6129776 out of 0 bytes used by permanent object pool.
[2016.04.15-05.38.48:248][  0]LogEngine: Initializing Engine...
[2016.04.15-05.38.48:250][  0]LogHMD: Can't find Oculus library dev build: is proper Runtime installed? Version: 0.8.0.0
[2016.04.15-05.38.48:250][  0]LogHMD: SteamVR failed to initialize.  Err: 110
[2016.04.15-05.38.48:414][  0]LogAIModule: Creating AISystem for world NewWorld
[2016.04.15-05.38.48:421][  0]LogInit: XAudio2 using 'Speakers (2- Logitech USB Headset)' : 2 channels at 44.1 kHz using 16 bits per sample (channel mask 0x3)
[2016.04.15-05.38.48:428][  0]LogInit: FAudioDevice initialized.
[2016.04.15-05.38.48:471][  0]LogDerivedDataCache: Saved boot cache 0.04s 41MB C:/Users/Mandy/AppData/Local/UnrealEngine/4.10/DerivedDataCache/Boot.ddc.
[2016.04.15-05.38.48:486][  0]LogInit: Texture streaming: Enabled
[2016.04.15-05.38.48:490][  0]LogAnalytics: Creating configured Analytics provider AnalyticsET
[2016.04.15-05.38.48:490][  0]LogAnalytics: [UEEditor.Rocket.Release] APIServer = http://et2.epicgames.com/ET2/. AppVersion = 4.10.4-2872498+++depot+UE4-Releases+4.10
[2016.04.15-05.38.48:490][  0]LogAnalytics: [UEEditor.Rocket.Release] SetUserId e0d98b0e467b55d21c5013962f69b996|a1543627d61e4593a39d507d0813b255|cef8b6ba-01d0-47b7-a028-3b7e918a90c5
[2016.04.15-05.38.48:491][  0]LogAnalytics: [UEEditor.Rocket.Release] AnalyticsET::StartSession
[2016.04.15-05.38.48:497][  0]LogInit: Transaction tracking system initialized
[2016.04.15-05.38.48:518][  0]BlueprintLog: New page: Editor Load
[2016.04.15-05.38.48:583][  0]LocalizationService: Info Localization service is disabled
[2016.04.15-05.38.48:650][  0]LogConsoleResponse:Display: 
[2016.04.15-05.38.48:785][  0]LogCook:Display: Done creating registry. It took  0.00s.
[2016.04.15-05.38.48:835][  0]LogFileCache: Scanning file cache for directory 'E:/Users/Mandy/Documents/GitHub/HotelBete/Content/' took 0.02s
[2016.04.15-05.38.48:835][  0]SourceControl: Info Source control is disabled
[2016.04.15-05.38.48:835][  0]Cmd: MAP LOAD FILE="../../../../../../Users/Mandy/Documents/GitHub/HotelBete/Content/Hotel/Levels/Menu.umap" TEMPLATE=0 SHOWPROGRESS=1 FEATURELEVEL=3
[2016.04.15-05.38.48:836][  0]LightingResults: New page: Lighting Build
[2016.04.15-05.38.48:838][  0]MapCheck: New page: Map Check
[2016.04.15-05.38.48:838][  0]LightingResults: New page: Lighting Build
[2016.04.15-05.38.48:855][  0]LogParticles: Destroying 0 GPU particle simulations for FXSystem 0x000000002420AAC0
[2016.04.15-05.38.53:121][  0]LogAIModule: Creating AISystem for world Menu
[2016.04.15-05.38.53:122][  0]LogEditorServer: Finished looking for orphan Actors (0.000 secs)
[2016.04.15-05.38.53:123][  0]Cmd: MAP CHECKDEP NOCLEARLOG
[2016.04.15-05.38.53:206][  0]MapCheck: Info Map check complete: 0 Error(s), 0 Warning(s), took 83.292ms to complete.
[2016.04.15-05.38.53:207][  0]LogFileHelpers: Loading map 'Menu' took 4.372
[2016.04.15-05.38.53:404][  0]LogCollectionManager: Loaded 0 collections in 0.002482 seconds
[2016.04.15-05.38.53:450][  0]LogFileCache: Scanning file cache for directory 'E:/Users/Mandy/Documents/GitHub/HotelBete/Saved/Collections/' took 0.01s
[2016.04.15-05.38.53:450][  0]LogFileCache: Scanning file cache for directory 'E:/Users/Mandy/Documents/GitHub/HotelBete/Content/Developers/Mandy/Collections/' took 0.01s
[2016.04.15-05.38.53:450][  0]LogFileCache: Scanning file cache for directory 'E:/Users/Mandy/Documents/GitHub/HotelBete/Content/Collections/' took 0.01s
[2016.04.15-05.38.53:450][  0]LogCollectionManager: Rebuilt the GUID cache for 0 collections in 0.000004 seconds
[2016.04.15-05.38.53:463][  0]LogContentBrowser: Native class hierarchy populated in 0.0128 seconds. Added 1908 classes and 344 folders.
[2016.04.15-05.38.53:469][  0]LogContentBrowser: Native class hierarchy updated for 'WidgetCarousel' in 0.0004 seconds. Added 0 classes and 0 folders.
[2016.04.15-05.38.53:512][  0]LogContentBrowser: Native class hierarchy updated for 'AddContentDialog' in 0.0005 seconds. Added 0 classes and 0 folders.
[2016.04.15-05.38.53:515][  0]LogContentBrowser: Native class hierarchy updated for 'SceneOutliner' in 0.0004 seconds. Added 1 classes and 2 folders.
[2016.04.15-05.38.53:598][  0]LogCrashTracker: Crashtracker disabled due to settings.
[2016.04.15-05.38.53:602][  0]LogUObjectGlobals:Warning: Failed to find object 'Class None.'
[2016.04.15-05.38.53:624][  0]LogLoad: Full Startup: 10.14 seconds (BP compile: 0.95 seconds)
[2016.04.15-05.38.53:635][  0]LogOcInput: Can't find Oculus library dev build: is proper Runtime installed? Version: 0.8.0.0
[2016.04.15-05.38.53:737][  0]LogContentStreaming: Texture pool size now 1000 MB
[2016.04.15-05.38.53:929][  0]LogRenderer: Reallocating scene render targets to support 1208x568 (Frame:2).
[2016.04.15-05.38.54:805][ 14]LogAssetRegistry: Asset discovery search completed in 7.1368 seconds
[2016.04.15-05.38.54:805][ 14]LogCollectionManager: Rebuilt the object cache for 0 collections in 0.000002 seconds (found 0 objects)
[2016.04.15-05.38.54:805][ 14]LogCollectionManager: Fixed up redirectors for 0 collections in 0.000025 seconds (updated 0 objects)
[2016.04.15-05.39.00:374][600]LogEditorFactories: Performing atomic reimport of [C:/Users/Mandy/Documents/3dsMax/export/Stairs_haunted.FBX]
[2016.04.15-05.39.00:494][600]LogFbx: Loading FBX Scene from C:/Users/Mandy/Documents/3dsMax/export/Stairs_haunted.FBX
[2016.04.15-05.39.00:598][600]LogFbx: FBX Scene Loaded Succesfully
[2016.04.15-05.39.00:622][600]LogFbx:Warning: Warning Warning: No smoothing group information was found in this FBX scene.  Please make sure to enable the 'Export Smoothing Groups' option in the FBX Exporter plug-in before exporting the file.  Even for tools that don't support smoothing groups, the FBX Exporter will generate appropriate smoothing data at export-time so that correct vertex normals can be inferred while importing.
[2016.04.15-05.39.00:645][600]LogLinker:Warning: Can't find file '/Game/Hotel/Art/Models/Stairs/2ndFloorStairs'
[2016.04.15-05.39.00:645][600]LogLinker:Warning: Can't find file '/Game/Hotel/Art/Models/Stairs/2ndFloorStairs'
[2016.04.15-05.39.00:650][600]LogMaterial: Missing cached shader map for material 2ndFloorStairs, compiling. 
[2016.04.15-05.39.00:714][600]LogStaticMesh: Building static mesh Stairs_haunted...
[2016.04.15-05.39.01:663][600]LogStaticMesh: Built static mesh [0.949831.2s] /Game/Hotel/Art/Models/Stairs/Stairs_haunted.Stairs_haunted
[2016.04.15-05.39.01:707][600]LogEditorFactories: -- imported successfully
[2016.04.15-05.39.12:226][454]LogAIModule: Creating AISystem for world World
[2016.04.15-05.39.12:228][454]LogParticles:Warning: InitializeSystem called on an unregistered component. Template=/Game/StarterContent/Particles/Breath.Breath Component=/Game/Hotel/Levels/World.World:PersistentLevel.Breath.ParticleSystemComponent0
[2016.04.15-05.39.12:229][454]LogParticles:Warning: InitializeSystem called on an unregistered component. Template=/Game/StarterContent/Particles/ItemMarker.ItemMarker Component=/Game/Hotel/Levels/World.World:PersistentLevel.ItemMarker.ParticleSystemComponent0
[2016.04.15-05.39.12:229][454]LogParticles:Warning: InitializeSystem called on an unregistered component. Template=/Game/StarterContent/Particles/Dust.Dust Component=/Game/Hotel/Levels/World.World:PersistentLevel.Dust_2.ParticleSystemComponent0
[2016.04.15-05.39.12:231][454]LogParticles:Warning: InitializeSystem called on an unregistered component. Template=/Game/StarterContent/Particles/Dust.Dust Component=/Game/Hotel/Levels/World.World:PersistentLevel.Dust2.ParticleSystemComponent0
[2016.04.15-05.39.12:232][454]LogParticles:Warning: InitializeSystem called on an unregistered component. Template=/Game/StarterContent/Particles/Dust.Dust Component=/Game/Hotel/Levels/World.World:PersistentLevel.Dust3.ParticleSystemComponent0
[2016.04.15-05.39.12:235][454]LogParticles:Warning: InitializeSystem called on an unregistered component. Template=/Game/StarterContent/Particles/ItemMarker.ItemMarker Component=/Game/Hotel/Levels/World.World:PersistentLevel.ItemMarker2_5.ParticleSystemComponent0
[2016.04.15-05.39.16:014][454]LogSavePackage: Save=14.718980ms
[2016.04.15-05.39.16:014][454]LogSavePackage: Moving '../../../../../../Users/Mandy/Documents/GitHub/HotelBete/Saved/2ndFloorStairs05109E634A6597DF787BE4ABE9C26093.tmp' to '../../../../../../Users/Mandy/Documents/GitHub/HotelBete/Content/Hotel/Art/Models/Stairs/2ndFloorStairs.uasset'
[2016.04.15-05.39.16:015][454]LogSavePackage: Total save time: 18.238980ms
[2016.04.15-05.39.16:015][454]LogSavePackage:Display: Finished SavePackage ../../../../../../Users/Mandy/Documents/GitHub/HotelBete/Content/Hotel/Art/Models/Stairs/2ndFloorStairs.uasset
[2016.04.15-05.39.16:063][454]LogSavePackage: Save=12.862180ms
[2016.04.15-05.39.16:063][454]LogSavePackage: Moving '../../../../../../Users/Mandy/Documents/GitHub/HotelBete/Saved/Stairs_haunted2C5654F847E46817DBAF74A5F099378B.tmp' to '../../../../../../Users/Mandy/Documents/GitHub/HotelBete/Content/Hotel/Art/Models/Stairs/Stairs_haunted.uasset'
[2016.04.15-05.39.16:064][454]LogSavePackage: Total save time: 19.032449ms
[2016.04.15-05.39.16:065][454]LogSavePackage:Display: Finished SavePackage ../../../../../../Users/Mandy/Documents/GitHub/HotelBete/Content/Hotel/Art/Models/Stairs/Stairs_haunted.uasset
[2016.04.15-05.39.16:066][454]Cmd: MAP LOAD FILE="../../../../../../Users/Mandy/Documents/GitHub/HotelBete/Content/Hotel/Levels/World.umap" TEMPLATE=0 SHOWPROGRESS=1 FEATURELEVEL=3
[2016.04.15-05.39.16:066][454]LightingResults: New page: Lighting Build
[2016.04.15-05.39.16:088][454]LoadErrors: New page: Loading map: World.umap
[2016.04.15-05.39.16:088][454]MapCheck: New page: Map Check
[2016.04.15-05.39.16:088][454]LightingResults: New page: Lighting Build
[2016.04.15-05.39.16:116][454]LogParticles: Destroying 0 GPU particle simulations for FXSystem 0x00000000409B6C00
[2016.04.15-05.39.16:243][454]LogEditorServer: Finished looking for orphan Actors (0.000 secs)
[2016.04.15-05.39.16:309][454]Cmd: MAP CHECKDEP NOCLEARLOG
[2016.04.15-05.39.16:417][454]MapCheck: Info Map check complete: 0 Error(s), 0 Warning(s), took 107.462ms to complete.
[2016.04.15-05.39.16:417][454]LogFileHelpers: Loading map 'World' took 0.352
[2016.04.15-05.39.16:422][454]LoadErrors:Error: Error /Game/FirstPersonBP/Blueprints/Enemy : Failed import for Enemy_C /Game/Hotel/Blueprints/Enemies/Enemy.Default__Enemy_C [redirection] in /Game/FirstPersonBP/Blueprints/Enemy
[2016.04.15-05.39.20:519][667]LogEditorViewport: Clicking on Actor (LMB): StaticMeshActor (Stairs_haunted)
[2016.04.15-05.40.25:349][876]LogEditorViewport: Clicking on Actor (LMB): StaticMeshActor (guest_floor_haunted2)
[2016.04.15-05.41.30:485][737]LogFactory: FactoryCreateBinary: Texture with ReimportTextureFactory (0 0 E:\Users\Mandy\Documents\HauntedTextures\Hotel\hotel_haunted_AtticStairs_AmbientOcclusion.png)
[2016.04.15-05.41.32:538][737]LogTexture:Display: Building textures: hotel_haunted_AtticStairs_AmbientOcclusion (AutoDXT)
[2016.04.15-05.41.38:877][737]LogFactory: FactoryCreateBinary: Texture with ReimportTextureFactory (0 0 E:\Users\Mandy\Documents\HauntedTextures\Hotel\hotel_haunted_GuestStairs_AmbientOcclusion.png)
[2016.04.15-05.41.43:106][737]LogTexture:Display: Building textures: hotel_haunted_GuestStairs_AmbientOcclusion (AutoDXT)
[2016.04.15-05.41.59:478][484]LogMaterial: Missing cached shader map for material AtticStairs, compiling. 
[2016.04.15-05.41.59:600][484]LogMaterial: Missing cached shader map for material AtticStairs, compiling. 
[2016.04.15-05.41.59:605][484]LogMaterial: 0.000062 seconds spent updating 1 materials, 1 interfaces, 0 instances, 0 with static permutations.
[2016.04.15-05.41.59:630][484]LogMaterial: Missing cached shader map for material FMatExpressionPreview MaterialExpressionTextureSample_3, compiling. 
[2016.04.15-05.41.59:634][484]LogMaterial: Missing cached shader map for material FMatExpressionPreview MaterialExpressionTextureSample_4, compiling. 
[2016.04.15-05.42.01:203][528]MaterialEditorStats: Info Base pass shader with only dynamic lighting: 47 instructions
[2016.04.15-05.42.01:203][528]MaterialEditorStats: Info Vertex shader: 33 instructions
[2016.04.15-05.42.01:203][528]MaterialEditorStats: Info Texture samplers: 2/16
[2016.04.15-05.42.01:792][546]LogMaterial: Missing cached shader map for material 2ndFloorStairs, compiling. 
[2016.04.15-05.42.01:888][546]LogMaterial: Missing cached shader map for material 2ndFloorStairs, compiling. 
[2016.04.15-05.42.01:893][546]LogMaterial: 0.000062 seconds spent updating 1 materials, 1 interfaces, 0 instances, 0 with static permutations.
[2016.04.15-05.42.01:921][546]LogMaterial: Missing cached shader map for material FMatExpressionPreview MaterialExpressionTextureSample_5, compiling. 
[2016.04.15-05.42.01:926][546]LogMaterial: Missing cached shader map for material FMatExpressionPreview MaterialExpressionTextureSample_6, compiling. 
[2016.04.15-05.42.03:199][583]MaterialEditorStats: Info Base pass shader with only dynamic lighting: 47 instructions
[2016.04.15-05.42.03:199][583]MaterialEditorStats: Info Vertex shader: 33 instructions
[2016.04.15-05.42.03:199][583]MaterialEditorStats: Info Texture samplers: 2/16
[2016.04.15-05.42.11:193][ 24]LogMaterial: Missing cached shader map for material 2ndFloorStairs, compiling. 
[2016.04.15-05.42.11:198][ 24]LogMaterial: 0.000102 seconds spent updating 1 materials, 1 interfaces, 0 instances, 0 with static permutations.
[2016.04.15-05.42.11:199][ 24]LogMaterial: Missing cached shader map for material FMatExpressionPreview MaterialExpressionTextureSample_0, compiling. 
[2016.04.15-05.42.11:322][ 24]LogMaterial: Missing cached shader map for material FMatExpressionPreview MaterialExpressionTextureSample_5, compiling. 
[2016.04.15-05.42.11:326][ 24]LogMaterial: Missing cached shader map for material FMatExpressionPreview MaterialExpressionTextureSample_6, compiling. 
[2016.04.15-05.42.11:329][ 24]LogMaterial: Missing cached shader map for material FMatExpressionPreview MaterialExpressionTextureSample_0, compiling. 
[2016.04.15-05.42.12:734][ 85]MaterialEditorStats: Info Base pass shader with only dynamic lighting: 47 instructions
[2016.04.15-05.42.12:734][ 85]MaterialEditorStats: Info Vertex shader: 33 instructions
[2016.04.15-05.42.12:734][ 85]MaterialEditorStats: Info Texture samplers: 2/16
[2016.04.15-05.42.13:425][114]LogMaterial: Missing cached shader map for material 2ndFloorStairs, compiling. 
[2016.04.15-05.42.13:430][114]LogMaterial: 0.000094 seconds spent updating 1 materials, 1 interfaces, 0 instances, 0 with static permutations.
[2016.04.15-05.42.13:489][114]LogMaterial: Missing cached shader map for material FMatExpressionPreview MaterialExpressionTextureSample_0, compiling. 
[2016.04.15-05.42.14:737][162]MaterialEditorStats: Info Base pass shader with only dynamic lighting: 47 instructions
[2016.04.15-05.42.14:737][162]MaterialEditorStats: Info Vertex shader: 33 instructions
[2016.04.15-05.42.14:737][162]MaterialEditorStats: Info Texture samplers: 3/16
[2016.04.15-05.42.15:396][197]LogMaterialEditor: Applying material 2ndFloorStairs
[2016.04.15-05.42.16:075][197]LogMaterial: Missing cached shader map for material 2ndFloorStairs, compiling. 
[2016.04.15-05.42.16:089][197]LogMaterial: 0.000128 seconds spent updating 1 materials, 1 interfaces, 0 instances, 0 with static permutations.
[2016.04.15-05.42.16:136][197]LogMaterial: Missing cached shader map for material 2ndFloorStairs, compiling. 
[2016.04.15-05.42.16:322][197]LogMaterial: Missing cached shader map for material 2ndFloorStairs, compiling. 
[2016.04.15-05.42.16:340][197]LogMaterial: 0.010862 seconds spent updating 1 materials, 1 interfaces, 0 instances, 0 with static permutations.
[2016.04.15-05.42.17:978][264]LogMaterialEditor: Saving and Compiling material 2ndFloorStairs
[2016.04.15-05.42.19:309][264]LogSavePackage: Save=15.074891ms
[2016.04.15-05.42.19:309][264]LogSavePackage: Moving '../../../../../../Users/Mandy/Documents/GitHub/HotelBete/Saved/2ndFloorStairs2A0F71474C6382DD6701F6BFEC5EC6FF.tmp' to '../../../../../../Users/Mandy/Documents/GitHub/HotelBete/Content/Hotel/Art/Models/Guest_Floor/2ndFloorStairs.uasset'
[2016.04.15-05.42.19:311][264]LogSavePackage: Total save time: 20.745512ms
[2016.04.15-05.42.19:311][264]LogSavePackage:Display: Finished SavePackage ../../../../../../Users/Mandy/Documents/GitHub/HotelBete/Content/Hotel/Art/Models/Guest_Floor/2ndFloorStairs.uasset
[2016.04.15-05.42.19:332][265]MaterialEditorStats: Info Base pass shader with only dynamic lighting: 67 instructions
[2016.04.15-05.42.19:332][265]MaterialEditorStats: Info Vertex shader: 33 instructions
[2016.04.15-05.42.19:332][265]MaterialEditorStats: Info Texture samplers: 6/16
[2016.04.15-05.42.27:620][720]LogMaterial: Missing cached shader map for material AtticStairs, compiling. 
[2016.04.15-05.42.27:626][720]LogMaterial: 0.000091 seconds spent updating 1 materials, 1 interfaces, 0 instances, 0 with static permutations.
[2016.04.15-05.42.27:627][720]LogMaterial: Missing cached shader map for material FMatExpressionPreview MaterialExpressionTextureSample_1, compiling. 
[2016.04.15-05.42.27:721][720]LogMaterial: Missing cached shader map for material FMatExpressionPreview MaterialExpressionTextureSample_3, compiling. 
[2016.04.15-05.42.27:750][720]LogMaterial: Missing cached shader map for material FMatExpressionPreview MaterialExpressionTextureSample_4, compiling. 
[2016.04.15-05.42.27:754][720]LogMaterial: Missing cached shader map for material FMatExpressionPreview MaterialExpressionTextureSample_1, compiling. 
[2016.04.15-05.42.29:004][774]MaterialEditorStats: Info Base pass shader with only dynamic lighting: 47 instructions
[2016.04.15-05.42.29:004][774]MaterialEditorStats: Info Vertex shader: 33 instructions
[2016.04.15-05.42.29:004][774]MaterialEditorStats: Info Texture samplers: 2/16
[2016.04.15-05.42.30:012][822]LogMaterial: Missing cached shader map for material AtticStairs, compiling. 
[2016.04.15-05.42.30:018][822]LogMaterial: 0.000145 seconds spent updating 1 materials, 1 interfaces, 0 instances, 0 with static permutations.
[2016.04.15-05.42.30:053][822]LogMaterial: Missing cached shader map for material FMatExpressionPreview MaterialExpressionTextureSample_1, compiling. 
[2016.04.15-05.42.31:353][872]MaterialEditorStats: Info Base pass shader with only dynamic lighting: 47 instructions
[2016.04.15-05.42.31:353][872]MaterialEditorStats: Info Vertex shader: 33 instructions
[2016.04.15-05.42.31:353][872]MaterialEditorStats: Info Texture samplers: 3/16
[2016.04.15-05.42.32:216][920]LogMaterialEditor: Applying material AtticStairs
[2016.04.15-05.42.32:895][920]LogMaterial: Missing cached shader map for material AtticStairs, compiling. 
[2016.04.15-05.42.32:909][920]LogMaterial: 0.000133 seconds spent updating 1 materials, 1 interfaces, 0 instances, 0 with static permutations.
[2016.04.15-05.42.32:940][920]LogMaterial: Missing cached shader map for material AtticStairs, compiling. 
[2016.04.15-05.42.32:958][920]LogMaterial: Missing cached shader map for material AtticStairs, compiling. 
[2016.04.15-05.42.32:987][920]LogMaterial: 0.022310 seconds spent updating 1 materials, 1 interfaces, 0 instances, 0 with static permutations.
[2016.04.15-05.42.34:097][962]LogMaterialEditor: Saving and Compiling material AtticStairs
[2016.04.15-05.42.35:852][962]LogSavePackage: Save=16.185158ms
[2016.04.15-05.42.35:852][962]LogSavePackage: Moving '../../../../../../Users/Mandy/Documents/GitHub/HotelBete/Saved/AtticStairs6F7343C44F7C949D9A8BF782EC4E7381.tmp' to '../../../../../../Users/Mandy/Documents/GitHub/HotelBete/Content/Hotel/Art/Models/Guest_Floor/AtticStairs.uasset'
[2016.04.15-05.42.35:853][962]LogSavePackage: Total save time: 20.158846ms
[2016.04.15-05.42.35:853][962]LogSavePackage:Display: Finished SavePackage ../../../../../../Users/Mandy/Documents/GitHub/HotelBete/Content/Hotel/Art/Models/Guest_Floor/AtticStairs.uasset
[2016.04.15-05.42.35:888][963]MaterialEditorStats: Info Base pass shader with only dynamic lighting: 67 instructions
[2016.04.15-05.42.35:888][963]MaterialEditorStats: Info Vertex shader: 33 instructions
[2016.04.15-05.42.35:888][963]MaterialEditorStats: Info Texture samplers: 6/16
[2016.04.15-05.42.55:679][512]LogMaterial: Missing cached shader map for material AtticRailing, compiling. 
[2016.04.15-05.42.55:815][512]LogMaterial: Missing cached shader map for material AtticRailing, compiling. 
[2016.04.15-05.42.55:820][512]LogMaterial: 0.000053 seconds spent updating 1 materials, 1 interfaces, 0 instances, 0 with static permutations.
[2016.04.15-05.42.55:858][512]LogMaterial: Missing cached shader map for material FMatExpressionPreview MaterialExpressionTextureSample_7, compiling. 
[2016.04.15-05.42.55:862][512]LogMaterial: Missing cached shader map for material FMatExpressionPreview MaterialExpressionTextureSample_8, compiling. 
[2016.04.15-05.42.57:807][588]MaterialEditorStats: Info Base pass shader with only dynamic lighting: 47 instructions
[2016.04.15-05.42.57:807][588]MaterialEditorStats: Info Vertex shader: 33 instructions
[2016.04.15-05.42.57:807][588]MaterialEditorStats: Info Texture samplers: 2/16
[2016.04.15-05.43.10:586][289]LogMaterial: Missing cached shader map for material AtticRailing, compiling. 
[2016.04.15-05.43.10:591][289]LogMaterial: 0.000127 seconds spent updating 1 materials, 1 interfaces, 0 instances, 0 with static permutations.
[2016.04.15-05.43.10:598][289]LogMaterial: Missing cached shader map for material FMatExpressionPreview MaterialExpressionTextureSample_2, compiling. 
[2016.04.15-05.43.10:631][289]LogMaterial: Missing cached shader map for material FMatExpressionPreview MaterialExpressionTextureSample_7, compiling. 
[2016.04.15-05.43.10:634][289]LogMaterial: Missing cached shader map for material FMatExpressionPreview MaterialExpressionTextureSample_8, compiling. 
[2016.04.15-05.43.10:638][289]LogMaterial: Missing cached shader map for material FMatExpressionPreview MaterialExpressionTextureSample_2, compiling. 
[2016.04.15-05.43.11:889][339]MaterialEditorStats: Info Base pass shader with only dynamic lighting: 47 instructions
[2016.04.15-05.43.11:889][339]MaterialEditorStats: Info Vertex shader: 33 instructions
[2016.04.15-05.43.11:889][339]MaterialEditorStats: Info Texture samplers: 2/16
[2016.04.15-05.43.12:957][388]LogMaterial: Missing cached shader map for material AtticRailing, compiling. 
[2016.04.15-05.43.12:963][388]LogMaterial: 0.000093 seconds spent updating 1 materials, 1 interfaces, 0 instances, 0 with static permutations.
[2016.04.15-05.43.13:007][388]LogMaterial: Missing cached shader map for material FMatExpressionPreview MaterialExpressionTextureSample_2, compiling. 
[2016.04.15-05.43.14:301][443]MaterialEditorStats: Info Base pass shader with only dynamic lighting: 47 instructions
[2016.04.15-05.43.14:301][443]MaterialEditorStats: Info Vertex shader: 33 instructions
[2016.04.15-05.43.14:301][443]MaterialEditorStats: Info Texture samplers: 3/16
[2016.04.15-05.43.14:969][479]LogMaterialEditor: Applying material AtticRailing
[2016.04.15-05.43.15:645][479]LogMaterial: Missing cached shader map for material AtticRailing, compiling. 
[2016.04.15-05.43.15:659][479]LogMaterial: 0.000096 seconds spent updating 1 materials, 1 interfaces, 0 instances, 0 with static permutations.
[2016.04.15-05.43.15:692][479]LogMaterial: Missing cached shader map for material AtticRailing, compiling. 
[2016.04.15-05.43.15:710][479]LogMaterial: Missing cached shader map for material AtticRailing, compiling. 
[2016.04.15-05.43.15:719][479]LogMaterial: 0.002450 seconds spent updating 1 materials, 1 interfaces, 0 instances, 0 with static permutations.
[2016.04.15-05.43.17:201][546]LogMaterialEditor: Saving and Compiling material AtticRailing
[2016.04.15-05.43.18:779][546]LogSavePackage: Save=15.218624ms
[2016.04.15-05.43.18:779][546]LogSavePackage: Moving '../../../../../../Users/Mandy/Documents/GitHub/HotelBete/Saved/AtticRailing8DA7B82F470B05E8D21FB38201BD4662.tmp' to '../../../../../../Users/Mandy/Documents/GitHub/HotelBete/Content/Hotel/Art/Models/Guest_Floor/AtticRailing.uasset'
[2016.04.15-05.43.18:780][546]LogSavePackage: Total save time: 19.166403ms
[2016.04.15-05.43.18:780][546]LogSavePackage:Display: Finished SavePackage ../../../../../../Users/Mandy/Documents/GitHub/HotelBete/Content/Hotel/Art/Models/Guest_Floor/AtticRailing.uasset
[2016.04.15-05.43.18:813][547]MaterialEditorStats: Info Base pass shader with only dynamic lighting: 67 instructions
[2016.04.15-05.43.18:813][547]MaterialEditorStats: Info Vertex shader: 33 instructions
[2016.04.15-05.43.18:813][547]MaterialEditorStats: Info Texture samplers: 6/16
[2016.04.15-05.43.23:802][914]LogEditorViewport: Clicking on Actor (LMB): StaticMeshActor (Stairs_haunted)
[2016.04.15-05.43.32:742][419]LogEditorViewport: Clicking on Actor (LMB): StaticMeshActor (guest_floor_haunted2)
[2016.04.15-05.44.02:558][918]LogParticles: Destroying 0 GPU particle simulations for FXSystem 0x00000000120BBB00
[2016.04.15-05.44.02:559][918]LogParticles: Destroying 0 GPU particle simulations for FXSystem 0x00000000104A9080
[2016.04.15-05.44.02:560][918]LogParticles: Destroying 0 GPU particle simulations for FXSystem 0x0000000039DFF420
[2016.04.15-05.44.02:734][918]Cmd: OBJ SAVEPACKAGE PACKAGE="/Game/Hotel/Levels/World" FILE="../../../../../../Users/Mandy/Documents/GitHub/HotelBete/Content/Hotel/Levels/World.umap" SILENT=true AUTOSAVING=false KEEPDIRTY=false
[2016.04.15-05.44.04:821][918]LogSavePackage: Save=2034.835449ms
[2016.04.15-05.44.04:821][918]LogSavePackage: Moving '../../../../../../Users/Mandy/Documents/GitHub/HotelBete/Saved/WorldCA79C3D8412DB2CEEBDBCBAB7BBE3A8C.tmp' to '../../../../../../Users/Mandy/Documents/GitHub/HotelBete/Content/Hotel/Levels/World.umap'
[2016.04.15-05.44.04:824][918]LogSavePackage: Total save time: 2059.825547ms
[2016.04.15-05.44.04:824][918]LogSavePackage:Display: Finished SavePackage ../../../../../../Users/Mandy/Documents/GitHub/HotelBete/Content/Hotel/Levels/World.umap
[2016.04.15-05.44.04:871][918]LogFileHelpers: Saving map 'World' took 2.255
[2016.04.15-05.44.06:566][918]LogSavePackage: Save=1661.462646ms
[2016.04.15-05.44.06:567][918]LogSavePackage: Moving '../../../../../../Users/Mandy/Documents/GitHub/HotelBete/Saved/hotel_haunted_AtticStairs_AmbientOcclusionAB95D9894187E990F4059BA0EF47E216.tmp' to '../../../../../../Users/Mandy/Documents/GitHub/HotelBete/Content/Hotel/Art/Textures/Stairs/hotel_haunted_AtticStairs_AmbientOcclusion.uasset'
[2016.04.15-05.44.06:568][918]LogSavePackage: Total save time: 1663.139101ms
[2016.04.15-05.44.06:568][918]LogSavePackage:Display: Finished SavePackage ../../../../../../Users/Mandy/Documents/GitHub/HotelBete/Content/Hotel/Art/Textures/Stairs/hotel_haunted_AtticStairs_AmbientOcclusion.uasset
[2016.04.15-05.44.09:810][918]LogSavePackage: Save=3211.960693ms
[2016.04.15-05.44.09:810][918]LogSavePackage: Moving '../../../../../../Users/Mandy/Documents/GitHub/HotelBete/Saved/hotel_haunted_GuestStairs_AmbientOcclusion8F68D9A3482715139DD7868F800B809A.tmp' to '../../../../../../Users/Mandy/Documents/GitHub/HotelBete/Content/Hotel/Art/Textures/Stairs/hotel_haunted_GuestStairs_AmbientOcclusion.uasset'
[2016.04.15-05.44.09:812][918]LogSavePackage: Total save time: 3213.586364ms
[2016.04.15-05.44.09:812][918]LogSavePackage:Display: Finished SavePackage ../../../../../../Users/Mandy/Documents/GitHub/HotelBete/Content/Hotel/Art/Textures/Stairs/hotel_haunted_GuestStairs_AmbientOcclusion.uasset
[2016.04.15-05.44.11:590][ 42]Cmd: QUIT_EDITOR
[2016.04.15-05.44.11:807][ 42]LogExit: Preparing to exit.
[2016.04.15-05.44.12:911][ 42]LogExit: Editor shut down
[2016.04.15-05.44.12:911][ 42]LogExit: Transaction tracking system shut down
[2016.04.15-05.44.12:974][ 42]LogParticles: Destroying 0 GPU particle simulations for FXSystem 0x000000003B0BB880
[2016.04.15-05.44.12:974][ 42]LogParticles: Destroying 0 GPU particle simulations for FXSystem 0x000000003AF7FA60
[2016.04.15-05.44.12:974][ 42]LogParticles: Destroying 0 GPU particle simulations for FXSystem 0x000000003C47F2E0
[2016.04.15-05.44.12:974][ 42]LogParticles: Destroying 0 GPU particle simulations for FXSystem 0x000000003C47E8E0
[2016.04.15-05.44.12:984][ 42]LogParticles: Destroying 0 GPU particle simulations for FXSystem 0x000000007265DEE0
[2016.04.15-05.44.13:356][ 42]LogExit: Object subsystem successfully closed.
[2016.04.15-05.44.13:383][ 42]LogD3D11RHI: Shutdown
[2016.04.15-05.44.13:383][ 42]LogD3D11RHI: CleanupD3DDevice
[2016.04.15-05.44.13:648][ 42]LogD3D11RHI: ~FD3D11DynamicRHI
[2016.04.15-05.44.13:664][ 42]LogModuleManager: Shutting down and abandoning module MaterialEditor (202)
[2016.04.15-05.44.13:664][ 42]LogModuleManager: Shutting down and abandoning module CookingStats (201)
[2016.04.15-05.44.13:664][ 42]LogModuleManager: Shutting down and abandoning module CrashTracker (200)
[2016.04.15-05.44.13:664][ 42]LogModuleManager: Shutting down and abandoning module SceneOutliner (199)
[2016.04.15-05.44.13:664][ 42]LogModuleManager: Shutting down and abandoning module SuperSearch (198)
[2016.04.15-05.44.13:664][ 42]LogModuleManager: Shutting down and abandoning module WidgetCarousel (197)
[2016.04.15-05.44.13:664][ 42]LogModuleManager: Shutting down and abandoning module AddContentDialog (196)
[2016.04.15-05.44.13:667][ 42]LogModuleManager: Shutting down and abandoning module EditorWidgets (195)
[2016.04.15-05.44.13:667][ 42]LogModuleManager: Shutting down and abandoning module CollectionManager (194)
[2016.04.15-05.44.13:668][ 42]LogModuleManager: Shutting down and abandoning module StatsViewer (193)
[2016.04.15-05.44.13:668][ 42]LogModuleManager: Shutting down and abandoning module FoliageEdit (192)
[2016.04.15-05.44.13:668][ 42]LogModuleManager: Shutting down and abandoning module LandscapeEditor (191)
[2016.04.15-05.44.13:668][ 42]LogModuleManager: Shutting down and abandoning module ActorPickerMode (190)
[2016.04.15-05.44.13:668][ 42]LogModuleManager: Shutting down and abandoning module GeometryMode (189)
[2016.04.15-05.44.13:668][ 42]LogModuleManager: Shutting down and abandoning module TextureAlignMode (188)
[2016.04.15-05.44.13:668][ 42]LogModuleManager: Shutting down and abandoning module BspMode (187)
[2016.04.15-05.44.13:668][ 42]LogModuleManager: Shutting down and abandoning module PlacementMode (186)
[2016.04.15-05.44.13:668][ 42]LogModuleManager: Shutting down and abandoning module AutomationWorker (185)
[2016.04.15-05.44.13:668][ 42]LogModuleManager: Shutting down and abandoning module CharacterAI (184)
[2016.04.15-05.44.13:668][ 42]LogModuleManager: Shutting down and abandoning module SmartSnapping (183)
[2016.04.15-05.44.13:668][ 42]LogModuleManager: Shutting down and abandoning module ViewportSnapping (182)
[2016.04.15-05.44.13:668][ 42]LogModuleManager: Shutting down and abandoning module LogVisualizer (181)
[2016.04.15-05.44.13:668][ 42]LogModuleManager: Shutting down and abandoning module GameProjectGeneration (180)
[2016.04.15-05.44.13:669][ 42]LogModuleManager: Shutting down and abandoning module IntroTutorials (179)
[2016.04.15-05.44.13:669][ 42]LogModuleManager: Shutting down and abandoning module EditorLiveStreaming (178)
[2016.04.15-05.44.13:669][ 42]LogModuleManager: Shutting down and abandoning module IOSPlatformEditor (177)
[2016.04.15-05.44.13:669][ 42]LogModuleManager: Shutting down and abandoning module HTML5PlatformEditor (176)
[2016.04.15-05.44.13:669][ 42]LogModuleManager: Shutting down and abandoning module AndroidDeviceDetection (175)
[2016.04.15-05.44.13:949][ 42]LogModuleManager: Shutting down and abandoning module AndroidPlatformEditor (174)
[2016.04.15-05.44.13:949][ 42]LogModuleManager: Shutting down and abandoning module IOSRuntimeSettings (173)
[2016.04.15-05.44.13:949][ 42]LogModuleManager: Shutting down and abandoning module AndroidRuntimeSettings (172)
[2016.04.15-05.44.13:949][ 42]LogModuleManager: Shutting down and abandoning module MergeActors (171)
[2016.04.15-05.44.13:949][ 42]LogModuleManager: Shutting down and abandoning module SizeMap (170)
[2016.04.15-05.44.13:949][ 42]LogModuleManager: Shutting down and abandoning module TreeMap (169)
[2016.04.15-05.44.13:949][ 42]LogModuleManager: Shutting down and abandoning module ReferenceViewer (168)
[2016.04.15-05.44.13:949][ 42]LogModuleManager: Shutting down and abandoning module LocalizationService (167)
[2016.04.15-05.44.13:949][ 42]LogModuleManager: Shutting down and abandoning module LocalizationDashboard (166)
[2016.04.15-05.44.13:949][ 42]LogModuleManager: Shutting down and abandoning module HardwareTargeting (165)
[2016.04.15-05.44.13:949][ 42]LogModuleManager: Shutting down and abandoning module DeviceProfileEditor (164)
[2016.04.15-05.44.13:949][ 42]LogModuleManager: Shutting down and abandoning module UndoHistory (163)
[2016.04.15-05.44.13:950][ 42]LogModuleManager: Shutting down and abandoning module GameplayTagsEditor (162)
[2016.04.15-05.44.13:950][ 42]LogModuleManager: Shutting down and abandoning module UserFeedback (161)
[2016.04.15-05.44.13:950][ 42]LogModuleManager: Shutting down and abandoning module XmlParser (160)
[2016.04.15-05.44.13:950][ 42]LogModuleManager: Shutting down and abandoning module Blutility (159)
[2016.04.15-05.44.13:950][ 42]LogModuleManager: Shutting down and abandoning module ProjectTargetPlatformEditor (158)
[2016.04.15-05.44.13:950][ 42]LogModuleManager: Shutting down and abandoning module ProjectSettingsViewer (157)
[2016.04.15-05.44.13:950][ 42]LogModuleManager: Shutting down and abandoning module InputBindingEditor (156)
[2016.04.15-05.44.13:950][ 42]LogModuleManager: Shutting down and abandoning module EditorSettingsViewer (155)
[2016.04.15-05.44.13:951][ 42]LogModuleManager: Shutting down and abandoning module SettingsEditor (154)
[2016.04.15-05.44.13:951][ 42]LogModuleManager: Shutting down and abandoning module ProjectLauncher (153)
[2016.04.15-05.44.13:951][ 42]LogModuleManager: Shutting down and abandoning module SessionFrontend (152)
[2016.04.15-05.44.13:951][ 42]LogModuleManager: Shutting down and abandoning module ProfilerClient (151)
[2016.04.15-05.44.13:951][ 42]LogModuleManager: Shutting down and abandoning module TargetDeviceServices (150)
[2016.04.15-05.44.13:951][ 42]LogModuleManager: Shutting down and abandoning module DeviceManager (149)
[2016.04.15-05.44.13:951][ 42]LogModuleManager: Shutting down and abandoning module AutomationController (148)
[2016.04.15-05.44.13:951][ 42]LogModuleManager: Shutting down and abandoning module AutomationWindow (147)
[2016.04.15-05.44.13:951][ 42]LogModuleManager: Shutting down and abandoning module Layers (146)
[2016.04.15-05.44.13:951][ 42]LogModuleManager: Shutting down and abandoning module ComponentVisualizers (145)
[2016.04.15-05.44.13:952][ 42]LogModuleManager: Shutting down and abandoning module DetailCustomizations (144)
[2016.04.15-05.44.13:952][ 42]LogModuleManager: Shutting down and abandoning module PackagesDialog (143)
[2016.04.15-05.44.13:952][ 42]LogModuleManager: Shutting down and abandoning module Persona (142)
[2016.04.15-05.44.13:952][ 42]LogModuleManager: Shutting down and abandoning module Kismet (141)
[2016.04.15-05.44.13:952][ 42]LogModuleManager: Shutting down and abandoning module GraphEditor (140)
[2016.04.15-05.44.13:953][ 42]LogModuleManager: Shutting down and abandoning module ClassViewer (139)
[2016.04.15-05.44.13:953][ 42]LogModuleManager: Shutting down and abandoning module Toolbox (138)
[2016.04.15-05.44.13:953][ 42]LogModuleManager: Shutting down and abandoning module ModuleUI (137)
[2016.04.15-05.44.13:953][ 42]LogModuleManager: Shutting down and abandoning module MovieSceneTools (136)
[2016.04.15-05.44.13:953][ 42]LogModuleManager: Shutting down and abandoning module OutputLog (135)
[2016.04.15-05.44.13:953][ 42]LogModuleManager: Shutting down and abandoning module GammaUI (134)
[2016.04.15-05.44.13:953][ 42]LogModuleManager: Shutting down and abandoning module Documentation (133)
[2016.04.15-05.44.13:953][ 42]LogModuleManager: Shutting down and abandoning module GameLiveStreaming (132)
[2016.04.15-05.44.13:953][ 42]LogModuleManager: Shutting down and abandoning module StreamingPauseRendering (131)
[2016.04.15-05.44.13:953][ 42]LogModuleManager: Shutting down and abandoning module AnalyticsET (130)
[2016.04.15-05.44.13:953][ 42]LogModuleManager: Shutting down and abandoning module Analytics (129)
[2016.04.15-05.44.13:953][ 42]LogModuleManager: Shutting down and abandoning module AITestSuite (128)
[2016.04.15-05.44.13:953][ 42]LogModuleManager: Shutting down and abandoning module GameplayDebugger (127)
[2016.04.15-05.44.13:953][ 42]LogModuleManager: Shutting down and abandoning module AIModule (126)
[2016.04.15-05.44.13:953][ 42]LogModuleManager: Shutting down and abandoning module ProfilerService (125)
[2016.04.15-05.44.13:973][ 42]LogModuleManager: Shutting down and abandoning module TaskGraph (124)
[2016.04.15-05.44.13:973][ 42]LogModuleManager: Shutting down and abandoning module SubstanceEditor (123)
[2016.04.15-05.44.13:973][ 42]LogModuleManager: Shutting down and abandoning module SlateRemote (122)
[2016.04.15-05.44.13:973][ 42]LogModuleManager: Shutting down and abandoning module SteamVRController (121)
[2016.04.15-05.44.13:973][ 42]LogModuleManager: Shutting down and abandoning module SteamVR (120)
[2016.04.15-05.44.13:973][ 42]LogModuleManager: Shutting down and abandoning module ProceduralMeshComponent (119)
[2016.04.15-05.44.13:973][ 42]LogModuleManager: Shutting down and abandoning module OculusLibrary (118)
[2016.04.15-05.44.13:973][ 42]LogModuleManager: Shutting down and abandoning module OculusInput (117)
[2016.04.15-05.44.13:973][ 42]LogModuleManager: Shutting down and abandoning module LeapMotionController (116)
[2016.04.15-05.44.13:995][ 42]LogModuleManager: Shutting down and abandoning module CustomMeshComponent (115)
[2016.04.15-05.44.13:995][ 42]LogModuleManager: Shutting down and abandoning module CableComponent (114)
[2016.04.15-05.44.13:995][ 42]LogModuleManager: Shutting down and abandoning module ArchVisCharacter (113)
[2016.04.15-05.44.13:995][ 42]LogModuleManager: Shutting down and abandoning module MessagingDebugger (112)
[2016.04.15-05.44.13:995][ 42]LogModuleManager: Shutting down and abandoning module MediaPlayerEditor (111)
[2016.04.15-05.44.13:995][ 42]LogModuleManager: Shutting down and abandoning module HTML5Networking (110)
[2016.04.15-05.44.13:995][ 42]LogModuleManager: Shutting down and abandoning module SpeedTreeImporter (109)
[2016.04.15-05.44.13:995][ 42]LogModuleManager: Shutting down and abandoning module PluginBrowser (108)
[2016.04.15-05.44.13:996][ 42]LogModuleManager: Shutting down and abandoning module EpicSurvey (107)
[2016.04.15-05.44.13:996][ 42]LogModuleManager: Shutting down and abandoning module DesktopPlatform (106)
[2016.04.15-05.44.13:996][ 42]LogModuleManager: Shutting down and abandoning module VisualStudioSourceCodeAccess (105)
[2016.04.15-05.44.13:996][ 42]LogModuleManager: Shutting down and abandoning module UObjectPlugin (104)
[2016.04.15-05.44.13:996][ 42]LogModuleManager: Shutting down and abandoning module SubversionSourceControl (103)
[2016.04.15-05.44.13:996][ 42]LogModuleManager: Shutting down and abandoning module PerforceSourceControl (102)
[2016.04.15-05.44.13:996][ 42]LogModuleManager: Shutting down and abandoning module SourceControl (101)
[2016.04.15-05.44.13:996][ 42]LogModuleManager: Shutting down and abandoning module GitSourceControl (100)
[2016.04.15-05.44.13:996][ 42]LogModuleManager: Shutting down and abandoning module LightPropagationVolumeEditor (99)
[2016.04.15-05.44.13:996][ 42]LogModuleManager: Shutting down and abandoning module PaperTiledImporter (98)
[2016.04.15-05.44.13:996][ 42]LogModuleManager: Shutting down and abandoning module PaperSpriteSheetImporter (97)
[2016.04.15-05.44.13:996][ 42]LogModuleManager: Shutting down and abandoning module MeshPaint (96)
[2016.04.15-05.44.13:996][ 42]LogModuleManager: Shutting down and abandoning module SlateReflector (95)
[2016.04.15-05.44.13:996][ 42]LogModuleManager: Shutting down and abandoning module HotReload (94)
[2016.04.15-05.44.13:997][ 42]LogModuleManager: Shutting down and abandoning module MainFrame (93)
[2016.04.15-05.44.13:997][ 42]LogModuleManager: Shutting down and abandoning module LevelEditor (92)
[2016.04.15-05.44.14:000][ 42]LogModuleManager: Shutting down and abandoning module ContentBrowser (91)
[2016.04.15-05.44.14:003][ 42]LogModuleManager: Shutting down and abandoning module Paper2DEditor (90)
[2016.04.15-05.44.14:003][ 42]LogModuleManager: Shutting down and abandoning module UdpMessaging (89)
[2016.04.15-05.44.14:103][ 42]LogModuleManager: Shutting down and abandoning module DirectoryWatcher (88)
[2016.04.15-05.44.14:105][ 42]LogModuleManager: Shutting down and abandoning module AssetRegistry (87)
[2016.04.15-05.44.14:211][ 42]LogModuleManager: Shutting down and abandoning module SubstanceCore (86)
[2016.04.15-05.44.14:212][ 42]LogModuleManager: Shutting down and abandoning module LightPropagationVolumeRuntime (85)
[2016.04.15-05.44.14:212][ 42]LogModuleManager: Shutting down and abandoning module Paper2D (84)
[2016.04.15-05.44.14:212][ 42]LogModuleManager: Shutting down and abandoning module WindowsMoviePlayer (83)
[2016.04.15-05.44.14:218][ 42]LogModuleManager: Shutting down and abandoning module Media (82)
[2016.04.15-05.44.14:219][ 42]LogModuleManager: Shutting down and abandoning module WmfMedia (81)
[2016.04.15-05.44.14:219][ 42]LogModuleManager: Shutting down and abandoning module OnlineBlueprintSupport (80)
[2016.04.15-05.44.14:219][ 42]LogModuleManager: Shutting down and abandoning module GameplayTasksEditor (79)
[2016.04.15-05.44.14:219][ 42]LogModuleManager: Shutting down and abandoning module PropertyEditor (78)
[2016.04.15-05.44.14:219][ 42]LogModuleManager: Shutting down and abandoning module BehaviorTreeEditor (77)
[2016.04.15-05.44.14:219][ 42]LogModuleManager: Shutting down and abandoning module FunctionalTesting (76)
[2016.04.15-05.44.14:219][ 42]LogModuleManager: Shutting down and abandoning module CollisionAnalyzer (75)
[2016.04.15-05.44.14:219][ 42]LogModuleManager: Shutting down and abandoning module WorkspaceMenuStructure (74)
[2016.04.15-05.44.14:219][ 42]LogModuleManager: Shutting down and abandoning module MessageLog (73)
[2016.04.15-05.44.14:219][ 42]LogModuleManager: Shutting down and abandoning module Sequencer (72)
[2016.04.15-05.44.14:219][ 42]LogModuleManager: Shutting down and abandoning module AssetTools (71)
[2016.04.15-05.44.14:219][ 42]LogModuleManager: Shutting down and abandoning module UMGEditor (70)
[2016.04.15-05.44.14:219][ 42]LogModuleManager: Shutting down and abandoning module UMG (69)
[2016.04.15-05.44.14:219][ 42]LogModuleManager: Shutting down and abandoning module Slate (68)
[2016.04.15-05.44.14:219][ 42]LogModuleManager: Shutting down and abandoning module EditorStyle (67)
[2016.04.15-05.44.14:222][ 42]LogModuleManager: Shutting down and abandoning module SessionServices (66)
[2016.04.15-05.44.14:222][ 42]LogModuleManager: Shutting down and abandoning module SourceCodeAccess (65)
[2016.04.15-05.44.14:222][ 42]LogModuleManager: Shutting down and abandoning module HeadMountedDisplay (64)
[2016.04.15-05.44.14:222][ 42]LogModuleManager: Shutting down and abandoning module XAudio2 (63)
[2016.04.15-05.44.14:222][ 42]LogModuleManager: Shutting down and abandoning module Networking (61)
[2016.04.15-05.44.14:222][ 42]LogModuleManager: Shutting down and abandoning module Core (60)
[2016.04.15-05.44.14:222][ 42]LogModuleManager: Shutting down and abandoning module KismetCompiler (59)
[2016.04.15-05.44.14:222][ 42]LogModuleManager: Shutting down and abandoning module PhysXFormats (58)
[2016.04.15-05.44.14:222][ 42]LogModuleManager: Shutting down and abandoning module MeshUtilities (57)
[2016.04.15-05.44.14:222][ 42]LogModuleManager: Shutting down and abandoning module DerivedDataCache (56)
[2016.04.15-05.44.14:303][ 42]LogDerivedDataCache: Shutdown
[2016.04.15-05.44.14:303][ 42]LogModuleManager: Shutting down and abandoning module ShaderFormatOpenGL (55)
[2016.04.15-05.44.14:303][ 42]LogModuleManager: Shutting down and abandoning module ShaderFormatD3D (54)
[2016.04.15-05.44.14:303][ 42]LogModuleManager: Shutting down and abandoning module MetalShaderFormat (53)
[2016.04.15-05.44.14:303][ 42]LogModuleManager: Shutting down and abandoning module TextureFormatUncompressed (52)
[2016.04.15-05.44.14:303][ 42]LogModuleManager: Shutting down and abandoning module TextureFormatPVR (51)
[2016.04.15-05.44.14:303][ 42]LogModuleManager: Shutting down and abandoning module TextureFormatIntelISPCTexComp (50)
[2016.04.15-05.44.14:303][ 42]LogModuleManager: Shutting down and abandoning module TextureFormatDXT (49)
[2016.04.15-05.44.14:303][ 42]LogModuleManager: Shutting down and abandoning module ImageWrapper (48)
[2016.04.15-05.44.14:303][ 42]LogModuleManager: Shutting down and abandoning module TextureFormatASTC (47)
[2016.04.15-05.44.14:303][ 42]LogModuleManager: Shutting down and abandoning module TextureFormatAndroid (46)
[2016.04.15-05.44.14:303][ 42]LogModuleManager: Shutting down and abandoning module AudioFormatOpus (45)
[2016.04.15-05.44.14:303][ 42]LogModuleManager: Shutting down and abandoning module AudioFormatOgg (44)
[2016.04.15-05.44.14:303][ 42]LogModuleManager: Shutting down and abandoning module AudioFormatADPCM (43)
[2016.04.15-05.44.14:303][ 42]LogModuleManager: Shutting down and abandoning module LinuxTargetPlatform (42)
[2016.04.15-05.44.14:304][ 42]LogModuleManager: Shutting down and abandoning module LinuxServerTargetPlatform (41)
[2016.04.15-05.44.14:304][ 42]LogModuleManager: Shutting down and abandoning module LinuxNoEditorTargetPlatform (40)
[2016.04.15-05.44.14:304][ 42]LogModuleManager: Shutting down and abandoning module Messaging (39)
[2016.04.15-05.44.14:304][ 42]LogModuleManager: Shutting down and abandoning module IOSTargetPlatform (38)
[2016.04.15-05.44.14:304][ 42]LogModuleManager: Shutting down and abandoning module HTML5TargetPlatform (37)
[2016.04.15-05.44.14:304][ 42]LogModuleManager: Shutting down and abandoning module Android_PVRTCTargetPlatform (36)
[2016.04.15-05.44.14:304][ 42]LogModuleManager: Shutting down and abandoning module Android_MultiTargetPlatform (35)
[2016.04.15-05.44.14:304][ 42]LogModuleManager: Shutting down and abandoning module Android_ETC2TargetPlatform (34)
[2016.04.15-05.44.14:304][ 42]LogModuleManager: Shutting down and abandoning module Android_ETC1TargetPlatform (33)
[2016.04.15-05.44.14:304][ 42]LogModuleManager: Shutting down and abandoning module Android_DXTTargetPlatform (32)
[2016.04.15-05.44.14:304][ 42]LogModuleManager: Shutting down and abandoning module Android_ATCTargetPlatform (31)
[2016.04.15-05.44.14:304][ 42]LogModuleManager: Shutting down and abandoning module Android_ASTCTargetPlatform (30)
[2016.04.15-05.44.14:304][ 42]LogModuleManager: Shutting down and abandoning module AndroidTargetPlatform (29)
[2016.04.15-05.44.14:304][ 42]LogModuleManager: Shutting down and abandoning module WindowsTargetPlatform (28)
[2016.04.15-05.44.14:304][ 42]LogModuleManager: Shutting down and abandoning module WindowsServerTargetPlatform (27)
[2016.04.15-05.44.14:304][ 42]LogModuleManager: Shutting down and abandoning module WindowsNoEditorTargetPlatform (26)
[2016.04.15-05.44.14:304][ 42]LogModuleManager: Shutting down and abandoning module WindowsClientTargetPlatform (25)
[2016.04.15-05.44.14:304][ 42]LogModuleManager: Shutting down and abandoning module AllDesktopTargetPlatform (24)
[2016.04.15-05.44.14:304][ 42]LogModuleManager: Shutting down and abandoning module TargetPlatform (23)
[2016.04.15-05.44.14:304][ 42]LogModuleManager: Shutting down and abandoning module InputCore (22)
[2016.04.15-05.44.14:304][ 42]LogModuleManager: Shutting down and abandoning module Settings (21)
[2016.04.15-05.44.14:305][ 42]LogModuleManager: Shutting down and abandoning module OnlineSubsystem (19)
[2016.04.15-05.44.14:305][ 42]LogModuleManager: Shutting down and abandoning module HTTP (18)
[2016.04.15-05.44.16:306][ 42]LogModuleManager: Shutting down and abandoning module XMPP (17)
[2016.04.15-05.44.16:306][ 42]LogModuleManager: Shutting down and abandoning module OculusRift (16)
[2016.04.15-05.44.16:306][ 42]LogModuleManager: Shutting down and abandoning module ExampleDeviceProfileSelector (15)
[2016.04.15-05.44.16:306][ 42]LogModuleManager: Shutting down and abandoning module TextureCompressor (14)
[2016.04.15-05.44.16:306][ 42]LogModuleManager: Shutting down and abandoning module ShaderCore (13)
[2016.04.15-05.44.16:306][ 42]LogModuleManager: Shutting down and abandoning module Landscape (12)
[2016.04.15-05.44.16:306][ 42]LogModuleManager: Shutting down and abandoning module SlateRHIRenderer (11)
[2016.04.15-05.44.16:308][ 42]LogModuleManager: Shutting down and abandoning module OpenGLDrv (10)
[2016.04.15-05.44.16:308][ 42]LogModuleManager: Shutting down and abandoning module D3D11RHI (9)
[2016.04.15-05.44.16:308][ 42]LogModuleManager: Shutting down and abandoning module AnimGraphRuntime (8)
[2016.04.15-05.44.16:308][ 42]LogModuleManager: Shutting down and abandoning module Renderer (7)
[2016.04.15-05.44.16:308][ 42]LogModuleManager: Shutting down and abandoning module Engine (6)
[2016.04.15-05.44.16:308][ 42]LogModuleManager: Shutting down and abandoning module CoreUObject (5)
[2016.04.15-05.44.16:308][ 42]LogModuleManager: Shutting down and abandoning module NetworkFile (4)
[2016.04.15-05.44.16:308][ 42]LogModuleManager: Shutting down and abandoning module StreamingFile (3)
[2016.04.15-05.44.16:308][ 42]LogModuleManager: Shutting down and abandoning module SandboxFile (2)
[2016.04.15-05.44.16:308][ 42]LogModuleManager: Shutting down and abandoning module PakFile (1)
[2016.04.15-05.44.16:311][ 42]LogExit: Exiting.
[2016.04.15-05.44.16:312][ 42]Log file closed, 04/15/16 01:44:16
