[2016.04.16-18.28.11:595][  0]Log file open, 04/16/16 14:28:11
[2016.04.16-18.28.11:595][  0]LogInit:Display: Running engine for game: Hotel
[2016.04.16-18.28.11:595][  0]LogPlatformFile: Not using cached read wrapper
[2016.04.16-18.28.11:595][  0]LogInit:Display: RandInit(1013935898) SRandInit(1013935947).
[2016.04.16-18.28.11:595][  0]LogTaskGraph: Started task graph with 4 named threads and 7 total threads.
[2016.04.16-18.28.11:595][  0]LogStats: Stats thread started at 3.172389
[2016.04.16-18.28.11:595][  0]LogInit: Version: 4.10.4-2872498+++depot+UE4-Releases+4.10
[2016.04.16-18.28.11:595][  0]LogInit: API Version: 2758231
[2016.04.16-18.28.11:595][  0]LogInit: Compiled (64-bit): Feb 18 2016 15:47:04
[2016.04.16-18.28.11:595][  0]LogInit: Compiled with Visual C++: 19.00.23026.00
[2016.04.16-18.28.11:595][  0]LogInit: Build Configuration: Development
[2016.04.16-18.28.11:596][  0]LogInit: Branch Name: ++depot+UE4-Releases+4.10
[2016.04.16-18.28.11:596][  0]LogInit: Command line:  
[2016.04.16-18.28.11:596][  0]LogInit: Base directory: E:/Program Files (x86)/Epic Games/4.10/Engine/Binaries/Win64/
[2016.04.16-18.28.11:596][  0]LogInit: Rocket: 1
[2016.04.16-18.28.11:680][  0]LogInit: Using libcurl 7.41.0
[2016.04.16-18.28.11:680][  0]LogInit:  - built for x86_64-pc-win32
[2016.04.16-18.28.11:680][  0]LogInit:  - supports SSL with WinSSL
[2016.04.16-18.28.11:680][  0]LogInit:  - other features:
[2016.04.16-18.28.11:680][  0]LogInit:      CURL_VERSION_SSL
[2016.04.16-18.28.11:680][  0]LogInit:      CURL_VERSION_IPV6
[2016.04.16-18.28.11:681][  0]LogInit:      CURL_VERSION_ASYNCHDNS
[2016.04.16-18.28.11:681][  0]LogInit:      CURL_VERSION_LARGEFILE
[2016.04.16-18.28.11:681][  0]LogInit:      CURL_VERSION_IDN
[2016.04.16-18.28.11:682][  0]LogInit:  CurlRequestOptions (configurable via config and command line):
[2016.04.16-18.28.11:682][  0]LogInit:  - bVerifyPeer = true  - Libcurl will verify peer certificate
[2016.04.16-18.28.11:682][  0]LogInit:  - bUseHttpProxy = false  - Libcurl will NOT use HTTP proxy
[2016.04.16-18.28.11:682][  0]LogInit:  - bDontReuseConnections = false  - Libcurl will reuse connections
[2016.04.16-18.28.11:682][  0]LogInit:  - CertBundlePath = nullptr  - Libcurl will use whatever was configured at build time.
[2016.04.16-18.28.11:816][  0]LogInit: Presizing for 0 objects not considered by GC, pre-allocating 0 bytes.
[2016.04.16-18.28.12:020][  0]LogInit: Object subsystem initialized
[2016.04.16-18.28.12:176][  0]LogInit: Selected Device Profile: [Windows]
[2016.04.16-18.28.12:176][  0]LogInit: Applying CVar settings loaded from the selected device profile: [Windows]
[2016.04.16-18.28.12:248][  0]LogInit: Computer: MANDY-PC
[2016.04.16-18.28.12:248][  0]LogInit: User: Mandy
[2016.04.16-18.28.12:249][  0]LogInit: CPU Page size=4096, Cores=4
[2016.04.16-18.28.12:249][  0]LogInit: High frequency timer resolution =14.318180 MHz
[2016.04.16-18.28.12:249][  0]LogMemory: Memory total: Physical=16.0GB (16GB approx)
[2016.04.16-18.28.12:249][  0]LogMemory: Platform Memory Stats for Windows
[2016.04.16-18.28.12:249][  0]LogMemory: Process Physical Memory: 56.30 MB used, 56.30 MB peak
[2016.04.16-18.28.12:249][  0]LogMemory: Process Virtual Memory: 59.70 MB used, 59.70 MB peak
[2016.04.16-18.28.12:249][  0]LogMemory: Physical Memory: 3950.46 MB used, 16383.18 MB total
[2016.04.16-18.28.12:249][  0]LogMemory: Virtual Memory: 354.59 MB used, 8388608.00 MB total
[2016.04.16-18.28.12:978][  0]LogTextLocalizationManager: No specific translations for ('en-US') exist, so ('en') translations will be used.
[2016.04.16-18.28.14:264][  0]LogD3D11RHI: Found D3D11 adapter 0: NVIDIA GeForce GTX 750 (Feature Level 11_0)
[2016.04.16-18.28.14:264][  0]LogD3D11RHI: Adapter has 972MB of dedicated video memory, 0MB of dedicated system memory, and 3072MB of shared system memory, 2 output[s]
[2016.04.16-18.28.14:264][  0]LogD3D11RHI: Chosen D3D11 Adapter Id = 0
[2016.04.16-18.28.14:271][  0]LogD3D11RHI: !Direct3DDevice
[2016.04.16-18.28.14:272][  0]LogRHI: Texture pool is 680 MB (70% of 972 MB)
[2016.04.16-18.28.14:283][  0]LogD3D11RHI: Async texture creation enabled
[2016.04.16-18.28.14:622][  0]LogShaderCompilers: Guid format shader working directory is -10 characters bigger than the processId version (../../../../../../Users/Mandy/Documents/GitHub/HotelBete/Intermediate/Shaders/WorkingDirectory/4144/).
[2016.04.16-18.28.14:622][  0]LogShaderCompilers: Cleaned the shader compiler working directory 'C:/Users/Mandy/AppData/Local/Temp/UnrealShaderWorkingDir/A7CE7EAA459AC99B42A037BF23F7DD71/'.
[2016.04.16-18.28.14:623][  0]LogShaderCompilers:Display: Using Local Shader Compiler.
[2016.04.16-18.28.16:993][  0]LogTemp:Display: Loaded TP AllDesktopTargetPlatform
[2016.04.16-18.28.17:001][  0]LogTemp:Display: Loaded TP WindowsClientTargetPlatform
[2016.04.16-18.28.17:008][  0]LogTemp:Display: Loaded TP WindowsNoEditorTargetPlatform
[2016.04.16-18.28.17:016][  0]LogTemp:Display: Loaded TP WindowsServerTargetPlatform
[2016.04.16-18.28.17:023][  0]LogTemp:Display: Loaded TP WindowsTargetPlatform
[2016.04.16-18.28.17:030][  0]LogTemp:Display: Loaded TP AndroidTargetPlatform
[2016.04.16-18.28.17:035][  0]LogTemp:Display: Loaded TP Android_ASTCTargetPlatform
[2016.04.16-18.28.17:041][  0]LogTemp:Display: Loaded TP Android_ATCTargetPlatform
[2016.04.16-18.28.17:045][  0]LogTemp:Display: Loaded TP Android_DXTTargetPlatform
[2016.04.16-18.28.17:049][  0]LogTemp:Display: Loaded TP Android_ETC1TargetPlatform
[2016.04.16-18.28.17:054][  0]LogTemp:Display: Loaded TP Android_ETC2TargetPlatform
[2016.04.16-18.28.17:062][  0]LogTemp:Display: Loaded TP Android_MultiTargetPlatform
[2016.04.16-18.28.17:063][  0]LogTemp:Display: Loaded TP Android_PVRTCTargetPlatform
[2016.04.16-18.28.17:064][  0]LogTemp:Display: Loaded TP HTML5TargetPlatform
[2016.04.16-18.28.17:125][  0]LogTemp:Display: Loaded TP IOSTargetPlatform
[2016.04.16-18.28.17:130][  0]LogTemp:Display: Loaded TP LinuxNoEditorTargetPlatform
[2016.04.16-18.28.17:134][  0]LogTemp:Display: Loaded TP LinuxServerTargetPlatform
[2016.04.16-18.28.17:163][  0]LogTemp:Display: Loaded TP LinuxTargetPlatform
[2016.04.16-18.28.17:163][  0]LogTargetPlatformManager:Display: Building Assets For Windows
[2016.04.16-18.28.17:640][  0]LogDerivedDataCache:Display: Max Cache Size: 512 MB
[2016.04.16-18.28.17:972][  0]LogDerivedDataCache: Loaded boot cache 0.32s 41MB C:/Users/Mandy/AppData/Local/UnrealEngine/4.10/DerivedDataCache/Boot.ddc.
[2016.04.16-18.28.17:972][  0]LogDerivedDataCache:Display: Loaded Boot cache: C:/Users/Mandy/AppData/Local/UnrealEngine/4.10/DerivedDataCache/Boot.ddc
[2016.04.16-18.28.17:972][  0]LogDerivedDataCache: FDerivedDataBackendGraph:  Pak pak cache file ../../../../../../Users/Mandy/Documents/GitHub/HotelBete/DerivedDataCache/DDC.ddp not found, will not use a pak cache.
[2016.04.16-18.28.17:972][  0]LogDerivedDataCache: Unable to find inner node Pak for hierarchical cache Hierarchy.
[2016.04.16-18.28.17:972][  0]LogDerivedDataCache: FDerivedDataBackendGraph:  CompressedPak pak cache file ../../../../../../Users/Mandy/Documents/GitHub/HotelBete/DerivedDataCache/Compressed.ddp not found, will not use a pak cache.
[2016.04.16-18.28.17:972][  0]LogDerivedDataCache: Unable to find inner node CompressedPak for hierarchical cache Hierarchy.
[2016.04.16-18.28.18:120][  0]LogDerivedDataCache:Display: Pak cache opened for reading ../../../Engine/DerivedDataCache/Compressed.ddp.
[2016.04.16-18.28.18:133][  0]LogDerivedDataCache: Using Local data cache path C:/Users/Mandy/AppData/Local/UnrealEngine/Common/DerivedDataCache: Writable
[2016.04.16-18.28.23:121][  0]LogInit: Selected Device Profile: [Windows]
[2016.04.16-18.28.23:132][  0]LogContentStreaming: Texture pool size is 0.000000MB
[2016.04.16-18.28.23:954][  0]LogMeshUtilities: No automatic mesh reduction module available
[2016.04.16-18.28.23:954][  0]LogMeshUtilities: No automatic mesh merging module available
[2016.04.16-18.28.27:458][  0]LogInit: WinSock: version 1.1 (2.2), MaxSocks=32767, MaxUdp=65467
[2016.04.16-18.28.36:219][  0]LogAssetRegistry: FAssetRegistry took 0.0130 seconds to start up
[2016.04.16-18.28.36:317][  0]UdpMessaging: Initializing bridge on interface 0.0.0.0:0 to multicast group 230.0.0.1:6666.
[2016.04.16-18.28.39:492][  0]SourceControl: Info Source control is disabled
[2016.04.16-18.28.39:507][  0]SourceControl: Info Source control is disabled
[2016.04.16-18.28.39:728][  0]SourceControl: Info Source control is disabled
[2016.04.16-18.28.39:835][  0]SourceControl: Info Source control is disabled
[2016.04.16-18.28.42:901][  0]LogObj: 28802 objects as part of root set at end of initial load.
[2016.04.16-18.28.42:901][  0]LogUObjectAllocator: 6129776 out of 0 bytes used by permanent object pool.
[2016.04.16-18.28.44:632][  0]LogEngine: Initializing Engine...
[2016.04.16-18.28.44:679][  0]LogHMD: Can't find Oculus library dev build: is proper Runtime installed? Version: 0.8.0.0
[2016.04.16-18.28.44:789][  0]LogHMD: SteamVR failed to initialize.  Err: 110
[2016.04.16-18.28.45:617][  0]LogAIModule: Creating AISystem for world NewWorld
[2016.04.16-18.28.46:025][  0]LogInit: XAudio2 using 'Speakers (2- Logitech USB Headset)' : 2 channels at 44.1 kHz using 16 bits per sample (channel mask 0x3)
[2016.04.16-18.28.46:095][  0]LogInit: FAudioDevice initialized.
[2016.04.16-18.28.46:137][  0]LogDerivedDataCache: Saved boot cache 0.04s 41MB C:/Users/Mandy/AppData/Local/UnrealEngine/4.10/DerivedDataCache/Boot.ddc.
[2016.04.16-18.28.46:152][  0]LogInit: Texture streaming: Enabled
[2016.04.16-18.28.46:236][  0]LogAnalytics: Creating configured Analytics provider AnalyticsET
[2016.04.16-18.28.46:237][  0]LogAnalytics: [UEEditor.Rocket.Release] APIServer = http://et2.epicgames.com/ET2/. AppVersion = 4.10.4-2872498+++depot+UE4-Releases+4.10
[2016.04.16-18.28.46:237][  0]LogAnalytics: [UEEditor.Rocket.Release] SetUserId e0d98b0e467b55d21c5013962f69b996|a1543627d61e4593a39d507d0813b255|cef8b6ba-01d0-47b7-a028-3b7e918a90c5
[2016.04.16-18.28.46:258][  0]LogAnalytics: [UEEditor.Rocket.Release] AnalyticsET::StartSession
[2016.04.16-18.28.46:449][  0]LogInit: Transaction tracking system initialized
[2016.04.16-18.28.47:570][  0]BlueprintLog: New page: Editor Load
[2016.04.16-18.28.51:676][  0]LocalizationService: Info Localization service is disabled
[2016.04.16-18.28.54:256][  0]LogConsoleResponse:Display: 
[2016.04.16-18.28.56:159][  0]LogCook:Display: Done creating registry. It took  0.00s.
[2016.04.16-18.28.58:048][  0]LogFileCache: Scanning file cache for directory 'E:/Users/Mandy/Documents/GitHub/HotelBete/Content/' took 0.04s
[2016.04.16-18.28.59:106][  0]SourceControl: Info Source control is disabled
[2016.04.16-18.28.59:213][  0]Cmd: MAP LOAD FILE="../../../../../../Users/Mandy/Documents/GitHub/HotelBete/Content/Hotel/Levels/Menu.umap" TEMPLATE=0 SHOWPROGRESS=1 FEATURELEVEL=3
[2016.04.16-18.28.59:267][  0]LightingResults: New page: Lighting Build
[2016.04.16-18.28.59:700][  0]MapCheck: New page: Map Check
[2016.04.16-18.28.59:700][  0]LightingResults: New page: Lighting Build
[2016.04.16-18.29.00:115][  0]LogParticles: Destroying 0 GPU particle simulations for FXSystem 0x00000000263F6AC0
[2016.04.16-18.29.02:513][  0]LogAudioDerivedData:Display: Building compressed audio format OGG wave Intro...
[2016.04.16-18.29.07:990][  0]LogTexture:Display: Building textures: Tab_05 (AutoDXT)
[2016.04.16-18.29.10:450][  0]LogTexture:Display: Building textures: Tab_04 (AutoDXT)
[2016.04.16-18.29.14:418][  0]LogTexture:Display: Building textures: Tab_03 (AutoDXT)
[2016.04.16-18.29.17:007][  0]LogTexture:Display: Building textures: Tab_02 (AutoDXT)
[2016.04.16-18.29.19:568][  0]LogTexture:Display: Building textures: Tab_01 (AutoDXT)
[2016.04.16-18.29.22:390][  0]LogTexture:Display: Building textures: intro_layout (AutoDXT)
[2016.04.16-18.29.23:049][  0]LogTexture:Display: Building textures: 21 (BGRA8)
[2016.04.16-18.29.23:116][  0]LogTexture:Display: Building textures: 20 (BGRA8)
[2016.04.16-18.29.23:194][  0]LogTexture:Display: Building textures: 19 (BGRA8)
[2016.04.16-18.29.23:260][  0]LogTexture:Display: Building textures: 18 (BGRA8)
[2016.04.16-18.29.23:342][  0]LogTexture:Display: Building textures: 17 (BGRA8)
[2016.04.16-18.29.23:399][  0]LogTexture:Display: Building textures: 16 (BGRA8)
[2016.04.16-18.29.23:471][  0]LogTexture:Display: Building textures: 15 (BGRA8)
[2016.04.16-18.29.23:546][  0]LogTexture:Display: Building textures: 14 (BGRA8)
[2016.04.16-18.29.23:611][  0]LogTexture:Display: Building textures: 13 (BGRA8)
[2016.04.16-18.29.23:689][  0]LogTexture:Display: Building textures: 12 (BGRA8)
[2016.04.16-18.29.23:747][  0]LogTexture:Display: Building textures: 11 (BGRA8)
[2016.04.16-18.29.23:811][  0]LogTexture:Display: Building textures: 10 (BGRA8)
[2016.04.16-18.29.23:874][  0]LogTexture:Display: Building textures: 09 (BGRA8)
[2016.04.16-18.29.23:933][  0]LogTexture:Display: Building textures: 08 (BGRA8)
[2016.04.16-18.29.23:996][  0]LogTexture:Display: Building textures: 07 (BGRA8)
[2016.04.16-18.29.24:054][  0]LogTexture:Display: Building textures: 06 (BGRA8)
[2016.04.16-18.29.24:119][  0]LogTexture:Display: Building textures: 05 (BGRA8)
[2016.04.16-18.29.24:195][  0]LogTexture:Display: Building textures: 04 (BGRA8)
[2016.04.16-18.29.24:282][  0]LogTexture:Display: Building textures: 03 (BGRA8)
[2016.04.16-18.29.24:371][  0]LogTexture:Display: Building textures: 02 (BGRA8)
[2016.04.16-18.29.24:443][  0]LogTexture:Display: Building textures: 01 (BGRA8)
[2016.04.16-18.29.24:570][  0]LogTexture:Display: Building textures: START_Hover (BGRA8)
[2016.04.16-18.29.24:589][  0]LogTexture:Display: Building textures: QUIT_Hover (BGRA8)
[2016.04.16-18.29.24:975][  0]LogTexture:Display: Building textures: Credits_Scroller (AutoDXT)
[2016.04.16-18.29.27:870][  0]LogTexture:Display: Building textures: button_START (BGRA8)
[2016.04.16-18.29.28:231][  0]LogTexture:Display: Building textures: button_QUIT (BGRA8)
[2016.04.16-18.29.28:603][  0]LogAudioDerivedData:Display: Building compressed audio format OGG wave Comfirm...
[2016.04.16-18.29.28:648][  0]LogAudioDerivedData:Display: Building compressed audio format OGG wave Mouse_over_-_Select...
[2016.04.16-18.29.28:657][  0]LogAudioDerivedData:Display: Building compressed audio format OGG wave Gloom_Horizon...
[2016.04.16-18.29.31:946][  0]LogAIModule: Creating AISystem for world Menu
[2016.04.16-18.29.32:039][  0]LogEditorServer: Finished looking for orphan Actors (0.000 secs)
[2016.04.16-18.29.32:082][  0]Cmd: MAP CHECKDEP NOCLEARLOG
[2016.04.16-18.29.32:200][  0]MapCheck: Info Map check complete: 0 Error(s), 0 Warning(s), took 117.171ms to complete.
[2016.04.16-18.29.32:200][  0]LogFileHelpers: Loading map 'Menu' took 33.031
[2016.04.16-18.29.33:525][  0]LogCollectionManager: Loaded 0 collections in 0.006525 seconds
[2016.04.16-18.29.33:704][  0]LogFileCache: Scanning file cache for directory 'E:/Users/Mandy/Documents/GitHub/HotelBete/Saved/Collections/' took 0.01s
[2016.04.16-18.29.33:704][  0]LogFileCache: Scanning file cache for directory 'E:/Users/Mandy/Documents/GitHub/HotelBete/Content/Developers/Mandy/Collections/' took 0.01s
[2016.04.16-18.29.33:704][  0]LogFileCache: Scanning file cache for directory 'E:/Users/Mandy/Documents/GitHub/HotelBete/Content/Collections/' took 0.01s
[2016.04.16-18.29.33:704][  0]LogCollectionManager: Rebuilt the GUID cache for 0 collections in 0.000006 seconds
[2016.04.16-18.29.33:751][  0]LogContentBrowser: Native class hierarchy populated in 0.0428 seconds. Added 1908 classes and 344 folders.
[2016.04.16-18.29.33:823][  0]LogContentBrowser: Native class hierarchy updated for 'WidgetCarousel' in 0.0006 seconds. Added 0 classes and 0 folders.
[2016.04.16-18.29.35:084][  0]LogContentBrowser: Native class hierarchy updated for 'AddContentDialog' in 0.0015 seconds. Added 0 classes and 0 folders.
[2016.04.16-18.29.35:168][  0]LogContentBrowser: Native class hierarchy updated for 'SceneOutliner' in 0.0015 seconds. Added 1 classes and 2 folders.
[2016.04.16-18.29.35:972][  0]LogCrashTracker: Crashtracker disabled due to settings.
[2016.04.16-18.29.36:131][  0]LogUObjectGlobals:Warning: Failed to find object 'Class None.'
[2016.04.16-18.29.36:197][  0]LogLoad: Full Startup: 90.44 seconds (BP compile: 0.96 seconds)
[2016.04.16-18.29.36:210][  0]LogOcInput: Can't find Oculus library dev build: is proper Runtime installed? Version: 0.8.0.0
[2016.04.16-18.29.36:538][  0]LogContentStreaming: Texture pool size now 1000 MB
[2016.04.16-18.29.37:025][  0]LogRenderer: Reallocating scene render targets to support 1208x568 (Frame:2).
[2016.04.16-18.29.37:908][ 10]LogAssetRegistry: Asset discovery search completed in 61.6997 seconds
[2016.04.16-18.29.37:908][ 10]LogCollectionManager: Rebuilt the object cache for 0 collections in 0.000002 seconds (found 0 objects)
[2016.04.16-18.29.37:908][ 10]LogCollectionManager: Fixed up redirectors for 0 collections in 0.000063 seconds (updated 0 objects)
[2016.04.16-18.29.39:587][152]LogBlueprint:Warning: USimpleConstructionScript::FixupRootNodeParentReferences() - Couldn't find inherited parent component 'DefaultSceneRoot' for 'KeyWithRoomNum' in BlueprintGeneratedClass 'REINST_Key_C_31' (it may have been removed)
[2016.04.16-18.29.45:047][152]LogTexture:Display: Building textures: Briefcase_Bkground (AutoDXT)
[2016.04.16-18.29.50:270][152]LogMaterial: Missing cached shader map for material BasementColumns, compiling. 
[2016.04.16-18.29.50:417][152]LogMaterial: Missing cached shader map for material Basement, compiling. 
[2016.04.16-18.29.50:455][152]LogMaterial: Missing cached shader map for material balcony, compiling. 
[2016.04.16-18.29.50:511][152]LogMaterial: Missing cached shader map for material Attic, compiling. 
[2016.04.16-18.29.50:539][152]LogMaterial: Missing cached shader map for material Square_Glass, compiling. 
[2016.04.16-18.29.50:552][152]LogMaterial: Missing cached shader map for material Railing, compiling. 
[2016.04.16-18.29.50:586][152]LogMaterial: Missing cached shader map for material 2ndGuestFloorWalls, compiling. 
[2016.04.16-18.29.50:598][152]LogMaterial: Missing cached shader map for material 2ndGuestFloor_Floor, compiling. 
[2016.04.16-18.29.50:905][152]LogTexture:Display: Building textures: HQ_Lightmap0_1 (AutoDXT)
[2016.04.16-18.29.51:872][152]LogTexture:Display: Building textures: HQ_Lightmap0_11 (AutoDXT)
[2016.04.16-18.29.51:923][152]LogTexture:Display: Building textures: HQ_Lightmap0_12 (AutoDXT)
[2016.04.16-18.29.52:010][152]LogTexture:Display: Building textures: HQ_Lightmap0_13 (AutoDXT)
[2016.04.16-18.29.52:035][152]LogTexture:Display: Building textures: HQ_Lightmap0_14 (AutoDXT)
[2016.04.16-18.29.52:057][152]LogTexture:Display: Building textures: HQ_Lightmap0_15 (AutoDXT)
[2016.04.16-18.29.52:059][152]LogTexture:Display: Building textures: HQ_Lightmap0_16 (AutoDXT)
[2016.04.16-18.29.52:090][152]LogTexture:Display: Building textures: HQ_Lightmap0_17 (AutoDXT)
[2016.04.16-18.29.52:109][152]LogTexture:Display: Building textures: HQ_Lightmap0_18 (AutoDXT)
[2016.04.16-18.29.52:183][152]LogTexture:Display: Building textures: HQ_Lightmap0_2 (AutoDXT)
[2016.04.16-18.29.53:033][152]LogTexture:Display: Building textures: HQ_Lightmap0_4 (AutoDXT)
[2016.04.16-18.29.53:917][152]LogTexture:Display: Building textures: HQ_Lightmap0_5 (AutoDXT)
[2016.04.16-18.29.54:668][152]LogTexture:Display: Building textures: HQ_Lightmap0_7 (AutoDXT)
[2016.04.16-18.29.54:922][152]LogTexture:Display: Building textures: HQ_Lightmap0_8 (AutoDXT)
[2016.04.16-18.29.55:116][152]LogTexture:Display: Building textures: HQ_Lightmap0_9 (AutoDXT)
[2016.04.16-18.29.55:119][152]LogTexture:Display: Building textures: HQ_Lightmap1_10 (AutoDXT)
[2016.04.16-18.29.55:278][152]LogTexture:Display: Building textures: HQ_Lightmap1_3 (AutoDXT)
[2016.04.16-18.29.56:036][152]LogTexture:Display: Building textures: HQ_Lightmap1_6 (AutoDXT)
[2016.04.16-18.29.57:041][152]LogTexture:Display: Building textures: LQ_Lightmap_0_1 (DXT1)
[2016.04.16-18.29.57:496][152]LogTexture:Display: Building textures: LQ_Lightmap_0_11 (DXT1)
[2016.04.16-18.29.57:514][152]LogTexture:Display: Building textures: LQ_Lightmap_0_12 (DXT1)
[2016.04.16-18.29.57:561][152]LogTexture:Display: Building textures: LQ_Lightmap_0_13 (DXT1)
[2016.04.16-18.29.57:569][152]LogTexture:Display: Building textures: LQ_Lightmap_0_14 (DXT1)
[2016.04.16-18.29.57:578][152]LogTexture:Display: Building textures: LQ_Lightmap_0_15 (DXT1)
[2016.04.16-18.29.57:580][152]LogTexture:Display: Building textures: LQ_Lightmap_0_16 (DXT1)
[2016.04.16-18.29.57:620][152]LogTexture:Display: Building textures: LQ_Lightmap_0_17 (DXT1)
[2016.04.16-18.29.57:624][152]LogTexture:Display: Building textures: LQ_Lightmap_0_18 (DXT1)
[2016.04.16-18.29.57:703][152]LogTexture:Display: Building textures: LQ_Lightmap_0_2 (DXT1)
[2016.04.16-18.29.58:209][152]LogTexture:Display: Building textures: LQ_Lightmap_0_4 (DXT1)
[2016.04.16-18.29.58:666][152]LogTexture:Display: Building textures: LQ_Lightmap_0_5 (DXT1)
[2016.04.16-18.29.59:102][152]LogTexture:Display: Building textures: LQ_Lightmap_0_7 (DXT1)
[2016.04.16-18.29.59:261][152]LogTexture:Display: Building textures: LQ_Lightmap_0_8 (DXT1)
[2016.04.16-18.29.59:370][152]LogTexture:Display: Building textures: LQ_Lightmap_0_9 (DXT1)
[2016.04.16-18.29.59:386][152]LogTexture:Display: Building textures: LQ_Lightmap_1_10 (DXT1)
[2016.04.16-18.29.59:509][152]LogTexture:Display: Building textures: LQ_Lightmap_1_3 (DXT1)
[2016.04.16-18.30.00:257][152]LogTexture:Display: Building textures: LQ_Lightmap_1_6 (DXT1)
[2016.04.16-18.30.00:866][152]LogTexture:Display: Building textures: SkyOcclusion0_1 (AutoDXT)
[2016.04.16-18.30.01:473][152]LogTexture:Display: Building textures: SkyOcclusion0_11 (AutoDXT)
[2016.04.16-18.30.01:487][152]LogTexture:Display: Building textures: SkyOcclusion0_12 (AutoDXT)
[2016.04.16-18.30.01:508][152]LogTexture:Display: Building textures: SkyOcclusion0_13 (AutoDXT)
[2016.04.16-18.30.01:521][152]LogTexture:Display: Building textures: SkyOcclusion0_14 (AutoDXT)
[2016.04.16-18.30.01:532][152]LogTexture:Display: Building textures: SkyOcclusion0_15 (AutoDXT)
[2016.04.16-18.30.01:534][152]LogTexture:Display: Building textures: SkyOcclusion0_16 (AutoDXT)
[2016.04.16-18.30.01:579][152]LogTexture:Display: Building textures: SkyOcclusion0_17 (AutoDXT)
[2016.04.16-18.30.01:589][152]LogTexture:Display: Building textures: SkyOcclusion0_18 (AutoDXT)
[2016.04.16-18.30.01:662][152]LogTexture:Display: Building textures: SkyOcclusion0_2 (AutoDXT)
[2016.04.16-18.30.02:390][152]LogTexture:Display: Building textures: SkyOcclusion0_4 (AutoDXT)
[2016.04.16-18.30.03:008][152]LogTexture:Display: Building textures: SkyOcclusion0_5 (AutoDXT)
[2016.04.16-18.30.03:414][152]LogTexture:Display: Building textures: SkyOcclusion0_7 (AutoDXT)
[2016.04.16-18.30.03:536][152]LogTexture:Display: Building textures: SkyOcclusion0_8 (AutoDXT)
[2016.04.16-18.30.03:629][152]LogTexture:Display: Building textures: SkyOcclusion0_9 (AutoDXT)
[2016.04.16-18.30.03:635][152]LogTexture:Display: Building textures: SkyOcclusion1_10 (AutoDXT)
[2016.04.16-18.30.03:679][152]LogTexture:Display: Building textures: SkyOcclusion1_3 (AutoDXT)
[2016.04.16-18.30.04:121][152]LogTexture:Display: Building textures: SkyOcclusion1_6 (AutoDXT)
[2016.04.16-18.30.04:624][152]LogTexture:Display: Building textures: ShadowMapTexture2D_0 (G8)
[2016.04.16-18.30.04:841][152]LogTexture:Display: Building textures: ShadowMapTexture2D_1 (G8)
[2016.04.16-18.30.05:021][152]LogTexture:Display: Building textures: ShadowMapTexture2D_10 (G8)
[2016.04.16-18.30.05:022][152]LogTexture:Display: Building textures: ShadowMapTexture2D_17 (BGRA8)
[2016.04.16-18.30.05:032][152]LogTexture:Display: Building textures: ShadowMapTexture2D_2 (G8)
[2016.04.16-18.30.05:195][152]LogTexture:Display: Building textures: ShadowMapTexture2D_20 (BGRA8)
[2016.04.16-18.30.05:196][152]LogTexture:Display: Building textures: ShadowMapTexture2D_22 (BGRA8)
[2016.04.16-18.30.05:197][152]LogTexture:Display: Building textures: ShadowMapTexture2D_23 (BGRA8)
[2016.04.16-18.30.05:198][152]LogTexture:Display: Building textures: ShadowMapTexture2D_24 (G8)
[2016.04.16-18.30.05:199][152]LogTexture:Display: Building textures: ShadowMapTexture2D_25 (G8)
[2016.04.16-18.30.05:209][152]LogTexture:Display: Building textures: ShadowMapTexture2D_3 (G8)
[2016.04.16-18.30.05:420][152]LogTexture:Display: Building textures: ShadowMapTexture2D_4 (BGRA8)
[2016.04.16-18.30.05:841][152]LogTexture:Display: Building textures: ShadowMapTexture2D_6 (G8)
[2016.04.16-18.30.06:073][152]LogTexture:Display: Building textures: ShadowMapTexture2D_7 (G8)
[2016.04.16-18.30.06:077][152]LogTexture:Display: Building textures: ShadowMapTexture2D_8 (BGRA8)
[2016.04.16-18.30.06:091][152]LogTexture:Display: Building textures: ShadowMapTexture2D_9 (BGRA8)
[2016.04.16-18.30.07:049][152]LogMaterial: Missing cached shader map for material 2ndFloorStairs, compiling. 
[2016.04.16-18.30.07:066][152]LogMaterial: Missing cached shader map for material AtticRailing, compiling. 
[2016.04.16-18.30.07:087][152]LogMaterial: Missing cached shader map for material AtticStairs, compiling. 
[2016.04.16-18.30.07:159][152]LogMaterial: Missing cached shader map for material BasementStairs, compiling. 
[2016.04.16-18.30.07:189][152]LogMaterial: Missing cached shader map for material Door_long2, compiling. 
[2016.04.16-18.30.07:201][152]LogMaterial: Missing cached shader map for material brokenChairMat, compiling. 
[2016.04.16-18.30.07:489][152]LogAIModule: Creating AISystem for world World
[2016.04.16-18.30.07:491][152]LogParticles:Warning: InitializeSystem called on an unregistered component. Template=/Game/StarterContent/Particles/Breath.Breath Component=/Game/Hotel/Levels/World.World:PersistentLevel.Breath.ParticleSystemComponent0
[2016.04.16-18.30.07:521][152]LogParticles:Warning: InitializeSystem called on an unregistered component. Template=/Game/StarterContent/Particles/ItemMarker.ItemMarker Component=/Game/Hotel/Levels/World.World:PersistentLevel.ItemMarker.ParticleSystemComponent0
[2016.04.16-18.30.07:521][152]LogParticles:Warning: InitializeSystem called on an unregistered component. Template=/Game/StarterContent/Particles/Dust.Dust Component=/Game/Hotel/Levels/World.World:PersistentLevel.Dust_2.ParticleSystemComponent0
[2016.04.16-18.30.07:523][152]LogParticles:Warning: InitializeSystem called on an unregistered component. Template=/Game/StarterContent/Particles/Dust.Dust Component=/Game/Hotel/Levels/World.World:PersistentLevel.Dust2.ParticleSystemComponent0
[2016.04.16-18.30.07:523][152]LogParticles:Warning: InitializeSystem called on an unregistered component. Template=/Game/StarterContent/Particles/Dust.Dust Component=/Game/Hotel/Levels/World.World:PersistentLevel.Dust3.ParticleSystemComponent0
[2016.04.16-18.30.07:527][152]LogParticles:Warning: InitializeSystem called on an unregistered component. Template=/Game/StarterContent/Particles/ItemMarker.ItemMarker Component=/Game/Hotel/Levels/World.World:PersistentLevel.ItemMarker2_5.ParticleSystemComponent0
[2016.04.16-18.30.07:647][152]LogAudioDerivedData:Display: Building compressed audio format OGG wave Foot_Steps_03...
[2016.04.16-18.30.08:307][152]Cmd: MAP LOAD FILE="../../../../../../Users/Mandy/Documents/GitHub/HotelBete/Content/Hotel/Levels/World.umap" TEMPLATE=0 SHOWPROGRESS=1 FEATURELEVEL=3
[2016.04.16-18.30.08:308][152]LightingResults: New page: Lighting Build
[2016.04.16-18.30.08:357][152]LoadErrors: New page: Loading map: World.umap
[2016.04.16-18.30.08:359][152]MapCheck: New page: Map Check
[2016.04.16-18.30.08:359][152]LightingResults: New page: Lighting Build
[2016.04.16-18.30.08:412][152]LogParticles: Destroying 0 GPU particle simulations for FXSystem 0x000000003646D6C0
[2016.04.16-18.30.08:930][152]LogEditorServer: Finished looking for orphan Actors (0.000 secs)
[2016.04.16-18.30.09:057][152]Cmd: MAP CHECKDEP NOCLEARLOG
[2016.04.16-18.30.09:321][152]MapCheck: Info Map check complete: 0 Error(s), 0 Warning(s), took 263.367ms to complete.
[2016.04.16-18.30.09:322][152]LogFileHelpers: Loading map 'World' took 1.022
[2016.04.16-18.30.09:339][152]LoadErrors:Error: Error /Game/FirstPersonBP/Blueprints/Enemy : Failed import for Enemy_C /Game/Hotel/Blueprints/Enemies/Enemy.Default__Enemy_C [redirection] in /Game/FirstPersonBP/Blueprints/Enemy
[2016.04.16-18.30.46:312][545]LogFactory: FactoryCreateBinary: StaticMesh with FbxFactory (0 0 E:\Users\Mandy\Documents\HauntedModelFiles\PaintSet DONE\PaintSetComplete.fbx)
[2016.04.16-18.30.46:622][545]LogFbx: ItemName: GlobalSettings, ItemCount : 1
[2016.04.16-18.30.46:622][545]LogFbx: ItemName: AnimationStack, ItemCount : 1
[2016.04.16-18.30.46:622][545]LogFbx: ItemName: AnimationLayer, ItemCount : 1
[2016.04.16-18.30.46:622][545]LogFbx: ItemName: Geometry, ItemCount : 1
[2016.04.16-18.30.46:622][545]LogFbx: ItemName: Material, ItemCount : 1
[2016.04.16-18.30.46:622][545]LogFbx: ItemName: Texture, ItemCount : 1
[2016.04.16-18.30.46:622][545]LogFbx: ItemName: Model, ItemCount : 1
[2016.04.16-18.30.46:622][545]LogFbx: ItemName: Video, ItemCount : 1
[2016.04.16-18.30.46:710][545]LogFbx: Loading FBX Scene from E:\Users\Mandy\Documents\HauntedModelFiles\PaintSet DONE\PaintSetComplete.fbx
[2016.04.16-18.30.46:799][545]LogFbx: FBX Scene Loaded Succesfully
[2016.04.16-18.30.48:700][545]LogFactory: FactoryCreateBinary: StaticMesh with FbxFactory (0 0 E:\Users\Mandy\Documents\HauntedModelFiles\PaintSet DONE\PaintSetIncomplete.fbx)
[2016.04.16-18.30.48:712][545]LogFactory: FactoryCreateBinary: StaticMesh with FbxFactory (0 0 E:\Users\Mandy\Documents\HauntedModelFiles\PaintSet DONE\PaintCup.fbx)
[2016.04.16-18.30.53:497][642]LogFactory: FactoryCreateBinary: StaticMesh with FbxFactory (0 0 E:\Users\Mandy\Documents\HauntedModelFiles\PaintSet DONE\PaintSetIncomplete.fbx)
[2016.04.16-18.30.53:525][642]LogFbx: ItemName: GlobalSettings, ItemCount : 1
[2016.04.16-18.30.53:525][642]LogFbx: ItemName: AnimationStack, ItemCount : 1
[2016.04.16-18.30.53:525][642]LogFbx: ItemName: AnimationLayer, ItemCount : 1
[2016.04.16-18.30.53:525][642]LogFbx: ItemName: Model, ItemCount : 1
[2016.04.16-18.30.53:525][642]LogFbx: ItemName: Geometry, ItemCount : 1
[2016.04.16-18.30.53:525][642]LogFbx: ItemName: Material, ItemCount : 1
[2016.04.16-18.30.53:525][642]LogFbx: ItemName: Texture, ItemCount : 1
[2016.04.16-18.30.53:525][642]LogFbx: ItemName: Video, ItemCount : 1
[2016.04.16-18.30.53:593][642]LogFbx: Loading FBX Scene from E:\Users\Mandy\Documents\HauntedModelFiles\PaintSet DONE\PaintSetIncomplete.fbx
[2016.04.16-18.30.53:664][642]LogFbx: FBX Scene Loaded Succesfully
[2016.04.16-18.30.54:846][642]LogFbx: Loading FBX Scene from E:\Users\Mandy\Documents\HauntedModelFiles\PaintSet DONE\PaintSetIncomplete.fbx
[2016.04.16-18.30.54:918][642]LogFbx: FBX Scene Loaded Succesfully
[2016.04.16-18.30.54:976][642]LogLinker:Warning: Can't find file '/Game/Hotel/Art/Models/PaintPuzzle/lambert2'
[2016.04.16-18.30.54:976][642]LogLinker:Warning: Can't find file '/Game/Hotel/Art/Models/PaintPuzzle/lambert2'
[2016.04.16-18.30.54:987][642]LogLinker:Warning: Can't find file '/Game/Hotel/Art/Models/PaintPuzzle/texture_test'
[2016.04.16-18.30.54:987][642]LogLinker:Warning: Can't find file '/Game/Hotel/Art/Models/PaintPuzzle/texture_test'
[2016.04.16-18.30.54:987][642]LogUObjectGlobals:Warning: Failed to find object 'Texture /Game/Hotel/Art/Models/PaintPuzzle/texture_test.texture_test'
[2016.04.16-18.30.54:988][642]LogStreaming:Warning: Failed to read file 'C:\Users\jcc44_000\Documents\maya\texture test.png' error.
[2016.04.16-18.30.54:988][642]LogStreaming:Warning: Failed to read file 'E:\Users\Mandy\Documents\HauntedModelFiles\PaintSet DONE/C:\Users\jcc44_000\Documents\maya\texture test.png' error.
[2016.04.16-18.30.54:988][642]LogStreaming:Warning: Failed to read file 'E:\Users\Mandy\Documents\HauntedModelFiles\PaintSet DONE/texture test.png' error.
[2016.04.16-18.30.54:988][642]LogFbxMaterialImport:Warning: Unable to find TEXTure file texture test.png. Tried:
 - C:\Users\jcc44_000\Documents\maya\texture test.png
 - E:\Users\Mandy\Documents\HauntedModelFiles\PaintSet DONE/C:\Users\jcc44_000\Documents\maya\texture test.png
 - E:\Users\Mandy\Documents\HauntedModelFiles\PaintSet DONE/texture test.png
[2016.04.16-18.30.54:999][642]LogMaterial: Missing cached shader map for material lambert2, compiling. 
[2016.04.16-18.30.55:023][642]LogStaticMesh: Building static mesh PaintSetIncomplete...
[2016.04.16-18.30.55:069][642]LogStaticMesh: Built static mesh [0.046131.2s] /Game/Hotel/Art/Models/PaintPuzzle/PaintSetIncomplete.PaintSetIncomplete
[2016.04.16-18.30.55:079][642]FBXImport:Warning: Warning Warning: No smoothing group information was found in this FBX scene.  Please make sure to enable the 'Export Smoothing Groups' option in the FBX Exporter plug-in before exporting the file.  Even for tools that don't support smoothing groups, the FBX Exporter will generate appropriate smoothing data at export-time so that correct vertex normals can be inferred while importing. 
[2016.04.16-18.31.07:074][711]LogSavePackage: Save=54.809830ms
[2016.04.16-18.31.07:075][711]LogSavePackage: Moving '../../../../../../Users/Mandy/Documents/GitHub/HotelBete/Saved/PaintSetIncompleteMatAA1D687F497FBCBED5C71E9E5C0291A2.tmp' to '../../../../../../Users/Mandy/Documents/GitHub/HotelBete/Content/Hotel/Art/Models/PaintPuzzle/PaintSetIncompleteMat.uasset'
[2016.04.16-18.31.07:076][711]LogSavePackage: Total save time: 65.202143ms
[2016.04.16-18.31.07:076][711]LogSavePackage:Display: Finished SavePackage ../../../../../../Users/Mandy/Documents/GitHub/HotelBete/Content/Hotel/Art/Models/PaintPuzzle/PaintSetIncompleteMat.uasset
[2016.04.16-18.31.11:574][905]LogFactory: FactoryCreateBinary: StaticMesh with FbxFactory (0 0 E:\Users\Mandy\Documents\HauntedModelFiles\PaintSet DONE\PaintSetComplete.fbx)
[2016.04.16-18.31.11:586][905]LogFbx: ItemName: GlobalSettings, ItemCount : 1
[2016.04.16-18.31.11:586][905]LogFbx: ItemName: AnimationStack, ItemCount : 1
[2016.04.16-18.31.11:586][905]LogFbx: ItemName: AnimationLayer, ItemCount : 1
[2016.04.16-18.31.11:586][905]LogFbx: ItemName: Geometry, ItemCount : 1
[2016.04.16-18.31.11:586][905]LogFbx: ItemName: Material, ItemCount : 1
[2016.04.16-18.31.11:586][905]LogFbx: ItemName: Texture, ItemCount : 1
[2016.04.16-18.31.11:586][905]LogFbx: ItemName: Model, ItemCount : 1
[2016.04.16-18.31.11:586][905]LogFbx: ItemName: Video, ItemCount : 1
[2016.04.16-18.31.11:654][905]LogFbx: Loading FBX Scene from E:\Users\Mandy\Documents\HauntedModelFiles\PaintSet DONE\PaintSetComplete.fbx
[2016.04.16-18.31.11:728][905]LogFbx: FBX Scene Loaded Succesfully
[2016.04.16-18.31.13:172][905]LogFbx: Loading FBX Scene from E:\Users\Mandy\Documents\HauntedModelFiles\PaintSet DONE\PaintSetComplete.fbx
[2016.04.16-18.31.13:244][905]LogFbx: FBX Scene Loaded Succesfully
[2016.04.16-18.31.13:267][905]LogLinker:Warning: Can't find file '/Game/Hotel/Art/Models/PaintPuzzle/texture_test'
[2016.04.16-18.31.13:268][905]LogLinker:Warning: Can't find file '/Game/Hotel/Art/Models/PaintPuzzle/texture_test'
[2016.04.16-18.31.13:268][905]LogUObjectGlobals:Warning: Failed to find object 'Texture /Game/Hotel/Art/Models/PaintPuzzle/texture_test.texture_test'
[2016.04.16-18.31.13:268][905]LogStreaming:Warning: Failed to read file 'C:/Users/jcc44_000/Documents/maya/texture test.png' error.
[2016.04.16-18.31.13:268][905]LogStreaming:Warning: Failed to read file 'E:\Users\Mandy\Documents\HauntedModelFiles\PaintSet DONE/..\..\..\texture test.png' error.
[2016.04.16-18.31.13:268][905]LogStreaming:Warning: Failed to read file 'E:\Users\Mandy\Documents\HauntedModelFiles\PaintSet DONE/texture test.png' error.
[2016.04.16-18.31.13:268][905]LogFbxMaterialImport:Warning: Unable to find TEXTure file texture test.png. Tried:
 - C:/Users/jcc44_000/Documents/maya/texture test.png
 - E:\Users\Mandy\Documents\HauntedModelFiles\PaintSet DONE/..\..\..\texture test.png
 - E:\Users\Mandy\Documents\HauntedModelFiles\PaintSet DONE/texture test.png
[2016.04.16-18.31.13:275][905]LogMaterial: Missing cached shader map for material lambert2, compiling. 
[2016.04.16-18.31.13:297][905]LogStaticMesh: Building static mesh PaintSetComplete...
[2016.04.16-18.31.13:328][905]LogStaticMesh: Built static mesh [0.031325.2s] /Game/Hotel/Art/Models/PaintPuzzle/PaintSetComplete.PaintSetComplete
[2016.04.16-18.31.13:346][905]FBXImport:Warning: Warning Warning: No smoothing group information was found in this FBX scene.  Please make sure to enable the 'Export Smoothing Groups' option in the FBX Exporter plug-in before exporting the file.  Even for tools that don't support smoothing groups, the FBX Exporter will generate appropriate smoothing data at export-time so that correct vertex normals can be inferred while importing. 
[2016.04.16-18.31.24:920][933]LogSavePackage: Save=12.012980ms
[2016.04.16-18.31.24:920][933]LogSavePackage: Moving '../../../../../../Users/Mandy/Documents/GitHub/HotelBete/Saved/PaintSetCompleteMat34F26B964276367D8CB52381F4412C89.tmp' to '../../../../../../Users/Mandy/Documents/GitHub/HotelBete/Content/Hotel/Art/Models/PaintPuzzle/PaintSetCompleteMat.uasset'
[2016.04.16-18.31.24:921][933]LogSavePackage: Total save time: 13.390180ms
[2016.04.16-18.31.24:921][933]LogSavePackage:Display: Finished SavePackage ../../../../../../Users/Mandy/Documents/GitHub/HotelBete/Content/Hotel/Art/Models/PaintPuzzle/PaintSetCompleteMat.uasset
[2016.04.16-18.31.29:274][115]LogFactory: FactoryCreateBinary: StaticMesh with FbxFactory (0 0 E:\Users\Mandy\Documents\HauntedModelFiles\PaintSet DONE\PaintCup.fbx)
[2016.04.16-18.31.29:286][115]LogFbx: ItemName: GlobalSettings, ItemCount : 1
[2016.04.16-18.31.29:286][115]LogFbx: ItemName: AnimationStack, ItemCount : 1
[2016.04.16-18.31.29:286][115]LogFbx: ItemName: AnimationLayer, ItemCount : 1
[2016.04.16-18.31.29:286][115]LogFbx: ItemName: NodeAttribute, ItemCount : 1
[2016.04.16-18.31.29:286][115]LogFbx: ItemName: Model, ItemCount : 2
[2016.04.16-18.31.29:286][115]LogFbx: ItemName: Geometry, ItemCount : 1
[2016.04.16-18.31.29:286][115]LogFbx: ItemName: Material, ItemCount : 1
[2016.04.16-18.31.29:286][115]LogFbx: ItemName: Texture, ItemCount : 1
[2016.04.16-18.31.29:286][115]LogFbx: ItemName: Video, ItemCount : 1
[2016.04.16-18.31.29:354][115]LogFbx: Loading FBX Scene from E:\Users\Mandy\Documents\HauntedModelFiles\PaintSet DONE\PaintCup.fbx
[2016.04.16-18.31.29:437][115]LogFbx: FBX Scene Loaded Succesfully
[2016.04.16-18.31.31:867][115]LogFbx: Loading FBX Scene from E:\Users\Mandy\Documents\HauntedModelFiles\PaintSet DONE\PaintCup.fbx
[2016.04.16-18.31.31:940][115]LogFbx: FBX Scene Loaded Succesfully
[2016.04.16-18.31.31:963][115]LogLinker:Warning: Can't find file '/Game/Hotel/Art/Models/PaintPuzzle/texture_test'
[2016.04.16-18.31.31:963][115]LogLinker:Warning: Can't find file '/Game/Hotel/Art/Models/PaintPuzzle/texture_test'
[2016.04.16-18.31.31:963][115]LogUObjectGlobals:Warning: Failed to find object 'Texture /Game/Hotel/Art/Models/PaintPuzzle/texture_test.texture_test'
[2016.04.16-18.31.31:963][115]LogStreaming:Warning: Failed to read file 'C:/Users/jcc44_000/Documents/maya/texture test.png' error.
[2016.04.16-18.31.31:963][115]LogStreaming:Warning: Failed to read file 'E:\Users\Mandy\Documents\HauntedModelFiles\PaintSet DONE/..\..\..\texture test.png' error.
[2016.04.16-18.31.31:963][115]LogStreaming:Warning: Failed to read file 'E:\Users\Mandy\Documents\HauntedModelFiles\PaintSet DONE/texture test.png' error.
[2016.04.16-18.31.31:963][115]LogFbxMaterialImport:Warning: Unable to find TEXTure file texture test.png. Tried:
 - C:/Users/jcc44_000/Documents/maya/texture test.png
 - E:\Users\Mandy\Documents\HauntedModelFiles\PaintSet DONE/..\..\..\texture test.png
 - E:\Users\Mandy\Documents\HauntedModelFiles\PaintSet DONE/texture test.png
[2016.04.16-18.31.31:970][115]LogMaterial: Missing cached shader map for material lambert2, compiling. 
[2016.04.16-18.31.32:000][115]LogStaticMesh: Building static mesh PaintCup...
[2016.04.16-18.31.32:008][115]LogStaticMesh: Built static mesh [0.008122.2s] /Game/Hotel/Art/Models/PaintPuzzle/PaintCup.PaintCup
[2016.04.16-18.31.32:745][115]FBXImport:Warning: Warning Warning: No smoothing group information was found in this FBX scene.  Please make sure to enable the 'Export Smoothing Groups' option in the FBX Exporter plug-in before exporting the file.  Even for tools that don't support smoothing groups, the FBX Exporter will generate appropriate smoothing data at export-time so that correct vertex normals can be inferred while importing. 
[2016.04.16-18.31.47:932][221]LogSavePackage: Save=11.854579ms
[2016.04.16-18.31.47:932][221]LogSavePackage: Moving '../../../../../../Users/Mandy/Documents/GitHub/HotelBete/Saved/PaintCupMatFD97879344BE665351643FB81BE87F8D.tmp' to '../../../../../../Users/Mandy/Documents/GitHub/HotelBete/Content/Hotel/Art/Models/PaintPuzzle/PaintCupMat.uasset'
[2016.04.16-18.31.47:933][221]LogSavePackage: Total save time: 13.177514ms
[2016.04.16-18.31.47:933][221]LogSavePackage:Display: Finished SavePackage ../../../../../../Users/Mandy/Documents/GitHub/HotelBete/Content/Hotel/Art/Models/PaintPuzzle/PaintCupMat.uasset
[2016.04.16-18.32.21:573][921]LogFactory: FactoryCreateBinary: StaticMesh with FbxFactory (0 0 E:\Users\Mandy\Documents\HauntedModelFiles\Briefcase DONE\BriefcaseTop.FBX)
[2016.04.16-18.32.21:601][921]LogFbx: ItemName: GlobalSettings, ItemCount : 1
[2016.04.16-18.32.21:601][921]LogFbx: ItemName: AnimationStack, ItemCount : 1
[2016.04.16-18.32.21:601][921]LogFbx: ItemName: AnimationLayer, ItemCount : 1
[2016.04.16-18.32.21:601][921]LogFbx: ItemName: Model, ItemCount : 1
[2016.04.16-18.32.21:601][921]LogFbx: ItemName: Geometry, ItemCount : 1
[2016.04.16-18.32.21:601][921]LogFbx: ItemName: Material, ItemCount : 2
[2016.04.16-18.32.21:662][921]LogFbx: Loading FBX Scene from E:\Users\Mandy\Documents\HauntedModelFiles\Briefcase DONE\BriefcaseTop.FBX
[2016.04.16-18.32.21:735][921]LogFbx: FBX Scene Loaded Succesfully
[2016.04.16-18.32.23:046][921]LogFbx: Loading FBX Scene from E:\Users\Mandy\Documents\HauntedModelFiles\Briefcase DONE\BriefcaseTop.FBX
[2016.04.16-18.32.23:118][921]LogFbx: FBX Scene Loaded Succesfully
[2016.04.16-18.32.23:141][921]LogLinker:Warning: Can't find file '/Game/Hotel/Art/Models/Briefcase/Metal'
[2016.04.16-18.32.23:141][921]LogLinker:Warning: Can't find file '/Game/Hotel/Art/Models/Briefcase/Metal'
[2016.04.16-18.32.23:149][921]LogMaterial: Missing cached shader map for material Metal, compiling. 
[2016.04.16-18.32.23:165][921]LogLinker:Warning: Can't find file '/Game/Hotel/Art/Models/Briefcase/Leather'
[2016.04.16-18.32.23:165][921]LogLinker:Warning: Can't find file '/Game/Hotel/Art/Models/Briefcase/Leather'
[2016.04.16-18.32.23:178][921]LogMaterial: Missing cached shader map for material Leather, compiling. 
[2016.04.16-18.32.23:216][921]LogStaticMesh: Building static mesh BriefcaseTop...
[2016.04.16-18.32.23:237][921]LogStaticMesh: Built static mesh [0.032791.2s] /Game/Hotel/Art/Models/Briefcase/BriefcaseTop.BriefcaseTop
[2016.04.16-18.32.23:254][921]FBXImport:Warning: Warning Warning: No smoothing group information was found in this FBX scene.  Please make sure to enable the 'Export Smoothing Groups' option in the FBX Exporter plug-in before exporting the file.  Even for tools that don't support smoothing groups, the FBX Exporter will generate appropriate smoothing data at export-time so that correct vertex normals can be inferred while importing. 
[2016.04.16-18.32.36:135][759]LogSavePackage: Save=12.081913ms
[2016.04.16-18.32.36:135][759]LogSavePackage: Moving '../../../../../../Users/Mandy/Documents/GitHub/HotelBete/Saved/BreifcaseTopLeather9BE5C6634A892EE6A096A29A8D0297AB.tmp' to '../../../../../../Users/Mandy/Documents/GitHub/HotelBete/Content/Hotel/Art/Models/Briefcase/BreifcaseTopLeather.uasset'
[2016.04.16-18.32.36:136][759]LogSavePackage: Total save time: 13.543200ms
[2016.04.16-18.32.36:136][759]LogSavePackage:Display: Finished SavePackage ../../../../../../Users/Mandy/Documents/GitHub/HotelBete/Content/Hotel/Art/Models/Briefcase/BreifcaseTopLeather.uasset
[2016.04.16-18.32.48:096][669]LogSavePackage: Save=12.058935ms
[2016.04.16-18.32.48:096][669]LogSavePackage: Moving '../../../../../../Users/Mandy/Documents/GitHub/HotelBete/Saved/BriefcaseTopMetal6BADA1FC4FE8C78A5FFE99B7FB185072.tmp' to '../../../../../../Users/Mandy/Documents/GitHub/HotelBete/Content/Hotel/Art/Models/Briefcase/BriefcaseTopMetal.uasset'
[2016.04.16-18.32.48:097][669]LogSavePackage: Total save time: 13.385292ms
[2016.04.16-18.32.48:097][669]LogSavePackage:Display: Finished SavePackage ../../../../../../Users/Mandy/Documents/GitHub/HotelBete/Content/Hotel/Art/Models/Briefcase/BriefcaseTopMetal.uasset
[2016.04.16-18.32.52:422][847]LogFactory: FactoryCreateBinary: StaticMesh with FbxFactory (0 0 E:\Users\Mandy\Documents\HauntedModelFiles\Briefcase DONE\BriefcaseBottom.FBX)
[2016.04.16-18.32.52:435][847]LogFbx: ItemName: GlobalSettings, ItemCount : 1
[2016.04.16-18.32.52:435][847]LogFbx: ItemName: AnimationStack, ItemCount : 1
[2016.04.16-18.32.52:435][847]LogFbx: ItemName: AnimationLayer, ItemCount : 1
[2016.04.16-18.32.52:435][847]LogFbx: ItemName: Model, ItemCount : 1
[2016.04.16-18.32.52:435][847]LogFbx: ItemName: Geometry, ItemCount : 1
[2016.04.16-18.32.52:435][847]LogFbx: ItemName: Material, ItemCount : 3
[2016.04.16-18.32.52:435][847]LogFbx: ItemName: Texture, ItemCount : 1
[2016.04.16-18.32.52:435][847]LogFbx: ItemName: Video, ItemCount : 1
[2016.04.16-18.32.52:497][847]LogFbx: Loading FBX Scene from E:\Users\Mandy\Documents\HauntedModelFiles\Briefcase DONE\BriefcaseBottom.FBX
[2016.04.16-18.32.52:573][847]LogFbx: FBX Scene Loaded Succesfully
[2016.04.16-18.32.53:754][847]LogFbx: Loading FBX Scene from E:\Users\Mandy\Documents\HauntedModelFiles\Briefcase DONE\BriefcaseBottom.FBX
[2016.04.16-18.32.53:830][847]LogFbx: FBX Scene Loaded Succesfully
[2016.04.16-18.32.53:853][847]LogLinker:Warning: Can't find file '/Game/Hotel/Art/Models/Briefcase/lambert3'
[2016.04.16-18.32.53:853][847]LogLinker:Warning: Can't find file '/Game/Hotel/Art/Models/Briefcase/lambert3'
[2016.04.16-18.32.53:854][847]LogLinker:Warning: Can't find file '/Game/Hotel/Art/Models/Briefcase/texture_test'
[2016.04.16-18.32.53:854][847]LogLinker:Warning: Can't find file '/Game/Hotel/Art/Models/Briefcase/texture_test'
[2016.04.16-18.32.53:854][847]LogUObjectGlobals:Warning: Failed to find object 'Texture /Game/Hotel/Art/Models/Briefcase/texture_test.texture_test'
[2016.04.16-18.32.53:854][847]LogStreaming:Warning: Failed to read file 'C:\Users\jcc44_000\Documents\maya\texture test.png' error.
[2016.04.16-18.32.53:854][847]LogStreaming:Warning: Failed to read file 'E:\Users\Mandy\Documents\HauntedModelFiles\Briefcase DONE/C:\Users\jcc44_000\Documents\maya\texture test.png' error.
[2016.04.16-18.32.53:854][847]LogStreaming:Warning: Failed to read file 'E:\Users\Mandy\Documents\HauntedModelFiles\Briefcase DONE/texture test.png' error.
[2016.04.16-18.32.53:854][847]LogFbxMaterialImport:Warning: Unable to find TEXTure file texture test.png. Tried:
 - C:\Users\jcc44_000\Documents\maya\texture test.png
 - E:\Users\Mandy\Documents\HauntedModelFiles\Briefcase DONE/C:\Users\jcc44_000\Documents\maya\texture test.png
 - E:\Users\Mandy\Documents\HauntedModelFiles\Briefcase DONE/texture test.png
[2016.04.16-18.32.53:861][847]LogMaterial: Missing cached shader map for material lambert3, compiling. 
[2016.04.16-18.32.53:891][847]LogMaterial: Missing cached shader map for material Metal, compiling. 
[2016.04.16-18.32.53:932][847]LogMaterial: Missing cached shader map for material Leather, compiling. 
[2016.04.16-18.32.53:955][847]LogStaticMesh: Building static mesh BriefcaseBottom...
[2016.04.16-18.32.54:004][847]LogStaticMesh: Built static mesh [0.049442.2s] /Game/Hotel/Art/Models/Briefcase/BriefcaseBottom.BriefcaseBottom
[2016.04.16-18.32.54:016][847]FBXImport:Warning: Warning Warning: No smoothing group information was found in this FBX scene.  Please make sure to enable the 'Export Smoothing Groups' option in the FBX Exporter plug-in before exporting the file.  Even for tools that don't support smoothing groups, the FBX Exporter will generate appropriate smoothing data at export-time so that correct vertex normals can be inferred while importing. 
[2016.04.16-18.33.16:013][537]LogSavePackage: Save=12.138135ms
[2016.04.16-18.33.16:013][537]LogSavePackage: Moving '../../../../../../Users/Mandy/Documents/GitHub/HotelBete/Saved/BriefcaseBottomLeather780C380F454E09A4AECF57A0FA329012.tmp' to '../../../../../../Users/Mandy/Documents/GitHub/HotelBete/Content/Hotel/Art/Models/Briefcase/BriefcaseBottomLeather.uasset'
[2016.04.16-18.33.16:014][537]LogSavePackage: Total save time: 13.445426ms
[2016.04.16-18.33.16:014][537]LogSavePackage:Display: Finished SavePackage ../../../../../../Users/Mandy/Documents/GitHub/HotelBete/Content/Hotel/Art/Models/Briefcase/BriefcaseBottomLeather.uasset
[2016.04.16-18.33.29:412][664]LogSavePackage: Save=11.935246ms
[2016.04.16-18.33.29:412][664]LogSavePackage: Moving '../../../../../../Users/Mandy/Documents/GitHub/HotelBete/Saved/BriefcaseBottomMetalC383A8924C69596D664C76B2828722CE.tmp' to '../../../../../../Users/Mandy/Documents/GitHub/HotelBete/Content/Hotel/Art/Models/Briefcase/BriefcaseBottomMetal.uasset'
[2016.04.16-18.33.29:413][664]LogSavePackage: Total save time: 13.258178ms
[2016.04.16-18.33.29:413][664]LogSavePackage:Display: Finished SavePackage ../../../../../../Users/Mandy/Documents/GitHub/HotelBete/Content/Hotel/Art/Models/Briefcase/BriefcaseBottomMetal.uasset
[2016.04.16-18.33.37:245][283]LogSavePackage: Save=12.180668ms
[2016.04.16-18.33.37:245][283]LogSavePackage: Moving '../../../../../../Users/Mandy/Documents/GitHub/HotelBete/Saved/BriefcaseTopLeather83E65B3142FCA16978F8F7971221DFE6.tmp' to '../../../../../../Users/Mandy/Documents/GitHub/HotelBete/Content/Hotel/Art/Models/Briefcase/BriefcaseTopLeather.uasset'
[2016.04.16-18.33.37:246][283]LogSavePackage: Total save time: 13.611645ms
[2016.04.16-18.33.37:246][283]LogSavePackage:Display: Finished SavePackage ../../../../../../Users/Mandy/Documents/GitHub/HotelBete/Content/Hotel/Art/Models/Briefcase/BriefcaseTopLeather.uasset
[2016.04.16-18.33.56:349][160]LogFactory: FactoryCreateBinary: StaticMesh with FbxFactory (0 0 E:\Users\Mandy\Documents\HauntedModelFiles\Paint_Brush DONE\PaintBrush.fbx)
[2016.04.16-18.33.56:372][160]LogFbx: ItemName: GlobalSettings, ItemCount : 1
[2016.04.16-18.33.56:372][160]LogFbx: ItemName: AnimationStack, ItemCount : 1
[2016.04.16-18.33.56:372][160]LogFbx: ItemName: AnimationLayer, ItemCount : 1
[2016.04.16-18.33.56:372][160]LogFbx: ItemName: Geometry, ItemCount : 1
[2016.04.16-18.33.56:372][160]LogFbx: ItemName: Material, ItemCount : 1
[2016.04.16-18.33.56:372][160]LogFbx: ItemName: Model, ItemCount : 1
[2016.04.16-18.33.56:462][160]LogFbx: Loading FBX Scene from E:\Users\Mandy\Documents\HauntedModelFiles\Paint_Brush DONE\PaintBrush.fbx
[2016.04.16-18.33.56:531][160]LogFbx: FBX Scene Loaded Succesfully
[2016.04.16-18.33.57:923][160]LogFbx: Loading FBX Scene from E:\Users\Mandy\Documents\HauntedModelFiles\Paint_Brush DONE\PaintBrush.fbx
[2016.04.16-18.33.57:992][160]LogFbx: FBX Scene Loaded Succesfully
[2016.04.16-18.33.58:015][160]LogLinker:Warning: Can't find file '/Game/Hotel/Art/Models/PaintPuzzle/lambert1'
[2016.04.16-18.33.58:015][160]LogLinker:Warning: Can't find file '/Game/Hotel/Art/Models/PaintPuzzle/lambert1'
[2016.04.16-18.33.58:022][160]LogMaterial: Missing cached shader map for material lambert1, compiling. 
[2016.04.16-18.33.58:044][160]LogStaticMesh: Building static mesh PaintBrush...
[2016.04.16-18.33.58:052][160]LogStaticMesh: Built static mesh [0.007844.2s] /Game/Hotel/Art/Models/PaintPuzzle/PaintBrush.PaintBrush
[2016.04.16-18.33.58:069][160]FBXImport:Warning: Warning Warning: No smoothing group information was found in this FBX scene.  Please make sure to enable the 'Export Smoothing Groups' option in the FBX Exporter plug-in before exporting the file.  Even for tools that don't support smoothing groups, the FBX Exporter will generate appropriate smoothing data at export-time so that correct vertex normals can be inferred while importing. 
[2016.04.16-18.34.08:978][992]LogSavePackage: Save=12.315601ms
[2016.04.16-18.34.08:978][992]LogSavePackage: Moving '../../../../../../Users/Mandy/Documents/GitHub/HotelBete/Saved/PaintBrushMat16D19DBA4EFD072DEAF3F7B42CE6A3B5.tmp' to '../../../../../../Users/Mandy/Documents/GitHub/HotelBete/Content/Hotel/Art/Models/PaintPuzzle/PaintBrushMat.uasset'
[2016.04.16-18.34.08:979][992]LogSavePackage: Total save time: 13.620444ms
[2016.04.16-18.34.08:979][992]LogSavePackage:Display: Finished SavePackage ../../../../../../Users/Mandy/Documents/GitHub/HotelBete/Content/Hotel/Art/Models/PaintPuzzle/PaintBrushMat.uasset
[2016.04.16-18.34.32:836][794]LogFactory: FactoryCreateBinary: StaticMesh with FbxFactory (0 0 E:\Users\Mandy\Documents\HauntedModelFiles\Bar DONE\Bar.fbx)
[2016.04.16-18.34.32:849][794]LogFbx: ItemName: GlobalSettings, ItemCount : 1
[2016.04.16-18.34.32:849][794]LogFbx: ItemName: AnimationStack, ItemCount : 1
[2016.04.16-18.34.32:849][794]LogFbx: ItemName: AnimationLayer, ItemCount : 1
[2016.04.16-18.34.32:849][794]LogFbx: ItemName: Model, ItemCount : 1
[2016.04.16-18.34.32:849][794]LogFbx: ItemName: Geometry, ItemCount : 1
[2016.04.16-18.34.32:849][794]LogFbx: ItemName: Material, ItemCount : 1
[2016.04.16-18.34.32:930][794]LogFbx: Loading FBX Scene from E:\Users\Mandy\Documents\HauntedModelFiles\Bar DONE\Bar.fbx
[2016.04.16-18.34.33:000][794]LogFbx: FBX Scene Loaded Succesfully
[2016.04.16-18.34.34:661][794]LogFbx: Loading FBX Scene from E:\Users\Mandy\Documents\HauntedModelFiles\Bar DONE\Bar.fbx
[2016.04.16-18.34.34:731][794]LogFbx: FBX Scene Loaded Succesfully
[2016.04.16-18.34.34:754][794]LogLinker:Warning: Can't find file '/Game/Hotel/Art/Models/Bar/01_-_Default'
[2016.04.16-18.34.34:754][794]LogLinker:Warning: Can't find file '/Game/Hotel/Art/Models/Bar/01_-_Default'
[2016.04.16-18.34.34:762][794]LogMaterial: Missing cached shader map for material 01_-_Default, compiling. 
[2016.04.16-18.34.34:784][794]LogStaticMesh: Building static mesh Bar...
[2016.04.16-18.34.34:800][794]LogStaticMesh: Built static mesh [0.016499.2s] /Game/Hotel/Art/Models/Bar/Bar.Bar
[2016.04.16-18.34.34:825][794]FBXImport:Warning: Warning Warning: No smoothing group information was found in this FBX scene.  Please make sure to enable the 'Export Smoothing Groups' option in the FBX Exporter plug-in before exporting the file.  Even for tools that don't support smoothing groups, the FBX Exporter will generate appropriate smoothing data at export-time so that correct vertex normals can be inferred while importing. 
[2016.04.16-18.34.41:981][457]Cmd: OBJ SAVEPACKAGE PACKAGE="/Game/Hotel/Art/Models/Bar/BarMat" FILE="../../../../../../Users/Mandy/Documents/GitHub/HotelBete/Content/Hotel/Art/Models/Bar/BarMat.uasset" SILENT=true
[2016.04.16-18.34.41:994][457]LogSavePackage: Save=12.244224ms
[2016.04.16-18.34.41:994][457]LogSavePackage: Moving '../../../../../../Users/Mandy/Documents/GitHub/HotelBete/Saved/BarMat4776DE904880E23AEE9408A9D1CD7902.tmp' to '../../../../../../Users/Mandy/Documents/GitHub/HotelBete/Content/Hotel/Art/Models/Bar/BarMat.uasset'
[2016.04.16-18.34.41:995][457]LogSavePackage: Total save time: 13.623379ms
[2016.04.16-18.34.41:995][457]LogSavePackage:Display: Finished SavePackage ../../../../../../Users/Mandy/Documents/GitHub/HotelBete/Content/Hotel/Art/Models/Bar/BarMat.uasset
[2016.04.16-18.35.07:642][507]LogFactory: FactoryCreateBinary: StaticMesh with FbxFactory (0 0 E:\Users\Mandy\Documents\HauntedModelFiles\Barrel DONE\barrel.fbx)
[2016.04.16-18.35.07:669][507]LogFbx: ItemName: GlobalSettings, ItemCount : 1
[2016.04.16-18.35.07:669][507]LogFbx: ItemName: AnimationStack, ItemCount : 1
[2016.04.16-18.35.07:669][507]LogFbx: ItemName: AnimationLayer, ItemCount : 1
[2016.04.16-18.35.07:669][507]LogFbx: ItemName: Geometry, ItemCount : 1
[2016.04.16-18.35.07:669][507]LogFbx: ItemName: Material, ItemCount : 1
[2016.04.16-18.35.07:669][507]LogFbx: ItemName: Model, ItemCount : 1
[2016.04.16-18.35.07:743][507]LogFbx: Loading FBX Scene from E:\Users\Mandy\Documents\HauntedModelFiles\Barrel DONE\barrel.fbx
[2016.04.16-18.35.07:814][507]LogFbx: FBX Scene Loaded Succesfully
[2016.04.16-18.35.09:329][507]LogFbx: Loading FBX Scene from E:\Users\Mandy\Documents\HauntedModelFiles\Barrel DONE\barrel.fbx
[2016.04.16-18.35.09:400][507]LogFbx: FBX Scene Loaded Succesfully
[2016.04.16-18.35.09:423][507]LogLinker:Warning: Can't find file '/Game/Hotel/Art/Models/Barrel/lambert2'
[2016.04.16-18.35.09:423][507]LogLinker:Warning: Can't find file '/Game/Hotel/Art/Models/Barrel/lambert2'
[2016.04.16-18.35.09:432][507]LogMaterial: Missing cached shader map for material lambert2, compiling. 
[2016.04.16-18.35.09:454][507]LogStaticMesh: Building static mesh barrel...
[2016.04.16-18.35.09:467][507]LogStaticMesh: Built static mesh [0.013785.2s] /Game/Hotel/Art/Models/Barrel/barrel.barrel
[2016.04.16-18.35.09:496][507]FBXImport:Warning: Warning Warning: No smoothing group information was found in this FBX scene.  Please make sure to enable the 'Export Smoothing Groups' option in the FBX Exporter plug-in before exporting the file.  Even for tools that don't support smoothing groups, the FBX Exporter will generate appropriate smoothing data at export-time so that correct vertex normals can be inferred while importing. 
[2016.04.16-18.35.18:197][362]Cmd: OBJ SAVEPACKAGE PACKAGE="/Game/Hotel/Art/Models/Barrel/BarrelMat" FILE="../../../../../../Users/Mandy/Documents/GitHub/HotelBete/Content/Hotel/Art/Models/Barrel/BarrelMat.uasset" SILENT=true
[2016.04.16-18.35.18:210][362]LogSavePackage: Save=12.286757ms
[2016.04.16-18.35.18:210][362]LogSavePackage: Moving '../../../../../../Users/Mandy/Documents/GitHub/HotelBete/Saved/BarrelMat1BDF60BE449C6A769F3979B502C1FA7A.tmp' to '../../../../../../Users/Mandy/Documents/GitHub/HotelBete/Content/Hotel/Art/Models/Barrel/BarrelMat.uasset'
[2016.04.16-18.35.18:211][362]LogSavePackage: Total save time: 13.606757ms
[2016.04.16-18.35.18:211][362]LogSavePackage:Display: Finished SavePackage ../../../../../../Users/Mandy/Documents/GitHub/HotelBete/Content/Hotel/Art/Models/Barrel/BarrelMat.uasset
[2016.04.16-18.35.34:242][389]LogFactory: FactoryCreateBinary: StaticMesh with FbxFactory (0 0 E:\Users\Mandy\Documents\HauntedModelFiles\Crate\Crate.fbx)
[2016.04.16-18.35.34:265][389]LogFbx: ItemName: GlobalSettings, ItemCount : 1
[2016.04.16-18.35.34:265][389]LogFbx: ItemName: AnimationStack, ItemCount : 1
[2016.04.16-18.35.34:265][389]LogFbx: ItemName: AnimationLayer, ItemCount : 1
[2016.04.16-18.35.34:265][389]LogFbx: ItemName: Geometry, ItemCount : 1
[2016.04.16-18.35.34:265][389]LogFbx: ItemName: Material, ItemCount : 1
[2016.04.16-18.35.34:265][389]LogFbx: ItemName: Model, ItemCount : 1
[2016.04.16-18.35.34:344][389]LogFbx: Loading FBX Scene from E:\Users\Mandy\Documents\HauntedModelFiles\Crate\Crate.fbx
[2016.04.16-18.35.34:415][389]LogFbx: FBX Scene Loaded Succesfully
[2016.04.16-18.35.36:930][389]LogFbx: Loading FBX Scene from E:\Users\Mandy\Documents\HauntedModelFiles\Crate\Crate.fbx
[2016.04.16-18.35.37:002][389]LogFbx: FBX Scene Loaded Succesfully
[2016.04.16-18.35.37:024][389]LogLinker:Warning: Can't find file '/Game/Hotel/Art/Models/Crate/lambert1'
[2016.04.16-18.35.37:025][389]LogLinker:Warning: Can't find file '/Game/Hotel/Art/Models/Crate/lambert1'
[2016.04.16-18.35.37:033][389]LogMaterial: Missing cached shader map for material lambert1, compiling. 
[2016.04.16-18.35.37:092][389]LogFbx:Warning: Triangulating static mesh Crate:box010
[2016.04.16-18.35.37:149][389]LogStaticMesh: Building static mesh Crate...
[2016.04.16-18.35.37:229][389]LogStaticMesh: Built static mesh [0.085958.2s] /Game/Hotel/Art/Models/Crate/Crate.Crate
[2016.04.16-18.35.37:232][389]LogStaticMesh:Warning: Crate has degenerate tangent bases which will result in incorrect shading. 
[2016.04.16-18.35.37:243][389]FBXImport:Warning: Warning Crate has degenerate tangent bases which will result in incorrect shading.  
[2016.04.16-18.35.37:243][389]FBXImport:Warning: Warning Warning: The imported mesh is very small. This is most likely an issue with the units used when exporting to FBX. 
[2016.04.16-18.35.46:464][177]Cmd: OBJ SAVEPACKAGE PACKAGE="/Game/Hotel/Art/Models/Crate/CrateMat" FILE="../../../../../../Users/Mandy/Documents/GitHub/HotelBete/Content/Hotel/Art/Models/Crate/CrateMat.uasset" SILENT=true
[2016.04.16-18.35.46:479][177]LogSavePackage: Save=13.754402ms
[2016.04.16-18.35.46:479][177]LogSavePackage: Moving '../../../../../../Users/Mandy/Documents/GitHub/HotelBete/Saved/CrateMat4E0D1C144855410F7BF5189C2B71F56D.tmp' to '../../../../../../Users/Mandy/Documents/GitHub/HotelBete/Content/Hotel/Art/Models/Crate/CrateMat.uasset'
[2016.04.16-18.35.46:480][177]LogSavePackage: Total save time: 15.141379ms
[2016.04.16-18.35.46:480][177]LogSavePackage:Display: Finished SavePackage ../../../../../../Users/Mandy/Documents/GitHub/HotelBete/Content/Hotel/Art/Models/Crate/CrateMat.uasset
[2016.04.16-18.35.58:526][ 14]LogFactory: FactoryCreateBinary: StaticMesh with FbxFactory (0 0 E:\Users\Mandy\Documents\HauntedModelFiles\Easil DONE\Easel.fbx)
[2016.04.16-18.35.58:566][ 14]LogFbx: ItemName: GlobalSettings, ItemCount : 1
[2016.04.16-18.35.58:566][ 14]LogFbx: ItemName: AnimationStack, ItemCount : 1
[2016.04.16-18.35.58:566][ 14]LogFbx: ItemName: AnimationLayer, ItemCount : 1
[2016.04.16-18.35.58:566][ 14]LogFbx: ItemName: Geometry, ItemCount : 2
[2016.04.16-18.35.58:566][ 14]LogFbx: ItemName: Material, ItemCount : 2
[2016.04.16-18.35.58:566][ 14]LogFbx: ItemName: Texture, ItemCount : 2
[2016.04.16-18.35.58:566][ 14]LogFbx: ItemName: Model, ItemCount : 2
[2016.04.16-18.35.58:566][ 14]LogFbx: ItemName: Video, ItemCount : 2
[2016.04.16-18.35.58:634][ 14]LogFbx: Loading FBX Scene from E:\Users\Mandy\Documents\HauntedModelFiles\Easil DONE\Easel.fbx
[2016.04.16-18.35.58:709][ 14]LogFbx: FBX Scene Loaded Succesfully
[2016.04.16-18.36.00:097][ 14]LogFbx: Loading FBX Scene from E:\Users\Mandy\Documents\HauntedModelFiles\Easil DONE\Easel.fbx
[2016.04.16-18.36.00:172][ 14]LogFbx: FBX Scene Loaded Succesfully
[2016.04.16-18.36.00:195][ 14]LogLinker:Warning: Can't find file '/Game/Hotel/Art/Models/PaintPuzzle/lambert3'
[2016.04.16-18.36.00:195][ 14]LogLinker:Warning: Can't find file '/Game/Hotel/Art/Models/PaintPuzzle/lambert3'
[2016.04.16-18.36.00:196][ 14]LogLinker:Warning: Can't find file '/Game/Hotel/Art/Models/PaintPuzzle/texture_test'
[2016.04.16-18.36.00:196][ 14]LogLinker:Warning: Can't find file '/Game/Hotel/Art/Models/PaintPuzzle/texture_test'
[2016.04.16-18.36.00:196][ 14]LogUObjectGlobals:Warning: Failed to find object 'Texture /Game/Hotel/Art/Models/PaintPuzzle/texture_test.texture_test'
[2016.04.16-18.36.00:196][ 14]LogStreaming:Warning: Failed to read file 'C:/Users/jcc44_000/Documents/maya/texture test.png' error.
[2016.04.16-18.36.00:196][ 14]LogStreaming:Warning: Failed to read file 'E:\Users\Mandy\Documents\HauntedModelFiles\Easil DONE/..\..\..\texture test.png' error.
[2016.04.16-18.36.00:196][ 14]LogStreaming:Warning: Failed to read file 'E:\Users\Mandy\Documents\HauntedModelFiles\Easil DONE/texture test.png' error.
[2016.04.16-18.36.00:196][ 14]LogFbxMaterialImport:Warning: Unable to find TEXTure file texture test.png. Tried:
 - C:/Users/jcc44_000/Documents/maya/texture test.png
 - E:\Users\Mandy\Documents\HauntedModelFiles\Easil DONE/..\..\..\texture test.png
 - E:\Users\Mandy\Documents\HauntedModelFiles\Easil DONE/texture test.png
[2016.04.16-18.36.00:203][ 14]LogMaterial: Missing cached shader map for material lambert3, compiling. 
[2016.04.16-18.36.00:219][ 14]LogLinker:Warning: Can't find file '/Game/Hotel/Art/Models/PaintPuzzle/texture_test'
[2016.04.16-18.36.00:219][ 14]LogUObjectGlobals:Warning: Failed to find object 'Texture /Game/Hotel/Art/Models/PaintPuzzle/texture_test.texture_test'
[2016.04.16-18.36.00:219][ 14]LogStreaming:Warning: Failed to read file 'C:/Users/jcc44_000/Documents/maya/texture test.png' error.
[2016.04.16-18.36.00:219][ 14]LogStreaming:Warning: Failed to read file 'E:\Users\Mandy\Documents\HauntedModelFiles\Easil DONE/..\..\..\texture test.png' error.
[2016.04.16-18.36.00:219][ 14]LogStreaming:Warning: Failed to read file 'E:\Users\Mandy\Documents\HauntedModelFiles\Easil DONE/texture test.png' error.
[2016.04.16-18.36.00:219][ 14]LogFbxMaterialImport:Warning: Unable to find TEXTure file texture test.png. Tried:
 - C:/Users/jcc44_000/Documents/maya/texture test.png
 - E:\Users\Mandy\Documents\HauntedModelFiles\Easil DONE/..\..\..\texture test.png
 - E:\Users\Mandy\Documents\HauntedModelFiles\Easil DONE/texture test.png
[2016.04.16-18.36.00:234][ 14]LogMaterial: Missing cached shader map for material lambert2, compiling. 
[2016.04.16-18.36.00:257][ 14]LogStaticMesh: Building static mesh Easel...
[2016.04.16-18.36.00:267][ 14]LogStaticMesh: Built static mesh [0.011077.2s] /Game/Hotel/Art/Models/PaintPuzzle/Easel.Easel
[2016.04.16-18.36.00:299][ 14]FBXImport:Warning: Warning Warning: No smoothing group information was found in this FBX scene.  Please make sure to enable the 'Export Smoothing Groups' option in the FBX Exporter plug-in before exporting the file.  Even for tools that don't support smoothing groups, the FBX Exporter will generate appropriate smoothing data at export-time so that correct vertex normals can be inferred while importing. 
[2016.04.16-18.36.14:410][986]LogSavePackage: Save=11.883913ms
[2016.04.16-18.36.14:410][986]LogSavePackage: Moving '../../../../../../Users/Mandy/Documents/GitHub/HotelBete/Saved/EasilLegs47AE79244A9D6A611230DFA43673C527.tmp' to '../../../../../../Users/Mandy/Documents/GitHub/HotelBete/Content/Hotel/Art/Models/PaintPuzzle/EasilLegs.uasset'
[2016.04.16-18.36.14:411][986]LogSavePackage: Total save time: 13.241071ms
[2016.04.16-18.36.14:411][986]LogSavePackage:Display: Finished SavePackage ../../../../../../Users/Mandy/Documents/GitHub/HotelBete/Content/Hotel/Art/Models/PaintPuzzle/EasilLegs.uasset
[2016.04.16-18.36.23:332][ 15]Cmd: OBJ SAVEPACKAGE PACKAGE="/Game/Hotel/Art/Models/PaintPuzzle/EasilMat" FILE="../../../../../../Users/Mandy/Documents/GitHub/HotelBete/Content/Hotel/Art/Models/PaintPuzzle/EasilMat.uasset" SILENT=true
[2016.04.16-18.36.23:345][ 15]LogSavePackage: Save=11.766580ms
[2016.04.16-18.36.23:345][ 15]LogSavePackage: Moving '../../../../../../Users/Mandy/Documents/GitHub/HotelBete/Saved/EasilMat3240C5D6433A4E0AEB7CF5A9DE9BC1B9.tmp' to '../../../../../../Users/Mandy/Documents/GitHub/HotelBete/Content/Hotel/Art/Models/PaintPuzzle/EasilMat.uasset'
[2016.04.16-18.36.23:346][ 15]LogSavePackage: Total save time: 13.071913ms
[2016.04.16-18.36.23:346][ 15]LogSavePackage:Display: Finished SavePackage ../../../../../../Users/Mandy/Documents/GitHub/HotelBete/Content/Hotel/Art/Models/PaintPuzzle/EasilMat.uasset
[2016.04.16-18.36.30:011][496]Cmd: OBJ SAVEPACKAGE PACKAGE="/Game/Hotel/Art/Models/PaintPuzzle/Easil" FILE="../../../../../../Users/Mandy/Documents/GitHub/HotelBete/Content/Hotel/Art/Models/PaintPuzzle/Easil.uasset" SILENT=true
[2016.04.16-18.36.30:023][496]LogSavePackage: Save=11.480090ms
[2016.04.16-18.36.30:023][496]LogSavePackage: Moving '../../../../../../Users/Mandy/Documents/GitHub/HotelBete/Saved/Easil18C36DDB4B4BE0ECEF9C2293E1794D8D.tmp' to '../../../../../../Users/Mandy/Documents/GitHub/HotelBete/Content/Hotel/Art/Models/PaintPuzzle/Easil.uasset'
[2016.04.16-18.36.30:024][496]LogSavePackage: Total save time: 12.801066ms
[2016.04.16-18.36.30:024][496]LogSavePackage:Display: Finished SavePackage ../../../../../../Users/Mandy/Documents/GitHub/HotelBete/Content/Hotel/Art/Models/PaintPuzzle/Easil.uasset
[2016.04.16-18.36.31:995][694]Cmd: OBJ SAVEPACKAGE PACKAGE="/Game/Hotel/Art/Models/PaintPuzzle/PaintCup" FILE="../../../../../../Users/Mandy/Documents/GitHub/HotelBete/Content/Hotel/Art/Models/PaintPuzzle/PaintCup.uasset" SILENT=true
[2016.04.16-18.36.32:006][694]LogSavePackage: Save=10.765823ms
[2016.04.16-18.36.32:006][694]LogSavePackage: Moving '../../../../../../Users/Mandy/Documents/GitHub/HotelBete/Saved/PaintCup40FBFBAF468C02588F3E5C96E2360043.tmp' to '../../../../../../Users/Mandy/Documents/GitHub/HotelBete/Content/Hotel/Art/Models/PaintPuzzle/PaintCup.uasset'
[2016.04.16-18.36.32:007][694]LogSavePackage: Total save time: 12.113690ms
[2016.04.16-18.36.32:007][694]LogSavePackage:Display: Finished SavePackage ../../../../../../Users/Mandy/Documents/GitHub/HotelBete/Content/Hotel/Art/Models/PaintPuzzle/PaintCup.uasset
[2016.04.16-18.36.32:051][694]LogSavePackage: Save=10.637246ms
[2016.04.16-18.36.32:051][694]LogSavePackage: Moving '../../../../../../Users/Mandy/Documents/GitHub/HotelBete/Saved/PaintSetIncompleteB7F2819D4B587E339B1DAC97105768F3.tmp' to '../../../../../../Users/Mandy/Documents/GitHub/HotelBete/Content/Hotel/Art/Models/PaintPuzzle/PaintSetIncomplete.uasset'
[2016.04.16-18.36.32:052][694]LogSavePackage: Total save time: 11.971422ms
[2016.04.16-18.36.32:052][694]LogSavePackage:Display: Finished SavePackage ../../../../../../Users/Mandy/Documents/GitHub/HotelBete/Content/Hotel/Art/Models/PaintPuzzle/PaintSetIncomplete.uasset
[2016.04.16-18.36.32:095][694]LogSavePackage: Save=10.618668ms
[2016.04.16-18.36.32:095][694]LogSavePackage: Moving '../../../../../../Users/Mandy/Documents/GitHub/HotelBete/Saved/PaintSetCompleteA0EF9BDA440DE5D5981E7895A711600F.tmp' to '../../../../../../Users/Mandy/Documents/GitHub/HotelBete/Content/Hotel/Art/Models/PaintPuzzle/PaintSetComplete.uasset'
[2016.04.16-18.36.32:096][694]LogSavePackage: Total save time: 12.056980ms
[2016.04.16-18.36.32:097][694]LogSavePackage:Display: Finished SavePackage ../../../../../../Users/Mandy/Documents/GitHub/HotelBete/Content/Hotel/Art/Models/PaintPuzzle/PaintSetComplete.uasset
[2016.04.16-18.36.32:105][694]Cmd: OBJ SAVEPACKAGE PACKAGE="/Game/Hotel/Art/Models/PaintPuzzle/lambert2" FILE="../../../../../../Users/Mandy/Documents/GitHub/HotelBete/Content/Hotel/Art/Models/PaintPuzzle/lambert2.uasset" SILENT=true
[2016.04.16-18.36.32:108][694]LogSavePackage: Save=1.140089ms
[2016.04.16-18.36.32:108][694]LogSavePackage: Moving '../../../../../../Users/Mandy/Documents/GitHub/HotelBete/Saved/lambert22E05B97746B207BFFB8BF0904F57AF25.tmp' to '../../../../../../Users/Mandy/Documents/GitHub/HotelBete/Content/Hotel/Art/Models/PaintPuzzle/lambert2.uasset'
[2016.04.16-18.36.32:109][694]LogSavePackage: Total save time: 2.419025ms
[2016.04.16-18.36.32:109][694]LogSavePackage:Display: Finished SavePackage ../../../../../../Users/Mandy/Documents/GitHub/HotelBete/Content/Hotel/Art/Models/PaintPuzzle/lambert2.uasset
[2016.04.16-18.36.32:152][694]LogSavePackage: Save=11.516757ms
[2016.04.16-18.36.32:152][694]LogSavePackage: Moving '../../../../../../Users/Mandy/Documents/GitHub/HotelBete/Saved/BriefcaseTopD7401801498C3A063A507AB380D91ADD.tmp' to '../../../../../../Users/Mandy/Documents/GitHub/HotelBete/Content/Hotel/Art/Models/Briefcase/BriefcaseTop.uasset'
[2016.04.16-18.36.32:154][694]LogSavePackage: Total save time: 12.851913ms
[2016.04.16-18.36.32:154][694]LogSavePackage:Display: Finished SavePackage ../../../../../../Users/Mandy/Documents/GitHub/HotelBete/Content/Hotel/Art/Models/Briefcase/BriefcaseTop.uasset
[2016.04.16-18.36.32:162][694]Cmd: OBJ SAVEPACKAGE PACKAGE="/Game/Hotel/Art/Models/Briefcase/Metal" FILE="../../../../../../Users/Mandy/Documents/GitHub/HotelBete/Content/Hotel/Art/Models/Briefcase/Metal.uasset" SILENT=true
[2016.04.16-18.36.32:164][694]LogSavePackage: Save=1.122978ms
[2016.04.16-18.36.32:164][694]LogSavePackage: Moving '../../../../../../Users/Mandy/Documents/GitHub/HotelBete/Saved/Metal7997889D41B6ADE08B8EBEA320BD88D9.tmp' to '../../../../../../Users/Mandy/Documents/GitHub/HotelBete/Content/Hotel/Art/Models/Briefcase/Metal.uasset'
[2016.04.16-18.36.32:165][694]LogSavePackage: Total save time: 2.410222ms
[2016.04.16-18.36.32:165][694]LogSavePackage:Display: Finished SavePackage ../../../../../../Users/Mandy/Documents/GitHub/HotelBete/Content/Hotel/Art/Models/Briefcase/Metal.uasset
[2016.04.16-18.36.32:174][694]Cmd: OBJ SAVEPACKAGE PACKAGE="/Game/Hotel/Art/Models/Briefcase/Leather" FILE="../../../../../../Users/Mandy/Documents/GitHub/HotelBete/Content/Hotel/Art/Models/Briefcase/Leather.uasset" SILENT=true
[2016.04.16-18.36.32:176][694]LogSavePackage: Save=1.087778ms
[2016.04.16-18.36.32:176][694]LogSavePackage: Moving '../../../../../../Users/Mandy/Documents/GitHub/HotelBete/Saved/Leather8E1EB6F64623098DBEF033A9AAE317CF.tmp' to '../../../../../../Users/Mandy/Documents/GitHub/HotelBete/Content/Hotel/Art/Models/Briefcase/Leather.uasset'
[2016.04.16-18.36.32:177][694]LogSavePackage: Total save time: 2.354000ms
[2016.04.16-18.36.32:177][694]LogSavePackage:Display: Finished SavePackage ../../../../../../Users/Mandy/Documents/GitHub/HotelBete/Content/Hotel/Art/Models/Briefcase/Leather.uasset
[2016.04.16-18.36.32:219][694]LogSavePackage: Save=9.920534ms
[2016.04.16-18.36.32:219][694]LogSavePackage: Moving '../../../../../../Users/Mandy/Documents/GitHub/HotelBete/Saved/PaintBrush7D63E3F840A046DABB56BEB4A01527CF.tmp' to '../../../../../../Users/Mandy/Documents/GitHub/HotelBete/Content/Hotel/Art/Models/PaintPuzzle/PaintBrush.uasset'
[2016.04.16-18.36.32:220][694]LogSavePackage: Total save time: 11.284046ms
[2016.04.16-18.36.32:220][694]LogSavePackage:Display: Finished SavePackage ../../../../../../Users/Mandy/Documents/GitHub/HotelBete/Content/Hotel/Art/Models/PaintPuzzle/PaintBrush.uasset
[2016.04.16-18.36.32:264][694]LogSavePackage: Save=11.324135ms
[2016.04.16-18.36.32:264][694]LogSavePackage: Moving '../../../../../../Users/Mandy/Documents/GitHub/HotelBete/Saved/BriefcaseBottom432605574A8C7F99BAAD0CB87A493778.tmp' to '../../../../../../Users/Mandy/Documents/GitHub/HotelBete/Content/Hotel/Art/Models/Briefcase/BriefcaseBottom.uasset'
[2016.04.16-18.36.32:265][694]LogSavePackage: Total save time: 12.752179ms
[2016.04.16-18.36.32:265][694]LogSavePackage:Display: Finished SavePackage ../../../../../../Users/Mandy/Documents/GitHub/HotelBete/Content/Hotel/Art/Models/Briefcase/BriefcaseBottom.uasset
[2016.04.16-18.36.32:299][694]Cmd: OBJ SAVEPACKAGE PACKAGE="/Game/Hotel/Art/Models/Briefcase/lambert3" FILE="../../../../../../Users/Mandy/Documents/GitHub/HotelBete/Content/Hotel/Art/Models/Briefcase/lambert3.uasset" SILENT=true
[2016.04.16-18.36.32:311][694]LogSavePackage: Save=11.526535ms
[2016.04.16-18.36.32:311][694]LogSavePackage: Moving '../../../../../../Users/Mandy/Documents/GitHub/HotelBete/Saved/lambert3C3134DF8479FC365300A4BACFA56D639.tmp' to '../../../../../../Users/Mandy/Documents/GitHub/HotelBete/Content/Hotel/Art/Models/Briefcase/lambert3.uasset'
[2016.04.16-18.36.32:312][694]LogSavePackage: Total save time: 12.883201ms
[2016.04.16-18.36.32:312][694]LogSavePackage:Display: Finished SavePackage ../../../../../../Users/Mandy/Documents/GitHub/HotelBete/Content/Hotel/Art/Models/Briefcase/lambert3.uasset
[2016.04.16-18.36.32:321][694]Cmd: OBJ SAVEPACKAGE PACKAGE="/Game/Hotel/Art/Models/PaintPuzzle/lambert1" FILE="../../../../../../Users/Mandy/Documents/GitHub/HotelBete/Content/Hotel/Art/Models/PaintPuzzle/lambert1.uasset" SILENT=true
[2016.04.16-18.36.32:323][694]LogSavePackage: Save=1.068222ms
[2016.04.16-18.36.32:323][694]LogSavePackage: Moving '../../../../../../Users/Mandy/Documents/GitHub/HotelBete/Saved/lambert104945B7540797F3204F76A8DE5A352B5.tmp' to '../../../../../../Users/Mandy/Documents/GitHub/HotelBete/Content/Hotel/Art/Models/PaintPuzzle/lambert1.uasset'
[2016.04.16-18.36.32:324][694]LogSavePackage: Total save time: 2.333954ms
[2016.04.16-18.36.32:324][694]LogSavePackage:Display: Finished SavePackage ../../../../../../Users/Mandy/Documents/GitHub/HotelBete/Content/Hotel/Art/Models/PaintPuzzle/lambert1.uasset
[2016.04.16-18.36.32:355][694]Cmd: OBJ SAVEPACKAGE PACKAGE="/Game/Hotel/Art/Models/Bar/Bar" FILE="../../../../../../Users/Mandy/Documents/GitHub/HotelBete/Content/Hotel/Art/Models/Bar/Bar.uasset" SILENT=true
[2016.04.16-18.36.32:368][694]LogSavePackage: Save=11.970935ms
[2016.04.16-18.36.32:368][694]LogSavePackage: Moving '../../../../../../Users/Mandy/Documents/GitHub/HotelBete/Saved/BarF632BFDF4A1FC2C93F0DBE9DA9BB297E.tmp' to '../../../../../../Users/Mandy/Documents/GitHub/HotelBete/Content/Hotel/Art/Models/Bar/Bar.uasset'
[2016.04.16-18.36.32:369][694]LogSavePackage: Total save time: 13.355959ms
[2016.04.16-18.36.32:369][694]LogSavePackage:Display: Finished SavePackage ../../../../../../Users/Mandy/Documents/GitHub/HotelBete/Content/Hotel/Art/Models/Bar/Bar.uasset
[2016.04.16-18.36.32:380][694]Cmd: OBJ SAVEPACKAGE PACKAGE="/Game/Hotel/Art/Models/Bar/01_-_Default" FILE="../../../../../../Users/Mandy/Documents/GitHub/HotelBete/Content/Hotel/Art/Models/Bar/01_-_Default.uasset" SILENT=true
[2016.04.16-18.36.32:383][694]LogSavePackage: Save=1.155733ms
[2016.04.16-18.36.32:383][694]LogSavePackage: Moving '../../../../../../Users/Mandy/Documents/GitHub/HotelBete/Saved/01_-_Default440B71434A29D82E0140B5BF16D97D43.tmp' to '../../../../../../Users/Mandy/Documents/GitHub/HotelBete/Content/Hotel/Art/Models/Bar/01_-_Default.uasset'
[2016.04.16-18.36.32:384][694]LogSavePackage: Total save time: 2.543688ms
[2016.04.16-18.36.32:384][694]LogSavePackage:Display: Finished SavePackage ../../../../../../Users/Mandy/Documents/GitHub/HotelBete/Content/Hotel/Art/Models/Bar/01_-_Default.uasset
[2016.04.16-18.36.32:416][694]Cmd: OBJ SAVEPACKAGE PACKAGE="/Game/Hotel/Art/Models/Barrel/barrel" FILE="../../../../../../Users/Mandy/Documents/GitHub/HotelBete/Content/Hotel/Art/Models/Barrel/barrel.uasset" SILENT=true
[2016.04.16-18.36.32:428][694]LogSavePackage: Save=11.439512ms
[2016.04.16-18.36.32:428][694]LogSavePackage: Moving '../../../../../../Users/Mandy/Documents/GitHub/HotelBete/Saved/barrel94F778FA470603D192FBF4B87E6A178E.tmp' to '../../../../../../Users/Mandy/Documents/GitHub/HotelBete/Content/Hotel/Art/Models/Barrel/barrel.uasset'
[2016.04.16-18.36.32:429][694]LogSavePackage: Total save time: 12.805957ms
[2016.04.16-18.36.32:429][694]LogSavePackage:Display: Finished SavePackage ../../../../../../Users/Mandy/Documents/GitHub/HotelBete/Content/Hotel/Art/Models/Barrel/barrel.uasset
[2016.04.16-18.36.32:439][694]Cmd: OBJ SAVEPACKAGE PACKAGE="/Game/Hotel/Art/Models/Barrel/lambert2" FILE="../../../../../../Users/Mandy/Documents/GitHub/HotelBete/Content/Hotel/Art/Models/Barrel/lambert2.uasset" SILENT=true
[2016.04.16-18.36.32:441][694]LogSavePackage: Save=1.091689ms
[2016.04.16-18.36.32:441][694]LogSavePackage: Moving '../../../../../../Users/Mandy/Documents/GitHub/HotelBete/Saved/lambert268B6F92C46E973D19079D28229152E3C.tmp' to '../../../../../../Users/Mandy/Documents/GitHub/HotelBete/Content/Hotel/Art/Models/Barrel/lambert2.uasset'
[2016.04.16-18.36.32:442][694]LogSavePackage: Total save time: 2.374046ms
[2016.04.16-18.36.32:442][694]LogSavePackage:Display: Finished SavePackage ../../../../../../Users/Mandy/Documents/GitHub/HotelBete/Content/Hotel/Art/Models/Barrel/lambert2.uasset
[2016.04.16-18.36.32:473][694]Cmd: OBJ SAVEPACKAGE PACKAGE="/Game/Hotel/Art/Models/Crate/Crate" FILE="../../../../../../Users/Mandy/Documents/GitHub/HotelBete/Content/Hotel/Art/Models/Crate/Crate.uasset" SILENT=true
[2016.04.16-18.36.32:484][694]LogSavePackage: Save=10.351246ms
[2016.04.16-18.36.32:484][694]LogSavePackage: Moving '../../../../../../Users/Mandy/Documents/GitHub/HotelBete/Saved/Crate3AFCB6AE4365EDAAAEEC369164EB06D3.tmp' to '../../../../../../Users/Mandy/Documents/GitHub/HotelBete/Content/Hotel/Art/Models/Crate/Crate.uasset'
[2016.04.16-18.36.32:485][694]LogSavePackage: Total save time: 11.641424ms
[2016.04.16-18.36.32:485][694]LogSavePackage:Display: Finished SavePackage ../../../../../../Users/Mandy/Documents/GitHub/HotelBete/Content/Hotel/Art/Models/Crate/Crate.uasset
[2016.04.16-18.36.32:494][694]Cmd: OBJ SAVEPACKAGE PACKAGE="/Game/Hotel/Art/Models/Crate/lambert1" FILE="../../../../../../Users/Mandy/Documents/GitHub/HotelBete/Content/Hotel/Art/Models/Crate/lambert1.uasset" SILENT=true
[2016.04.16-18.36.32:496][694]LogSavePackage: Save=1.066756ms
[2016.04.16-18.36.32:496][694]LogSavePackage: Moving '../../../../../../Users/Mandy/Documents/GitHub/HotelBete/Saved/lambert1E10C8D434C22339D0214F5B31C5F52CD.tmp' to '../../../../../../Users/Mandy/Documents/GitHub/HotelBete/Content/Hotel/Art/Models/Crate/lambert1.uasset'
[2016.04.16-18.36.32:498][694]LogSavePackage: Total save time: 2.396535ms
[2016.04.16-18.36.32:498][694]LogSavePackage:Display: Finished SavePackage ../../../../../../Users/Mandy/Documents/GitHub/HotelBete/Content/Hotel/Art/Models/Crate/lambert1.uasset
[2016.04.16-18.36.32:506][694]Cmd: OBJ SAVEPACKAGE PACKAGE="/Game/Hotel/Art/Models/PaintPuzzle/Easel" FILE="../../../../../../Users/Mandy/Documents/GitHub/HotelBete/Content/Hotel/Art/Models/PaintPuzzle/Easel.uasset" SILENT=true
[2016.04.16-18.36.32:508][694]LogSavePackage: Save=1.101467ms
[2016.04.16-18.36.32:508][694]LogSavePackage: Moving '../../../../../../Users/Mandy/Documents/GitHub/HotelBete/Saved/EaselD844FBC4461FF91534CB41814A60F6E4.tmp' to '../../../../../../Users/Mandy/Documents/GitHub/HotelBete/Content/Hotel/Art/Models/PaintPuzzle/Easel.uasset'
[2016.04.16-18.36.32:509][694]LogSavePackage: Total save time: 2.388224ms
[2016.04.1