[2016.04.10-16.45.54:391][  0]Log file open, 04/10/16 12:45:54
[2016.04.10-16.45.54:391][  0]LogInit:Display: Running engine without a game
[2016.04.10-16.45.54:391][  0]LogPlatformFile: Not using cached read wrapper
[2016.04.10-16.45.54:391][  0]LogInit:Display: Loading recent project file: F:/My Media/UCF Documents/DIG 4725-2/HotelBete/Hotel.uproject
[2016.04.10-16.45.54:391][  0]LogInit:Display: RandInit(-1097281659) SRandInit(-1097281658).
[2016.04.10-16.45.54:391][  0]LogTaskGraph: Started task graph with 4 named threads and 7 total threads.
[2016.04.10-16.45.54:391][  0]LogStats: Stats thread started at 0.067664
[2016.04.10-16.45.54:391][  0]LogInit: Version: 4.10.2-2818068+++depot+UE4-Releases+4.10
[2016.04.10-16.45.54:391][  0]LogInit: API Version: 2758231
[2016.04.10-16.45.54:391][  0]LogInit: Compiled (64-bit): Jan  6 2016 17:36:42
[2016.04.10-16.45.54:391][  0]LogInit: Compiled with Visual C++: 19.00.23026.00
[2016.04.10-16.45.54:391][  0]LogInit: Build Configuration: Development
[2016.04.10-16.45.54:391][  0]LogInit: Branch Name: ++depot+UE4-Releases+4.10
[2016.04.10-16.45.54:391][  0]LogInit: Command line: -EpicPortal 
[2016.04.10-16.45.54:391][  0]LogInit: Base directory: F:/Program Files/Epic Games/4.10/Engine/Binaries/Win64/
[2016.04.10-16.45.54:391][  0]LogInit: Rocket: 1
[2016.04.10-16.45.54:395][  0]LogInit: Using libcurl 7.41.0
[2016.04.10-16.45.54:395][  0]LogInit:  - built for x86_64-pc-win32
[2016.04.10-16.45.54:395][  0]LogInit:  - supports SSL with WinSSL
[2016.04.10-16.45.54:395][  0]LogInit:  - other features:
[2016.04.10-16.45.54:395][  0]LogInit:      CURL_VERSION_SSL
[2016.04.10-16.45.54:395][  0]LogInit:      CURL_VERSION_IPV6
[2016.04.10-16.45.54:395][  0]LogInit:      CURL_VERSION_ASYNCHDNS
[2016.04.10-16.45.54:395][  0]LogInit:      CURL_VERSION_LARGEFILE
[2016.04.10-16.45.54:395][  0]LogInit:      CURL_VERSION_IDN
[2016.04.10-16.45.54:395][  0]LogInit:  CurlRequestOptions (configurable via config and command line):
[2016.04.10-16.45.54:395][  0]LogInit:  - bVerifyPeer = true  - Libcurl will verify peer certificate
[2016.04.10-16.45.54:395][  0]LogInit:  - bUseHttpProxy = false  - Libcurl will NOT use HTTP proxy
[2016.04.10-16.45.54:395][  0]LogInit:  - bDontReuseConnections = false  - Libcurl will reuse connections
[2016.04.10-16.45.54:395][  0]LogInit:  - CertBundlePath = nullptr  - Libcurl will use whatever was configured at build time.
[2016.04.10-16.45.54:398][  0]LogInit: Presizing for 0 objects not considered by GC, pre-allocating 0 bytes.
[2016.04.10-16.45.54:402][  0]LogInit: Object subsystem initialized
[2016.04.10-16.45.54:403][  0]LogInit: Selected Device Profile: [Windows]
[2016.04.10-16.45.54:403][  0]LogInit: Applying CVar settings loaded from the selected device profile: [Windows]
[2016.04.10-16.45.54:407][  0]LogInit: Computer: DESKTOP-0FTHH47
[2016.04.10-16.45.54:407][  0]LogInit: User: aehrl
[2016.04.10-16.45.54:407][  0]LogInit: CPU Page size=4096, Cores=4
[2016.04.10-16.45.54:407][  0]LogInit: High frequency timer resolution =3.984645 MHz
[2016.04.10-16.45.54:407][  0]LogMemory: Memory total: Physical=15.9GB (16GB approx)
[2016.04.10-16.45.54:407][  0]LogMemory: Platform Memory Stats for Windows
[2016.04.10-16.45.54:407][  0]LogMemory: Process Physical Memory: 56.57 MB used, 56.57 MB peak
[2016.04.10-16.45.54:407][  0]LogMemory: Process Virtual Memory: 56.93 MB used, 56.93 MB peak
[2016.04.10-16.45.54:407][  0]LogMemory: Physical Memory: 4930.01 MB used, 16322.88 MB total
[2016.04.10-16.45.54:407][  0]LogMemory: Virtual Memory: 383.87 MB used, 134217728.00 MB total
[2016.04.10-16.45.54:433][  0]LogTextLocalizationManager: No specific translations for ('en-US') exist, so ('en') translations will be used.
[2016.04.10-16.45.54:772][  0]LogD3D11RHI: Found D3D11 adapter 0: NVIDIA GeForce GTX 960 (Feature Level 11_0)
[2016.04.10-16.45.54:772][  0]LogD3D11RHI: Adapter has 1969MB of dedicated video memory, 0MB of dedicated system memory, and 8161MB of shared system memory, 3 output[s]
[2016.04.10-16.45.54:773][  0]LogD3D11RHI: Found D3D11 adapter 1: Microsoft Basic Render Driver (Feature Level 11_0)
[2016.04.10-16.45.54:773][  0]LogD3D11RHI: Adapter has 0MB of dedicated video memory, 0MB of dedicated system memory, and 8161MB of shared system memory, 0 output[s]
[2016.04.10-16.45.54:773][  0]LogD3D11RHI: Chosen D3D11 Adapter Id = 0
[2016.04.10-16.45.54:776][  0]LogD3D11RHI: !Direct3DDevice
[2016.04.10-16.45.54:776][  0]LogRHI: Texture pool is 1361 MB (70% of 1945 MB)
[2016.04.10-16.45.54:787][  0]LogD3D11RHI: Async texture creation enabled
[2016.04.10-16.45.54:802][  0]LogShaderCompilers: Guid format shader working directory is -16 characters bigger than the processId version (../../../../../../My Media/UCF Documents/DIG 4725-2/HotelBete/Intermediate/Shaders/WorkingDirectory/12472/).
[2016.04.10-16.45.54:802][  0]LogShaderCompilers: Cleaned the shader compiler working directory 'C:/Users/aehrl/AppData/Local/Temp/UnrealShaderWorkingDir/FA5BE18847DD9D6241EC4897FDB867A7/'.
[2016.04.10-16.45.54:802][  0]LogShaderCompilers:Display: Using Local Shader Compiler.
[2016.04.10-16.45.55:296][  0]LogTemp:Display: Loaded TP AllDesktopTargetPlatform
[2016.04.10-16.45.55:299][  0]LogTemp:Display: Loaded TP WindowsClientTargetPlatform
[2016.04.10-16.45.55:301][  0]LogTemp:Display: Loaded TP WindowsNoEditorTargetPlatform
[2016.04.10-16.45.55:304][  0]LogTemp:Display: Loaded TP WindowsServerTargetPlatform
[2016.04.10-16.45.55:306][  0]LogTemp:Display: Loaded TP WindowsTargetPlatform
[2016.04.10-16.45.55:308][  0]LogTemp:Display: Loaded TP AndroidTargetPlatform
[2016.04.10-16.45.55:309][  0]LogTemp:Display: Loaded TP Android_ASTCTargetPlatform
[2016.04.10-16.45.55:311][  0]LogTemp:Display: Loaded TP Android_ATCTargetPlatform
[2016.04.10-16.45.55:312][  0]LogTemp:Display: Loaded TP Android_DXTTargetPlatform
[2016.04.10-16.45.55:314][  0]LogTemp:Display: Loaded TP Android_ETC1TargetPlatform
[2016.04.10-16.45.55:315][  0]LogTemp:Display: Loaded TP Android_ETC2TargetPlatform
[2016.04.10-16.45.55:318][  0]LogTemp:Display: Loaded TP Android_MultiTargetPlatform
[2016.04.10-16.45.55:318][  0]LogTemp:Display: Loaded TP Android_PVRTCTargetPlatform
[2016.04.10-16.45.55:319][  0]LogTemp:Display: Loaded TP HTML5TargetPlatform
[2016.04.10-16.45.55:333][  0]LogTemp:Display: Loaded TP IOSTargetPlatform
[2016.04.10-16.45.55:334][  0]LogTemp:Display: Loaded TP LinuxNoEditorTargetPlatform
[2016.04.10-16.45.55:336][  0]LogTemp:Display: Loaded TP LinuxServerTargetPlatform
[2016.04.10-16.45.55:338][  0]LogTemp:Display: Loaded TP LinuxTargetPlatform
[2016.04.10-16.45.55:338][  0]LogTargetPlatformManager:Display: Building Assets For Windows
[2016.04.10-16.45.55:377][  0]LogDerivedDataCache:Display: Max Cache Size: 512 MB
[2016.04.10-16.45.55:404][  0]LogDerivedDataCache: Loaded boot cache 0.03s 41MB C:/Users/aehrl/AppData/Local/UnrealEngine/4.10/DerivedDataCache/Boot.ddc.
[2016.04.10-16.45.55:404][  0]LogDerivedDataCache:Display: Loaded Boot cache: C:/Users/aehrl/AppData/Local/UnrealEngine/4.10/DerivedDataCache/Boot.ddc
[2016.04.10-16.45.55:404][  0]LogDerivedDataCache: FDerivedDataBackendGraph:  Pak pak cache file ../../../../../../My Media/UCF Documents/DIG 4725-2/HotelBete/DerivedDataCache/DDC.ddp not found, will not use a pak cache.
[2016.04.10-16.45.55:404][  0]LogDerivedDataCache: Unable to find inner node Pak for hierarchical cache Hierarchy.
[2016.04.10-16.45.55:404][  0]LogDerivedDataCache: FDerivedDataBackendGraph:  CompressedPak pak cache file ../../../../../../My Media/UCF Documents/DIG 4725-2/HotelBete/DerivedDataCache/Compressed.ddp not found, will not use a pak cache.
[2016.04.10-16.45.55:404][  0]LogDerivedDataCache: Unable to find inner node CompressedPak for hierarchical cache Hierarchy.
[2016.04.10-16.45.55:443][  0]LogDerivedDataCache:Display: Pak cache opened for reading ../../../Engine/DerivedDataCache/Compressed.ddp.
[2016.04.10-16.45.55:454][  0]LogDerivedDataCache: Using Local data cache path C:/Users/aehrl/AppData/Local/UnrealEngine/Common/DerivedDataCache: Writable
[2016.04.10-16.45.55:558][  0]LogInit: Selected Device Profile: [Windows]
[2016.04.10-16.45.55:560][  0]LogContentStreaming: Texture pool size is 0.000000MB
[2016.04.10-16.45.55:625][  0]LogMeshUtilities: No automatic mesh reduction module available
[2016.04.10-16.45.55:625][  0]LogMeshUtilities: No automatic mesh merging module available
[2016.04.10-16.45.55:756][  0]LogInit: WinSock: version 1.1 (2.2), MaxSocks=32767, MaxUdp=65467
[2016.04.10-16.45.56:205][  0]LogAssetRegistry: FAssetRegistry took 0.0109 seconds to start up
[2016.04.10-16.45.56:211][  0]UdpMessaging: Initializing bridge on interface 0.0.0.0:0 to multicast group 230.0.0.1:6666.
[2016.04.10-16.45.56:373][  0]SourceControl: Info Source control is disabled
[2016.04.10-16.45.56:410][  0]SourceControl: Info Source control is disabled
[2016.04.10-16.45.56:415][  0]SourceControl: Info Source control is disabled
[2016.04.10-16.45.56:420][  0]SourceControl: Info Source control is disabled
[2016.04.10-16.45.56:539][  0]LogObj: 28802 objects as part of root set at end of initial load.
[2016.04.10-16.45.56:539][  0]LogUObjectAllocator: 6129768 out of 0 bytes used by permanent object pool.
[2016.04.10-16.45.56:576][  0]LogEngine: Initializing Engine...
[2016.04.10-16.45.56:577][  0]LogHMD: Can't find Oculus library dev build: is proper Runtime installed? Version: 0.8.0.0
[2016.04.10-16.45.56:578][  0]LogHMD: SteamVR failed to initialize.  Err: 110
[2016.04.10-16.45.56:650][  0]LogAIModule: Creating AISystem for world NewWorld
[2016.04.10-16.45.56:657][  0]LogInit: XAudio2 using 'Speakers (2- High Definition Audio Device)' : 2 channels at 44.1 kHz using 16 bits per sample (channel mask 0x3)
[2016.04.10-16.45.56:673][  0]LogInit: FAudioDevice initialized.
[2016.04.10-16.45.56:691][  0]LogDerivedDataCache: Saved boot cache 0.02s 41MB C:/Users/aehrl/AppData/Local/UnrealEngine/4.10/DerivedDataCache/Boot.ddc.
[2016.04.10-16.45.56:693][  0]LogInit: Texture streaming: Enabled
[2016.04.10-16.45.56:696][  0]LogAnalytics: Creating configured Analytics provider AnalyticsET
[2016.04.10-16.45.56:696][  0]LogAnalytics: [UEEditor.Rocket.Release] APIServer = http://et2.epicgames.com/ET2/. AppVersion = 4.10.2-2818068+++depot+UE4-Releases+4.10
[2016.04.10-16.45.56:696][  0]LogAnalytics: [UEEditor.Rocket.Release] SetUserId 0b01f67c451c321928712b89b2c25d66|b300224d71e64562a5bff06c2aaa78f8|4d10a4aa-bc91-4e54-b274-9b5f458b8e77
[2016.04.10-16.45.56:696][  0]LogAnalytics: [UEEditor.Rocket.Release] AnalyticsET::StartSession
[2016.04.10-16.45.56:701][  0]LogInit: Transaction tracking system initialized
[2016.04.10-16.45.56:713][  0]BlueprintLog: New page: Editor Load
[2016.04.10-16.45.56:749][  0]LocalizationService: Info Localization service is disabled
[2016.04.10-16.45.56:793][  0]LogConsoleResponse:Display: 
[2016.04.10-16.45.56:858][  0]LogCook:Display: Done creating registry. It took  0.00s.
[2016.04.10-16.45.56:885][  0]LogFileCache: Scanning file cache for directory 'F:/My Media/UCF Documents/DIG 4725-2/HotelBete/Content/' took 0.01s
[2016.04.10-16.45.56:885][  0]SourceControl: Info Source control is disabled
[2016.04.10-16.45.56:885][  0]Cmd: MAP LOAD FILE="../../../../../../My Media/UCF Documents/DIG 4725-2/HotelBete/Content/Hotel/Levels/Menu.umap" TEMPLATE=0 SHOWPROGRESS=1 FEATURELEVEL=3
[2016.04.10-16.45.56:886][  0]LightingResults: New page: Lighting Build
[2016.04.10-16.45.56:887][  0]MapCheck: New page: Map Check
[2016.04.10-16.45.56:887][  0]LightingResults: New page: Lighting Build
[2016.04.10-16.45.56:893][  0]LogParticles: Destroying 0 GPU particle simulations for FXSystem 0x00000123744036A0
[2016.04.10-16.45.58:358][  0]LogAIModule: Creating AISystem for world Menu
[2016.04.10-16.45.58:358][  0]LogEditorServer: Finished looking for orphan Actors (0.000 secs)
[2016.04.10-16.45.58:359][  0]Cmd: MAP CHECKDEP NOCLEARLOG
[2016.04.10-16.45.58:409][  0]MapCheck: Info Map check complete: 0 Error(s), 0 Warning(s), took 49.988ms to complete.
[2016.04.10-16.45.58:409][  0]LogFileHelpers: Loading map 'Menu' took 1.523
[2016.04.10-16.45.58:540][  0]LogCollectionManager: Loaded 0 collections in 0.000932 seconds
[2016.04.10-16.45.58:586][  0]LogFileCache: Scanning file cache for directory 'F:/My Media/UCF Documents/DIG 4725-2/HotelBete/Saved/Collections/' took 0.01s
[2016.04.10-16.45.58:586][  0]LogFileCache: Scanning file cache for directory 'F:/My Media/UCF Documents/DIG 4725-2/HotelBete/Content/Developers/aehrl/Collections/' took 0.01s
[2016.04.10-16.45.58:586][  0]LogFileCache: Scanning file cache for directory 'F:/My Media/UCF Documents/DIG 4725-2/HotelBete/Content/Collections/' took 0.01s
[2016.04.10-16.45.58:586][  0]LogCollectionManager: Rebuilt the GUID cache for 0 collections in 0.000001 seconds
[2016.04.10-16.45.58:593][  0]LogContentBrowser: Native class hierarchy populated in 0.0067 seconds. Added 1908 classes and 344 folders.
[2016.04.10-16.45.58:596][  0]LogContentBrowser: Native class hierarchy updated for 'WidgetCarousel' in 0.0002 seconds. Added 0 classes and 0 folders.
[2016.04.10-16.45.58:620][  0]LogContentBrowser: Native class hierarchy updated for 'AddContentDialog' in 0.0002 seconds. Added 0 classes and 0 folders.
[2016.04.10-16.45.58:625][  0]LogContentBrowser: Native class hierarchy updated for 'SceneOutliner' in 0.0002 seconds. Added 1 classes and 2 folders.
[2016.04.10-16.45.58:631][  0]LogCrashTracker: Crashtracker disabled due to settings.
[2016.04.10-16.45.58:634][  0]LogUObjectGlobals:Warning: Failed to find object 'Class None.'
[2016.04.10-16.45.58:656][  0]LogLoad: Full Startup: 4.53 seconds (BP compile: 0.43 seconds)
[2016.04.10-16.45.58:666][  0]LogOcInput: Can't find Oculus library dev build: is proper Runtime installed? Version: 0.8.0.0
[2016.04.10-16.45.58:699][  0]LogContentStreaming: Texture pool size now 1000 MB
[2016.04.10-16.45.58:794][  0]LogRenderer: Reallocating scene render targets to support 1208x608 (Frame:2).
[2016.04.10-16.45.59:066][  9]LogAssetRegistry: Asset discovery search completed in 2.8715 seconds
[2016.04.10-16.45.59:066][  9]LogCollectionManager: Rebuilt the object cache for 0 collections in 0.000000 seconds (found 0 objects)
[2016.04.10-16.45.59:066][  9]LogCollectionManager: Fixed up redirectors for 0 collections in 0.000017 seconds (updated 0 objects)
[2016.04.10-16.46.18:354][262]LogLinker:Warning: Asset '../../../Engine/Content/ArtTools/RenderToTexture/Macros/RenderToTextureMacros.uasset' has been saved with empty engine version. The asset will be loaded but may be incompatible.
[2016.04.10-16.46.18:599][262]LogContentBrowser: Native class hierarchy updated for 'BlueprintGraph' in 0.0004 seconds. Added 107 classes and 0 folders.
[2016.04.10-16.46.40:885][666]Cmd: OBJ SAVEPACKAGE PACKAGE="/Game/Hotel/Blueprints/Enemies/Ghost" FILE="../../../../../../My Media/UCF Documents/DIG 4725-2/HotelBete/Content/Hotel/Blueprints/Enemies/Ghost.uasset" SILENT=true
[2016.04.10-16.46.41:043][666]LogSavePackage: Save=154.376358ms
[2016.04.10-16.46.41:043][666]LogSavePackage: Moving '../../../../../../My Media/UCF Documents/DIG 4725-2/HotelBete/Saved/Ghost5573ED7741C0B328F4EF089404277611.tmp' to '../../../../../../My Media/UCF Documents/DIG 4725-2/HotelBete/Content/Hotel/Blueprints/Enemies/Ghost.uasset'
[2016.04.10-16.46.41:044][666]LogSavePackage: Total save time: 159.070380ms
[2016.04.10-16.46.41:044][666]LogSavePackage:Display: Finished SavePackage ../../../../../../My Media/UCF Documents/DIG 4725-2/HotelBete/Content/Hotel/Blueprints/Enemies/Ghost.uasset
[2016.04.10-16.47.22:839][135]Cmd: OBJ SAVEPACKAGE PACKAGE="/Game/Hotel/Blueprints/Enemies/Ghost" FILE="../../../../../../My Media/UCF Documents/DIG 4725-2/HotelBete/Content/Hotel/Blueprints/Enemies/Ghost.uasset" SILENT=true
[2016.04.10-16.47.23:008][135]LogSavePackage: Save=165.398682ms
[2016.04.10-16.47.23:008][135]LogSavePackage: Moving '../../../../../../My Media/UCF Documents/DIG 4725-2/HotelBete/Saved/GhostF48C045B4A350CEC219901BC11F604B4.tmp' to '../../../../../../My Media/UCF Documents/DIG 4725-2/HotelBete/Content/Hotel/Blueprints/Enemies/Ghost.uasset'
[2016.04.10-16.47.23:010][135]LogSavePackage: Total save time: 169.077795ms
[2016.04.10-16.47.23:010][135]LogSavePackage:Display: Finished SavePackage ../../../../../../My Media/UCF Documents/DIG 4725-2/HotelBete/Content/Hotel/Blueprints/Enemies/Ghost.uasset
[2016.04.10-16.48.23:207][716]Cmd: OBJ SAVEPACKAGE PACKAGE="/Game/Hotel/Blueprints/Enemies/Ghost" FILE="../../../../../../My Media/UCF Documents/DIG 4725-2/HotelBete/Content/Hotel/Blueprints/Enemies/Ghost.uasset" SILENT=true
[2016.04.10-16.48.23:363][716]LogSavePackage: Save=154.421280ms
[2016.04.10-16.48.23:363][716]LogSavePackage: Moving '../../../../../../My Media/UCF Documents/DIG 4725-2/HotelBete/Saved/Ghost7128010D4655BCA0C1497B8D902B371B.tmp' to '../../../../../../My Media/UCF Documents/DIG 4725-2/HotelBete/Content/Hotel/Blueprints/Enemies/Ghost.uasset'
[2016.04.10-16.48.23:364][716]LogSavePackage: Total save time: 156.883486ms
[2016.04.10-16.48.23:364][716]LogSavePackage:Display: Finished SavePackage ../../../../../../My Media/UCF Documents/DIG 4725-2/HotelBete/Content/Hotel/Blueprints/Enemies/Ghost.uasset
[2016.04.10-16.49.10:989][378]BlueprintLog: New page: Compile Ghost
[2016.04.10-16.49.11:093][378]BlueprintEditorCompileResults: Info [0196.96] Compile of Ghost successful! [in 103 ms]
[2016.04.10-16.49.11:850][462]Cmd: OBJ SAVEPACKAGE PACKAGE="/Game/Hotel/Blueprints/Enemies/Ghost" FILE="../../../../../../My Media/UCF Documents/DIG 4725-2/HotelBete/Content/Hotel/Blueprints/Enemies/Ghost.uasset" SILENT=true
[2016.04.10-16.49.12:007][462]LogSavePackage: Save=154.365067ms
[2016.04.10-16.49.12:007][462]LogSavePackage: Moving '../../../../../../My Media/UCF Documents/DIG 4725-2/HotelBete/Saved/Ghost7980118B491399AE7D4A80AEFB7B06B8.tmp' to '../../../../../../My Media/UCF Documents/DIG 4725-2/HotelBete/Content/Hotel/Blueprints/Enemies/Ghost.uasset'
[2016.04.10-16.49.12:008][462]LogSavePackage: Total save time: 156.734165ms
[2016.04.10-16.49.12:008][462]LogSavePackage:Display: Finished SavePackage ../../../../../../My Media/UCF Documents/DIG 4725-2/HotelBete/Content/Hotel/Blueprints/Enemies/Ghost.uasset
[2016.04.10-16.49.37:368][497]Cmd: OBJ SAVEPACKAGE PACKAGE="/Game/Hotel/Blueprints/Enemies/Ghost" FILE="../../../../../../My Media/UCF Documents/DIG 4725-2/HotelBete/Content/Hotel/Blueprints/Enemies/Ghost.uasset" SILENT=true
[2016.04.10-16.49.37:523][497]LogSavePackage: Save=152.904205ms
[2016.04.10-16.49.37:523][497]LogSavePackage: Moving '../../../../../../My Media/UCF Documents/DIG 4725-2/HotelBete/Saved/Ghost247F40B4495ABE20EBCEF68C6C04A3E6.tmp' to '../../../../../../My Media/UCF Documents/DIG 4725-2/HotelBete/Content/Hotel/Blueprints/Enemies/Ghost.uasset'
[2016.04.10-16.49.37:524][497]LogSavePackage: Total save time: 155.288365ms
[2016.04.10-16.49.37:524][497]LogSavePackage:Display: Finished SavePackage ../../../../../../My Media/UCF Documents/DIG 4725-2/HotelBete/Content/Hotel/Blueprints/Enemies/Ghost.uasset
[2016.04.10-16.49.38:130][570]BlueprintLog: New page: Compile Ghost
[2016.04.10-16.49.38:231][570]BlueprintEditorCompileResults: Info [0224.10] Compile of Ghost successful! [in 100 ms]
[2016.04.10-16.50.13:236][124]BlueprintLog: New page: Compile Ghost
[2016.04.10-16.50.13:340][124]BlueprintEditorCompileResults: Info [0259.21] Compile of Ghost successful! [in 103 ms]
[2016.04.10-16.50.14:984][313]Cmd: OBJ SAVEPACKAGE PACKAGE="/Game/Hotel/Blueprints/Enemies/Ghost" FILE="../../../../../../My Media/UCF Documents/DIG 4725-2/HotelBete/Content/Hotel/Blueprints/Enemies/Ghost.uasset" SILENT=true
[2016.04.10-16.50.15:142][313]LogSavePackage: Save=155.953415ms
[2016.04.10-16.50.15:143][313]LogSavePackage: Moving '../../../../../../My Media/UCF Documents/DIG 4725-2/HotelBete/Saved/Ghost4D30FA104C6FEE815148EBB1743D1869.tmp' to '../../../../../../My Media/UCF Documents/DIG 4725-2/HotelBete/Content/Hotel/Blueprints/Enemies/Ghost.uasset'
[2016.04.10-16.50.15:144][313]LogSavePackage: Total save time: 158.425406ms
[2016.04.10-16.50.15:144][313]LogSavePackage:Display: Finished SavePackage ../../../../../../My Media/UCF Documents/DIG 4725-2/HotelBete/Content/Hotel/Blueprints/Enemies/Ghost.uasset
[2016.04.10-16.51.35:708][326]LogProperty:Warning: ObjectProperty /Script/Engine.EdGraphPin:LinkedTo.LinkedTo: unresolved reference to 'EdGraphPin'K2Node_VariableSet_297.EdGraphPin_57747''
[2016.04.10-16.51.57:506][933]BlueprintLog: New page: Compile Ghost
[2016.04.10-16.51.57:614][933]BlueprintEditorCompileResults: Info [0363.48] Compile of Ghost successful! [in 106 ms]
[2016.04.10-16.51.59:351][134]Cmd: OBJ SAVEPACKAGE PACKAGE="/Game/Hotel/Blueprints/Enemies/Ghost" FILE="../../../../../../My Media/UCF Documents/DIG 4725-2/HotelBete/Content/Hotel/Blueprints/Enemies/Ghost.uasset" SILENT=true
[2016.04.10-16.51.59:516][134]LogSavePackage: Save=161.901505ms
[2016.04.10-16.51.59:516][134]LogSavePackage: Moving '../../../../../../My Media/UCF Documents/DIG 4725-2/HotelBete/Saved/GhostCEFE935948F7172C95C5B9AC6673BF92.tmp' to '../../../../../../My Media/UCF Documents/DIG 4725-2/HotelBete/Content/Hotel/Blueprints/Enemies/Ghost.uasset'
[2016.04.10-16.51.59:517][134]LogSavePackage: Total save time: 165.491283ms
[2016.04.10-16.51.59:517][134]LogSavePackage:Display: Finished SavePackage ../../../../../../My Media/UCF Documents/DIG 4725-2/HotelBete/Content/Hotel/Blueprints/Enemies/Ghost.uasset
[2016.04.10-16.52.13:141][764]Cmd: OBJ SAVEPACKAGE PACKAGE="/Game/Hotel/Blueprints/Enemies/Ghost" FILE="../../../../../../My Media/UCF Documents/DIG 4725-2/HotelBete/Content/Hotel/Blueprints/Enemies/Ghost.uasset" SILENT=true
[2016.04.10-16.52.13:299][764]LogSavePackage: Save=156.821747ms
[2016.04.10-16.52.13:299][764]LogSavePackage: Moving '../../../../../../My Media/UCF Documents/DIG 4725-2/HotelBete/Saved/GhostA8E26B6545814D10EA651F95421B61AB.tmp' to '../../../../../../My Media/UCF Documents/DIG 4725-2/HotelBete/Content/Hotel/Blueprints/Enemies/Ghost.uasset'
[2016.04.10-16.52.13:300][764]LogSavePackage: Total save time: 159.306791ms
[2016.04.10-16.52.13:300][764]LogSavePackage:Display: Finished SavePackage ../../../../../../My Media/UCF Documents/DIG 4725-2/HotelBete/Content/Hotel/Blueprints/Enemies/Ghost.uasset
[2016.04.10-16.52.48:590][227]LogUObjectHash:Warning: Ambiguous search, could be K2Node_VariableSet /Game/Hotel/Blueprints/Widgets/Puzzles/Puzzle0.Puzzle0:EventGraph.K2Node_VariableSet_362 or K2Node_VariableSet /Game/Hotel/Blueprints/Enemies/Ghost.Ghost:SenseMode.K2Node_VariableSet_362
[2016.04.10-16.52.48:590][227]LogProperty:Warning: ObjectProperty /Script/Engine.EdGraphPin:LinkedTo.LinkedTo: unresolved reference to 'EdGraphPin'K2Node_VariableSet_362.EdGraphPin_57747''
[2016.04.10-16.53.28:200][972]LogProperty:Warning: ObjectProperty /Script/Engine.EdGraphPin:LinkedTo.LinkedTo: unresolved reference to 'EdGraphPin'K2Node_VariableSet_360.EdGraphPin_59157''
[2016.04.10-16.53.28:200][972]LogUObjectHash:Warning: Ambiguous search, could be K2Node_VariableSet /Game/Hotel/Blueprints/Widgets/PauseMenu.PauseMenu:EventGraph.K2Node_VariableSet_296 or K2Node_VariableSet /Game/Hotel/Blueprints/Widgets/Puzzles/Puzzle0.Puzzle0:EventGraph.K2Node_VariableSet_296
[2016.04.10-16.53.28:200][972]LogUObjectHash:Warning: Ambiguous search, could be K2Node_VariableSet /Game/Hotel/Blueprints/Widgets/PauseMenu.PauseMenu:EventGraph.K2Node_VariableSet_296 or K2Node_VariableSet /Game/Hotel/Blueprints/Widgets/Puzzles/Puzzle1.Puzzle1:EventGraph.K2Node_VariableSet_296
[2016.04.10-16.53.28:200][972]LogUObjectHash:Warning: Ambiguous search, could be K2Node_VariableSet /Game/Hotel/Blueprints/Widgets/PauseMenu.PauseMenu:EventGraph.K2Node_VariableSet_296 or K2Node_VariableSet /Game/Hotel/Blueprints/Widgets/Puzzles/Puzzle3.Puzzle3:EventGraph.K2Node_VariableSet_296
[2016.04.10-16.53.28:200][972]LogUObjectHash:Warning: Ambiguous search, could be K2Node_VariableSet /Game/Hotel/Blueprints/Widgets/PauseMenu.PauseMenu:EventGraph.K2Node_VariableSet_296 or K2Node_VariableSet /Game/Hotel/Blueprints/Enemies/Ghost.Ghost:SenseMode.K2Node_VariableSet_296
[2016.04.10-16.53.28:200][972]LogUObjectHash:Warning: Ambiguous search, could be K2Node_VariableSet /Game/Hotel/Blueprints/Widgets/PauseMenu.PauseMenu:EventGraph.K2Node_VariableSet_296 or K2Node_VariableSet /Game/Hotel/Blueprints/Widgets/MainMenu.MainMenu:EventGraph.K2Node_VariableSet_296
[2016.04.10-16.53.28:200][972]LogProperty:Warning: ObjectProperty /Script/Engine.EdGraphPin:LinkedTo.LinkedTo: unresolved reference to 'EdGraphPin'K2Node_VariableSet_296.EdGraphPin_59162''
[2016.04.10-16.53.28:201][972]LogProperty:Warning: ObjectProperty /Script/Engine.EdGraphPin:LinkedTo.LinkedTo: unresolved reference to 'EdGraphPin'K2Node_VariableSet_297.EdGraphPin_59177''
[2016.04.10-16.54.21:900][381]BlueprintLog: New page: Compile Ghost
[2016.04.10-16.54.22:010][381]BlueprintEditorCompileResults: Info [0507.88] Compile of Ghost successful! [in 109 ms]
[2016.04.10-16.54.22:668][453]Cmd: OBJ SAVEPACKAGE PACKAGE="/Game/Hotel/Blueprints/Enemies/Ghost" FILE="../../../../../../My Media/UCF Documents/DIG 4725-2/HotelBete/Content/Hotel/Blueprints/Enemies/Ghost.uasset" SILENT=true
[2016.04.10-16.54.22:839][453]LogSavePackage: Save=169.140030ms
[2016.04.10-16.54.22:839][453]LogSavePackage: Moving '../../../../../../My Media/UCF Documents/DIG 4725-2/HotelBete/Saved/GhostB16D96024E178FE8558F64A72A622096.tmp' to '../../../../../../My Media/UCF Documents/DIG 4725-2/HotelBete/Content/Hotel/Blueprints/Enemies/Ghost.uasset'
[2016.04.10-16.54.22:840][453]LogSavePackage: Total save time: 171.760596ms
[2016.04.10-16.54.22:840][453]LogSavePackage:Display: Finished SavePackage ../../../../../../My Media/UCF Documents/DIG 4725-2/HotelBete/Content/Hotel/Blueprints/Enemies/Ghost.uasset
[2016.04.10-17.04.27:709][499]Cmd: QUIT_EDITOR
[2016.04.10-17.04.27:755][499]LogWindowsTextInputMethodSystem:Display: IME system now deactivated.
[2016.04.10-17.04.27:794][499]LogExit: Preparing to exit.
[2016.04.10-17.04.28:744][499]LogExit: Editor shut down
[2016.04.10-17.04.28:744][499]LogExit: Transaction tracking system shut down
[2016.04.10-17.04.28:771][499]LogParticles: Destroying 0 GPU particle simulations for FXSystem 0x0000012307AB8FE0
[2016.04.10-17.04.28:771][499]LogParticles: Destroying 0 GPU particle simulations for FXSystem 0x000001231EE5B880
[2016.04.10-17.04.28:771][499]LogParticles: Destroying 0 GPU particle simulations for FXSystem 0x000001231FA65800
[2016.04.10-17.04.28:771][499]LogParticles: Destroying 0 GPU particle simulations for FXSystem 0x000001231F960720
[2016.04.10-17.04.28:771][499]LogParticles: Destroying 0 GPU particle simulations for FXSystem 0x0000012308B56700
[2016.04.10-17.04.28:771][499]LogParticles: Destroying 0 GPU particle simulations for FXSystem 0x00000123111059E0
[2016.04.10-17.04.28:901][499]LogExit: Object subsystem successfully closed.
[2016.04.10-17.04.28:918][499]LogD3D11RHI: Shutdown
[2016.04.10-17.04.28:918][499]LogD3D11RHI: CleanupD3DDevice
[2016.04.10-17.04.28:954][499]LogD3D11RHI: ~FD3D11DynamicRHI
[2016.04.10-17.04.28:962][499]LogModuleManager: Shutting down and abandoning module CookingStats (202)
[2016.04.10-17.04.28:962][499]LogModuleManager: Shutting down and abandoning module BlueprintGraph (201)
[2016.04.10-17.04.28:962][499]LogModuleManager: Shutting down and abandoning module CrashTracker (200)
[2016.04.10-17.04.28:962][499]LogModuleManager: Shutting down and abandoning module SceneOutliner (199)
[2016.04.10-17.04.28:962][499]LogModuleManager: Shutting down and abandoning module SuperSearch (198)
[2016.04.10-17.04.28:962][499]LogModuleManager: Shutting down and abandoning module WidgetCarousel (197)
[2016.04.10-17.04.28:962][499]LogModuleManager: Shutting down and abandoning module AddContentDialog (196)
[2016.04.10-17.04.28:963][499]LogModuleManager: Shutting down and abandoning module EditorWidgets (195)
[2016.04.10-17.04.28:963][499]LogModuleManager: Shutting down and abandoning module CollectionManager (194)
[2016.04.10-17.04.28:963][499]LogModuleManager: Shutting down and abandoning module StatsViewer (193)
[2016.04.10-17.04.28:963][499]LogModuleManager: Shutting down and abandoning module FoliageEdit (192)
[2016.04.10-17.04.28:963][499]LogModuleManager: Shutting down and abandoning module LandscapeEditor (191)
[2016.04.10-17.04.28:963][499]LogModuleManager: Shutting down and abandoning module ActorPickerMode (190)
[2016.04.10-17.04.28:963][499]LogModuleManager: Shutting down and abandoning module GeometryMode (189)
[2016.04.10-17.04.28:963][499]LogModuleManager: Shutting down and abandoning module TextureAlignMode (188)
[2016.04.10-17.04.28:963][499]LogModuleManager: Shutting down and abandoning module BspMode (187)
[2016.04.10-17.04.28:963][499]LogModuleManager: Shutting down and abandoning module PlacementMode (186)
[2016.04.10-17.04.28:963][499]LogModuleManager: Shutting down and abandoning module AutomationWorker (185)
[2016.04.10-17.04.28:963][499]LogModuleManager: Shutting down and abandoning module CharacterAI (184)
[2016.04.10-17.04.28:963][499]LogModuleManager: Shutting down and abandoning module SmartSnapping (183)
[2016.04.10-17.04.28:963][499]LogModuleManager: Shutting down and abandoning module ViewportSnapping (182)
[2016.04.10-17.04.28:963][499]LogModuleManager: Shutting down and abandoning module LogVisualizer (181)
[2016.04.10-17.04.28:963][499]LogModuleManager: Shutting down and abandoning module GameProjectGeneration (180)
[2016.04.10-17.04.28:963][499]LogModuleManager: Shutting down and abandoning module IntroTutorials (179)
[2016.04.10-17.04.28:963][499]LogModuleManager: Shutting down and abandoning module EditorLiveStreaming (178)
[2016.04.10-17.04.28:963][499]LogModuleManager: Shutting down and abandoning module IOSPlatformEditor (177)
[2016.04.10-17.04.28:963][499]LogModuleManager: Shutting down and abandoning module HTML5PlatformEditor (176)
[2016.04.10-17.04.28:963][499]LogModuleManager: Shutting down and abandoning module AndroidDeviceDetection (175)
[2016.04.10-17.04.29:107][499]LogModuleManager: Shutting down and abandoning module AndroidPlatformEditor (174)
[2016.04.10-17.04.29:107][499]LogModuleManager: Shutting down and abandoning module IOSRuntimeSettings (173)
[2016.04.10-17.04.29:107][499]LogModuleManager: Shutting down and abandoning module AndroidRuntimeSettings (172)
[2016.04.10-17.04.29:107][499]LogModuleManager: Shutting down and abandoning module MergeActors (171)
[2016.04.10-17.04.29:107][499]LogModuleManager: Shutting down and abandoning module SizeMap (170)
[2016.04.10-17.04.29:107][499]LogModuleManager: Shutting down and abandoning module TreeMap (169)
[2016.04.10-17.04.29:108][499]LogModuleManager: Shutting down and abandoning module ReferenceViewer (168)
[2016.04.10-17.04.29:108][499]LogModuleManager: Shutting down and abandoning module LocalizationService (167)
[2016.04.10-17.04.29:108][499]LogModuleManager: Shutting down and abandoning module LocalizationDashboard (166)
[2016.04.10-17.04.29:108][499]LogModuleManager: Shutting down and abandoning module HardwareTargeting (165)
[2016.04.10-17.04.29:108][499]LogModuleManager: Shutting down and abandoning module DeviceProfileEditor (164)
[2016.04.10-17.04.29:108][499]LogModuleManager: Shutting down and abandoning module UndoHistory (163)
[2016.04.10-17.04.29:108][499]LogModuleManager: Shutting down and abandoning module GameplayTagsEditor (162)
[2016.04.10-17.04.29:108][499]LogModuleManager: Shutting down and abandoning module UserFeedback (161)
[2016.04.10-17.04.29:108][499]LogModuleManager: Shutting down and abandoning module XmlParser (160)
[2016.04.10-17.04.29:108][499]LogModuleManager: Shutting down and abandoning module Blutility (159)
[2016.04.10-17.04.29:108][499]LogModuleManager: Shutting down and abandoning module ProjectTargetPlatformEditor (158)
[2016.04.10-17.04.29:108][499]LogModuleManager: Shutting down and abandoning module ProjectSettingsViewer (157)
[2016.04.10-17.04.29:108][499]LogModuleManager: Shutting down and abandoning module InputBindingEditor (156)
[2016.04.10-17.04.29:108][499]LogModuleManager: Shutting down and abandoning module EditorSettingsViewer (155)
[2016.04.10-17.04.29:109][499]LogModuleManager: Shutting down and abandoning module SettingsEditor (154)
[2016.04.10-17.04.29:109][499]LogModuleManager: Shutting down and abandoning module ProjectLauncher (153)
[2016.04.10-17.04.29:109][499]LogModuleManager: Shutting down and abandoning module SessionFrontend (152)
[2016.04.10-17.04.29:109][499]LogModuleManager: Shutting down and abandoning module ProfilerClient (151)
[2016.04.10-17.04.29:109][499]LogModuleManager: Shutting down and abandoning module TargetDeviceServices (150)
[2016.04.10-17.04.29:109][499]LogModuleManager: Shutting down and abandoning module DeviceManager (149)
[2016.04.10-17.04.29:109][499]LogModuleManager: Shutting down and abandoning module AutomationController (148)
[2016.04.10-17.04.29:109][499]LogModuleManager: Shutting down and abandoning module AutomationWindow (147)
[2016.04.10-17.04.29:109][499]LogModuleManager: Shutting down and abandoning module Layers (146)
[2016.04.10-17.04.29:109][499]LogModuleManager: Shutting down and abandoning module ComponentVisualizers (145)
[2016.04.10-17.04.29:109][499]LogModuleManager: Shutting down and abandoning module DetailCustomizations (144)
[2016.04.10-17.04.29:109][499]LogModuleManager: Shutting down and abandoning module PackagesDialog (143)
[2016.04.10-17.04.29:110][499]LogModuleManager: Shutting down and abandoning module Persona (142)
[2016.04.10-17.04.29:110][499]LogModuleManager: Shutting down and abandoning module Kismet (141)
[2016.04.10-17.04.29:110][499]LogModuleManager: Shutting down and abandoning module GraphEditor (140)
[2016.04.10-17.04.29:110][499]LogModuleManager: Shutting down and abandoning module ClassViewer (139)
[2016.04.10-17.04.29:110][499]LogModuleManager: Shutting down and abandoning module Toolbox (138)
[2016.04.10-17.04.29:110][499]LogModuleManager: Shutting down and abandoning module ModuleUI (137)
[2016.04.10-17.04.29:110][499]LogModuleManager: Shutting down and abandoning module MovieSceneTools (136)
[2016.04.10-17.04.29:110][499]LogModuleManager: Shutting down and abandoning module OutputLog (135)
[2016.04.10-17.04.29:110][499]LogModuleManager: Shutting down and abandoning module GammaUI (134)
[2016.04.10-17.04.29:110][499]LogModuleManager: Shutting down and abandoning module Documentation (133)
[2016.04.10-17.04.29:110][499]LogModuleManager: Shutting down and abandoning module GameLiveStreaming (132)
[2016.04.10-17.04.29:110][499]LogModuleManager: Shutting down and abandoning module StreamingPauseRendering (131)
[2016.04.10-17.04.29:110][499]LogModuleManager: Shutting down and abandoning module AnalyticsET (130)
[2016.04.10-17.04.29:110][499]LogModuleManager: Shutting down and abandoning module Analytics (129)
[2016.04.10-17.04.29:110][499]LogModuleManager: Shutting down and abandoning module AITestSuite (128)
[2016.04.10-17.04.29:110][499]LogModuleManager: Shutting down and abandoning module GameplayDebugger (127)
[2016.04.10-17.04.29:110][499]LogModuleManager: Shutting down and abandoning module AIModule (126)
[2016.04.10-17.04.29:110][499]LogModuleManager: Shutting down and abandoning module ProfilerService (125)
[2016.04.10-17.04.29:128][499]LogModuleManager: Shutting down and abandoning module TaskGraph (124)
[2016.04.10-17.04.29:128][499]LogModuleManager: Shutting down and abandoning module SubstanceEditor (123)
[2016.04.10-17.04.29:128][499]LogModuleManager: Shutting down and abandoning module SlateRemote (122)
[2016.04.10-17.04.29:129][499]LogModuleManager: Shutting down and abandoning module SteamVRController (121)
[2016.04.10-17.04.29:129][499]LogModuleManager: Shutting down and abandoning module SteamVR (120)
[2016.04.10-17.04.29:129][499]LogModuleManager: Shutting down and abandoning module ProceduralMeshComponent (119)
[2016.04.10-17.04.29:129][499]LogModuleManager: Shutting down and abandoning module OculusLibrary (118)
[2016.04.10-17.04.29:129][499]LogModuleManager: Shutting down and abandoning module OculusInput (117)
[2016.04.10-17.04.29:129][499]LogModuleManager: Shutting down and abandoning module LeapMotionController (116)
[2016.04.10-17.04.29:183][499]LogModuleManager: Shutting down and abandoning module CustomMeshComponent (115)
[2016.04.10-17.04.29:183][499]LogModuleManager: Shutting down and abandoning module CableComponent (114)
[2016.04.10-17.04.29:183][499]LogModuleManager: Shutting down and abandoning module ArchVisCharacter (113)
[2016.04.10-17.04.29:183][499]LogModuleManager: Shutting down and abandoning module MessagingDebugger (112)
[2016.04.10-17.04.29:183][499]LogModuleManager: Shutting down and abandoning module MediaPlayerEditor (111)
[2016.04.10-17.04.29:183][499]LogModuleManager: Shutting down and abandoning module HTML5Networking (110)
[2016.04.10-17.04.29:183][499]LogModuleManager: Shutting down and abandoning module SpeedTreeImporter (109)
[2016.04.10-17.04.29:183][499]LogModuleManager: Shutting down and abandoning module PluginBrowser (108)
[2016.04.10-17.04.29:183][499]LogModuleManager: Shutting down and abandoning module EpicSurvey (107)
[2016.04.10-17.04.29:183][499]LogModuleManager: Shutting down and abandoning module DesktopPlatform (106)
[2016.04.10-17.04.29:183][499]LogModuleManager: Shutting down and abandoning module VisualStudioSourceCodeAccess (105)
[2016.04.10-17.04.29:183][499]LogModuleManager: Shutting down and abandoning module UObjectPlugin (104)
[2016.04.10-17.04.29:183][499]LogModuleManager: Shutting down and abandoning module SubversionSourceControl (103)
[2016.04.10-17.04.29:183][499]LogModuleManager: Shutting down and abandoning module PerforceSourceControl (102)
[2016.04.10-17.04.29:183][499]LogModuleManager: Shutting down and abandoning module SourceControl (101)
[2016.04.10-17.04.29:183][499]LogModuleManager: Shutting down and abandoning module GitSourceControl (100)
[2016.04.10-17.04.29:183][499]LogModuleManager: Shutting down and abandoning module LightPropagationVolumeEditor (99)
[2016.04.10-17.04.29:184][499]LogModuleManager: Shutting down and abandoning module PaperTiledImporter (98)
[2016.04.10-17.04.29:184][499]LogModuleManager: Shutting down and abandoning module PaperSpriteSheetImporter (97)
[2016.04.10-17.04.29:184][499]LogModuleManager: Shutting down and abandoning module MeshPaint (96)
[2016.04.10-17.04.29:184][499]LogModuleManager: Shutting down and abandoning module SlateReflector (95)
[2016.04.10-17.04.29:184][499]LogModuleManager: Shutting down and abandoning module HotReload (94)
[2016.04.10-17.04.29:184][499]LogModuleManager: Shutting down and abandoning module MainFrame (93)
[2016.04.10-17.04.29:184][499]LogModuleManager: Shutting down and abandoning module LevelEditor (92)
[2016.04.10-17.04.29:185][499]LogModuleManager: Shutting down and abandoning module ContentBrowser (91)
[2016.04.10-17.04.29:185][499]LogModuleManager: Shutting down and abandoning module Paper2DEditor (90)
[2016.04.10-17.04.29:186][499]LogModuleManager: Shutting down and abandoning module UdpMessaging (89)
[2016.04.10-17.04.29:287][499]LogModuleManager: Shutting down and abandoning module DirectoryWatcher (88)
[2016.04.10-17.04.29:287][499]LogModuleManager: Shutting down and abandoning module AssetRegistry (87)
[2016.04.10-17.04.29:437][499]LogModuleManager: Shutting down and abandoning module SubstanceCore (86)
[2016.04.10-17.04.29:437][499]LogModuleManager: Shutting down and abandoning module LightPropagationVolumeRuntime (85)
[2016.04.10-17.04.29:437][499]LogModuleManager: Shutting down and abandoning module Paper2D (84)
[2016.04.10-17.04.29:437][499]LogModuleManager: Shutting down and abandoning module WindowsMoviePlayer (83)
[2016.04.10-17.04.29:440][499]LogModuleManager: Shutting down and abandoning module Media (82)
[2016.04.10-17.04.29:440][499]LogModuleManager: Shutting down and abandoning module WmfMedia (81)
[2016.04.10-17.04.29:440][499]LogModuleManager: Shutting down and abandoning module OnlineBlueprintSupport (80)
[2016.04.10-17.04.29:440][499]LogModuleManager: Shutting down and abandoning module GameplayTasksEditor (79)
[2016.04.10-17.04.29:440][499]LogModuleManager: Shutting down and abandoning module PropertyEditor (78)
[2016.04.10-17.04.29:440][499]LogModuleManager: Shutting down and abandoning module BehaviorTreeEditor (77)
[2016.04.10-17.04.29:440][499]LogModuleManager: Shutting down and abandoning module FunctionalTesting (76)
[2016.04.10-17.04.29:441][499]LogModuleManager: Shutting down and abandoning module CollisionAnalyzer (75)
[2016.04.10-17.04.29:441][499]LogModuleManager: Shutting down and abandoning module WorkspaceMenuStructure (74)
[2016.04.10-17.04.29:441][499]LogModuleManager: Shutting down and abandoning module MessageLog (73)
[2016.04.10-17.04.29:441][499]LogModuleManager: Shutting down and abandoning module Sequencer (72)
[2016.04.10-17.04.29:441][499]LogModuleManager: Shutting down and abandoning module AssetTools (71)
[2016.04.10-17.04.29:441][499]LogModuleManager: Shutting down and abandoning module UMGEditor (70)
[2016.04.10-17.04.29:441][499]LogModuleManager: Shutting down and abandoning module UMG (69)
[2016.04.10-17.04.29:441][499]LogModuleManager: Shutting down and abandoning module Slate (68)
[2016.04.10-17.04.29:441][499]LogModuleManager: Shutting down and abandoning module EditorStyle (67)
[2016.04.10-17.04.29:443][499]LogModuleManager: Shutting down and abandoning module SessionServices (66)
[2016.04.10-17.04.29:443][499]LogModuleManager: Shutting down and abandoning module SourceCodeAccess (65)
[2016.04.10-17.04.29:443][499]LogModuleManager: Shutting down and abandoning module HeadMountedDisplay (64)
[2016.04.10-17.04.29:443][499]LogModuleManager: Shutting down and abandoning module XAudio2 (63)
[2016.04.10-17.04.29:443][499]LogModuleManager: Shutting down and abandoning module Networking (61)
[2016.04.10-17.04.29:443][499]LogModuleManager: Shutting down and abandoning module Core (60)
[2016.04.10-17.04.29:443][499]LogModuleManager: Shutting down and abandoning module KismetCompiler (59)
[2016.04.10-17.04.29:443][499]LogModuleManager: Shutting down and abandoning module PhysXFormats (58)
[2016.04.10-17.04.29:443][499]LogModuleManager: Shutting down and abandoning module MeshUtilities (57)
[2016.04.10-17.04.29:443][499]LogModuleManager: Shutting down and abandoning module DerivedDataCache (56)
[2016.04.10-17.04.29:451][499]LogDerivedDataCache: Shutdown
[2016.04.10-17.04.29:451][499]LogModuleManager: Shutting down and abandoning module ShaderFormatOpenGL (55)
[2016.04.10-17.04.29:451][499]LogModuleManager: Shutting down and abandoning module ShaderFormatD3D (54)
[2016.04.10-17.04.29:451][499]LogModuleManager: Shutting down and abandoning module MetalShaderFormat (53)
[2016.04.10-17.04.29:451][499]LogModuleManager: Shutting down and abandoning module TextureFormatUncompressed (52)
[2016.04.10-17.04.29:451][499]LogModuleManager: Shutting down and abandoning module TextureFormatPVR (51)
[2016.04.10-17.04.29:451][499]LogModuleManager: Shutting down and abandoning module TextureFormatIntelISPCTexComp (50)
[2016.04.10-17.04.29:451][499]LogModuleManager: Shutting down and abandoning module TextureFormatDXT (49)
[2016.04.10-17.04.29:451][499]LogModuleManager: Shutting down and abandoning module ImageWrapper (48)
[2016.04.10-17.04.29:451][499]LogModuleManager: Shutting down and abandoning module TextureFormatASTC (47)
[2016.04.10-17.04.29:451][499]LogModuleManager: Shutting down and abandoning module TextureFormatAndroid (46)
[2016.04.10-17.04.29:451][499]LogModuleManager: Shutting down and abandoning module AudioFormatOpus (45)
[2016.04.10-17.04.29:451][499]LogModuleManager: Shutting down and abandoning module AudioFormatOgg (44)
[2016.04.10-17.04.29:451][499]LogModuleManager: Shutting down and abandoning module AudioFormatADPCM (43)
[2016.04.10-17.04.29:451][499]LogModuleManager: Shutting down and abandoning module LinuxTargetPlatform (42)
[2016.04.10-17.04.29:451][499]LogModuleManager: Shutting down and abandoning module LinuxServerTargetPlatform (41)
[2016.04.10-17.04.29:451][499]LogModuleManager: Shutting down and abandoning module LinuxNoEditorTargetPlatform (40)
[2016.04.10-17.04.29:451][499]LogModuleManager: Shutting down and abandoning module Messaging (39)
[2016.04.10-17.04.29:451][499]LogModuleManager: Shutting down and abandoning module IOSTargetPlatform (38)
[2016.04.10-17.04.29:451][499]LogModuleManager: Shutting down and abandoning module HTML5TargetPlatform (37)
[2016.04.10-17.04.29:451][499]LogModuleManager: Shutting down and abandoning module Android_PVRTCTargetPlatform (36)
[2016.04.10-17.04.29:451][499]LogModuleManager: Shutting down and abandoning module Android_MultiTargetPlatform (35)
[2016.04.10-17.04.29:451][499]LogModuleManager: Shutting down and abandoning module Android_ETC2TargetPlatform (34)
[2016.04.10-17.04.29:451][499]LogModuleManager: Shutting down and abandoning module Android_ETC1TargetPlatform (33)
[2016.04.10-17.04.29:451][499]LogModuleManager: Shutting down and abandoning module Android_DXTTargetPlatform (32)
[2016.04.10-17.04.29:451][499]LogModuleManager: Shutting down and abandoning module Android_ATCTargetPlatform (31)
[2016.04.10-17.04.29:451][499]LogModuleManager: Shutting down and abandoning module Android_ASTCTargetPlatform (30)
[2016.04.10-17.04.29:451][499]LogModuleManager: Shutting down and abandoning module AndroidTargetPlatform (29)
[2016.04.10-17.04.29:451][499]LogModuleManager: Shutting down and abandoning module WindowsTargetPlatform (28)
[2016.04.10-17.04.29:451][499]LogModuleManager: Shutting down and abandoning module WindowsServerTargetPlatform (27)
[2016.04.10-17.04.29:451][499]LogModuleManager: Shutting down and abandoning module WindowsNoEditorTargetPlatform (26)
[2016.04.10-17.04.29:451][499]LogModuleManager: Shutting down and abandoning module WindowsClientTargetPlatform (25)
[2016.04.10-17.04.29:451][499]LogModuleManager: Shutting down and abandoning module AllDesktopTargetPlatform (24)
[2016.04.10-17.04.29:451][499]LogModuleManager: Shutting down and abandoning module TargetPlatform (23)
[2016.04.10-17.04.29:451][499]LogModuleManager: Shutting down and abandoning module InputCore (22)
[2016.04.10-17.04.29:451][499]LogModuleManager: Shutting down and abandoning module Settings (21)
[2016.04.10-17.04.29:451][499]LogModuleManager: Shutting down and abandoning module OnlineSubsystem (19)
[2016.04.10-17.04.29:451][499]LogModuleManager: Shutting down and abandoning module HTTP (18)
[2016.04.10-17.04.31:453][499]LogModuleManager: Shutting down and abandoning module XMPP (17)
[2016.04.10-17.04.31:453][499]LogModuleManager: Shutting down and abandoning module OculusRift (16)
[2016.04.10-17.04.31:453][499]LogModuleManager: Shutting down and abandoning module ExampleDeviceProfileSelector (15)
[2016.04.10-17.04.31:453][499]LogModuleManager: Shutting down and abandoning module TextureCompressor (14)
[2016.04.10-17.04.31:453][499]LogModuleManager: Shutting down and abandoning module ShaderCore (13)
[2016.04.10-17.04.31:453][499]LogModuleManager: Shutting down and abandoning module Landscape (12)
[2016.04.10-17.04.31:453][499]LogModuleManager: Shutting down and abandoning module SlateRHIRenderer (11)
[2016.04.10-17.04.31:455][499]LogModuleManager: Shutting down and abandoning module OpenGLDrv (10)
[2016.04.10-17.04.31:455][499]LogModuleManager: Shutting down and abandoning module D3D11RHI (9)
[2016.04.10-17.04.31:455][499]LogModuleManager: Shutting down and abandoning module AnimGraphRuntime (8)
[2016.04.10-17.04.31:455][499]LogModuleManager: Shutting down and abandoning module Renderer (7)
[2016.04.10-17.04.31:455][499]LogModuleManager: Shutting down and abandoning module Engine (6)
[2016.04.10-17.04.31:455][499]LogModuleManager: Shutting down and abandoning module CoreUObject (5)
[2016.04.10-17.04.31:455][499]LogModuleManager: Shutting down and abandoning module NetworkFile (4)
[2016.04.10-17.04.31:455][499]LogModuleManager: Shutting down and abandoning module StreamingFile (3)
[2016.04.10-17.04.31:455][499]LogModuleManager: Shutting down and abandoning module SandboxFile (2)
[2016.04.10-17.04.31:455][499]LogModuleManager: Shutting down and abandoning module PakFile (1)
[2016.04.10-17.04.31:456][499]LogExit: Exiting.
[2016.04.10-17.04.31:458][499]Log file closed, 04/10/16 13:04:31
