[2016.03.02-19.58.32:419][  0]Log file open, 03/02/16 14:58:32
[2016.03.02-19.58.32:419][  0]LogInit:Display: Running engine for game: Hotel
[2016.03.02-19.58.32:419][  0]LogPlatformFile: Not using cached read wrapper
[2016.03.02-19.58.32:419][  0]LogInit:Display: RandInit(-1778082940) SRandInit(-1778082919).
[2016.03.02-19.58.32:419][  0]LogTaskGraph: Started task graph with 4 named threads and 7 total threads.
[2016.03.02-19.58.32:419][  0]LogStats: Stats thread started at 0.060802
[2016.03.02-19.58.32:419][  0]LogInit: Version: 4.10.2-2818068+++depot+UE4-Releases+4.10
[2016.03.02-19.58.32:419][  0]LogInit: API Version: 2758231
[2016.03.02-19.58.32:419][  0]LogInit: Compiled (64-bit): Jan  6 2016 17:36:42
[2016.03.02-19.58.32:419][  0]LogInit: Compiled with Visual C++: 19.00.23026.00
[2016.03.02-19.58.32:419][  0]LogInit: Build Configuration: Development
[2016.03.02-19.58.32:419][  0]LogInit: Branch Name: ++depot+UE4-Releases+4.10
[2016.03.02-19.58.32:419][  0]LogInit: Command line:  
[2016.03.02-19.58.32:419][  0]LogInit: Base directory: E:/Program Files (x86)/Epic Games/4.10/Engine/Binaries/Win64/
[2016.03.02-19.58.32:419][  0]LogInit: Rocket: 1
[2016.03.02-19.58.32:429][  0]LogInit: Using libcurl 7.41.0
[2016.03.02-19.58.32:429][  0]LogInit:  - built for x86_64-pc-win32
[2016.03.02-19.58.32:429][  0]LogInit:  - supports SSL with WinSSL
[2016.03.02-19.58.32:429][  0]LogInit:  - other features:
[2016.03.02-19.58.32:429][  0]LogInit:      CURL_VERSION_SSL
[2016.03.02-19.58.32:429][  0]LogInit:      CURL_VERSION_IPV6
[2016.03.02-19.58.32:429][  0]LogInit:      CURL_VERSION_ASYNCHDNS
[2016.03.02-19.58.32:429][  0]LogInit:      CURL_VERSION_LARGEFILE
[2016.03.02-19.58.32:429][  0]LogInit:      CURL_VERSION_IDN
[2016.03.02-19.58.32:429][  0]LogInit:  CurlRequestOptions (configurable via config and command line):
[2016.03.02-19.58.32:429][  0]LogInit:  - bVerifyPeer = true  - Libcurl will verify peer certificate
[2016.03.02-19.58.32:429][  0]LogInit:  - bUseHttpProxy = false  - Libcurl will NOT use HTTP proxy
[2016.03.02-19.58.32:429][  0]LogInit:  - bDontReuseConnections = false  - Libcurl will reuse connections
[2016.03.02-19.58.32:429][  0]LogInit:  - CertBundlePath = nullptr  - Libcurl will use whatever was configured at build time.
[2016.03.02-19.58.32:439][  0]LogInit: Presizing for 0 objects not considered by GC, pre-allocating 0 bytes.
[2016.03.02-19.58.32:439][  0]LogInit: Object subsystem initialized
[2016.03.02-19.58.32:439][  0]LogInit: Selected Device Profile: [Windows]
[2016.03.02-19.58.32:439][  0]LogInit: Applying CVar settings loaded from the selected device profile: [Windows]
[2016.03.02-19.58.32:459][  0]LogInit: Computer: MANDY-PC
[2016.03.02-19.58.32:459][  0]LogInit: User: Mandy
[2016.03.02-19.58.32:459][  0]LogInit: CPU Page size=4096, Cores=4
[2016.03.02-19.58.32:459][  0]LogInit: High frequency timer resolution =14.318180 MHz
[2016.03.02-19.58.32:459][  0]LogMemory: Memory total: Physical=16.0GB (16GB approx)
[2016.03.02-19.58.32:459][  0]LogMemory: Platform Memory Stats for Windows
[2016.03.02-19.58.32:459][  0]LogMemory: Process Physical Memory: 56.18 MB used, 56.18 MB peak
[2016.03.02-19.58.32:459][  0]LogMemory: Process Virtual Memory: 57.76 MB used, 57.76 MB peak
[2016.03.02-19.58.32:459][  0]LogMemory: Physical Memory: 2258.41 MB used, 16383.18 MB total
[2016.03.02-19.58.32:459][  0]LogMemory: Virtual Memory: 352.64 MB used, 8388608.00 MB total
[2016.03.02-19.58.32:499][  0]LogTextLocalizationManager: No specific translations for ('en-US') exist, so ('en') translations will be used.
[2016.03.02-19.58.33:079][  0]LogD3D11RHI: Found D3D11 adapter 0: NVIDIA GeForce GTX 750 (Feature Level 11_0)
[2016.03.02-19.58.33:079][  0]LogD3D11RHI: Adapter has 972MB of dedicated video memory, 0MB of dedicated system memory, and 3072MB of shared system memory, 2 output[s]
[2016.03.02-19.58.33:079][  0]LogD3D11RHI: Chosen D3D11 Adapter Id = 0
[2016.03.02-19.58.33:085][  0]LogD3D11RHI: !Direct3DDevice
[2016.03.02-19.58.33:085][  0]LogRHI: Texture pool is 680 MB (70% of 972 MB)
[2016.03.02-19.58.33:094][  0]LogD3D11RHI: Async texture creation enabled
[2016.03.02-19.58.33:109][  0]LogShaderCompilers: Guid format shader working directory is -10 characters bigger than the processId version (../../../../../../Users/Mandy/Documents/GitHub/HotelBete/Intermediate/Shaders/WorkingDirectory/4648/).
[2016.03.02-19.58.33:110][  0]LogShaderCompilers: Cleaned the shader compiler working directory 'C:/Users/Mandy/AppData/Local/Temp/UnrealShaderWorkingDir/76A05F4944A6E61C6803B68AB083AF7A/'.
[2016.03.02-19.58.33:110][  0]LogShaderCompilers:Display: Using Local Shader Compiler.
[2016.03.02-19.58.34:209][  0]LogTemp:Display: Loaded TP AllDesktopTargetPlatform
[2016.03.02-19.58.34:214][  0]LogTemp:Display: Loaded TP WindowsClientTargetPlatform
[2016.03.02-19.58.34:218][  0]LogTemp:Display: Loaded TP WindowsNoEditorTargetPlatform
[2016.03.02-19.58.34:223][  0]LogTemp:Display: Loaded TP WindowsServerTargetPlatform
[2016.03.02-19.58.34:227][  0]LogTemp:Display: Loaded TP WindowsTargetPlatform
[2016.03.02-19.58.34:231][  0]LogTemp:Display: Loaded TP AndroidTargetPlatform
[2016.03.02-19.58.34:234][  0]LogTemp:Display: Loaded TP Android_ASTCTargetPlatform
[2016.03.02-19.58.34:237][  0]LogTemp:Display: Loaded TP Android_ATCTargetPlatform
[2016.03.02-19.58.34:241][  0]LogTemp:Display: Loaded TP Android_DXTTargetPlatform
[2016.03.02-19.58.34:244][  0]LogTemp:Display: Loaded TP Android_ETC1TargetPlatform
[2016.03.02-19.58.34:247][  0]LogTemp:Display: Loaded TP Android_ETC2TargetPlatform
[2016.03.02-19.58.34:254][  0]LogTemp:Display: Loaded TP Android_MultiTargetPlatform
[2016.03.02-19.58.34:254][  0]LogTemp:Display: Loaded TP Android_PVRTCTargetPlatform
[2016.03.02-19.58.34:254][  0]LogTemp:Display: Loaded TP HTML5TargetPlatform
[2016.03.02-19.58.34:270][  0]LogTemp:Display: Loaded TP IOSTargetPlatform
[2016.03.02-19.58.34:273][  0]LogTemp:Display: Loaded TP LinuxNoEditorTargetPlatform
[2016.03.02-19.58.34:276][  0]LogTemp:Display: Loaded TP LinuxServerTargetPlatform
[2016.03.02-19.58.34:280][  0]LogTemp:Display: Loaded TP LinuxTargetPlatform
[2016.03.02-19.58.34:280][  0]LogTargetPlatformManager:Display: Building Assets For Windows
[2016.03.02-19.58.34:345][  0]LogDerivedDataCache:Display: Max Cache Size: 512 MB
[2016.03.02-19.58.34:428][  0]LogDerivedDataCache: Loaded boot cache 0.08s 41MB C:/Users/Mandy/AppData/Local/UnrealEngine/4.10/DerivedDataCache/Boot.ddc.
[2016.03.02-19.58.34:428][  0]LogDerivedDataCache:Display: Loaded Boot cache: C:/Users/Mandy/AppData/Local/UnrealEngine/4.10/DerivedDataCache/Boot.ddc
[2016.03.02-19.58.34:428][  0]LogDerivedDataCache: FDerivedDataBackendGraph:  Pak pak cache file ../../../../../../Users/Mandy/Documents/GitHub/HotelBete/DerivedDataCache/DDC.ddp not found, will not use a pak cache.
[2016.03.02-19.58.34:428][  0]LogDerivedDataCache: Unable to find inner node Pak for hierarchical cache Hierarchy.
[2016.03.02-19.58.34:428][  0]LogDerivedDataCache: FDerivedDataBackendGraph:  CompressedPak pak cache file ../../../../../../Users/Mandy/Documents/GitHub/HotelBete/DerivedDataCache/Compressed.ddp not found, will not use a pak cache.
[2016.03.02-19.58.34:428][  0]LogDerivedDataCache: Unable to find inner node CompressedPak for hierarchical cache Hierarchy.
[2016.03.02-19.58.34:513][  0]LogDerivedDataCache:Display: Pak cache opened for reading ../../../Engine/DerivedDataCache/Compressed.ddp.
[2016.03.02-19.58.34:524][  0]LogDerivedDataCache: Using Local data cache path C:/Users/Mandy/AppData/Local/UnrealEngine/Common/DerivedDataCache: Writable
[2016.03.02-19.58.34:721][  0]LogInit: Selected Device Profile: [Windows]
[2016.03.02-19.58.34:722][  0]LogContentStreaming: Texture pool size is 0.000000MB
[2016.03.02-19.58.34:760][  0]LogMeshUtilities: No automatic mesh reduction module available
[2016.03.02-19.58.34:760][  0]LogMeshUtilities: No automatic mesh merging module available
[2016.03.02-19.58.35:196][  0]LogInit: WinSock: version 1.1 (2.2), MaxSocks=32767, MaxUdp=65467
[2016.03.02-19.58.35:985][  0]LogAssetRegistry: FAssetRegistry took 0.0102 seconds to start up
[2016.03.02-19.58.35:996][  0]UdpMessaging: Initializing bridge on interface 0.0.0.0:0 to multicast group 230.0.0.1:6666.
[2016.03.02-19.58.36:279][  0]SourceControl: Info Source control is disabled
[2016.03.02-19.58.36:280][  0]SourceControl: Info Source control is disabled
[2016.03.02-19.58.36:288][  0]SourceControl: Info Source control is disabled
[2016.03.02-19.58.36:297][  0]SourceControl: Info Source control is disabled
[2016.03.02-19.58.36:521][  0]LogObj: 28802 objects as part of root set at end of initial load.
[2016.03.02-19.58.36:521][  0]LogUObjectAllocator: 6129768 out of 0 bytes used by permanent object pool.
[2016.03.02-19.58.36:593][  0]LogEngine: Initializing Engine...
[2016.03.02-19.58.36:595][  0]LogHMD: Can't find Oculus library dev build: is proper Runtime installed? Version: 0.8.0.0
[2016.03.02-19.58.36:595][  0]LogHMD: SteamVR failed to initialize.  Err: 110
[2016.03.02-19.58.36:760][  0]LogAIModule: Creating AISystem for world NewWorld
[2016.03.02-19.58.36:766][  0]LogInit: XAudio2 using 'LCD TV-C (NVIDIA High Definition Audio)' : 2 channels at 48 kHz using 16 bits per sample (channel mask 0x3)
[2016.03.02-19.58.36:787][  0]LogInit: FAudioDevice initialized.
[2016.03.02-19.58.36:827][  0]LogDerivedDataCache: Saved boot cache 0.04s 41MB C:/Users/Mandy/AppData/Local/UnrealEngine/4.10/DerivedDataCache/Boot.ddc.
[2016.03.02-19.58.36:841][  0]LogInit: Texture streaming: Enabled
[2016.03.02-19.58.36:845][  0]LogAnalytics: Creating configured Analytics provider AnalyticsET
[2016.03.02-19.58.36:845][  0]LogAnalytics: [UEEditor.Rocket.Release] APIServer = http://et2.epicgames.com/ET2/. AppVersion = 4.10.2-2818068+++depot+UE4-Releases+4.10
[2016.03.02-19.58.36:845][  0]LogAnalytics: [UEEditor.Rocket.Release] SetUserId e0d98b0e467b55d21c5013962f69b996|a1543627d61e4593a39d507d0813b255|cef8b6ba-01d0-47b7-a028-3b7e918a90c5
[2016.03.02-19.58.36:845][  0]LogAnalytics: [UEEditor.Rocket.Release] AnalyticsET::StartSession
[2016.03.02-19.58.36:863][  0]LogInit: Transaction tracking system initialized
[2016.03.02-19.58.36:884][  0]BlueprintLog: New page: Editor Load
[2016.03.02-19.58.36:946][  0]LocalizationService: Info Localization service is disabled
[2016.03.02-19.58.37:005][  0]LogConsoleResponse:Display: 
[2016.03.02-19.58.37:139][  0]LogCook:Display: Done creating registry. It took  0.00s.
[2016.03.02-19.58.37:187][  0]LogFileCache: Scanning file cache for directory 'E:/Users/Mandy/Documents/GitHub/HotelBete/Content/' took 0.02s
[2016.03.02-19.58.37:187][  0]SourceControl: Info Source control is disabled
[2016.03.02-19.58.37:187][  0]Cmd: MAP LOAD FILE="../../../../../../Users/Mandy/Documents/GitHub/HotelBete/Content/Hotel/Levels/Menu.umap" TEMPLATE=0 SHOWPROGRESS=1 FEATURELEVEL=3
[2016.03.02-19.58.37:190][  0]LightingResults: New page: Lighting Build
[2016.03.02-19.58.37:193][  0]MapCheck: New page: Map Check
[2016.03.02-19.58.37:193][  0]LightingResults: New page: Lighting Build
[2016.03.02-19.58.37:208][  0]LogParticles: Destroying 0 GPU particle simulations for FXSystem 0x00000000236A6AC0
[2016.03.02-19.58.39:468][  0]LogAIModule: Creating AISystem for world Menu
[2016.03.02-19.58.39:469][  0]LogEditorServer: Finished looking for orphan Actors (0.000 secs)
[2016.03.02-19.58.39:470][  0]Cmd: MAP CHECKDEP NOCLEARLOG
[2016.03.02-19.58.39:521][  0]MapCheck: Info Map check complete: 0 Error(s), 0 Warning(s), took 50.842ms to complete.
[2016.03.02-19.58.39:521][  0]LogFileHelpers: Loading map 'Menu' took 2.334
[2016.03.02-19.58.39:647][  0]LogCollectionManager: Loaded 0 collections in 0.001910 seconds
[2016.03.02-19.58.39:680][  0]LogFileCache: Scanning file cache for directory 'E:/Users/Mandy/Documents/GitHub/HotelBete/Saved/Collections/' took 0.02s
[2016.03.02-19.58.39:680][  0]LogFileCache: Scanning file cache for directory 'E:/Users/Mandy/Documents/GitHub/HotelBete/Content/Developers/Mandy/Collections/' took 0.00s
[2016.03.02-19.58.39:680][  0]LogFileCache: Scanning file cache for directory 'E:/Users/Mandy/Documents/GitHub/HotelBete/Content/Collections/' took 0.00s
[2016.03.02-19.58.39:680][  0]LogCollectionManager: Rebuilt the GUID cache for 0 collections in 0.000003 seconds
[2016.03.02-19.58.39:694][  0]LogContentBrowser: Native class hierarchy populated in 0.0134 seconds. Added 1908 classes and 344 folders.
[2016.03.02-19.58.39:701][  0]LogContentBrowser: Native class hierarchy updated for 'WidgetCarousel' in 0.0005 seconds. Added 0 classes and 0 folders.
[2016.03.02-19.58.39:764][  0]LogContentBrowser: Native class hierarchy updated for 'AddContentDialog' in 0.0005 seconds. Added 0 classes and 0 folders.
[2016.03.02-19.58.39:768][  0]LogContentBrowser: Native class hierarchy updated for 'SceneOutliner' in 0.0004 seconds. Added 1 classes and 2 folders.
[2016.03.02-19.58.39:773][  0]LogCrashTracker: Crashtracker disabled due to settings.
[2016.03.02-19.58.39:780][  0]LogUObjectGlobals:Warning: Failed to find object 'Class None.'
[2016.03.02-19.58.39:803][  0]LogLoad: Full Startup: 7.86 seconds (BP compile: 0.39 seconds)
[2016.03.02-19.58.39:815][  0]LogOcInput: Can't find Oculus library dev build: is proper Runtime installed? Version: 0.8.0.0
[2016.03.02-19.58.39:884][  0]LogContentStreaming: Texture pool size now 1000 MB
[2016.03.02-19.58.40:072][  0]LogRenderer: Reallocating scene render targets to support 1208x568 (Frame:2).
[2016.03.02-19.58.40:481][  7]LogAssetRegistry: Asset discovery search completed in 4.5062 seconds
[2016.03.02-19.58.40:481][  7]LogCollectionManager: Rebuilt the object cache for 0 collections in 0.000002 seconds (found 0 objects)
[2016.03.02-19.58.40:481][  7]LogCollectionManager: Fixed up redirectors for 0 collections in 0.000025 seconds (updated 0 objects)
[2016.03.02-20.02.50:295][224]LogAIModule: Creating AISystem for world Prototype
[2016.03.02-20.02.50:297][224]LogParticles:Warning: InitializeSystem called on an unregistered component. Template=/Game/StarterContent/Particles/Breath.Breath Component=/Game/Hotel/Levels/Prototype.Prototype:PersistentLevel.Breath.ParticleSystemComponent0
[2016.03.02-20.02.50:320][224]LogParticles:Warning: InitializeSystem called on an unregistered component. Template=/Game/StarterContent/Particles/ItemMarker.ItemMarker Component=/Game/Hotel/Levels/Prototype.Prototype:PersistentLevel.ItemMarker.ParticleSystemComponent0
[2016.03.02-20.02.50:320][224]LogParticles:Warning: InitializeSystem called on an unregistered component. Template=/Game/StarterContent/Particles/Dust.Dust Component=/Game/Hotel/Levels/Prototype.Prototype:PersistentLevel.Dust_2.ParticleSystemComponent0
[2016.03.02-20.02.50:320][224]LogParticles:Warning: InitializeSystem called on an unregistered component. Template=/Game/StarterContent/Particles/Fog_Steam.Fog_Steam Component=/Game/Hotel/Levels/Prototype.Prototype:PersistentLevel.Fog_Steam2.ParticleSystemComponent0
[2016.03.02-20.02.50:320][224]LogParticles:Warning: InitializeSystem called on an unregistered component. Template=/Game/StarterContent/Particles/Fog_Steam.Fog_Steam Component=/Game/Hotel/Levels/Prototype.Prototype:PersistentLevel.Fog_Steam3.ParticleSystemComponent0
[2016.03.02-20.02.50:430][224]Cmd: MAP LOAD FILE="../../../../../../Users/Mandy/Documents/GitHub/HotelBete/Content/Hotel/Levels/Prototype.umap" TEMPLATE=0 SHOWPROGRESS=1 FEATURELEVEL=3
[2016.03.02-20.02.50:431][224]LightingResults: New page: Lighting Build
[2016.03.02-20.02.50:458][224]LoadErrors: New page: Loading map: Prototype.umap
[2016.03.02-20.02.50:459][224]MapCheck: New page: Map Check
[2016.03.02-20.02.50:459][224]LightingResults: New page: Lighting Build
[2016.03.02-20.02.50:479][224]LogParticles: Destroying 0 GPU particle simulations for FXSystem 0x000000002D2EB240
[2016.03.02-20.02.50:529][224]LogEditorServer: Finished looking for orphan Actors (0.000 secs)
[2016.03.02-20.02.50:584][224]Cmd: MAP CHECKDEP NOCLEARLOG
[2016.03.02-20.02.50:649][224]MapCheck: Info Map check complete: 0 Error(s), 0 Warning(s), took 65.298ms to complete.
[2016.03.02-20.02.50:649][224]LogFileHelpers: Loading map 'Prototype' took 0.220
[2016.03.02-20.02.50:653][224]LoadErrors:Error: Error /Game/FirstPersonBP/Blueprints/Enemy : Failed import for Enemy_C /Game/Hotel/Blueprints/Enemies/Enemy.Default__Enemy_C [redirection] in /Game/FirstPersonBP/Blueprints/Enemy
[2016.03.02-20.02.52:012][318]LogEditorViewport: Clicking on Actor (LMB): StaticMeshActor (Lobby_haunted)
[2016.03.02-20.02.53:106][394]Cmd: DELETE
[2016.03.02-20.02.53:106][394]Cmd: ACTOR DELETE
[2016.03.02-20.02.53:132][394]LogEditorActor: Deleted Actor: StaticMeshActor
[2016.03.02-20.02.53:133][394]LogActorComponent: UnregisterComponent: (/Engine/Transient.PawnSensing_GEN_VARIABLE) Not registered. Aborting.
[2016.03.02-20.02.53:161][394]LogEditorActor: Deleted 1 Actors (0.055 secs)
[2016.03.02-20.03.42:523][218]LogFactory: FactoryCreateBinary: StaticMesh with FbxFactory (0 0 C:\Users\Mandy\Documents\maya\projects\default\scenes\Lobby_haunted.fbx)
[2016.03.02-20.03.42:558][218]LogFbx: ItemName: GlobalSettings, ItemCount : 1
[2016.03.02-20.03.42:558][218]LogFbx: ItemName: AnimationStack, ItemCount : 1
[2016.03.02-20.03.42:558][218]LogFbx: ItemName: AnimationLayer, ItemCount : 1
[2016.03.02-20.03.42:558][218]LogFbx: ItemName: Geometry, ItemCount : 26
[2016.03.02-20.03.42:558][218]LogFbx: ItemName: Material, ItemCount : 7
[2016.03.02-20.03.42:558][218]LogFbx: ItemName: Model, ItemCount : 362
[2016.03.02-20.03.42:558][218]LogFbx: ItemName: NodeAttribute, ItemCount : 336
[2016.03.02-20.03.42:558][218]LogFbx: ItemName: AnimationCurveNode, ItemCount : 963
[2016.03.02-20.03.42:620][218]LogFbx: Loading FBX Scene from C:\Users\Mandy\Documents\maya\projects\default\scenes\Lobby_haunted.fbx
[2016.03.02-20.03.44:036][218]LogFbx: FBX Scene Loaded Succesfully
[2016.03.02-20.03.47:185][218]LogFbx: Loading FBX Scene from C:\Users\Mandy\Documents\maya\projects\default\scenes\Lobby_haunted.fbx
[2016.03.02-20.03.48:610][218]LogFbx: FBX Scene Loaded Succesfully
[2016.03.02-20.03.48:660][218]LogLinker:Warning: Can't find file '/Game/Hotel/Art/Models/Lobby/Columns'
[2016.03.02-20.03.48:660][218]LogLinker:Warning: Can't find file '/Game/Hotel/Art/Models/Lobby/Columns'
[2016.03.02-20.03.48:664][218]LogMaterial: Missing cached shader map for material Columns, compiling. 
[2016.03.02-20.03.48:717][218]LogFbx:Warning: Triangulating static mesh Cylinder025
[2016.03.02-20.03.49:881][218]LogLinker:Warning: Can't find file '/Game/Hotel/Art/Models/Lobby/LobbyFloor'
[2016.03.02-20.03.49:881][218]LogLinker:Warning: Can't find file '/Game/Hotel/Art/Models/Lobby/LobbyFloor'
[2016.03.02-20.03.49:898][218]LogMaterial: Missing cached shader map for material LobbyFloor, compiling. 
[2016.03.02-20.03.49:909][218]LogLinker:Warning: Can't find file '/Game/Hotel/Art/Models/Lobby/Walls'
[2016.03.02-20.03.49:909][218]LogLinker:Warning: Can't find file '/Game/Hotel/Art/Models/Lobby/Walls'
[2016.03.02-20.03.49:916][218]LogMaterial: Missing cached shader map for material Walls, compiling. 
[2016.03.02-20.03.50:067][218]LogLinker:Warning: Can't find file '/Game/Hotel/Art/Models/Lobby/Frames'
[2016.03.02-20.03.50:067][218]LogLinker:Warning: Can't find file '/Game/Hotel/Art/Models/Lobby/Frames'
[2016.03.02-20.03.50:072][218]LogMaterial: Missing cached shader map for material Frames, compiling. 
[2016.03.02-20.03.50:316][218]LogLinker:Warning: Can't find file '/Game/Hotel/Art/Models/Lobby/Windows'
[2016.03.02-20.03.50:316][218]LogLinker:Warning: Can't find file '/Game/Hotel/Art/Models/Lobby/Windows'
[2016.03.02-20.03.50:323][218]LogMaterial: Missing cached shader map for material Windows, compiling. 
[2016.03.02-20.03.50:337][218]LogLinker:Warning: Can't find file '/Game/Hotel/Art/Models/Lobby/Stairs'
[2016.03.02-20.03.50:338][218]LogLinker:Warning: Can't find file '/Game/Hotel/Art/Models/Lobby/Stairs'
[2016.03.02-20.03.50:344][218]LogMaterial: Missing cached shader map for material Stairs, compiling. 
[2016.03.02-20.03.50:554][218]LogLinker:Warning: Can't find file '/Game/Hotel/Art/Models/Lobby/Doors'
[2016.03.02-20.03.50:554][218]LogLinker:Warning: Can't find file '/Game/Hotel/Art/Models/Lobby/Doors'
[2016.03.02-20.03.50:560][218]LogMaterial: Missing cached shader map for material Doors, compiling. 
[2016.03.02-20.03.50:580][218]LogFbx:Warning: Triangulating static mesh Door6
[2016.03.02-20.03.51:033][218]LogFbx:Warning: Triangulating static mesh Door1
[2016.03.02-20.03.51:482][218]LogFbx:Warning: Triangulating static mesh Door2
[2016.03.02-20.03.51:939][218]LogFbx:Warning: Triangulating static mesh Door3
[2016.03.02-20.03.52:385][218]LogFbx:Warning: Triangulating static mesh Door7
[2016.03.02-20.03.52:830][218]LogFbx:Warning: Triangulating static mesh Door4
[2016.03.02-20.03.53:263][218]LogFbx:Warning: Triangulating static mesh Door8
[2016.03.02-20.03.53:718][218]LogFbx:Warning: Triangulating static mesh Door5
[2016.03.02-20.03.54:654][218]LogFbx:Warning: Triangulating static mesh Object057
[2016.03.02-20.04.13:261][218]LogFbx:Warning: Triangulating static mesh Line0010
[2016.03.02-20.04.18:320][218]LogStaticMesh: Building static mesh Lobby_haunted...
[2016.03.02-20.04.24:466][218]LogStaticMesh: Built static mesh [6.145756.2s] /Game/Hotel/Art/Models/Lobby/Lobby_haunted.Lobby_haunted
[2016.03.02-20.04.24:777][218]LogStaticMesh:Warning: Lobby_haunted has degenerate tangent bases which will result in incorrect shading. 
[2016.03.02-20.04.25:002][218]FBXImport:Warning: Warning Lobby_haunted has degenerate tangent bases which will result in incorrect shading.  
[2016.03.02-20.04.31:811][849]LogActorFactory: Actor Factory created Lobby_haunted
[2016.03.02-20.04.33:076][943]LogActorFactory: Actor Factory created Lobby_haunted
[2016.03.02-20.04.53:322][929]LogEditorViewport: Clicking on Actor (LMB): BP_Sky_Sphere_C (SkySphereBlueprint)
[2016.03.02-20.04.53:776][975]LogEditorViewport: Clicking on Actor (LMB): StaticMeshActor (Lobby_haunted)
[2016.03.02-20.04.55:589][175]Cmd: DELETE
[2016.03.02-20.04.55:589][175]Cmd: ACTOR DELETE
[2016.03.02-20.04.55:590][175]LogEditorActor: Deleted Actor: StaticMeshActor
[2016.03.02-20.04.55:590][175]LogActorComponent: UnregisterComponent: (/Engine/Transient.PawnSensing_GEN_VARIABLE) Not registered. Aborting.
[2016.03.02-20.04.55:611][175]LogEditorActor: Deleted 1 Actors (0.023 secs)
[2016.03.02-20.07.50:552][895]LogActorFactory: Actor Factory created Lobby_haunted
[2016.03.02-20.07.52:266][ 18]LogActorFactory: Actor Factory created Lobby_haunted
[2016.03.02-20.07.53:449][149]LogEditorViewport: Clicking on Actor (context menu): StaticMeshActor (Lobby_haunted)
[2016.03.02-20.08.08:110][676]LogEditorViewport: Clicking on Actor (LMB): StaticMeshActor (Lobby_haunted)
[2016.03.02-20.08.09:816][866]LogEditorViewport: Clicking on Actor (context menu): BP_Sky_Sphere_C (SkySphereBlueprint)
[2016.03.02-20.08.11:504][ 37]LogEditorViewport: Clicking on Actor (LMB): BP_Sky_Sphere_C (SkySphereBlueprint)
[2016.03.02-20.08.11:912][ 80]LogEditorViewport: Clicking on Actor (LMB): StaticMeshActor (Lobby_haunted)
[2016.03.02-20.08.17:121][617]LogEditorViewport: Clicking on Actor (context menu): StaticMeshActor (Lobby_haunted)
[2016.03.02-20.08.27:380][604]Cmd: PIVOT HERE
[2016.03.02-20.08.33:150][166]LogEditorViewport: Clicking on Actor (LMB): StaticMeshActor (Lobby_haunted)
[2016.03.02-20.08.34:682][344]LogEditorViewport: Clicking on Actor (context menu): StaticMeshActor (Lobby_haunted)
[2016.03.02-20.08.41:092][954]Cmd: PIVOT HERE
[2016.03.02-20.11.06:411][ 55]Cmd: TRANSACTION UNDO
[2016.03.02-20.11.06:411][ 55]LogEditorTransaction: Undo Move Actors
[2016.03.02-20.11.09:025][275]LogEditorViewport: Clicking on Actor (LMB): StaticMeshActor (Lobby_haunted)
[2016.03.02-20.11.14:445][820]LogEditorViewport: Clicking on Actor (context menu): StaticMeshActor (Lobby_haunted)
[2016.03.02-20.11.19:201][234]Cmd: PIVOT CENTERSELECTION
[2016.03.02-20.12.47:026][679]LogActorComponent: UnregisterComponent: (/Engine/Transient.PawnSensing_GEN_VARIABLE) Not registered. Aborting.
[2016.03.02-20.13.16:181][151]LogFactory: FactoryCreateBinary: Texture with ReimportTextureFactory (0 0 E:\Users\Mandy\Documents\Substance Painter\exports\Ceiling/Ceiling_Base_Color.png)
[2016.03.02-20.13.18:561][151]LogTexture:Display: Building textures: Ceiling_Base_Color (AutoDXT)
[2016.03.02-20.13.33:584][151]LogFactory: FactoryCreateBinary: Texture with ReimportTextureFactory (0 0 E:\Users\Mandy\Documents\Substance Painter\exports\Ceiling/Ceiling_Height.png)
[2016.03.02-20.13.37:527][151]LogTexture:Display: Building textures: Ceiling_Height (AutoDXT)
[2016.03.02-20.13.44:593][151]LogFactory: FactoryCreateBinary: Texture with ReimportTextureFactory (0 0 E:\Users\Mandy\Documents\Substance Painter\exports\Ceiling/Ceiling_Metallic.png)
[2016.03.02-20.13.44:734][151]LogTexture:Display: Building textures: Ceiling_Metallic (AutoDXT)
[2016.03.02-20.13.47:733][151]LogFactory: FactoryCreateBinary: Texture with ReimportTextureFactory (0 0 E:\Users\Mandy\Documents\Substance Painter\exports\Ceiling/Ceiling_Normal_DirectX.png)
[2016.03.02-20.13.52:824][151]LogTexture:Display: Building textures: Ceiling_Normal_DirectX (BC5)
[2016.03.02-20.13.56:459][151]LogFactory: FactoryCreateBinary: Texture with ReimportTextureFactory (0 0 E:\Users\Mandy\Documents\Substance Painter\exports\Ceiling/Ceiling_Roughness.png)
[2016.03.02-20.13.56:680][151]LogTexture:Display: Building textures: Ceiling_Roughness (AutoDXT)
[2016.03.02-20.14.06:893][151]LogPackageName:Error: DoesPackageExist: DoesPackageExist FAILED: '/Game/Hotel/Art/Textures/Lobby/Columns/' is not a standard unreal filename or a long path name. Reason: Path may not end with a '/'
[2016.03.02-20.14.06:894][151]LogPackageName:Error: DoesPackageExist: DoesPackageExist FAILED: '/Game/Hotel/Art/Textures/Lobby/Columns/' is not a standard unreal filename or a long path name. Reason: Path may not end with a '/'
[2016.03.02-20.14.06:894][151]LogLinker:Warning: Can't find file '/Game/Hotel/Art/Textures/Lobby/Columns/'
[2016.03.02-20.14.06:900][151]LogWindows:Error: Windows GetLastError: The operation completed successfully. (0)
[2016.03.02-20.14.10:080][152]LogCrashTracker: 


[2016.03.02-20.14.10:166][152]LogCrashTracker: 


[2016.03.02-20.14.10:166][152]LogWindows:Error: === Critical error: ===
Assertion failed: GetOuter()==NULL [File:D:\BuildFarm\buildmachine_++depot+UE4-Releases+4.10\Engine\Source\Runtime\CoreUObject\Private\UObject\Package.cpp] [Line: 149] 





[2016.03.02-20.14.10:287][152]LogExit: Executing StaticShutdownAfterError
[2016.03.02-20.14.10:299][152]LogPhysics:Warning: PHYSX: ..\..\PhysX\src\NpScene.cpp (2946) 8 : PxScene::unlockWrite() called without matching call to PxScene::lockWrite(), behaviour will be undefined.
[2016.03.02-20.14.10:300][152]LogPhysics:Warning: PHYSX: ..\..\PhysX\src\NpScene.cpp (2946) 8 : PxScene::unlockWrite() called without matching call to PxScene::lockWrite(), behaviour will be undefined.
[2016.03.02-20.14.10:300][152]LogWindows: FPlatformMisc::RequestExit(1)
[2016.03.02-20.14.10:300][152]Log file closed, 03/02/16 15:14:10
