[2016.03.19-23.44.22:083][  0]Log file open, 03/19/16 19:44:22
[2016.03.19-23.44.22:083][  0]LogInit:Display: Running engine for game: Hotel
[2016.03.19-23.44.22:083][  0]LogPlatformFile: Not using cached read wrapper
[2016.03.19-23.44.22:083][  0]LogInit:Display: RandInit(1765534755) SRandInit(1765534757).
[2016.03.19-23.44.22:083][  0]LogTaskGraph: Started task graph with 4 named threads and 7 total threads.
[2016.03.19-23.44.22:083][  0]LogStats: Stats thread started at 0.404680
[2016.03.19-23.44.22:083][  0]LogInit: Version: 4.10.2-2818068+++depot+UE4-Releases+4.10
[2016.03.19-23.44.22:083][  0]LogInit: API Version: 2758231
[2016.03.19-23.44.22:083][  0]LogInit: Compiled (64-bit): Jan  6 2016 17:36:42
[2016.03.19-23.44.22:083][  0]LogInit: Compiled with Visual C++: 19.00.23026.00
[2016.03.19-23.44.22:083][  0]LogInit: Build Configuration: Development
[2016.03.19-23.44.22:083][  0]LogInit: Branch Name: ++depot+UE4-Releases+4.10
[2016.03.19-23.44.22:083][  0]LogInit: Command line:  
[2016.03.19-23.44.22:083][  0]LogInit: Base directory: C:/Program Files/Epic Games/4.10/Engine/Binaries/Win64/
[2016.03.19-23.44.22:083][  0]LogInit: Rocket: 1
[2016.03.19-23.44.22:114][  0]LogInit: Using libcurl 7.41.0
[2016.03.19-23.44.22:114][  0]LogInit:  - built for x86_64-pc-win32
[2016.03.19-23.44.22:114][  0]LogInit:  - supports SSL with WinSSL
[2016.03.19-23.44.22:114][  0]LogInit:  - other features:
[2016.03.19-23.44.22:114][  0]LogInit:      CURL_VERSION_SSL
[2016.03.19-23.44.22:114][  0]LogInit:      CURL_VERSION_IPV6
[2016.03.19-23.44.22:114][  0]LogInit:      CURL_VERSION_ASYNCHDNS
[2016.03.19-23.44.22:114][  0]LogInit:      CURL_VERSION_LARGEFILE
[2016.03.19-23.44.22:114][  0]LogInit:      CURL_VERSION_IDN
[2016.03.19-23.44.22:114][  0]LogInit:  CurlRequestOptions (configurable via config and command line):
[2016.03.19-23.44.22:114][  0]LogInit:  - bVerifyPeer = true  - Libcurl will verify peer certificate
[2016.03.19-23.44.22:114][  0]LogInit:  - bUseHttpProxy = false  - Libcurl will NOT use HTTP proxy
[2016.03.19-23.44.22:114][  0]LogInit:  - bDontReuseConnections = false  - Libcurl will reuse connections
[2016.03.19-23.44.22:114][  0]LogInit:  - CertBundlePath = nullptr  - Libcurl will use whatever was configured at build time.
[2016.03.19-23.44.22:151][  0]LogInit: Presizing for 0 objects not considered by GC, pre-allocating 0 bytes.
[2016.03.19-23.44.22:151][  0]LogInit: Object subsystem initialized
[2016.03.19-23.44.22:167][  0]LogInit: Selected Device Profile: [Windows]
[2016.03.19-23.44.22:167][  0]LogInit: Applying CVar settings loaded from the selected device profile: [Windows]
[2016.03.19-23.44.22:193][  0]LogInit: Computer: MRRBOND-PC
[2016.03.19-23.44.22:193][  0]LogInit: User: MrrBond
[2016.03.19-23.44.22:193][  0]LogInit: CPU Page size=4096, Cores=4
[2016.03.19-23.44.22:193][  0]LogInit: High frequency timer resolution =3.415988 MHz
[2016.03.19-23.44.22:193][  0]LogMemory: Memory total: Physical=7.9GB (8GB approx)
[2016.03.19-23.44.22:193][  0]LogMemory: Platform Memory Stats for Windows
[2016.03.19-23.44.22:193][  0]LogMemory: Process Physical Memory: 57.70 MB used, 57.70 MB peak
[2016.03.19-23.44.22:193][  0]LogMemory: Process Virtual Memory: 56.80 MB used, 56.80 MB peak
[2016.03.19-23.44.22:193][  0]LogMemory: Physical Memory: 2572.15 MB used, 8134.92 MB total
[2016.03.19-23.44.22:193][  0]LogMemory: Virtual Memory: 383.33 MB used, 134217728.00 MB total
[2016.03.19-23.44.22:402][  0]LogTextLocalizationManager: No specific translations for ('en-US') exist, so ('en') translations will be used.
[2016.03.19-23.44.22:847][  0]LogD3D11RHI: Found D3D11 adapter 0: NVIDIA GeForce GTX 770 (Feature Level 11_0)
[2016.03.19-23.44.22:847][  0]LogD3D11RHI: Adapter has 1989MB of dedicated video memory, 0MB of dedicated system memory, and 4067MB of shared system memory, 1 output[s]
[2016.03.19-23.44.22:849][  0]LogD3D11RHI: Found D3D11 adapter 1: Microsoft Basic Render Driver (Feature Level 11_0)
[2016.03.19-23.44.22:849][  0]LogD3D11RHI: Adapter has 0MB of dedicated video memory, 0MB of dedicated system memory, and 4067MB of shared system memory, 0 output[s]
[2016.03.19-23.44.22:849][  0]LogD3D11RHI: Chosen D3D11 Adapter Id = 0
[2016.03.19-23.44.22:852][  0]LogD3D11RHI: !Direct3DDevice
[2016.03.19-23.44.22:852][  0]LogRHI: Texture pool is 1361 MB (70% of 1945 MB)
[2016.03.19-23.44.22:863][  0]LogD3D11RHI: Async texture creation enabled
[2016.03.19-23.44.22:893][  0]LogShaderCompilers: Guid format shader working directory is -10 characters bigger than the processId version (../../../../../../Users/MrrBond/Documents/GitHub/HotelBete/Intermediate/Shaders/WorkingDirectory/6948/).
[2016.03.19-23.44.22:893][  0]LogShaderCompilers: Cleaned the shader compiler working directory 'C:/Users/MrrBond/AppData/Local/Temp/UnrealShaderWorkingDir/E5A15BA34D2C2BAEEC93E7B016ADCDAD/'.
[2016.03.19-23.44.22:894][  0]LogShaderCompilers:Display: Using Local Shader Compiler.
[2016.03.19-23.44.24:261][  0]LogTemp:Display: Loaded TP AllDesktopTargetPlatform
[2016.03.19-23.44.24:266][  0]LogTemp:Display: Loaded TP WindowsClientTargetPlatform
[2016.03.19-23.44.24:270][  0]LogTemp:Display: Loaded TP WindowsNoEditorTargetPlatform
[2016.03.19-23.44.24:274][  0]LogTemp:Display: Loaded TP WindowsServerTargetPlatform
[2016.03.19-23.44.24:278][  0]LogTemp:Display: Loaded TP WindowsTargetPlatform
[2016.03.19-23.44.24:284][  0]LogTemp:Display: Loaded TP AndroidTargetPlatform
[2016.03.19-23.44.24:286][  0]LogTemp:Display: Loaded TP Android_ASTCTargetPlatform
[2016.03.19-23.44.24:290][  0]LogTemp:Display: Loaded TP Android_ATCTargetPlatform
[2016.03.19-23.44.24:293][  0]LogTemp:Display: Loaded TP Android_DXTTargetPlatform
[2016.03.19-23.44.24:296][  0]LogTemp:Display: Loaded TP Android_ETC1TargetPlatform
[2016.03.19-23.44.24:298][  0]LogTemp:Display: Loaded TP Android_ETC2TargetPlatform
[2016.03.19-23.44.24:306][  0]LogTemp:Display: Loaded TP Android_MultiTargetPlatform
[2016.03.19-23.44.24:306][  0]LogTemp:Display: Loaded TP Android_PVRTCTargetPlatform
[2016.03.19-23.44.24:306][  0]LogTemp:Display: Loaded TP HTML5TargetPlatform
[2016.03.19-23.44.24:341][  0]LogTemp:Display: Loaded TP IOSTargetPlatform
[2016.03.19-23.44.24:344][  0]LogTemp:Display: Loaded TP LinuxNoEditorTargetPlatform
[2016.03.19-23.44.24:346][  0]LogTemp:Display: Loaded TP LinuxServerTargetPlatform
[2016.03.19-23.44.24:351][  0]LogTemp:Display: Loaded TP LinuxTargetPlatform
[2016.03.19-23.44.24:351][  0]LogTargetPlatformManager:Display: Building Assets For Windows
[2016.03.19-23.44.24:600][  0]LogDerivedDataCache:Display: Max Cache Size: 512 MB
[2016.03.19-23.44.24:847][  0]LogDerivedDataCache: Loaded boot cache 0.25s 41MB C:/Users/MrrBond/AppData/Local/UnrealEngine/4.10/DerivedDataCache/Boot.ddc.
[2016.03.19-23.44.24:847][  0]LogDerivedDataCache:Display: Loaded Boot cache: C:/Users/MrrBond/AppData/Local/UnrealEngine/4.10/DerivedDataCache/Boot.ddc
[2016.03.19-23.44.24:847][  0]LogDerivedDataCache: FDerivedDataBackendGraph:  Pak pak cache file ../../../../../../Users/MrrBond/Documents/GitHub/HotelBete/DerivedDataCache/DDC.ddp not found, will not use a pak cache.
[2016.03.19-23.44.24:847][  0]LogDerivedDataCache: Unable to find inner node Pak for hierarchical cache Hierarchy.
[2016.03.19-23.44.24:847][  0]LogDerivedDataCache: FDerivedDataBackendGraph:  CompressedPak pak cache file ../../../../../../Users/MrrBond/Documents/GitHub/HotelBete/DerivedDataCache/Compressed.ddp not found, will not use a pak cache.
[2016.03.19-23.44.24:847][  0]LogDerivedDataCache: Unable to find inner node CompressedPak for hierarchical cache Hierarchy.
[2016.03.19-23.44.24:920][  0]LogDerivedDataCache:Display: Pak cache opened for reading ../../../Engine/DerivedDataCache/Compressed.ddp.
[2016.03.19-23.44.24:933][  0]LogDerivedDataCache: Using Local data cache path C:/Users/MrrBond/AppData/Local/UnrealEngine/Common/DerivedDataCache: Writable
[2016.03.19-23.44.27:092][  0]LogInit: Selected Device Profile: [Windows]
[2016.03.19-23.44.27:098][  0]LogContentStreaming: Texture pool size is 0.000000MB
[2016.03.19-23.44.27:266][  0]LogMeshUtilities: No automatic mesh reduction module available
[2016.03.19-23.44.27:266][  0]LogMeshUtilities: No automatic mesh merging module available
[2016.03.19-23.44.27:739][  0]LogInit: WinSock: version 1.1 (2.2), MaxSocks=32767, MaxUdp=65467
[2016.03.19-23.44.29:764][  0]LogAssetRegistry: FAssetRegistry took 0.0121 seconds to start up
[2016.03.19-23.44.29:788][  0]UdpMessaging: Initializing bridge on interface 0.0.0.0:0 to multicast group 230.0.0.1:6666.
[2016.03.19-23.44.30:248][  0]SourceControl: Info Source control is disabled
[2016.03.19-23.44.30:250][  0]SourceControl: Info Source control is disabled
[2016.03.19-23.44.30:268][  0]SourceControl: Info Source control is disabled
[2016.03.19-23.44.30:284][  0]SourceControl: Info Source control is disabled
[2016.03.19-23.44.30:685][  0]LogObj: 28802 objects as part of root set at end of initial load.
[2016.03.19-23.44.30:685][  0]LogUObjectAllocator: 6129768 out of 0 bytes used by permanent object pool.
[2016.03.19-23.44.30:776][  0]LogEngine: Initializing Engine...
[2016.03.19-23.44.30:779][  0]LogHMD: Can't find Oculus library dev build: is proper Runtime installed? Version: 0.8.0.0
[2016.03.19-23.44.30:789][  0]LogHMD: SteamVR failed to initialize.  Err: 110
[2016.03.19-23.44.30:970][  0]LogAIModule: Creating AISystem for world NewWorld
[2016.03.19-23.44.31:001][  0]LogInit: XAudio2 using 'Speakers (Realtek High Definition Audio)' : 2 channels at 48 kHz using 32 bits per sample (channel mask 0x3)
[2016.03.19-23.44.31:012][  0]LogInit: FAudioDevice initialized.
[2016.03.19-23.44.31:040][  0]LogDerivedDataCache: Saved boot cache 0.03s 41MB C:/Users/MrrBond/AppData/Local/UnrealEngine/4.10/DerivedDataCache/Boot.ddc.
[2016.03.19-23.44.31:048][  0]LogInit: Texture streaming: Enabled
[2016.03.19-23.44.31:055][  0]LogAnalytics: Creating configured Analytics provider AnalyticsET
[2016.03.19-23.44.31:055][  0]LogAnalytics: [UEEditor.Rocket.Release] APIServer = http://et2.epicgames.com/ET2/. AppVersion = 4.10.2-2818068+++depot+UE4-Releases+4.10
[2016.03.19-23.44.31:056][  0]LogAnalytics: [UEEditor.Rocket.Release] SetUserId 70d505b9489753c526a513886a8eb1a2|20388df98dc841109316ca5aa4c25788|5df8a1b8-928f-4cc0-8ccd-f95831ba8036
[2016.03.19-23.44.31:056][  0]LogAnalytics: [UEEditor.Rocket.Release] AnalyticsET::StartSession
[2016.03.19-23.44.31:114][  0]LogInit: Transaction tracking system initialized
[2016.03.19-23.44.31:193][  0]BlueprintLog: New page: Editor Load
[2016.03.19-23.44.31:387][  0]LocalizationService: Info Localization service is disabled
[2016.03.19-23.44.31:537][  0]LogConsoleResponse:Display: 
[2016.03.19-23.44.31:671][  0]LogCook:Display: Done creating registry. It took  0.00s.
[2016.03.19-23.44.31:807][  0]LogFileCache: Scanning file cache for directory 'C:/Users/MrrBond/Documents/GitHub/HotelBete/Content/' took 0.02s
[2016.03.19-23.44.31:807][  0]SourceControl: Info Source control is disabled
[2016.03.19-23.44.31:810][  0]Cmd: MAP LOAD FILE="../../../../../../Users/MrrBond/Documents/GitHub/HotelBete/Content/Hotel/Levels/Menu.umap" TEMPLATE=0 SHOWPROGRESS=1 FEATURELEVEL=3
[2016.03.19-23.44.31:814][  0]LightingResults: New page: Lighting Build
[2016.03.19-23.44.31:827][  0]MapCheck: New page: Map Check
[2016.03.19-23.44.31:827][  0]LightingResults: New page: Lighting Build
[2016.03.19-23.44.31:854][  0]LogParticles: Destroying 0 GPU particle simulations for FXSystem 0x000002E4C022BB00
[2016.03.19-23.44.32:116][  0]LogBlueprint:Warning: USimpleConstructionScript::FixupRootNodeParentReferences() - Couldn't find inherited parent component 'DefaultSceneRoot' for 'Cylinder' in BlueprintGeneratedClass 'REINST_Key_C_21' (it may have been removed)
[2016.03.19-23.44.33:040][  0]LogTexture:Display: Building textures: button_QUIT (BGRA8)
[2016.03.19-23.44.33:213][  0]LogTexture:Display: Building textures: button_CONTROLS (BGRA8)
[2016.03.19-23.44.33:408][  0]LogTexture:Display: Building textures: START_Hover (BGRA8)
[2016.03.19-23.44.33:417][  0]LogTexture:Display: Building textures: QUIT_Hover (BGRA8)
[2016.03.19-23.44.33:432][  0]LogTexture:Display: Building textures: CONTROLS_Hover (BGRA8)
[2016.03.19-23.44.33:458][  0]LogTexture:Display: Building textures: button_START (BGRA8)
[2016.03.19-23.44.33:653][  0]LogTexture:Display: Building textures: fog (AutoDXT)
[2016.03.19-23.44.34:138][  0]LogMaterial: Missing cached shader map for material fog_Mat, compiling. 
[2016.03.19-23.44.34:176][  0]LogAIModule: Creating AISystem for world Menu
[2016.03.19-23.44.34:183][  0]LogEditorServer: Finished looking for orphan Actors (0.000 secs)
[2016.03.19-23.44.34:188][  0]Cmd: MAP CHECKDEP NOCLEARLOG
[2016.03.19-23.44.34:265][  0]MapCheck: Info Map check complete: 0 Error(s), 0 Warning(s), took 77.53ms to complete.
[2016.03.19-23.44.34:266][  0]LogFileHelpers: Loading map 'Menu' took 2.458
[2016.03.19-23.44.34:479][  0]LogCollectionManager: Loaded 0 collections in 0.002242 seconds
[2016.03.19-23.44.34:553][  0]LogFileCache: Scanning file cache for directory 'C:/Users/MrrBond/Documents/GitHub/HotelBete/Saved/Collections/' took 0.01s
[2016.03.19-23.44.34:553][  0]LogFileCache: Scanning file cache for directory 'C:/Users/MrrBond/Documents/GitHub/HotelBete/Content/Developers/MrrBond/Collections/' took 0.01s
[2016.03.19-23.44.34:553][  0]LogFileCache: Scanning file cache for directory 'C:/Users/MrrBond/Documents/GitHub/HotelBete/Content/Collections/' took 0.01s
[2016.03.19-23.44.34:553][  0]LogCollectionManager: Rebuilt the GUID cache for 0 collections in 0.000001 seconds
[2016.03.19-23.44.34:563][  0]LogContentBrowser: Native class hierarchy populated in 0.0083 seconds. Added 1908 classes and 344 folders.
[2016.03.19-23.44.34:584][  0]LogContentBrowser: Native class hierarchy updated for 'WidgetCarousel' in 0.0004 seconds. Added 0 classes and 0 folders.
[2016.03.19-23.44.34:881][  0]LogContentBrowser: Native class hierarchy updated for 'AddContentDialog' in 0.0005 seconds. Added 0 classes and 0 folders.
[2016.03.19-23.44.34:893][  0]LogContentBrowser: Native class hierarchy updated for 'SceneOutliner' in 0.0004 seconds. Added 1 classes and 2 folders.
[2016.03.19-23.44.34:959][  0]LogCrashTracker: Crashtracker disabled due to settings.
[2016.03.19-23.44.34:985][  0]LogUObjectGlobals:Warning: Failed to find object 'Class None.'
[2016.03.19-23.44.35:012][  0]LogLoad: Full Startup: 14.17 seconds (BP compile: 0.33 seconds)
[2016.03.19-23.44.35:356][  0]LogOcInput: Can't find Oculus library dev build: is proper Runtime installed? Version: 0.8.0.0
[2016.03.19-23.44.35:495][  0]LogContentStreaming: Texture pool size now 1000 MB
[2016.03.19-23.44.35:657][  0]LogRenderer: Reallocating scene render targets to support 1208x572 (Frame:2).
[2016.03.19-23.44.37:767][  7]LogAssetRegistry: Asset discovery search completed in 8.0143 seconds
[2016.03.19-23.44.37:768][  7]LogCollectionManager: Rebuilt the object cache for 0 collections in 0.000001 seconds (found 0 objects)
[2016.03.19-23.44.37:768][  7]LogCollectionManager: Fixed up redirectors for 0 collections in 0.000784 seconds (updated 0 objects)
[2016.03.19-23.44.55:970][917]LogLinker:Warning: Can't find file '/Game/StarterContent/Textures/skydome_hdri___brooding_clouds_by_ardak-d5zjabh'
[2016.03.19-23.44.55:970][917]LogLinker:Warning: Can't find file for asset '/Game/StarterContent/Textures/skydome_hdri___brooding_clouds_by_ardak-d5zjabh' while loading ../../../Engine/Content/EngineSky/M_Sky_Panning_Clouds2.uasset.
[2016.03.19-23.44.55:970][917]LoadErrors:Error: Error /Engine/EngineSky/M_Sky_Panning_Clouds2 : Can't find file for asset. /Game/StarterContent/Textures/skydome_hdri___brooding_clouds_by_ardak-d5zjabh
[2016.03.19-23.44.55:970][917]LogLinker:Warning: Can't find file '/Game/StarterContent/Textures/skydome_hdri___brooding_clouds_by_ardak-d5zjabh'
[2016.03.19-23.44.55:970][917]LogLinker:Warning: Can't find file for asset '/Game/StarterContent/Textures/skydome_hdri___brooding_clouds_by_ardak-d5zjabh' while loading ../../../Engine/Content/EngineSky/M_Sky_Panning_Clouds2.uasset.
[2016.03.19-23.44.56:566][917]LogLinker:Warning: Can't find file '/Game/StarterContent/Textures/skydome_hdri___brooding_clouds_by_ardak-d5zjabh'
[2016.03.19-23.44.56:567][917]LoadErrors: Info Failed to load /Game/StarterContent/Textures/skydome_hdri___brooding_clouds_by_ardak-d5zjabh.skydome_hdri___brooding_clouds_by_ardak-d5zjabh Referenced by MaterialExpressionTextureSample_0
[2016.03.19-23.44.56:567][917]LogLinker:Warning: Can't find file for asset '/Game/StarterContent/Textures/skydome_hdri___brooding_clouds_by_ardak-d5zjabh' while loading NULL.
[2016.03.19-23.44.56:670][917]LogTexture:Display: Building textures: Columns_AmbientOcclusion (AutoDXT)
[2016.03.19-23.44.56:880][917]LogMaterial: Missing cached shader map for material Columns, compiling. 
[2016.03.19-23.44.56:943][917]LogTexture:Display: Building textures: lambert2_Roughness (AutoDXT)
[2016.03.19-23.44.58:869][917]LogTexture:Display: Building textures: lambert2_Normal_DirectX (BC5)
[2016.03.19-23.44.59:374][917]LogTexture:Display: Building textures: lambert2_Metallic (AutoDXT)
[2016.03.19-23.44.59:883][917]LogTexture:Display: Building textures: lambert2_Base_Color (AutoDXT)
[2016.03.19-23.45.03:385][917]LogTexture:Display: Building textures: guest_floor_haunted_lambert2_AmbientOcclusion (AutoDXT)
[2016.03.19-23.45.04:117][917]LogMaterial: Missing cached shader map for material Ceiling, compiling. 
[2016.03.19-23.45.04:122][917]LogStaticMesh: Building static mesh guest_floor_haunted...
[2016.03.19-23.45.06:545][917]LogStaticMesh: Built static mesh [2.423232.2s] /Game/Hotel/Art/Models/Guest_Floor/guest_floor_haunted.guest_floor_haunted
[2016.03.19-23.45.06:795][917]LogTexture:Display: Building textures: HQ_Lightmap0_10 (AutoDXT)
[2016.03.19-23.45.06:831][917]LogTexture:Display: Building textures: HQ_Lightmap0_3 (AutoDXT)
[2016.03.19-23.45.07:180][917]LogTexture:Display: Building textures: HQ_Lightmap0_8 (AutoDXT)
[2016.03.19-23.45.07:228][917]LogTexture:Display: Building textures: HQ_Lightmap1_1 (AutoDXT)
[2016.03.19-23.45.07:623][917]LogTexture:Display: Building textures: HQ_Lightmap1_2 (AutoDXT)
[2016.03.19-23.45.08:059][917]LogTexture:Display: Building textures: HQ_Lightmap1_4 (AutoDXT)
[2016.03.19-23.45.08:489][917]LogTexture:Display: Building textures: HQ_Lightmap1_5 (AutoDXT)
[2016.03.19-23.45.08:498][917]LogTexture:Display: Building textures: HQ_Lightmap1_6 (AutoDXT)
[2016.03.19-23.45.08:508][917]LogTexture:Display: Building textures: HQ_Lightmap1_7 (AutoDXT)
[2016.03.19-23.45.08:514][917]LogTexture:Display: Building textures: HQ_Lightmap1_9 (AutoDXT)
[2016.03.19-23.45.08:521][917]LogTexture:Display: Building textures: LQ_Lightmap_0_10 (DXT1)
[2016.03.19-23.45.08:557][917]LogTexture:Display: Building textures: LQ_Lightmap_0_3 (DXT1)
[2016.03.19-23.45.08:753][917]LogTexture:Display: Building textures: LQ_Lightmap_0_8 (DXT1)
[2016.03.19-23.45.08:797][917]LogTexture:Display: Building textures: LQ_Lightmap_1_1 (DXT1)
[2016.03.19-23.45.09:019][917]LogTexture:Display: Building textures: LQ_Lightmap_1_2 (DXT1)
[2016.03.19-23.45.09:241][917]LogTexture:Display: Building textures: LQ_Lightmap_1_4 (DXT1)
[2016.03.19-23.45.09:438][917]LogTexture:Display: Building textures: LQ_Lightmap_1_5 (DXT1)
[2016.03.19-23.45.09:440][917]LogTexture:Display: Building textures: LQ_Lightmap_1_6 (DXT1)
[2016.03.19-23.45.09:452][917]LogTexture:Display: Building textures: LQ_Lightmap_1_7 (DXT1)
[2016.03.19-23.45.09:456][917]LogTexture:Display: Building textures: LQ_Lightmap_1_9 (DXT1)
[2016.03.19-23.45.09:458][917]LogTexture:Display: Building textures: SkyOcclusion0_10 (AutoDXT)
[2016.03.19-23.45.09:476][917]LogTexture:Display: Building textures: SkyOcclusion0_3 (AutoDXT)
[2016.03.19-23.45.09:643][917]LogTexture:Display: Building textures: SkyOcclusion0_8 (AutoDXT)
[2016.03.19-23.45.09:670][917]LogTexture:Display: Building textures: SkyOcclusion1_1 (AutoDXT)
[2016.03.19-23.45.09:846][917]LogTexture:Display: Building textures: SkyOcclusion1_2 (AutoDXT)
[2016.03.19-23.45.10:059][917]LogTexture:Display: Building textures: SkyOcclusion1_4 (AutoDXT)
[2016.03.19-23.45.10:372][917]LogTexture:Display: Building textures: SkyOcclusion1_5 (AutoDXT)
[2016.03.19-23.45.10:376][917]LogTexture:Display: Building textures: SkyOcclusion1_6 (AutoDXT)
[2016.03.19-23.45.10:384][917]LogTexture:Display: Building textures: SkyOcclusion1_7 (AutoDXT)
[2016.03.19-23.45.10:393][917]LogTexture:Display: Building textures: SkyOcclusion1_9 (AutoDXT)
[2016.03.19-23.45.10:405][917]LogMaterial: Missing cached shader map for material M_Sky_Panning_Clouds2, compiling. 
[2016.03.19-23.45.10:405][917]LogMaterial:Warning: Failed to compile Material /Engine/EngineSky/M_Sky_Panning_Clouds2.M_Sky_Panning_Clouds2 for platform PCD3D_SM5, Default Material will be used in game.
[2016.03.19-23.45.10:405][917]LogMaterial:Warning: 	(Node TextureSample) TextureSample> Missing input texture
[2016.03.19-23.45.10:417][917]LogTexture:Display: Building textures: ShadowMapTexture2D_29 (G8)
[2016.03.19-23.45.10:490][917]LogTexture:Display: Building textures: ShadowMapTexture2D_30 (G8)
[2016.03.19-23.45.10:562][917]LogTexture:Display: Building textures: ShadowMapTexture2D_31 (G8)
[2016.03.19-23.45.10:637][917]LogTexture:Display: Building textures: ShadowMapTexture2D_32 (G8)
[2016.03.19-23.45.10:702][917]LogTexture:Display: Building textures: ShadowMapTexture2D_33 (G8)
[2016.03.19-23.45.10:703][917]LogTexture:Display: Building textures: ShadowMapTexture2D_34 (BGRA8)
[2016.03.19-23.45.10:703][917]LogTexture:Display: Building textures: ShadowMapTexture2D_35 (BGRA8)
[2016.03.19-23.45.10:704][917]LogTexture:Display: Building textures: ShadowMapTexture2D_36 (BGRA8)
[2016.03.19-23.45.10:704][917]LogTexture:Display: Building textures: ShadowMapTexture2D_37 (G8)
[2016.03.19-23.45.10:705][917]LogTexture:Display: Building textures: ShadowMapTexture2D_38 (G8)
[2016.03.19-23.45.10:819][917]LogMaterial: Missing cached shader map for material GhostRefraction, compiling. 
[2016.03.19-23.45.10:850][917]LogTexture:Display: Building textures: Doors_AmbientOcclusion (AutoDXT)
[2016.03.19-23.45.11:284][917]LogMaterial: Missing cached shader map for material Doors, compiling. 
[2016.03.19-23.45.11:715][917]LogTexture:Display: Building textures: Floor_AmbientOcclusion (AutoDXT)
[2016.03.19-23.45.16:296][917]LogTexture:Display: Building textures: Floor_Base_Color (AutoDXT)
[2016.03.19-23.45.25:893][917]LogTexture:Display: Building textures: Floor_Normal_DirectX (BC5)
[2016.03.19-23.45.27:995][917]LogTexture:Display: Building textures: Floor_Roughness (AutoDXT)
[2016.03.19-23.45.32:447][917]LogMaterial: Missing cached shader map for material Floor, compiling. 
[2016.03.19-23.45.32:559][917]LogTexture:Display: Building textures: Frames_Normal_DirectX (BC5)
[2016.03.19-23.45.32:728][917]LogTexture:Display: Building textures: Frames_Base_Color (AutoDXT)
[2016.03.19-23.45.33:194][917]LogTexture:Display: Building textures: Frames_AmbientOcclusion (AutoDXT)
[2016.03.19-23.45.33:485][917]LogTexture:Display: Building textures: Frames_Roughness (AutoDXT)
[2016.03.19-23.45.33:726][917]LogMaterial: Missing cached shader map for material Frames, compiling. 
[2016.03.19-23.45.33:834][917]LogTexture:Display: Building textures: Railing_AmbientOcclusion (AutoDXT)
[2016.03.19-23.45.34:141][917]LogTexture:Display: Building textures: Railing_Base_Color (AutoDXT)
[2016.03.19-23.45.34:742][917]LogTexture:Display: Building textures: Railing_Normal_DirectX (BC5)
[2016.03.19-23.45.34:909][917]LogTexture:Display: Building textures: Railing_Roughness (AutoDXT)
[2016.03.19-23.45.35:216][917]LogMaterial: Missing cached shader map for material Railing, compiling. 
[2016.03.19-23.45.35:228][917]LogMaterial: Missing cached shader map for material Material__39, compiling. 
[2016.03.19-23.45.35:457][917]LogTexture:Display: Building textures: Walls_Roughness (AutoDXT)
[2016.03.19-23.45.40:587][917]LogTexture:Display: Building textures: Walls_Normal_DirectX (BC5)
[2016.03.19-23.45.42:968][917]LogTexture:Display: Building textures: Walls_AmbientOcclusion (AutoDXT)
[2016.03.19-23.45.48:415][917]LogTexture:Display: Building textures: Walls_Base_Color (AutoDXT)
[2016.03.19-23.45.58:089][917]LogTexture:Display: Building textures: Walls_Base_Color_Alpha (AutoDXT)
[2016.03.19-23.46.07:056][917]LogMaterial: Missing cached shader map for material Walls, compiling. 
[2016.03.19-23.46.07:104][917]LogTexture:Display: Building textures: Windows_Base_Color (AutoDXT)
[2016.03.19-23.46.07:787][917]LogTexture:Display: Building textures: Windows_AmbientOcclusion (AutoDXT)
[2016.03.19-23.46.08:195][917]LogTexture:Display: Building textures: Windows_Metallic (AutoDXT)
[2016.03.19-23.46.08:658][917]LogTexture:Display: Building textures: Windows_Normal_DirectX (BC5)
[2016.03.19-23.46.08:777][917]LogTexture:Display: Building textures: Windows_Roughness (AutoDXT)
[2016.03.19-23.46.09:048][917]LogMaterial: Missing cached shader map for material Windows, compiling. 
[2016.03.19-23.46.09:085][917]LogMaterial: Missing cached shader map for material GuestFloor, compiling. 
[2016.03.19-23.46.09:086][917]LogMaterial:Warning: Failed to compile Material /Game/Hotel/Art/Models/Guest_Floor/Old/GuestFloor.GuestFloor for platform PCD3D_SM5, Default Material will be used in game.
[2016.03.19-23.46.09:086][917]LogMaterial:Warning: 	(Node TextureSample) TextureSample> Missing input texture
[2016.03.19-23.46.09:088][917]LogMaterial: Missing cached shader map for material Columns, compiling. 
[2016.03.19-23.46.09:088][917]LogMaterial:Warning: Failed to compile Material /Game/Hotel/Art/Models/Guest_Floor/Old/Columns.Columns for platform PCD3D_SM5, Default Material will be used in game.
[2016.03.19-23.46.09:088][917]LogMaterial:Warning: 	(Node TextureSample) TextureSample> Missing input texture
[2016.03.19-23.46.09:196][917]LogTexture:Display: Building textures: 1_Pickwick (BGRA8)
[2016.03.19-23.46.09:283][917]LogTexture:Display: Building textures: 5_Great_expect (BGRA8)
[2016.03.19-23.46.09:305][917]LogTexture:Display: Building textures: 4_Tale_TwoCities (BGRA8)
[2016.03.19-23.46.09:326][917]LogTexture:Display: Building textures: 3_David_copper (BGRA8)
[2016.03.19-23.46.09:346][917]LogTexture:Display: Building textures: 2_Oliver_Twist (BGRA8)
[2016.03.19-23.46.09:369][917]LogTexture:Display: Building textures: 5_Great_Expect_OUT (BGRA8)
[2016.03.19-23.46.09:412][917]LogTexture:Display: Building textures: 4_Tale_TwoCites_OUT (BGRA8)
[2016.03.19-23.46.09:455][917]LogTexture:Display: Building textures: 3_David_Copper_OUT (BGRA8)
[2016.03.19-23.46.09:494][917]LogTexture:Display: Building textures: 2_Oliver_Twist_OUT (BGRA8)
[2016.03.19-23.46.09:532][917]LogTexture:Display: Building textures: 1_Pickwick_OUT (BGRA8)
[2016.03.19-23.46.09:622][917]LogTexture:Display: Building textures: BOOKSHELF_BKGRND (AutoDXT)
[2016.03.19-23.46.12:267][917]LogAIModule: Creating AISystem for world World
[2016.03.19-23.46.12:272][917]LogParticles:Warning: InitializeSystem called on an unregistered component. Template=/Game/StarterContent/Particles/Breath.Breath Component=/Game/Hotel/Levels/World.World:PersistentLevel.Breath.ParticleSystemComponent0
[2016.03.19-23.46.12:281][917]LogParticles:Warning: InitializeSystem called on an unregistered component. Template=/Game/StarterContent/Particles/ItemMarker.ItemMarker Component=/Game/Hotel/Levels/World.World:PersistentLevel.ItemMarker.ParticleSystemComponent0
[2016.03.19-23.46.12:281][917]LogParticles:Warning: InitializeSystem called on an unregistered component. Template=/Game/StarterContent/Particles/Dust.Dust Component=/Game/Hotel/Levels/World.World:PersistentLevel.Dust_2.ParticleSystemComponent0
[2016.03.19-23.46.12:281][917]LogParticles:Warning: InitializeSystem called on an unregistered component. Template=/Game/StarterContent/Particles/Fog_Steam.Fog_Steam Component=/Game/Hotel/Levels/World.World:PersistentLevel.Fog_Steam2.ParticleSystemComponent0
[2016.03.19-23.46.12:281][917]LogParticles:Warning: InitializeSystem called on an unregistered component. Template=/Game/StarterContent/Particles/Fog_Steam.Fog_Steam Component=/Game/Hotel/Levels/World.World:PersistentLevel.Fog_Steam3.ParticleSystemComponent0
[2016.03.19-23.46.12:386][917]Cmd: MAP LOAD FILE="../../../../../../Users/MrrBond/Documents/GitHub/HotelBete/Content/Hotel/Levels/World.umap" TEMPLATE=0 SHOWPROGRESS=1 FEATURELEVEL=3
[2016.03.19-23.46.12:386][917]LightingResults: New page: Lighting Build
[2016.03.19-23.46.12:399][917]LoadErrors: New page: Loading map: World.umap
[2016.03.19-23.46.12:401][917]MapCheck: New page: Map Check
[2016.03.19-23.46.12:401][917]LightingResults: New page: Lighting Build
[2016.03.19-23.46.12:414][917]LogParticles: Destroying 0 GPU particle simulations for FXSystem 0x000002E4C58FBE20
[2016.03.19-23.46.12:492][917]LogEditorServer: Finished looking for orphan Actors (0.000 secs)
[2016.03.19-23.46.12:523][917]Cmd: MAP CHECKDEP NOCLEARLOG
[2016.03.19-23.46.12:609][917]MapCheck: Info Map check complete: 0 Error(s), 0 Warning(s), took 85.369ms to complete.
[2016.03.19-23.46.12:609][917]LogFileHelpers: Loading map 'World' took 0.227
[2016.03.19-23.46.12:618][917]LoadErrors:Error: Error /Game/FirstPersonBP/Blueprints/Enemy : Failed import for Enemy_C /Game/Hotel/Blueprints/Enemies/Enemy.Default__Enemy_C [redirection] in /Game/FirstPersonBP/Blueprints/Enemy
[2016.03.19-23.46.47:942][437]LogBlueprintUserMessages: Early PlayInEditor Detection: Level '/Game/Hotel/Levels/World.World:PersistentLevel' has LevelScriptBlueprint '/Game/Hotel/Levels/World.World:PersistentLevel.World' with GeneratedClass '/Game/Hotel/Levels/World.World_C' with ClassGeneratedBy '/Game/Hotel/Levels/World.World:PersistentLevel.World'
[2016.03.19-23.46.47:943][437]LogPlayLevel: PlayLevel: No blueprints needed recompiling
[2016.03.19-23.46.47:944][437]PIE: New page: PIE session: World (Mar 19, 2016, 3:46:47 PM)
[2016.03.19-23.46.47:945][437]LogPlayLevel: Creating play world package: /Game/Hotel/Levels/UEDPIE_0_World
[2016.03.19-23.46.47:973][437]LogPlayLevel: PIE: StaticDuplicateObject took: (0.027716s)
[2016.03.19-23.46.47:973][437]LogAIModule: Creating AISystem for world World
[2016.03.19-23.46.47:973][437]LogPlayLevel: PIE: World Init took: (0.000836s)
[2016.03.19-23.46.47:974][437]LogPlayLevel: PIE: Created PIE world by copying editor world from /Game/Hotel/Levels/World.World to /Game/Hotel/Levels/UEDPIE_0_World.World (0.029185s)
[2016.03.19-23.46.47:999][437]LogInit: XAudio2 using 'Speakers (Realtek High Definition Audio)' : 2 channels at 48 kHz using 32 bits per sample (channel mask 0x3)
[2016.03.19-23.46.48:007][437]LogInit: FAudioDevice initialized.
[2016.03.19-23.46.48:160][437]LogWorld: Game class is 'FirstPersonGameMode_C'
[2016.03.19-23.46.48:173][437]LogWorld: Bringing World /Game/Hotel/Levels/UEDPIE_0_World.World up for play (max tick rate 0) at 2016.03.19-19.46.48
[2016.03.19-23.46.48:173][437]LogActor:Warning: GameSession /Game/Hotel/Levels/UEDPIE_0_World.World:PersistentLevel.GameSession_0 has natively added scene component(s), but none of them were set as the actor's RootComponent - picking one arbitrarily
[2016.03.19-23.46.48:174][437]LogActor:Warning: GameNetworkManager /Game/Hotel/Levels/UEDPIE_0_World.World:PersistentLevel.GameNetworkManager_0 has natively added scene component(s), but none of them were set as the actor's RootComponent - picking one arbitrarily
[2016.03.19-23.46.48:183][437]LogWorld: Bringing up level for play took: 0.016616
[2016.03.19-23.46.48:211][437]PIE: Info Play in editor start time for /Game/Hotel/Levels/UEDPIE_0_World 1.014
[2016.03.19-23.46.48:211][437]LogBlueprintUserMessages: Late PlayInEditor Detection: Level '/Game/Hotel/Levels/World.World:PersistentLevel' has LevelScriptBlueprint '/Game/Hotel/Levels/World.World:PersistentLevel.World' with GeneratedClass '/Game/Hotel/Levels/World.World_C' with ClassGeneratedBy '/Game/Hotel/Levels/World.World:PersistentLevel.World'
[2016.03.19-23.46.48:230][438]LogRenderer: Reallocating scene render targets to support 1280x720 (Frame:3398).
[2016.03.19-23.47.08:795][884]LogBlueprintUserMessages: Early EndPlayMap Detection: Level '/Game/Hotel/Levels/World.World:PersistentLevel' has LevelScriptBlueprint '/Game/Hotel/Levels/World.World:PersistentLevel.World' with GeneratedClass '/Game/Hotel/Levels/World.World_C' with ClassGeneratedBy '/Game/Hotel/Levels/World.World:PersistentLevel.World'
[2016.03.19-23.47.08:839][884]LogBlueprintUserMessages: Late EndPlayMap Detection: Level '/Game/Hotel/Levels/World.World:PersistentLevel' has LevelScriptBlueprint '/Game/Hotel/Levels/World.World:PersistentLevel.World' with GeneratedClass '/Game/Hotel/Levels/World.World_C' with ClassGeneratedBy '/Game/Hotel/Levels/World.World:PersistentLevel.World'
[2016.03.19-23.47.08:855][884]LogParticles: Destroying 0 GPU particle simulations for FXSystem 0x000002E4CC310E00
[2016.03.19-23.49.43:018][340]LogBlueprintUserMessages: Early PlayInEditor Detection: Level '/Game/Hotel/Levels/World.World:PersistentLevel' has LevelScriptBlueprint '/Game/Hotel/Levels/World.World:PersistentLevel.World' with GeneratedClass '/Game/Hotel/Levels/World.World_C' with ClassGeneratedBy '/Game/Hotel/Levels/World.World:PersistentLevel.World'
[2016.03.19-23.49.43:018][340]LogPlayLevel: PlayLevel: No blueprints needed recompiling
[2016.03.19-23.49.43:018][340]PIE: New page: PIE session: World (Mar 19, 2016, 3:49:43 PM)
[2016.03.19-23.49.43:018][340]LogPlayLevel: Creating play world package: /Game/Hotel/Levels/UEDPIE_0_World
[2016.03.19-23.49.43:044][340]LogPlayLevel: PIE: StaticDuplicateObject took: (0.025623s)
[2016.03.19-23.49.43:044][340]LogAIModule: Creating AISystem for world World
[2016.03.19-23.49.43:045][340]LogPlayLevel: PIE: World Init took: (0.000903s)
[2016.03.19-23.49.43:045][340]LogPlayLevel: PIE: Created PIE world by copying editor world from /Game/Hotel/Levels/World.World to /Game/Hotel/Levels/UEDPIE_0_World.World (0.026771s)
[2016.03.19-23.49.43:069][340]LogInit: XAudio2 using 'Speakers (Realtek High Definition Audio)' : 2 channels at 48 kHz using 32 bits per sample (channel mask 0x3)
[2016.03.19-23.49.43:077][340]LogInit: FAudioDevice initialized.
[2016.03.19-23.49.43:146][340]LogWorld: Game class is 'FirstPersonGameMode_C'
[2016.03.19-23.49.43:153][340]LogWorld: Bringing World /Game/Hotel/Levels/UEDPIE_0_World.World up for play (max tick rate 0) at 2016.03.19-19.49.43
[2016.03.19-23.49.43:153][340]LogActor:Warning: GameSession /Game/Hotel/Levels/UEDPIE_0_World.World:PersistentLevel.GameSession_1 has natively added scene component(s), but none of them were set as the actor's RootComponent - picking one arbitrarily
[2016.03.19-23.49.43:153][340]LogActor:Warning: GameNetworkManager /Game/Hotel/Levels/UEDPIE_0_World.World:PersistentLevel.GameNetworkManager_1 has natively added scene component(s), but none of them were set as the actor's RootComponent - picking one arbitrarily
[2016.03.19-23.49.43:154][340]LogWorld: Bringing up level for play took: 0.007384
[2016.03.19-23.49.43:170][340]PIE: Info Play in editor start time for /Game/Hotel/Levels/UEDPIE_0_World -0.026
[2016.03.19-23.49.43:170][340]LogBlueprintUserMessages: Late PlayInEditor Detection: Level '/Game/Hotel/Levels/World.World:PersistentLevel' has LevelScriptBlueprint '/Game/Hotel/Levels/World.World:PersistentLevel.World' with GeneratedClass '/Game/Hotel/Levels/World.World_C' with ClassGeneratedBy '/Game/Hotel/Levels/World.World:PersistentLevel.World'
[2016.03.19-23.49.52:146][393]LogBlueprintUserMessages: Early EndPlayMap Detection: Level '/Game/Hotel/Levels/World.World:PersistentLevel' has LevelScriptBlueprint '/Game/Hotel/Levels/World.World:PersistentLevel.World' with GeneratedClass '/Game/Hotel/Levels/World.World_C' with ClassGeneratedBy '/Game/Hotel/Levels/World.World:PersistentLevel.World'
[2016.03.19-23.49.52:186][393]LogBlueprintUserMessages: Late EndPlayMap Detection: Level '/Game/Hotel/Levels/World.World:PersistentLevel' has LevelScriptBlueprint '/Game/Hotel/Levels/World.World:PersistentLevel.World' with GeneratedClass '/Game/Hotel/Levels/World.World_C' with ClassGeneratedBy '/Game/Hotel/Levels/World.World:PersistentLevel.World'
[2016.03.19-23.49.52:221][394]LogParticles: Destroying 0 GPU particle simulations for FXSystem 0x000002E5070DB2E0
[2016.03.19-23.50.27:011][523]LogEditorViewport: Clicking on Actor (LMB): StaticMeshActor (guest_floor_haunted)
[2016.03.19-23.50.27:953][618]LogEditorViewport: Clicking on Actor (LMB): StaticMeshActor (Lobby_haunted2)
[2016.03.19-23.50.30:269][890]LogEditorViewport: Clicking on Actor (CTRL LMB): StaticMeshActor (guest_floor_haunted)
[2016.03.19-23.50.42:142][300]LogEditorViewport: Clicking on Actor (LMB): Emitter (Fog_Steam2)
[2016.03.19-23.50.43:925][510]LogEditorViewport: Clicking on Actor (LMB): BP_Sky_Sphere_C (SkySphereBlueprint)
[2016.03.19-23.50.47:548][939]LogEditorViewport: Clicking on Actor (LMB): Emitter (Fog_Steam2)
[2016.03.19-23.50.48:639][ 67]LogEditorViewport: Clicking on Actor (LMB): GhostRoomBoundary_C (GhostRoom1)
[2016.03.19-23.50.53:457][638]LogEditorViewport: Clicking on Actor (LMB): TargetPoint (TargetPoint)
[2016.03.19-23.50.59:951][405]Cmd: TRANSACTION UNDO
[2016.03.19-23.50.59:951][405]LogEditorTransaction: Undo Clicking on Actors
[2016.03.19-23.51.00:273][433]Cmd: TRANSACTION UNDO
[2016.03.19-23.51.00:273][433]LogEditorTransaction: Undo Clicking on Actors
[2016.03.19-23.51.00:946][502]Cmd: TRANSACTION UNDO
[2016.03.19-23.51.00:946][502]LogEditorTransaction: Undo Clicking on Actors
[2016.03.19-23.51.01:279][541]Cmd: TRANSACTION UNDO
[2016.03.19-23.51.01:279][541]LogEditorTransaction: Undo Clicking on Actors
[2016.03.19-23.51.01:617][580]Cmd: TRANSACTION UNDO
[2016.03.19-23.51.01:617][580]LogEditorTransaction: Undo Clicking on Actors
[2016.03.19-23.51.02:009][625]Cmd: TRANSACTION UNDO
[2016.03.19-23.51.02:009][625]LogEditorTransaction: Undo Move Actors
[2016.03.19-23.51.10:667][644]LogEditorViewport: Clicking on Actor (CTRL LMB): StaticMeshActor (Cube)
[2016.03.19-23.51.13:276][953]LogEditorViewport: Clicking on Actor (CTRL LMB): NavMeshBoundsVolume (NavMeshBoundsVolume)
[2016.03.19-23.51.23:230][123]Cmd: TRANSACTION UNDO
[2016.03.19-23.51.23:230][123]LogEditorTransaction: Undo Clicking on Actors
[2016.03.19-23.51.30:931][ 22]Cmd: TRANSACTION UNDO
[2016.03.19-23.51.30:931][ 22]LogEditorTransaction: Undo Clicking on Actors
[2016.03.19-23.52.28:071][701]LogEditorViewport: Clicking on Actor (LMB): Ghost_C (GhostEncounter1)
[2016.03.19-23.52.49:613][259]LogEditorViewport: Clicking on Actor (LMB): StaticMeshActor (guest_floor_haunted)
[2016.03.19-23.52.49:683][264]LogEditorViewport: Clicking on Component (LMB): StaticMeshComponent (StaticMeshComponent0)
[2016.03.19-23.52.50:430][352]LogEditorViewport: Clicking on Actor (LMB): Ghost_C (GhostEncounter1)
[2016.03.19-23.52.56:911][120]LogEditorViewport: Clicking on Actor (LMB): BP_Sky_Sphere_C (SkySphereBlueprint)
[2016.03.19-23.52.59:865][468]LogEditorViewport: Clicking on Actor (LMB): Emitter (Fog_Steam2)
[2016.03.19-23.53.01:243][630]LogEditorViewport: Clicking on Actor (LMB): BP_Sky_Sphere_C (SkySphereBlueprint)
[2016.03.19-23.53.01:990][717]LogEditorViewport: Clicking on Actor (LMB): Emitter (Fog_Steam2)
[2016.03.19-23.53.06:818][286]LogEditorViewport: Clicking on Actor (CTRL LMB): PointLight (PointLight3)
[2016.03.19-23.53.08:160][445]LogEditorViewport: Clicking on Actor (CTRL LMB): Emitter (Fog_Steam3)
[2016.03.19-23.53.11:058][789]LogEditorViewport: Clicking on Actor (CTRL LMB): BP_Sky_Sphere_C (SkySphereBlueprint)
[2016.03.19-23.53.13:564][ 84]LogEditorViewport: Clicking on Actor (LMB): Emitter (Fog_Steam3)
[2016.03.19-23.53.14:353][176]LogEditorViewport: Clicking on Actor (LMB): BP_Sky_Sphere_C (SkySphereBlueprint)
[2016.03.19-23.53.16:294][403]LogEditorViewport: Clicking on Actor (LMB): Emitter (Fog_Steam3)
[2016.03.19-23.53.17:263][516]LogEditorViewport: Clicking on Actor (LMB): Emitter (Fog_Steam3)
[2016.03.19-23.53.19:766][813]LogEditorViewport: Clicking on Actor (LMB): Emitter (Dust)
[2016.03.19-23.53.21:767][ 48]LogEditorViewport: Clicking on Actor (CTRL LMB): Emitter (Fog_Steam3)
[2016.03.19-23.53.23:494][253]LogEditorViewport: Clicking on Actor (CTRL LMB): PointLight (PointLight3)
[2016.03.19-23.53.24:918][422]LogEditorViewport: Clicking on Actor (CTRL LMB): PointLight (PointLight2)
[2016.03.19-23.53.27:052][675]Cmd: TRANSACTION UNDO
[2016.03.19-23.53.27:052][675]LogEditorTransaction: Undo Move Actors
[2016.03.19-23.53.30:617][ 82]LogEditorViewport: Clicking on Actor (CTRL LMB): PointLight (PointLight)
[2016.03.19-23.53.32:891][353]LogEditorViewport: Clicking on Actor (CTRL LMB): Emitter (Fog_Steam2)
[2016.03.19-23.53.34:826][583]LogEditorViewport: Clicking on Actor (CTRL LMB): TargetPoint (TargetPoint)
[2016.03.19-23.53.38:050][966]LogEditorViewport: Clicking on Actor (CTRL LMB): Emitter (Fog_Steam2)
[2016.03.19-23.54.01:740][769]LogEditorViewport: Clicking on Actor (LMB): PlayerStart (PlayerStart)
[2016.03.19-23.54.03:845][ 19]LogNavigationPoint: PostEditMove Clear paths rebuilt
[2016.03.19-23.54.04:727][124]LogNavigationPoint: PostEditMove Clear paths rebuilt
[2016.03.19-23.54.07:312][427]LogNavigationPoint: PostEditMove Clear paths rebuilt
[2016.03.19-23.54.09:513][686]LogNavigationPoint: PostEditMove Clear paths rebuilt
[2016.03.19-23.54.10:776][835]LogNavigationPoint: PostEditMove Clear paths rebuilt
[2016.03.19-23.54.13:917][204]LogNavigationPoint: PostEditMove Clear paths rebuilt
[2016.03.19-23.54.14:786][307]LogNavigationPoint: PostEditMove Clear paths rebuilt
[2016.03.19-23.54.19:447][858]LogNavigationPoint: PostEditMove Clear paths rebuilt
[2016.03.19-23.54.20:685][  5]LogNavigationPoint: PostEditMove Clear paths rebuilt
[2016.03.19-23.54.24:852][498]LogNavigationPoint: PostEditMove Clear paths rebuilt
[2016.03.19-23.54.27:557][820]LogNavigationPoint: PostEditMove Clear paths rebuilt
[2016.03.19-23.54.32:344][393]LogNavigationPoint: PostEditMove Clear paths rebuilt
[2016.03.19-23.54.33:091][480]LogBlueprintUserMessages: Early PlayInEditor Detection: Level '/Game/Hotel/Levels/World.World:PersistentLevel' has LevelScriptBlueprint '/Game/Hotel/Levels/World.World:PersistentLevel.World' with GeneratedClass '/Game/Hotel/Levels/World.World_C' with ClassGeneratedBy '/Game/Hotel/Levels/World.World:PersistentLevel.World'
[2016.03.19-23.54.33:091][480]LogPlayLevel: PlayLevel: No blueprints needed recompiling
[2016.03.19-23.54.33:091][480]PIE: New page: PIE session: World (Mar 19, 2016, 3:54:33 PM)
[2016.03.19-23.54.33:091][480]LogPlayLevel: Creating play world package: /Game/Hotel/Levels/UEDPIE_0_World
[2016.03.19-23.54.33:117][480]LogPlayLevel: PIE: StaticDuplicateObject took: (0.025776s)
[2016.03.19-23.54.33:118][480]LogAIModule: Creating AISystem for world World
[2016.03.19-23.54.33:118][480]LogPlayLevel: PIE: World Init took: (0.000956s)
[2016.03.19-23.54.33:118][480]LogPlayLevel: PIE: Created PIE world by copying editor world from /Game/Hotel/Levels/World.World to /Game/Hotel/Levels/UEDPIE_0_World.World (0.026969s)
[2016.03.19-23.54.33:151][480]LogInit: XAudio2 using 'Speakers (Realtek High Definition Audio)' : 2 channels at 48 kHz using 32 bits per sample (channel mask 0x3)
[2016.03.19-23.54.33:159][480]LogInit: FAudioDevice initialized.
[2016.03.19-23.54.33:230][480]LogWorld: Game class is 'FirstPersonGameMode_C'
[2016.03.19-23.54.33:237][480]LogWorld: Bringing World /Game/Hotel/Levels/UEDPIE_0_World.World up for play (max tick rate 0) at 2016.03.19-19.54.33
[2016.03.19-23.54.33:237][480]LogActor:Warning: GameSession /Game/Hotel/Levels/UEDPIE_0_World.World:PersistentLevel.GameSession_2 has natively added scene component(s), but none of them were set as the actor's RootComponent - picking one arbitrarily
[2016.03.19-23.54.33:238][480]LogActor:Warning: GameNetworkManager /Game/Hotel/Levels/UEDPIE_0_World.World:PersistentLevel.GameNetworkManager_2 has natively added scene component(s), but none of them were set as the actor's RootComponent - picking one arbitrarily
[2016.03.19-23.54.33:239][480]LogWorld: Bringing up level for play took: 0.007034
[2016.03.19-23.54.33:253][480]PIE: Info Play in editor start time for /Game/Hotel/Levels/UEDPIE_0_World 0.056
[2016.03.19-23.54.33:253][480]LogBlueprintUserMessages: Late PlayInEditor Detection: Level '/Game/Hotel/Levels/World.World:PersistentLevel' has LevelScriptBlueprint '/Game/Hotel/Levels/World.World:PersistentLevel.World' with GeneratedClass '/Game/Hotel/Levels/World.World_C' with ClassGeneratedBy '/Game/Hotel/Levels/World.World:PersistentLevel.World'
[2016.03.19-23.54.40:612][348]Cmd: OBJ SAVEPACKAGE PACKAGE="/Game/Hotel/Levels/World" FILE="../../../../../../Users/MrrBond/Documents/GitHub/HotelBete/Content/Hotel/Levels/World.umap" SILENT=true AUTOSAVING=false KEEPDIRTY=false
[2016.03.19-23.54.41:343][348]LogSavePackage: Save=695.875122ms
[2016.03.19-23.54.41:343][348]LogSavePackage: Moving '../../../../../../Users/MrrBond/Documents/GitHub/HotelBete/Saved/World6AAE75E7480E372C088BA4AB03417D41.tmp' to '../../../../../../Users/MrrBond/Documents/GitHub/HotelBete/Content/Hotel/Levels/World.umap'
[2016.03.19-23.54.41:352][348]LogSavePackage: Total save time: 724.481467ms
[2016.03.19-23.54.41:352][348]LogSavePackage:Display: Finished SavePackage ../../../../../../Users/MrrBond/Documents/GitHub/HotelBete/Content/Hotel/Levels/World.umap
[2016.03.19-23.54.41:374][348]LogFileHelpers: Saving map 'World' took 0.847
[2016.03.19-23.54.49:566][326]LogBlueprintUserMessages: [TestGhost_C_1] 2
[2016.03.19-23.54.49:662][338]LogBlueprintUserMessages: [TestGhost_C_1] 4
[2016.03.19-23.54.49:761][350]LogBlueprintUserMessages: [TestGhost_C_1] 6
[2016.03.19-23.54.49:861][362]LogBlueprintUserMessages: [TestGhost_C_1] 8
[2016.03.19-23.54.49:962][374]LogBlueprintUserMessages: [TestGhost_C_1] 10
[2016.03.19-23.54.50:062][386]LogBlueprintUserMessages: [TestGhost_C_1] 12
[2016.03.19-23.54.50:163][398]LogBlueprintUserMessages: [TestGhost_C_1] 14
[2016.03.19-23.54.50:262][410]LogBlueprintUserMessages: [TestGhost_C_1] 16
[2016.03.19-23.54.50:362][422]LogBlueprintUserMessages: [TestGhost_C_1] 18
[2016.03.19-23.54.50:461][434]LogBlueprintUserMessages: [TestGhost_C_1] 20
[2016.03.19-23.54.50:561][446]LogBlueprintUserMessages: [TestGhost_C_1] 22
[2016.03.19-23.54.50:661][458]LogBlueprintUserMessages: [TestGhost_C_1] 24
[2016.03.19-23.54.50:761][470]LogBlueprintUserMessages: [TestGhost_C_1] 26
[2016.03.19-23.54.50:862][482]LogBlueprintUserMessages: [TestGhost_C_1] 28
[2016.03.19-23.54.50:961][494]LogBlueprintUserMessages: [TestGhost_C_1] 30
[2016.03.19-23.54.51:062][506]LogBlueprintUserMessages: [TestGhost_C_1] 32
[2016.03.19-23.54.51:162][518]LogBlueprintUserMessages: [TestGhost_C_1] 34
[2016.03.19-23.54.51:262][530]LogBlueprintUserMessages: [TestGhost_C_1] 36
[2016.03.19-23.54.51:361][542]LogBlueprintUserMessages: [TestGhost_C_1] 38
[2016.03.19-23.54.51:461][554]LogBlueprintUserMessages: [TestGhost_C_1] 40
[2016.03.19-23.54.52:195][642]LogBlueprintUserMessages: Early EndPlayMap Detection: Level '/Game/Hotel/Levels/World.World:PersistentLevel' has LevelScriptBlueprint '/Game/Hotel/Levels/World.World:PersistentLevel.World' with GeneratedClass '/Game/Hotel/Levels/World.World_C' with ClassGeneratedBy '/Game/Hotel/Levels/World.World:PersistentLevel.World'
[2016.03.19-23.55.06:631][642]LogOutputDevice:Warning: === Handled error: ===

Ensure condition failed: NewObject->IsA(this->GeneratedClass) [File:D:\BuildFarm\buildmachine_++depot+UE4-Releases+4.10\Engine\Source\Runtime\Engine\Private\Blueprint.cpp] [Line: 634]
Type mismatch: Expected World_C, Found LevelScriptBlueprint
Stack: 
UE4Editor-Core.dll!FWindowsPlatformStackWalk::StackWalkAndDump() [d:\buildfarm\buildmachine_++depot+ue4-releases+4.10\engine\source\runtime\core\private\windows\windowsplatformstackwalk.cpp:175]
UE4Editor-Core.dll!FDebug::EnsureFailed() [d:\buildfarm\buildmachine_++depot+ue4-releases+4.10\engine\source\runtime\core\private\misc\outputdevice.cpp:276]
UE4Editor-Core.dll!FDebug::OptionallyLogFormattedEnsureMessageReturningFalse() [d:\buildfarm\buildmachine_++depot+ue4-releases+4.10\engine\source\runtime\core\private\misc\outputdevice.cpp:385]
UE4Editor-Engine.dll!UBlueprint::SetObjectBeingDebugged() [d:\buildfarm\buildmachine_++depot+ue4-releases+4.10\engine\source\runtime\engine\private\blueprint.cpp:630]
UE4Editor-Engine.dll!UWorld::TransferBlueprintDebugReferences() [d:\buildfarm\buildmachine_++depot+ue4-releases+4.10\engine\source\runtime\engine\private\world.cpp:1582]
UE4Editor-UnrealEd.dll!UEditorEngine::TeardownPlaySession() [d:\buildfarm\buildmachine_++depot+ue4-releases+4.10\engine\source\editor\unrealed\private\playlevel.cpp:589]
UE4Editor-UnrealEd.dll!UEditorEngine::EndPlayMap() [d:\buildfarm\buildmachine_++depot+ue4-releases+4.10\engine\source\editor\unrealed\private\playlevel.cpp:218]
UE4Editor-UnrealEd.dll!UEditorEngine::Tick() [d:\buildfarm\buildmachine_++depot+ue4-releases+4.10\engine\source\editor\unrealed\private\editorengine.cpp:978]
UE4Editor-UnrealEd.dll!UUnrealEdEngine::Tick() [d:\buildfarm\buildmachine_++depot+ue4-releases+4.10\engine\source\editor\unrealed\private\unrealedengine.cpp:361]
UE4Editor.exe!FEngineLoop::Tick() [d:\buildfarm\buildmachine_++depot+ue4-releases+4.10\engine\source\runtime\launch\private\launchengineloop.cpp:2427]
UE4Editor.exe!GuardedMain() [d:\buildfarm\buildmachine_++depot+ue4-releases+4.10\engine\source\runtime\launch\private\launch.cpp:142]
UE4Editor.exe!GuardedMainWrapper() [d:\buildfarm\buildmachine_++depot+ue4-releases+4.10\engine\source\runtime\launch\private\windows\launchwindows.cpp:126]
UE4Editor.exe!WinMain() [d:\buildfarm\buildmachine_++depot+ue4-releases+4.10\engine\source\runtime\launch\private\windows\launchwindows.cpp:200]
UE4Editor.exe!__scrt_common_main_seh() [f:\dd\vctools\crt\vcstartup\src\startup\exe_common.inl:264]
KERNEL32.DLL
ntdll.dll
ntdll.dll

[2016.03.19-23.55.07:581][642]LogBlueprintUserMessages: Late EndPlayMap Detection: Level '/Game/Hotel/Levels/World.World:PersistentLevel' has LevelScriptBlueprint '/Game/Hotel/Levels/World.World:PersistentLevel.World' with GeneratedClass '/Game/Hotel/Levels/World.World_C' with ClassGeneratedBy '/Game/Hotel/Levels/World.World:PersistentLevel.World'
[2016.03.19-23.55.07:600][642]LogParticles: Destroying 0 GPU particle simulations for FXSystem 0x000002E4B1DA8C20
[2016.03.19-23.55.10:169][926]LogBlueprintUserMessages: Early PlayInEditor Detection: Level '/Game/Hotel/Levels/World.World:PersistentLevel' has LevelScriptBlueprint '/Game/Hotel/Levels/World.World:PersistentLevel.World' with GeneratedClass '/Game/Hotel/Levels/World.World_C' with ClassGeneratedBy '/Game/Hotel/Levels/World.World:PersistentLevel.World'
[2016.03.19-23.55.10:169][926]LogPlayLevel: PlayLevel: No blueprints needed recompiling
[2016.03.19-23.55.10:170][926]PIE: New page: PIE session: World (Mar 19, 2016, 3:55:10 PM)
[2016.03.19-23.55.10:170][926]LogPlayLevel: Creating play world package: /Game/Hotel/Levels/UEDPIE_0_World
[2016.03.19-23.55.10:209][926]LogPlayLevel: PIE: StaticDuplicateObject took: (0.039401s)
[2016.03.19-23.55.10:210][926]LogAIModule: Creating AISystem for world World
[2016.03.19-23.55.10:210][926]LogPlayLevel: PIE: World Init took: (0.000973s)
[2016.03.19-23.55.10:210][926]LogPlayLevel: PIE: Created PIE world by copying editor world from /Game/Hotel/Levels/World.World to /Game/Hotel/Levels/UEDPIE_0_World.World (0.040626s)
[2016.03.19-23.55.10:234][926]LogInit: XAudio2 using 'Speakers (Realtek High Definition Audio)' : 2 channels at 48 kHz using 32 bits per sample (channel mask 0x3)
[2016.03.19-23.55.10:242][926]LogInit: FAudioDevice initialized.
[2016.03.19-23.55.10:315][926]LogWorld: Game class is 'FirstPersonGameMode_C'
[2016.03.19-23.55.10:323][926]LogWorld: Bringing World /Game/Hotel/Levels/UEDPIE_0_World.World up for play (max tick rate 0) at 2016.03.19-19.55.10
[2016.03.19-23.55.10:323][926]LogActor:Warning: GameSession /Game/Hotel/Levels/UEDPIE_0_World.World:PersistentLevel.GameSession_3 has natively added scene component(s), but none of them were set as the actor's RootComponent - picking one arbitrarily
[2016.03.19-23.55.10:323][926]LogActor:Warning: GameNetworkManager /Game/Hotel/Levels/UEDPIE_0_World.World:PersistentLevel.GameNetworkManager_3 has natively added scene component(s), but none of them were set as the actor's RootComponent - picking one arbitrarily
[2016.03.19-23.55.10:325][926]LogWorld: Bringing up level for play took: 0.008045
[2016.03.19-23.55.10:339][926]PIE: Info Play in editor start time for /Game/Hotel/Levels/UEDPIE_0_World 1.142
[2016.03.19-23.55.10:339][926]LogBlueprintUserMessages: Late PlayInEditor Detection: Level '/Game/Hotel/Levels/World.World:PersistentLevel' has LevelScriptBlueprint '/Game/Hotel/Levels/World.World:PersistentLevel.World' with GeneratedClass '/Game/Hotel/Levels/World.World_C' with ClassGeneratedBy '/Game/Hotel/Levels/World.World:PersistentLevel.World'
[2016.03.19-23.55.30:363][318]LogBlueprintUserMessages: Early EndPlayMap Detection: Level '/Game/Hotel/Levels/World.World:PersistentLevel' has LevelScriptBlueprint '/Game/Hotel/Levels/World.World:PersistentLevel.World' with GeneratedClass '/Game/Hotel/Levels/World.World_C' with ClassGeneratedBy '/Game/Hotel/Levels/World.World:PersistentLevel.World'
[2016.03.19-23.55.30:415][318]LogBlueprintUserMessages: Late EndPlayMap Detection: Level '/Game/Hotel/Levels/World.World:PersistentLevel' has LevelScriptBlueprint '/Game/Hotel/Levels/World.World:PersistentLevel.World' with GeneratedClass '/Game/Hotel/Levels/World.World_C' with ClassGeneratedBy '/Game/Hotel/Levels/World.World:PersistentLevel.World'
[2016.03.19-23.55.30:449][319]LogParticles: Destroying 0 GPU particle simulations for FXSystem 0x000002E4AF96B6A0
[2016.03.19-23.55.45:765][139]LogEditorViewport: Clicking on Actor (LMB): Ghost_C (GhostEncounter1)
[2016.03.19-23.55.49:022][523]LogEditorViewport: Clicking on Actor (LMB): StaticMeshActor (Cube)
[2016.03.19-23.55.51:002][756]LogEditorViewport: Clicking on Actor (CTRL LMB): StaticMeshActor (guest_floor_haunted)
[2016.03.19-23.55.51:999][871]LogEditorViewport: Clicking on Actor (CTRL LMB): NavMeshBoundsVolume (NavMeshBoundsVolume)
[2016.03.19-23.55.54:242][136]LogEditorViewport: Clicking on Actor (CTRL LMB): StaticMeshActor (Lobby_haunted2)
[2016.03.19-23.55.57:640][539]LogEditorViewport: Clicking on Actor (CTRL LMB): BP_Sky_Sphere_C (SkySphereBlueprint)
[2016.03.19-23.55.58:401][629]LogEditorViewport: Clicking on Actor (CTRL LMB): GhostRoomBoundary_C (GhostRoom1)
[2016.03.19-23.56.25:004][761]LogEditorViewport: Clicking on Actor (LMB): PlayerStart (PlayerStart)
[2016.03.19-23.56.27:534][ 62]LogNavigationPoint: PostEditMove Clear paths rebuilt
[2016.03.19-23.56.28:984][232]LogBlueprintUserMessages: Early PlayInEditor Detection: Level '/Game/Hotel/Levels/World.World:PersistentLevel' has LevelScriptBlueprint '/Game/Hotel/Levels/World.World:PersistentLevel.World' with GeneratedClass '/Game/Hotel/Levels/World.World_C' with ClassGeneratedBy '/Game/Hotel/Levels/World.World:PersistentLevel.World'
[2016.03.19-23.56.28:984][232]LogPlayLevel: PlayLevel: No blueprints needed recompiling
[2016.03.19-23.56.28:984][232]PIE: New page: PIE session: World (Mar 19, 2016, 3:56:28 PM)
[2016.03.19-23.56.28:984][232]LogPlayLevel: Creating play world package: /Game/Hotel/Levels/UEDPIE_0_World
[2016.03.19-23.56.29:009][232]LogPlayLevel: PIE: StaticDuplicateObject took: (0.024729s)
[2016.03.19-23.56.29:009][232]LogAIModule: Creating AISystem for world World
[2016.03.19-23.56.29:010][232]LogPlayLevel: PIE: World Init took: (0.000890s)
[2016.03.19-23.56.29:010][232]LogPlayLevel: PIE: Created PIE world by copying editor world from /Game/Hotel/Levels/World.World to /Game/Hotel/Levels/UEDPIE_0_World.World (0.025911s)
[2016.03.19-23.56.29:035][232]LogInit: XAudio2 using 'Speakers (Realtek High Definition Audio)' : 2 channels at 48 kHz using 32 bits per sample (channel mask 0x3)
[2016.03.19-23.56.29:043][232]LogInit: FAudioDevice initialized.
[2016.03.19-23.56.29:118][232]LogWorld: Game class is 'FirstPersonGameMode_C'
[2016.03.19-23.56.29:125][232]LogWorld: Bringing World /Game/Hotel/Levels/UEDPIE_0_World.World up for play (max tick rate 0) at 2016.03.19-19.56.29
[2016.03.19-23.56.29:125][232]LogActor:Warning: GameSession /Game/Hotel/Levels/UEDPIE_0_World.World:PersistentLevel.GameSession_4 has natively added scene component(s), but none of them were set as the actor's RootComponent - picking one arbitrarily
[2016.03.19-23.56.29:125][232]LogActor:Warning: GameNetworkManager /Game/Hotel/Levels/UEDPIE_0_World.World:PersistentLevel.GameNetworkManager_4 has natively added scene component(s), but none of them were set as the actor's RootComponent - picking one arbitrarily
[2016.03.19-23.56.29:126][232]LogWorld: Bringing up level for play took: 0.006500
[2016.03.19-23.56.29:139][232]PIE: Info Play in editor start time for /Game/Hotel/Levels/UEDPIE_0_World -0.057
[2016.03.19-23.56.29:140][232]LogBlueprintUserMessages: Late PlayInEditor Detection: Level '/Game/Hotel/Levels/World.World:PersistentLevel' has LevelScriptBlueprint '/Game/Hotel/Levels/World.World:PersistentLevel.World' with GeneratedClass '/Game/Hotel/Levels/World.World_C' with ClassGeneratedBy '/Game/Hotel/Levels/World.World:PersistentLevel.World'
[2016.03.19-23.56.31:444][506]LogBlueprintUserMessages: Early EndPlayMap Detection: Level '/Game/Hotel/Levels/World.World:PersistentLevel' has LevelScriptBlueprint '/Game/Hotel/Levels/World.World:PersistentLevel.World' with GeneratedClass '/Game/Hotel/Levels/World.World_C' with ClassGeneratedBy '/Game/Hotel/Levels/World.World:PersistentLevel.World'
[2016.03.19-23.56.31:489][506]LogBlueprintUserMessages: Late EndPlayMap Detection: Level '/Game/Hotel/Levels/World.World:PersistentLevel' has LevelScriptBlueprint '/Game/Hotel/Levels/World.World:PersistentLevel.World' with GeneratedClass '/Game/Hotel/Levels/World.World_C' with ClassGeneratedBy '/Game/Hotel/Levels/World.World:PersistentLevel.World'
[2016.03.19-23.56.31:524][507]LogParticles: Destroying 0 GPU particle simulations for FXSystem 0x000002E4B12DF600
[2016.03.19-23.56.34:846][905]LogNavigationPoint: PostEditMove Clear paths rebuilt
[2016.03.19-23.56.35:830][ 20]LogBlueprintUserMessages: Early PlayInEditor Detection: Level '/Game/Hotel/Levels/World.World:PersistentLevel' has LevelScriptBlueprint '/Game/Hotel/Levels/World.World:PersistentLevel.World' with GeneratedClass '/Game/Hotel/Levels/World.World_C' with ClassGeneratedBy '/Game/Hotel/Levels/World.World:PersistentLevel.World'
[2016.03.19-23.56.35:830][ 20]LogPlayLevel: PlayLevel: No blueprints needed recompiling
[2016.03.19-23.56.35:830][ 20]PIE: New page: PIE session: World (Mar 19, 2016, 3:56:35 PM)
[2016.03.19-23.56.35:830][ 20]LogPlayLevel: Creating play world package: /Game/Hotel/Levels/UEDPIE_0_World
[2016.03.19-23.56.35:854][ 20]LogPlayLevel: PIE: StaticDuplicateObject took: (0.024130s)
[2016.03.19-23.56.35:855][ 20]LogAIModule: Creating AISystem for world World
[2016.03.19-23.56.35:855][ 20]LogPlayLevel: PIE: World Init took: (0.001090s)
[2016.03.19-23.56.35:855][ 20]LogPlayLevel: PIE: Created PIE world by copying editor world from /Game/Hotel/Levels/World.World to /Game/Hotel/Levels/UEDPIE_0_World.World (0.025526s)
[2016.03.19-23.56.35:878][ 20]LogInit: XAudio2 using 'Speakers (Realtek High Definition Audio)' : 2 channels at 48 kHz using 32 bits per sample (channel mask 0x3)
[2016.03.19-23.56.35:886][ 20]LogInit: FAudioDevice initialized.
[2016.03.19-23.56.35:973][ 20]LogWorld: Game class is 'FirstPersonGameMode_C'
[2016.03.19-23.56.35:991][ 20]LogWorld: Bringing World /Game/Hotel/Levels/UEDPIE_0_World.World up for play (max tick rate 0) at 2016.03.19-19.56.35
[2016.03.19-23.56.35:991][ 20]LogActor:Warning: GameSession /Game/Hotel/Levels/UEDPIE_0_World.World:PersistentLevel.GameSession_5 has natively added scene component(s), but none of them were set as the actor's RootComponent - picking one arbitrarily
[2016.03.19-23.56.35:992][ 20]LogActor:Warning: GameNetworkManager /Game/Hotel/Levels/UEDPIE_0_World.World:PersistentLevel.GameNetworkManager_5 has natively added scene component(s), but none of them were set as the actor's RootComponent - picking one arbitrarily
[2016.03.19-23.56.35:994][ 20]LogWorld: Bringing up level for play took: 0.018886
[2016.03.19-23.56.36:027][ 20]PIE: Info Play in editor start time for /Game/Hotel/Levels/UEDPIE_0_World 0.831
[2016.03.19-23.56.36:028][ 20]LogBlueprintUserMessages: Late PlayInEditor Detection: Level '/Game/Hotel/Levels/World.World:PersistentLevel' has LevelScriptBlueprint '/Game/Hotel/Levels/World.World:PersistentLevel.World' with GeneratedClass '/Game/Hotel/Levels/World.World_C' with ClassGeneratedBy '/Game/Hotel/Levels/World.World:PersistentLevel.World'
[2016.03.19-23.57.11:569][976]LogBlueprintUserMessages: Early EndPlayMap Detection: Level '/Game/Hotel/Levels/World.World:PersistentLevel' has LevelScriptBlueprint '/Game/Hotel/Levels/World.World:PersistentLevel.World' with GeneratedClass '/Game/Hotel/Levels/World.World_C' with ClassGeneratedBy '/Game/Hotel/Levels/World.World:PersistentLevel.World'
[2016.03.19-23.57.11:617][976]LogBlueprintUserMessages: Late EndPlayMap Detection: Level '/Game/Hotel/Levels/World.World:PersistentLevel' has LevelScriptBlueprint '/Game/Hotel/Levels/World.World:PersistentLevel.World' with GeneratedClass '/Game/Hotel/Levels/World.World_C' with ClassGeneratedBy '/Game/Hotel/Levels/World.World:PersistentLevel.World'
[2016.03.19-23.57.11:651][977]LogParticles: Destroying 0 GPU particle simulations for FXSystem 0x000002E4B18FC5E0
[2016.03.19-23.57.15:400][421]Cmd: TRANSACTION UNDO
[2016.03.19-23.57.15:400][421]LogEditorTransaction: Undo Move Actors
[2016.03.19-23.57.16:316][511]Cmd: TRANSACTION UNDO
[2016.03.19-23.57.16:316][511]LogEditorTransaction: Undo Move Actors
[2016.03.19-23.57.16:843][574]Cmd: TRANSACTION UNDO
[2016.03.19-23.57.16:843][574]LogEditorTransaction: Undo Clicking on Actors
[2016.03.19-23.57.31:429][303]LogEditorViewport: Clicking on Actor (LMB): PlayerStart (PlayerStart)
[2016.03.19-23.57.33:835][589]LogNavigationPoint: PostEditMove Clear paths rebuilt
[2016.03.19-23.57.35:281][761]LogNavigationPoint: PostEditMove Clear paths rebuilt
[2016.03.19-23.57.36:951][960]LogNavigationPoint: PostEditMove Clear paths rebuilt
[2016.03.19-23.57.38:097][ 96]LogNavigationPoint: PostEditMove Clear paths rebuilt
[2016.03.19-23.57.40:126][337]LogNavigationPoint: PostEditMove Clear paths rebuilt
[2016.03.19-23.57.40:839][421]LogEditorViewport: Clicking on Actor (LMB): Ghost_C (GhostEncounter1)
[2016.03.19-23.57.45:983][ 31]LogBlueprintUserMessages: Early PlayInEditor Detection: Level '/Game/Hotel/Levels/World.World:PersistentLevel' has LevelScriptBlueprint '/Game/Hotel/Levels/World.World:PersistentLevel.World' with GeneratedClass '/Game/Hotel/Levels/World.World_C' with ClassGeneratedBy '/Game/Hotel/Levels/World.World:PersistentLevel.World'
[2016.03.19-23.57.45:983][ 31]LogPlayLevel: PlayLevel: No blueprints needed recompiling
[2016.03.19-23.57.45:983][ 31]PIE: New page: PIE session: World (Mar 19, 2016, 3:57:45 PM)
[2016.03.19-23.57.45:984][ 31]LogPlayLevel: Creating play world package: /Game/Hotel/Levels/UEDPIE_0_World
[2016.03.19-23.57.46:007][ 31]LogPlayLevel: PIE: StaticDuplicateObject took: (0.023328s)
[2016.03.19-23.57.46:008][ 31]LogAIModule: Creating AISystem for world World
[2016.03.19-23.57.46:008][ 31]LogPlayLevel: PIE: World Init took: (0.000875s)
[2016.03.19-23.57.46:008][ 31]LogPlayLevel: PIE: Created PIE world by copying editor world from /Game/Hotel/Levels/World.World to /Game/Hotel/Levels/UEDPIE_0_World.World (0.024509s)
[2016.03.19-23.57.46:032][ 31]LogInit: XAudio2 using 'Speakers (Realtek High Definition Audio)' : 2 channels at 48 kHz using 32 bits per sample (channel mask 0x3)
[2016.03.19-23.57.46:040][ 31]LogInit: FAudioDevice initialized.
[2016.03.19-23.57.46:117][ 31]LogWorld: Game class is 'FirstPersonGameMode_C'
[2016.03.19-23.57.46:124][ 31]LogWorld: Bringing World /Game/Hotel/Levels/UEDPIE_0_World.World up for play (max tick rate 0) at 2016.03.19-19.57.46
[2016.03.19-23.57.46:124][ 31]LogActor:Warning: GameSession /Game/Hotel/Levels/UEDPIE_0_World.World:PersistentLevel.GameSession_6 has natively added scene component(s), but none of them were set as the actor's RootComponent - picking one arbitrarily
[2016.03.19-23.57.46:124][ 31]LogActor:Warning: GameNetworkManager /Game/Hotel/Levels/UEDPIE_0_World.World:PersistentLevel.GameNetworkManager_6 has natively added scene component(s), but none of them were set as the actor's RootComponent - picking one arbitrarily
[2016.03.19-23.57.46:125][ 31]LogWorld: Bringing up level for play took: 0.007125
[2016.03.19-23.57.46:141][ 31]PIE: Info Play in editor start time for /Game/Hotel/Levels/UEDPIE_0_World 0.945
[2016.03.19-23.57.46:142][ 31]LogBlueprintUserMessages: Late PlayInEditor Detection: Level '/Game/Hotel/Levels/World.World:PersistentLevel' has LevelScriptBlueprint '/Game/Hotel/Levels/World.World:PersistentLevel.World' with GeneratedClass '/Game/Hotel/Levels/World.World_C' with ClassGeneratedBy '/Game/Hotel/Levels/World.World:PersistentLevel.World'
[2016.03.19-23.58.19:763][520]LogBlueprintUserMessages: Early EndPlayMap Detection: Level '/Game/Hotel/Levels/World.World:PersistentLevel' has LevelScriptBlueprint '/Game/Hotel/Levels/World.World:PersistentLevel.World' with GeneratedClass '/Game/Hotel/Levels/World.World_C' with ClassGeneratedBy '/Game/Hotel/Levels/World.World:PersistentLevel.World'
[2016.03.19-23.58.19:817][520]LogBlueprintUserMessages: Late EndPlayMap Detection: Level '/Game/Hotel/Levels/World.World:PersistentLevel' has LevelScriptBlueprint '/Game/Hotel/Levels/World.World:PersistentLevel.World' with GeneratedClass '/Game/Hotel/Levels/World.World_C' with ClassGeneratedBy '/Game/Hotel/Levels/World.World:PersistentLevel.World'
[2016.03.19-23.58.19:832][520]LogParticles: Destroying 0 GPU particle simulations for FXSystem 0x000002E4B0F6DF80
[2016.03.19-23.58.29:091][599]LogEditorViewport: Clicking on Actor (LMB): Emitter (Fog_Steam2)
[2016.03.19-23.58.29:718][670]LogEditorViewport: Clicking on Actor (LMB): Emitter (Fog_Steam2)
[2016.03.19-23.58.37:746][620]Cmd: DELETE
[2016.03.19-23.58.37:746][620]Cmd: ACTOR DELETE
[2016.03.19-23.58.37:754][620]LogEditorActor: Deleted Actor: Emitter
[2016.03.19-23.58.37:767][620]LogEditorActor: Deleted 1 Actors (0.014 secs)
[2016.03.19-23.58.39:344][808]LogEditorViewport: Clicking on Actor (LMB): Emitter (Fog_Steam3)
[2016.03.19-23.58.39:731][852]Cmd: DELETE
[2016.03.19-23.58.39:731][852]Cmd: ACTOR DELETE
[2016.03.19-23.58.39:731][852]LogEditorActor: Deleted Actor: Emitter
[2016.03.19-23.58.39:743][852]LogEditorActor: Deleted 1 Actors (0.013 secs)
[2016.03.19-23.58.41:282][ 37]LogEditorViewport: Clicking on Actor (LMB): Emitter (Dust)
[2016.03.19-23.59.09:260][329]LogEditorViewport: Clicking on Actor (LMB): PointLight (PointLight)
[2016.03.19-23.59.16:664][205]LogEditorViewport: Clicking on Actor (LMB): PointLight (PointLight2)
[2016.03.19-23.59.32:085][ 26]Cmd: TRANSACTION UNDO
[2016.03.19-23.59.32:085][ 26]LogEditorTransaction: Undo Edit Intensity
[2016.03.19-23.59.36:384][519]Cmd: TRANSACTION UNDO
[2016.03.19-23.59.36:384][519]LogEditorTransaction: Undo Edit Attenuation Radius
[2016.03.19-23.59.39:420][864]Cmd: TRANSACTION UNDO
[2016.03.19-23.59.39:420][864]LogEditorTransaction: Undo Edit Source Radius
[2016.03.19-23.59.41:459][ 89]Cmd: TRANSACTION UNDO
[2016.03.19-23.59.41:459][ 89]LogEditorTransaction: Undo Edit Source Length
[2016.03.19-23.59.43:318][312]Cmd: TRANSACTION UNDO
[2016.03.19-23.59.43:318][312]LogEditorTransaction: Undo Edit Temperature
[2016.03.19-23.59.54:936][702]Cmd: TRANSACTION UNDO
[2016.03.19-23.59.54:936][702]LogEditorTransaction: Undo Edit Indirect Lighting Intensity
[2016.03.19-23.59.59:106][181]LogEditorViewport: Clicking on Actor (LMB): Emitter (Dust)
[2016.03.20-00.00.00:634][361]LogEditorViewport: Clicking on Actor (LMB): PointLight (PointLight)
[2016.03.20-00.00.30:899][944]LogEditorViewport: Clicking on Actor (LMB): PointLight (PointLight)
[2016.03.20-00.00.45:519][671]MapCheck: New page: Map Check
[2016.03.20-00.00.45:542][671]Cmd: MAP REBUILD ALLVISIBLE
[2016.03.20-00.00.45:543][671]LogEditorServer: Rebuildmap Clear paths rebuilt
[2016.03.20-00.00.45:583][671]LightingResults: New page: Lighting Build - Mar 19, 2016, 4:00:45 PM
[2016.03.20-00.00.50:094][671]LogStaticLightingSystem: Running Lightmass w/ ImmediateImport mode ENABLED
[2016.03.20-00.00.50:094][671]LogStaticLightingSystem: Running Lightmass w/ ImmediateProcess mode ENABLED
[2016.03.20-00.00.50:094][671]LogStaticLightingSystem: Running Lightmass w/ Sorting mode ENABLED
[2016.03.20-00.00.50:094][671]LogStaticLightingSystem: Running Lightmass w/ Mapping paddings ENABLED
[2016.03.20-00.00.50:094][671]LogStaticLightingSystem: Running Lightmass w/ Mapping debug paddings DISABLED
[2016.03.20-00.00.50:490][671]LogEditorBuildUtils: Build time 0:00:04
[2016.03.20-00.00.50:516][671]LogMaterial: Missing cached shader map for material FLightmassMaterialRenderer MaterialInstanceDynamic_27, compiling. 
[2016.03.20-00.00.50:535][672]LogMaterial: Missing cached shader map for material FLightmassMaterialRenderer GuestFloor, compiling. 
[2016.03.20-00.00.50:539][672]LogMaterial: Missing cached shader map for material FLightmassMaterialRenderer GuestFloor, compiling. 
[2016.03.20-00.00.50:563][673]LogMaterial: Missing cached shader map for material FLightmassMaterialRenderer Columns, compiling. 
[2016.03.20-00.00.50:567][673]LogMaterial: Missing cached shader map for material FLightmassMaterialRenderer Columns, compiling. 
[2016.03.20-00.00.50:580][674]LogMaterial: Missing cached shader map for material FLightmassMaterialRenderer LobbyFloor, compiling. 
[2016.03.20-00.00.50:591][674]LogMaterial: Missing cached shader map for material FLightmassMaterialRenderer LobbyFloor, compiling. 
[2016.03.20-00.00.50:616][675]LogMaterial: Missing cached shader map for material FLightmassMaterialRenderer Walls, compiling. 
[2016.03.20-00.00.50:623][675]LogMaterial: Missing cached shader map for material FLightmassMaterialRenderer Walls, compiling. 
[2016.03.20-00.00.50:692][676]LogMaterial: Missing cached shader map for material FLightmassMaterialRenderer Windows, compiling. 
[2016.03.20-00.00.50:696][676]LogMaterial: Missing cached shader map for material FLightmassMaterialRenderer Windows, compiling. 
[2016.03.20-00.00.50:720][677]LogMaterial: Missing cached shader map for material FLightmassMaterialRenderer Stairs, compiling. 
[2016.03.20-00.00.50:727][677]LogMaterial: Missing cached shader map for material FLightmassMaterialRenderer Stairs, compiling. 
[2016.03.20-00.00.50:743][678]LogMaterial: Missing cached shader map for material FLightmassMaterialRenderer Doors, compiling. 
[2016.03.20-00.00.50:748][678]LogMaterial: Missing cached shader map for material FLightmassMaterialRenderer Doors, compiling. 
[2016.03.20-00.00.50:752][678]LogMaterial: Missing cached shader map for material FLightmassMaterialRenderer Columns, compiling. 
[2016.03.20-00.00.50:756][678]LogMaterial: Missing cached shader map for material FLightmassMaterialRenderer Columns, compiling. 
[2016.03.20-00.00.50:774][679]LogMaterial: Missing cached shader map for material FLightmassMaterialRenderer Doors, compiling. 
[2016.03.20-00.00.50:779][679]LogMaterial: Missing cached shader map for material FLightmassMaterialRenderer Doors, compiling. 
[2016.03.20-00.00.50:790][680]LogMaterial: Missing cached shader map for material FLightmassMaterialRenderer Frames, compiling. 
[2016.03.20-00.00.50:794][680]LogMaterial: Missing cached shader map for material FLightmassMaterialRenderer Frames, compiling. 
[2016.03.20-00.00.50:799][680]LogMaterial: Missing cached shader map for material FLightmassMaterialRenderer Windows, compiling. 
[2016.03.20-00.00.50:803][680]LogMaterial: Missing cached shader map for material FLightmassMaterialRenderer Windows, compiling. 
[2016.03.20-00.00.50:818][681]LogMaterial: Missing cached shader map for material FLightmassMaterialRenderer Walls, compiling. 
[2016.03.20-00.00.50:822][681]LogMaterial: Missing cached shader map for material FLightmassMaterialRenderer Walls, compiling. 
[2016.03.20-00.00.50:827][681]LogMaterial: Missing cached shader map for material FLightmassMaterialRenderer Floor, compiling. 
[2016.03.20-00.00.50:832][681]LogMaterial: Missing cached shader map for material FLightmassMaterialRenderer Floor, compiling. 
[2016.03.20-00.00.50:864][682]LogMaterial: Missing cached shader map for material FLightmassMaterialRenderer Material__39, compiling. 
[2016.03.20-00.00.50:868][682]LogMaterial: Missing cached shader map for material FLightmassMaterialRenderer Material__39, compiling. 
[2016.03.20-00.00.50:872][682]LogMaterial: Missing cached shader map for material FLightmassMaterialRenderer Ceiling, compiling. 
[2016.03.20-00.00.50:877][682]LogMaterial: Missing cached shader map for material FLightmassMaterialRenderer Ceiling, compiling. 
[2016.03.20-00.00.50:898][683]LogMaterial: Missing cached shader map for material FLightmassMaterialRenderer Railing, compiling. 
[2016.03.20-00.00.50:902][683]LogMaterial: Missing cached shader map for material FLightmassMaterialRenderer Railing, compiling. 
[2016.03.20-00.00.59:784][727]Job has failed! The task failure count is non-zero
[2016.03.20-00.01.19:597][709]MapCheck: New page: Map Check
[2016.03.20-00.01.19:610][709]Cmd: MAP REBUILD ALLVISIBLE
[2016.03.20-00.01.19:610][709]LogEditorServer: Rebuildmap Clear paths rebuilt
[2016.03.20-00.01.19:641][709]LightingResults: New page: Lighting Build - Mar 19, 2016, 4:01:19 PM
[2016.03.20-00.01.24:219][709]LogStaticLightingSystem: Running Lightmass w/ ImmediateImport mode ENABLED
[2016.03.20-00.01.24:219][709]LogStaticLightingSystem: Running Lightmass w/ ImmediateProcess mode ENABLED
[2016.03.20-00.01.24:219][709]LogStaticLightingSystem: Running Lightmass w/ Sorting mode ENABLED
[2016.03.20-00.01.24:219][709]LogStaticLightingSystem: Running Lightmass w/ Mapping paddings ENABLED
[2016.03.20-00.01.24:219][709]LogStaticLightingSystem: Running Lightmass w/ Mapping debug paddings DISABLED
[2016.03.20-00.01.24:355][709]LogEditorBuildUtils: Build time 0:00:04
[2016.03.20-00.01.24:380][709]LogMaterial: Missing cached shader map for material FLightmassMaterialRenderer MaterialInstanceDynamic_28, compiling. 
[2016.03.20-00.01.41:921][444]LogD3D11RHI:Error: Direct3DDevice->CreateTexture2D(TextureDesc,SubResourceData,OutTexture2D) failed 
 at D:\BuildFarm\buildmachine_++depot+UE4-Releases+4.10\Engine\Source\Runtime\Windows\D3D11RHI\Private\D3D11Texture.cpp:432 
 with error E_OUTOFMEMORY, 
 Size=1280x720x1 Format=DXGI_FORMAT_B8G8R8A8_TYPELESS(0x0000005A), NumMips=1, Flags=D3D11_BIND_RENDER_TARGET D3D11_BIND_SHADER_RESOURCE 
[2016.03.20-00.01.50:538][444]LogConsoleResponse:     47 = 12288 KB (Cube 1024 PF_ShadowDepth) CubeShadowDepthZ[]
[2016.03.20-00.01.50:538][444]LogConsoleResponse:     45 = 8192 KB (2D 1024x1024 PF_FloatRGBA RT) TranslucencyShadowTransmission0
[2016.03.20-00.01.50:538][444]LogConsoleResponse:     46 = 8192 KB (2D 1024x1024 PF_FloatRGBA RT) TranslucencyShadowTransmission1
[2016.03.20-00.01.50:538][444]LogConsoleResponse:     65 = 8192 KB (2D 2048x2048 PF_ShadowDepth) PreShadowCacheDepthZ
[2016.03.20-00.01.50:538][444]LogConsoleResponse:     66 = 8192 KB (2D 2048x2048 PF_ShadowDepth) ShadowDepthZ
[2016.03.20-00.01.50:538][444]LogConsoleResponse:     15 = 8192 KB (3D 256x128x32 PF_FloatRGBA RT) AtmosphereDeltaJ
[2016.03.20-00.01.50:538][444]LogConsoleResponse:     16 = 8192 KB (3D 256x128x32 PF_FloatRGBA RT) AtmosphereDeltaSM
[2016.03.20-00.01.50:538][444]LogConsoleResponse:     17 = 8192 KB (3D 256x128x32 PF_FloatRGBA RT) AtmosphereDeltaSR
[2016.03.20-00.01.50:538][444]LogConsoleResponse:     18 = 8192 KB (3D 256x128x32 PF_FloatRGBA RT) AtmosphereInscatter
[2016.03.20-00.01.50:538][444]LogConsoleResponse:     35 = 7200 KB (2D 1280x720 PF_B8G8R8A8 RT 4xMSAA) EditorPrimitivesColor unused(4)
[2016.03.20-00.01.50:538][444]LogConsoleResponse:     31 = 7200 KB (2D 1280x720 PF_DepthStencil 4xMSAA) EditorPrimitivesDepth unused(4)
[2016.03.20-00.01.50:538][444]LogConsoleResponse:     39 = 7200 KB (2D 1280x720 PF_DepthStencil 4xMSAA) SelectionDepthStencil unused(4)
[2016.03.20-00.01.50:538][444]LogConsoleResponse:     12 = 7200 KB (2D 1280x720 PF_FloatRGBA RT UAV VRam) SceneColor unused(4) VRamInKB(Start/Size):<NONE>
[2016.03.20-00.01.50:538][444]LogConsoleResponse:     75 = 7200 KB (2D 1280x720 PF_FloatRGBA RT UAV VRam) SceneColor VRamInKB(Start/Size):<NONE>
[2016.03.20-00.01.50:538][444]LogConsoleResponse:     56 = 7200 KB (2D 1280x720 PF_FloatRGBA RT UAV) LightAccumulation
[2016.03.20-00.01.50:538][444]LogConsoleResponse:     37 = 7200 KB (2D 1280x720 PF_FloatRGBA RT VRam) BokehDOFRecombine unused(4) VRamInKB(Start/Size):<NONE>
[2016.03.20-00.01.50:538][444]LogConsoleResponse:     76 = 7200 KB (2D 1280x720 PF_FloatRGBA RT VRam) TemporalAA VRamInKB(Start/Size):<NONE>
[2016.03.20-00.01.50:538][444]LogConsoleResponse:     83 = 7200 KB (2D 1280x720 PF_FloatRGBA RT VRam) TemporalAA VRamInKB(Start/Size):<NONE>
[2016.03.20-00.01.50:538][444]LogConsoleResponse:     81 = 7200 KB (2D 1280x720 PF_FloatRGBA RT) ScreenSpaceReflections unused(4)
[2016.03.20-00.01.50:538][444]LogConsoleResponse:     82 = 7200 KB (2D 1280x720 PF_FloatRGBA RT) SeparateTranslucency unused(4)
[2016.03.20-00.01.50:538][444]LogConsoleResponse:     36 = 7200 KB (2D 1280x720 PF_FloatRGBA RT) SSRTemporalAA
[2016.03.20-00.01.50:538][444]LogConsoleResponse:     30 = 3600 KB (2D 1280x720 PF_A2B10G10R10 RT) GBufferA unused(4)
[2016.03.20-00.01.50:538][444]LogConsoleResponse:     28 = 3600 KB (2D 1280x720 PF_B8G8R8A8 RT sRGB) GBufferC unused(4)
[2016.03.20-00.01.50:538][444]LogConsoleResponse:     13 = 3600 KB (2D 1280x720 PF_B8G8R8A8 RT VRam) LightAttenuation unused(4) VRamInKB(Start/Size):<NONE>
[2016.03.20-00.01.50:538][444]LogConsoleResponse:     40 = 3600 KB (2D 1280x720 PF_B8G8R8A8 RT VRam) SelectionComposited unused(4) VRamInKB(Start/Size):<NONE>
[2016.03.20-00.01.50:538][444]LogConsoleResponse:     38 = 3600 KB (2D 1280x720 PF_B8G8R8A8 RT VRam) Tonemap unused(4) VRamInKB(Start/Size):<NONE>
[2016.03.20-00.01.50:538][444]LogConsoleResponse:     29 = 3600 KB (2D 1280x720 PF_B8G8R8A8 RT) GBufferB unused(4)
[2016.03.20-00.01.50:538][444]LogConsoleResponse:     27 = 3600 KB (2D 1280x720 PF_B8G8R8A8 RT) GBufferD unused(4)
[2016.03.20-00.01.50:538][444]LogConsoleResponse:     26 = 3600 KB (2D 1280x720 PF_B8G8R8A8 RT) GBufferE unused(4)
[2016.03.20-00.01.50:538][444]LogConsoleResponse:     43 = 3600 KB (2D 1280x720 PF_DepthStencil VRam) SceneDepthZ VRamInKB(Start/Size):<NONE>
[2016.03.20-00.01.50:538][444]LogConsoleResponse:     89 = 3600 KB (2D 1280x720 PF_FloatRGB RT VRam) MotionBlurRecombine unused(4) VRamInKB(Start/Size):<NONE>
[2016.03.20-00.01.50:538][444]LogConsoleResponse:     80 = 3600 KB (2D 1280x720 PF_G16R16 RT) Velocity unused(4)
[2016.03.20-00.01.50:538][444]LogConsoleResponse:     48 = 3072 KB (Cube 512 PF_ShadowDepth) CubeShadowDepthZ[]
[2016.03.20-00.01.50:538][444]LogConsoleResponse:     63 = 2048 KB (3D 64x64x64 PF_FloatRGBA RT) TranslucentVolume0
[2016.03.20-00.01.50:538][444]LogConsoleResponse:     61 = 2048 KB (3D 64x64x64 PF_FloatRGBA RT) TranslucentVolume1
[2016.03.20-00.01.50:538][444]LogConsoleResponse:     58 = 2048 KB (3D 64x64x64 PF_FloatRGBA RT) TranslucentVolume2
[2016.03.20-00.01.50:538][444]LogConsoleResponse:     62 = 2048 KB (3D 64x64x64 PF_FloatRGBA RT) TranslucentVolumeDir0
[2016.03.20-00.01.50:538][444]LogConsoleResponse:     59 = 2048 KB (3D 64x64x64 PF_FloatRGBA RT) TranslucentVolumeDir1
[2016.03.20-00.01.50:538][444]LogConsoleResponse:     57 = 2048 KB (3D 64x64x64 PF_FloatRGBA RT) TranslucentVolumeDir2
[2016.03.20-00.01.50:538][444]LogConsoleResponse:     34 = 2048 KB (3D 64x64x64 PF_FloatRGBA) IndirectLightingCache_0
[2016.03.20-00.01.50:538][444]LogConsoleResponse:     33 = 2048 KB (3D 64x64x64 PF_FloatRGBA) IndirectLightingCache_1
[2016.03.20-00.01.50:538][444]LogConsoleResponse:     32 = 2048 KB (3D 64x64x64 PF_FloatRGBA) IndirectLightingCache_2
[2016.03.20-00.01.50:538][444]LogConsoleResponse:     22 = 2048 KB (Cube[2] 128 PF_FloatRGBA) ReflectionEnvs
[2016.03.20-00.01.50:538][444]LogConsoleResponse:     44 = 1800 KB (2D 640x360 PF_DepthStencil) SmallDepthZ
[2016.03.20-00.01.50:538][444]LogConsoleResponse:     24 = 1800 KB (2D 640x360 PF_FloatRGBA RT VRam) AmbientOcclusionSetup unused(4) VRamInKB(Start/Size):<NONE>
[2016.03.20-00.01.50:538][444]LogConsoleResponse:     88 = 1800 KB (2D 640x360 PF_FloatRGBA RT VRam) MotionBlur unused(4) VRamInKB(Start/Size):<NONE>
[2016.03.20-00.01.50:538][444]LogConsoleResponse:     85 = 1800 KB (2D 640x360 PF_FloatRGBA RT VRam) MotionBlurSetup1 unused(4) VRamInKB(Start/Size):<NONE>
[2016.03.20-00.01.50:538][444]LogConsoleResponse:     84 = 1800 KB (2D 640x360 PF_FloatRGBA RT) MotionBlurSetup0 unused(4)
[2016.03.20-00.01.50:538][444]LogConsoleResponse:     79 = 1366 KB (2D 1024x512 PF_R16F RT VRam) HZB unused(4) VRamInKB(Start/Size):<NONE>
[2016.03.20-00.01.50:538][444]LogConsoleResponse:     55 = 1024 KB (Cube 128 PF_FloatRGBA RT) ReflectionColorScratchCubemap0
[2016.03.20-00.01.50:538][444]LogConsoleResponse:     54 = 1024 KB (Cube 128 PF_FloatRGBA RT) ReflectionColorScratchCubemap1
[2016.03.20-00.01.50:538][444]LogConsoleResponse:     64 = 900 KB (2D 1280x720 PF_G8 RT) ScreenSpaceAO
[2016.03.20-00.01.50:538][444]LogConsoleResponse:     23 = 900 KB (2D 640x360 PF_B8G8R8A8 RT VRam) AmbientOcclusion unused(4) VRamInKB(Start/Size):<NONE>
[2016.03.20-00.01.50:538][444]LogConsoleResponse:     91 = 900 KB (2D 640x360 PF_FloatRGB RT VRam) BloomBlurY unused(4) VRamInKB(Start/Size):<NONE>
[2016.03.20-00.01.50:538][444]LogConsoleResponse:     90 = 900 KB (2D 640x360 PF_FloatRGB RT VRam) LensFlares unused(4) VRamInKB(Start/Size):<NONE>
[2016.03.20-00.01.50:538][444]LogConsoleResponse:     49 = 768 KB (Cube 256 PF_ShadowDepth) CubeShadowDepthZ[]
[2016.03.20-00.01.50:538][444]LogConsoleResponse:     42 = 450 KB (2D 320x180 PF_FloatRGBA RT VRam) LensBlur unused(4) VRamInKB(Start/Size):<NONE>
[2016.03.20-00.01.50:538][444]LogConsoleResponse:     87 = 450 KB (2D 320x180 PF_FloatRGBA RT) VelocityBlurX unused(4)
[2016.03.20-00.01.50:538][444]LogConsoleResponse:     86 = 450 KB (2D 320x180 PF_FloatRGBA RT) VelocityBlurY unused(4)
[2016.03.20-00.01.50:538][444]LogConsoleResponse:      2 = 256 KB (2D 256x256 PF_B8G8R8A8) HZBResultsCPU
[2016.03.20-00.01.50:538][444]LogConsoleResponse:      1 = 256 KB (2D 256x256 PF_B8G8R8A8) HZBResultsCPU
[2016.03.20-00.01.50:538][444]LogConsoleResponse:      3 = 256 KB (2D 256x256 PF_B8G8R8A8) HZBResultsCPU
[2016.03.20-00.01.50:538][444]LogConsoleResponse:      4 = 256 KB (2D 256x256 PF_B8G8R8A8) HZBResultsCPU
[2016.03.20-00.01.50:538][444]LogConsoleResponse:     92 = 225 KB (2D 320x180 PF_FloatRGB RT VRam) BloomBlurY unused(4) VRamInKB(Start/Size):<NONE>
[2016.03.20-00.01.50:538][444]LogConsoleResponse:     69 = 225 KB (2D 320x180 PF_FloatRGB RT VRam) BloomDownsample1 unused(4) VRamInKB(Start/Size):<NONE>
[2016.03.20-00.01.50:538][444]LogConsoleResponse:     68 = 192 KB (Cube 128 PF_ShadowDepth) CubeShadowDepthZ[]
[2016.03.20-00.01.50:538][444]LogConsoleResponse:     21 = 128 KB (2D 256x64 PF_FloatRGBA RT) AtmosphereTransmittance
[2016.03.20-00.01.50:538][444]LogConsoleResponse:     41 = 128 KB (3D 32x32x32 PF_A2B10G10R10 RT) CombineLUTs unused(4)
[2016.03.20-00.01.50:538][444]LogConsoleResponse:     70 = 113 KB (2D 160x180 PF_FloatRGB RT VRam) BloomBlurX unused(4) VRamInKB(Start/Size):<NONE>
[2016.03.20-00.01.50:538][444]LogConsoleResponse:      7 = 64 KB (2D 128x128 PF_B8G8R8A8) PerlinNoiseGradient
[2016.03.20-00.01.50:538][444]LogConsoleResponse:     53 = 64 KB (Cube 32 PF_FloatRGBA RT) DiffuseIrradianceScratchCubemap0
[2016.03.20-00.01.50:538][444]LogConsoleResponse:     52 = 64 KB (Cube 32 PF_FloatRGBA RT) DiffuseIrradianceScratchCubemap1
[2016.03.20-00.01.50:538][444]LogConsoleResponse:     93 = 57 KB (2D 160x90 PF_FloatRGB RT VRam) BloomBlurY unused(4) VRamInKB(Start/Size):<NONE>
[2016.03.20-00.01.50:538][444]LogConsoleResponse:     14 = 43 KB (2D 128x128 PF_R16F RT VRam) HZB unused(1735) VRamInKB(Start/Size):<NONE>
[2016.03.20-00.01.50:538][444]LogConsoleResponse:     71 = 29 KB (2D 80x90 PF_FloatRGB RT VRam) BloomBlurX unused(4) VRamInKB(Start/Size):<NONE>
[2016.03.20-00.01.50:538][444]LogConsoleResponse:     11 = 16 KB (2D 128x32 PF_G16R16 VRam) PreintegratedGF VRamInKB(Start/Size):<NONE>
[2016.03.20-00.01.50:538][444]LogConsoleResponse:     10 = 16 KB (2D 64x64 PF_B8G8R8A8) SSAORandomization
[2016.03.20-00.01.50:538][444]LogConsoleResponse:      9 = 16 KB (3D 16x16x16 PF_B8G8R8A8) PerlinNoise3D
[2016.03.20-00.01.50:538][444]LogConsoleResponse:     94 = 15 KB (2D 80x45 PF_FloatRGB RT VRam) BloomBlurY unused(4) VRamInKB(Start/Size):<NONE>
[2016.03.20-00.01.50:538][444]LogConsoleResponse:     67 = 12 KB (Cube 32 PF_ShadowDepth) CubeShadowDepthZ[]
[2016.03.20-00.01.50:538][444]LogConsoleResponse:     25 = 11 KB (2D 64x64 PF_R16F RT VRam) HZB unused(1735) VRamInKB(Start/Size):<NONE>
[2016.03.20-00.01.50:538][444]LogConsoleResponse:     72 = 8 KB (2D 40x45 PF_FloatRGB RT VRam) BloomBlurX unused(4) VRamInKB(Start/Size):<NONE>
[2016.03.20-00.01.50:538][444]LogConsoleResponse:     19 = 8 KB (2D 64x16 PF_FloatRGBA RT) AtmosphereDeltaE
[2016.03.20-00.01.50:538][444]LogConsoleResponse:     20 = 8 KB (2D 64x16 PF_FloatRGBA RT) AtmosphereIrradiance
[2016.03.20-00.01.50:538][444]LogConsoleResponse:     78 = 4 KB (2D 40x23 PF_FloatRGB RT VRam) BloomBlurY unused(4) VRamInKB(Start/Size):<NONE>
[2016.03.20-00.01.50:538][444]LogConsoleResponse:     73 = 2 KB (2D 20x23 PF_FloatRGB RT VRam) BloomBlurX unused(4) VRamInKB(Start/Size):<NONE>
[2016.03.20-00.01.50:538][444]LogConsoleResponse:     74 = 1 KB (2D 10x12 PF_FloatRGB RT VRam) BloomBlurX unused(4) VRamInKB(Start/Size):<NONE>
[2016.03.20-00.01.50:538][444]LogConsoleResponse:      6 = 1 KB (2D 1x1 PF_B8G8R8A8 RT) BlackDummy
[2016.03.20-00.01.50:538][444]LogConsoleResponse:      5 = 1 KB (2D 1x1 PF_B8G8R8A8 RT) WhiteDummy
[2016.03.20-00.01.50:538][444]LogConsoleResponse:      8 = 1 KB (2D 1x1 PF_FloatRGBA RT) MaxFP16Depth
[2016.03.20-00.01.50:538][444]LogConsoleResponse:     60 = 1 KB (2D 1x1 PF_R32_FLOAT RT) EyeAdaptation
[2016.03.20-00.01.50:538][444]LogConsoleResponse:     50 = 1 KB (2D 1x1 PF_R32_FLOAT RT) ReflectionBrightness0
[2016.03.20-00.01.50:538][444]LogConsoleResponse:     77 = 1 KB (2D 20x12 PF_FloatRGB RT VRam) BloomBlurY unused(4) VRamInKB(Start/Size):<NONE>
[2016.03.20-00.01.50:538][444]LogConsoleResponse:     51 = 1 KB (2D 9x1 PF_FloatRGBA RT) SkySHIrradianceMap
[2016.03.20-00.01.50:538][444]LogConsoleResponse:     95 = 0 KB (2D 1280x720 PF_B8G8R8A8 RT VRam) UnknownTexture2D VRamInKB(Start/Size):<NONE>
[2016.03.20-00.01.50:538][444]LogConsoleResponse: 
[2016.03.20-00.01.50:538][444]LogConsoleResponse: Pool: 145/243 MB (referenced/allocated)
[2016.03.20-00.01.50:538][444]LogWindows: FPlatformMisc::RequestExit(1)
[2016.03.20-00.01.50:538][444]Log file closed, 03/19/16 20:01:50
