[2016.04.18-00.20.28:542][  0]Log file open, 04/17/16 20:20:28
[2016.04.18-00.20.28:542][  0]LogInit:Display: Running engine without a game
[2016.04.18-00.20.28:542][  0]LogPlatformFile: Not using cached read wrapper
[2016.04.18-00.20.28:542][  0]LogInit:Display: Loading recent project file: ../../../../../../My Media/UCF Documents/DIG 4725-2/HotelBete/Hotel.uproject
[2016.04.18-00.20.28:542][  0]LogInit:Display: RandInit(2025040726) SRandInit(2025040727).
[2016.04.18-00.20.28:542][  0]LogTaskGraph: Started task graph with 4 named threads and 7 total threads.
[2016.04.18-00.20.28:542][  0]LogStats: Stats thread started at 0.062704
[2016.04.18-00.20.28:542][  0]LogInit: Version: 4.10.2-2818068+++depot+UE4-Releases+4.10
[2016.04.18-00.20.28:542][  0]LogInit: API Version: 2758231
[2016.04.18-00.20.28:542][  0]LogInit: Compiled (64-bit): Jan  6 2016 17:36:42
[2016.04.18-00.20.28:542][  0]LogInit: Compiled with Visual C++: 19.00.23026.00
[2016.04.18-00.20.28:542][  0]LogInit: Build Configuration: Development
[2016.04.18-00.20.28:542][  0]LogInit: Branch Name: ++depot+UE4-Releases+4.10
[2016.04.18-00.20.28:542][  0]LogInit: Command line: -EpicPortal 
[2016.04.18-00.20.28:542][  0]LogInit: Base directory: F:/Program Files/Epic Games/4.10/Engine/Binaries/Win64/
[2016.04.18-00.20.28:542][  0]LogInit: Rocket: 1
[2016.04.18-00.20.28:546][  0]LogInit: Using libcurl 7.41.0
[2016.04.18-00.20.28:546][  0]LogInit:  - built for x86_64-pc-win32
[2016.04.18-00.20.28:546][  0]LogInit:  - supports SSL with WinSSL
[2016.04.18-00.20.28:546][  0]LogInit:  - other features:
[2016.04.18-00.20.28:546][  0]LogInit:      CURL_VERSION_SSL
[2016.04.18-00.20.28:546][  0]LogInit:      CURL_VERSION_IPV6
[2016.04.18-00.20.28:546][  0]LogInit:      CURL_VERSION_ASYNCHDNS
[2016.04.18-00.20.28:546][  0]LogInit:      CURL_VERSION_LARGEFILE
[2016.04.18-00.20.28:546][  0]LogInit:      CURL_VERSION_IDN
[2016.04.18-00.20.28:546][  0]LogInit:  CurlRequestOptions (configurable via config and command line):
[2016.04.18-00.20.28:546][  0]LogInit:  - bVerifyPeer = true  - Libcurl will verify peer certificate
[2016.04.18-00.20.28:546][  0]LogInit:  - bUseHttpProxy = false  - Libcurl will NOT use HTTP proxy
[2016.04.18-00.20.28:546][  0]LogInit:  - bDontReuseConnections = false  - Libcurl will reuse connections
[2016.04.18-00.20.28:546][  0]LogInit:  - CertBundlePath = nullptr  - Libcurl will use whatever was configured at build time.
[2016.04.18-00.20.28:549][  0]LogInit: Presizing for 0 objects not considered by GC, pre-allocating 0 bytes.
[2016.04.18-00.20.28:553][  0]LogInit: Object subsystem initialized
[2016.04.18-00.20.28:554][  0]LogInit: Selected Device Profile: [Windows]
[2016.04.18-00.20.28:554][  0]LogInit: Applying CVar settings loaded from the selected device profile: [Windows]
[2016.04.18-00.20.28:559][  0]LogInit: Computer: DESKTOP-0FTHH47
[2016.04.18-00.20.28:559][  0]LogInit: User: aehrl
[2016.04.18-00.20.28:559][  0]LogInit: CPU Page size=4096, Cores=4
[2016.04.18-00.20.28:559][  0]LogInit: High frequency timer resolution =3.984644 MHz
[2016.04.18-00.20.28:559][  0]LogMemory: Memory total: Physical=15.9GB (16GB approx)
[2016.04.18-00.20.28:559][  0]LogMemory: Platform Memory Stats for Windows
[2016.04.18-00.20.28:559][  0]LogMemory: Process Physical Memory: 56.27 MB used, 56.27 MB peak
[2016.04.18-00.20.28:559][  0]LogMemory: Process Virtual Memory: 58.69 MB used, 58.69 MB peak
[2016.04.18-00.20.28:559][  0]LogMemory: Physical Memory: 4288.98 MB used, 16322.88 MB total
[2016.04.18-00.20.28:559][  0]LogMemory: Virtual Memory: 384.80 MB used, 134217728.00 MB total
[2016.04.18-00.20.28:588][  0]LogTextLocalizationManager: No specific translations for ('en-US') exist, so ('en') translations will be used.
[2016.04.18-00.20.28:894][  0]LogD3D11RHI: Found D3D11 adapter 0: NVIDIA GeForce GTX 960 (Feature Level 11_0)
[2016.04.18-00.20.28:894][  0]LogD3D11RHI: Adapter has 1969MB of dedicated video memory, 0MB of dedicated system memory, and 8161MB of shared system memory, 3 output[s]
[2016.04.18-00.20.28:895][  0]LogD3D11RHI: Found D3D11 adapter 1: Microsoft Basic Render Driver (Feature Level 11_0)
[2016.04.18-00.20.28:895][  0]LogD3D11RHI: Adapter has 0MB of dedicated video memory, 0MB of dedicated system memory, and 8161MB of shared system memory, 0 output[s]
[2016.04.18-00.20.28:895][  0]LogD3D11RHI: Chosen D3D11 Adapter Id = 0
[2016.04.18-00.20.28:899][  0]LogD3D11RHI: !Direct3DDevice
[2016.04.18-00.20.28:899][  0]LogRHI: Texture pool is 1361 MB (70% of 1945 MB)
[2016.04.18-00.20.28:908][  0]LogD3D11RHI: Async texture creation enabled
[2016.04.18-00.20.28:917][  0]LogShaderCompilers: Guid format shader working directory is -15 characters bigger than the processId version (../../../../../../My Media/UCF Documents/DIG 4725-2/HotelBete/Intermediate/Shaders/WorkingDirectory/2456/).
[2016.04.18-00.20.28:917][  0]LogShaderCompilers: Cleaned the shader compiler working directory 'C:/Users/aehrl/AppData/Local/Temp/UnrealShaderWorkingDir/890B4C0F46500646F62D76B15DAA40BB/'.
[2016.04.18-00.20.28:917][  0]LogShaderCompilers:Display: Using Local Shader Compiler.
[2016.04.18-00.20.29:453][  0]LogTemp:Display: Loaded TP AllDesktopTargetPlatform
[2016.04.18-00.20.29:456][  0]LogTemp:Display: Loaded TP WindowsClientTargetPlatform
[2016.04.18-00.20.29:459][  0]LogTemp:Display: Loaded TP WindowsNoEditorTargetPlatform
[2016.04.18-00.20.29:461][  0]LogTemp:Display: Loaded TP WindowsServerTargetPlatform
[2016.04.18-00.20.29:463][  0]LogTemp:Display: Loaded TP WindowsTargetPlatform
[2016.04.18-00.20.29:465][  0]LogTemp:Display: Loaded TP AndroidTargetPlatform
[2016.04.18-00.20.29:467][  0]LogTemp:Display: Loaded TP Android_ASTCTargetPlatform
[2016.04.18-00.20.29:468][  0]LogTemp:Display: Loaded TP Android_ATCTargetPlatform
[2016.04.18-00.20.29:470][  0]LogTemp:Display: Loaded TP Android_DXTTargetPlatform
[2016.04.18-00.20.29:471][  0]LogTemp:Display: Loaded TP Android_ETC1TargetPlatform
[2016.04.18-00.20.29:473][  0]LogTemp:Display: Loaded TP Android_ETC2TargetPlatform
[2016.04.18-00.20.29:477][  0]LogTemp:Display: Loaded TP Android_MultiTargetPlatform
[2016.04.18-00.20.29:477][  0]LogTemp:Display: Loaded TP Android_PVRTCTargetPlatform
[2016.04.18-00.20.29:477][  0]LogTemp:Display: Loaded TP HTML5TargetPlatform
[2016.04.18-00.20.29:493][  0]LogTemp:Display: Loaded TP IOSTargetPlatform
[2016.04.18-00.20.29:495][  0]LogTemp:Display: Loaded TP LinuxNoEditorTargetPlatform
[2016.04.18-00.20.29:496][  0]LogTemp:Display: Loaded TP LinuxServerTargetPlatform
[2016.04.18-00.20.29:499][  0]LogTemp:Display: Loaded TP LinuxTargetPlatform
[2016.04.18-00.20.29:499][  0]LogTargetPlatformManager:Display: Building Assets For Windows
[2016.04.18-00.20.29:543][  0]LogDerivedDataCache:Display: Max Cache Size: 512 MB
[2016.04.18-00.20.29:572][  0]LogDerivedDataCache: Loaded boot cache 0.03s 41MB C:/Users/aehrl/AppData/Local/UnrealEngine/4.10/DerivedDataCache/Boot.ddc.
[2016.04.18-00.20.29:572][  0]LogDerivedDataCache:Display: Loaded Boot cache: C:/Users/aehrl/AppData/Local/UnrealEngine/4.10/DerivedDataCache/Boot.ddc
[2016.04.18-00.20.29:572][  0]LogDerivedDataCache: FDerivedDataBackendGraph:  Pak pak cache file ../../../../../../My Media/UCF Documents/DIG 4725-2/HotelBete/DerivedDataCache/DDC.ddp not found, will not use a pak cache.
[2016.04.18-00.20.29:572][  0]LogDerivedDataCache: Unable to find inner node Pak for hierarchical cache Hierarchy.
[2016.04.18-00.20.29:572][  0]LogDerivedDataCache: FDerivedDataBackendGraph:  CompressedPak pak cache file ../../../../../../My Media/UCF Documents/DIG 4725-2/HotelBete/DerivedDataCache/Compressed.ddp not found, will not use a pak cache.
[2016.04.18-00.20.29:572][  0]LogDerivedDataCache: Unable to find inner node CompressedPak for hierarchical cache Hierarchy.
[2016.04.18-00.20.29:612][  0]LogDerivedDataCache:Display: Pak cache opened for reading ../../../Engine/DerivedDataCache/Compressed.ddp.
[2016.04.18-00.20.29:624][  0]LogDerivedDataCache: Using Local data cache path C:/Users/aehrl/AppData/Local/UnrealEngine/Common/DerivedDataCache: Writable
[2016.04.18-00.20.29:789][  0]LogInit: Selected Device Profile: [Windows]
[2016.04.18-00.20.29:790][  0]LogContentStreaming: Texture pool size is 0.000000MB
[2016.04.18-00.20.29:856][  0]LogMeshUtilities: No automatic mesh reduction module available
[2016.04.18-00.20.29:856][  0]LogMeshUtilities: No automatic mesh merging module available
[2016.04.18-00.20.29:993][  0]LogInit: WinSock: version 1.1 (2.2), MaxSocks=32767, MaxUdp=65467
[2016.04.18-00.20.30:999][  0]LogAssetRegistry: FAssetRegistry took 0.0112 seconds to start up
[2016.04.18-00.20.31:005][  0]UdpMessaging: Initializing bridge on interface 0.0.0.0:0 to multicast group 230.0.0.1:6666.
[2016.04.18-00.20.31:174][  0]SourceControl: Info Source control is disabled
[2016.04.18-00.20.31:210][  0]SourceControl: Info Source control is disabled
[2016.04.18-00.20.31:215][  0]SourceControl: Info Source control is disabled
[2016.04.18-00.20.31:219][  0]SourceControl: Info Source control is disabled
[2016.04.18-00.20.31:343][  0]LogObj: 28802 objects as part of root set at end of initial load.
[2016.04.18-00.20.31:343][  0]LogUObjectAllocator: 6129768 out of 0 bytes used by permanent object pool.
[2016.04.18-00.20.31:382][  0]LogEngine: Initializing Engine...
[2016.04.18-00.20.31:383][  0]LogHMD: Can't find Oculus library dev build: is proper Runtime installed? Version: 0.8.0.0
[2016.04.18-00.20.31:385][  0]LogHMD: SteamVR failed to initialize.  Err: 110
[2016.04.18-00.20.31:457][  0]LogAIModule: Creating AISystem for world NewWorld
[2016.04.18-00.20.31:464][  0]LogInit: XAudio2 using 'Speakers (2- High Definition Audio Device)' : 2 channels at 44.1 kHz using 16 bits per sample (channel mask 0x3)
[2016.04.18-00.20.31:479][  0]LogInit: FAudioDevice initialized.
[2016.04.18-00.20.31:492][  0]LogDerivedDataCache: Saved boot cache 0.01s 41MB C:/Users/aehrl/AppData/Local/UnrealEngine/4.10/DerivedDataCache/Boot.ddc.
[2016.04.18-00.20.31:494][  0]LogInit: Texture streaming: Enabled
[2016.04.18-00.20.31:496][  0]LogAnalytics: Creating configured Analytics provider AnalyticsET
[2016.04.18-00.20.31:496][  0]LogAnalytics: [UEEditor.Rocket.Release] APIServer = http://et2.epicgames.com/ET2/. AppVersion = 4.10.2-2818068+++depot+UE4-Releases+4.10
[2016.04.18-00.20.31:496][  0]LogAnalytics: [UEEditor.Rocket.Release] SetUserId 0b01f67c451c321928712b89b2c25d66|b300224d71e64562a5bff06c2aaa78f8|4d10a4aa-bc91-4e54-b274-9b5f458b8e77
[2016.04.18-00.20.31:496][  0]LogAnalytics: [UEEditor.Rocket.Release] AnalyticsET::StartSession
[2016.04.18-00.20.31:502][  0]LogInit: Transaction tracking system initialized
[2016.04.18-00.20.31:513][  0]BlueprintLog: New page: Editor Load
[2016.04.18-00.20.31:551][  0]LocalizationService: Info Localization service is disabled
[2016.04.18-00.20.31:598][  0]LogConsoleResponse:Display: 
[2016.04.18-00.20.31:663][  0]LogCook:Display: Done creating registry. It took  0.00s.
[2016.04.18-00.20.31:693][  0]LogFileCache: Scanning file cache for directory 'F:/My Media/UCF Documents/DIG 4725-2/HotelBete/Content/' took 0.01s
[2016.04.18-00.20.31:693][  0]SourceControl: Info Source control is disabled
[2016.04.18-00.20.31:693][  0]Cmd: MAP LOAD FILE="../../../../../../My Media/UCF Documents/DIG 4725-2/HotelBete/Content/Hotel/Levels/Menu.umap" TEMPLATE=0 SHOWPROGRESS=1 FEATURELEVEL=3
[2016.04.18-00.20.31:693][  0]LightingResults: New page: Lighting Build
[2016.04.18-00.20.31:694][  0]MapCheck: New page: Map Check
[2016.04.18-00.20.31:694][  0]LightingResults: New page: Lighting Build
[2016.04.18-00.20.31:700][  0]LogParticles: Destroying 0 GPU particle simulations for FXSystem 0x00000237A8B476A0
[2016.04.18-00.20.32:044][  0]LogAIModule: Creating AISystem for world Menu
[2016.04.18-00.20.32:045][  0]LogEditorServer: Finished looking for orphan Actors (0.000 secs)
[2016.04.18-00.20.32:045][  0]Cmd: MAP CHECKDEP NOCLEARLOG
[2016.04.18-00.20.32:075][  0]MapCheck: Info Map check complete: 0 Error(s), 0 Warning(s), took 30.022ms to complete.
[2016.04.18-00.20.32:075][  0]LogFileHelpers: Loading map 'Menu' took 0.382
[2016.04.18-00.20.32:194][  0]LogCollectionManager: Loaded 0 collections in 0.000836 seconds
[2016.04.18-00.20.32:240][  0]LogFileCache: Scanning file cache for directory 'F:/My Media/UCF Documents/DIG 4725-2/HotelBete/Saved/Collections/' took 0.01s
[2016.04.18-00.20.32:241][  0]LogFileCache: Scanning file cache for directory 'F:/My Media/UCF Documents/DIG 4725-2/HotelBete/Content/Developers/aehrl/Collections/' took 0.01s
[2016.04.18-00.20.32:241][  0]LogFileCache: Scanning file cache for directory 'F:/My Media/UCF Documents/DIG 4725-2/HotelBete/Content/Collections/' took 0.01s
[2016.04.18-00.20.32:241][  0]LogCollectionManager: Rebuilt the GUID cache for 0 collections in 0.000001 seconds
[2016.04.18-00.20.32:245][  0]LogContentBrowser: Native class hierarchy populated in 0.0046 seconds. Added 1908 classes and 344 folders.
[2016.04.18-00.20.32:248][  0]LogContentBrowser: Native class hierarchy updated for 'WidgetCarousel' in 0.0002 seconds. Added 0 classes and 0 folders.
[2016.04.18-00.20.32:292][  0]LogContentBrowser: Native class hierarchy updated for 'AddContentDialog' in 0.0002 seconds. Added 0 classes and 0 folders.
[2016.04.18-00.20.32:294][  0]LogContentBrowser: Native class hierarchy updated for 'SceneOutliner' in 0.0002 seconds. Added 1 classes and 2 folders.
[2016.04.18-00.20.32:305][  0]LogCrashTracker: Crashtracker disabled due to settings.
[2016.04.18-00.20.32:309][  0]LogUObjectGlobals:Warning: Failed to find object 'Class None.'
[2016.04.18-00.20.32:330][  0]LogLoad: Full Startup: 4.12 seconds (BP compile: 0.07 seconds)
[2016.04.18-00.20.32:340][  0]LogOcInput: Can't find Oculus library dev build: is proper Runtime installed? Version: 0.8.0.0
[2016.04.18-00.20.32:379][  0]LogContentStreaming: Texture pool size now 1000 MB
[2016.04.18-00.20.32:474][  0]LogRenderer: Reallocating scene render targets to support 1208x608 (Frame:2).
[2016.04.18-00.20.32:585][  4]LogAssetRegistry: Asset discovery search completed in 1.5975 seconds
[2016.04.18-00.20.32:585][  4]LogCollectionManager: Rebuilt the object cache for 0 collections in 0.000000 seconds (found 0 objects)
[2016.04.18-00.20.32:585][  4]LogCollectionManager: Fixed up redirectors for 0 collections in 0.000011 seconds (updated 0 objects)
[2016.04.18-00.20.52:362][373]LogMaterial: Missing cached shader map for material M_Wood_Oak, compiling. 
[2016.04.18-00.20.52:363][373]LogMaterial:Warning: Failed to compile Material /Game/StarterContent/Materials/M_Wood_Oak.M_Wood_Oak for platform PCD3D_SM5, Default Material will be used in game.
[2016.04.18-00.20.52:363][373]LogMaterial:Warning: 	(Node TextureSample) TextureSample> Missing input texture
[2016.04.18-00.20.52:552][373]LogAIModule: Creating AISystem for world World
[2016.04.18-00.20.52:553][373]LogParticles:Warning: InitializeSystem called on an unregistered component. Template=/Game/StarterContent/Particles/Breath.Breath Component=/Game/Hotel/Levels/World.World:PersistentLevel.Breath.ParticleSystemComponent0
[2016.04.18-00.20.52:553][373]LogParticles:Warning: InitializeSystem called on an unregistered component. Template=/Game/StarterContent/Particles/ItemMarker.ItemMarker Component=/Game/Hotel/Levels/World.World:PersistentLevel.ItemMarker.ParticleSystemComponent0
[2016.04.18-00.20.52:553][373]LogParticles:Warning: InitializeSystem called on an unregistered component. Template=/Game/StarterContent/Particles/Dust.Dust Component=/Game/Hotel/Levels/World.World:PersistentLevel.Dust_2.ParticleSystemComponent0
[2016.04.18-00.20.52:554][373]LogParticles:Warning: InitializeSystem called on an unregistered component. Template=/Game/StarterContent/Particles/Dust.Dust Component=/Game/Hotel/Levels/World.World:PersistentLevel.Dust2.ParticleSystemComponent0
[2016.04.18-00.20.52:554][373]LogParticles:Warning: InitializeSystem called on an unregistered component. Template=/Game/StarterContent/Particles/Dust.Dust Component=/Game/Hotel/Levels/World.World:PersistentLevel.Dust3.ParticleSystemComponent0
[2016.04.18-00.20.52:674][373]Cmd: MAP LOAD FILE="../../../../../../My Media/UCF Documents/DIG 4725-2/HotelBete/Content/Hotel/Levels/World.umap" TEMPLATE=0 SHOWPROGRESS=1 FEATURELEVEL=3
[2016.04.18-00.20.52:675][373]LightingResults: New page: Lighting Build
[2016.04.18-00.20.52:687][373]LoadErrors: New page: Loading map: World.umap
[2016.04.18-00.20.52:687][373]MapCheck: New page: Map Check
[2016.04.18-00.20.52:687][373]LightingResults: New page: Lighting Build
[2016.04.18-00.20.52:699][373]LogParticles: Destroying 0 GPU particle simulations for FXSystem 0x000002379C41BA60
[2016.04.18-00.20.52:731][373]LogEditorServer: Finished looking for orphan Actors (0.000 secs)
[2016.04.18-00.20.52:758][373]Cmd: MAP CHECKDEP NOCLEARLOG
[2016.04.18-00.20.52:833][373]MapCheck: Info Map check complete: 0 Error(s), 0 Warning(s), took 75.307ms to complete.
[2016.04.18-00.20.52:834][373]LogFileHelpers: Loading map 'World' took 0.160
[2016.04.18-00.20.52:836][373]LoadErrors:Error: Error /Game/FirstPersonBP/Blueprints/Enemy : Failed import for Enemy_C /Game/Hotel/Blueprints/Enemies/Enemy.Default__Enemy_C [redirection] in /Game/FirstPersonBP/Blueprints/Enemy
[2016.04.18-00.20.52:836][373]LoadErrors:Error: Error /Game/Hotel/Levels/World : Failed import for ObjectProperty /Game/FirstPersonBP/Blueprints/FirstPersonGameMode.FirstPersonGameMode_C:Ghost Room 7
[2016.04.18-00.21.04:865][161]Cmd: OBJ SAVEPACKAGE PACKAGE="/Game/Hotel/Levels/World" FILE="../../../../../../My Media/UCF Documents/DIG 4725-2/HotelBete/Content/Hotel/Levels/World.umap" SILENT=true AUTOSAVING=false KEEPDIRTY=false
[2016.04.18-00.21.07:494][161]LogSavePackage: Save=2593.225586ms
[2016.04.18-00.21.07:494][161]LogSavePackage: Moving '../../../../../../My Media/UCF Documents/DIG 4725-2/HotelBete/Saved/World404A4002476DCB4DAE3CF1B8D4F94261.tmp' to '../../../../../../My Media/UCF Documents/DIG 4725-2/HotelBete/Content/Hotel/Levels/World.umap'
[2016.04.18-00.21.07:498][161]LogSavePackage: Total save time: 2618.616369ms
[2016.04.18-00.21.07:498][161]LogSavePackage:Display: Finished SavePackage ../../../../../../My Media/UCF Documents/DIG 4725-2/HotelBete/Content/Hotel/Levels/World.umap
[2016.04.18-00.21.07:512][161]LogFileHelpers: Saving map 'World' took 2.747
[2016.04.18-00.21.12:603][535]LogBlueprintUserMessages: Early PlayInEditor Detection: Level '/Game/Hotel/Levels/World.World:PersistentLevel' has LevelScriptBlueprint '/Game/Hotel/Levels/World.World:PersistentLevel.World' with GeneratedClass '/Game/Hotel/Levels/World.World_C' with ClassGeneratedBy '/Game/Hotel/Levels/World.World:PersistentLevel.World'
[2016.04.18-00.21.12:603][535]LogPlayLevel: PlayLevel: No blueprints needed recompiling
[2016.04.18-00.21.12:603][535]PIE: New page: PIE session: World (Apr 17, 2016, 4:21:12 PM)
[2016.04.18-00.21.12:603][535]LogPlayLevel: Creating play world package: /Game/Hotel/Levels/UEDPIE_0_World
[2016.04.18-00.21.12:644][535]LogPlayLevel: PIE: StaticDuplicateObject took: (0.040584s)
[2016.04.18-00.21.12:644][535]LogAIModule: Creating AISystem for world World
[2016.04.18-00.21.12:644][535]LogPlayLevel: PIE: World Init took: (0.000565s)
[2016.04.18-00.21.12:645][535]LogPlayLevel: PIE: Created PIE world by copying editor world from /Game/Hotel/Levels/World.World to /Game/Hotel/Levels/UEDPIE_0_World.World (0.041467s)
[2016.04.18-00.21.12:665][535]LogInit: XAudio2 using 'Speakers (2- High Definition Audio Device)' : 2 channels at 44.1 kHz using 16 bits per sample (channel mask 0x3)
[2016.04.18-00.21.12:671][535]LogInit: FAudioDevice initialized.
[2016.04.18-00.21.12:797][535]LogWorld: Game class is 'FirstPersonGameMode_C'
[2016.04.18-00.21.12:855][535]LogWorld: Bringing World /Game/Hotel/Levels/UEDPIE_0_World.World up for play (max tick rate 0) at 2016.04.17-20.21.12
[2016.04.18-00.21.12:855][535]LogActor:Warning: GameSession /Game/Hotel/Levels/UEDPIE_0_World.World:PersistentLevel.GameSession_0 has natively added scene component(s), but none of them were set as the actor's RootComponent - picking one arbitrarily
[2016.04.18-00.21.12:855][535]LogActor:Warning: GameNetworkManager /Game/Hotel/Levels/UEDPIE_0_World.World:PersistentLevel.GameNetworkManager_0 has natively added scene component(s), but none of them were set as the actor's RootComponent - picking one arbitrarily
[2016.04.18-00.21.12:858][535]LogWorld: Bringing up level for play took: 0.060965
[2016.04.18-00.21.12:873][535]PIE: Info Play in editor start time for /Game/Hotel/Levels/UEDPIE_0_World -0.269
[2016.04.18-00.21.12:873][535]LogBlueprintUserMessages: Late PlayInEditor Detection: Level '/Game/Hotel/Levels/World.World:PersistentLevel' has LevelScriptBlueprint '/Game/Hotel/Levels/World.World:PersistentLevel.World' with GeneratedClass '/Game/Hotel/Levels/World.World_C' with ClassGeneratedBy '/Game/Hotel/Levels/World.World:PersistentLevel.World'
[2016.04.18-00.21.12:903][536]LogRenderer: Reallocating scene render targets to support 1280x720 (Frame:1439).
[2016.04.18-00.21.26:851][314]LogBlueprintUserMessages: [Ghost_C_1] 5
[2016.04.18-00.21.26:967][320]LogBlueprintUserMessages: [Ghost_C_1] 10
[2016.04.18-00.21.27:085][326]LogBlueprintUserMessages: [Ghost_C_1] 15
[2016.04.18-00.21.27:203][332]LogBlueprintUserMessages: [Ghost_C_1] 20
[2016.04.18-00.21.27:323][338]LogBlueprintUserMessages: [Ghost_C_1] 25
[2016.04.18-00.21.27:443][344]LogBlueprintUserMessages: [Ghost_C_1] 30
[2016.04.18-00.21.27:543][349]LogBlueprintUserMessages: [Ghost_C_1] 35
[2016.04.18-00.21.27:643][354]LogBlueprintUserMessages: [Ghost_C_1] 40
[2016.04.18-00.21.27:744][359]LogBlueprintUserMessages: [Ghost_C_1] 45
[2016.04.18-00.21.27:846][364]LogBlueprintUserMessages: [Ghost_C_1] 50
[2016.04.18-00.21.27:949][369]LogBlueprintUserMessages: [Ghost_C_1] 55
[2016.04.18-00.21.28:052][374]LogBlueprintUserMessages: [Ghost_C_1] 60
[2016.04.18-00.21.28:161][379]LogBlueprintUserMessages: [Ghost_C_1] 65
[2016.04.18-00.21.29:421][440]LogBlueprintUserMessages: [Ghost_C_1] 70
[2016.04.18-00.21.30:771][508]LogBlueprintUserMessages: [Ghost_C_1] 75
[2016.04.18-00.21.35:221][733]LogBlueprintUserMessages: [Ghost_C_1] 80
[2016.04.18-00.21.35:337][739]LogBlueprintUserMessages: [Ghost_C_1] 85
[2016.04.18-00.21.35:455][745]LogBlueprintUserMessages: [Ghost_C_1] 90
[2016.04.18-00.21.35:573][751]LogBlueprintUserMessages: [Ghost_C_1] 95
[2016.04.18-00.21.35:691][757]LogBlueprintUserMessages: [Ghost_C_1] 100
[2016.04.18-00.21.35:691][757]LogScript:Warning: Accessed None 'Heartbeat'
	Player_C /Game/Hotel/Levels/UEDPIE_0_World.World:PersistentLevel.Player_C_0
	Function /Game/Hotel/Blueprints/Player/Player.Player_C:ExecuteUbergraph_Player:189B
[2016.04.18-00.21.35:691][757]PIE:Error: Error Accessed None 'Heartbeat' from node Branch in graph 'EventGraph' in blueprint Player
[2016.04.18-00.21.35:692][757]LogScript:Warning: Accessed None 'Heartbeat'
	GameBeat_C /Engine/Transient.UnrealEdEngine_0:GameInstance_0.GameBeat_C_0
	Function /Game/Hotel/Blueprints/Widgets/GameBeat.GameBeat_C:ExecuteUbergraph_GameBeat:0231
[2016.04.18-00.21.35:692][757]PIE:Error: Error Accessed None 'Heartbeat' from node Fade Out in graph 'EventGraph' in blueprint GameBeat
[2016.04.18-00.21.41:592][ 60]LogBlueprintUserMessages: Early EndPlayMap Detection: Level '/Game/Hotel/Levels/World.World:PersistentLevel' has LevelScriptBlueprint '/Game/Hotel/Levels/World.World:PersistentLevel.World' with GeneratedClass '/Game/Hotel/Levels/World.World_C' with ClassGeneratedBy '/Game/Hotel/Levels/World.World:PersistentLevel.World'
[2016.04.18-00.21.41:651][ 60]LogBlueprintUserMessages: Late EndPlayMap Detection: Level '/Game/Hotel/Levels/World.World:PersistentLevel' has LevelScriptBlueprint '/Game/Hotel/Levels/World.World:PersistentLevel.World' with GeneratedClass '/Game/Hotel/Levels/World.World_C' with ClassGeneratedBy '/Game/Hotel/Levels/World.World:PersistentLevel.World'
[2016.04.18-00.21.41:693][ 60]LogParticles: Destroying 0 GPU particle simulations for FXSystem 0x00000237BEFECC20
[2016.04.18-00.21.46:123][388]LogWindowsTextInputMethodSystem:Display: IME system now deactivated.
[2016.04.18-00.21.46:285][389]Cmd: QUIT_EDITOR
[2016.04.18-00.21.46:616][389]LogExit: Preparing to exit.
[2016.04.18-00.21.47:091][389]LogExit: Editor shut down
[2016.04.18-00.21.47:094][389]LogExit: Transaction tracking system shut down
[2016.04.18-00.21.47:100][389]LogParticles: Destroying 0 GPU particle simulations for FXSystem 0x00000237AEE6F880
[2016.04.18-00.21.47:100][389]LogParticles: Destroying 0 GPU particle simulations for FXSystem 0x00000237BD301EE0
[2016.04.18-00.21.47:113][389]LogParticles: Destroying 0 GPU particle simulations for FXSystem 0x00000237E69A5800
[2016.04.18-00.21.47:114][389]LogParticles: Destroying 0 GPU particle simulations for FXSystem 0x00000237B501A980
[2016.04.18-00.21.47:300][389]LogExit: Object subsystem successfully closed.
[2016.04.18-00.21.47:313][389]LogD3D11RHI: Shutdown
[2016.04.18-00.21.47:313][389]LogD3D11RHI: CleanupD3DDevice
[2016.04.18-00.21.47:399][389]LogD3D11RHI: ~FD3D11DynamicRHI
[2016.04.18-00.21.47:406][389]LogModuleManager: Shutting down and abandoning module CookingStats (201)
[2016.04.18-00.21.47:406][389]LogModuleManager: Shutting down and abandoning module CrashTracker (200)
[2016.04.18-00.21.47:406][389]LogModuleManager: Shutting down and abandoning module SceneOutliner (199)
[2016.04.18-00.21.47:406][389]LogModuleManager: Shutting down and abandoning module SuperSearch (198)
[2016.04.18-00.21.47:406][389]LogModuleManager: Shutting down and abandoning module WidgetCarousel (197)
[2016.04.18-00.21.47:406][389]LogModuleManager: Shutting down and abandoning module AddContentDialog (196)
[2016.04.18-00.21.47:407][389]LogModuleManager: Shutting down and abandoning module EditorWidgets (195)
[2016.04.18-00.21.47:407][389]LogModuleManager: Shutting down and abandoning module CollectionManager (194)
[2016.04.18-00.21.47:407][389]LogModuleManager: Shutting down and abandoning module StatsViewer (193)
[2016.04.18-00.21.47:407][389]LogModuleManager: Shutting down and abandoning module FoliageEdit (192)
[2016.04.18-00.21.47:407][389]LogModuleManager: Shutting down and abandoning module LandscapeEditor (191)
[2016.04.18-00.21.47:407][389]LogModuleManager: Shutting down and abandoning module ActorPickerMode (190)
[2016.04.18-00.21.47:407][389]LogModuleManager: Shutting down and abandoning module GeometryMode (189)
[2016.04.18-00.21.47:407][389]LogModuleManager: Shutting down and abandoning module TextureAlignMode (188)
[2016.04.18-00.21.47:407][389]LogModuleManager: Shutting down and abandoning module BspMode (187)
[2016.04.18-00.21.47:407][389]LogModuleManager: Shutting down and abandoning module PlacementMode (186)
[2016.04.18-00.21.47:407][389]LogModuleManager: Shutting down and abandoning module AutomationWorker (185)
[2016.04.18-00.21.47:407][389]LogModuleManager: Shutting down and abandoning module CharacterAI (184)
[2016.04.18-00.21.47:407][389]LogModuleManager: Shutting down and abandoning module SmartSnapping (183)
[2016.04.18-00.21.47:407][389]LogModuleManager: Shutting down and abandoning module ViewportSnapping (182)
[2016.04.18-00.21.47:407][389]LogModuleManager: Shutting down and abandoning module LogVisualizer (181)
[2016.04.18-00.21.47:407][389]LogModuleManager: Shutting down and abandoning module GameProjectGeneration (180)
[2016.04.18-00.21.47:407][389]LogModuleManager: Shutting down and abandoning module IntroTutorials (179)
[2016.04.18-00.21.47:407][389]LogModuleManager: Shutting down and abandoning module EditorLiveStreaming (178)
[2016.04.18-00.21.47:408][389]LogModuleManager: Shutting down and abandoning module IOSPlatformEditor (177)
[2016.04.18-00.21.47:408][389]LogModuleManager: Shutting down and abandoning module HTML5PlatformEditor (176)
[2016.04.18-00.21.47:408][389]LogModuleManager: Shutting down and abandoning module AndroidDeviceDetection (175)
[2016.04.18-00.21.47:590][389]LogModuleManager: Shutting down and abandoning module AndroidPlatformEditor (174)
[2016.04.18-00.21.47:590][389]LogModuleManager: Shutting down and abandoning module IOSRuntimeSettings (173)
[2016.04.18-00.21.47:590][389]LogModuleManager: Shutting down and abandoning module AndroidRuntimeSettings (172)
[2016.04.18-00.21.47:590][389]LogModuleManager: Shutting down and abandoning module MergeActors (171)
[2016.04.18-00.21.47:590][389]LogModuleManager: Shutting down and abandoning module SizeMap (170)
[2016.04.18-00.21.47:590][389]LogModuleManager: Shutting down and abandoning module TreeMap (169)
[2016.04.18-00.21.47:590][389]LogModuleManager: Shutting down and abandoning module ReferenceViewer (168)
[2016.04.18-00.21.47:590][389]LogModuleManager: Shutting down and abandoning module LocalizationService (167)
[2016.04.18-00.21.47:590][389]LogModuleManager: Shutting down and abandoning module LocalizationDashboard (166)
[2016.04.18-00.21.47:590][389]LogModuleManager: Shutting down and abandoning module HardwareTargeting (165)
[2016.04.18-00.21.47:590][389]LogModuleManager: Shutting down and abandoning module DeviceProfileEditor (164)
[2016.04.18-00.21.47:590][389]LogModuleManager: Shutting down and abandoning module UndoHistory (163)
[2016.04.18-00.21.47:590][389]LogModuleManager: Shutting down and abandoning module GameplayTagsEditor (162)
[2016.04.18-00.21.47:590][389]LogModuleManager: Shutting down and abandoning module UserFeedback (161)
[2016.04.18-00.21.47:590][389]LogModuleManager: Shutting down and abandoning module XmlParser (160)
[2016.04.18-00.21.47:590][389]LogModuleManager: Shutting down and abandoning module Blutility (159)
[2016.04.18-00.21.47:590][389]LogModuleManager: Shutting down and abandoning module ProjectTargetPlatformEditor (158)
[2016.04.18-00.21.47:590][389]LogModuleManager: Shutting down and abandoning module ProjectSettingsViewer (157)
[2016.04.18-00.21.47:590][389]LogModuleManager: Shutting down and abandoning module InputBindingEditor (156)
[2016.04.18-00.21.47:590][389]LogModuleManager: Shutting down and abandoning module EditorSettingsViewer (155)
[2016.04.18-00.21.47:590][389]LogModuleManager: Shutting down and abandoning module SettingsEditor (154)
[2016.04.18-00.21.47:590][389]LogModuleManager: Shutting down and abandoning module ProjectLauncher (153)
[2016.04.18-00.21.47:590][389]LogModuleManager: Shutting down and abandoning module SessionFrontend (152)
[2016.04.18-00.21.47:590][389]LogModuleManager: Shutting down and abandoning module ProfilerClient (151)
[2016.04.18-00.21.47:590][389]LogModuleManager: Shutting down and abandoning module TargetDeviceServices (150)
[2016.04.18-00.21.47:590][389]LogModuleManager: Shutting down and abandoning module DeviceManager (149)
[2016.04.18-00.21.47:590][389]LogModuleManager: Shutting down and abandoning module AutomationController (148)
[2016.04.18-00.21.47:590][389]LogModuleManager: Shutting down and abandoning module AutomationWindow (147)
[2016.04.18-00.21.47:590][389]LogModuleManager: Shutting down and abandoning module Layers (146)
[2016.04.18-00.21.47:590][389]LogModuleManager: Shutting down and abandoning module ComponentVisualizers (145)
[2016.04.18-00.21.47:590][389]LogModuleManager: Shutting down and abandoning module DetailCustomizations (144)
[2016.04.18-00.21.47:590][389]LogModuleManager: Shutting down and abandoning module PackagesDialog (143)
[2016.04.18-00.21.47:590][389]LogModuleManager: Shutting down and abandoning module Persona (142)
[2016.04.18-00.21.47:590][389]LogModuleManager: Shutting down and abandoning module Kismet (141)
[2016.04.18-00.21.47:590][389]LogModuleManager: Shutting down and abandoning module GraphEditor (140)
[2016.04.18-00.21.47:590][389]LogModuleManager: Shutting down and abandoning module ClassViewer (139)
[2016.04.18-00.21.47:590][389]LogModuleManager: Shutting down and abandoning module Toolbox (138)
[2016.04.18-00.21.47:590][389]LogModuleManager: Shutting down and abandoning module ModuleUI (137)
[2016.04.18-00.21.47:590][389]LogModuleManager: Shutting down and abandoning module MovieSceneTools (136)
[2016.04.18-00.21.47:590][389]LogModuleManager: Shutting down and abandoning module OutputLog (135)
[2016.04.18-00.21.47:590][389]LogModuleManager: Shutting down and abandoning module GammaUI (134)
[2016.04.18-00.21.47:590][389]LogModuleManager: Shutting down and abandoning module Documentation (133)
[2016.04.18-00.21.47:590][389]LogModuleManager: Shutting down and abandoning module GameLiveStreaming (132)
[2016.04.18-00.21.47:590][389]LogModuleManager: Shutting down and abandoning module StreamingPauseRendering (131)
[2016.04.18-00.21.47:590][389]LogModuleManager: Shutting down and abandoning module AnalyticsET (130)
[2016.04.18-00.21.47:590][389]LogModuleManager: Shutting down and abandoning module Analytics (129)
[2016.04.18-00.21.47:590][389]LogModuleManager: Shutting down and abandoning module AITestSuite (128)
[2016.04.18-00.21.47:590][389]LogModuleManager: Shutting down and abandoning module GameplayDebugger (127)
[2016.04.18-00.21.47:590][389]LogModuleManager: Shutting down and abandoning module AIModule (126)
[2016.04.18-00.21.47:590][389]LogModuleManager: Shutting down and abandoning module ProfilerService (125)
[2016.04.18-00.21.47:684][389]LogModuleManager: Shutting down and abandoning module TaskGraph (124)
[2016.04.18-00.21.47:684][389]LogModuleManager: Shutting down and abandoning module SubstanceEditor (123)
[2016.04.18-00.21.47:684][389]LogModuleManager: Shutting down and abandoning module SlateRemote (122)
[2016.04.18-00.21.47:684][389]LogModuleManager: Shutting down and abandoning module SteamVRController (121)
[2016.04.18-00.21.47:684][389]LogModuleManager: Shutting down and abandoning module SteamVR (120)
[2016.04.18-00.21.47:684][389]LogModuleManager: Shutting down and abandoning module ProceduralMeshComponent (119)
[2016.04.18-00.21.47:684][389]LogModuleManager: Shutting down and abandoning module OculusLibrary (118)
[2016.04.18-00.21.47:684][389]LogModuleManager: Shutting down and abandoning module OculusInput (117)
[2016.04.18-00.21.47:684][389]LogModuleManager: Shutting down and abandoning module LeapMotionController (116)
[2016.04.18-00.21.47:698][389]LogModuleManager: Shutting down and abandoning module CustomMeshComponent (115)
[2016.04.18-00.21.47:698][389]LogModuleManager: Shutting down and abandoning module CableComponent (114)
[2016.04.18-00.21.47:698][389]LogModuleManager: Shutting down and abandoning module ArchVisCharacter (113)
[2016.04.18-00.21.47:698][389]LogModuleManager: Shutting down and abandoning module MessagingDebugger (112)
[2016.04.18-00.21.47:698][389]LogModuleManager: Shutting down and abandoning module MediaPlayerEditor (111)
[2016.04.18-00.21.47:698][389]LogModuleManager: Shutting down and abandoning module HTML5Networking (110)
[2016.04.18-00.21.47:698][389]LogModuleManager: Shutting down and abandoning module SpeedTreeImporter (109)
[2016.04.18-00.21.47:698][389]LogModuleManager: Shutting down and abandoning module PluginBrowser (108)
[2016.04.18-00.21.47:698][389]LogModuleManager: Shutting down and abandoning module EpicSurvey (107)
[2016.04.18-00.21.47:698][389]LogModuleManager: Shutting down and abandoning module DesktopPlatform (106)
[2016.04.18-00.21.47:698][389]LogModuleManager: Shutting down and abandoning module VisualStudioSourceCodeAccess (105)
[2016.04.18-00.21.47:698][389]LogModuleManager: Shutting down and abandoning module UObjectPlugin (104)
[2016.04.18-00.21.47:698][389]LogModuleManager: Shutting down and abandoning module SubversionSourceControl (103)
[2016.04.18-00.21.47:698][389]LogModuleManager: Shutting down and abandoning module PerforceSourceControl (102)
[2016.04.18-00.21.47:698][389]LogModuleManager: Shutting down and abandoning module SourceControl (101)
[2016.04.18-00.21.47:698][389]LogModuleManager: Shutting down and abandoning module GitSourceControl (100)
[2016.04.18-00.21.47:698][389]LogModuleManager: Shutting down and abandoning module LightPropagationVolumeEditor (99)
[2016.04.18-00.21.47:698][389]LogModuleManager: Shutting down and abandoning module PaperTiledImporter (98)
[2016.04.18-00.21.47:698][389]LogModuleManager: Shutting down and abandoning module PaperSpriteSheetImporter (97)
[2016.04.18-00.21.47:698][389]LogModuleManager: Shutting down and abandoning module MeshPaint (96)
[2016.04.18-00.21.47:698][389]LogModuleManager: Shutting down and abandoning module SlateReflector (95)
[2016.04.18-00.21.47:698][389]LogModuleManager: Shutting down and abandoning module HotReload (94)
[2016.04.18-00.21.47:698][389]LogModuleManager: Shutting down and abandoning module MainFrame (93)
[2016.04.18-00.21.47:698][389]LogModuleManager: Shutting down and abandoning module LevelEditor (92)
[2016.04.18-00.21.47:699][389]LogModuleManager: Shutting down and abandoning module ContentBrowser (91)
[2016.04.18-00.21.47:699][389]LogModuleManager: Shutting down and abandoning module Paper2DEditor (90)
[2016.04.18-00.21.47:699][389]LogModuleManager: Shutting down and abandoning module UdpMessaging (89)
[2016.04.18-00.21.47:800][389]LogModuleManager: Shutting down and abandoning module DirectoryWatcher (88)
[2016.04.18-00.21.47:800][389]LogModuleManager: Shutting down and abandoning module AssetRegistry (87)
[2016.04.18-00.21.47:939][389]LogModuleManager: Shutting down and abandoning module SubstanceCore (86)
[2016.04.18-00.21.47:939][389]LogModuleManager: Shutting down and abandoning module LightPropagationVolumeRuntime (85)
[2016.04.18-00.21.47:939][389]LogModuleManager: Shutting down and abandoning module Paper2D (84)
[2016.04.18-00.21.47:939][389]LogModuleManager: Shutting down and abandoning module WindowsMoviePlayer (83)
[2016.04.18-00.21.47:943][389]LogModuleManager: Shutting down and abandoning module Media (82)
[2016.04.18-00.21.47:943][389]LogModuleManager: Shutting down and abandoning module WmfMedia (81)
[2016.04.18-00.21.47:943][389]LogModuleManager: Shutting down and abandoning module OnlineBlueprintSupport (80)
[2016.04.18-00.21.47:943][389]LogModuleManager: Shutting down and abandoning module GameplayTasksEditor (79)
[2016.04.18-00.21.47:943][389]LogModuleManager: Shutting down and abandoning module PropertyEditor (78)
[2016.04.18-00.21.47:943][389]LogModuleManager: Shutting down and abandoning module BehaviorTreeEditor (77)
[2016.04.18-00.21.47:943][389]LogModuleManager: Shutting down and abandoning module FunctionalTesting (76)
[2016.04.18-00.21.47:943][389]LogModuleManager: Shutting down and abandoning module CollisionAnalyzer (75)
[2016.04.18-00.21.47:943][389]LogModuleManager: Shutting down and abandoning module WorkspaceMenuStructure (74)
[2016.04.18-00.21.47:943][389]LogModuleManager: Shutting down and abandoning module MessageLog (73)
[2016.04.18-00.21.47:943][389]LogModuleManager: Shutting down and abandoning module Sequencer (72)
[2016.04.18-00.21.47:943][389]LogModuleManager: Shutting down and abandoning module AssetTools (71)
[2016.04.18-00.21.47:943][389]LogModuleManager: Shutting down and abandoning module UMGEditor (70)
[2016.04.18-00.21.47:943][389]LogModuleManager: Shutting down and abandoning module UMG (69)
[2016.04.18-00.21.47:943][389]LogModuleManager: Shutting down and abandoning module Slate (68)
[2016.04.18-00.21.47:943][389]LogModuleManager: Shutting down and abandoning module EditorStyle (67)
[2016.04.18-00.21.47:944][389]LogModuleManager: Shutting down and abandoning module SessionServices (66)
[2016.04.18-00.21.47:944][389]LogModuleManager: Shutting down and abandoning module SourceCodeAccess (65)
[2016.04.18-00.21.47:944][389]LogModuleManager: Shutting down and abandoning module HeadMountedDisplay (64)
[2016.04.18-00.21.47:944][389]LogModuleManager: Shutting down and abandoning module XAudio2 (63)
[2016.04.18-00.21.47:944][389]LogModuleManager: Shutting down and abandoning module Networking (61)
[2016.04.18-00.21.47:944][389]LogModuleManager: Shutting down and abandoning module Core (60)
[2016.04.18-00.21.47:944][389]LogModuleManager: Shutting down and abandoning module KismetCompiler (59)
[2016.04.18-00.21.47:944][389]LogModuleManager: Shutting down and abandoning module PhysXFormats (58)
[2016.04.18-00.21.47:944][389]LogModuleManager: Shutting down and abandoning module MeshUtilities (57)
[2016.04.18-00.21.47:944][389]LogModuleManager: Shutting down and abandoning module DerivedDataCache (56)
[2016.04.18-00.21.48:149][389]LogDerivedDataCache: Shutdown
[2016.04.18-00.21.48:149][389]LogModuleManager: Shutting down and abandoning module ShaderFormatOpenGL (55)
[2016.04.18-00.21.48:149][389]LogModuleManager: Shutting down and abandoning module ShaderFormatD3D (54)
[2016.04.18-00.21.48:149][389]LogModuleManager: Shutting down and abandoning module MetalShaderFormat (53)
[2016.04.18-00.21.48:149][389]LogModuleManager: Shutting down and abandoning module TextureFormatUncompressed (52)
[2016.04.18-00.21.48:149][389]LogModuleManager: Shutting down and abandoning module TextureFormatPVR (51)
[2016.04.18-00.21.48:149][389]LogModuleManager: Shutting down and abandoning module TextureFormatIntelISPCTexComp (50)
[2016.04.18-00.21.48:149][389]LogModuleManager: Shutting down and abandoning module TextureFormatDXT (49)
[2016.04.18-00.21.48:149][389]LogModuleManager: Shutting down and abandoning module ImageWrapper (48)
[2016.04.18-00.21.48:149][389]LogModuleManager: Shutting down and abandoning module TextureFormatASTC (47)
[2016.04.18-00.21.48:149][389]LogModuleManager: Shutting down and abandoning module TextureFormatAndroid (46)
[2016.04.18-00.21.48:149][389]LogModuleManager: Shutting down and abandoning module AudioFormatOpus (45)
[2016.04.18-00.21.48:149][389]LogModuleManager: Shutting down and abandoning module AudioFormatOgg (44)
[2016.04.18-00.21.48:149][389]LogModuleManager: Shutting down and abandoning module AudioFormatADPCM (43)
[2016.04.18-00.21.48:149][389]LogModuleManager: Shutting down and abandoning module LinuxTargetPlatform (42)
[2016.04.18-00.21.48:149][389]LogModuleManager: Shutting down and abandoning module LinuxServerTargetPlatform (41)
[2016.04.18-00.21.48:149][389]LogModuleManager: Shutting down and abandoning module LinuxNoEditorTargetPlatform (40)
[2016.04.18-00.21.48:149][389]LogModuleManager: Shutting down and abandoning module Messaging (39)
[2016.04.18-00.21.48:149][389]LogModuleManager: Shutting down and abandoning module IOSTargetPlatform (38)
[2016.04.18-00.21.48:149][389]LogModuleManager: Shutting down and abandoning module HTML5TargetPlatform (37)
[2016.04.18-00.21.48:149][389]LogModuleManager: Shutting down and abandoning module Android_PVRTCTargetPlatform (36)
[2016.04.18-00.21.48:149][389]LogModuleManager: Shutting down and abandoning module Android_MultiTargetPlatform (35)
[2016.04.18-00.21.48:149][389]LogModuleManager: Shutting down and abandoning module Android_ETC2TargetPlatform (34)
[2016.04.18-00.21.48:149][389]LogModuleManager: Shutting down and abandoning module Android_ETC1TargetPlatform (33)
[2016.04.18-00.21.48:149][389]LogModuleManager: Shutting down and abandoning module Android_DXTTargetPlatform (32)
[2016.04.18-00.21.48:149][389]LogModuleManager: Shutting down and abandoning module Android_ATCTargetPlatform (31)
[2016.04.18-00.21.48:149][389]LogModuleManager: Shutting down and abandoning module Android_ASTCTargetPlatform (30)
[2016.04.18-00.21.48:149][389]LogModuleManager: Shutting down and abandoning module AndroidTargetPlatform (29)
[2016.04.18-00.21.48:149][389]LogModuleManager: Shutting down and abandoning module WindowsTargetPlatform (28)
[2016.04.18-00.21.48:149][389]LogModuleManager: Shutting down and abandoning module WindowsServerTargetPlatform (27)
[2016.04.18-00.21.48:149][389]LogModuleManager: Shutting down and abandoning module WindowsNoEditorTargetPlatform (26)
[2016.04.18-00.21.48:149][389]LogModuleManager: Shutting down and abandoning module WindowsClientTargetPlatform (25)
[2016.04.18-00.21.48:149][389]LogModuleManager: Shutting down and abandoning module AllDesktopTargetPlatform (24)
[2016.04.18-00.21.48:149][389]LogModuleManager: Shutting down and abandoning module TargetPlatform (23)
[2016.04.18-00.21.48:149][389]LogModuleManager: Shutting down and abandoning module InputCore (22)
[2016.04.18-00.21.48:149][389]LogModuleManager: Shutting down and abandoning module Settings (21)
[2016.04.18-00.21.48:149][389]LogModuleManager: Shutting down and abandoning module OnlineSubsystem (19)
[2016.04.18-00.21.48:149][389]LogModuleManager: Shutting down and abandoning module HTTP (18)
[2016.04.18-00.21.49:150][389]LogModuleManager: Shutting down and abandoning module XMPP (17)
[2016.04.18-00.21.49:150][389]LogModuleManager: Shutting down and abandoning module OculusRift (16)
[2016.04.18-00.21.49:150][389]LogModuleManager: Shutting down and abandoning module ExampleDeviceProfileSelector (15)
[2016.04.18-00.21.49:150][389]LogModuleManager: Shutting down and abandoning module TextureCompressor (14)
[2016.04.18-00.21.49:150][389]LogModuleManager: Shutting down and abandoning module ShaderCore (13)
[2016.04.18-00.21.49:150][389]LogModuleManager: Shutting down and abandoning module Landscape (12)
[2016.04.18-00.21.49:150][389]LogModuleManager: Shutting down and abandoning module SlateRHIRenderer (11)
[2016.04.18-00.21.49:151][389]LogModuleManager: Shutting down and abandoning module OpenGLDrv (10)
[2016.04.18-00.21.49:151][389]LogModuleManager: Shutting down and abandoning module D3D11RHI (9)
[2016.04.18-00.21.49:151][389]LogModuleManager: Shutting down and abandoning module AnimGraphRuntime (8)
[2016.04.18-00.21.49:151][389]LogModuleManager: Shutting down and abandoning module Renderer (7)
[2016.04.18-00.21.49:151][389]LogModuleManager: Shutting down and abandoning module Engine (6)
[2016.04.18-00.21.49:151][389]LogModuleManager: Shutting down and abandoning module CoreUObject (5)
[2016.04.18-00.21.49:151][389]LogModuleManager: Shutting down and abandoning module NetworkFile (4)
[2016.04.18-00.21.49:151][389]LogModuleManager: Shutting down and abandoning module StreamingFile (3)
[2016.04.18-00.21.49:151][389]LogModuleManager: Shutting down and abandoning module SandboxFile (2)
[2016.04.18-00.21.49:151][389]LogModuleManager: Shutting down and abandoning module PakFile (1)
[2016.04.18-00.21.49:152][389]LogExit: Exiting.
[2016.04.18-00.21.49:153][389]Log file closed, 04/17/16 20:21:49
