[2016.04.17-17.51.23:494][  0]Log file open, 04/17/16 13:51:23
[2016.04.17-17.51.23:494][  0]LogInit:Display: Running engine for game: Hotel
[2016.04.17-17.51.23:494][  0]LogPlatformFile: Not using cached read wrapper
[2016.04.17-17.51.23:494][  0]LogInit:Display: RandInit(321242673) SRandInit(321242674).
[2016.04.17-17.51.23:494][  0]LogTaskGraph: Started task graph with 4 named threads and 7 total threads.
[2016.04.17-17.51.23:494][  0]LogStats: Stats thread started at 0.089499
[2016.04.17-17.51.23:494][  0]LogInit: Version: 4.10.2-2818068+++depot+UE4-Releases+4.10
[2016.04.17-17.51.23:494][  0]LogInit: API Version: 2758231
[2016.04.17-17.51.23:494][  0]LogInit: Compiled (64-bit): Jan  6 2016 17:36:42
[2016.04.17-17.51.23:494][  0]LogInit: Compiled with Visual C++: 19.00.23026.00
[2016.04.17-17.51.23:494][  0]LogInit: Build Configuration: Development
[2016.04.17-17.51.23:494][  0]LogInit: Branch Name: ++depot+UE4-Releases+4.10
[2016.04.17-17.51.23:494][  0]LogInit: Command line:  
[2016.04.17-17.51.23:494][  0]LogInit: Base directory: C:/Program Files/Epic Games/4.10/Engine/Binaries/Win64/
[2016.04.17-17.51.23:494][  0]LogInit: Rocket: 1
[2016.04.17-17.51.23:494][  0]LogInit: Using libcurl 7.41.0
[2016.04.17-17.51.23:494][  0]LogInit:  - built for x86_64-pc-win32
[2016.04.17-17.51.23:494][  0]LogInit:  - supports SSL with WinSSL
[2016.04.17-17.51.23:494][  0]LogInit:  - other features:
[2016.04.17-17.51.23:494][  0]LogInit:      CURL_VERSION_SSL
[2016.04.17-17.51.23:494][  0]LogInit:      CURL_VERSION_IPV6
[2016.04.17-17.51.23:494][  0]LogInit:      CURL_VERSION_ASYNCHDNS
[2016.04.17-17.51.23:494][  0]LogInit:      CURL_VERSION_LARGEFILE
[2016.04.17-17.51.23:494][  0]LogInit:      CURL_VERSION_IDN
[2016.04.17-17.51.23:494][  0]LogInit:  CurlRequestOptions (configurable via config and command line):
[2016.04.17-17.51.23:494][  0]LogInit:  - bVerifyPeer = true  - Libcurl will verify peer certificate
[2016.04.17-17.51.23:494][  0]LogInit:  - bUseHttpProxy = false  - Libcurl will NOT use HTTP proxy
[2016.04.17-17.51.23:494][  0]LogInit:  - bDontReuseConnections = false  - Libcurl will reuse connections
[2016.04.17-17.51.23:494][  0]LogInit:  - CertBundlePath = nullptr  - Libcurl will use whatever was configured at build time.
[2016.04.17-17.51.23:494][  0]LogInit: Presizing for 0 objects not considered by GC, pre-allocating 0 bytes.
[2016.04.17-17.51.23:509][  0]LogInit: Object subsystem initialized
[2016.04.17-17.51.23:509][  0]LogInit: Selected Device Profile: [Windows]
[2016.04.17-17.51.23:509][  0]LogInit: Applying CVar settings loaded from the selected device profile: [Windows]
[2016.04.17-17.51.23:520][  0]LogInit: Computer: MRRBOND-PC
[2016.04.17-17.51.23:520][  0]LogInit: User: MrrBond
[2016.04.17-17.51.23:520][  0]LogInit: CPU Page size=4096, Cores=4
[2016.04.17-17.51.23:520][  0]LogInit: High frequency timer resolution =3.415993 MHz
[2016.04.17-17.51.23:520][  0]LogMemory: Memory total: Physical=15.9GB (16GB approx)
[2016.04.17-17.51.23:520][  0]LogMemory: Platform Memory Stats for Windows
[2016.04.17-17.51.23:520][  0]LogMemory: Process Physical Memory: 56.01 MB used, 56.01 MB peak
[2016.04.17-17.51.23:520][  0]LogMemory: Process Virtual Memory: 58.64 MB used, 58.64 MB peak
[2016.04.17-17.51.23:520][  0]LogMemory: Physical Memory: 2337.07 MB used, 16326.92 MB total
[2016.04.17-17.51.23:520][  0]LogMemory: Virtual Memory: 384.80 MB used, 134217728.00 MB total
[2016.04.17-17.51.23:554][  0]LogTextLocalizationManager: No specific translations for ('en-US') exist, so ('en') translations will be used.
[2016.04.17-17.51.23:916][  0]LogD3D11RHI: Found D3D11 adapter 0: NVIDIA GeForce GTX 770 (Feature Level 11_0)
[2016.04.17-17.51.23:916][  0]LogD3D11RHI: Adapter has 1989MB of dedicated video memory, 0MB of dedicated system memory, and 8163MB of shared system memory, 1 output[s]
[2016.04.17-17.51.23:918][  0]LogD3D11RHI: Found D3D11 adapter 1: Microsoft Basic Render Driver (Feature Level 11_0)
[2016.04.17-17.51.23:918][  0]LogD3D11RHI: Adapter has 0MB of dedicated video memory, 0MB of dedicated system memory, and 8163MB of shared system memory, 0 output[s]
[2016.04.17-17.51.23:918][  0]LogD3D11RHI: Chosen D3D11 Adapter Id = 0
[2016.04.17-17.51.23:920][  0]LogD3D11RHI: !Direct3DDevice
[2016.04.17-17.51.23:920][  0]LogRHI: Texture pool is 1361 MB (70% of 1945 MB)
[2016.04.17-17.51.23:934][  0]LogD3D11RHI: Async texture creation enabled
[2016.04.17-17.51.23:948][  0]LogShaderCompilers: Guid format shader working directory is -10 characters bigger than the processId version (../../../../../../Users/MrrBond/Documents/GitHub/HotelBete/Intermediate/Shaders/WorkingDirectory/5064/).
[2016.04.17-17.51.23:949][  0]LogShaderCompilers: Cleaned the shader compiler working directory 'C:/Users/MrrBond/AppData/Local/Temp/UnrealShaderWorkingDir/C20993F24D47CEF8B0229891F5C00B17/'.
[2016.04.17-17.51.23:949][  0]LogShaderCompilers:Display: Using Local Shader Compiler.
[2016.04.17-17.51.24:541][  0]LogTemp:Display: Loaded TP AllDesktopTargetPlatform
[2016.04.17-17.51.24:545][  0]LogTemp:Display: Loaded TP WindowsClientTargetPlatform
[2016.04.17-17.51.24:549][  0]LogTemp:Display: Loaded TP WindowsNoEditorTargetPlatform
[2016.04.17-17.51.24:553][  0]LogTemp:Display: Loaded TP WindowsServerTargetPlatform
[2016.04.17-17.51.24:557][  0]LogTemp:Display: Loaded TP WindowsTargetPlatform
[2016.04.17-17.51.24:560][  0]LogTemp:Display: Loaded TP AndroidTargetPlatform
[2016.04.17-17.51.24:562][  0]LogTemp:Display: Loaded TP Android_ASTCTargetPlatform
[2016.04.17-17.51.24:565][  0]LogTemp:Display: Loaded TP Android_ATCTargetPlatform
[2016.04.17-17.51.24:567][  0]LogTemp:Display: Loaded TP Android_DXTTargetPlatform
[2016.04.17-17.51.24:569][  0]LogTemp:Display: Loaded TP Android_ETC1TargetPlatform
[2016.04.17-17.51.24:572][  0]LogTemp:Display: Loaded TP Android_ETC2TargetPlatform
[2016.04.17-17.51.24:577][  0]LogTemp:Display: Loaded TP Android_MultiTargetPlatform
[2016.04.17-17.51.24:577][  0]LogTemp:Display: Loaded TP Android_PVRTCTargetPlatform
[2016.04.17-17.51.24:578][  0]LogTemp:Display: Loaded TP HTML5TargetPlatform
[2016.04.17-17.51.24:594][  0]LogTemp:Display: Loaded TP IOSTargetPlatform
[2016.04.17-17.51.24:596][  0]LogTemp:Display: Loaded TP LinuxNoEditorTargetPlatform
[2016.04.17-17.51.24:598][  0]LogTemp:Display: Loaded TP LinuxServerTargetPlatform
[2016.04.17-17.51.24:601][  0]LogTemp:Display: Loaded TP LinuxTargetPlatform
[2016.04.17-17.51.24:601][  0]LogTargetPlatformManager:Display: Building Assets For Windows
[2016.04.17-17.51.24:678][  0]LogDerivedDataCache:Display: Max Cache Size: 512 MB
[2016.04.17-17.51.24:714][  0]LogDerivedDataCache: Loaded boot cache 0.04s 41MB C:/Users/MrrBond/AppData/Local/UnrealEngine/4.10/DerivedDataCache/Boot.ddc.
[2016.04.17-17.51.24:714][  0]LogDerivedDataCache:Display: Loaded Boot cache: C:/Users/MrrBond/AppData/Local/UnrealEngine/4.10/DerivedDataCache/Boot.ddc
[2016.04.17-17.51.24:714][  0]LogDerivedDataCache: FDerivedDataBackendGraph:  Pak pak cache file ../../../../../../Users/MrrBond/Documents/GitHub/HotelBete/DerivedDataCache/DDC.ddp not found, will not use a pak cache.
[2016.04.17-17.51.24:714][  0]LogDerivedDataCache: Unable to find inner node Pak for hierarchical cache Hierarchy.
[2016.04.17-17.51.24:714][  0]LogDerivedDataCache: FDerivedDataBackendGraph:  CompressedPak pak cache file ../../../../../../Users/MrrBond/Documents/GitHub/HotelBete/DerivedDataCache/Compressed.ddp not found, will not use a pak cache.
[2016.04.17-17.51.24:714][  0]LogDerivedDataCache: Unable to find inner node CompressedPak for hierarchical cache Hierarchy.
[2016.04.17-17.51.24:758][  0]LogDerivedDataCache:Display: Pak cache opened for reading ../../../Engine/DerivedDataCache/Compressed.ddp.
[2016.04.17-17.51.24:771][  0]LogDerivedDataCache: Using Local data cache path C:/Users/MrrBond/AppData/Local/UnrealEngine/Common/DerivedDataCache: Writable
[2016.04.17-17.51.24:909][  0]LogInit: Selected Device Profile: [Windows]
[2016.04.17-17.51.24:911][  0]LogContentStreaming: Texture pool size is 0.000000MB
[2016.04.17-17.51.24:997][  0]LogMeshUtilities: No automatic mesh reduction module available
[2016.04.17-17.51.24:997][  0]LogMeshUtilities: No automatic mesh merging module available
[2016.04.17-17.51.25:157][  0]LogInit: WinSock: version 1.1 (2.2), MaxSocks=32767, MaxUdp=65467
[2016.04.17-17.51.25:781][  0]LogAssetRegistry: FAssetRegistry took 0.0109 seconds to start up
[2016.04.17-17.51.25:797][  0]UdpMessaging: Initializing bridge on interface 0.0.0.0:0 to multicast group 230.0.0.1:6666.
[2016.04.17-17.51.26:025][  0]SourceControl: Info Source control is disabled
[2016.04.17-17.51.26:062][  0]SourceControl: Info Source control is disabled
[2016.04.17-17.51.26:075][  0]SourceControl: Info Source control is disabled
[2016.04.17-17.51.26:086][  0]SourceControl: Info Source control is disabled
[2016.04.17-17.51.26:345][  0]LogObj: 28802 objects as part of root set at end of initial load.
[2016.04.17-17.51.26:345][  0]LogUObjectAllocator: 6129768 out of 0 bytes used by permanent object pool.
[2016.04.17-17.51.26:390][  0]LogEngine: Initializing Engine...
[2016.04.17-17.51.26:392][  0]LogHMD: Can't find Oculus library dev build: is proper Runtime installed? Version: 0.8.0.0
[2016.04.17-17.51.26:393][  0]LogHMD: SteamVR failed to initialize.  Err: 110
[2016.04.17-17.51.26:480][  0]LogAIModule: Creating AISystem for world NewWorld
[2016.04.17-17.51.26:486][  0]LogInit: XAudio2 using 'Speakers (Realtek High Definition Audio)' : 2 channels at 48 kHz using 32 bits per sample (channel mask 0x3)
[2016.04.17-17.51.26:507][  0]LogInit: FAudioDevice initialized.
[2016.04.17-17.51.26:526][  0]LogDerivedDataCache: Saved boot cache 0.02s 41MB C:/Users/MrrBond/AppData/Local/UnrealEngine/4.10/DerivedDataCache/Boot.ddc.
[2016.04.17-17.51.26:531][  0]LogInit: Texture streaming: Enabled
[2016.04.17-17.51.26:536][  0]LogAnalytics: Creating configured Analytics provider AnalyticsET
[2016.04.17-17.51.26:536][  0]LogAnalytics: [UEEditor.Rocket.Release] APIServer = http://et2.epicgames.com/ET2/. AppVersion = 4.10.2-2818068+++depot+UE4-Releases+4.10
[2016.04.17-17.51.26:536][  0]LogAnalytics: [UEEditor.Rocket.Release] SetUserId 70d505b9489753c526a513886a8eb1a2|20388df98dc841109316ca5aa4c25788|5df8a1b8-928f-4cc0-8ccd-f95831ba8036
[2016.04.17-17.51.26:536][  0]LogAnalytics: [UEEditor.Rocket.Release] AnalyticsET::StartSession
[2016.04.17-17.51.26:561][  0]LogInit: Transaction tracking system initialized
[2016.04.17-17.51.26:596][  0]BlueprintLog: New page: Editor Load
[2016.04.17-17.51.26:669][  0]LocalizationService: Info Localization service is disabled
[2016.04.17-17.51.26:739][  0]LogConsoleResponse:Display: 
[2016.04.17-17.51.26:829][  0]LogCook:Display: Done creating registry. It took  0.00s.
[2016.04.17-17.51.26:892][  0]LogFileCache: Scanning file cache for directory 'C:/Users/MrrBond/Documents/GitHub/HotelBete/Content/' took 0.02s
[2016.04.17-17.51.26:892][  0]SourceControl: Info Source control is disabled
[2016.04.17-17.51.26:892][  0]Cmd: MAP LOAD FILE="../../../../../../Users/MrrBond/Documents/GitHub/HotelBete/Content/Hotel/Levels/Menu.umap" TEMPLATE=0 SHOWPROGRESS=1 FEATURELEVEL=3
[2016.04.17-17.51.26:892][  0]LightingResults: New page: Lighting Build
[2016.04.17-17.51.26:895][  0]MapCheck: New page: Map Check
[2016.04.17-17.51.26:895][  0]LightingResults: New page: Lighting Build
[2016.04.17-17.51.26:906][  0]LogParticles: Destroying 0 GPU particle simulations for FXSystem 0x0000024F47C4BB00
[2016.04.17-17.51.27:343][  0]LogAIModule: Creating AISystem for world Menu
[2016.04.17-17.51.27:344][  0]LogEditorServer: Finished looking for orphan Actors (0.000 secs)
[2016.04.17-17.51.27:344][  0]Cmd: MAP CHECKDEP NOCLEARLOG
[2016.04.17-17.51.27:397][  0]MapCheck: Info Map check complete: 0 Error(s), 0 Warning(s), took 52.904ms to complete.
[2016.04.17-17.51.27:397][  0]LogFileHelpers: Loading map 'Menu' took 0.505
[2016.04.17-17.51.27:482][  0]LogCollectionManager: Loaded 0 collections in 0.002088 seconds
[2016.04.17-17.51.27:520][  0]LogFileCache: Scanning file cache for directory 'C:/Users/MrrBond/Documents/GitHub/HotelBete/Saved/Collections/' took 0.01s
[2016.04.17-17.51.27:520][  0]LogFileCache: Scanning file cache for directory 'C:/Users/MrrBond/Documents/GitHub/HotelBete/Content/Developers/MrrBond/Collections/' took 0.01s
[2016.04.17-17.51.27:520][  0]LogFileCache: Scanning file cache for directory 'C:/Users/MrrBond/Documents/GitHub/HotelBete/Content/Collections/' took 0.01s
[2016.04.17-17.51.27:520][  0]LogCollectionManager: Rebuilt the GUID cache for 0 collections in 0.000001 seconds
[2016.04.17-17.51.27:526][  0]LogContentBrowser: Native class hierarchy populated in 0.0057 seconds. Added 1908 classes and 344 folders.
[2016.04.17-17.51.27:532][  0]LogContentBrowser: Native class hierarchy updated for 'WidgetCarousel' in 0.0003 seconds. Added 0 classes and 0 folders.
[2016.04.17-17.51.27:575][  0]LogContentBrowser: Native class hierarchy updated for 'AddContentDialog' in 0.0003 seconds. Added 0 classes and 0 folders.
[2016.04.17-17.51.27:580][  0]LogContentBrowser: Native class hierarchy updated for 'SceneOutliner' in 0.0004 seconds. Added 1 classes and 2 folders.
[2016.04.17-17.51.27:617][  0]LogCrashTracker: Crashtracker disabled due to settings.
[2016.04.17-17.51.27:620][  0]LogUObjectGlobals:Warning: Failed to find object 'Class None.'
[2016.04.17-17.51.27:643][  0]LogLoad: Full Startup: 4.64 seconds (BP compile: 0.08 seconds)
[2016.04.17-17.51.27:653][  0]LogOcInput: Can't find Oculus library dev build: is proper Runtime installed? Version: 0.8.0.0
[2016.04.17-17.51.27:704][  0]LogContentStreaming: Texture pool size now 1000 MB
[2016.04.17-17.51.27:827][  0]LogRenderer: Reallocating scene render targets to support 1208x572 (Frame:2).
[2016.04.17-17.51.27:945][  4]LogAssetRegistry: Asset discovery search completed in 2.1750 seconds
[2016.04.17-17.51.27:945][  4]LogCollectionManager: Rebuilt the object cache for 0 collections in 0.000001 seconds (found 0 objects)
[2016.04.17-17.51.27:945][  4]LogCollectionManager: Fixed up redirectors for 0 collections in 0.000014 seconds (updated 0 objects)
[2016.04.17-17.51.30:692][290]LogBlueprint:Warning: USimpleConstructionScript::FixupRootNodeParentReferences() - Couldn't find inherited parent component 'DefaultSceneRoot' for 'KeyWithRoomNum' in BlueprintGeneratedClass 'REINST_Key_C_30' (it may have been removed)
[2016.04.17-17.51.31:959][290]LogLinker:Warning: Can't find file '/Game/StarterContent/Textures/skydome_hdri___brooding_clouds_by_ardak-d5zjabh'
[2016.04.17-17.51.31:959][290]LogLinker:Warning: Can't find file for asset '/Game/StarterContent/Textures/skydome_hdri___brooding_clouds_by_ardak-d5zjabh' while loading ../../../Engine/Content/EngineSky/M_Sky_Panning_Clouds2.uasset.
[2016.04.17-17.51.31:959][290]LoadErrors:Error: Error /Engine/EngineSky/M_Sky_Panning_Clouds2 : Can't find file for asset. /Game/StarterContent/Textures/skydome_hdri___brooding_clouds_by_ardak-d5zjabh
[2016.04.17-17.51.31:959][290]LogLinker:Warning: Can't find file '/Game/StarterContent/Textures/skydome_hdri___brooding_clouds_by_ardak-d5zjabh'
[2016.04.17-17.51.31:959][290]LogLinker:Warning: Can't find file for asset '/Game/StarterContent/Textures/skydome_hdri___brooding_clouds_by_ardak-d5zjabh' while loading ../../../Engine/Content/EngineSky/M_Sky_Panning_Clouds2.uasset.
[2016.04.17-17.51.32:575][290]LogLinker:Warning: Can't find file '/Game/StarterContent/Textures/skydome_hdri___brooding_clouds_by_ardak-d5zjabh'
[2016.04.17-17.51.32:575][290]LoadErrors: Info Failed to load /Game/StarterContent/Textures/skydome_hdri___brooding_clouds_by_ardak-d5zjabh.skydome_hdri___brooding_clouds_by_ardak-d5zjabh Referenced by MaterialExpressionTextureSample_0
[2016.04.17-17.51.32:575][290]LogLinker:Warning: Can't find file for asset '/Game/StarterContent/Textures/skydome_hdri___brooding_clouds_by_ardak-d5zjabh' while loading NULL.
[2016.04.17-17.51.32:639][290]LogMaterial: Missing cached shader map for material M_Wood_Oak, compiling. 
[2016.04.17-17.51.32:640][290]LogMaterial:Warning: Failed to compile Material /Game/StarterContent/Materials/M_Wood_Oak.M_Wood_Oak for platform PCD3D_SM5, Default Material will be used in game.
[2016.04.17-17.51.32:640][290]LogMaterial:Warning: 	(Node TextureSample) TextureSample> Missing input texture
[2016.04.17-17.51.33:273][290]LogMaterial: Missing cached shader map for material M_Sky_Panning_Clouds2, compiling. 
[2016.04.17-17.51.33:274][290]LogMaterial:Warning: Failed to compile Material /Engine/EngineSky/M_Sky_Panning_Clouds2.M_Sky_Panning_Clouds2 for platform PCD3D_SM5, Default Material will be used in game.
[2016.04.17-17.51.33:274][290]LogMaterial:Warning: 	(Node TextureSample) TextureSample> Missing input texture
[2016.04.17-17.51.33:415][290]LogAIModule: Creating AISystem for world World
[2016.04.17-17.51.33:417][290]LogParticles:Warning: InitializeSystem called on an unregistered component. Template=/Game/StarterContent/Particles/Breath.Breath Component=/Game/Hotel/Levels/World.World:PersistentLevel.Breath.ParticleSystemComponent0
[2016.04.17-17.51.33:417][290]LogParticles:Warning: InitializeSystem called on an unregistered component. Template=/Game/StarterContent/Particles/ItemMarker.ItemMarker Component=/Game/Hotel/Levels/World.World:PersistentLevel.ItemMarker.ParticleSystemComponent0
[2016.04.17-17.51.33:418][290]LogParticles:Warning: InitializeSystem called on an unregistered component. Template=/Game/StarterContent/Particles/Dust.Dust Component=/Game/Hotel/Levels/World.World:PersistentLevel.Dust_2.ParticleSystemComponent0
[2016.04.17-17.51.33:418][290]LogParticles:Warning: InitializeSystem called on an unregistered component. Template=/Game/StarterContent/Particles/Dust.Dust Component=/Game/Hotel/Levels/World.World:PersistentLevel.Dust2.ParticleSystemComponent0
[2016.04.17-17.51.33:418][290]LogParticles:Warning: InitializeSystem called on an unregistered component. Template=/Game/StarterContent/Particles/Dust.Dust Component=/Game/Hotel/Levels/World.World:PersistentLevel.Dust3.ParticleSystemComponent0
[2016.04.17-17.51.33:562][290]Cmd: MAP LOAD FILE="../../../../../../Users/MrrBond/Documents/GitHub/HotelBete/Content/Hotel/Levels/World.umap" TEMPLATE=0 SHOWPROGRESS=1 FEATURELEVEL=3
[2016.04.17-17.51.33:562][290]LightingResults: New page: Lighting Build
[2016.04.17-17.51.33:578][290]LoadErrors: New page: Loading map: World.umap
[2016.04.17-17.51.33:579][290]MapCheck: New page: Map Check
[2016.04.17-17.51.33:579][290]LightingResults: New page: Lighting Build
[2016.04.17-17.51.33:596][290]LogParticles: Destroying 0 GPU particle simulations for FXSystem 0x0000024F3B8F59E0
[2016.04.17-17.51.33:690][290]LogEditorServer: Finished looking for orphan Actors (0.000 secs)
[2016.04.17-17.51.33:726][290]Cmd: MAP CHECKDEP NOCLEARLOG
[2016.04.17-17.51.33:854][290]MapCheck: Info Map check complete: 0 Error(s), 0 Warning(s), took 128.021ms to complete.
[2016.04.17-17.51.33:854][290]LogFileHelpers: Loading map 'World' took 0.293
[2016.04.17-17.51.33:860][290]LoadErrors:Error: Error /Game/FirstPersonBP/Blueprints/Enemy : Failed import for Enemy_C /Game/Hotel/Blueprints/Enemies/Enemy.Default__Enemy_C [redirection] in /Game/FirstPersonBP/Blueprints/Enemy
[2016.04.17-17.51.33:860][290]LoadErrors:Error: Error /Game/Hotel/Levels/World : Failed import for ObjectProperty /Game/FirstPersonBP/Blueprints/FirstPersonGameMode.FirstPersonGameMode_C:Ghost Room 7
[2016.04.17-17.52.41:284][316]LogBlueprintUserMessages: Early PlayInEditor Detection: Level '/Game/Hotel/Levels/World.World:PersistentLevel' has LevelScriptBlueprint '/Game/Hotel/Levels/World.World:PersistentLevel.World' with GeneratedClass '/Game/Hotel/Levels/World.World_C' with ClassGeneratedBy '/Game/Hotel/Levels/World.World:PersistentLevel.World'
[2016.04.17-17.52.41:284][316]LogPlayLevel: PlayLevel: No blueprints needed recompiling
[2016.04.17-17.52.41:284][316]PIE: New page: PIE session: World (Apr 17, 2016, 9:52:41 AM)
[2016.04.17-17.52.41:284][316]LogPlayLevel: Creating play world package: /Game/Hotel/Levels/UEDPIE_0_World
[2016.04.17-17.52.41:337][316]LogPlayLevel: PIE: StaticDuplicateObject took: (0.052922s)
[2016.04.17-17.52.41:338][316]LogAIModule: Creating AISystem for world World
[2016.04.17-17.52.41:338][316]LogPlayLevel: PIE: World Init took: (0.000887s)
[2016.04.17-17.52.41:339][316]LogPlayLevel: PIE: Created PIE world by copying editor world from /Game/Hotel/Levels/World.World to /Game/Hotel/Levels/UEDPIE_0_World.World (0.054395s)
[2016.04.17-17.52.41:365][316]LogInit: XAudio2 using 'Speakers (Realtek High Definition Audio)' : 2 channels at 48 kHz using 32 bits per sample (channel mask 0x3)
[2016.04.17-17.52.41:374][316]LogInit: FAudioDevice initialized.
[2016.04.17-17.52.41:452][316]LogWorld: Game class is 'FirstPersonGameMode_C'
[2016.04.17-17.52.41:503][316]LogWorld: Bringing World /Game/Hotel/Levels/UEDPIE_0_World.World up for play (max tick rate 0) at 2016.04.17-13.52.41
[2016.04.17-17.52.41:503][316]LogActor:Warning: GameSession /Game/Hotel/Levels/UEDPIE_0_World.World:PersistentLevel.GameSession_0 has natively added scene component(s), but none of them were set as the actor's RootComponent - picking one arbitrarily
[2016.04.17-17.52.41:503][316]LogActor:Warning: GameNetworkManager /Game/Hotel/Levels/UEDPIE_0_World.World:PersistentLevel.GameNetworkManager_0 has natively added scene component(s), but none of them were set as the actor's RootComponent - picking one arbitrarily
[2016.04.17-17.52.41:506][316]LogWorld: Bringing up level for play took: 0.051715
[2016.04.17-17.52.41:520][316]PIE: Info Play in editor start time for /Game/Hotel/Levels/UEDPIE_0_World 0.337
[2016.04.17-17.52.41:521][316]LogBlueprintUserMessages: Late PlayInEditor Detection: Level '/Game/Hotel/Levels/World.World:PersistentLevel' has LevelScriptBlueprint '/Game/Hotel/Levels/World.World:PersistentLevel.World' with GeneratedClass '/Game/Hotel/Levels/World.World_C' with ClassGeneratedBy '/Game/Hotel/Levels/World.World:PersistentLevel.World'
[2016.04.17-17.52.41:543][317]LogRenderer: Reallocating scene render targets to support 1280x720 (Frame:8315).
[2016.04.17-17.52.49:181][988]LogBlueprintUserMessages: [Ghost_C_0] 5
[2016.04.17-17.52.49:281][996]LogBlueprintUserMessages: [Ghost_C_0] 10
[2016.04.17-17.52.49:385][  4]LogBlueprintUserMessages: [Ghost_C_0] 15
[2016.04.17-17.52.49:490][ 12]LogBlueprintUserMessages: [Ghost_C_0] 20
[2016.04.17-17.52.49:594][ 20]LogBlueprintUserMessages: [Ghost_C_0] 25
[2016.04.17-17.52.49:699][ 28]LogBlueprintUserMessages: [Ghost_C_0] 30
[2016.04.17-17.52.49:804][ 36]LogBlueprintUserMessages: [Ghost_C_0] 35
[2016.04.17-17.52.49:910][ 44]LogBlueprintUserMessages: [Ghost_C_0] 40
[2016.04.17-17.52.50:016][ 52]LogBlueprintUserMessages: [Ghost_C_0] 45
[2016.04.17-17.52.50:121][ 60]LogBlueprintUserMessages: [Ghost_C_0] 50
[2016.04.17-17.52.50:226][ 68]LogBlueprintUserMessages: [Ghost_C_0] 55
[2016.04.17-17.52.50:333][ 76]LogBlueprintUserMessages: [Ghost_C_0] 60
[2016.04.17-17.52.50:438][ 84]LogBlueprintUserMessages: [Ghost_C_0] 65
[2016.04.17-17.52.50:545][ 92]LogBlueprintUserMessages: [Ghost_C_0] 70
[2016.04.17-17.52.50:652][100]LogBlueprintUserMessages: [Ghost_C_0] 75
[2016.04.17-17.52.50:757][108]LogBlueprintUserMessages: [Ghost_C_0] 80
[2016.04.17-17.52.50:863][116]LogBlueprintUserMessages: [Ghost_C_0] 85
[2016.04.17-17.52.50:970][124]LogBlueprintUserMessages: [Ghost_C_0] 90
[2016.04.17-17.52.51:077][132]LogBlueprintUserMessages: [Ghost_C_0] 95
[2016.04.17-17.52.51:183][140]LogBlueprintUserMessages: [Ghost_C_0] 100
[2016.04.17-17.52.51:184][140]LogScript:Warning: Accessed None 'Heartbeat'
	Player_C /Game/Hotel/Levels/UEDPIE_0_World.World:PersistentLevel.Player_C_0
	Function /Game/Hotel/Blueprints/Player/Player.Player_C:ExecuteUbergraph_Player:189B
[2016.04.17-17.52.51:184][140]PIE:Error: Error Accessed None 'Heartbeat' from node Branch in graph 'EventGraph' in blueprint Player
[2016.04.17-17.53.00:224][908]LogScript:Warning: Attempted to get an item from array TextInv out of bounds [-1/0]!
[2016.04.17-17.53.00:226][908]LogScript:Warning: Attempted to get an item from array TextInv out of bounds [-1/0]!
[2016.04.17-17.53.00:231][909]LogScript:Warning: Attempted to get an item from array TextInv out of bounds [-1/0]!
[2016.04.17-17.53.00:233][909]LogScript:Warning: Attempted to get an item from array TextInv out of bounds [-1/0]!
[2016.04.17-17.53.00:243][910]LogScript:Warning: Attempted to get an item from array TextInv out of bounds [-1/0]!
[2016.04.17-17.53.00:245][910]LogScript:Warning: Attempted to get an item from array TextInv out of bounds [-1/0]!
[2016.04.17-17.53.00:253][911]LogScript:Warning: Attempted to get an item from array TextInv out of bounds [-1/0]!
[2016.04.17-17.53.00:255][911]LogScript:Warning: Attempted to get an item from array TextInv out of bounds [-1/0]!
[2016.04.17-17.53.00:265][912]LogScript:Warning: Attempted to get an item from array TextInv out of bounds [-1/0]!
[2016.04.17-17.53.00:267][912]LogScript:Warning: Attempted to get an item from array TextInv out of bounds [-1/0]!
[2016.04.17-17.53.00:276][913]LogScript:Warning: Attempted to get an item from array TextInv out of bounds [-1/0]!
[2016.04.17-17.53.00:278][913]LogScript:Warning: Attempted to get an item from array TextInv out of bounds [-1/0]!
[2016.04.17-17.53.00:287][914]LogScript:Warning: Attempted to get an item from array TextInv out of bounds [-1/0]!
[2016.04.17-17.53.00:289][914]LogScript:Warning: Attempted to get an item from array TextInv out of bounds [-1/0]!
[2016.04.17-17.53.00:299][915]LogScript:Warning: Attempted to get an item from array TextInv out of bounds [-1/0]!
[2016.04.17-17.53.00:301][915]LogScript:Warning: Attempted to get an item from array TextInv out of bounds [-1/0]!
[2016.04.17-17.53.00:310][916]LogScript:Warning: Attempted to get an item from array TextInv out of bounds [-1/0]!
[2016.04.17-17.53.00:312][916]LogScript:Warning: Attempted to get an item from array TextInv out of bounds [-1/0]!
[2016.04.17-17.53.00:321][917]LogScript:Warning: Attempted to get an item from array TextInv out of bounds [-1/0]!
[2016.04.17-17.53.00:323][917]LogScript:Warning: Attempted to get an item from array TextInv out of bounds [-1/0]!
[2016.04.17-17.53.00:333][918]LogScript:Warning: Attempted to get an item from array TextInv out of bounds [-1/0]!
[2016.04.17-17.53.00:335][918]LogScript:Warning: Attempted to get an item from array TextInv out of bounds [-1/0]!
[2016.04.17-17.53.00:344][919]LogScript:Warning: Attempted to get an item from array TextInv out of bounds [-1/0]!
[2016.04.17-17.53.00:346][919]LogScript:Warning: Attempted to get an item from array TextInv out of bounds [-1/0]!
[2016.04.17-17.53.00:356][920]LogScript:Warning: Attempted to get an item from array TextInv out of bounds [-1/0]!
[2016.04.17-17.53.00:358][920]LogScript:Warning: Attempted to get an item from array TextInv out of bounds [-1/0]!
[2016.04.17-17.53.00:368][921]LogScript:Warning: Attempted to get an item from array TextInv out of bounds [-1/0]!
[2016.04.17-17.53.00:369][921]LogScript:Warning: Attempted to get an item from array TextInv out of bounds [-1/0]!
[2016.04.17-17.53.00:379][922]LogScript:Warning: Attempted to get an item from array TextInv out of bounds [-1/0]!
[2016.04.17-17.53.00:381][922]LogScript:Warning: Attempted to get an item from array TextInv out of bounds [-1/0]!
[2016.04.17-17.53.00:390][923]LogScript:Warning: Attempted to get an item from array TextInv out of bounds [-1/0]!
[2016.04.17-17.53.00:392][923]LogScript:Warning: Attempted to get an item from array TextInv out of bounds [-1/0]!
[2016.04.17-17.53.00:402][924]LogScript:Warning: Attempted to get an item from array TextInv out of bounds [-1/0]!
[2016.04.17-17.53.00:404][924]LogScript:Warning: Attempted to get an item from array TextInv out of bounds [-1/0]!
[2016.04.17-17.53.00:412][925]LogScript:Warning: Attempted to get an item from array TextInv out of bounds [-1/0]!
[2016.04.17-17.53.00:414][925]LogScript:Warning: Attempted to get an item from array TextInv out of bounds [-1/0]!
[2016.04.17-17.53.00:424][926]LogScript:Warning: Attempted to get an item from array TextInv out of bounds [-1/0]!
[2016.04.17-17.53.00:426][926]LogScript:Warning: Attempted to get an item from array TextInv out of bounds [-1/0]!
[2016.04.17-17.53.00:436][927]LogScript:Warning: Attempted to get an item from array TextInv out of bounds [-1/0]!
[2016.04.17-17.53.00:438][927]LogScript:Warning: Attempted to get an item from array TextInv out of bounds [-1/0]!
[2016.04.17-17.53.00:447][928]LogScript:Warning: Attempted to get an item from array TextInv out of bounds [-1/0]!
[2016.04.17-17.53.00:449][928]LogScript:Warning: Attempted to get an item from array TextInv out of bounds [-1/0]!
[2016.04.17-17.53.00:459][929]LogScript:Warning: Attempted to get an item from array TextInv out of bounds [-1/0]!
[2016.04.17-17.53.00:460][929]LogScript:Warning: Attempted to get an item from array TextInv out of bounds [-1/0]!
[2016.04.17-17.53.00:469][930]LogScript:Warning: Attempted to get an item from array TextInv out of bounds [-1/0]!
[2016.04.17-17.53.00:471][930]LogScript:Warning: Attempted to get an item from array TextInv out of bounds [-1/0]!
[2016.04.17-17.53.00:480][931]LogScript:Warning: Attempted to get an item from array TextInv out of bounds [-1/0]!
[2016.04.17-17.53.00:482][931]LogScript:Warning: Attempted to get an item from array TextInv out of bounds [-1/0]!
[2016.04.17-17.53.00:492][932]LogScript:Warning: Attempted to get an item from array TextInv out of bounds [-1/0]!
[2016.04.17-17.53.00:493][932]LogScript:Warning: Attempted to get an item from array TextInv out of bounds [-1/0]!
[2016.04.17-17.53.00:503][933]LogScript:Warning: Attempted to get an item from array TextInv out of bounds [-1/0]!
[2016.04.17-17.53.00:505][933]LogScript:Warning: Attempted to get an item from array TextInv out of bounds [-1/0]!
[2016.04.17-17.53.00:514][934]LogScript:Warning: Attempted to get an item from array TextInv out of bounds [-1/0]!
[2016.04.17-17.53.00:516][934]LogScript:Warning: Attempted to get an item from array TextInv out of bounds [-1/0]!
[2016.04.17-17.53.00:526][935]LogScript:Warning: Attempted to get an item from array TextInv out of bounds [-1/0]!
[2016.04.17-17.53.00:528][935]LogScript:Warning: Attempted to get an item from array TextInv out of bounds [-1/0]!
[2016.04.17-17.53.00:536][936]LogScript:Warning: Attempted to get an item from array TextInv out of bounds [-1/0]!
[2016.04.17-17.53.00:539][936]LogScript:Warning: Attempted to get an item from array TextInv out of bounds [-1/0]!
[2016.04.17-17.53.00:548][937]LogScript:Warning: Attempted to get an item from array TextInv out of bounds [-1/0]!
[2016.04.17-17.53.00:550][937]LogScript:Warning: Attempted to get an item from array TextInv out of bounds [-1/0]!
[2016.04.17-17.53.00:559][938]LogScript:Warning: Attempted to get an item from array TextInv out of bounds [-1/0]!
[2016.04.17-17.53.00:561][938]LogScript:Warning: Attempted to get an item from array TextInv out of bounds [-1/0]!
[2016.04.17-17.53.00:571][939]LogScript:Warning: Attempted to get an item from array TextInv out of bounds [-1/0]!
[2016.04.17-17.53.00:573][939]LogScript:Warning: Attempted to get an item from array TextInv out of bounds [-1/0]!
[2016.04.17-17.53.00:583][940]LogScript:Warning: Attempted to get an item from array TextInv out of bounds [-1/0]!
[2016.04.17-17.53.00:585][940]LogScript:Warning: Attempted to get an item from array TextInv out of bounds [-1/0]!
[2016.04.17-17.53.00:594][941]LogScript:Warning: Attempted to get an item from array TextInv out of bounds [-1/0]!
[2016.04.17-17.53.00:596][941]LogScript:Warning: Attempted to get an item from array TextInv out of bounds [-1/0]!
[2016.04.17-17.53.00:605][942]LogScript:Warning: Attempted to get an item from array TextInv out of bounds [-1/0]!
[2016.04.17-17.53.00:607][942]LogScript:Warning: Attempted to get an item from array TextInv out of bounds [-1/0]!
[2016.04.17-17.53.00:617][943]LogScript:Warning: Attempted to get an item from array TextInv out of bounds [-1/0]!
[2016.04.17-17.53.00:619][943]LogScript:Warning: Attempted to get an item from array TextInv out of bounds [-1/0]!
[2016.04.17-17.53.00:628][944]LogScript:Warning: Attempted to get an item from array TextInv out of bounds [-1/0]!
[2016.04.17-17.53.00:630][944]LogScript:Warning: Attempted to get an item from array TextInv out of bounds [-1/0]!
[2016.04.17-17.53.00:639][945]LogScript:Warning: Attempted to get an item from array TextInv out of bounds [-1/0]!
[2016.04.17-17.53.00:641][945]LogScript:Warning: Attempted to get an item from array TextInv out of bounds [-1/0]!
[2016.04.17-17.53.00:650][946]LogScript:Warning: Attempted to get an item from array TextInv out of bounds [-1/0]!
[2016.04.17-17.53.00:652][946]LogScript:Warning: Attempted to get an item from array TextInv out of bounds [-1/0]!
[2016.04.17-17.53.00:662][947]LogScript:Warning: Attempted to get an item from array TextInv out of bounds [-1/0]!
[2016.04.17-17.53.00:664][947]LogScript:Warning: Attempted to get an item from array TextInv out of bounds [-1/0]!
[2016.04.17-17.53.00:673][948]LogScript:Warning: Attempted to get an item from array TextInv out of bounds [-1/0]!
[2016.04.17-17.53.00:675][948]LogScript:Warning: Attempted to get an item from array TextInv out of bounds [-1/0]!
[2016.04.17-17.53.00:685][949]LogScript:Warning: Attempted to get an item from array TextInv out of bounds [-1/0]!
[2016.04.17-17.53.00:687][949]LogScript:Warning: Attempted to get an item from array TextInv out of bounds [-1/0]!
[2016.04.17-17.53.00:696][950]LogScript:Warning: Attempted to get an item from array TextInv out of bounds [-1/0]!
[2016.04.17-17.53.00:698][950]LogScript:Warning: Attempted to get an item from array TextInv out of bounds [-1/0]!
[2016.04.17-17.53.00:707][951]LogScript:Warning: Attempted to get an item from array TextInv out of bounds [-1/0]!
[2016.04.17-17.53.00:709][951]LogScript:Warning: Attempted to get an item from array TextInv out of bounds [-1/0]!
[2016.04.17-17.53.00:719][952]LogScript:Warning: Attempted to get an item from array TextInv out of bounds [-1/0]!
[2016.04.17-17.53.00:721][952]LogScript:Warning: Attempted to get an item from array TextInv out of bounds [-1/0]!
[2016.04.17-17.53.00:731][953]LogScript:Warning: Attempted to get an item from array TextInv out of bounds [-1/0]!
[2016.04.17-17.53.00:733][953]LogScript:Warning: Attempted to get an item from array TextInv out of bounds [-1/0]!
[2016.04.17-17.53.00:742][954]LogScript:Warning: Attempted to get an item from array TextInv out of bounds [-1/0]!
[2016.04.17-17.53.00:744][954]LogScript:Warning: Attempted to get an item from array TextInv out of bounds [-1/0]!
[2016.04.17-17.53.00:753][955]LogScript:Warning: Attempted to get an item from array TextInv out of bounds [-1/0]!
[2016.04.17-17.53.00:755][955]LogScript:Warning: Attempted to get an item from array TextInv out of bounds [-1/0]!
[2016.04.17-17.53.00:764][956]LogScript:Warning: Attempted to get an item from array TextInv out of bounds [-1/0]!
[2016.04.17-17.53.00:766][956]LogScript:Warning: Attempted to get an item from array TextInv out of bounds [-1/0]!
[2016.04.17-17.53.00:775][957]LogScript:Warning: Attempted to get an item from array TextInv out of bounds [-1/0]!
[2016.04.17-17.53.00:777][957]LogScript:Warning: Attempted to get an item from array TextInv out of bounds [-1/0]!
[2016.04.17-17.53.00:787][958]LogScript:Warning: Attempted to get an item from array TextInv out of bounds [-1/0]!
[2016.04.17-17.53.00:789][958]LogScript:Warning: Attempted to get an item from array TextInv out of bounds [-1/0]!
[2016.04.17-17.53.00:798][959]LogScript:Warning: Attempted to get an item from array TextInv out of bounds [-1/0]!
[2016.04.17-17.53.00:800][959]LogScript:Warning: Attempted to get an item from array TextInv out of bounds [-1/0]!
[2016.04.17-17.53.00:809][960]LogScript:Warning: Attempted to get an item from array TextInv out of bounds [-1/0]!
[2016.04.17-17.53.00:811][960]LogScript:Warning: Attempted to get an item from array TextInv out of bounds [-1/0]!
[2016.04.17-17.53.00:821][961]LogScript:Warning: Attempted to get an item from array TextInv out of bounds [-1/0]!
[2016.04.17-17.53.00:823][961]LogScript:Warning: Attempted to get an item from array TextInv out of bounds [-1/0]!
[2016.04.17-17.53.00:832][962]LogScript:Warning: Attempted to get an item from array TextInv out of bounds [-1/0]!
[2016.04.17-17.53.00:834][962]LogScript:Warning: Attempted to get an item from array TextInv out of bounds [-1/0]!
[2016.04.17-17.53.00:844][963]LogScript:Warning: Attempted to get an item from array TextInv out of bounds [-1/0]!
[2016.04.17-17.53.00:846][963]LogScript:Warning: Attempted to get an item from array TextInv out of bounds [-1/0]!
[2016.04.17-17.53.00:855][964]LogScript:Warning: Attempted to get an item from array TextInv out of bounds [-1/0]!
[2016.04.17-17.53.00:857][964]LogScript:Warning: Attempted to get an item from array TextInv out of bounds [-1/0]!
[2016.04.17-17.53.00:867][965]LogScript:Warning: Attempted to get an item from array TextInv out of bounds [-1/0]!
[2016.04.17-17.53.00:869][965]LogScript:Warning: Attempted to get an item from array TextInv out of bounds [-1/0]!
[2016.04.17-17.53.00:879][966]LogScript:Warning: Attempted to get an item from array TextInv out of bounds [-1/0]!
[2016.04.17-17.53.00:881][966]LogScript:Warning: Attempted to get an item from array TextInv out of bounds [-1/0]!
[2016.04.17-17.53.00:891][967]LogScript:Warning: Attempted to get an item from array TextInv out of bounds [-1/0]!
[2016.04.17-17.53.00:893][967]LogScript:Warning: Attempted to get an item from array TextInv out of bounds [-1/0]!
[2016.04.17-17.53.00:901][968]LogScript:Warning: Attempted to get an item from array TextInv out of bounds [-1/0]!
[2016.04.17-17.53.00:903][968]LogScript:Warning: Attempted to get an item from array TextInv out of bounds [-1/0]!
[2016.04.17-17.53.00:912][969]LogScript:Warning: Attempted to get an item from array TextInv out of bounds [-1/0]!
[2016.04.17-17.53.00:914][969]LogScript:Warning: Attempted to get an item from array TextInv out of bounds [-1/0]!
[2016.04.17-17.53.00:923][970]LogScript:Warning: Attempted to get an item from array TextInv out of bounds [-1/0]!
[2016.04.17-17.53.00:925][970]LogScript:Warning: Attempted to get an item from array TextInv out of bounds [-1/0]!
[2016.04.17-17.53.00:935][971]LogScript:Warning: Attempted to get an item from array TextInv out of bounds [-1/0]!
[2016.04.17-17.53.00:937][971]LogScript:Warning: Attempted to get an item from array TextInv out of bounds [-1/0]!
[2016.04.17-17.53.00:946][972]LogScript:Warning: Attempted to get an item from array TextInv out of bounds [-1/0]!
[2016.04.17-17.53.00:949][972]LogScript:Warning: Attempted to get an item from array TextInv out of bounds [-1/0]!
[2016.04.17-17.53.00:958][973]LogScript:Warning: Attempted to get an item from array TextInv out of bounds [-1/0]!
[2016.04.17-17.53.00:960][973]LogScript:Warning: Attempted to get an item from array TextInv out of bounds [-1/0]!
[2016.04.17-17.53.00:970][974]LogScript:Warning: Attempted to get an item from array TextInv out of bounds [-1/0]!
[2016.04.17-17.53.00:972][974]LogScript:Warning: Attempted to get an item from array TextInv out of bounds [-1/0]!
[2016.04.17-17.53.00:981][975]LogScript:Warning: Attempted to get an item from array TextInv out of bounds [-1/0]!
[2016.04.17-17.53.00:983][975]LogScript:Warning: Attempted to get an item from array TextInv out of bounds [-1/0]!
[2016.04.17-17.53.00:991][976]LogScript:Warning: Attempted to get an item from array TextInv out of bounds [-1/0]!
[2016.04.17-17.53.00:994][976]LogScript:Warning: Attempted to get an item from array TextInv out of bounds [-1/0]!
[2016.04.17-17.53.01:003][977]LogScript:Warning: Attempted to get an item from array TextInv out of bounds [-1/0]!
[2016.04.17-17.53.01:005][977]LogScript:Warning: Attempted to get an item from array TextInv out of bounds [-1/0]!
[2016.04.17-17.53.01:014][978]LogScript:Warning: Attempted to get an item from array TextInv out of bounds [-1/0]!
[2016.04.17-17.53.01:016][978]LogScript:Warning: Attempted to get an item from array TextInv out of bounds [-1/0]!
[2016.04.17-17.53.01:025][979]LogScript:Warning: Attempted to get an item from array TextInv out of bounds [-1/0]!
[2016.04.17-17.53.01:027][979]LogScript:Warning: Attempted to get an item from array TextInv out of bounds [-1/0]!
[2016.04.17-17.53.01:036][980]LogScript:Warning: Attempted to get an item from array TextInv out of bounds [-1/0]!
[2016.04.17-17.53.01:039][980]LogScript:Warning: Attempted to get an item from array TextInv out of bounds [-1/0]!
[2016.04.17-17.53.01:048][981]LogScript:Warning: Attempted to get an item from array TextInv out of bounds [-1/0]!
[2016.04.17-17.53.01:050][981]LogScript:Warning: Attempted to get an item from array TextInv out of bounds [-1/0]!
[2016.04.17-17.53.01:059][982]LogScript:Warning: Attempted to get an item from array TextInv out of bounds [-1/0]!
[2016.04.17-17.53.01:061][982]LogScript:Warning: Attempted to get an item from array TextInv out of bounds [-1/0]!
[2016.04.17-17.53.01:071][983]LogScript:Warning: Attempted to get an item from array TextInv out of bounds [-1/0]!
[2016.04.17-17.53.01:073][983]LogScript:Warning: Attempted to get an item from array TextInv out of bounds [-1/0]!
[2016.04.17-17.53.01:082][984]LogScript:Warning: Attempted to get an item from array TextInv out of bounds [-1/0]!
[2016.04.17-17.53.01:084][984]LogScript:Warning: Attempted to get an item from array TextInv out of bounds [-1/0]!
[2016.04.17-17.53.01:094][985]LogScript:Warning: Attempted to get an item from array TextInv out of bounds [-1/0]!
[2016.04.17-17.53.01:096][985]LogScript:Warning: Attempted to get an item from array TextInv out of bounds [-1/0]!
[2016.04.17-17.53.01:105][986]LogScript:Warning: Attempted to get an item from array TextInv out of bounds [-1/0]!
[2016.04.17-17.53.01:107][986]LogScript:Warning: Attempted to get an item from array TextInv out of bounds [-1/0]!
[2016.04.17-17.53.01:116][987]LogScript:Warning: Attempted to get an item from array TextInv out of bounds [-1/0]!
[2016.04.17-17.53.01:118][987]LogScript:Warning: Attempted to get an item from array TextInv out of bounds [-1/0]!
[2016.04.17-17.53.01:128][988]LogScript:Warning: Attempted to get an item from array TextInv out of bounds [-1/0]!
[2016.04.17-17.53.01:130][988]LogScript:Warning: Attempted to get an item from array TextInv out of bounds [-1/0]!
[2016.04.17-17.53.01:139][989]LogScript:Warning: Attempted to get an item from array TextInv out of bounds [-1/0]!
[2016.04.17-17.53.01:141][989]LogScript:Warning: Attempted to get an item from array TextInv out of bounds [-1/0]!
[2016.04.17-17.53.01:150][990]LogScript:Warning: Attempted to get an item from array TextInv out of bounds [-1/0]!
[2016.04.17-17.53.01:152][990]LogScript:Warning: Attempted to get an item from array TextInv out of bounds [-1/0]!
[2016.04.17-17.53.01:162][991]LogScript:Warning: Attempted to get an item from array TextInv out of bounds [-1/0]!
[2016.04.17-17.53.01:164][991]LogScript:Warning: Attempted to get an item from array TextInv out of bounds [-1/0]!
[2016.04.17-17.53.01:173][992]LogScript:Warning: Attempted to get an item from array TextInv out of bounds [-1/0]!
[2016.04.17-17.53.01:175][992]LogScript:Warning: Attempted to get an item from array TextInv out of bounds [-1/0]!
[2016.04.17-17.53.01:185][993]LogScript:Warning: Attempted to get an item from array TextInv out of bounds [-1/0]!
[2016.04.17-17.53.01:187][993]LogScript:Warning: Attempted to get an item from array TextInv out of bounds [-1/0]!
[2016.04.17-17.53.01:196][994]LogScript:Warning: Attempted to get an item from array TextInv out of bounds [-1/0]!
[2016.04.17-17.53.01:198][994]LogScript:Warning: Attempted to get an item from array TextInv out of bounds [-1/0]!
[2016.04.17-17.53.01:207][995]LogScript:Warning: Attempted to get an item from array TextInv out of bounds [-1/0]!
[2016.04.17-17.53.01:209][995]LogScript:Warning: Attempted to get an item from array TextInv out of bounds [-1/0]!
[2016.04.17-17.53.01:219][996]LogScript:Warning: Attempted to get an item from array TextInv out of bounds [-1/0]!
[2016.04.17-17.53.01:221][996]LogScript:Warning: Attempted to get an item from array TextInv out of bounds [-1/0]!
[2016.04.17-17.53.01:230][997]LogScript:Warning: Attempted to get an item from array TextInv out of bounds [-1/0]!
[2016.04.17-17.53.01:232][997]LogScript:Warning: Attempted to get an item from array TextInv out of bounds [-1/0]!
[2016.04.17-17.53.01:241][998]LogScript:Warning: Attempted to get an item from array TextInv out of bounds [-1/0]!
[2016.04.17-17.53.01:243][998]LogScript:Warning: Attempted to get an item from array TextInv out of bounds [-1/0]!
[2016.04.17-17.53.01:253][999]LogScript:Warning: Attempted to get an item from array TextInv out of bounds [-1/0]!
[2016.04.17-17.53.01:255][999]LogScript:Warning: Attempted to get an item from array TextInv out of bounds [-1/0]!
[2016.04.17-17.53.01:264][  0]LogScript:Warning: Attempted to get an item from array TextInv out of bounds [-1/0]!
[2016.04.17-17.53.01:266][  0]LogScript:Warning: Attempted to get an item from array TextInv out of bounds [-1/0]!
[2016.04.17-17.53.01:275][  1]LogScript:Warning: Attempted to get an item from array TextInv out of bounds [-1/0]!
[2016.04.17-17.53.01:277][  1]LogScript:Warning: Attempted to get an item from array TextInv out of bounds [-1/0]!
[2016.04.17-17.53.01:287][  2]LogScript:Warning: Attempted to get an item from array TextInv out of bounds [-1/0]!
[2016.04.17-17.53.01:289][  2]LogScript:Warning: Attempted to get an item from array TextInv out of bounds [-1/0]!
[2016.04.17-17.53.01:298][  3]LogScript:Warning: Attempted to get an item from array TextInv out of bounds [-1/0]!
[2016.04.17-17.53.01:300][  3]LogScript:Warning: Attempted to get an item from array TextInv out of bounds [-1/0]!
[2016.04.17-17.53.01:310][  4]LogScript:Warning: Attempted to get an item from array TextInv out of bounds [-1/0]!
[2016.04.17-17.53.01:312][  4]LogScript:Warning: Attempted to get an item from array TextInv out of bounds [-1/0]!
[2016.04.17-17.53.01:321][  5]LogScript:Warning: Attempted to get an item from array TextInv out of bounds [-1/0]!
[2016.04.17-17.53.01:323][  5]LogScript:Warning: Attempted to get an item from array TextInv out of bounds [-1/0]!
[2016.04.17-17.53.01:332][  6]LogScript:Warning: Attempted to get an item from array TextInv out of bounds [-1/0]!
[2016.04.17-17.53.01:334][  6]LogScript:Warning: Attempted to get an item from array TextInv out of bounds [-1/0]!
[2016.04.17-17.53.01:343][  7]LogScript:Warning: Attempted to get an item from array TextInv out of bounds [-1/0]!
[2016.04.17-17.53.01:345][  7]LogScript:Warning: Attempted to get an item from array TextInv out of bounds [-1/0]!
[2016.04.17-17.53.01:354][  8]LogScript:Warning: Attempted to get an item from array TextInv out of bounds [-1/0]!
[2016.04.17-17.53.01:356][  8]LogScript:Warning: Attempted to get an item from array TextInv out of bounds [-1/0]!
[2016.04.17-17.53.01:366][  9]LogScript:Warning: Attempted to get an item from array TextInv out of bounds [-1/0]!
[2016.04.17-17.53.01:368][  9]LogScript:Warning: Attempted to get an item from array TextInv out of bounds [-1/0]!
[2016.04.17-17.53.01:377][ 10]LogScript:Warning: Attempted to get an item from array TextInv out of bounds [-1/0]!
[2016.04.17-17.53.01:379][ 10]LogScript:Warning: Attempted to get an item from array TextInv out of bounds [-1/0]!
[2016.04.17-17.53.01:389][ 11]LogScript:Warning: Attempted to get an item from array TextInv out of bounds [-1/0]!
[2016.04.17-17.53.01:391][ 11]LogScript:Warning: Attempted to get an item from array TextInv out of bounds [-1/0]!
[2016.04.17-17.53.01:400][ 12]LogScript:Warning: Attempted to get an item from array TextInv out of bounds [-1/0]!
[2016.04.17-17.53.01:402][ 12]LogScript:Warning: Attempted to get an item from array TextInv out of bounds [-1/0]!
[2016.04.17-17.53.01:411][ 13]LogScript:Warning: Attempted to get an item from array TextInv out of bounds [-1/0]!
[2016.04.17-17.53.01:413][ 13]LogScript:Warning: Attempted to get an item from array TextInv out of bounds [-1/0]!
[2016.04.17-17.53.01:423][ 14]LogScript:Warning: Attempted to get an item from array TextInv out of bounds [-1/0]!
[2016.04.17-17.53.01:425][ 14]LogScript:Warning: Attempted to get an item from array TextInv out of bounds [-1/0]!
[2016.04.17-17.54.53:157][166]LogBlueprintUserMessages: Early EndPlayMap Detection: Level '/Game/Hotel/Levels/World.World:PersistentLevel' has LevelScriptBlueprint '/Game/Hotel/Levels/World.World:PersistentLevel.World' with GeneratedClass '/Game/Hotel/Levels/World.World_C' with ClassGeneratedBy '/Game/Hotel/Levels/World.World:PersistentLevel.World'
[2016.04.17-17.54.53:204][166]LogBlueprintUserMessages: Late EndPlayMap Detection: Level '/Game/Hotel/Levels/World.World:PersistentLevel' has LevelScriptBlueprint '/Game/Hotel/Levels/World.World:PersistentLevel.World' with GeneratedClass '/Game/Hotel/Levels/World.World_C' with ClassGeneratedBy '/Game/Hotel/Levels/World.World:PersistentLevel.World'
[2016.04.17-17.54.53:228][166]LogParticles: Destroying 0 GPU particle simulations for FXSystem 0x0000024F3C9419E0
[2016.04.17-17.55.00:348][992]LogEditorViewport: Clicking on Actor (LMB): StaticMeshActor (Lobby_haunted2)
[2016.04.17-17.55.01:387][107]LogEditorViewport: Clicking on Actor (LMB): StaticMeshActor (Lobby_haunted2)
[2016.04.17-17.55.01:801][155]LogEditorViewport: Clicking on Actor (LMB): StaticMeshActor (Lobby_haunted2)
[2016.04.17-17.55.02:358][220]LogEditorViewport: Clicking on Actor (LMB): StaticMeshActor (Lobby_haunted2)
[2016.04.17-17.55.05:362][571]LogEditorViewport: Clicking on Component (context menu): StaticMeshComponent (StaticMeshComponent0)
[2016.04.17-17.55.10:268][147]LogEditorViewport: Clicking on Actor (LMB): StaticMeshActor (Rubble2)
[2016.04.17-17.55.11:706][316]Cmd: DELETE
[2016.04.17-17.55.11:706][316]Cmd: ACTOR DELETE
[2016.04.17-17.55.11:710][316]LogEditorActor: Deleted Actor: StaticMeshActor
[2016.04.17-17.55.11:727][316]LogEditorActor: Deleted 1 Actors (0.021 secs)
[2016.04.17-17.55.15:501][766]LogEditorViewport: Clicking on Actor (LMB): PointLight (PointLight12)
[2016.04.17-17.55.50:525][ 31]LogLinker:Warning: Asset '../../../Engine/Content/ArtTools/RenderToTexture/Macros/RenderToTextureMacros.uasset' has been saved with empty engine version. The asset will be loaded but may be incompatible.
[2016.04.17-17.55.50:846][ 31]LogContentBrowser: Native class hierarchy updated for 'BlueprintGraph' in 0.0006 seconds. Added 107 classes and 0 folders.
[2016.04.17-17.56.15:318][816]BlueprintLog: New page: Compile Tutorial
[2016.04.17-17.56.15:435][816]BlueprintEditorCompileResults: Info [0292.44] Compile of Tutorial successful! [in 117 ms]
[2016.04.17-17.56.23:987][684]LogEditorViewport: Clicking on Actor (LMB): StaticMeshActor (Lobby_haunted2)
[2016.04.17-17.56.24:574][737]LogEditorViewport: Clicking on Actor (LMB): StaticMeshActor (Lobby_haunted2)
[2016.04.17-17.56.25:090][785]LogEditorViewport: Clicking on Actor (LMB): StaticMeshActor (Lobby_haunted2)
[2016.04.17-17.56.30:038][289]Cmd: OBJ SAVEPACKAGE PACKAGE="/Game/FirstPersonBP/Blueprints/Tutorial" FILE="../../../../../../Users/MrrBond/Documents/GitHub/HotelBete/Content/FirstPersonBP/Blueprints/Tutorial.uasset" SILENT=true
[2016.04.17-17.56.30:090][289]LogSavePackage: Save=40.390598ms
[2016.04.17-17.56.30:090][289]LogSavePackage: Moving '../../../../../../Users/MrrBond/Documents/GitHub/HotelBete/Saved/Tutorial3656ABA848E9A72E9B9712B6D28A1E74.tmp' to '../../../../../../Users/MrrBond/Documents/GitHub/HotelBete/Content/FirstPersonBP/Blueprints/Tutorial.uasset'
[2016.04.17-17.56.30:094][289]LogSavePackage: Total save time: 53.744547ms
[2016.04.17-17.56.30:094][289]LogSavePackage:Display: Finished SavePackage ../../../../../../Users/MrrBond/Documents/GitHub/HotelBete/Content/FirstPersonBP/Blueprints/Tutorial.uasset
[2016.04.17-17.56.42:176][527]BlueprintLog: New page: Compile Tutorial
[2016.04.17-17.56.42:265][527]BlueprintEditorCompileResults: Info [0319.27] Compile of Tutorial successful! [in 88 ms]
[2016.04.17-17.56.49:526][282]BlueprintLog: New page: Compile Tutorial
[2016.04.17-17.56.49:618][282]BlueprintEditorCompileResults: Info [0326.62] Compile of Tutorial successful! [in 91 ms]
[2016.04.17-17.57.09:310][379]BlueprintLog: New page: Compile Tutorial
[2016.04.17-17.57.09:400][379]BlueprintEditorCompileResults: Info [0346.40] Compile of Tutorial successful! [in 90 ms]
[2016.04.17-17.57.42:600][281]BlueprintLog: New page: Compile Tutorial
[2016.04.17-17.57.42:692][281]BlueprintEditorCompileResults: Info [0379.69] Compile of Tutorial successful! [in 91 ms]
[2016.04.17-17.57.43:238][343]Cmd: OBJ SAVEPACKAGE PACKAGE="/Game/FirstPersonBP/Blueprints/Tutorial" FILE="../../../../../../Users/MrrBond/Documents/GitHub/HotelBete/Content/FirstPersonBP/Blueprints/Tutorial.uasset" SILENT=true
[2016.04.17-17.57.43:287][343]LogSavePackage: Save=44.287853ms
[2016.04.17-17.57.43:287][343]LogSavePackage: Moving '../../../../../../Users/MrrBond/Documents/GitHub/HotelBete/Saved/TutorialCCD160DD499B3901614031AD86CA953A.tmp' to '../../../../../../Users/MrrBond/Documents/GitHub/HotelBete/Content/FirstPersonBP/Blueprints/Tutorial.uasset'
[2016.04.17-17.57.43:291][343]LogSavePackage: Total save time: 50.611053ms
[2016.04.17-17.57.43:291][343]LogSavePackage:Display: Finished SavePackage ../../../../../../Users/MrrBond/Documents/GitHub/HotelBete/Content/FirstPersonBP/Blueprints/Tutorial.uasset
[2016.04.17-17.57.44:999][507]LogBlueprintUserMessages: Early PlayInEditor Detection: Level '/Game/Hotel/Levels/World.World:PersistentLevel' has LevelScriptBlueprint '/Game/Hotel/Levels/World.World:PersistentLevel.World' with GeneratedClass '/Game/Hotel/Levels/World.World_C' with ClassGeneratedBy '/Game/Hotel/Levels/World.World:PersistentLevel.World'
[2016.04.17-17.57.44:999][507]LogPlayLevel: PlayLevel: No blueprints needed recompiling
[2016.04.17-17.57.44:999][507]PIE: New page: PIE session: World (Apr 17, 2016, 9:57:44 AM)
[2016.04.17-17.57.44:999][507]LogPlayLevel: Creating play world package: /Game/Hotel/Levels/UEDPIE_0_World
[2016.04.17-17.57.45:049][507]LogPlayLevel: PIE: StaticDuplicateObject took: (0.049933s)
[2016.04.17-17.57.45:050][507]LogAIModule: Creating AISystem for world World
[2016.04.17-17.57.45:050][507]LogPlayLevel: PIE: World Init took: (0.000795s)
[2016.04.17-17.57.45:050][507]LogPlayLevel: PIE: Created PIE world by copying editor world from /Game/Hotel/Levels/World.World to /Game/Hotel/Levels/UEDPIE_0_World.World (0.051175s)
[2016.04.17-17.57.45:087][507]LogInit: XAudio2 using 'Speakers (Realtek High Definition Audio)' : 2 channels at 48 kHz using 32 bits per sample (channel mask 0x3)
[2016.04.17-17.57.45:095][507]LogInit: FAudioDevice initialized.
[2016.04.17-17.57.45:159][507]LogWorld: Game class is 'FirstPersonGameMode_C'
[2016.04.17-17.57.45:206][507]LogWorld: Bringing World /Game/Hotel/Levels/UEDPIE_0_World.World up for play (max tick rate 0) at 2016.04.17-13.57.45
[2016.04.17-17.57.45:206][507]LogActor:Warning: GameSession /Game/Hotel/Levels/UEDPIE_0_World.World:PersistentLevel.GameSession_1 has natively added scene component(s), but none of them were set as the actor's RootComponent - picking one arbitrarily
[2016.04.17-17.57.45:206][507]LogActor:Warning: GameNetworkManager /Game/Hotel/Levels/UEDPIE_0_World.World:PersistentLevel.GameNetworkManager_1 has natively added scene component(s), but none of them were set as the actor's RootComponent - picking one arbitrarily
[2016.04.17-17.57.45:208][507]LogWorld: Bringing up level for play took: 0.048988
[2016.04.17-17.57.45:227][507]PIE: Info Play in editor start time for /Game/Hotel/Levels/UEDPIE_0_World 0.044
[2016.04.17-17.57.45:227][507]LogBlueprintUserMessages: Late PlayInEditor Detection: Level '/Game/Hotel/Levels/World.World:PersistentLevel' has LevelScriptBlueprint '/Game/Hotel/Levels/World.World:PersistentLevel.World' with GeneratedClass '/Game/Hotel/Levels/World.World_C' with ClassGeneratedBy '/Game/Hotel/Levels/World.World:PersistentLevel.World'
[2016.04.17-17.57.48:650][821]LogBlueprintUserMessages: [Ghost_C_1] 5
[2016.04.17-17.57.48:755][831]LogBlueprintUserMessages: [Ghost_C_1] 10
[2016.04.17-17.57.48:861][841]LogBlueprintUserMessages: [Ghost_C_1] 15
[2016.04.17-17.57.48:969][851]LogBlueprintUserMessages: [Ghost_C_1] 20
[2016.04.17-17.57.49:076][861]LogBlueprintUserMessages: [Ghost_C_1] 25
[2016.04.17-17.57.49:185][871]LogBlueprintUserMessages: [Ghost_C_1] 30
[2016.04.17-17.57.49:296][881]LogBlueprintUserMessages: [Ghost_C_1] 35
[2016.04.17-17.57.49:407][891]LogBlueprintUserMessages: [Ghost_C_1] 40
[2016.04.17-17.57.49:516][901]LogBlueprintUserMessages: [Ghost_C_1] 45
[2016.04.17-17.57.49:628][911]LogBlueprintUserMessages: [Ghost_C_1] 50
[2016.04.17-17.57.49:728][920]LogBlueprintUserMessages: [Ghost_C_1] 55
[2016.04.17-17.57.49:839][930]LogBlueprintUserMessages: [Ghost_C_1] 60
[2016.04.17-17.57.49:940][939]LogBlueprintUserMessages: [Ghost_C_1] 65
[2016.04.17-17.57.50:040][948]LogBlueprintUserMessages: [Ghost_C_1] 70
[2016.04.17-17.57.50:141][957]LogBlueprintUserMessages: [Ghost_C_1] 75
[2016.04.17-17.57.50:241][966]LogBlueprintUserMessages: [Ghost_C_1] 80
[2016.04.17-17.57.50:342][975]LogBlueprintUserMessages: [Ghost_C_1] 85
[2016.04.17-17.57.50:443][984]LogBlueprintUserMessages: [Ghost_C_1] 90
[2016.04.17-17.57.50:544][993]LogBlueprintUserMessages: [Ghost_C_1] 95
[2016.04.17-17.57.50:645][  2]LogBlueprintUserMessages: [Ghost_C_1] 100
[2016.04.17-17.57.50:646][  2]LogScript:Warning: Accessed None 'Heartbeat'
	Player_C /Game/Hotel/Levels/UEDPIE_0_World.World:PersistentLevel.Player_C_1
	Function /Game/Hotel/Blueprints/Player/Player.Player_C:ExecuteUbergraph_Player:189B
[2016.04.17-17.57.50:646][  2]PIE:Error: Error Accessed None 'Heartbeat' from node Branch in graph 'EventGraph' in blueprint Player
[2016.04.17-17.58.02:297][129]LogBlueprintUserMessages: Early EndPlayMap Detection: Level '/Game/Hotel/Levels/World.World:PersistentLevel' has LevelScriptBlueprint '/Game/Hotel/Levels/World.World:PersistentLevel.World' with GeneratedClass '/Game/Hotel/Levels/World.World_C' with ClassGeneratedBy '/Game/Hotel/Levels/World.World:PersistentLevel.World'
[2016.04.17-17.58.02:357][129]LogBlueprintUserMessages: Late EndPlayMap Detection: Level '/Game/Hotel/Levels/World.World:PersistentLevel' has LevelScriptBlueprint '/Game/Hotel/Levels/World.World:PersistentLevel.World' with GeneratedClass '/Game/Hotel/Levels/World.World_C' with ClassGeneratedBy '/Game/Hotel/Levels/World.World:PersistentLevel.World'
[2016.04.17-17.58.02:404][129]LogParticles: Destroying 0 GPU particle simulations for FXSystem 0x0000024FA3E7C7C0
[2016.04.17-17.58.16:100][529]Cmd: OBJ SAVEPACKAGE PACKAGE="/Game/Hotel/Levels/World" FILE="../../../../../../Users/MrrBond/Documents/GitHub/HotelBete/Content/Hotel/Levels/World.umap" SILENT=true AUTOSAVING=false KEEPDIRTY=false
[2016.04.17-17.58.18:991][529]LogSavePackage: Save=2834.902832ms
[2016.04.17-17.58.18:991][529]LogSavePackage: Moving '../../../../../../Users/MrrBond/Documents/GitHub/HotelBete/Saved/WorldB6838F204292EA58478883B2441F0207.tmp' to '../../../../../../Users/MrrBond/Documents/GitHub/HotelBete/Content/Hotel/Levels/World.umap'
[2016.04.17-17.58.18:997][529]LogSavePackage: Total save time: 2866.310030ms
[2016.04.17-17.58.18:997][529]LogSavePackage:Display: Finished SavePackage ../../../../../../Users/MrrBond/Documents/GitHub/HotelBete/Content/Hotel/Levels/World.umap
[2016.04.17-17.58.19:021][529]LogFileHelpers: Saving map 'World' took 3.053
[2016.04.17-17.58.25:561][253]LogParticles: Destroying 0 GPU particle simulations for FXSystem 0x0000024F3AFAB9C0
[2016.04.17-17.58.25:768][254]Cmd: QUIT_EDITOR
[2016.04.17-17.58.26:035][254]LogWindowsTextInputMethodSystem:Display: IME system now deactivated.
[2016.04.17-17.58.26:132][254]LogExit: Preparing to exit.
[2016.04.17-17.58.27:042][254]LogExit: Editor shut down
[2016.04.17-17.58.27:043][254]LogExit: Transaction tracking system shut down
[2016.04.17-17.58.27:051][254]LogParticles: Destroying 0 GPU particle simulations for FXSystem 0x0000024F5CB2B880
[2016.04.17-17.58.27:072][254]LogParticles: Destroying 0 GPU particle simulations for FXSystem 0x0000024F5CB663E0
[2016.04.17-17.58.27:073][254]LogParticles: Destroying 0 GPU particle simulations for FXSystem 0x0000024F5CB65A80
[2016.04.17-17.58.27:073][254]LogParticles: Destroying 0 GPU particle simulations for FXSystem 0x0000024F3949FA60
[2016.04.17-17.58.27:324][254]LogParticles: Destroying 0 GPU particle simulations for FXSystem 0x0000024F3949CFE0
[2016.04.17-17.58.27:324][254]LogExit: Object subsystem successfully closed.
[2016.04.17-17.58.27:341][254]LogD3D11RHI: Shutdown
[2016.04.17-17.58.27:341][254]LogD3D11RHI: CleanupD3DDevice
[2016.04.17-17.58.27:429][254]LogD3D11RHI: ~FD3D11DynamicRHI
[2016.04.17-17.58.27:443][254]LogModuleManager: Shutting down and abandoning module CookingStats (202)
[2016.04.17-17.58.27:443][254]LogModuleManager: Shutting down and abandoning module BlueprintGraph (201)
[2016.04.17-17.58.27:443][254]LogModuleManager: Shutting down and abandoning module CrashTracker (200)
[2016.04.17-17.58.27:443][254]LogModuleManager: Shutting down and abandoning module SceneOutliner (199)
[2016.04.17-17.58.27:443][254]LogModuleManager: Shutting down and abandoning module SuperSearch (198)
[2016.04.17-17.58.27:443][254]LogModuleManager: Shutting down and abandoning module WidgetCarousel (197)
[2016.04.17-17.58.27:443][254]LogModuleManager: Shutting down and abandoning module AddContentDialog (196)
[2016.04.17-17.58.27:444][254]LogModuleManager: Shutting down and abandoning module EditorWidgets (195)
[2016.04.17-17.58.27:444][254]LogModuleManager: Shutting down and abandoning module CollectionManager (194)
[2016.04.17-17.58.27:444][254]LogModuleManager: Shutting down and abandoning module StatsViewer (193)
[2016.04.17-17.58.27:444][254]LogModuleManager: Shutting down and abandoning module FoliageEdit (192)
[2016.04.17-17.58.27:444][254]LogModuleManager: Shutting down and abandoning module LandscapeEditor (191)
[2016.04.17-17.58.27:444][254]LogModuleManager: Shutting down and abandoning module ActorPickerMode (190)
[2016.04.17-17.58.27:444][254]LogModuleManager: Shutting down and abandoning module GeometryMode (189)
[2016.04.17-17.58.27:444][254]LogModuleManager: Shutting down and abandoning module TextureAlignMode (188)
[2016.04.17-17.58.27:444][254]LogModuleManager: Shutting down and abandoning module BspMode (187)
[2016.04.17-17.58.27:444][254]LogModuleManager: Shutting down and abandoning module PlacementMode (186)
[2016.04.17-17.58.27:444][254]LogModuleManager: Shutting down and abandoning module AutomationWorker (185)
[2016.04.17-17.58.27:444][254]LogModuleManager: Shutting down and abandoning module CharacterAI (184)
[2016.04.17-17.58.27:444][254]LogModuleManager: Shutting down and abandoning module SmartSnapping (183)
[2016.04.17-17.58.27:444][254]LogModuleManager: Shutting down and abandoning module ViewportSnapping (182)
[2016.04.17-17.58.27:444][254]LogModuleManager: Shutting down and abandoning module LogVisualizer (181)
[2016.04.17-17.58.27:444][254]LogModuleManager: Shutting down and abandoning module GameProjectGeneration (180)
[2016.04.17-17.58.27:444][254]LogModuleManager: Shutting down and abandoning module IntroTutorials (179)
[2016.04.17-17.58.27:445][254]LogModuleManager: Shutting down and abandoning module EditorLiveStreaming (178)
[2016.04.17-17.58.27:445][254]LogModuleManager: Shutting down and abandoning module IOSPlatformEditor (177)
[2016.04.17-17.58.27:445][254]LogModuleManager: Shutting down and abandoning module HTML5PlatformEditor (176)
[2016.04.17-17.58.27:445][254]LogModuleManager: Shutting down and abandoning module AndroidDeviceDetection (175)
[2016.04.17-17.58.27:827][254]LogModuleManager: Shutting down and abandoning module AndroidPlatformEditor (174)
[2016.04.17-17.58.27:827][254]LogModuleManager: Shutting down and abandoning module IOSRuntimeSettings (173)
[2016.04.17-17.58.27:827][254]LogModuleManager: Shutting down and abandoning module AndroidRuntimeSettings (172)
[2016.04.17-17.58.27:827][254]LogModuleManager: Shutting down and abandoning module MergeActors (171)
[2016.04.17-17.58.27:827][254]LogModuleManager: Shutting down and abandoning module SizeMap (170)
[2016.04.17-17.58.27:827][254]LogModuleManager: Shutting down and abandoning module TreeMap (169)
[2016.04.17-17.58.27:827][254]LogModuleManager: Shutting down and abandoning module ReferenceViewer (168)
[2016.04.17-17.58.27:827][254]LogModuleManager: Shutting down and abandoning module LocalizationService (167)
[2016.04.17-17.58.27:827][254]LogModuleManager: Shutting down and abandoning module LocalizationDashboard (166)
[2016.04.17-17.58.27:827][254]LogModuleManager: Shutting down and abandoning module HardwareTargeting (165)
[2016.04.17-17.58.27:827][254]LogModuleManager: Shutting down and abandoning module DeviceProfileEditor (164)
[2016.04.17-17.58.27:827][254]LogModuleManager: Shutting down and abandoning module UndoHistory (163)
[2016.04.17-17.58.27:827][254]LogModuleManager: Shutting down and abandoning module GameplayTagsEditor (162)
[2016.04.17-17.58.27:827][254]LogModuleManager: Shutting down and abandoning module UserFeedback (161)
[2016.04.17-17.58.27:827][254]LogModuleManager: Shutting down and abandoning module XmlParser (160)
[2016.04.17-17.58.27:827][254]LogModuleManager: Shutting down and abandoning module Blutility (159)
[2016.04.17-17.58.27:827][254]LogModuleManager: Shutting down and abandoning module ProjectTargetPlatformEditor (158)
[2016.04.17-17.58.27:827][254]LogModuleManager: Shutting down and abandoning module ProjectSettingsViewer (157)
[2016.04.17-17.58.27:827][254]LogModuleManager: Shutting down and abandoning module InputBindingEditor (156)
[2016.04.17-17.58.27:827][254]LogModuleManager: Shutting down and abandoning module EditorSettingsViewer (155)
[2016.04.17-17.58.27:827][254]LogModuleManager: Shutting down and abandoning module SettingsEditor (154)
[2016.04.17-17.58.27:827][254]LogModuleManager: Shutting down and abandoning module ProjectLauncher (153)
[2016.04.17-17.58.27:827][254]LogModuleManager: Shutting down and abandoning module SessionFrontend (152)
[2016.04.17-17.58.27:827][254]LogModuleManager: Shutting down and abandoning module ProfilerClient (151)
[2016.04.17-17.58.27:827][254]LogModuleManager: Shutting down and abandoning module TargetDeviceServices (150)
[2016.04.17-17.58.27:828][254]LogModuleManager: Shutting down and abandoning module DeviceManager (149)
[2016.04.17-17.58.27:828][254]LogModuleManager: Shutting down and abandoning module AutomationController (148)
[2016.04.17-17.58.27:828][254]LogModuleManager: Shutting down and abandoning module AutomationWindow (147)
[2016.04.17-17.58.27:828][254]LogModuleManager: Shutting down and abandoning module Layers (146)
[2016.04.17-17.58.27:828][254]LogModuleManager: Shutting down and abandoning module ComponentVisualizers (145)
[2016.04.17-17.58.27:828][254]LogModuleManager: Shutting down and abandoning module DetailCustomizations (144)
[2016.04.17-17.58.27:828][254]LogModuleManager: Shutting down and abandoning module PackagesDialog (143)
[2016.04.17-17.58.27:828][254]LogModuleManager: Shutting down and abandoning module Persona (142)
[2016.04.17-17.58.27:828][254]LogModuleManager: Shutting down and abandoning module Kismet (141)
[2016.04.17-17.58.27:828][254]LogModuleManager: Shutting down and abandoning module GraphEditor (140)
[2016.04.17-17.58.27:828][254]LogModuleManager: Shutting down and abandoning module ClassViewer (139)
[2016.04.17-17.58.27:828][254]LogModuleManager: Shutting down and abandoning module Toolbox (138)
[2016.04.17-17.58.27:828][254]LogModuleManager: Shutting down and abandoning module ModuleUI (137)
[2016.04.17-17.58.27:828][254]LogModuleManager: Shutting down and abandoning module MovieSceneTools (136)
[2016.04.17-17.58.27:828][254]LogModuleManager: Shutting down and abandoning module OutputLog (135)
[2016.04.17-17.58.27:828][254]LogModuleManager: Shutting down and abandoning module GammaUI (134)
[2016.04.17-17.58.27:828][254]LogModuleManager: Shutting down and abandoning module Documentation (133)
[2016.04.17-17.58.27:828][254]LogModuleManager: Shutting down and abandoning module GameLiveStreaming (132)
[2016.04.17-17.58.27:828][254]LogModuleManager: Shutting down and abandoning module StreamingPauseRendering (131)
[2016.04.17-17.58.27:828][254]LogModuleManager: Shutting down and abandoning module AnalyticsET (130)
[2016.04.17-17.58.27:828][254]LogModuleManager: Shutting down and abandoning module Analytics (129)
[2016.04.17-17.58.27:828][254]LogModuleManager: Shutting down and abandoning module AITestSuite (128)
[2016.04.17-17.58.27:828][254]LogModuleManager: Shutting down and abandoning module GameplayDebugger (127)
[2016.04.17-17.58.27:828][254]LogModuleManager: Shutting down and abandoning module AIModule (126)
[2016.04.17-17.58.27:828][254]LogModuleManager: Shutting down and abandoning module ProfilerService (125)
[2016.04.17-17.58.28:050][254]LogModuleManager: Shutting down and abandoning module TaskGraph (124)
[2016.04.17-17.58.28:050][254]LogModuleManager: Shutting down and abandoning module SubstanceEditor (123)
[2016.04.17-17.58.28:050][254]LogModuleManager: Shutting down and abandoning module SlateRemote (122)
[2016.04.17-17.58.28:050][254]LogModuleManager: Shutting down and abandoning module SteamVRController (121)
[2016.04.17-17.58.28:050][254]LogModuleManager: Shutting down and abandoning module SteamVR (120)
[2016.04.17-17.58.28:050][254]LogModuleManager: Shutting down and abandoning module ProceduralMeshComponent (119)
[2016.04.17-17.58.28:050][254]LogModuleManager: Shutting down and abandoning module OculusLibrary (118)
[2016.04.17-17.58.28:050][254]LogModuleManager: Shutting down and abandoning module OculusInput (117)
[2016.04.17-17.58.28:050][254]LogModuleManager: Shutting down and abandoning module LeapMotionController (116)
[2016.04.17-17.58.28:060][254]LogModuleManager: Shutting down and abandoning module CustomMeshComponent (115)
[2016.04.17-17.58.28:060][254]LogModuleManager: Shutting down and abandoning module CableComponent (114)
[2016.04.17-17.58.28:060][254]LogModuleManager: Shutting down and abandoning module ArchVisCharacter (113)
[2016.04.17-17.58.28:060][254]LogModuleManager: Shutting down and abandoning module MessagingDebugger (112)
[2016.04.17-17.58.28:060][254]LogModuleManager: Shutting down and abandoning module MediaPlayerEditor (111)
[2016.04.17-17.58.28:060][254]LogModuleManager: Shutting down and abandoning module HTML5Networking (110)
[2016.04.17-17.58.28:060][254]LogModuleManager: Shutting down and abandoning module SpeedTreeImporter (109)
[2016.04.17-17.58.28:060][254]LogModuleManager: Shutting down and abandoning module PluginBrowser (108)
[2016.04.17-17.58.28:060][254]LogModuleManager: Shutting down and abandoning module EpicSurvey (107)
[2016.04.17-17.58.28:060][254]LogModuleManager: Shutting down and abandoning module DesktopPlatform (106)
[2016.04.17-17.58.28:060][254]LogModuleManager: Shutting down and abandoning module VisualStudioSourceCodeAccess (105)
[2016.04.17-17.58.28:060][254]LogModuleManager: Shutting down and abandoning module UObjectPlugin (104)
[2016.04.17-17.58.28:060][254]LogModuleManager: Shutting down and abandoning module SubversionSourceControl (103)
[2016.04.17-17.58.28:060][254]LogModuleManager: Shutting down and abandoning module PerforceSourceControl (102)
[2016.04.17-17.58.28:060][254]LogModuleManager: Shutting down and abandoning module SourceControl (101)
[2016.04.17-17.58.28:060][254]LogModuleManager: Shutting down and abandoning module GitSourceControl (100)
[2016.04.17-17.58.28:060][254]LogModuleManager: Shutting down and abandoning module LightPropagationVolumeEditor (99)
[2016.04.17-17.58.28:060][254]LogModuleManager: Shutting down and abandoning module PaperTiledImporter (98)
[2016.04.17-17.58.28:060][254]LogModuleManager: Shutting down and abandoning module PaperSpriteSheetImporter (97)
[2016.04.17-17.58.28:060][254]LogModuleManager: Shutting down and abandoning module MeshPaint (96)
[2016.04.17-17.58.28:060][254]LogModuleManager: Shutting down and abandoning module SlateReflector (95)
[2016.04.17-17.58.28:060][254]LogModuleManager: Shutting down and abandoning module HotReload (94)
[2016.04.17-17.58.28:060][254]LogModuleManager: Shutting down and abandoning module MainFrame (93)
[2016.04.17-17.58.28:060][254]LogModuleManager: Shutting down and abandoning module LevelEditor (92)
[2016.04.17-17.58.28:062][254]LogModuleManager: Shutting down and abandoning module ContentBrowser (91)
[2016.04.17-17.58.28:065][254]LogModuleManager: Shutting down and abandoning module Paper2DEditor (90)
[2016.04.17-17.58.28:065][254]LogModuleManager: Shutting down and abandoning module UdpMessaging (89)
[2016.04.17-17.58.28:166][254]LogModuleManager: Shutting down and abandoning module DirectoryWatcher (88)
[2016.04.17-17.58.28:167][254]LogModuleManager: Shutting down and abandoning module AssetRegistry (87)
[2016.04.17-17.58.28:310][254]LogModuleManager: Shutting down and abandoning module SubstanceCore (86)
[2016.04.17-17.58.28:310][254]LogModuleManager: Shutting down and abandoning module LightPropagationVolumeRuntime (85)
[2016.04.17-17.58.28:310][254]LogModuleManager: Shutting down and abandoning module Paper2D (84)
[2016.04.17-17.58.28:310][254]LogModuleManager: Shutting down and abandoning module WindowsMoviePlayer (83)
[2016.04.17-17.58.28:322][254]LogModuleManager: Shutting down and abandoning module Media (82)
[2016.04.17-17.58.28:322][254]LogModuleManager: Shutting down and abandoning module WmfMedia (81)
[2016.04.17-17.58.28:322][254]LogModuleManager: Shutting down and abandoning module OnlineBlueprintSupport (80)
[2016.04.17-17.58.28:322][254]LogModuleManager: Shutting down and abandoning module GameplayTasksEditor (79)
[2016.04.17-17.58.28:322][254]LogModuleManager: Shutting down and abandoning module PropertyEditor (78)
[2016.04.17-17.58.28:322][254]LogModuleManager: Shutting down and abandoning module BehaviorTreeEditor (77)
[2016.04.17-17.58.28:322][254]LogModuleManager: Shutting down and abandoning module FunctionalTesting (76)
[2016.04.17-17.58.28:322][254]LogModuleManager: Shutting down and abandoning module CollisionAnalyzer (75)
[2016.04.17-17.58.28:322][254]LogModuleManager: Shutting down and abandoning module WorkspaceMenuStructure (74)
[2016.04.17-17.58.28:322][254]LogModuleManager: Shutting down and abandoning module MessageLog (73)
[2016.04.17-17.58.28:322][254]LogModuleManager: Shutting down and abandoning module Sequencer (72)
[2016.04.17-17.58.28:322][254]LogModuleManager: Shutting down and abandoning module AssetTools (71)
[2016.04.17-17.58.28:322][254]LogModuleManager: Shutting down and abandoning module UMGEditor (70)
[2016.04.17-17.58.28:322][254]LogModuleManager: Shutting down and abandoning module UMG (69)
[2016.04.17-17.58.28:322][254]LogModuleManager: Shutting down and abandoning module Slate (68)
[2016.04.17-17.58.28:322][254]LogModuleManager: Shutting down and abandoning module EditorStyle (67)
[2016.04.17-17.58.28:325][254]LogModuleManager: Shutting down and abandoning module SessionServices (66)
[2016.04.17-17.58.28:325][254]LogModuleManager: Shutting down and abandoning module SourceCodeAccess (65)
[2016.04.17-17.58.28:325][254]LogModuleManager: Shutting down and abandoning module HeadMountedDisplay (64)
[2016.04.17-17.58.28:325][254]LogModuleManager: Shutting down and abandoning module XAudio2 (63)
[2016.04.17-17.58.28:325][254]LogModuleManager: Shutting down and abandoning module Networking (61)
[2016.04.17-17.58.28:325][254]LogModuleManager: Shutting down and abandoning module Core (60)
[2016.04.17-17.58.28:325][254]LogModuleManager: Shutting down and abandoning module KismetCompiler (59)
[2016.04.17-17.58.28:325][254]LogModuleManager: Shutting down and abandoning module PhysXFormats (58)
[2016.04.17-17.58.28:325][254]LogModuleManager: Shutting down and abandoning module MeshUtilities (57)
[2016.04.17-17.58.28:325][254]LogModuleManager: Shutting down and abandoning module DerivedDataCache (56)
[2016.04.17-17.58.28:386][254]LogDerivedDataCache: Shutdown
[2016.04.17-17.58.28:386][254]LogModuleManager: Shutting down and abandoning module ShaderFormatOpenGL (55)
[2016.04.17-17.58.28:386][254]LogModuleManager: Shutting down and abandoning module ShaderFormatD3D (54)
[2016.04.17-17.58.28:386][254]LogModuleManager: Shutting down and abandoning module MetalShaderFormat (53)
[2016.04.17-17.58.28:386][254]LogModuleManager: Shutting down and abandoning module TextureFormatUncompressed (52)
[2016.04.17-17.58.28:386][254]LogModuleManager: Shutting down and abandoning module TextureFormatPVR (51)
[2016.04.17-17.58.28:386][254]LogModuleManager: Shutting down and abandoning module TextureFormatIntelISPCTexComp (50)
[2016.04.17-17.58.28:386][254]LogModuleManager: Shutting down and abandoning module TextureFormatDXT (49)
[2016.04.17-17.58.28:386][254]LogModuleManager: Shutting down and abandoning module ImageWrapper (48)
[2016.04.17-17.58.28:386][254]LogModuleManager: Shutting down and abandoning module TextureFormatASTC (47)
[2016.04.17-17.58.28:386][254]LogModuleManager: Shutting down and abandoning module TextureFormatAndroid (46)
[2016.04.17-17.58.28:386][254]LogModuleManager: Shutting down and abandoning module AudioFormatOpus (45)
[2016.04.17-17.58.28:386][254]LogModuleManager: Shutting down and abandoning module AudioFormatOgg (44)
[2016.04.17-17.58.28:386][254]LogModuleManager: Shutting down and abandoning module AudioFormatADPCM (43)
[2016.04.17-17.58.28:386][254]LogModuleManager: Shutting down and abandoning module LinuxTargetPlatform (42)
[2016.04.17-17.58.28:386][254]LogModuleManager: Shutting down and abandoning module LinuxServerTargetPlatform (41)
[2016.04.17-17.58.28:386][254]LogModuleManager: Shutting down and abandoning module LinuxNoEditorTargetPlatform (40)
[2016.04.17-17.58.28:386][254]LogModuleManager: Shutting down and abandoning module Messaging (39)
[2016.04.17-17.58.28:386][254]LogModuleManager: Shutting down and abandoning module IOSTargetPlatform (38)
[2016.04.17-17.58.28:386][254]LogModuleManager: Shutting down and abandoning module HTML5TargetPlatform (37)
[2016.04.17-17.58.28:386][254]LogModuleManager: Shutting down and abandoning module Android_PVRTCTargetPlatform (36)
[2016.04.17-17.58.28:386][254]LogModuleManager: Shutting down and abandoning module Android_MultiTargetPlatform (35)
[2016.04.17-17.58.28:386][254]LogModuleManager: Shutting down and abandoning module Android_ETC2TargetPlatform (34)
[2016.04.17-17.58.28:386][254]LogModuleManager: Shutting down and abandoning module Android_ETC1TargetPlatform (33)
[2016.04.17-17.58.28:386][254]LogModuleManager: Shutting down and abandoning module Android_DXTTargetPlatform (32)
[2016.04.17-17.58.28:386][254]LogModuleManager: Shutting down and abandoning module Android_ATCTargetPlatform (31)
[2016.04.17-17.58.28:386][254]LogModuleManager: Shutting down and abandoning module Android_ASTCTargetPlatform (30)
[2016.04.17-17.58.28:386][254]LogModuleManager: Shutting down and abandoning module AndroidTargetPlatform (29)
[2016.04.17-17.58.28:386][254]LogModuleManager: Shutting down and abandoning module WindowsTargetPlatform (28)
[2016.04.17-17.58.28:386][254]LogModuleManager: Shutting down and abandoning module WindowsServerTargetPlatform (27)
[2016.04.17-17.58.28:386][254]LogModuleManager: Shutting down and abandoning module WindowsNoEditorTargetPlatform (26)
[2016.04.17-17.58.28:386][254]LogModuleManager: Shutting down and abandoning module WindowsClientTargetPlatform (25)
[2016.04.17-17.58.28:386][254]LogModuleManager: Shutting down and abandoning module AllDesktopTargetPlatform (24)
[2016.04.17-17.58.28:386][254]LogModuleManager: Shutting down and abandoning module TargetPlatform (23)
[2016.04.17-17.58.28:386][254]LogModuleManager: Shutting down and abandoning module InputCore (22)
[2016.04.17-17.58.28:386][254]LogModuleManager: Shutting down and abandoning module Settings (21)
[2016.04.17-17.58.28:386][254]LogModuleManager: Shutting down and abandoning module OnlineSubsystem (19)
[2016.04.17-17.58.28:386][254]LogModuleManager: Shutting down and abandoning module HTTP (18)
[2016.04.17-17.58.29:387][254]LogModuleManager: Shutting down and abandoning module XMPP (17)
[2016.04.17-17.58.29:387][254]LogModuleManager: Shutting down and abandoning module OculusRift (16)
[2016.04.17-17.58.29:387][254]LogModuleManager: Shutting down and abandoning module ExampleDeviceProfileSelector (15)
[2016.04.17-17.58.29:387][254]LogModuleManager: Shutting down and abandoning module TextureCompressor (14)
[2016.04.17-17.58.29:387][254]LogModuleManager: Shutting down and abandoning module ShaderCore (13)
[2016.04.17-17.58.29:387][254]LogModuleManager: Shutting down and abandoning module Landscape (12)
[2016.04.17-17.58.29:387][254]LogModuleManager: Shutting down and abandoning module SlateRHIRenderer (11)
[2016.04.17-17.58.29:388][254]LogModuleManager: Shutting down and abandoning module OpenGLDrv (10)
[2016.04.17-17.58.29:388][254]LogModuleManager: Shutting down and abandoning module D3D11RHI (9)
[2016.04.17-17.58.29:388][254]LogModuleManager: Shutting down and abandoning module AnimGraphRuntime (8)
[2016.04.17-17.58.29:388][254]LogModuleManager: Shutting down and abandoning module Renderer (7)
[2016.04.17-17.58.29:388][254]LogModuleManager: Shutting down and abandoning module Engine (6)
[2016.04.17-17.58.29:388][254]LogModuleManager: Shutting down and abandoning module CoreUObject (5)
[2016.04.17-17.58.29:388][254]LogModuleManager: Shutting down and abandoning module NetworkFile (4)
[2016.04.17-17.58.29:388][254]LogModuleManager: Shutting down and abandoning module StreamingFile (3)
[2016.04.17-17.58.29:388][254]LogModuleManager: Shutting down and abandoning module SandboxFile (2)
[2016.04.17-17.58.29:388][254]LogModuleManager: Shutting down and abandoning module PakFile (1)
[2016.04.17-17.58.29:389][254]LogExit: Exiting.
[2016.04.17-17.58.29:390][254]Log file closed, 04/17/16 13:58:29
