[2016.04.16-21.44.21:409][  0]Log file open, 04/16/16 17:44:21
[2016.04.16-21.44.21:409][  0]LogInit:Display: Running engine for game: Hotel
[2016.04.16-21.44.21:409][  0]LogPlatformFile: Not using cached read wrapper
[2016.04.16-21.44.21:409][  0]LogInit:Display: RandInit(-1568063672) SRandInit(-1568063671).
[2016.04.16-21.44.21:409][  0]LogTaskGraph: Started task graph with 4 named threads and 5 total threads.
[2016.04.16-21.44.21:409][  0]LogStats: Stats thread started at 0.068546
[2016.04.16-21.44.21:409][  0]LogInit: Version: 4.10.4-2872498+++depot+UE4-Releases+4.10
[2016.04.16-21.44.21:409][  0]LogInit: API Version: 2758231
[2016.04.16-21.44.21:409][  0]LogInit: Compiled (64-bit): Feb 18 2016 15:47:04
[2016.04.16-21.44.21:409][  0]LogInit: Compiled with Visual C++: 19.00.23026.00
[2016.04.16-21.44.21:409][  0]LogInit: Build Configuration: Development
[2016.04.16-21.44.21:409][  0]LogInit: Branch Name: ++depot+UE4-Releases+4.10
[2016.04.16-21.44.21:409][  0]LogInit: Command line:  
[2016.04.16-21.44.21:409][  0]LogInit: Base directory: C:/Program Files (x86)/Epic Games/4.10/Engine/Binaries/Win64/
[2016.04.16-21.44.21:409][  0]LogInit: Rocket: 1
[2016.04.16-21.44.21:431][  0]LogInit: Using libcurl 7.41.0
[2016.04.16-21.44.21:431][  0]LogInit:  - built for x86_64-pc-win32
[2016.04.16-21.44.21:431][  0]LogInit:  - supports SSL with WinSSL
[2016.04.16-21.44.21:431][  0]LogInit:  - other features:
[2016.04.16-21.44.21:431][  0]LogInit:      CURL_VERSION_SSL
[2016.04.16-21.44.21:431][  0]LogInit:      CURL_VERSION_IPV6
[2016.04.16-21.44.21:431][  0]LogInit:      CURL_VERSION_ASYNCHDNS
[2016.04.16-21.44.21:431][  0]LogInit:      CURL_VERSION_LARGEFILE
[2016.04.16-21.44.21:431][  0]LogInit:      CURL_VERSION_IDN
[2016.04.16-21.44.21:431][  0]LogInit:  CurlRequestOptions (configurable via config and command line):
[2016.04.16-21.44.21:431][  0]LogInit:  - bVerifyPeer = true  - Libcurl will verify peer certificate
[2016.04.16-21.44.21:431][  0]LogInit:  - bUseHttpProxy = false  - Libcurl will NOT use HTTP proxy
[2016.04.16-21.44.21:431][  0]LogInit:  - bDontReuseConnections = false  - Libcurl will reuse connections
[2016.04.16-21.44.21:431][  0]LogInit:  - CertBundlePath = nullptr  - Libcurl will use whatever was configured at build time.
[2016.04.16-21.44.21:440][  0]LogInit: Presizing for 0 objects not considered by GC, pre-allocating 0 bytes.
[2016.04.16-21.44.21:453][  0]LogInit: Object subsystem initialized
[2016.04.16-21.44.21:454][  0]LogInit: Selected Device Profile: [Windows]
[2016.04.16-21.44.21:454][  0]LogInit: Applying CVar settings loaded from the selected device profile: [Windows]
[2016.04.16-21.44.21:465][  0]LogInit: Computer: DANIEL-PC
[2016.04.16-21.44.21:465][  0]LogInit: User: Daniel
[2016.04.16-21.44.21:465][  0]LogInit: CPU Page size=4096, Cores=2
[2016.04.16-21.44.21:465][  0]LogInit: High frequency timer resolution =3.531777 MHz
[2016.04.16-21.44.21:465][  0]LogMemory: Memory total: Physical=8.0GB (8GB approx)
[2016.04.16-21.44.21:465][  0]LogMemory: Platform Memory Stats for Windows
[2016.04.16-21.44.21:465][  0]LogMemory: Process Physical Memory: 56.49 MB used, 56.49 MB peak
[2016.04.16-21.44.21:465][  0]LogMemory: Process Virtual Memory: 56.67 MB used, 56.67 MB peak
[2016.04.16-21.44.21:465][  0]LogMemory: Physical Memory: 2767.50 MB used, 8190.46 MB total
[2016.04.16-21.44.21:465][  0]LogMemory: Virtual Memory: 346.59 MB used, 8388608.00 MB total
[2016.04.16-21.44.21:521][  0]LogTextLocalizationManager: No specific translations for ('en-US') exist, so ('en') translations will be used.
[2016.04.16-21.44.22:236][  0]LogD3D11RHI: Found D3D11 adapter 0: AMD Radeon HD 7800 Series (Feature Level 11_0)
[2016.04.16-21.44.22:236][  0]LogD3D11RHI: Adapter has 1003MB of dedicated video memory, 0MB of dedicated system memory, and 3839MB of shared system memory, 1 output[s]
[2016.04.16-21.44.22:236][  0]LogD3D11RHI: Chosen D3D11 Adapter Id = 0
[2016.04.16-21.44.22:244][  0]LogD3D11RHI: !Direct3DDevice
[2016.04.16-21.44.22:244][  0]LogRHI: Texture pool is 702 MB (70% of 1003 MB)
[2016.04.16-21.44.22:254][  0]LogD3D11RHI: Async texture creation disabled: no driver support
[2016.04.16-21.44.22:266][  0]LogShaderCompilers: Guid format shader working directory is -54 characters bigger than the processId version (../../../../../../Users/Daniel/Desktop/School2/New classes/New Classes/New Classes/DIG4725/HotelBete/Intermediate/Shaders/WorkingDirectory/14764/).
[2016.04.16-21.44.22:266][  0]LogShaderCompilers: Cleaned the shader compiler working directory 'C:/Users/Daniel/AppData/Local/Temp/UnrealShaderWorkingDir/9DED8AFB4D32546293D98588E286CCE1/'.
[2016.04.16-21.44.22:266][  0]LogShaderCompilers:Display: Using Local Shader Compiler.
[2016.04.16-21.44.23:909][  0]LogTemp:Display: Loaded TP AllDesktopTargetPlatform
[2016.04.16-21.44.23:915][  0]LogTemp:Display: Loaded TP WindowsClientTargetPlatform
[2016.04.16-21.44.23:920][  0]LogTemp:Display: Loaded TP WindowsNoEditorTargetPlatform
[2016.04.16-21.44.23:925][  0]LogTemp:Display: Loaded TP WindowsServerTargetPlatform
[2016.04.16-21.44.23:930][  0]LogTemp:Display: Loaded TP WindowsTargetPlatform
[2016.04.16-21.44.23:934][  0]LogTemp:Display: Loaded TP AndroidTargetPlatform
[2016.04.16-21.44.23:937][  0]LogTemp:Display: Loaded TP Android_ASTCTargetPlatform
[2016.04.16-21.44.23:941][  0]LogTemp:Display: Loaded TP Android_ATCTargetPlatform
[2016.04.16-21.44.23:945][  0]LogTemp:Display: Loaded TP Android_DXTTargetPlatform
[2016.04.16-21.44.23:949][  0]LogTemp:Display: Loaded TP Android_ETC1TargetPlatform
[2016.04.16-21.44.23:953][  0]LogTemp:Display: Loaded TP Android_ETC2TargetPlatform
[2016.04.16-21.44.23:965][  0]LogTemp:Display: Loaded TP Android_MultiTargetPlatform
[2016.04.16-21.44.23:965][  0]LogTemp:Display: Loaded TP Android_PVRTCTargetPlatform
[2016.04.16-21.44.23:965][  0]LogTemp:Display: Loaded TP HTML5TargetPlatform
[2016.04.16-21.44.23:984][  0]LogTemp:Display: Loaded TP IOSTargetPlatform
[2016.04.16-21.44.23:989][  0]LogTemp:Display: Loaded TP LinuxNoEditorTargetPlatform
[2016.04.16-21.44.23:994][  0]LogTemp:Display: Loaded TP LinuxServerTargetPlatform
[2016.04.16-21.44.24:000][  0]LogTemp:Display: Loaded TP LinuxTargetPlatform
[2016.04.16-21.44.24:000][  0]LogTargetPlatformManager:Display: Building Assets For Windows
[2016.04.16-21.44.24:084][  0]LogDerivedDataCache:Display: Max Cache Size: 512 MB
[2016.04.16-21.44.24:215][  0]LogDerivedDataCache: Loaded boot cache 0.13s 41MB C:/Users/Daniel/AppData/Local/UnrealEngine/4.10/DerivedDataCache/Boot.ddc.
[2016.04.16-21.44.24:215][  0]LogDerivedDataCache:Display: Loaded Boot cache: C:/Users/Daniel/AppData/Local/UnrealEngine/4.10/DerivedDataCache/Boot.ddc
[2016.04.16-21.44.24:215][  0]LogDerivedDataCache: FDerivedDataBackendGraph:  Pak pak cache file ../../../../../../Users/Daniel/Desktop/School2/New classes/New Classes/New Classes/DIG4725/HotelBete/DerivedDataCache/DDC.ddp not found, will not use a pak cache.
[2016.04.16-21.44.24:215][  0]LogDerivedDataCache: Unable to find inner node Pak for hierarchical cache Hierarchy.
[2016.04.16-21.44.24:216][  0]LogDerivedDataCache: FDerivedDataBackendGraph:  CompressedPak pak cache file ../../../../../../Users/Daniel/Desktop/School2/New classes/New Classes/New Classes/DIG4725/HotelBete/DerivedDataCache/Compressed.ddp not found, will not use a pak cache.
[2016.04.16-21.44.24:216][  0]LogDerivedDataCache: Unable to find inner node CompressedPak for hierarchical cache Hierarchy.
[2016.04.16-21.44.24:301][  0]LogDerivedDataCache:Display: Pak cache opened for reading ../../../Engine/DerivedDataCache/Compressed.ddp.
[2016.04.16-21.44.24:312][  0]LogDerivedDataCache: Using Local data cache path C:/Users/Daniel/AppData/Local/UnrealEngine/Common/DerivedDataCache: Writable
[2016.04.16-21.44.24:561][  0]LogInit: Selected Device Profile: [Windows]
[2016.04.16-21.44.24:561][  0]LogContentStreaming: Texture pool size is 0.000000MB
[2016.04.16-21.44.24:615][  0]LogMeshUtilities: No automatic mesh reduction module available
[2016.04.16-21.44.24:615][  0]LogMeshUtilities: No automatic mesh merging module available
[2016.04.16-21.44.25:131][  0]LogInit: WinSock: version 1.1 (2.2), MaxSocks=32767, MaxUdp=65467
[2016.04.16-21.44.26:093][  0]LogAssetRegistry: FAssetRegistry took 0.0098 seconds to start up
[2016.04.16-21.44.26:126][  0]UdpMessaging: Initializing bridge on interface 0.0.0.0:0 to multicast group 230.0.0.1:6666.
[2016.04.16-21.44.26:457][  0]SourceControl: Info Source control is disabled
[2016.04.16-21.44.26:459][  0]SourceControl: Info Source control is disabled
[2016.04.16-21.44.26:472][  0]SourceControl: Info Source control is disabled
[2016.04.16-21.44.26:484][  0]SourceControl: Info Source control is disabled
[2016.04.16-21.44.26:770][  0]LogObj: 28802 objects as part of root set at end of initial load.
[2016.04.16-21.44.26:770][  0]LogUObjectAllocator: 6129776 out of 0 bytes used by permanent object pool.
[2016.04.16-21.44.26:881][  0]LogEngine: Initializing Engine...
[2016.04.16-21.44.26:889][  0]LogHMD: Can't find Oculus library dev build: is proper Runtime installed? Version: 0.8.0.0
[2016.04.16-21.44.26:890][  0]LogHMD: SteamVR failed to initialize.  Err: 110
[2016.04.16-21.44.27:082][  0]LogAIModule: Creating AISystem for world NewWorld
[2016.04.16-21.44.27:092][  0]LogInit: XAudio2 using 'Speakers (Realtek High Definition Audio)' : 2 channels at 48 kHz using 32 bits per sample (channel mask 0x3)
[2016.04.16-21.44.27:140][  0]LogInit: FAudioDevice initialized.
[2016.04.16-21.44.27:199][  0]LogDerivedDataCache: Saved boot cache 0.06s 41MB C:/Users/Daniel/AppData/Local/UnrealEngine/4.10/DerivedDataCache/Boot.ddc.
[2016.04.16-21.44.27:207][  0]LogInit: Texture streaming: Enabled
[2016.04.16-21.44.27:213][  0]LogAnalytics: Creating configured Analytics provider AnalyticsET
[2016.04.16-21.44.27:213][  0]LogAnalytics: [UEEditor.Rocket.Release] APIServer = http://et2.epicgames.com/ET2/. AppVersion = 4.10.4-2872498+++depot+UE4-Releases+4.10
[2016.04.16-21.44.27:213][  0]LogAnalytics: [UEEditor.Rocket.Release] SetUserId ed5e9abb412814bb99d59fb056a48704|1cdc74d24c5c488499a1545b79b877ae|87672418-128d-4f96-b687-83d63e0e05d0
[2016.04.16-21.44.27:213][  0]LogAnalytics: [UEEditor.Rocket.Release] AnalyticsET::StartSession
[2016.04.16-21.44.27:222][  0]LogInit: Transaction tracking system initialized
[2016.04.16-21.44.27:247][  0]BlueprintLog: New page: Editor Load
[2016.04.16-21.44.27:324][  0]LocalizationService: Info Localization service is disabled
[2016.04.16-21.44.27:400][  0]LogConsoleResponse:Display: 
[2016.04.16-21.44.27:542][  0]LogCook:Display: Done creating registry. It took  0.00s.
[2016.04.16-21.44.27:608][  0]LogFileCache: Scanning file cache for directory 'C:/Users/Daniel/Desktop/School2/New classes/New Classes/New Classes/DIG4725/HotelBete/Content/' took 0.03s
[2016.04.16-21.44.27:608][  0]SourceControl: Info Source control is disabled
[2016.04.16-21.44.27:608][  0]Cmd: MAP LOAD FILE="../../../../../../Users/Daniel/Desktop/School2/New classes/New Classes/New Classes/DIG4725/HotelBete/Content/Hotel/Levels/Menu.umap" TEMPLATE=0 SHOWPROGRESS=1 FEATURELEVEL=3
[2016.04.16-21.44.27:609][  0]LightingResults: New page: Lighting Build
[2016.04.16-21.44.27:612][  0]MapCheck: New page: Map Check
[2016.04.16-21.44.27:612][  0]LightingResults: New page: Lighting Build
[2016.04.16-21.44.27:636][  0]LogParticles: Destroying 0 GPU particle simulations for FXSystem 0x0000000020626AC0
[2016.04.16-21.44.28:537][  0]LogAIModule: Creating AISystem for world Menu
[2016.04.16-21.44.28:538][  0]LogEditorServer: Finished looking for orphan Actors (0.000 secs)
[2016.04.16-21.44.28:539][  0]Cmd: MAP CHECKDEP NOCLEARLOG
[2016.04.16-21.44.28:604][  0]MapCheck: Info Map check complete: 0 Error(s), 0 Warning(s), took 65.31ms to complete.
[2016.04.16-21.44.28:604][  0]LogFileHelpers: Loading map 'Menu' took 0.996
[2016.04.16-21.44.28:711][  0]LogCollectionManager: Loaded 0 collections in 0.002587 seconds
[2016.04.16-21.44.28:730][  0]LogFileCache: Scanning file cache for directory 'C:/Users/Daniel/Desktop/School2/New classes/New Classes/New Classes/DIG4725/HotelBete/Saved/Collections/' took 0.01s
[2016.04.16-21.44.28:730][  0]LogFileCache: Scanning file cache for directory 'C:/Users/Daniel/Desktop/School2/New classes/New Classes/New Classes/DIG4725/HotelBete/Content/Developers/Daniel/Collections/' took 0.00s
[2016.04.16-21.44.28:730][  0]LogFileCache: Scanning file cache for directory 'C:/Users/Daniel/Desktop/School2/New classes/New Classes/New Classes/DIG4725/HotelBete/Content/Collections/' took 0.00s
[2016.04.16-21.44.28:730][  0]LogCollectionManager: Rebuilt the GUID cache for 0 collections in 0.000002 seconds
[2016.04.16-21.44.28:742][  0]LogContentBrowser: Native class hierarchy populated in 0.0118 seconds. Added 1908 classes and 344 folders.
[2016.04.16-21.44.28:748][  0]LogContentBrowser: Native class hierarchy updated for 'WidgetCarousel' in 0.0005 seconds. Added 0 classes and 0 folders.
[2016.04.16-21.44.28:809][  0]LogContentBrowser: Native class hierarchy updated for 'AddContentDialog' in 0.0005 seconds. Added 0 classes and 0 folders.
[2016.04.16-21.44.28:813][  0]LogContentBrowser: Native class hierarchy updated for 'SceneOutliner' in 0.0004 seconds. Added 1 classes and 2 folders.
[2016.04.16-21.44.28:879][  0]LogCrashTracker: Crashtracker disabled due to settings.
[2016.04.16-21.44.28:883][  0]LogUObjectGlobals:Warning: Failed to find object 'Class None.'
[2016.04.16-21.44.28:904][  0]LogLoad: Full Startup: 8.00 seconds (BP compile: 0.16 seconds)
[2016.04.16-21.44.28:916][  0]LogOcInput: Can't find Oculus library dev build: is proper Runtime installed? Version: 0.8.0.0
[2016.04.16-21.44.28:980][  0]LogContentStreaming: Texture pool size now 1000 MB
[2016.04.16-21.44.29:180][  0]LogRenderer: Reallocating scene render targets to support 1004x456 (Frame:2).
[2016.04.16-21.44.29:772][  7]LogAssetRegistry: Asset discovery search completed in 3.6893 seconds
[2016.04.16-21.44.29:772][  7]LogCollectionManager: Rebuilt the object cache for 0 collections in 0.000001 seconds (found 0 objects)
[2016.04.16-21.44.29:772][  7]LogCollectionManager: Fixed up redirectors for 0 collections in 0.000024 seconds (updated 0 objects)
[2016.04.16-21.44.46:437][753]LogLinker:Warning: Asset '../../../Engine/Content/ArtTools/RenderToTexture/Macros/RenderToTextureMacros.uasset' has been saved with empty engine version. The asset will be loaded but may be incompatible.
[2016.04.16-21.44.47:066][753]LogContentBrowser: Native class hierarchy updated for 'BlueprintGraph' in 0.0013 seconds. Added 107 classes and 0 folders.
[2016.04.16-21.45.22:421][ 70]LogAIModule: Creating AISystem for world World
[2016.04.16-21.45.22:423][ 70]LogParticles:Warning: InitializeSystem called on an unregistered component. Template=/Game/StarterContent/Particles/Breath.Breath Component=/Game/Hotel/Levels/World.World:PersistentLevel.Breath.ParticleSystemComponent0
[2016.04.16-21.45.22:424][ 70]LogParticles:Warning: InitializeSystem called on an unregistered component. Template=/Game/StarterContent/Particles/ItemMarker.ItemMarker Component=/Game/Hotel/Levels/World.World:PersistentLevel.ItemMarker.ParticleSystemComponent0
[2016.04.16-21.45.22:424][ 70]LogParticles:Warning: InitializeSystem called on an unregistered component. Template=/Game/StarterContent/Particles/Dust.Dust Component=/Game/Hotel/Levels/World.World:PersistentLevel.Dust_2.ParticleSystemComponent0
[2016.04.16-21.45.22:426][ 70]LogParticles:Warning: InitializeSystem called on an unregistered component. Template=/Game/StarterContent/Particles/Dust.Dust Component=/Game/Hotel/Levels/World.World:PersistentLevel.Dust2.ParticleSystemComponent0
[2016.04.16-21.45.22:426][ 70]LogParticles:Warning: InitializeSystem called on an unregistered component. Template=/Game/StarterContent/Particles/Dust.Dust Component=/Game/Hotel/Levels/World.World:PersistentLevel.Dust3.ParticleSystemComponent0
[2016.04.16-21.45.22:429][ 70]LogParticles:Warning: InitializeSystem called on an unregistered component. Template=/Game/StarterContent/Particles/ItemMarker.ItemMarker Component=/Game/Hotel/Levels/World.World:PersistentLevel.ItemMarker2_5.ParticleSystemComponent0
[2016.04.16-21.45.26:577][ 70]LogSavePackage: Save=1013.514709ms
[2016.04.16-21.45.26:577][ 70]LogSavePackage: Moving '../../../../../../Users/Daniel/Desktop/School2/New classes/New Classes/New Classes/DIG4725/HotelBete/Saved/Player9CCDAF99441CFD665AB1C58CFC3BC115.tmp' to '../../../../../../Users/Daniel/Desktop/School2/New classes/New Classes/New Classes/DIG4725/HotelBete/Content/Hotel/Blueprints/Player/Player.uasset'
[2016.04.16-21.45.26:582][ 70]LogSavePackage: Total save time: 1130.853392ms
[2016.04.16-21.45.26:582][ 70]LogSavePackage:Display: Finished SavePackage ../../../../../../Users/Daniel/Desktop/School2/New classes/New Classes/New Classes/DIG4725/HotelBete/Content/Hotel/Blueprints/Player/Player.uasset
[2016.04.16-21.45.26:584][ 70]Cmd: MAP LOAD FILE="../../../../../../Users/Daniel/Desktop/School2/New classes/New Classes/New Classes/DIG4725/HotelBete/Content/Hotel/Levels/World.umap" TEMPLATE=0 SHOWPROGRESS=1 FEATURELEVEL=3
[2016.04.16-21.45.26:584][ 70]LightingResults: New page: Lighting Build
[2016.04.16-21.45.26:608][ 70]LoadErrors: New page: Loading map: World.umap
[2016.04.16-21.45.26:608][ 70]MapCheck: New page: Map Check
[2016.04.16-21.45.26:608][ 70]LightingResults: New page: Lighting Build
[2016.04.16-21.45.26:669][ 70]LogParticles: Destroying 0 GPU particle simulations for FXSystem 0x000000001115DD00
[2016.04.16-21.45.26:843][ 70]LogEditorServer: Finished looking for orphan Actors (0.000 secs)
[2016.04.16-21.45.26:933][ 70]Cmd: MAP CHECKDEP NOCLEARLOG
[2016.04.16-21.45.27:084][ 70]MapCheck: Info Map check complete: 0 Error(s), 0 Warning(s), took 150.893ms to complete.
[2016.04.16-21.45.27:084][ 70]LogFileHelpers: Loading map 'World' took 0.502
[2016.04.16-21.45.27:088][ 70]LoadErrors:Error: Error /Game/FirstPersonBP/Blueprints/Enemy : Failed import for Enemy_C /Game/Hotel/Blueprints/Enemies/Enemy.Default__Enemy_C [redirection] in /Game/FirstPersonBP/Blueprints/Enemy
[2016.04.16-21.45.29:578][ 77]LogD3D11RHI: Timed out while waiting for GPU to catch up. (0.5 s)
[2016.04.16-21.45.32:439][200]LogEditorViewport: Clicking on Actor (LMB): StaticMeshActor (Lobby_haunted2)
[2016.04.16-21.45.46:701][764]LogBlueprintUserMessages: Early PlayInEditor Detection: Level '/Game/Hotel/Levels/World.World:PersistentLevel' has LevelScriptBlueprint '/Game/Hotel/Levels/World.World:PersistentLevel.World' with GeneratedClass '/Game/Hotel/Levels/World.World_C' with ClassGeneratedBy '/Game/Hotel/Levels/World.World:PersistentLevel.World'
[2016.04.16-21.45.46:701][764]BlueprintLog: New page: Pre-Play auto-recompile
[2016.04.16-21.45.46:747][764]LogPlayLevel: [PlayLevel] Compiling Player before play...
[2016.04.16-21.45.48:374][764]LogPlayLevel: PlayLevel: Blueprint regeneration took 1673 ms (24 blueprints)
[2016.04.16-21.45.48:375][764]LogPlayLevel: [PlayLevel] Compiling BookShelf before play...
[2016.04.16-21.45.48:476][764]LogPlayLevel: PlayLevel: Blueprint regeneration took 1774 ms (24 blueprints)
[2016.04.16-21.45.48:478][764]LogPlayLevel: [PlayLevel] Compiling BriefCase before play...
[2016.04.16-21.45.48:587][764]LogPlayLevel: PlayLevel: Blueprint regeneration took 1886 ms (24 blueprints)
[2016.04.16-21.45.48:588][764]LogPlayLevel: [PlayLevel] Compiling Lighty before play...
[2016.04.16-21.45.48:696][764]LogPlayLevel: PlayLevel: Blueprint regeneration took 1995 ms (26 blueprints)
[2016.04.16-21.45.48:697][764]LogPlayLevel: [PlayLevel] Compiling Bust before play...
[2016.04.16-21.45.48:802][764]LogPlayLevel: PlayLevel: Blueprint regeneration took 2100 ms (26 blueprints)
[2016.04.16-21.45.48:804][764]LogPlayLevel: [PlayLevel] Compiling Ghost before play...
[2016.04.16-21.45.49:022][764]LogPlayLevel: PlayLevel: Blueprint regeneration took 2320 ms (27 blueprints)
[2016.04.16-21.45.49:023][764]LogPlayLevel: [PlayLevel] Compiling PaintSet before play...
[2016.04.16-21.45.49:132][764]LogPlayLevel: PlayLevel: Blueprint regeneration took 2430 ms (27 blueprints)
[2016.04.16-21.45.49:132][764]LogPlayLevel: [PlayLevel] Compiling SpookVision before play...
[2016.04.16-21.45.49:242][764]LogPlayLevel: PlayLevel: Blueprint regeneration took 2541 ms (27 blueprints)
[2016.04.16-21.45.49:243][764]LogPlayLevel: [PlayLevel] Compiling Door1 before play...
[2016.04.16-21.45.49:369][764]LogPlayLevel: PlayLevel: Blueprint regeneration took 2668 ms (27 blueprints)
[2016.04.16-21.45.49:370][764]LogPlayLevel: [PlayLevel] Compiling Door2 before play...
[2016.04.16-21.45.49:494][764]LogPlayLevel: PlayLevel: Blueprint regeneration took 2792 ms (27 blueprints)
[2016.04.16-21.45.49:495][764]LogPlayLevel: [PlayLevel] Compiling Door3 before play...
[2016.04.16-21.45.49:618][764]LogPlayLevel: PlayLevel: Blueprint regeneration took 2917 ms (27 blueprints)
[2016.04.16-21.45.49:619][764]LogPlayLevel: [PlayLevel] Compiling SpookyObject before play...
[2016.04.16-21.45.49:720][764]LogPlayLevel: PlayLevel: Blueprint regeneration took 3018 ms (27 blueprints)
[2016.04.16-21.45.49:721][764]LogPlayLevel: [PlayLevel] Compiling TriggerA before play...
[2016.04.16-21.45.49:814][764]LogPlayLevel: PlayLevel: Blueprint regeneration took 3113 ms (27 blueprints)
[2016.04.16-21.45.49:815][764]LogPlayLevel: [PlayLevel] Compiling TriggerSpook before play...
[2016.04.16-21.45.49:908][764]LogPlayLevel: PlayLevel: Blueprint regeneration took 3206 ms (27 blueprints)
[2016.04.16-21.45.49:909][764]LogPlayLevel: [PlayLevel] Compiling Door4 before play...
[2016.04.16-21.45.50:013][764]LogPlayLevel: PlayLevel: Blueprint regeneration took 3312 ms (27 blueprints)
[2016.04.16-21.45.50:014][764]LogPlayLevel: [PlayLevel] Compiling World before play...
[2016.04.16-21.45.50:124][764]LogPlayLevel: PlayLevel: Blueprint regeneration took 3422 ms (27 blueprints)
[2016.04.16-21.45.50:125][764]LogPlayLevel: [PlayLevel] Compiling InvItemPic before play...
[2016.04.16-21.45.50:237][764]LogPlayLevel: PlayLevel: Blueprint regeneration took 3535 ms (27 blueprints)
[2016.04.16-21.45.50:238][764]LogPlayLevel: [PlayLevel] Compiling InventoryWidget before play...
[2016.04.16-21.45.50:383][764]LogPlayLevel: PlayLevel: Blueprint regeneration took 3681 ms (27 blueprints)
[2016.04.16-21.45.50:384][764]LogPlayLevel: [PlayLevel] Compiling TextPic before play...
[2016.04.16-21.45.50:494][764]LogPlayLevel: PlayLevel: Blueprint regeneration took 3792 ms (27 blueprints)
[2016.04.16-21.45.50:494][764]LogPlayLevel: [PlayLevel] Compiling GameOver before play...
[2016.04.16-21.45.50:607][764]LogPlayLevel: PlayLevel: Blueprint regeneration took 3906 ms (27 blueprints)
[2016.04.16-21.45.50:609][764]LogPlayLevel: [PlayLevel] Compiling PauseMenu before play...
[2016.04.16-21.45.50:767][764]LogPlayLevel: PlayLevel: Blueprint regeneration took 4065 ms (27 blueprints)
[2016.04.16-21.45.50:771][764]LogPlayLevel: [PlayLevel] Compiling Puzzle0 before play...
[2016.04.16-21.45.51:017][764]LogPlayLevel: PlayLevel: Blueprint regeneration took 4316 ms (27 blueprints)
[2016.04.16-21.45.51:020][764]LogPlayLevel: [PlayLevel] Compiling Puzzle1 before play...
[2016.04.16-21.45.51:273][764]LogPlayLevel: PlayLevel: Blueprint regeneration took 4571 ms (27 blueprints)
[2016.04.16-21.45.51:275][764]LogPlayLevel: [PlayLevel] Compiling Puzzle3 before play...
[2016.04.16-21.45.51:469][764]LogPlayLevel: PlayLevel: Blueprint regeneration took 4768 ms (27 blueprints)
[2016.04.16-21.45.51:470][764]LogPlayLevel: [PlayLevel] Compiling ItemManager before play...
[2016.04.16-21.45.51:515][764]LogBlueprint:Warning: USimpleConstructionScript::FixupRootNodeParentReferences() - Couldn't find inherited parent component 'DefaultSceneRoot' for 'KeyWithRoomNum' in BlueprintGeneratedClass 'REINST_Key_C_356' (it may have been removed)
[2016.04.16-21.45.51:717][764]LogBlueprint:Warning: USimpleConstructionScript::FixupRootNodeParentReferences() - Couldn't find inherited parent component 'DefaultSceneRoot' for 'Necklace' in BlueprintGeneratedClass 'REINST_Necklace_C_360' (it may have been removed)
[2016.04.16-21.45.51:789][764]LogBlueprint:Warning: USimpleConstructionScript::FixupRootNodeParentReferences() - Couldn't find inherited parent component 'DefaultSceneRoot' for 'Book' in BlueprintGeneratedClass 'REINST_BookForPuz_C_364' (it may have been removed)
[2016.04.16-21.45.51:860][764]LogBlueprint:Warning: USimpleConstructionScript::FixupRootNodeParentReferences() - Couldn't find inherited parent component 'DefaultSceneRoot' for 'PaintBrush' in BlueprintGeneratedClass 'REINST_PaintBrush_C_368' (it may have been removed)
[2016.04.16-21.45.51:933][764]LogBlueprint:Warning: USimpleConstructionScript::FixupRootNodeParentReferences() - Couldn't find inherited parent component 'DefaultSceneRoot' for 'PaintCup' in BlueprintGeneratedClass 'REINST_PaintYellow_C_372' (it may have been removed)
[2016.04.16-21.45.52:400][764]LogPlayLevel: PlayLevel: Blueprint regeneration took 5698 ms (33 blueprints)
[2016.04.16-21.45.52:400][764]LogPlayLevel: [PlayLevel] Compiling TextManager before play...
[2016.04.16-21.45.52:445][764]LogBlueprint:Warning: USimpleConstructionScript::FixupRootNodeParentReferences() - Couldn't find inherited parent component 'DefaultSceneRoot' for 'Diary' in BlueprintGeneratedClass 'REINST_TextOne_C_380' (it may have been removed)
[2016.04.16-21.45.52:520][764]LogBlueprint:Warning: USimpleConstructionScript::FixupRootNodeParentReferences() - Couldn't find inherited parent component 'DefaultSceneRoot' for 'Diary' in BlueprintGeneratedClass 'REINST_TextTwo_C_384' (it may have been removed)
[2016.04.16-21.45.52:786][764]LogPlayLevel: PlayLevel: Blueprint regeneration took 6085 ms (35 blueprints)
[2016.04.16-21.45.52:788][764]LogPlayLevel: [PlayLevel] Compiling FirstPersonGameMode before play...
[2016.04.16-21.45.52:919][764]LogPlayLevel: PlayLevel: Blueprint regeneration took 6218 ms (35 blueprints)
[2016.04.16-21.45.52:920][764]LogPlayLevel: [PlayLevel] Compiling Key before play...
[2016.04.16-21.45.53:017][764]LogPlayLevel: PlayLevel: Blueprint regeneration took 6316 ms (35 blueprints)
[2016.04.16-21.45.53:018][764]LogPlayLevel: [PlayLevel] Compiling Necklace before play...
[2016.04.16-21.45.53:086][764]LogPlayLevel: PlayLevel: Blueprint regeneration took 6384 ms (35 blueprints)
[2016.04.16-21.45.53:086][764]LogPlayLevel: [PlayLevel] Compiling BookForPuz before play...
[2016.04.16-21.45.53:154][764]LogPlayLevel: PlayLevel: Blueprint regeneration took 6452 ms (35 blueprints)
[2016.04.16-21.45.53:154][764]LogPlayLevel: [PlayLevel] Compiling PaintBrush before play...
[2016.04.16-21.45.53:224][764]LogPlayLevel: PlayLevel: Blueprint regeneration took 6522 ms (35 blueprints)
[2016.04.16-21.45.53:224][764]LogPlayLevel: [PlayLevel] Compiling PaintYellow before play...
[2016.04.16-21.45.53:293][764]LogPlayLevel: PlayLevel: Blueprint regeneration took 6592 ms (35 blueprints)
[2016.04.16-21.45.53:294][764]LogPlayLevel: [PlayLevel] Compiling TestGhost before play...
[2016.04.16-21.45.53:369][764]LogPlayLevel: PlayLevel: Blueprint regeneration took 6667 ms (35 blueprints)
[2016.04.16-21.45.53:369][764]LogPlayLevel: [PlayLevel] Compiling TextOne before play...
[2016.04.16-21.45.53:438][764]LogPlayLevel: PlayLevel: Blueprint regeneration took 6737 ms (35 blueprints)
[2016.04.16-21.45.53:439][764]LogPlayLevel: [PlayLevel] Compiling TextTwo before play...
[2016.04.16-21.45.53:508][764]LogPlayLevel: PlayLevel: Blueprint regeneration took 6806 ms (35 blueprints)
[2016.04.16-21.45.53:588][764]PIE: New page: PIE session: World (Apr 16, 2016, 1:45:53 PM)
[2016.04.16-21.45.53:588][764]LogPlayLevel: Creating play world package: /Game/Hotel/Levels/UEDPIE_0_World
[2016.04.16-21.45.53:641][764]LogPlayLevel: PIE: StaticDuplicateObject took: (0.053461s)
[2016.04.16-21.45.53:644][764]LogAIModule: Creating AISystem for world World
[2016.04.16-21.45.53:644][764]LogPlayLevel: PIE: World Init took: (0.002331s)
[2016.04.16-21.45.53:645][764]LogPlayLevel: PIE: Created PIE world by copying editor world from /Game/Hotel/Levels/World.World to /Game/Hotel/Levels/UEDPIE_0_World.World (0.056949s)
[2016.04.16-21.45.53:725][764]LogInit: XAudio2 using 'Speakers (Realtek High Definition Audio)' : 2 channels at 48 kHz using 32 bits per sample (channel mask 0x3)
[2016.04.16-21.45.53:737][764]LogInit: FAudioDevice initialized.
[2016.04.16-21.45.53:830][764]LogWorld: Game class is 'FirstPersonGameMode_C'
[2016.04.16-21.45.53:851][764]LogWorld: Bringing World /Game/Hotel/Levels/UEDPIE_0_World.World up for play (max tick rate 0) at 2016.04.16-17.45.53
[2016.04.16-21.45.53:851][764]LogActor:Warning: GameSession /Game/Hotel/Levels/UEDPIE_0_World.World:PersistentLevel.GameSession_0 has natively added scene component(s), but none of them were set as the actor's RootComponent - picking one arbitrarily
[2016.04.16-21.45.53:851][764]LogActor:Warning: GameNetworkManager /Game/Hotel/Levels/UEDPIE_0_World.World:PersistentLevel.GameNetworkManager_0 has natively added scene component(s), but none of them were set as the actor's RootComponent - picking one arbitrarily
[2016.04.16-21.45.53:854][764]LogWorld: Bringing up level for play took: 0.023246
[2016.04.16-21.45.53:887][764]PIE: Info Play in editor start time for /Game/Hotel/Levels/UEDPIE_0_World 8.022
[2016.04.16-21.45.53:887][764]LogBlueprintUserMessages: Late PlayInEditor Detection: Level '/Game/Hotel/Levels/World.World:PersistentLevel' has LevelScriptBlueprint '/Game/Hotel/Levels/World.World:PersistentLevel.World' with GeneratedClass '/Game/Hotel/Levels/World.World_C' with ClassGeneratedBy '/Game/Hotel/Levels/World.World:PersistentLevel.World'
[2016.04.16-21.45.54:558][765]LogRenderer: Reallocating scene render targets to support 1280x720 (Frame:40).
[2016.04.16-21.46.00:835][953]LogBlueprintUserMessages: Early EndPlayMap Detection: Level '/Game/Hotel/Levels/World.World:PersistentLevel' has LevelScriptBlueprint '/Game/Hotel/Levels/World.World:PersistentLevel.World' with GeneratedClass '/Game/Hotel/Levels/World.World_C' with ClassGeneratedBy '/Game/Hotel/Levels/World.World:PersistentLevel.World'
[2016.04.16-21.46.00:922][953]LogBlueprintUserMessages: Late EndPlayMap Detection: Level '/Game/Hotel/Levels/World.World:PersistentLevel' has LevelScriptBlueprint '/Game/Hotel/Levels/World.World:PersistentLevel.World' with GeneratedClass '/Game/Hotel/Levels/World.World_C' with ClassGeneratedBy '/Game/Hotel/Levels/World.World:PersistentLevel.World'
[2016.04.16-21.46.01:019][953]LogParticles: Destroying 0 GPU particle simulations for FXSystem 0x0000000042D2C540
[2016.04.16-21.46.42:902][ 61]LogActorComponent: UnregisterComponent: (/Engine/Transient.EditorFloorComp) Not registered. Aborting.
[2016.04.16-21.48.58:366][209]LogFactory: FactoryCreateBinary: SoundWave with ReimportSoundFactory (0 0 C:\Users\Daniel\Desktop\School2\New classes\New Classes\New Classes\DIG4725\Sound Effects\Camera_Flash.wav)
[2016.04.16-21.48.58:382][209]LogAudioDerivedData:Display: Building compressed audio format OGG wave Camera_Flash...
[2016.04.16-21.48.58:469][209]LogAudioDerivedData:Warning: Updated SoundWave->RawPCMDataSize during cooking SoundWave /Game/Hotel/Sounds/SE/Camera_Flash.Camera_Flash.
[2016.04.16-21.49.16:715][ 23]LogBlueprintUserMessages: Early PlayInEditor Detection: Level '/Game/Hotel/Levels/World.World:PersistentLevel' has LevelScriptBlueprint '/Game/Hotel/Levels/World.World:PersistentLevel.World' with GeneratedClass '/Game/Hotel/Levels/World.World_C' with ClassGeneratedBy '/Game/Hotel/Levels/World.World:PersistentLevel.World'
[2016.04.16-21.49.16:715][ 23]BlueprintLog: New page: Pre-Play auto-recompile
[2016.04.16-21.49.16:770][ 23]LogPlayLevel: [PlayLevel] Compiling Player before play...
[2016.04.16-21.49.17:654][ 23]LogPlayLevel: PlayLevel: Blueprint regeneration took 939 ms (24 blueprints)
[2016.04.16-21.49.17:655][ 23]LogPlayLevel: [PlayLevel] Compiling BookShelf before play...
[2016.04.16-21.49.17:757][ 23]LogPlayLevel: PlayLevel: Blueprint regeneration took 1042 ms (24 blueprints)
[2016.04.16-21.49.17:759][ 23]LogPlayLevel: [PlayLevel] Compiling BriefCase before play...
[2016.04.16-21.49.17:869][ 23]LogPlayLevel: PlayLevel: Blueprint regeneration took 1154 ms (24 blueprints)
[2016.04.16-21.49.17:870][ 23]LogPlayLevel: [PlayLevel] Compiling Lighty before play...
[2016.04.16-21.49.17:980][ 23]LogPlayLevel: PlayLevel: Blueprint regeneration took 1265 ms (26 blueprints)
[2016.04.16-21.49.17:981][ 23]LogPlayLevel: [PlayLevel] Compiling Bust before play...
[2016.04.16-21.49.18:085][ 23]LogPlayLevel: PlayLevel: Blueprint regeneration took 1370 ms (26 blueprints)
[2016.04.16-21.49.18:088][ 23]LogPlayLevel: [PlayLevel] Compiling Ghost before play...
[2016.04.16-21.49.18:314][ 23]LogPlayLevel: PlayLevel: Blueprint regeneration took 1599 ms (27 blueprints)
[2016.04.16-21.49.18:315][ 23]LogPlayLevel: [PlayLevel] Compiling PaintSet before play...
[2016.04.16-21.49.18:428][ 23]LogPlayLevel: PlayLevel: Blueprint regeneration took 1713 ms (27 blueprints)
[2016.04.16-21.49.18:429][ 23]LogPlayLevel: [PlayLevel] Compiling SpookVision before play...
[2016.04.16-21.49.18:540][ 23]LogPlayLevel: PlayLevel: Blueprint regeneration took 1825 ms (27 blueprints)
[2016.04.16-21.49.18:541][ 23]LogPlayLevel: [PlayLevel] Compiling Door1 before play...
[2016.04.16-21.49.18:669][ 23]LogPlayLevel: PlayLevel: Blueprint regeneration took 1954 ms (27 blueprints)
[2016.04.16-21.49.18:670][ 23]LogPlayLevel: [PlayLevel] Compiling Door2 before play...
[2016.04.16-21.49.18:793][ 23]LogPlayLevel: PlayLevel: Blueprint regeneration took 2078 ms (27 blueprints)
[2016.04.16-21.49.18:794][ 23]LogPlayLevel: [PlayLevel] Compiling Door3 before play...
[2016.04.16-21.49.18:914][ 23]LogPlayLevel: PlayLevel: Blueprint regeneration took 2199 ms (27 blueprints)
[2016.04.16-21.49.18:915][ 23]LogPlayLevel: [PlayLevel] Compiling SpookyObject before play...
[2016.04.16-21.49.19:016][ 23]LogPlayLevel: PlayLevel: Blueprint regeneration took 2300 ms (27 blueprints)
[2016.04.16-21.49.19:017][ 23]LogPlayLevel: [PlayLevel] Compiling TriggerA before play...
[2016.04.16-21.49.19:109][ 23]LogPlayLevel: PlayLevel: Blueprint regeneration took 2394 ms (27 blueprints)
[2016.04.16-21.49.19:110][ 23]LogPlayLevel: [PlayLevel] Compiling TriggerSpook before play...
[2016.04.16-21.49.19:203][ 23]LogPlayLevel: PlayLevel: Blueprint regeneration took 2488 ms (27 blueprints)
[2016.04.16-21.49.19:205][ 23]LogPlayLevel: [PlayLevel] Compiling Door4 before play...
[2016.04.16-21.49.19:309][ 23]LogPlayLevel: PlayLevel: Blueprint regeneration took 2594 ms (27 blueprints)
[2016.04.16-21.49.19:310][ 23]LogPlayLevel: [PlayLevel] Compiling World before play...
[2016.04.16-21.49.19:420][ 23]LogPlayLevel: PlayLevel: Blueprint regeneration took 2705 ms (27 blueprints)
[2016.04.16-21.49.19:421][ 23]LogPlayLevel: [PlayLevel] Compiling InvItemPic before play...
[2016.04.16-21.49.19:537][ 23]LogPlayLevel: PlayLevel: Blueprint regeneration took 2821 ms (27 blueprints)
[2016.04.16-21.49.19:538][ 23]LogPlayLevel: [PlayLevel] Compiling InventoryWidget before play...
[2016.04.16-21.49.19:681][ 23]LogPlayLevel: PlayLevel: Blueprint regeneration took 2965 ms (27 blueprints)
[2016.04.16-21.49.19:682][ 23]LogPlayLevel: [PlayLevel] Compiling TextPic before play...
[2016.04.16-21.49.19:789][ 23]LogPlayLevel: PlayLevel: Blueprint regeneration took 3074 ms (27 blueprints)
[2016.04.16-21.49.19:789][ 23]LogPlayLevel: [PlayLevel] Compiling GameOver before play...
[2016.04.16-21.49.19:899][ 23]LogPlayLevel: PlayLevel: Blueprint regeneration took 3183 ms (27 blueprints)
[2016.04.16-21.49.19:900][ 23]LogPlayLevel: [PlayLevel] Compiling PauseMenu before play...
[2016.04.16-21.49.20:054][ 23]LogPlayLevel: PlayLevel: Blueprint regeneration took 3339 ms (27 blueprints)
[2016.04.16-21.49.20:058][ 23]LogPlayLevel: [PlayLevel] Compiling Puzzle0 before play...
[2016.04.16-21.49.20:293][ 23]LogPlayLevel: PlayLevel: Blueprint regeneration took 3578 ms (27 blueprints)
[2016.04.16-21.49.20:295][ 23]LogPlayLevel: [PlayLevel] Compiling Puzzle1 before play...
[2016.04.16-21.49.20:547][ 23]LogPlayLevel: PlayLevel: Blueprint regeneration took 3832 ms (27 blueprints)
[2016.04.16-21.49.20:550][ 23]LogPlayLevel: [PlayLevel] Compiling Puzzle3 before play...
[2016.04.16-21.49.20:743][ 23]LogPlayLevel: PlayLevel: Blueprint regeneration took 4027 ms (27 blueprints)
[2016.04.16-21.49.20:744][ 23]LogPlayLevel: [PlayLevel] Compiling ItemManager before play...
[2016.04.16-21.49.20:779][ 23]LogBlueprint:Warning: USimpleConstructionScript::FixupRootNodeParentReferences() - Couldn't find inherited parent component 'DefaultSceneRoot' for 'KeyWithRoomNum' in BlueprintGeneratedClass 'REINST_Key_C_546' (it may have been removed)
[2016.04.16-21.49.20:905][ 23]LogParticles: Destroying 0 GPU particle simulations for FXSystem 0x00000000365FD300
[2016.04.16-21.49.20:910][ 23]LogParticles: Destroying 0 GPU particle simulations for FXSystem 0x0000000042C7B420
[2016.04.16-21.49.20:988][ 23]LogBlueprint:Warning: USimpleConstructionScript::FixupRootNodeParentReferences() - Couldn't find inherited parent component 'DefaultSceneRoot' for 'Necklace' in BlueprintGeneratedClass 'REINST_Necklace_C_550' (it may have been removed)
[2016.04.16-21.49.21:061][ 23]LogBlueprint:Warning: USimpleConstructionScript::FixupRootNodeParentReferences() - Couldn't find inherited parent component 'DefaultSceneRoot' for 'Book' in BlueprintGeneratedClass 'REINST_BookForPuz_C_554' (it may have been removed)
[2016.04.16-21.49.21:134][ 23]LogBlueprint:Warning: USimpleConstructionScript::FixupRootNodeParentReferences() - Couldn't find inherited parent component 'DefaultSceneRoot' for 'PaintBrush' in BlueprintGeneratedClass 'REINST_PaintBrush_C_558' (it may have been removed)
[2016.04.16-21.49.21:207][ 23]LogBlueprint:Warning: USimpleConstructionScript::FixupRootNodeParentReferences() - Couldn't find inherited parent component 'DefaultSceneRoot' for 'PaintCup' in BlueprintGeneratedClass 'REINST_PaintYellow_C_562' (it may have been removed)
[2016.04.16-21.49.21:673][ 23]LogPlayLevel: PlayLevel: Blueprint regeneration took 4957 ms (33 blueprints)
[2016.04.16-21.49.21:673][ 23]LogPlayLevel: [PlayLevel] Compiling TextManager before play...
[2016.04.16-21.49.21:694][ 23]LogBlueprint:Warning: USimpleConstructionScript::FixupRootNodeParentReferences() - Couldn't find inherited parent component 'DefaultSceneRoot' for 'Diary' in BlueprintGeneratedClass 'REINST_TextOne_C_570' (it may have been removed)
[2016.04.16-21.49.21:769][ 23]LogBlueprint:Warning: USimpleConstructionScript::FixupRootNodeParentReferences() - Couldn't find inherited parent component 'DefaultSceneRoot' for 'Diary' in BlueprintGeneratedClass 'REINST_TextTwo_C_574' (it may have been removed)
[2016.04.16-21.49.22:041][ 23]LogPlayLevel: PlayLevel: Blueprint regeneration took 5326 ms (35 blueprints)
[2016.04.16-21.49.22:043][ 23]LogPlayLevel: [PlayLevel] Compiling FirstPersonGameMode before play...
[2016.04.16-21.49.22:177][ 23]LogPlayLevel: PlayLevel: Blueprint regeneration took 5461 ms (35 blueprints)
[2016.04.16-21.49.22:177][ 23]LogPlayLevel: [PlayLevel] Compiling Key before play...
[2016.04.16-21.49.22:274][ 23]LogPlayLevel: PlayLevel: Blueprint regeneration took 5558 ms (35 blueprints)
[2016.04.16-21.49.22:274][ 23]LogPlayLevel: [PlayLevel] Compiling Necklace before play...
[2016.04.16-21.49.22:345][ 23]LogPlayLevel: PlayLevel: Blueprint regeneration took 5630 ms (35 blueprints)
[2016.04.16-21.49.22:346][ 23]LogPlayLevel: [PlayLevel] Compiling BookForPuz before play...
[2016.04.16-21.49.22:416][ 23]LogPlayLevel: PlayLevel: Blueprint regeneration took 5700 ms (35 blueprints)
[2016.04.16-21.49.22:416][ 23]LogPlayLevel: [PlayLevel] Compiling PaintBrush before play...
[2016.04.16-21.49.22:489][ 23]LogPlayLevel: PlayLevel: Blueprint regeneration took 5773 ms (35 blueprints)
[2016.04.16-21.49.22:489][ 23]LogPlayLevel: [PlayLevel] Compiling PaintYellow before play...
[2016.04.16-21.49.22:558][ 23]LogPlayLevel: PlayLevel: Blueprint regeneration took 5843 ms (35 blueprints)
[2016.04.16-21.49.22:559][ 23]LogPlayLevel: [PlayLevel] Compiling TestGhost before play...
[2016.04.16-21.49.22:637][ 23]LogPlayLevel: PlayLevel: Blueprint regeneration took 5921 ms (35 blueprints)
[2016.04.16-21.49.22:637][ 23]LogPlayLevel: [PlayLevel] Compiling TextOne before play...
[2016.04.16-21.49.22:705][ 23]LogPlayLevel: PlayLevel: Blueprint regeneration took 5989 ms (35 blueprints)
[2016.04.16-21.49.22:705][ 23]LogPlayLevel: [PlayLevel] Compiling TextTwo before play...
[2016.04.16-21.49.22:774][ 23]LogPlayLevel: PlayLevel: Blueprint regeneration took 6059 ms (35 blueprints)
[2016.04.16-21.49.22:852][ 23]PIE: New page: PIE session: World (Apr 16, 2016, 1:49:22 PM)
[2016.04.16-21.49.22:852][ 23]LogPlayLevel: Creating play world package: /Game/Hotel/Levels/UEDPIE_0_World
[2016.04.16-21.49.22:913][ 23]LogPlayLevel: PIE: StaticDuplicateObject took: (0.060963s)
[2016.04.16-21.49.22:914][ 23]LogAIModule: Creating AISystem for world World
[2016.04.16-21.49.22:914][ 23]LogPlayLevel: PIE: World Init took: (0.001199s)
[2016.04.16-21.49.22:914][ 23]LogPlayLevel: PIE: Created PIE world by copying editor world from /Game/Hotel/Levels/World.World to /Game/Hotel/Levels/UEDPIE_0_World.World (0.062486s)
[2016.04.16-21.49.22:990][ 23]LogInit: XAudio2 using 'Speakers (Realtek High Definition Audio)' : 2 channels at 48 kHz using 32 bits per sample (channel mask 0x3)
[2016.04.16-21.49.23:001][ 23]LogInit: FAudioDevice initialized.
[2016.04.16-21.49.23:098][ 23]LogWorld: Game class is 'FirstPersonGameMode_C'
[2016.04.16-21.49.23:120][ 23]LogWorld: Bringing World /Game/Hotel/Levels/UEDPIE_0_World.World up for play (max tick rate 0) at 2016.04.16-17.49.23
[2016.04.16-21.49.23:120][ 23]LogActor:Warning: GameSession /Game/Hotel/Levels/UEDPIE_0_World.World:PersistentLevel.GameSession_1 has natively added scene component(s), but none of them were set as the actor's RootComponent - picking one arbitrarily
[2016.04.16-21.49.23:121][ 23]LogActor:Warning: GameNetworkManager /Game/Hotel/Levels/UEDPIE_0_World.World:PersistentLevel.GameNetworkManager_1 has natively added scene component(s), but none of them were set as the actor's RootComponent - picking one arbitrarily
[2016.04.16-21.49.23:123][ 23]LogWorld: Bringing up level for play took: 0.024626
[2016.04.16-21.49.23:160][ 23]PIE: Info Play in editor start time for /Game/Hotel/Levels/UEDPIE_0_World 7.291
[2016.04.16-21.49.23:160][ 23]LogBlueprintUserMessages: Late PlayInEditor Detection: Level '/Game/Hotel/Levels/World.World:PersistentLevel' has LevelScriptBlueprint '/Game/Hotel/Levels/World.World:PersistentLevel.World' with GeneratedClass '/Game/Hotel/Levels/World.World_C' with ClassGeneratedBy '/Game/Hotel/Levels/World.World:PersistentLevel.World'
[2016.04.16-21.49.45:240][848]LogBlueprintUserMessages: [Door1_C_0] 1.0
[2016.04.16-21.49.58:376][453]LogBlueprintUserMessages: Early EndPlayMap Detection: Level '/Game/Hotel/Levels/World.World:PersistentLevel' has LevelScriptBlueprint '/Game/Hotel/Levels/World.World:PersistentLevel.World' with GeneratedClass '/Game/Hotel/Levels/World.World_C' with ClassGeneratedBy '/Game/Hotel/Levels/World.World:PersistentLevel.World'
[2016.04.16-21.49.58:469][453]LogBlueprintUserMessages: Late EndPlayMap Detection: Level '/Game/Hotel/Levels/World.World:PersistentLevel' has LevelScriptBlueprint '/Game/Hotel/Levels/World.World:PersistentLevel.World' with GeneratedClass '/Game/Hotel/Levels/World.World_C' with ClassGeneratedBy '/Game/Hotel/Levels/World.World:PersistentLevel.World'
[2016.04.16-21.49.58:567][453]LogParticles: Destroying 0 GPU particle simulations for FXSystem 0x0000000040D12160
[2016.04.16-21.50.01:875][773]LogBlueprintUserMessages: Early PlayInEditor Detection: Level '/Game/Hotel/Levels/World.World:PersistentLevel' has LevelScriptBlueprint '/Game/Hotel/Levels/World.World:PersistentLevel.World' with GeneratedClass '/Game/Hotel/Levels/World.World_C' with ClassGeneratedBy '/Game/Hotel/Levels/World.World:PersistentLevel.World'
[2016.04.16-21.50.01:875][773]LogPlayLevel: PlayLevel: No blueprints needed recompiling
[2016.04.16-21.50.01:875][773]PIE: New page: PIE session: World (Apr 16, 2016, 1:50:01 PM)
[2016.04.16-21.50.01:875][773]LogPlayLevel: Creating play world package: /Game/Hotel/Levels/UEDPIE_0_World
[2016.04.16-21.50.01:947][773]LogPlayLevel: PIE: StaticDuplicateObject took: (0.071589s)
[2016.04.16-21.50.01:960][773]LogAIModule: Creating AISystem for world World
[2016.04.16-21.50.01:960][773]LogPlayLevel: PIE: World Init took: (0.013510s)
[2016.04.16-21.50.01:961][773]LogPlayLevel: PIE: Created PIE world by copying editor world from /Game/Hotel/Levels/World.World to /Game/Hotel/Levels/UEDPIE_0_World.World (0.085462s)
[2016.04.16-21.50.02:039][773]LogInit: XAudio2 using 'Speakers (Realtek High Definition Audio)' : 2 channels at 48 kHz using 32 bits per sample (channel mask 0x3)
[2016.04.16-21.50.02:050][773]LogInit: FAudioDevice initialized.
[2016.04.16-21.50.02:148][773]LogWorld: Game class is 'FirstPersonGameMode_C'
[2016.04.16-21.50.02:171][773]LogWorld: Bringing World /Game/Hotel/Levels/UEDPIE_0_World.World up for play (max tick rate 0) at 2016.04.16-17.50.02
[2016.04.16-21.50.02:171][773]LogActor:Warning: GameSession /Game/Hotel/Levels/UEDPIE_0_World.World:PersistentLevel.GameSession_2 has natively added scene component(s), but none of them were set as the actor's RootComponent - picking one arbitrarily
[2016.04.16-21.50.02:171][773]LogActor:Warning: GameNetworkManager /Game/Hotel/Levels/UEDPIE_0_World.World:PersistentLevel.GameNetworkManager_2 has natively added scene component(s), but none of them were set as the actor's RootComponent - picking one arbitrarily
[2016.04.16-21.50.02:173][773]LogWorld: Bringing up level for play took: 0.024125
[2016.04.16-21.50.02:210][773]PIE: Info Play in editor start time for /Game/Hotel/Levels/UEDPIE_0_World 0.339
[2016.04.16-21.50.02:210][773]LogBlueprintUserMessages: Late PlayInEditor Detection: Level '/Game/Hotel/Levels/World.World:PersistentLevel' has LevelScriptBlueprint '/Game/Hotel/Levels/World.World:PersistentLevel.World' with GeneratedClass '/Game/Hotel/Levels/World.World_C' with ClassGeneratedBy '/Game/Hotel/Levels/World.World:PersistentLevel.World'
[2016.04.16-21.50.17:739][444]LogBlueprintUserMessages: [Door1_C_0] 1.0
[2016.04.16-21.50.38:815][421]LogBlueprintUserMessages: [Ghost_C_0] 5
[2016.04.16-21.50.38:933][426]LogBlueprintUserMessages: [Player_C_254] 2
[2016.04.16-21.50.39:039][428]LogBlueprintUserMessages: [Player_C_254] -1
[2016.04.16-21.50.41:711][548]LogBlueprintUserMessages: [Ghost_C_0] 4
[2016.04.16-21.50.41:823][553]LogBlueprintUserMessages: [Ghost_C_0] 9
[2016.04.16-21.50.42:393][578]LogBlueprintUserMessages: [Ghost_C_0] 14
[2016.04.16-21.50.42:493][583]LogBlueprintUserMessages: [Ghost_C_0] 19
[2016.04.16-21.50.42:605][588]LogBlueprintUserMessages: [Ghost_C_0] 24
[2016.04.16-21.50.42:715][593]LogBlueprintUserMessages: [Ghost_C_0] 29
[2016.04.16-21.50.42:826][598]LogBlueprintUserMessages: [Ghost_C_0] 34
[2016.04.16-21.50.42:937][603]LogBlueprintUserMessages: [Ghost_C_0] 39
[2016.04.16-21.50.43:049][608]LogBlueprintUserMessages: [Ghost_C_0] 44
[2016.04.16-21.50.43:161][613]LogBlueprintUserMessages: [Ghost_C_0] 49
[2016.04.16-21.50.43:273][618]LogBlueprintUserMessages: [Ghost_C_0] 54
[2016.04.16-21.50.43:385][623]LogBlueprintUserMessages: [Ghost_C_0] 59
[2016.04.16-21.50.43:498][628]LogBlueprintUserMessages: [Ghost_C_0] 64
[2016.04.16-21.50.43:612][633]LogBlueprintUserMessages: [Ghost_C_0] 69
[2016.04.16-21.50.43:724][638]LogBlueprintUserMessages: [Ghost_C_0] 74
[2016.04.16-21.50.43:839][643]LogBlueprintUserMessages: [Ghost_C_0] 79
[2016.04.16-21.50.43:950][648]LogBlueprintUserMessages: [Ghost_C_0] 84
[2016.04.16-21.50.44:058][650]LogBlueprintUserMessages: [Ghost_C_0] 89
[2016.04.16-21.50.44:173][655]LogBlueprintUserMessages: [Ghost_C_0] 94
[2016.04.16-21.50.44:285][660]LogBlueprintUserMessages: [Ghost_C_0] 99
[2016.04.16-21.50.44:398][665]LogBlueprintUserMessages: [Ghost_C_0] 104
[2016.04.16-21.50.44:398][665]LogScript:Warning: Accessed None 'Heartbeat'
	Player_C /Game/Hotel/Levels/UEDPIE_0_World.World:PersistentLevel.Player_C_254
	Function /Game/Hotel/Blueprints/Player/Player.Player_C:ExecuteUbergraph_Player:188B
[2016.04.16-21.50.44:398][665]PIE:Error: Error Accessed None 'Heartbeat' from node Branch in graph 'EventGraph' in blueprint Player
[2016.04.16-21.50.49:652][908]LogBlueprintUserMessages: Early EndPlayMap Detection: Level '/Game/Hotel/Levels/World.World:PersistentLevel' has LevelScriptBlueprint '/Game/Hotel/Levels/World.World:PersistentLevel.World' with GeneratedClass '/Game/Hotel/Levels/World.World_C' with ClassGeneratedBy '/Game/Hotel/Levels/World.World:PersistentLevel.World'
[2016.04.16-21.50.49:738][908]LogBlueprintUserMessages: Late EndPlayMap Detection: Level '/Game/Hotel/Levels/World.World:PersistentLevel' has LevelScriptBlueprint '/Game/Hotel/Levels/World.World:PersistentLevel.World' with GeneratedClass '/Game/Hotel/Levels/World.World_C' with ClassGeneratedBy '/Game/Hotel/Levels/World.World:PersistentLevel.World'
[2016.04.16-21.50.49:834][908]LogParticles: Destroying 0 GPU particle simulations for FXSystem 0x0000000068E78680
[2016.04.16-21.53.21:975][714]LogSavePackage: Save=1003.161560ms
[2016.04.16-21.53.21:975][714]LogSavePackage: Moving '../../../../../../Users/Daniel/Desktop/School2/New classes/New Classes/New Classes/DIG4725/HotelBete/Saved/PlayerEBB70AC549B7E376061F8E8BF21963CB.tmp' to '../../../../../../Users/Daniel/Desktop/School2/New classes/New Classes/New Classes/DIG4725/HotelBete/Content/Hotel/Blueprints/Player/Player.uasset'
[2016.04.16-21.53.21:983][714]LogSavePackage: Total save time: 1063.079860ms
[2016.04.16-21.53.21:983][714]LogSavePackage:Display: Finished SavePackage ../../../../../../Users/Daniel/Desktop/School2/New classes/New Classes/New Classes/DIG4725/HotelBete/Content/Hotel/Blueprints/Player/Player.uasset
[2016.04.16-21.53.31:601][ 62]LogSavePackage: Save=6009.767090ms
[2016.04.16-21.53.31:601][ 62]LogSavePackage: Moving '../../../../../../Users/Daniel/Desktop/School2/New classes/New Classes/New Classes/DIG4725/HotelBete/Saved/WorldF8A58B14480784A2D32D738DEC7E83CC.tmp' to '../../../../../../Users/Daniel/Desktop/School2/New classes/New Classes/New Classes/DIG4725/HotelBete/Content/Hotel/Levels/World.umap'
[2016.04.16-21.53.31:607][ 62]LogSavePackage: Total save time: 6093.616050ms
[2016.04.16-21.53.31:607][ 62]LogSavePackage:Display: Finished SavePackage ../../../../../../Users/Daniel/Desktop/School2/New classes/New Classes/New Classes/DIG4725/HotelBete/Content/Hotel/Levels/World.umap
[2016.04.16-21.53.31:705][ 62]LogFileHelpers: Saving map 'World' took 6.414
[2016.04.16-21.53.31:719][ 62]LogSavePackage: Save=3.186498ms
[2016.04.16-21.53.31:719][ 62]LogSavePackage: Moving '../../../../../../Users/Daniel/Desktop/School2/New classes/New Classes/New Classes/DIG4725/HotelBete/Saved/Camera_Flash_Cue6E2B8DC9462C713EF9AC9E80A47058F3.tmp' to '../../../../../../Users/Daniel/Desktop/School2/New classes/New Classes/New Classes/DIG4725/HotelBete/Content/Hotel/Sounds/SE/Camera_Flash_Cue.uasset'
[2016.04.16-21.53.31:721][ 62]LogSavePackage: Total save time: 5.795382ms
[2016.04.16-21.53.31:721][ 62]LogSavePackage:Display: Finished SavePackage ../../../../../../Users/Daniel/Desktop/School2/New classes/New Classes/New Classes/DIG4725/HotelBete/Content/Hotel/Sounds/SE/Camera_Flash_Cue.uasset
[2016.04.16-21.53.31:751][ 62]LogSavePackage: Save=5.951962ms
[2016.04.16-21.53.31:751][ 62]LogSavePackage: Moving '../../../../../../Users/Daniel/Desktop/School2/New classes/New Classes/New Classes/DIG4725/HotelBete/Saved/Camera_FlashCD92C0394931CB3F32831FB4CF20FD12.tmp' to '../../../../../../Users/Daniel/Desktop/School2/New classes/New Classes/New Classes/DIG4725/HotelBete/Content/Hotel/Sounds/SE/Camera_Flash.uasset'
[2016.04.16-21.53.31:753][ 62]LogSavePackage: Total save time: 8.984711ms
[2016.04.16-21.53.31:753][ 62]LogSavePackage:Display: Finished SavePackage ../../../../../../Users/Daniel/Desktop/School2/New classes/New Classes/New Classes/DIG4725/HotelBete/Content/Hotel/Sounds/SE/Camera_Flash.uasset
[2016.04.16-21.53.34:592][275]Cmd: QUIT_EDITOR
[2016.04.16-21.53.34:798][275]LogExit: Preparing to exit.
[2016.04.16-21.53.35:306][275]LogExit: Editor shut down
[2016.04.16-21.53.35:306][275]LogExit: Transaction tracking system shut down
[2016.04.16-21.53.35:325][275]LogParticles: Destroying 0 GPU particle simulations for FXSystem 0x0000000027B23880
[2016.04.16-21.53.35:358][275]LogParticles: Destroying 0 GPU particle simulations for FXSystem 0x000000003000A660
[2016.04.16-21.53.35:365][275]LogParticles: Destroying 0 GPU particle simulations for FXSystem 0x0000000049768D60
[2016.04.16-21.53.35:366][275]LogParticles: Destroying 0 GPU particle simulations for FXSystem 0x000000004970F380
[2016.04.16-21.53.35:367][275]LogParticles: Destroying 0 GPU particle simulations for FXSystem 0x000000004970D260
[2016.04.16-21.53.35:900][275]LogParticles: Destroying 0 GPU particle simulations for FXSystem 0x0000000043F79580
[2016.04.16-21.53.35:900][275]LogExit: Object subsystem successfully closed.
[2016.04.16-21.53.35:916][275]LogD3D11RHI: Shutdown
[2016.04.16-21.53.35:916][275]LogD3D11RHI: CleanupD3DDevice
[2016.04.16-21.53.36:552][275]LogD3D11RHI: ~FD3D11DynamicRHI
[2016.04.16-21.53.36:579][275]LogModuleManager: Shutting down and abandoning module CookingStats (202)
[2016.04.16-21.53.36:579][275]LogModuleManager: Shutting down and abandoning module BlueprintGraph (201)
[2016.04.16-21.53.36:579][275]LogModuleManager: Shutting down and abandoning module CrashTracker (200)
[2016.04.16-21.53.36:579][275]LogModuleManager: Shutting down and abandoning module SceneOutliner (199)
[2016.04.16-21.53.36:579][275]LogModuleManager: Shutting down and abandoning module SuperSearch (198)
[2016.04.16-21.53.36:579][275]LogModuleManager: Shutting down and abandoning module WidgetCarousel (197)
[2016.04.16-21.53.36:579][275]LogModuleManager: Shutting down and abandoning module AddContentDialog (196)
[2016.04.16-21.53.36:581][275]LogModuleManager: Shutting down and abandoning module EditorWidgets (195)
[2016.04.16-21.53.36:581][275]LogModuleManager: Shutting down and abandoning module CollectionManager (194)
[2016.04.16-21.53.36:582][275]LogModuleManager: Shutting down and abandoning module StatsViewer (193)
[2016.04.16-21.53.36:582][275]LogModuleManager: Shutting down and abandoning module FoliageEdit (192)
[2016.04.16-21.53.36:582][275]LogModuleManager: Shutting down and abandoning module LandscapeEditor (191)
[2016.04.16-21.53.36:582][275]LogModuleManager: Shutting down and abandoning module ActorPickerMode (190)
[2016.04.16-21.53.36:582][275]LogModuleManager: Shutting down and abandoning module GeometryMode (189)
[2016.04.16-21.53.36:582][275]LogModuleManager: Shutting down and abandoning module TextureAlignMode (188)
[2016.04.16-21.53.36:582][275]LogModuleManager: Shutting down and abandoning module BspMode (187)
[2016.04.16-21.53.36:582][275]LogModuleManager: Shutting down and abandoning module PlacementMode (186)
[2016.04.16-21.53.36:582][275]LogModuleManager: Shutting down and abandoning module AutomationWorker (185)
[2016.04.16-21.53.36:582][275]LogModuleManager: Shutting down and abandoning module CharacterAI (184)
[2016.04.16-21.53.36:582][275]LogModuleManager: Shutting down and abandoning module SmartSnapping (183)
[2016.04.16-21.53.36:582][275]LogModuleManager: Shutting down and abandoning module ViewportSnapping (182)
[2016.04.16-21.53.36:582][275]LogModuleManager: Shutting down and abandoning module LogVisualizer (181)
[2016.04.16-21.53.36:582][275]LogModuleManager: Shutting down and abandoning module GameProjectGeneration (180)
[2016.04.16-21.53.36:582][275]LogModuleManager: Shutting down and abandoning module IntroTutorials (179)
[2016.04.16-21.53.36:583][275]LogModuleManager: Shutting down and abandoning module EditorLiveStreaming (178)
[2016.04.16-21.53.36:583][275]LogModuleManager: Shutting down and abandoning module IOSPlatformEditor (177)
[2016.04.16-21.53.36:583][275]LogModuleManager: Shutting down and abandoning module HTML5PlatformEditor (176)
[2016.04.16-21.53.36:583][275]LogModuleManager: Shutting down and abandoning module AndroidDeviceDetection (175)
[2016.04.16-21.53.37:382][275]LogModuleManager: Shutting down and abandoning module AndroidPlatformEditor (174)
[2016.04.16-21.53.37:382][275]LogModuleManager: Shutting down and abandoning module IOSRuntimeSettings (173)
[2016.04.16-21.53.37:382][275]LogModuleManager: Shutting down and abandoning module AndroidRuntimeSettings (172)
[2016.04.16-21.53.37:382][275]LogModuleManager: Shutting down and abandoning module MergeActors (171)
[2016.04.16-21.53.37:382][275]LogModuleManager: Shutting down and abandoning module SizeMap (170)
[2016.04.16-21.53.37:382][275]LogModuleManager: Shutting down and abandoning module TreeMap (169)
[2016.04.16-21.53.37:382][275]LogModuleManager: Shutting down and abandoning module ReferenceViewer (168)
[2016.04.16-21.53.37:382][275]LogModuleManager: Shutting down and abandoning module LocalizationService (167)
[2016.04.16-21.53.37:382][275]LogModuleManager: Shutting down and abandoning module LocalizationDashboard (166)
[2016.04.16-21.53.37:382][275]LogModuleManager: Shutting down and abandoning module HardwareTargeting (165)
[2016.04.16-21.53.37:382][275]LogModuleManager: Shutting down and abandoning module DeviceProfileEditor (164)
[2016.04.16-21.53.37:382][275]LogModuleManager: Shutting down and abandoning module UndoHistory (163)
[2016.04.16-21.53.37:382][275]LogModuleManager: Shutting down and abandoning module GameplayTagsEditor (162)
[2016.04.16-21.53.37:382][275]LogModuleManager: Shutting down and abandoning module UserFeedback (161)
[2016.04.16-21.53.37:382][275]LogModuleManager: Shutting down and abandoning module XmlParser (160)
[2016.04.16-21.53.37:382][275]LogModuleManager: Shutting down and abandoning module Blutility (159)
[2016.04.16-21.53.37:382][275]LogModuleManager: Shutting down and abandoning module ProjectTargetPlatformEditor (158)
[2016.04.16-21.53.37:383][275]LogModuleManager: Shutting down and abandoning module ProjectSettingsViewer (157)
[2016.04.16-21.53.37:383][275]LogModuleManager: Shutting down and abandoning module InputBindingEditor (156)
[2016.04.16-21.53.37:383][275]LogModuleManager: Shutting down and abandoning module EditorSettingsViewer (155)
[2016.04.16-21.53.37:383][275]LogModuleManager: Shutting down and abandoning module SettingsEditor (154)
[2016.04.16-21.53.37:383][275]LogModuleManager: Shutting down and abandoning module ProjectLauncher (153)
[2016.04.16-21.53.37:383][275]LogModuleManager: Shutting down and abandoning module SessionFrontend (152)
[2016.04.16-21.53.37:383][275]LogModuleManager: Shutting down and abandoning module ProfilerClient (151)
[2016.04.16-21.53.37:383][275]LogModuleManager: Shutting down and abandoning module TargetDeviceServices (150)
[2016.04.16-21.53.37:383][275]LogModuleManager: Shutting down and abandoning module DeviceManager (149)
[2016.04.16-21.53.37:383][275]LogModuleManager: Shutting down and abandoning module AutomationController (148)
[2016.04.16-21.53.37:383][275]LogModuleManager: Shutting down and abandoning module AutomationWindow (147)
[2016.04.16-21.53.37:383][275]LogModuleManager: Shutting down and abandoning module Layers (146)
[2016.04.16-21.53.37:383][275]LogModuleManager: Shutting down and abandoning module ComponentVisualizers (145)
[2016.04.16-21.53.37:383][275]LogModuleManager: Shutting down and abandoning module DetailCustomizations (144)
[2016.04.16-21.53.37:383][275]LogModuleManager: Shutting down and abandoning module PackagesDialog (143)
[2016.04.16-21.53.37:383][275]LogModuleManager: Shutting down and abandoning module Persona (142)
[2016.04.16-21.53.37:383][275]LogModuleManager: Shutting down and abandoning module Kismet (141)
[2016.04.16-21.53.37:383][275]LogModuleManager: Shutting down and abandoning module GraphEditor (140)
[2016.04.16-21.53.37:383][275]LogModuleManager: Shutting down and abandoning module ClassViewer (139)
[2016.04.16-21.53.37:383][275]LogModuleManager: Shutting down and abandoning module Toolbox (138)
[2016.04.16-21.53.37:383][275]LogModuleManager: Shutting down and abandoning module ModuleUI (137)
[2016.04.16-21.53.37:383][275]LogModuleManager: Shutting down and abandoning module MovieSceneTools (136)
[2016.04.16-21.53.37:383][275]LogModuleManager: Shutting down and abandoning module OutputLog (135)
[2016.04.16-21.53.37:383][275]LogModuleManager: Shutting down and abandoning module GammaUI (134)
[2016.04.16-21.53.37:383][275]LogModuleManager: Shutting down and abandoning module Documentation (133)
[2016.04.16-21.53.37:384][275]LogModuleManager: Shutting down and abandoning module GameLiveStreaming (132)
[2016.04.16-21.53.37:384][275]LogModuleManager: Shutting down and abandoning module StreamingPauseRendering (131)
[2016.04.16-21.53.37:384][275]LogModuleManager: Shutting down and abandoning module AnalyticsET (130)
[2016.04.16-21.53.37:384][275]LogModuleManager: Shutting down and abandoning module Analytics (129)
[2016.04.16-21.53.37:384][275]LogModuleManager: Shutting down and abandoning module AITestSuite (128)
[2016.04.16-21.53.37:384][275]LogModuleManager: Shutting down and abandoning module GameplayDebugger (127)
[2016.04.16-21.53.37:384][275]LogModuleManager: Shutting down and abandoning module AIModule (126)
[2016.04.16-21.53.37:384][275]LogModuleManager: Shutting down and abandoning module ProfilerService (125)
[2016.04.16-21.53.37:521][275]LogModuleManager: Shutting down and abandoning module TaskGraph (124)
[2016.04.16-21.53.37:521][275]LogModuleManager: Shutting down and abandoning module SubstanceEditor (123)
[2016.04.16-21.53.37:521][275]LogModuleManager: Shutting down and abandoning module SlateRemote (122)
[2016.04.16-21.53.37:521][275]LogModuleManager: Shutting down and abandoning module SteamVRController (121)
[2016.04.16-21.53.37:521][275]LogModuleManager: Shutting down and abandoning module SteamVR (120)
[2016.04.16-21.53.37:521][275]LogModuleManager: Shutting down and abandoning module ProceduralMeshComponent (119)
[2016.04.16-21.53.37:521][275]LogModuleManager: Shutting down and abandoning module OculusLibrary (118)
[2016.04.16-21.53.37:521][275]LogModuleManager: Shutting down and abandoning module OculusInput (117)
[2016.04.16-21.53.37:521][275]LogModuleManager: Shutting down and abandoning module LeapMotionController (116)
[2016.04.16-21.53.37:539][275]LogModuleManager: Shutting down and abandoning module CustomMeshComponent (115)
[2016.04.16-21.53.37:539][275]LogModuleManager: Shutting down and abandoning module CableComponent (114)
[2016.04.16-21.53.37:539][275]LogModuleManager: Shutting down and abandoning module ArchVisCharacter (113)
[2016.04.16-21.53.37:539][275]LogModuleManager: Shutting down and abandoning module MessagingDebugger (112)
[2016.04.16-21.53.37:539][275]LogModuleManager: Shutting down and abandoning module MediaPlayerEditor (111)
[2016.04.16-21.53.37:539][275]LogModuleManager: Shutting down and abandoning module HTML5Networking (110)
[2016.04.16-21.53.37:539][275]LogModuleManager: Shutting down and abandoning module SpeedTreeImporter (109)
[2016.04.16-21.53.37:539][275]LogModuleManager: Shutting down and abandoning module PluginBrowser (108)
[2016.04.16-21.53.37:539][275]LogModuleManager: Shutting down and abandoning module EpicSurvey (107)
[2016.04.16-21.53.37:540][275]LogModuleManager: Shutting down and abandoning module DesktopPlatform (106)
[2016.04.16-21.53.37:540][275]LogModuleManager: Shutting down and abandoning module VisualStudioSourceCodeAccess (105)
[2016.04.16-21.53.37:540][275]LogModuleManager: Shutting down and abandoning module UObjectPlugin (104)
[2016.04.16-21.53.37:540][275]LogModuleManager: Shutting down and abandoning module SubversionSourceControl (103)
[2016.04.16-21.53.37:540][275]LogModuleManager: Shutting down and abandoning module PerforceSourceControl (102)
[2016.04.16-21.53.37:540][275]LogModuleManager: Shutting down and abandoning module SourceControl (101)
[2016.04.16-21.53.37:540][275]LogModuleManager: Shutting down and abandoning module GitSourceControl (100)
[2016.04.16-21.53.37:540][275]LogModuleManager: Shutting down and abandoning module LightPropagationVolumeEditor (99)
[2016.04.16-21.53.37:540][275]LogModuleManager: Shutting down and abandoning module PaperTiledImporter (98)
[2016.04.16-21.53.37:540][275]LogModuleManager: Shutting down and abandoning module PaperSpriteSheetImporter (97)
[2016.04.16-21.53.37:540][275]LogModuleManager: Shutting down and abandoning module MeshPaint (96)
[2016.04.16-21.53.37:540][275]LogModuleManager: Shutting down and abandoning module SlateReflector (95)
[2016.04.16-21.53.37:540][275]LogModuleManager: Shutting down and abandoning module HotReload (94)
[2016.04.16-21.53.37:540][275]LogModuleManager: Shutting down and abandoning module MainFrame (93)
[2016.04.16-21.53.37:540][275]LogModuleManager: Shutting down and abandoning module LevelEditor (92)
[2016.04.16-21.53.37:541][275]LogModuleManager: Shutting down and abandoning module ContentBrowser (91)
[2016.04.16-21.53.37:542][275]LogModuleManager: Shutting down and abandoning module Paper2DEditor (90)
[2016.04.16-21.53.37:542][275]LogModuleManager: Shutting down and abandoning module UdpMessaging (89)
[2016.04.16-21.53.37:642][275]LogModuleManager: Shutting down and abandoning module DirectoryWatcher (88)
[2016.04.16-21.53.37:643][275]LogModuleManager: Shutting down and abandoning module AssetRegistry (87)
[2016.04.16-21.53.37:763][275]LogModuleManager: Shutting down and abandoning module SubstanceCore (86)
[2016.04.16-21.53.37:763][275]LogModuleManager: Shutting down and abandoning module LightPropagationVolumeRuntime (85)
[2016.04.16-21.53.37:763][275]LogModuleManager: Shutting down and abandoning module Paper2D (84)
[2016.04.16-21.53.37:763][275]LogModuleManager: Shutting down and abandoning module WindowsMoviePlayer (83)
[2016.04.16-21.53.37:771][275]LogModuleManager: Shutting down and abandoning module Media (82)
[2016.04.16-21.53.37:771][275]LogModuleManager: Shutting down and abandoning module WmfMedia (81)
[2016.04.16-21.53.37:772][275]LogModuleManager: Shutting down and abandoning module OnlineBlueprintSupport (80)
[2016.04.16-21.53.37:772][275]LogModuleManager: Shutting down and abandoning module GameplayTasksEditor (79)
[2016.04.16-21.53.37:772][275]LogModuleManager: Shutting down and abandoning module PropertyEditor (78)
[2016.04.16-21.53.37:772][275]LogModuleManager: Shutting down and abandoning module BehaviorTreeEditor (77)
[2016.04.16-21.53.37:772][275]LogModuleManager: Shutting down and abandoning module FunctionalTesting (76)
[2016.04.16-21.53.37:772][275]LogModuleManager: Shutting down and abandoning module CollisionAnalyzer (75)
[2016.04.16-21.53.37:772][275]LogModuleManager: Shutting down and abandoning module WorkspaceMenuStructure (74)
[2016.04.16-21.53.37:772][275]LogModuleManager: Shutting down and abandoning module MessageLog (73)
[2016.04.16-21.53.37:772][275]LogModuleManager: Shutting down and abandoning module Sequencer (72)
[2016.04.16-21.53.37:772][275]LogModuleManager: Shutting down and abandoning module AssetTools (71)
[2016.04.16-21.53.37:772][275]LogModuleManager: Shutting down and abandoning module UMGEditor (70)
[2016.04.16-21.53.37:772][275]LogModuleManager: Shutting down and abandoning module UMG (69)
[2016.04.16-21.53.37:772][275]LogModuleManager: Shutting down and abandoning module Slate (68)
[2016.04.16-21.53.37:772][275]LogModuleManager: Shutting down and abandoning module EditorStyle (67)
[2016.04.16-21.53.37:776][275]LogModuleManager: Shutting down and abandoning module SessionServices (66)
[2016.04.16-21.53.37:776][275]LogModuleManager: Shutting down and abandoning module SourceCodeAccess (65)
[2016.04.16-21.53.37:776][275]LogModuleManager: Shutting down and abandoning module HeadMountedDisplay (64)
[2016.04.16-21.53.37:776][275]LogModuleManager: Shutting down and abandoning module XAudio2 (63)
[2016.04.16-21.53.37:776][275]LogModuleManager: Shutting down and abandoning module Networking (61)
[2016.04.16-21.53.37:776][275]LogModuleManager: Shutting down and abandoning module Core (60)
[2016.04.16-21.53.37:776][275]LogModuleManager: Shutting down and abandoning module KismetCompiler (59)
[2016.04.16-21.53.37:776][275]LogModuleManager: Shutting down and abandoning module PhysXFormats (58)
[2016.04.16-21.53.37:776][275]LogModuleManager: Shutting down and abandoning module MeshUtilities (57)
[2016.04.16-21.53.37:776][275]LogModuleManager: Shutting down and abandoning module DerivedDataCache (56)
[2016.04.16-21.53.37:785][275]LogDerivedDataCache: Shutdown
[2016.04.16-21.53.37:785][275]LogModuleManager: Shutting down and abandoning module ShaderFormatOpenGL (55)
[2016.04.16-21.53.37:785][275]LogModuleManager: Shutting down and abandoning module ShaderFormatD3D (54)
[2016.04.16-21.53.37:785][275]LogModuleManager: Shutting down and abandoning module MetalShaderFormat (53)
[2016.04.16-21.53.37:785][275]LogModuleManager: Shutting down and abandoning module TextureFormatUncompressed (52)
[2016.04.16-21.53.37:785][275]LogModuleManager: Shutting down and abandoning module TextureFormatPVR (51)
[2016.04.16-21.53.37:785][275]LogModuleManager: Shutting down and abandoning module TextureFormatIntelISPCTexComp (50)
[2016.04.16-21.53.37:785][275]LogModuleManager: Shutting down and abandoning module TextureFormatDXT (49)
[2016.04.16-21.53.37:785][275]LogModuleManager: Shutting down and abandoning module ImageWrapper (48)
[2016.04.16-21.53.37:785][275]LogModuleManager: Shutting down and abandoning module TextureFormatASTC (47)
[2016.04.16-21.53.37:785][275]LogModuleManager: Shutting down and abandoning module TextureFormatAndroid (46)
[2016.04.16-21.53.37:785][275]LogModuleManager: Shutting down and abandoning module AudioFormatOpus (45)
[2016.04.16-21.53.37:785][275]LogModuleManager: Shutting down and abandoning module AudioFormatOgg (44)
[2016.04.16-21.53.37:785][275]LogModuleManager: Shutting down and abandoning module AudioFormatADPCM (43)
[2016.04.16-21.53.37:785][275]LogModuleManager: Shutting down and abandoning module LinuxTargetPlatform (42)
[2016.04.16-21.53.37:785][275]LogModuleManager: Shutting down and abandoning module LinuxServerTargetPlatform (41)
[2016.04.16-21.53.37:785][275]LogModuleManager: Shutting down and abandoning module LinuxNoEditorTargetPlatform (40)
[2016.04.16-21.53.37:785][275]LogModuleManager: Shutting down and abandoning module Messaging (39)
[2016.04.16-21.53.37:785][275]LogModuleManager: Shutting down and abandoning module IOSTargetPlatform (38)
[2016.04.16-21.53.37:785][275]LogModuleManager: Shutting down and abandoning module HTML5TargetPlatform (37)
[2016.04.16-21.53.37:785][275]LogModuleManager: Shutting down and abandoning module Android_PVRTCTargetPlatform (36)
[2016.04.16-21.53.37:785][275]LogModuleManager: Shutting down and abandoning module Android_MultiTargetPlatform (35)
[2016.04.16-21.53.37:785][275]LogModuleManager: Shutting down and abandoning module Android_ETC2TargetPlatform (34)
[2016.04.16-21.53.37:785][275]LogModuleManager: Shutting down and abandoning module Android_ETC1TargetPlatform (33)
[2016.04.16-21.53.37:785][275]LogModuleManager: Shutting down and abandoning module Android_DXTTargetPlatform (32)
[2016.04.16-21.53.37:785][275]LogModuleManager: Shutting down and abandoning module Android_ATCTargetPlatform (31)
[2016.04.16-21.53.37:785][275]LogModuleManager: Shutting down and abandoning module Android_ASTCTargetPlatform (30)
[2016.04.16-21.53.37:785][275]LogModuleManager: Shutting down and abandoning module AndroidTargetPlatform (29)
[2016.04.16-21.53.37:785][275]LogModuleManager: Shutting down and abandoning module WindowsTargetPlatform (28)
[2016.04.16-21.53.37:785][275]LogModuleManager: Shutting down and abandoning module WindowsServerTargetPlatform (27)
[2016.04.16-21.53.37:785][275]LogModuleManager: Shutting down and abandoning module WindowsNoEditorTargetPlatform (26)
[2016.04.16-21.53.37:785][275]LogModuleManager: Shutting down and abandoning module WindowsClientTargetPlatform (25)
[2016.04.16-21.53.37:785][275]LogModuleManager: Shutting down and abandoning module AllDesktopTargetPlatform (24)
[2016.04.16-21.53.37:785][275]LogModuleManager: Shutting down and abandoning module TargetPlatform (23)
[2016.04.16-21.53.37:785][275]LogModuleManager: Shutting down and abandoning module InputCore (22)
[2016.04.16-21.53.37:785][275]LogModuleManager: Shutting down and abandoning module Settings (21)
[2016.04.16-21.53.37:786][275]LogModuleManager: Shutting down and abandoning module OnlineSubsystem (19)
[2016.04.16-21.53.37:786][275]LogModuleManager: Shutting down and abandoning module HTTP (18)
[2016.04.16-21.53.39:786][275]LogModuleManager: Shutting down and abandoning module XMPP (17)
[2016.04.16-21.53.39:786][275]LogModuleManager: Shutting down and abandoning module OculusRift (16)
[2016.04.16-21.53.39:786][275]LogModuleManager: Shutting down and abandoning module ExampleDeviceProfileSelector (15)
[2016.04.16-21.53.39:786][275]LogModuleManager: Shutting down and abandoning module TextureCompressor (14)
[2016.04.16-21.53.39:786][275]LogModuleManager: Shutting down and abandoning module ShaderCore (13)
[2016.04.16-21.53.39:786][275]LogModuleManager: Shutting down and abandoning module Landscape (12)
[2016.04.16-21.53.39:786][275]LogModuleManager: Shutting down and abandoning module SlateRHIRenderer (11)
[2016.04.16-21.53.39:792][275]LogModuleManager: Shutting down and abandoning module OpenGLDrv (10)
[2016.04.16-21.53.39:792][275]LogModuleManager: Shutting down and abandoning module D3D11RHI (9)
[2016.04.16-21.53.39:792][275]LogModuleManager: Shutting down and abandoning module AnimGraphRuntime (8)
[2016.04.16-21.53.39:793][275]LogModuleManager: Shutting down and abandoning module Renderer (7)
[2016.04.16-21.53.39:793][275]LogModuleManager: Shutting down and abandoning module Engine (6)
[2016.04.16-21.53.39:793][275]LogModuleManager: Shutting down and abandoning module CoreUObject (5)
[2016.04.16-21.53.39:793][275]LogModuleManager: Shutting down and abandoning module NetworkFile (4)
[2016.04.16-21.53.39:793][275]LogModuleManager: Shutting down and abandoning module StreamingFile (3)
[2016.04.16-21.53.39:793][275]LogModuleManager: Shutting down and abandoning module SandboxFile (2)
[2016.04.16-21.53.39:793][275]LogModuleManager: Shutting down and abandoning module PakFile (1)
[2016.04.16-21.53.39:794][275]LogExit: Exiting.
[2016.04.16-21.53.39:796][275]Log file closed, 04/16/16 17:53:39
