[2016.03.02-20.14.45:237][  0]Log file open, 03/02/16 15:14:45
[2016.03.02-20.14.45:237][  0]LogInit:Display: Running engine for game: Hotel
[2016.03.02-20.14.45:237][  0]LogPlatformFile: Not using cached read wrapper
[2016.03.02-20.14.45:237][  0]LogInit:Display: RandInit(-732940637) SRandInit(-732940609).
[2016.03.02-20.14.45:237][  0]LogTaskGraph: Started task graph with 4 named threads and 7 total threads.
[2016.03.02-20.14.45:237][  0]LogStats: Stats thread started at 0.069146
[2016.03.02-20.14.45:237][  0]LogInit: Version: 4.10.2-2818068+++depot+UE4-Releases+4.10
[2016.03.02-20.14.45:237][  0]LogInit: API Version: 2758231
[2016.03.02-20.14.45:238][  0]LogInit: Compiled (64-bit): Jan  6 2016 17:36:42
[2016.03.02-20.14.45:238][  0]LogInit: Compiled with Visual C++: 19.00.23026.00
[2016.03.02-20.14.45:238][  0]LogInit: Build Configuration: Development
[2016.03.02-20.14.45:238][  0]LogInit: Branch Name: ++depot+UE4-Releases+4.10
[2016.03.02-20.14.45:238][  0]LogInit: Command line:  
[2016.03.02-20.14.45:238][  0]LogInit: Base directory: E:/Program Files (x86)/Epic Games/4.10/Engine/Binaries/Win64/
[2016.03.02-20.14.45:238][  0]LogInit: Rocket: 1
[2016.03.02-20.14.45:248][  0]LogInit: Using libcurl 7.41.0
[2016.03.02-20.14.45:248][  0]LogInit:  - built for x86_64-pc-win32
[2016.03.02-20.14.45:248][  0]LogInit:  - supports SSL with WinSSL
[2016.03.02-20.14.45:248][  0]LogInit:  - other features:
[2016.03.02-20.14.45:248][  0]LogInit:      CURL_VERSION_SSL
[2016.03.02-20.14.45:248][  0]LogInit:      CURL_VERSION_IPV6
[2016.03.02-20.14.45:248][  0]LogInit:      CURL_VERSION_ASYNCHDNS
[2016.03.02-20.14.45:248][  0]LogInit:      CURL_VERSION_LARGEFILE
[2016.03.02-20.14.45:248][  0]LogInit:      CURL_VERSION_IDN
[2016.03.02-20.14.45:248][  0]LogInit:  CurlRequestOptions (configurable via config and command line):
[2016.03.02-20.14.45:248][  0]LogInit:  - bVerifyPeer = true  - Libcurl will verify peer certificate
[2016.03.02-20.14.45:248][  0]LogInit:  - bUseHttpProxy = false  - Libcurl will NOT use HTTP proxy
[2016.03.02-20.14.45:248][  0]LogInit:  - bDontReuseConnections = false  - Libcurl will reuse connections
[2016.03.02-20.14.45:248][  0]LogInit:  - CertBundlePath = nullptr  - Libcurl will use whatever was configured at build time.
[2016.03.02-20.14.45:254][  0]LogInit: Presizing for 0 objects not considered by GC, pre-allocating 0 bytes.
[2016.03.02-20.14.45:263][  0]LogInit: Object subsystem initialized
[2016.03.02-20.14.45:264][  0]LogInit: Selected Device Profile: [Windows]
[2016.03.02-20.14.45:264][  0]LogInit: Applying CVar settings loaded from the selected device profile: [Windows]
[2016.03.02-20.14.45:272][  0]LogInit: Computer: MANDY-PC
[2016.03.02-20.14.45:272][  0]LogInit: User: Mandy
[2016.03.02-20.14.45:272][  0]LogInit: CPU Page size=4096, Cores=4
[2016.03.02-20.14.45:272][  0]LogInit: High frequency timer resolution =14.318180 MHz
[2016.03.02-20.14.45:272][  0]LogMemory: Memory total: Physical=16.0GB (16GB approx)
[2016.03.02-20.14.45:272][  0]LogMemory: Platform Memory Stats for Windows
[2016.03.02-20.14.45:272][  0]LogMemory: Process Physical Memory: 56.09 MB used, 56.09 MB peak
[2016.03.02-20.14.45:272][  0]LogMemory: Process Virtual Memory: 59.70 MB used, 59.70 MB peak
[2016.03.02-20.14.45:272][  0]LogMemory: Physical Memory: 2750.34 MB used, 16383.18 MB total
[2016.03.02-20.14.45:272][  0]LogMemory: Virtual Memory: 354.58 MB used, 8388608.00 MB total
[2016.03.02-20.14.45:313][  0]LogTextLocalizationManager: No specific translations for ('en-US') exist, so ('en') translations will be used.
[2016.03.02-20.14.45:900][  0]LogD3D11RHI: Found D3D11 adapter 0: NVIDIA GeForce GTX 750 (Feature Level 11_0)
[2016.03.02-20.14.45:900][  0]LogD3D11RHI: Adapter has 972MB of dedicated video memory, 0MB of dedicated system memory, and 3072MB of shared system memory, 2 output[s]
[2016.03.02-20.14.45:900][  0]LogD3D11RHI: Chosen D3D11 Adapter Id = 0
[2016.03.02-20.14.45:905][  0]LogD3D11RHI: !Direct3DDevice
[2016.03.02-20.14.45:905][  0]LogRHI: Texture pool is 680 MB (70% of 972 MB)
[2016.03.02-20.14.45:916][  0]LogD3D11RHI: Async texture creation enabled
[2016.03.02-20.14.45:931][  0]LogShaderCompilers: Guid format shader working directory is -10 characters bigger than the processId version (../../../../../../Users/Mandy/Documents/GitHub/HotelBete/Intermediate/Shaders/WorkingDirectory/5228/).
[2016.03.02-20.14.45:931][  0]LogShaderCompilers: Cleaned the shader compiler working directory 'C:/Users/Mandy/AppData/Local/Temp/UnrealShaderWorkingDir/13D7766C411D96F184143A965DCA6C61/'.
[2016.03.02-20.14.45:931][  0]LogShaderCompilers:Display: Using Local Shader Compiler.
[2016.03.02-20.14.47:051][  0]LogTemp:Display: Loaded TP AllDesktopTargetPlatform
[2016.03.02-20.14.47:056][  0]LogTemp:Display: Loaded TP WindowsClientTargetPlatform
[2016.03.02-20.14.47:060][  0]LogTemp:Display: Loaded TP WindowsNoEditorTargetPlatform
[2016.03.02-20.14.47:065][  0]LogTemp:Display: Loaded TP WindowsServerTargetPlatform
[2016.03.02-20.14.47:069][  0]LogTemp:Display: Loaded TP WindowsTargetPlatform
[2016.03.02-20.14.47:073][  0]LogTemp:Display: Loaded TP AndroidTargetPlatform
[2016.03.02-20.14.47:076][  0]LogTemp:Display: Loaded TP Android_ASTCTargetPlatform
[2016.03.02-20.14.47:079][  0]LogTemp:Display: Loaded TP Android_ATCTargetPlatform
[2016.03.02-20.14.47:082][  0]LogTemp:Display: Loaded TP Android_DXTTargetPlatform
[2016.03.02-20.14.47:086][  0]LogTemp:Display: Loaded TP Android_ETC1TargetPlatform
[2016.03.02-20.14.47:089][  0]LogTemp:Display: Loaded TP Android_ETC2TargetPlatform
[2016.03.02-20.14.47:096][  0]LogTemp:Display: Loaded TP Android_MultiTargetPlatform
[2016.03.02-20.14.47:096][  0]LogTemp:Display: Loaded TP Android_PVRTCTargetPlatform
[2016.03.02-20.14.47:097][  0]LogTemp:Display: Loaded TP HTML5TargetPlatform
[2016.03.02-20.14.47:113][  0]LogTemp:Display: Loaded TP IOSTargetPlatform
[2016.03.02-20.14.47:116][  0]LogTemp:Display: Loaded TP LinuxNoEditorTargetPlatform
[2016.03.02-20.14.47:119][  0]LogTemp:Display: Loaded TP LinuxServerTargetPlatform
[2016.03.02-20.14.47:123][  0]LogTemp:Display: Loaded TP LinuxTargetPlatform
[2016.03.02-20.14.47:123][  0]LogTargetPlatformManager:Display: Building Assets For Windows
[2016.03.02-20.14.47:216][  0]LogDerivedDataCache:Display: Max Cache Size: 512 MB
[2016.03.02-20.14.47:299][  0]LogDerivedDataCache: Loaded boot cache 0.08s 41MB C:/Users/Mandy/AppData/Local/UnrealEngine/4.10/DerivedDataCache/Boot.ddc.
[2016.03.02-20.14.47:299][  0]LogDerivedDataCache:Display: Loaded Boot cache: C:/Users/Mandy/AppData/Local/UnrealEngine/4.10/DerivedDataCache/Boot.ddc
[2016.03.02-20.14.47:299][  0]LogDerivedDataCache: FDerivedDataBackendGraph:  Pak pak cache file ../../../../../../Users/Mandy/Documents/GitHub/HotelBete/DerivedDataCache/DDC.ddp not found, will not use a pak cache.
[2016.03.02-20.14.47:299][  0]LogDerivedDataCache: Unable to find inner node Pak for hierarchical cache Hierarchy.
[2016.03.02-20.14.47:299][  0]LogDerivedDataCache: FDerivedDataBackendGraph:  CompressedPak pak cache file ../../../../../../Users/Mandy/Documents/GitHub/HotelBete/DerivedDataCache/Compressed.ddp not found, will not use a pak cache.
[2016.03.02-20.14.47:299][  0]LogDerivedDataCache: Unable to find inner node CompressedPak for hierarchical cache Hierarchy.
[2016.03.02-20.14.47:385][  0]LogDerivedDataCache:Display: Pak cache opened for reading ../../../Engine/DerivedDataCache/Compressed.ddp.
[2016.03.02-20.14.47:396][  0]LogDerivedDataCache: Using Local data cache path C:/Users/Mandy/AppData/Local/UnrealEngine/Common/DerivedDataCache: Writable
[2016.03.02-20.14.47:594][  0]LogInit: Selected Device Profile: [Windows]
[2016.03.02-20.14.47:595][  0]LogContentStreaming: Texture pool size is 0.000000MB
[2016.03.02-20.14.47:633][  0]LogMeshUtilities: No automatic mesh reduction module available
[2016.03.02-20.14.47:633][  0]LogMeshUtilities: No automatic mesh merging module available
[2016.03.02-20.14.48:100][  0]LogInit: WinSock: version 1.1 (2.2), MaxSocks=32767, MaxUdp=65467
[2016.03.02-20.14.48:897][  0]LogAssetRegistry: FAssetRegistry took 0.0100 seconds to start up
[2016.03.02-20.14.48:910][  0]UdpMessaging: Initializing bridge on interface 0.0.0.0:0 to multicast group 230.0.0.1:6666.
[2016.03.02-20.14.49:159][  0]SourceControl: Info Source control is disabled
[2016.03.02-20.14.49:160][  0]SourceControl: Info Source control is disabled
[2016.03.02-20.14.49:168][  0]SourceControl: Info Source control is disabled
[2016.03.02-20.14.49:176][  0]SourceControl: Info Source control is disabled
[2016.03.02-20.14.49:386][  0]LogObj: 28802 objects as part of root set at end of initial load.
[2016.03.02-20.14.49:386][  0]LogUObjectAllocator: 6129768 out of 0 bytes used by permanent object pool.
[2016.03.02-20.14.49:457][  0]LogEngine: Initializing Engine...
[2016.03.02-20.14.49:459][  0]LogHMD: Can't find Oculus library dev build: is proper Runtime installed? Version: 0.8.0.0
[2016.03.02-20.14.49:460][  0]LogHMD: SteamVR failed to initialize.  Err: 110
[2016.03.02-20.14.49:621][  0]LogAIModule: Creating AISystem for world NewWorld
[2016.03.02-20.14.49:628][  0]LogInit: XAudio2 using 'LCD TV-C (NVIDIA High Definition Audio)' : 2 channels at 48 kHz using 16 bits per sample (channel mask 0x3)
[2016.03.02-20.14.49:650][  0]LogInit: FAudioDevice initialized.
[2016.03.02-20.14.49:690][  0]LogDerivedDataCache: Saved boot cache 0.04s 41MB C:/Users/Mandy/AppData/Local/UnrealEngine/4.10/DerivedDataCache/Boot.ddc.
[2016.03.02-20.14.49:704][  0]LogInit: Texture streaming: Enabled
[2016.03.02-20.14.49:708][  0]LogAnalytics: Creating configured Analytics provider AnalyticsET
[2016.03.02-20.14.49:708][  0]LogAnalytics: [UEEditor.Rocket.Release] APIServer = http://et2.epicgames.com/ET2/. AppVersion = 4.10.2-2818068+++depot+UE4-Releases+4.10
[2016.03.02-20.14.49:708][  0]LogAnalytics: [UEEditor.Rocket.Release] SetUserId e0d98b0e467b55d21c5013962f69b996|a1543627d61e4593a39d507d0813b255|cef8b6ba-01d0-47b7-a028-3b7e918a90c5
[2016.03.02-20.14.49:708][  0]LogAnalytics: [UEEditor.Rocket.Release] AnalyticsET::StartSession
[2016.03.02-20.14.49:715][  0]LogInit: Transaction tracking system initialized
[2016.03.02-20.14.49:736][  0]BlueprintLog: New page: Editor Load
[2016.03.02-20.14.49:799][  0]LocalizationService: Info Localization service is disabled
[2016.03.02-20.14.49:860][  0]LogConsoleResponse:Display: 
[2016.03.02-20.14.49:993][  0]LogCook:Display: Done creating registry. It took  0.00s.
[2016.03.02-20.14.50:040][  0]LogFileCache: Scanning file cache for directory 'E:/Users/Mandy/Documents/GitHub/HotelBete/Content/' took 0.01s
[2016.03.02-20.14.50:040][  0]SourceControl: Info Source control is disabled
[2016.03.02-20.14.50:040][  0]Cmd: MAP LOAD FILE="../../../../../../Users/Mandy/Documents/GitHub/HotelBete/Content/Hotel/Levels/Menu.umap" TEMPLATE=0 SHOWPROGRESS=1 FEATURELEVEL=3
[2016.03.02-20.14.50:041][  0]LightingResults: New page: Lighting Build
[2016.03.02-20.14.50:044][  0]MapCheck: New page: Map Check
[2016.03.02-20.14.50:044][  0]LightingResults: New page: Lighting Build
[2016.03.02-20.14.50:059][  0]LogParticles: Destroying 0 GPU particle simulations for FXSystem 0x0000000022006AC0
[2016.03.02-20.14.51:334][  0]LogAIModule: Creating AISystem for world Menu
[2016.03.02-20.14.51:336][  0]LogEditorServer: Finished looking for orphan Actors (0.000 secs)
[2016.03.02-20.14.51:336][  0]Cmd: MAP CHECKDEP NOCLEARLOG
[2016.03.02-20.14.51:385][  0]MapCheck: Info Map check complete: 0 Error(s), 0 Warning(s), took 48.332ms to complete.
[2016.03.02-20.14.51:385][  0]LogFileHelpers: Loading map 'Menu' took 1.345
[2016.03.02-20.14.51:513][  0]LogCollectionManager: Loaded 0 collections in 0.001606 seconds
[2016.03.02-20.14.51:554][  0]LogFileCache: Scanning file cache for directory 'E:/Users/Mandy/Documents/GitHub/HotelBete/Saved/Collections/' took 0.01s
[2016.03.02-20.14.51:554][  0]LogFileCache: Scanning file cache for directory 'E:/Users/Mandy/Documents/GitHub/HotelBete/Content/Developers/Mandy/Collections/' took 0.01s
[2016.03.02-20.14.51:554][  0]LogFileCache: Scanning file cache for directory 'E:/Users/Mandy/Documents/GitHub/HotelBete/Content/Collections/' took 0.01s
[2016.03.02-20.14.51:554][  0]LogCollectionManager: Rebuilt the GUID cache for 0 collections in 0.000003 seconds
[2016.03.02-20.14.51:565][  0]LogContentBrowser: Native class hierarchy populated in 0.0111 seconds. Added 1908 classes and 344 folders.
[2016.03.02-20.14.51:571][  0]LogContentBrowser: Native class hierarchy updated for 'WidgetCarousel' in 0.0004 seconds. Added 0 classes and 0 folders.
[2016.03.02-20.14.51:616][  0]LogContentBrowser: Native class hierarchy updated for 'AddContentDialog' in 0.0004 seconds. Added 0 classes and 0 folders.
[2016.03.02-20.14.51:620][  0]LogContentBrowser: Native class hierarchy updated for 'SceneOutliner' in 0.0004 seconds. Added 1 classes and 2 folders.
[2016.03.02-20.14.51:626][  0]LogCrashTracker: Crashtracker disabled due to settings.
[2016.03.02-20.14.51:633][  0]LogUObjectGlobals:Warning: Failed to find object 'Class None.'
[2016.03.02-20.14.51:655][  0]LogLoad: Full Startup: 6.82 seconds (BP compile: 0.31 seconds)
[2016.03.02-20.14.51:666][  0]LogOcInput: Can't find Oculus library dev build: is proper Runtime installed? Version: 0.8.0.0
[2016.03.02-20.14.51:724][  0]LogContentStreaming: Texture pool size now 1000 MB
[2016.03.02-20.14.51:915][  0]LogRenderer: Reallocating scene render targets to support 1208x568 (Frame:2).
[2016.03.02-20.14.52:346][  7]LogAssetRegistry: Asset discovery search completed in 3.4582 seconds
[2016.03.02-20.14.52:346][  7]LogCollectionManager: Rebuilt the object cache for 0 collections in 0.000002 seconds (found 0 objects)
[2016.03.02-20.14.52:346][  7]LogCollectionManager: Fixed up redirectors for 0 collections in 0.000028 seconds (updated 0 objects)
[2016.03.02-20.14.55:858][366]LogLinker:Warning: Can't find file '/Game/Hotel/Art/Models/Lobby/Floor'
[2016.03.02-20.14.55:858][366]LogLinker:Warning: Can't find file for asset '/Game/Hotel/Art/Models/Lobby/Floor' while loading ../../../../../../Users/Mandy/Documents/GitHub/HotelBete/Content/Hotel/Levels/Prototype.umap.
[2016.03.02-20.14.55:858][366]LoadErrors:Error: Error /Game/Hotel/Levels/Prototype : Can't find file for asset. /Game/Hotel/Art/Models/Lobby/Floor
[2016.03.02-20.14.55:878][366]LogLinker:Warning: Can't find file '/Game/Hotel/Art/Models/Lobby/Floor'
[2016.03.02-20.14.55:878][366]LogLinker:Warning: Can't find file for asset '/Game/Hotel/Art/Models/Lobby/Floor' while loading ../../../../../../Users/Mandy/Documents/GitHub/HotelBete/Content/Hotel/Levels/Prototype.umap.
[2016.03.02-20.14.55:878][366]LogLinker:Warning: Can't find file '/Game/Hotel/Art/Models/Lobby/Lobby__Ceiling_haunted'
[2016.03.02-20.14.55:878][366]LogLinker:Warning: Can't find file for asset '/Game/Hotel/Art/Models/Lobby/Lobby__Ceiling_haunted' while loading ../../../../../../Users/Mandy/Documents/GitHub/HotelBete/Content/Hotel/Levels/Prototype.umap.
[2016.03.02-20.14.55:878][366]LoadErrors:Error: Error /Game/Hotel/Levels/Prototype : Can't find file for asset. /Game/Hotel/Art/Models/Lobby/Lobby__Ceiling_haunted
[2016.03.02-20.14.55:878][366]LogLinker:Warning: Can't find file '/Game/Hotel/Art/Models/Lobby/Lobby_haunted'
[2016.03.02-20.14.55:878][366]LogLinker:Warning: Can't find file for asset '/Game/Hotel/Art/Models/Lobby/Lobby_haunted' while loading ../../../../../../Users/Mandy/Documents/GitHub/HotelBete/Content/Hotel/Levels/Prototype.umap.
[2016.03.02-20.14.55:878][366]LoadErrors:Error: Error /Game/Hotel/Levels/Prototype : Can't find file for asset. /Game/Hotel/Art/Models/Lobby/Lobby_haunted
[2016.03.02-20.14.55:878][366]LogLinker:Warning: Can't find file '/Game/Hotel/Art/Textures/Lobby/Ceiling/Ceiling_Base_Color'
[2016.03.02-20.14.55:878][366]LogLinker:Warning: Can't find file for asset '/Game/Hotel/Art/Textures/Lobby/Ceiling/Ceiling_Base_Color' while loading ../../../../../../Users/Mandy/Documents/GitHub/HotelBete/Content/Hotel/Levels/Prototype.umap.
[2016.03.02-20.14.55:879][366]LoadErrors:Error: Error /Game/Hotel/Levels/Prototype : Can't find file for asset. /Game/Hotel/Art/Textures/Lobby/Ceiling/Ceiling_Base_Color
[2016.03.02-20.14.55:879][366]LogLinker:Warning: Can't find file '/Game/Hotel/Art/Textures/Lobby/Ceiling/Ceiling_Normal_DirectX'
[2016.03.02-20.14.55:879][366]LogLinker:Warning: Can't find file for asset '/Game/Hotel/Art/Textures/Lobby/Ceiling/Ceiling_Normal_DirectX' while loading ../../../../../../Users/Mandy/Documents/GitHub/HotelBete/Content/Hotel/Levels/Prototype.umap.
[2016.03.02-20.14.55:879][366]LoadErrors:Error: Error /Game/Hotel/Levels/Prototype : Can't find file for asset. /Game/Hotel/Art/Textures/Lobby/Ceiling/Ceiling_Normal_DirectX
[2016.03.02-20.14.55:879][366]LogLinker:Warning: Can't find file '/Game/Hotel/Art/Textures/Lobby/Ceiling/Ceiling_Roughness'
[2016.03.02-20.14.55:879][366]LogLinker:Warning: Can't find file for asset '/Game/Hotel/Art/Textures/Lobby/Ceiling/Ceiling_Roughness' while loading ../../../../../../Users/Mandy/Documents/GitHub/HotelBete/Content/Hotel/Levels/Prototype.umap.
[2016.03.02-20.14.55:879][366]LoadErrors:Error: Error /Game/Hotel/Levels/Prototype : Can't find file for asset. /Game/Hotel/Art/Textures/Lobby/Ceiling/Ceiling_Roughness
[2016.03.02-20.14.55:879][366]LogLinker:Warning: Can't find file '/Game/Hotel/Art/Textures/Lobby/Columns/Columns_AO'
[2016.03.02-20.14.55:879][366]LogLinker:Warning: Can't find file for asset '/Game/Hotel/Art/Textures/Lobby/Columns/Columns_AO' while loading ../../../../../../Users/Mandy/Documents/GitHub/HotelBete/Content/Hotel/Levels/Prototype.umap.
[2016.03.02-20.14.55:879][366]LoadErrors:Error: Error /Game/Hotel/Levels/Prototype : Can't find file for asset. /Game/Hotel/Art/Textures/Lobby/Columns/Columns_AO
[2016.03.02-20.14.55:879][366]LogLinker:Warning: Can't find file '/Game/Hotel/Art/Textures/Lobby/Columns/Columns_Base_Color'
[2016.03.02-20.14.55:880][366]LogLinker:Warning: Can't find file for asset '/Game/Hotel/Art/Textures/Lobby/Columns/Columns_Base_Color' while loading ../../../../../../Users/Mandy/Documents/GitHub/HotelBete/Content/Hotel/Levels/Prototype.umap.
[2016.03.02-20.14.55:880][366]LoadErrors:Error: Error /Game/Hotel/Levels/Prototype : Can't find file for asset. /Game/Hotel/Art/Textures/Lobby/Columns/Columns_Base_Color
[2016.03.02-20.14.55:880][366]LogLinker:Warning: Can't find file '/Game/Hotel/Art/Textures/Lobby/Columns/Columns_Metallic'
[2016.03.02-20.14.55:880][366]LogLinker:Warning: Can't find file for asset '/Game/Hotel/Art/Textures/Lobby/Columns/Columns_Metallic' while loading ../../../../../../Users/Mandy/Documents/GitHub/HotelBete/Content/Hotel/Levels/Prototype.umap.
[2016.03.02-20.14.55:880][366]LoadErrors:Error: Error /Game/Hotel/Levels/Prototype : Can't find file for asset. /Game/Hotel/Art/Textures/Lobby/Columns/Columns_Metallic
[2016.03.02-20.14.55:880][366]LogLinker:Warning: Can't find file '/Game/Hotel/Art/Textures/Lobby/Columns/Columns_Normal_DirectX'
[2016.03.02-20.14.55:880][366]LogLinker:Warning: Can't find file for asset '/Game/Hotel/Art/Textures/Lobby/Columns/Columns_Normal_DirectX' while loading ../../../../../../Users/Mandy/Documents/GitHub/HotelBete/Content/Hotel/Levels/Prototype.umap.
[2016.03.02-20.14.55:880][366]LoadErrors:Error: Error /Game/Hotel/Levels/Prototype : Can't find file for asset. /Game/Hotel/Art/Textures/Lobby/Columns/Columns_Normal_DirectX
[2016.03.02-20.14.55:880][366]LogLinker:Warning: Can't find file '/Game/Hotel/Art/Textures/Lobby/Columns/Columns_Roughness'
[2016.03.02-20.14.55:881][366]LogLinker:Warning: Can't find file for asset '/Game/Hotel/Art/Textures/Lobby/Columns/Columns_Roughness' while loading ../../../../../../Users/Mandy/Documents/GitHub/HotelBete/Content/Hotel/Levels/Prototype.umap.
[2016.03.02-20.14.55:881][366]LoadErrors:Error: Error /Game/Hotel/Levels/Prototype : Can't find file for asset. /Game/Hotel/Art/Textures/Lobby/Columns/Columns_Roughness
[2016.03.02-20.14.55:881][366]LogLinker:Warning: Can't find file '/Game/Hotel/Art/Textures/Lobby/Doors/Doors_Base_Color'
[2016.03.02-20.14.55:881][366]LogLinker:Warning: Can't find file for asset '/Game/Hotel/Art/Textures/Lobby/Doors/Doors_Base_Color' while loading ../../../../../../Users/Mandy/Documents/GitHub/HotelBete/Content/Hotel/Levels/Prototype.umap.
[2016.03.02-20.14.55:881][366]LoadErrors:Error: Error /Game/Hotel/Levels/Prototype : Can't find file for asset. /Game/Hotel/Art/Textures/Lobby/Doors/Doors_Base_Color
[2016.03.02-20.14.55:881][366]LogLinker:Warning: Can't find file '/Game/Hotel/Art/Textures/Lobby/Doors/Doors_Metallic'
[2016.03.02-20.14.55:881][366]LogLinker:Warning: Can't find file for asset '/Game/Hotel/Art/Textures/Lobby/Doors/Doors_Metallic' while loading ../../../../../../Users/Mandy/Documents/GitHub/HotelBete/Content/Hotel/Levels/Prototype.umap.
[2016.03.02-20.14.55:881][366]LoadErrors:Error: Error /Game/Hotel/Levels/Prototype : Can't find file for asset. /Game/Hotel/Art/Textures/Lobby/Doors/Doors_Metallic
[2016.03.02-20.14.55:881][366]LogLinker:Warning: Can't find file '/Game/Hotel/Art/Textures/Lobby/Doors/Doors_Normal_DirectX'
[2016.03.02-20.14.55:882][366]LogLinker:Warning: Can't find file for asset '/Game/Hotel/Art/Textures/Lobby/Doors/Doors_Normal_DirectX' while loading ../../../../../../Users/Mandy/Documents/GitHub/HotelBete/Content/Hotel/Levels/Prototype.umap.
[2016.03.02-20.14.55:882][366]LoadErrors:Error: Error /Game/Hotel/Levels/Prototype : Can't find file for asset. /Game/Hotel/Art/Textures/Lobby/Doors/Doors_Normal_DirectX
[2016.03.02-20.14.55:882][366]LogLinker:Warning: Can't find file '/Game/Hotel/Art/Textures/Lobby/Doors/Doors_Roughness'
[2016.03.02-20.14.55:882][366]LogLinker:Warning: Can't find file for asset '/Game/Hotel/Art/Textures/Lobby/Doors/Doors_Roughness' while loading ../../../../../../Users/Mandy/Documents/GitHub/HotelBete/Content/Hotel/Levels/Prototype.umap.
[2016.03.02-20.14.55:882][366]LoadErrors:Error: Error /Game/Hotel/Levels/Prototype : Can't find file for asset. /Game/Hotel/Art/Textures/Lobby/Doors/Doors_Roughness
[2016.03.02-20.14.55:882][366]LogLinker:Warning: Can't find file '/Game/Hotel/Art/Textures/Lobby/Frames/Frames_Base_Color'
[2016.03.02-20.14.55:882][366]LogLinker:Warning: Can't find file for asset '/Game/Hotel/Art/Textures/Lobby/Frames/Frames_Base_Color' while loading ../../../../../../Users/Mandy/Documents/GitHub/HotelBete/Content/Hotel/Levels/Prototype.umap.
[2016.03.02-20.14.55:882][366]LoadErrors:Error: Error /Game/Hotel/Levels/Prototype : Can't find file for asset. /Game/Hotel/Art/Textures/Lobby/Frames/Frames_Base_Color
[2016.03.02-20.14.55:882][366]LogLinker:Warning: Can't find file '/Game/Hotel/Art/Textures/Lobby/Frames/Frames_Metallic'
[2016.03.02-20.14.55:882][366]LogLinker:Warning: Can't find file for asset '/Game/Hotel/Art/Textures/Lobby/Frames/Frames_Metallic' while loading ../../../../../../Users/Mandy/Documents/GitHub/HotelBete/Content/Hotel/Levels/Prototype.umap.
[2016.03.02-20.14.55:883][366]LoadErrors:Error: Error /Game/Hotel/Levels/Prototype : Can't find file for asset. /Game/Hotel/Art/Textures/Lobby/Frames/Frames_Metallic
[2016.03.02-20.14.55:883][366]LogLinker:Warning: Can't find file '/Game/Hotel/Art/Textures/Lobby/Frames/Frames_Normal_DirectX'
[2016.03.02-20.14.55:883][366]LogLinker:Warning: Can't find file for asset '/Game/Hotel/Art/Textures/Lobby/Frames/Frames_Normal_DirectX' while loading ../../../../../../Users/Mandy/Documents/GitHub/HotelBete/Content/Hotel/Levels/Prototype.umap.
[2016.03.02-20.14.55:883][366]LoadErrors:Error: Error /Game/Hotel/Levels/Prototype : Can't find file for asset. /Game/Hotel/Art/Textures/Lobby/Frames/Frames_Normal_DirectX
[2016.03.02-20.14.55:883][366]LogLinker:Warning: Can't find file '/Game/Hotel/Art/Textures/Lobby/Frames/Frames_Roughness'
[2016.03.02-20.14.55:883][366]LogLinker:Warning: Can't find file for asset '/Game/Hotel/Art/Textures/Lobby/Frames/Frames_Roughness' while loading ../../../../../../Users/Mandy/Documents/GitHub/HotelBete/Content/Hotel/Levels/Prototype.umap.
[2016.03.02-20.14.55:883][366]LoadErrors:Error: Error /Game/Hotel/Levels/Prototype : Can't find file for asset. /Game/Hotel/Art/Textures/Lobby/Frames/Frames_Roughness
[2016.03.02-20.14.55:883][366]LogLinker:Warning: Can't find file '/Game/Hotel/Art/Textures/Lobby/Lobby/Lobby_Base_Color'
[2016.03.02-20.14.55:884][366]LogLinker:Warning: Can't find file for asset '/Game/Hotel/Art/Textures/Lobby/Lobby/Lobby_Base_Color' while loading ../../../../../../Users/Mandy/Documents/GitHub/HotelBete/Content/Hotel/Levels/Prototype.umap.
[2016.03.02-20.14.55:884][366]LoadErrors:Error: Error /Game/Hotel/Levels/Prototype : Can't find file for asset. /Game/Hotel/Art/Textures/Lobby/Lobby/Lobby_Base_Color
[2016.03.02-20.14.55:884][366]LogLinker:Warning: Can't find file '/Game/Hotel/Art/Textures/Lobby/Lobby/Lobby_Metallic'
[2016.03.02-20.14.55:884][366]LogLinker:Warning: Can't find file for asset '/Game/Hotel/Art/Textures/Lobby/Lobby/Lobby_Metallic' while loading ../../../../../../Users/Mandy/Documents/GitHub/HotelBete/Content/Hotel/Levels/Prototype.umap.
[2016.03.02-20.14.55:884][366]LoadErrors:Error: Error /Game/Hotel/Levels/Prototype : Can't find file for asset. /Game/Hotel/Art/Textures/Lobby/Lobby/Lobby_Metallic
[2016.03.02-20.14.55:884][366]LogLinker:Warning: Can't find file '/Game/Hotel/Art/Textures/Lobby/Lobby/Lobby_Normal'
[2016.03.02-20.14.55:884][366]LogLinker:Warning: Can't find file for asset '/Game/Hotel/Art/Textures/Lobby/Lobby/Lobby_Normal' while loading ../../../../../../Users/Mandy/Documents/GitHub/HotelBete/Content/Hotel/Levels/Prototype.umap.
[2016.03.02-20.14.55:884][366]LoadErrors:Error: Error /Game/Hotel/Levels/Prototype : Can't find file for asset. /Game/Hotel/Art/Textures/Lobby/Lobby/Lobby_Normal
[2016.03.02-20.14.55:884][366]LogLinker:Warning: Can't find file '/Game/Hotel/Art/Textures/Lobby/Lobby/Lobby_Roughness'
[2016.03.02-20.14.55:885][366]LogLinker:Warning: Can't find file for asset '/Game/Hotel/Art/Textures/Lobby/Lobby/Lobby_Roughness' while loading ../../../../../../Users/Mandy/Documents/GitHub/HotelBete/Content/Hotel/Levels/Prototype.umap.
[2016.03.02-20.14.55:885][366]LoadErrors:Error: Error /Game/Hotel/Levels/Prototype : Can't find file for asset. /Game/Hotel/Art/Textures/Lobby/Lobby/Lobby_Roughness
[2016.03.02-20.14.55:885][366]LogLinker:Warning: Can't find file '/Game/Hotel/Art/Textures/Lobby/Stairs/Stairs_Base_Color'
[2016.03.02-20.14.55:885][366]LogLinker:Warning: Can't find file for asset '/Game/Hotel/Art/Textures/Lobby/Stairs/Stairs_Base_Color' while loading ../../../../../../Users/Mandy/Documents/GitHub/HotelBete/Content/Hotel/Levels/Prototype.umap.
[2016.03.02-20.14.55:885][366]LoadErrors:Error: Error /Game/Hotel/Levels/Prototype : Can't find file for asset. /Game/Hotel/Art/Textures/Lobby/Stairs/Stairs_Base_Color
[2016.03.02-20.14.55:885][366]LogLinker:Warning: Can't find file '/Game/Hotel/Art/Textures/Lobby/Stairs/Stairs_Normal_DirectX'
[2016.03.02-20.14.55:885][366]LogLinker:Warning: Can't find file for asset '/Game/Hotel/Art/Textures/Lobby/Stairs/Stairs_Normal_DirectX' while loading ../../../../../../Users/Mandy/Documents/GitHub/HotelBete/Content/Hotel/Levels/Prototype.umap.
[2016.03.02-20.14.55:885][366]LoadErrors:Error: Error /Game/Hotel/Levels/Prototype : Can't find file for asset. /Game/Hotel/Art/Textures/Lobby/Stairs/Stairs_Normal_DirectX
[2016.03.02-20.14.55:886][366]LogLinker:Warning: Can't find file '/Game/Hotel/Art/Textures/Lobby/Stairs/Stairs_Roughness'
[2016.03.02-20.14.55:886][366]LogLinker:Warning: Can't find file for asset '/Game/Hotel/Art/Textures/Lobby/Stairs/Stairs_Roughness' while loading ../../../../../../Users/Mandy/Documents/GitHub/HotelBete/Content/Hotel/Levels/Prototype.umap.
[2016.03.02-20.14.55:886][366]LoadErrors:Error: Error /Game/Hotel/Levels/Prototype : Can't find file for asset. /Game/Hotel/Art/Textures/Lobby/Stairs/Stairs_Roughness
[2016.03.02-20.14.55:886][366]LogLinker:Warning: Can't find file '/Game/Hotel/Art/Textures/Lobby/Walls/Walls_Base_Color'
[2016.03.02-20.14.55:886][366]LogLinker:Warning: Can't find file for asset '/Game/Hotel/Art/Textures/Lobby/Walls/Walls_Base_Color' while loading ../../../../../../Users/Mandy/Documents/GitHub/HotelBete/Content/Hotel/Levels/Prototype.umap.
[2016.03.02-20.14.55:886][366]LoadErrors:Error: Error /Game/Hotel/Levels/Prototype : Can't find file for asset. /Game/Hotel/Art/Textures/Lobby/Walls/Walls_Base_Color
[2016.03.02-20.14.55:886][366]LogLinker:Warning: Can't find file '/Game/Hotel/Art/Textures/Lobby/Walls/Walls_Normal_DirectX'
[2016.03.02-20.14.55:886][366]LogLinker:Warning: Can't find file for asset '/Game/Hotel/Art/Textures/Lobby/Walls/Walls_Normal_DirectX' while loading ../../../../../../Users/Mandy/Documents/GitHub/HotelBete/Content/Hotel/Levels/Prototype.umap.
[2016.03.02-20.14.55:887][366]LoadErrors:Error: Error /Game/Hotel/Levels/Prototype : Can't find file for asset. /Game/Hotel/Art/Textures/Lobby/Walls/Walls_Normal_DirectX
[2016.03.02-20.14.55:887][366]LogLinker:Warning: Can't find file '/Game/Hotel/Art/Textures/Lobby/Walls/Walls_Roughness'
[2016.03.02-20.14.55:887][366]LogLinker:Warning: Can't find file for asset '/Game/Hotel/Art/Textures/Lobby/Walls/Walls_Roughness' while loading ../../../../../../Users/Mandy/Documents/GitHub/HotelBete/Content/Hotel/Levels/Prototype.umap.
[2016.03.02-20.14.55:887][366]LoadErrors:Error: Error /Game/Hotel/Levels/Prototype : Can't find file for asset. /Game/Hotel/Art/Textures/Lobby/Walls/Walls_Roughness
[2016.03.02-20.14.55:887][366]LogLinker:Warning: Can't find file '/Game/Hotel/Art/Textures/Lobby/Windows/Windows_Base_Color'
[2016.03.02-20.14.55:887][366]LogLinker:Warning: Can't find file for asset '/Game/Hotel/Art/Textures/Lobby/Windows/Windows_Base_Color' while loading ../../../../../../Users/Mandy/Documents/GitHub/HotelBete/Content/Hotel/Levels/Prototype.umap.
[2016.03.02-20.14.55:887][366]LoadErrors:Error: Error /Game/Hotel/Levels/Prototype : Can't find file for asset. /Game/Hotel/Art/Textures/Lobby/Windows/Windows_Base_Color
[2016.03.02-20.14.55:888][366]LogLinker:Warning: Can't find file '/Game/Hotel/Art/Textures/Lobby/Windows/Windows_Metallic'
[2016.03.02-20.14.55:888][366]LogLinker:Warning: Can't find file for asset '/Game/Hotel/Art/Textures/Lobby/Windows/Windows_Metallic' while loading ../../../../../../Users/Mandy/Documents/GitHub/HotelBete/Content/Hotel/Levels/Prototype.umap.
[2016.03.02-20.14.55:888][366]LoadErrors:Error: Error /Game/Hotel/Levels/Prototype : Can't find file for asset. /Game/Hotel/Art/Textures/Lobby/Windows/Windows_Metallic
[2016.03.02-20.14.55:888][366]LogLinker:Warning: Can't find file '/Game/Hotel/Art/Textures/Lobby/Windows/Windows_Normal_DirectX'
[2016.03.02-20.14.55:888][366]LogLinker:Warning: Can't find file for asset '/Game/Hotel/Art/Textures/Lobby/Windows/Windows_Normal_DirectX' while loading ../../../../../../Users/Mandy/Documents/GitHub/HotelBete/Content/Hotel/Levels/Prototype.umap.
[2016.03.02-20.14.55:888][366]LoadErrors:Error: Error /Game/Hotel/Levels/Prototype : Can't find file for asset. /Game/Hotel/Art/Textures/Lobby/Windows/Windows_Normal_DirectX
[2016.03.02-20.14.55:888][366]LogLinker:Warning: Can't find file '/Game/Hotel/Art/Textures/Lobby/Windows/Windows_Roughness'
[2016.03.02-20.14.55:888][366]LogLinker:Warning: Can't find file for asset '/Game/Hotel/Art/Textures/Lobby/Windows/Windows_Roughness' while loading ../../../../../../Users/Mandy/Documents/GitHub/HotelBete/Content/Hotel/Levels/Prototype.umap.
[2016.03.02-20.14.55:889][366]LoadErrors:Error: Error /Game/Hotel/Levels/Prototype : Can't find file for asset. /Game/Hotel/Art/Textures/Lobby/Windows/Windows_Roughness
[2016.03.02-20.14.56:219][366]LogLinker:Warning: Can't find file '/Game/Hotel/Art/Models/Lobby/Lobby__Ceiling_haunted'
[2016.03.02-20.14.56:219][366]LogLinker:Warning: Can't find file for asset '/Game/Hotel/Art/Models/Lobby/Lobby__Ceiling_haunted' while loading ../../../../../../Users/Mandy/Documents/GitHub/HotelBete/Content/Hotel/Levels/Prototype.umap.
[2016.03.02-20.14.56:219][366]LogLinker:Warning: Can't find file '/Game/Hotel/Art/Models/Lobby/Lobby_haunted'
[2016.03.02-20.14.56:220][366]LogLinker:Warning: Can't find file for asset '/Game/Hotel/Art/Models/Lobby/Lobby_haunted' while loading ../../../../../../Users/Mandy/Documents/GitHub/HotelBete/Content/Hotel/Levels/Prototype.umap.
[2016.03.02-20.14.56:222][366]LogLinker:Warning: Can't find file '/Game/Hotel/Art/Textures/Lobby/Ceiling/Ceiling_Base_Color'
[2016.03.02-20.14.56:222][366]LogLinker:Warning: Can't find file for asset '/Game/Hotel/Art/Textures/Lobby/Ceiling/Ceiling_Base_Color' while loading ../../../../../../Users/Mandy/Documents/GitHub/HotelBete/Content/Hotel/Levels/Prototype.umap.
[2016.03.02-20.14.56:222][366]LogLinker:Warning: Can't find file '/Game/Hotel/Art/Textures/Lobby/Ceiling/Ceiling_Normal_DirectX'
[2016.03.02-20.14.56:222][366]LogLinker:Warning: Can't find file for asset '/Game/Hotel/Art/Textures/Lobby/Ceiling/Ceiling_Normal_DirectX' while loading ../../../../../../Users/Mandy/Documents/GitHub/HotelBete/Content/Hotel/Levels/Prototype.umap.
[2016.03.02-20.14.56:223][366]LogLinker:Warning: Can't find file '/Game/Hotel/Art/Textures/Lobby/Ceiling/Ceiling_Roughness'
[2016.03.02-20.14.56:223][366]LogLinker:Warning: Can't find file for asset '/Game/Hotel/Art/Textures/Lobby/Ceiling/Ceiling_Roughness' while loading ../../../../../../Users/Mandy/Documents/GitHub/HotelBete/Content/Hotel/Levels/Prototype.umap.
[2016.03.02-20.14.56:223][366]LogLinker:Warning: Can't find file '/Game/Hotel/Art/Textures/Lobby/Columns/Columns_AO'
[2016.03.02-20.14.56:223][366]LogLinker:Warning: Can't find file for asset '/Game/Hotel/Art/Textures/Lobby/Columns/Columns_AO' while loading ../../../../../../Users/Mandy/Documents/GitHub/HotelBete/Content/Hotel/Levels/Prototype.umap.
[2016.03.02-20.14.56:223][366]LogLinker:Warning: Can't find file '/Game/Hotel/Art/Textures/Lobby/Columns/Columns_Base_Color'
[2016.03.02-20.14.56:223][366]LogLinker:Warning: Can't find file for asset '/Game/Hotel/Art/Textures/Lobby/Columns/Columns_Base_Color' while loading ../../../../../../Users/Mandy/Documents/GitHub/HotelBete/Content/Hotel/Levels/Prototype.umap.
[2016.03.02-20.14.56:223][366]LogLinker:Warning: Can't find file '/Game/Hotel/Art/Textures/Lobby/Columns/Columns_Metallic'
[2016.03.02-20.14.56:223][366]LogLinker:Warning: Can't find file for asset '/Game/Hotel/Art/Textures/Lobby/Columns/Columns_Metallic' while loading ../../../../../../Users/Mandy/Documents/GitHub/HotelBete/Content/Hotel/Levels/Prototype.umap.
[2016.03.02-20.14.56:224][366]LogLinker:Warning: Can't find file '/Game/Hotel/Art/Textures/Lobby/Columns/Columns_Normal_DirectX'
[2016.03.02-20.14.56:224][366]LogLinker:Warning: Can't find file for asset '/Game/Hotel/Art/Textures/Lobby/Columns/Columns_Normal_DirectX' while loading ../../../../../../Users/Mandy/Documents/GitHub/HotelBete/Content/Hotel/Levels/Prototype.umap.
[2016.03.02-20.14.56:224][366]LogLinker:Warning: Can't find file '/Game/Hotel/Art/Textures/Lobby/Columns/Columns_Roughness'
[2016.03.02-20.14.56:224][366]LogLinker:Warning: Can't find file for asset '/Game/Hotel/Art/Textures/Lobby/Columns/Columns_Roughness' while loading ../../../../../../Users/Mandy/Documents/GitHub/HotelBete/Content/Hotel/Levels/Prototype.umap.
[2016.03.02-20.14.56:224][366]LogLinker:Warning: Can't find file '/Game/Hotel/Art/Textures/Lobby/Doors/Doors_Base_Color'
[2016.03.02-20.14.56:224][366]LogLinker:Warning: Can't find file for asset '/Game/Hotel/Art/Textures/Lobby/Doors/Doors_Base_Color' while loading ../../../../../../Users/Mandy/Documents/GitHub/HotelBete/Content/Hotel/Levels/Prototype.umap.
[2016.03.02-20.14.56:224][366]LogLinker:Warning: Can't find file '/Game/Hotel/Art/Textures/Lobby/Doors/Doors_Metallic'
[2016.03.02-20.14.56:225][366]LogLinker:Warning: Can't find file for asset '/Game/Hotel/Art/Textures/Lobby/Doors/Doors_Metallic' while loading ../../../../../../Users/Mandy/Documents/GitHub/HotelBete/Content/Hotel/Levels/Prototype.umap.
[2016.03.02-20.14.56:225][366]LogLinker:Warning: Can't find file '/Game/Hotel/Art/Textures/Lobby/Doors/Doors_Normal_DirectX'
[2016.03.02-20.14.56:225][366]LogLinker:Warning: Can't find file for asset '/Game/Hotel/Art/Textures/Lobby/Doors/Doors_Normal_DirectX' while loading ../../../../../../Users/Mandy/Documents/GitHub/HotelBete/Content/Hotel/Levels/Prototype.umap.
[2016.03.02-20.14.56:225][366]LogLinker:Warning: Can't find file '/Game/Hotel/Art/Textures/Lobby/Doors/Doors_Roughness'
[2016.03.02-20.14.56:225][366]LogLinker:Warning: Can't find file for asset '/Game/Hotel/Art/Textures/Lobby/Doors/Doors_Roughness' while loading ../../../../../../Users/Mandy/Documents/GitHub/HotelBete/Content/Hotel/Levels/Prototype.umap.
[2016.03.02-20.14.56:225][366]LogLinker:Warning: Can't find file '/Game/Hotel/Art/Textures/Lobby/Frames/Frames_Base_Color'
[2016.03.02-20.14.56:225][366]LogLinker:Warning: Can't find file for asset '/Game/Hotel/Art/Textures/Lobby/Frames/Frames_Base_Color' while loading ../../../../../../Users/Mandy/Documents/GitHub/HotelBete/Content/Hotel/Levels/Prototype.umap.
[2016.03.02-20.14.56:226][366]LogLinker:Warning: Can't find file '/Game/Hotel/Art/Textures/Lobby/Frames/Frames_Metallic'
[2016.03.02-20.14.56:226][366]LogLinker:Warning: Can't find file for asset '/Game/Hotel/Art/Textures/Lobby/Frames/Frames_Metallic' while loading ../../../../../../Users/Mandy/Documents/GitHub/HotelBete/Content/Hotel/Levels/Prototype.umap.
[2016.03.02-20.14.56:226][366]LogLinker:Warning: Can't find file '/Game/Hotel/Art/Textures/Lobby/Frames/Frames_Normal_DirectX'
[2016.03.02-20.14.56:226][366]LogLinker:Warning: Can't find file for asset '/Game/Hotel/Art/Textures/Lobby/Frames/Frames_Normal_DirectX' while loading ../../../../../../Users/Mandy/Documents/GitHub/HotelBete/Content/Hotel/Levels/Prototype.umap.
[2016.03.02-20.14.56:226][366]LogLinker:Warning: Can't find file '/Game/Hotel/Art/Textures/Lobby/Frames/Frames_Roughness'
[2016.03.02-20.14.56:226][366]LogLinker:Warning: Can't find file for asset '/Game/Hotel/Art/Textures/Lobby/Frames/Frames_Roughness' while loading ../../../../../../Users/Mandy/Documents/GitHub/HotelBete/Content/Hotel/Levels/Prototype.umap.
[2016.03.02-20.14.56:227][366]LogLinker:Warning: Can't find file '/Game/Hotel/Art/Textures/Lobby/Lobby/Lobby_Base_Color'
[2016.03.02-20.14.56:227][366]LogLinker:Warning: Can't find file for asset '/Game/Hotel/Art/Textures/Lobby/Lobby/Lobby_Base_Color' while loading ../../../../../../Users/Mandy/Documents/GitHub/HotelBete/Content/Hotel/Levels/Prototype.umap.
[2016.03.02-20.14.56:227][366]LogLinker:Warning: Can't find file '/Game/Hotel/Art/Textures/Lobby/Lobby/Lobby_Metallic'
[2016.03.02-20.14.56:227][366]LogLinker:Warning: Can't find file for asset '/Game/Hotel/Art/Textures/Lobby/Lobby/Lobby_Metallic' while loading ../../../../../../Users/Mandy/Documents/GitHub/HotelBete/Content/Hotel/Levels/Prototype.umap.
[2016.03.02-20.14.56:227][366]LogLinker:Warning: Can't find file '/Game/Hotel/Art/Textures/Lobby/Lobby/Lobby_Normal'
[2016.03.02-20.14.56:227][366]LogLinker:Warning: Can't find file for asset '/Game/Hotel/Art/Textures/Lobby/Lobby/Lobby_Normal' while loading ../../../../../../Users/Mandy/Documents/GitHub/HotelBete/Content/Hotel/Levels/Prototype.umap.
[2016.03.02-20.14.56:228][366]LogLinker:Warning: Can't find file '/Game/Hotel/Art/Textures/Lobby/Lobby/Lobby_Roughness'
[2016.03.02-20.14.56:228][366]LogLinker:Warning: Can't find file for asset '/Game/Hotel/Art/Textures/Lobby/Lobby/Lobby_Roughness' while loading ../../../../../../Users/Mandy/Documents/GitHub/HotelBete/Content/Hotel/Levels/Prototype.umap.
[2016.03.02-20.14.56:228][366]LogLinker:Warning: Can't find file '/Game/Hotel/Art/Textures/Lobby/Stairs/Stairs_Base_Color'
[2016.03.02-20.14.56:228][366]LogLinker:Warning: Can't find file for asset '/Game/Hotel/Art/Textures/Lobby/Stairs/Stairs_Base_Color' while loading ../../../../../../Users/Mandy/Documents/GitHub/HotelBete/Content/Hotel/Levels/Prototype.umap.
[2016.03.02-20.14.56:228][366]LogLinker:Warning: Can't find file '/Game/Hotel/Art/Textures/Lobby/Stairs/Stairs_Normal_DirectX'
[2016.03.02-20.14.56:228][366]LogLinker:Warning: Can't find file for asset '/Game/Hotel/Art/Textures/Lobby/Stairs/Stairs_Normal_DirectX' while loading ../../../../../../Users/Mandy/Documents/GitHub/HotelBete/Content/Hotel/Levels/Prototype.umap.
[2016.03.02-20.14.56:229][366]LogLinker:Warning: Can't find file '/Game/Hotel/Art/Textures/Lobby/Stairs/Stairs_Roughness'
[2016.03.02-20.14.56:229][366]LogLinker:Warning: Can't find file for asset '/Game/Hotel/Art/Textures/Lobby/Stairs/Stairs_Roughness' while loading ../../../../../../Users/Mandy/Documents/GitHub/HotelBete/Content/Hotel/Levels/Prototype.umap.
[2016.03.02-20.14.56:229][366]LogLinker:Warning: Can't find file '/Game/Hotel/Art/Textures/Lobby/Walls/Walls_Base_Color'
[2016.03.02-20.14.56:229][366]LogLinker:Warning: Can't find file for asset '/Game/Hotel/Art/Textures/Lobby/Walls/Walls_Base_Color' while loading ../../../../../../Users/Mandy/Documents/GitHub/HotelBete/Content/Hotel/Levels/Prototype.umap.
[2016.03.02-20.14.56:229][366]LogLinker:Warning: Can't find file '/Game/Hotel/Art/Textures/Lobby/Walls/Walls_Normal_DirectX'
[2016.03.02-20.14.56:230][366]LogLinker:Warning: Can't find file for asset '/Game/Hotel/Art/Textures/Lobby/Walls/Walls_Normal_DirectX' while loading ../../../../../../Users/Mandy/Documents/GitHub/HotelBete/Content/Hotel/Levels/Prototype.umap.
[2016.03.02-20.14.56:230][366]LogLinker:Warning: Can't find file '/Game/Hotel/Art/Textures/Lobby/Walls/Walls_Roughness'
[2016.03.02-20.14.56:230][366]LogLinker:Warning: Can't find file for asset '/Game/Hotel/Art/Textures/Lobby/Walls/Walls_Roughness' while loading ../../../../../../Users/Mandy/Documents/GitHub/HotelBete/Content/Hotel/Levels/Prototype.umap.
[2016.03.02-20.14.56:230][366]LogLinker:Warning: Can't find file '/Game/Hotel/Art/Textures/Lobby/Windows/Windows_Base_Color'
[2016.03.02-20.14.56:230][366]LogLinker:Warning: Can't find file for asset '/Game/Hotel/Art/Textures/Lobby/Windows/Windows_Base_Color' while loading ../../../../../../Users/Mandy/Documents/GitHub/HotelBete/Content/Hotel/Levels/Prototype.umap.
[2016.03.02-20.14.56:231][366]LogLinker:Warning: Can't find file '/Game/Hotel/Art/Textures/Lobby/Windows/Windows_Metallic'
[2016.03.02-20.14.56:231][366]LogLinker:Warning: Can't find file for asset '/Game/Hotel/Art/Textures/Lobby/Windows/Windows_Metallic' while loading ../../../../../../Users/Mandy/Documents/GitHub/HotelBete/Content/Hotel/Levels/Prototype.umap.
[2016.03.02-20.14.56:231][366]LogLinker:Warning: Can't find file '/Game/Hotel/Art/Textures/Lobby/Windows/Windows_Normal_DirectX'
[2016.03.02-20.14.56:231][366]LogLinker:Warning: Can't find file for asset '/Game/Hotel/Art/Textures/Lobby/Windows/Windows_Normal_DirectX' while loading ../../../../../../Users/Mandy/Documents/GitHub/HotelBete/Content/Hotel/Levels/Prototype.umap.
[2016.03.02-20.14.56:231][366]LogLinker:Warning: Can't find file '/Game/Hotel/Art/Textures/Lobby/Windows/Windows_Roughness'
[2016.03.02-20.14.56:231][366]LogLinker:Warning: Can't find file for asset '/Game/Hotel/Art/Textures/Lobby/Windows/Windows_Roughness' while loading ../../../../../../Users/Mandy/Documents/GitHub/HotelBete/Content/Hotel/Levels/Prototype.umap.
[2016.03.02-20.14.56:233][366]LogLinker:Warning: Can't find file '/Game/Hotel/Art/Models/Lobby/Floor'
[2016.03.02-20.14.56:233][366]LogLinker:Warning: Can't find file for asset '/Game/Hotel/Art/Models/Lobby/Floor' while loading NULL.
[2016.03.02-20.14.56:233][366]LogLinker:Warning: Can't find file '/Game/Hotel/Art/Models/Lobby/Floor'
[2016.03.02-20.14.56:233][366]LogLinker:Warning: Can't find file for asset '/Game/Hotel/Art/Models/Lobby/Floor' while loading NULL.
[2016.03.02-20.14.56:233][366]LogLinker:Warning: Can't find file '/Game/Hotel/Art/Models/Lobby/Lobby__Ceiling_haunted'
[2016.03.02-20.14.56:233][366]LogLinker:Warning: Can't find file for asset '/Game/Hotel/Art/Models/Lobby/Lobby__Ceiling_haunted' while loading NULL.
[2016.03.02-20.14.56:233][366]LogLinker:Warning: Can't find file '/Game/Hotel/Art/Models/Lobby/Lobby_haunted'
[2016.03.02-20.14.56:234][366]LogLinker:Warning: Can't find file for asset '/Game/Hotel/Art/Models/Lobby/Lobby_haunted' while loading NULL.
[2016.03.02-20.14.56:234][366]LogLinker:Warning: Can't find file '/Game/Hotel/Art/Textures/Lobby/Ceiling/Ceiling_Base_Color'
[2016.03.02-20.14.56:234][366]LogLinker:Warning: Can't find file for asset '/Game/Hotel/Art/Textures/Lobby/Ceiling/Ceiling_Base_Color' while loading NULL.
[2016.03.02-20.14.56:234][366]LogLinker:Warning: Can't find file '/Game/Hotel/Art/Textures/Lobby/Ceiling/Ceiling_Normal_DirectX'
[2016.03.02-20.14.56:234][366]LogLinker:Warning: Can't find file for asset '/Game/Hotel/Art/Textures/Lobby/Ceiling/Ceiling_Normal_DirectX' while loading NULL.
[2016.03.02-20.14.56:234][366]LogLinker:Warning: Can't find file '/Game/Hotel/Art/Textures/Lobby/Ceiling/Ceiling_Roughness'
[2016.03.02-20.14.56:234][366]LogLinker:Warning: Can't find file for asset '/Game/Hotel/Art/Textures/Lobby/Ceiling/Ceiling_Roughness' while loading NULL.
[2016.03.02-20.14.56:234][366]LogLinker:Warning: Can't find file '/Game/Hotel/Art/Textures/Lobby/Columns/Columns_AO'
[2016.03.02-20.14.56:234][366]LogLinker:Warning: Can't find file for asset '/Game/Hotel/Art/Textures/Lobby/Columns/Columns_AO' while loading NULL.
[2016.03.02-20.14.56:234][366]LogLinker:Warning: Can't find file '/Game/Hotel/Art/Textures/Lobby/Columns/Columns_Base_Color'
[2016.03.02-20.14.56:234][366]LogLinker:Warning: Can't find file for asset '/Game/Hotel/Art/Textures/Lobby/Columns/Columns_Base_Color' while loading NULL.
[2016.03.02-20.14.56:235][366]LogLinker:Warning: Can't find file '/Game/Hotel/Art/Textures/Lobby/Columns/Columns_Metallic'
[2016.03.02-20.14.56:235][366]LogLinker:Warning: Can't find file for asset '/Game/Hotel/Art/Textures/Lobby/Columns/Columns_Metallic' while loading NULL.
[2016.03.02-20.14.56:235][366]LogLinker:Warning: Can't find file '/Game/Hotel/Art/Textures/Lobby/Columns/Columns_Normal_DirectX'
[2016.03.02-20.14.56:235][366]LogLinker:Warning: Can't find file for asset '/Game/Hotel/Art/Textures/Lobby/Columns/Columns_Normal_DirectX' while loading NULL.
[2016.03.02-20.14.56:235][366]LogLinker:Warning: Can't find file '/Game/Hotel/Art/Textures/Lobby/Columns/Columns_Roughness'
[2016.03.02-20.14.56:235][366]LogLinker:Warning: Can't find file for asset '/Game/Hotel/Art/Textures/Lobby/Columns/Columns_Roughness' while loading NULL.
[2016.03.02-20.14.56:235][366]LogLinker:Warning: Can't find file '/Game/Hotel/Art/Textures/Lobby/Doors/Doors_Base_Color'
[2016.03.02-20.14.56:235][366]LogLinker:Warning: Can't find file for asset '/Game/Hotel/Art/Textures/Lobby/Doors/Doors_Base_Color' while loading NULL.
[2016.03.02-20.14.56:235][366]LogLinker:Warning: Can't find file '/Game/Hotel/Art/Textures/Lobby/Doors/Doors_Metallic'
[2016.03.02-20.14.56:235][366]LogLinker:Warning: Can't find file for asset '/Game/Hotel/Art/Textures/Lobby/Doors/Doors_Metallic' while loading NULL.
[2016.03.02-20.14.56:235][366]LogLinker:Warning: Can't find file '/Game/Hotel/Art/Textures/Lobby/Doors/Doors_Normal_DirectX'
[2016.03.02-20.14.56:236][366]LogLinker:Warning: Can't find file for asset '/Game/Hotel/Art/Textures/Lobby/Doors/Doors_Normal_DirectX' while loading NULL.
[2016.03.02-20.14.56:236][366]LogLinker:Warning: Can't find file '/Game/Hotel/Art/Textures/Lobby/Doors/Doors_Roughness'
[2016.03.02-20.14.56:236][366]LogLinker:Warning: Can't find file for asset '/Game/Hotel/Art/Textures/Lobby/Doors/Doors_Roughness' while loading NULL.
[2016.03.02-20.14.56:236][366]LogLinker:Warning: Can't find file '/Game/Hotel/Art/Textures/Lobby/Frames/Frames_Base_Color'
[2016.03.02-20.14.56:236][366]LogLinker:Warning: Can't find file for asset '/Game/Hotel/Art/Textures/Lobby/Frames/Frames_Base_Color' while loading NULL.
[2016.03.02-20.14.56:236][366]LogLinker:Warning: Can't find file '/Game/Hotel/Art/Textures/Lobby/Frames/Frames_Metallic'
[2016.03.02-20.14.56:236][366]LogLinker:Warning: Can't find file for asset '/Game/Hotel/Art/Textures/Lobby/Frames/Frames_Metallic' while loading NULL.
[2016.03.02-20.14.56:236][366]LogLinker:Warning: Can't find file '/Game/Hotel/Art/Textures/Lobby/Frames/Frames_Normal_DirectX'
[2016.03.02-20.14.56:236][366]LogLinker:Warning: Can't find file for asset '/Game/Hotel/Art/Textures/Lobby/Frames/Frames_Normal_DirectX' while loading NULL.
[2016.03.02-20.14.56:236][366]LogLinker:Warning: Can't find file '/Game/Hotel/Art/Textures/Lobby/Frames/Frames_Roughness'
[2016.03.02-20.14.56:236][366]LogLinker:Warning: Can't find file for asset '/Game/Hotel/Art/Textures/Lobby/Frames/Frames_Roughness' while loading NULL.
[2016.03.02-20.14.56:237][366]LogLinker:Warning: Can't find file '/Game/Hotel/Art/Textures/Lobby/Lobby/Lobby_Base_Color'
[2016.03.02-20.14.56:237][366]LogLinker:Warning: Can't find file for asset '/Game/Hotel/Art/Textures/Lobby/Lobby/Lobby_Base_Color' while loading NULL.
[2016.03.02-20.14.56:237][366]LogLinker:Warning: Can't find file '/Game/Hotel/Art/Textures/Lobby/Lobby/Lobby_Metallic'
[2016.03.02-20.14.56:237][366]LogLinker:Warning: Can't find file for asset '/Game/Hotel/Art/Textures/Lobby/Lobby/Lobby_Metallic' while loading NULL.
[2016.03.02-20.14.56:237][366]LogLinker:Warning: Can't find file '/Game/Hotel/Art/Textures/Lobby/Lobby/Lobby_Normal'
[2016.03.02-20.14.56:237][366]LogLinker:Warning: Can't find file for asset '/Game/Hotel/Art/Textures/Lobby/Lobby/Lobby_Normal' while loading NULL.
[2016.03.02-20.14.56:237][366]LogLinker:Warning: Can't find file '/Game/Hotel/Art/Textures/Lobby/Lobby/Lobby_Roughness'
[2016.03.02-20.14.56:237][366]LogLinker:Warning: Can't find file for asset '/Game/Hotel/Art/Textures/Lobby/Lobby/Lobby_Roughness' while loading NULL.
[2016.03.02-20.14.56:237][366]LogLinker:Warning: Can't find file '/Game/Hotel/Art/Textures/Lobby/Stairs/Stairs_Base_Color'
[2016.03.02-20.14.56:237][366]LogLinker:Warning: Can't find file for asset '/Game/Hotel/Art/Textures/Lobby/Stairs/Stairs_Base_Color' while loading NULL.
[2016.03.02-20.14.56:237][366]LogLinker:Warning: Can't find file '/Game/Hotel/Art/Textures/Lobby/Stairs/Stairs_Normal_DirectX'
[2016.03.02-20.14.56:238][366]LogLinker:Warning: Can't find file for asset '/Game/Hotel/Art/Textures/Lobby/Stairs/Stairs_Normal_DirectX' while loading NULL.
[2016.03.02-20.14.56:238][366]LogLinker:Warning: Can't find file '/Game/Hotel/Art/Textures/Lobby/Stairs/Stairs_Roughness'
[2016.03.02-20.14.56:238][366]LogLinker:Warning: Can't find file for asset '/Game/Hotel/Art/Textures/Lobby/Stairs/Stairs_Roughness' while loading NULL.
[2016.03.02-20.14.56:238][366]LogLinker:Warning: Can't find file '/Game/Hotel/Art/Textures/Lobby/Walls/Walls_Base_Color'
[2016.03.02-20.14.56:238][366]LogLinker:Warning: Can't find file for asset '/Game/Hotel/Art/Textures/Lobby/Walls/Walls_Base_Color' while loading NULL.
[2016.03.02-20.14.56:238][366]LogLinker:Warning: Can't find file '/Game/Hotel/Art/Textures/Lobby/Walls/Walls_Normal_DirectX'
[2016.03.02-20.14.56:238][366]LogLinker:Warning: Can't find file for asset '/Game/Hotel/Art/Textures/Lobby/Walls/Walls_Normal_DirectX' while loading NULL.
[2016.03.02-20.14.56:238][366]LogLinker:Warning: Can't find file '/Game/Hotel/Art/Textures/Lobby/Walls/Walls_Roughness'
[2016.03.02-20.14.56:238][366]LogLinker:Warning: Can't find file for asset '/Game/Hotel/Art/Textures/Lobby/Walls/Walls_Roughness' while loading NULL.
[2016.03.02-20.14.56:238][366]LogLinker:Warning: Can't find file '/Game/Hotel/Art/Textures/Lobby/Windows/Windows_Base_Color'
[2016.03.02-20.14.56:238][366]LogLinker:Warning: Can't find file for asset '/Game/Hotel/Art/Textures/Lobby/Windows/Windows_Base_Color' while loading NULL.
[2016.03.02-20.14.56:238][366]LogLinker:Warning: Can't find file '/Game/Hotel/Art/Textures/Lobby/Windows/Windows_Metallic'
[2016.03.02-20.14.56:239][366]LogLinker:Warning: Can't find file for asset '/Game/Hotel/Art/Textures/Lobby/Windows/Windows_Metallic' while loading NULL.
[2016.03.02-20.14.56:239][366]LogLinker:Warning: Can't find file '/Game/Hotel/Art/Textures/Lobby/Windows/Windows_Normal_DirectX'
[2016.03.02-20.14.56:239][366]LogLinker:Warning: Can't find file for asset '/Game/Hotel/Art/Textures/Lobby/Windows/Windows_Normal_DirectX' while loading NULL.
[2016.03.02-20.14.56:239][366]LogLinker:Warning: Can't find file '/Game/Hotel/Art/Textures/Lobby/Windows/Windows_Roughness'
[2016.03.02-20.14.56:239][366]LogLinker:Warning: Can't find file for asset '/Game/Hotel/Art/Textures/Lobby/Windows/Windows_Roughness' while loading NULL.
[2016.03.02-20.14.56:239][366]LogLinker:Warning: Can't find file '/Game/Hotel/Art/Models/Lobby/Lobby__Ceiling_haunted'
[2016.03.02-20.14.56:239][366]LogLinker:Warning: Can't find file for asset '/Game/Hotel/Art/Models/Lobby/Lobby__Ceiling_haunted' while loading NULL.
[2016.03.02-20.14.56:239][366]LogLinker:Warning: Can't find file '/Game/Hotel/Art/Models/Lobby/Lobby_haunted'
[2016.03.02-20.14.56:239][366]LogLinker:Warning: Can't find file for asset '/Game/Hotel/Art/Models/Lobby/Lobby_haunted' while loading NULL.
[2016.03.02-20.14.56:239][366]LogLinker:Warning: Can't find file '/Game/Hotel/Art/Textures/Lobby/Ceiling/Ceiling_Base_Color'
[2016.03.02-20.14.56:240][366]LogLinker:Warning: Can't find file for asset '/Game/Hotel/Art/Textures/Lobby/Ceiling/Ceiling_Base_Color' while loading NULL.
[2016.03.02-20.14.56:240][366]LogLinker:Warning: Can't find file '/Game/Hotel/Art/Textures/Lobby/Ceiling/Ceiling_Normal_DirectX'
[2016.03.02-20.14.56:240][366]LogLinker:Warning: Can't find file for asset '/Game/Hotel/Art/Textures/Lobby/Ceiling/Ceiling_Normal_DirectX' while loading NULL.
[2016.03.02-20.14.56:240][366]LogLinker:Warning: Can't find file '/Game/Hotel/Art/Textures/Lobby/Ceiling/Ceiling_Roughness'
[2016.03.02-20.14.56:240][366]LogLinker:Warning: Can't find file for asset '/Game/Hotel/Art/Textures/Lobby/Ceiling/Ceiling_Roughness' while loading NULL.
[2016.03.02-20.14.56:240][366]LogLinker:Warning: Can't find file '/Game/Hotel/Art/Textures/Lobby/Columns/Columns_AO'
[2016.03.02-20.14.56:240][366]LogLinker:Warning: Can't find file for asset '/Game/Hotel/Art/Textures/Lobby/Columns/Columns_AO' while loading NULL.
[2016.03.02-20.14.56:240][366]LogLinker:Warning: Can't find file '/Game/Hotel/Art/Textures/Lobby/Columns/Columns_Base_Color'
[2016.03.02-20.14.56:240][366]LogLinker:Warning: Can't find file for asset '/Game/Hotel/Art/Textures/Lobby/Columns/Columns_Base_Color' while loading NULL.
[2016.03.02-20.14.56:240][366]LogLinker:Warning: Can't find file '/Game/Hotel/Art/Textures/Lobby/Columns/Columns_Metallic'
[2016.03.02-20.14.56:240][366]LogLinker:Warning: Can't find file for asset '/Game/Hotel/Art/Textures/Lobby/Columns/Columns_Metallic' while loading NULL.
[2016.03.02-20.14.56:241][366]LogLinker:Warning: Can't find file '/Game/Hotel/Art/Textures/Lobby/Columns/Columns_Normal_DirectX'
[2016.03.02-20.14.56:241][366]LogLinker:Warning: Can't find file for asset '/Game/Hotel/Art/Textures/Lobby/Columns/Columns_Normal_DirectX' while loading NULL.
[2016.03.02-20.14.56:241][366]LogLinker:Warning: Can't find file '/Game/Hotel/Art/Textures/Lobby/Columns/Columns_Roughness'
[2016.03.02-20.14.56:241][366]LogLinker:Warning: Can't find file for asset '/Game/Hotel/Art/Textures/Lobby/Columns/Columns_Roughness' while loading NULL.
[2016.03.02-20.14.56:241][366]LogLinker:Warning: Can't find file '/Game/Hotel/Art/Textures/Lobby/Doors/Doors_Base_Color'
[2016.03.02-20.14.56:241][366]LogLinker:Warning: Can't find file for asset '/Game/Hotel/Art/Textures/Lobby/Doors/Doors_Base_Color' while loading NULL.
[2016.03.02-20.14.56:241][366]LogLinker:Warning: Can't find file '/Game/Hotel/Art/Textures/Lobby/Doors/Doors_Metallic'
[2016.03.02-20.14.56:241][366]LogLinker:Warning: Can't find file for asset '/Game/Hotel/Art/Textures/Lobby/Doors/Doors_Metallic' while loading NULL.
[2016.03.02-20.14.56:241][366]LogLinker:Warning: Can't find file '/Game/Hotel/Art/Textures/Lobby/Doors/Doors_Normal_DirectX'
[2016.03.02-20.14.56:241][366]LogLinker:Warning: Can't find file for asset '/Game/Hotel/Art/Textures/Lobby/Doors/Doors_Normal_DirectX' while loading NULL.
[2016.03.02-20.14.56:242][366]LogLinker:Warning: Can't find file '/Game/Hotel/Art/Textures/Lobby/Doors/Doors_Roughness'
[2016.03.02-20.14.56:242][366]LogLinker:Warning: Can't find file for asset '/Game/Hotel/Art/Textures/Lobby/Doors/Doors_Roughness' while loading NULL.
[2016.03.02-20.14.56:242][366]LogLinker:Warning: Can't find file '/Game/Hotel/Art/Textures/Lobby/Frames/Frames_Base_Color'
[2016.03.02-20.14.56:242][366]LogLinker:Warning: Can't find file for asset '/Game/Hotel/Art/Textures/Lobby/Frames/Frames_Base_Color' while loading NULL.
[2016.03.02-20.14.56:242][366]LogLinker:Warning: Can't find file '/Game/Hotel/Art/Textures/Lobby/Frames/Frames_Metallic'
[2016.03.02-20.14.56:242][366]LogLinker:Warning: Can't find file for asset '/Game/Hotel/Art/Textures/Lobby/Frames/Frames_Metallic' while loading NULL.
[2016.03.02-20.14.56:242][366]LogLinker:Warning: Can't find file '/Game/Hotel/Art/Textures/Lobby/Frames/Frames_Normal_DirectX'
[2016.03.02-20.14.56:242][366]LogLinker:Warning: Can't find file for asset '/Game/Hotel/Art/Textures/Lobby/Frames/Frames_Normal_DirectX' while loading NULL.
[2016.03.02-20.14.56:242][366]LogLinker:Warning: Can't find file '/Game/Hotel/Art/Textures/Lobby/Frames/Frames_Roughness'
[2016.03.02-20.14.56:242][366]LogLinker:Warning: Can't find file for asset '/Game/Hotel/Art/Textures/Lobby/Frames/Frames_Roughness' while loading NULL.
[2016.03.02-20.14.56:242][366]LogLinker:Warning: Can't find file '/Game/Hotel/Art/Textures/Lobby/Lobby/Lobby_Base_Color'
[2016.03.02-20.14.56:243][366]LogLinker:Warning: Can't find file for asset '/Game/Hotel/Art/Textures/Lobby/Lobby/Lobby_Base_Color' while loading NULL.
[2016.03.02-20.14.56:243][366]LogLinker:Warning: Can't find file '/Game/Hotel/Art/Textures/Lobby/Lobby/Lobby_Metallic'
[2016.03.02-20.14.56:243][366]LogLinker:Warning: Can't find file for asset '/Game/Hotel/Art/Textures/Lobby/Lobby/Lobby_Metallic' while loading NULL.
[2016.03.02-20.14.56:243][366]LogLinker:Warning: Can't find file '/Game/Hotel/Art/Textures/Lobby/Lobby/Lobby_Normal'
[2016.03.02-20.14.56:243][366]LogLinker:Warning: Can't find file for asset '/Game/Hotel/Art/Textures/Lobby/Lobby/Lobby_Normal' while loading NULL.
[2016.03.02-20.14.56:243][366]LogLinker:Warning: Can't find file '/Game/Hotel/Art/Textures/Lobby/Lobby/Lobby_Roughness'
[2016.03.02-20.14.56:243][366]LogLinker:Warning: Can't find file for asset '/Game/Hotel/Art/Textures/Lobby/Lobby/Lobby_Roughness' while loading NULL.
[2016.03.02-20.14.56:243][366]LogLinker:Warning: Can't find file '/Game/Hotel/Art/Textures/Lobby/Stairs/Stairs_Base_Color'
[2016.03.02-20.14.56:243][366]LogLinker:Warning: Can't find file for asset '/Game/Hotel/Art/Textures/Lobby/Stairs/Stairs_Base_Color' while loading NULL.
[2016.03.02-20.14.56:243][366]LogLinker:Warning: Can't find file '/Game/Hotel/Art/Textures/Lobby/Stairs/Stairs_Normal_DirectX'
[2016.03.02-20.14.56:244][366]LogLinker:Warning: Can't find file for asset '/Game/Hotel/Art/Textures/Lobby/Stairs/Stairs_Normal_DirectX' while loading NULL.
[2016.03.02-20.14.56:244][366]LogLinker:Warning: Can't find file '/Game/Hotel/Art/Textures/Lobby/Stairs/Stairs_Roughness'
[2016.03.02-20.14.56:244][366]LogLinker:Warning: Can't find file for asset '/Game/Hotel/Art/Textures/Lobby/Stairs/Stairs_Roughness' while loading NULL.
[2016.03.02-20.14.56:244][366]LogLinker:Warning: Can't find file '/Game/Hotel/Art/Textures/Lobby/Walls/Walls_Base_Color'
[2016.03.02-20.14.56:244][366]LogLinker:Warning: Can't find file for asset '/Game/Hotel/Art/Textures/Lobby/Walls/Walls_Base_Color' while loading NULL.
[2016.03.02-20.14.56:244][366]LogLinker:Warning: Can't find file '/Game/Hotel/Art/Textures/Lobby/Walls/Walls_Normal_DirectX'
[2016.03.02-20.14.56:244][366]LogLinker:Warning: Can't find file for asset '/Game/Hotel/Art/Textures/Lobby/Walls/Walls_Normal_DirectX' while loading NULL.
[2016.03.02-20.14.56:244][366]LogLinker:Warning: Can't find file '/Game/Hotel/Art/Textures/Lobby/Walls/Walls_Roughness'
[2016.03.02-20.14.56:244][366]LogLinker:Warning: Can't find file for asset '/Game/Hotel/Art/Textures/Lobby/Walls/Walls_Roughness' while loading NULL.
[2016.03.02-20.14.56:244][366]LogLinker:Warning: Can't find file '/Game/Hotel/Art/Textures/Lobby/Windows/Windows_Base_Color'
[2016.03.02-20.14.56:244][366]LogLinker:Warning: Can't find file for asset '/Game/Hotel/Art/Textures/Lobby/Windows/Windows_Base_Color' while loading NULL.
[2016.03.02-20.14.56:245][366]LogLinker:Warning: Can't find file '/Game/Hotel/Art/Textures/Lobby/Windows/Windows_Metallic'
[2016.03.02-20.14.56:245][366]LogLinker:Warning: Can't find file for asset '/Game/Hotel/Art/Textures/Lobby/Windows/Windows_Metallic' while loading NULL.
[2016.03.02-20.14.56:245][366]LogLinker:Warning: Can't find file '/Game/Hotel/Art/Textures/Lobby/Windows/Windows_Normal_DirectX'
[2016.03.02-20.14.56:245][366]LogLinker:Warning: Can't find file for asset '/Game/Hotel/Art/Textures/Lobby/Windows/Windows_Normal_DirectX' while loading NULL.
[2016.03.02-20.14.56:245][366]LogLinker:Warning: Can't find file '/Game/Hotel/Art/Textures/Lobby/Windows/Windows_Roughness'
[2016.03.02-20.14.56:245][366]LogLinker:Warning: Can't find file for asset '/Game/Hotel/Art/Textures/Lobby/Windows/Windows_Roughness' while loading NULL.
[2016.03.02-20.14.56:308][366]LogLinker:Warning: Can't find file '/Game/Hotel/Art/Textures/Lobby/Ceiling/Ceiling_Normal_DirectX'
[2016.03.02-20.14.56:308][366]LoadErrors: Info Failed to load /Game/Hotel/Art/Textures/Lobby/Ceiling/Ceiling_Normal_DirectX.Ceiling_Normal_DirectX Referenced by PersistentLevel
[2016.03.02-20.14.56:308][366]LogLinker:Warning: Can't find file for asset '/Game/Hotel/Art/Textures/Lobby/Ceiling/Ceiling_Normal_DirectX' while loading NULL.
[2016.03.02-20.14.56:308][366]LogLinker:Warning: Can't find file '/Game/Hotel/Art/Textures/Lobby/Ceiling/Ceiling_Base_Color'
[2016.03.02-20.14.56:308][366]LoadErrors: Info Failed to load /Game/Hotel/Art/Textures/Lobby/Ceiling/Ceiling_Base_Color.Ceiling_Base_Color Referenced by PersistentLevel
[2016.03.02-20.14.56:308][366]LogLinker:Warning: Can't find file for asset '/Game/Hotel/Art/Textures/Lobby/Ceiling/Ceiling_Base_Color' while loading NULL.
[2016.03.02-20.14.56:308][366]LogLinker:Warning: Can't find file '/Game/Hotel/Art/Textures/Lobby/Ceiling/Ceiling_Roughness'
[2016.03.02-20.14.56:308][366]LoadErrors: Info Failed to load /Game/Hotel/Art/Textures/Lobby/Ceiling/Ceiling_Roughness.Ceiling_Roughness Referenced by PersistentLevel
[2016.03.02-20.14.56:308][366]LogLinker:Warning: Can't find file for asset '/Game/Hotel/Art/Textures/Lobby/Ceiling/Ceiling_Roughness' while loading NULL.
[2016.03.02-20.14.56:309][366]LogLinker:Warning: Can't find file '/Game/Hotel/Art/Textures/Lobby/Columns/Columns_Normal_DirectX'
[2016.03.02-20.14.56:309][366]LoadErrors: Info Failed to load /Game/Hotel/Art/Textures/Lobby/Columns/Columns_Normal_DirectX.Columns_Normal_DirectX Referenced by PersistentLevel
[2016.03.02-20.14.56:309][366]LogLinker:Warning: Can't find file for asset '/Game/Hotel/Art/Textures/Lobby/Columns/Columns_Normal_DirectX' while loading NULL.
[2016.03.02-20.14.56:309][366]LogLinker:Warning: Can't find file '/Game/Hotel/Art/Textures/Lobby/Columns/Columns_Base_Color'
[2016.03.02-20.14.56:309][366]LoadErrors: Info Failed to load /Game/Hotel/Art/Textures/Lobby/Columns/Columns_Base_Color.Columns_Base_Color Referenced by PersistentLevel
[2016.03.02-20.14.56:309][366]LogLinker:Warning: Can't find file for asset '/Game/Hotel/Art/Textures/Lobby/Columns/Columns_Base_Color' while loading NULL.
[2016.03.02-20.14.56:309][366]LogLinker:Warning: Can't find file '/Game/Hotel/Art/Textures/Lobby/Columns/Columns_Metallic'
[2016.03.02-20.14.56:309][366]LoadErrors: Info Failed to load /Game/Hotel/Art/Textures/Lobby/Columns/Columns_Metallic.Columns_Metallic Referenced by PersistentLevel
[2016.03.02-20.14.56:309][366]LogLinker:Warning: Can't find file for asset '/Game/Hotel/Art/Textures/Lobby/Columns/Columns_Metallic' while loading NULL.
[2016.03.02-20.14.56:310][366]LogLinker:Warning: Can't find file '/Game/Hotel/Art/Textures/Lobby/Columns/Columns_Roughness'
[2016.03.02-20.14.56:310][366]LoadErrors: Info Failed to load /Game/Hotel/Art/Textures/Lobby/Columns/Columns_Roughness.Columns_Roughness Referenced by PersistentLevel
[2016.03.02-20.14.56:310][366]LogLinker:Warning: Can't find file for asset '/Game/Hotel/Art/Textures/Lobby/Columns/Columns_Roughness' while loading NULL.
[2016.03.02-20.14.56:310][366]LogLinker:Warning: Can't find file '/Game/Hotel/Art/Textures/Lobby/Columns/Columns_AO'
[2016.03.02-20.14.56:310][366]LoadErrors: Info Failed to load /Game/Hotel/Art/Textures/Lobby/Columns/Columns_AO.Columns_AO Referenced by PersistentLevel
[2016.03.02-20.14.56:310][366]LogLinker:Warning: Can't find file for asset '/Game/Hotel/Art/Textures/Lobby/Columns/Columns_AO' while loading NULL.
[2016.03.02-20.14.56:310][366]LogLinker:Warning: Can't find file '/Game/Hotel/Art/Textures/Lobby/Lobby/Lobby_Normal'
[2016.03.02-20.14.56:310][366]LoadErrors: Info Failed to load /Game/Hotel/Art/Textures/Lobby/Lobby/Lobby_Normal.Lobby_Normal Referenced by PersistentLevel
[2016.03.02-20.14.56:311][366]LogLinker:Warning: Can't find file for asset '/Game/Hotel/Art/Textures/Lobby/Lobby/Lobby_Normal' while loading NULL.
[2016.03.02-20.14.56:311][366]LogLinker:Warning: Can't find file '/Game/Hotel/Art/Textures/Lobby/Lobby/Lobby_Base_Color'
[2016.03.02-20.14.56:311][366]LoadErrors: Info Failed to load /Game/Hotel/Art/Textures/Lobby/Lobby/Lobby_Base_Color.Lobby_Base_Color Referenced by PersistentLevel
[2016.03.02-20.14.56:311][366]LogLinker:Warning: Can't find file for asset '/Game/Hotel/Art/Textures/Lobby/Lobby/Lobby_Base_Color' while loading NULL.
[2016.03.02-20.14.56:311][366]LogLinker:Warning: Can't find file '/Game/Hotel/Art/Textures/Lobby/Lobby/Lobby_Metallic'
[2016.03.02-20.14.56:311][366]LoadErrors: Info Failed to load /Game/Hotel/Art/Textures/Lobby/Lobby/Lobby_Metallic.Lobby_Metallic Referenced by PersistentLevel
[2016.03.02-20.14.56:311][366]LogLinker:Warning: Can't find file for asset '/Game/Hotel/Art/Textures/Lobby/Lobby/Lobby_Metallic' while loading NULL.
[2016.03.02-20.14.56:311][366]LogLinker:Warning: Can't find file '/Game/Hotel/Art/Textures/Lobby/Lobby/Lobby_Roughness'
[2016.03.02-20.14.56:312][366]LoadErrors: Info Failed to load /Game/Hotel/Art/Textures/Lobby/Lobby/Lobby_Roughness.Lobby_Roughness Referenced by PersistentLevel
[2016.03.02-20.14.56:312][366]LogLinker:Warning: Can't find file for asset '/Game/Hotel/Art/Textures/Lobby/Lobby/Lobby_Roughness' while loading NULL.
[2016.03.02-20.14.56:312][366]LogLinker:Warning: Can't find file '/Game/Hotel/Art/Textures/Lobby/Walls/Walls_Normal_DirectX'
[2016.03.02-20.14.56:312][366]LoadErrors: Info Failed to load /Game/Hotel/Art/Textures/Lobby/Walls/Walls_Normal_DirectX.Walls_Normal_DirectX Referenced by PersistentLevel
[2016.03.02-20.14.56:312][366]LogLinker:Warning: Can't find file for asset '/Game/Hotel/Art/Textures/Lobby/Walls/Walls_Normal_DirectX' while loading NULL.
[2016.03.02-20.14.56:312][366]LogLinker:Warning: Can't find file '/Game/Hotel/Art/Textures/Lobby/Walls/Walls_Base_Color'
[2016.03.02-20.14.56:312][366]LoadErrors: Info Failed to load /Game/Hotel/Art/Textures/Lobby/Walls/Walls_Base_Color.Walls_Base_Color Referenced by PersistentLevel
[2016.03.02-20.14.56:313][366]LogLinker:Warning: Can't find file for asset '/Game/Hotel/Art/Textures/Lobby/Walls/Walls_Base_Color' while loading NULL.
[2016.03.02-20.14.56:313][366]LogLinker:Warning: Can't find file '/Game/Hotel/Art/Textures/Lobby/Walls/Walls_Roughness'
[2016.03.02-20.14.56:313][366]LoadErrors: Info Failed to load /Game/Hotel/Art/Textures/Lobby/Walls/Walls_Roughness.Walls_Roughness Referenced by PersistentLevel
[2016.03.02-20.14.56:313][366]LogLinker:Warning: Can't find file for asset '/Game/Hotel/Art/Textures/Lobby/Walls/Walls_Roughness' while loading NULL.
[2016.03.02-20.14.56:313][366]LogLinker:Warning: Can't find file '/Game/Hotel/Art/Textures/Lobby/Frames/Frames_Normal_DirectX'
[2016.03.02-20.14.56:313][366]LoadErrors: Info Failed to load /Game/Hotel/Art/Textures/Lobby/Frames/Frames_Normal_DirectX.Frames_Normal_DirectX Referenced by PersistentLevel
[2016.03.02-20.14.56:313][366]LogLinker:Warning: Can't find file for asset '/Game/Hotel/Art/Textures/Lobby/Frames/Frames_Normal_DirectX' while loading NULL.
[2016.03.02-20.14.56:314][366]LogLinker:Warning: Can't find file '/Game/Hotel/Art/Textures/Lobby/Frames/Frames_Base_Color'
[2016.03.02-20.14.56:314][366]LoadErrors: Info Failed to load /Game/Hotel/Art/Textures/Lobby/Frames/Frames_Base_Color.Frames_Base_Color Referenced by PersistentLevel
[2016.03.02-20.14.56:314][366]LogLinker:Warning: Can't find file for asset '/Game/Hotel/Art/Textures/Lobby/Frames/Frames_Base_Color' while loading NULL.
[2016.03.02-20.14.56:314][366]LogLinker:Warning: Can't find file '/Game/Hotel/Art/Textures/Lobby/Frames/Frames_Metallic'
[2016.03.02-20.14.56:314][366]LoadErrors: Info Failed to load /Game/Hotel/Art/Textures/Lobby/Frames/Frames_Metallic.Frames_Metallic Referenced by PersistentLevel
[2016.03.02-20.14.56:314][366]LogLinker:Warning: Can't find file for asset '/Game/Hotel/Art/Textures/Lobby/Frames/Frames_Metallic' while loading NULL.
[2016.03.02-20.14.56:314][366]LogLinker:Warning: Can't find file '/Game/Hotel/Art/Textures/Lobby/Frames/Frames_Roughness'
[2016.03.02-20.14.56:315][366]LoadErrors: Info Failed to load /Game/Hotel/Art/Textures/Lobby/Frames/Frames_Roughness.Frames_Roughness Referenced by PersistentLevel
[2016.03.02-20.14.56:315][366]LogLinker:Warning: Can't find file for asset '/Game/Hotel/Art/Textures/Lobby/Frames/Frames_Roughness' while loading NULL.
[2016.03.02-20.14.56:315][366]LogLinker:Warning: Can't find file '/Game/Hotel/Art/Textures/Lobby/Windows/Windows_Normal_DirectX'
[2016.03.02-20.14.56:315][366]LoadErrors: Info Failed to load /Game/Hotel/Art/Textures/Lobby/Windows/Windows_Normal_DirectX.Windows_Normal_DirectX Referenced by PersistentLevel
[2016.03.02-20.14.56:315][366]LogLinker:Warning: Can't find file for asset '/Game/Hotel/Art/Textures/Lobby/Windows/Windows_Normal_DirectX' while loading NULL.
[2016.03.02-20.14.56:315][366]LogLinker:Warning: Can't find file '/Game/Hotel/Art/Textures/Lobby/Windows/Windows_Base_Color'
[2016.03.02-20.14.56:315][366]LoadErrors: Info Failed to load /Game/Hotel/Art/Textures/Lobby/Windows/Windows_Base_Color.Windows_Base_Color Referenced by PersistentLevel
[2016.03.02-20.14.56:316][366]LogLinker:Warning: Can't find file for asset '/Game/Hotel/Art/Textures/Lobby/Windows/Windows_Base_Color' while loading NULL.
[2016.03.02-20.14.56:316][366]LogLinker:Warning: Can't find file '/Game/Hotel/Art/Textures/Lobby/Windows/Windows_Metallic'
[2016.03.02-20.14.56:316][366]LoadErrors: Info Failed to load /Game/Hotel/Art/Textures/Lobby/Windows/Windows_Metallic.Windows_Metallic Referenced by PersistentLevel
[2016.03.02-20.14.56:316][366]LogLinker:Warning: Can't find file for asset '/Game/Hotel/Art/Textures/Lobby/Windows/Windows_Metallic' while loading NULL.
[2016.03.02-20.14.56:316][366]LogLinker:Warning: Can't find file '/Game/Hotel/Art/Textures/Lobby/Windows/Windows_Roughness'
[2016.03.02-20.14.56:316][366]LoadErrors: Info Failed to load /Game/Hotel/Art/Textures/Lobby/Windows/Windows_Roughness.Windows_Roughness Referenced by PersistentLevel
[2016.03.02-20.14.56:316][366]LogLinker:Warning: Can't find file for asset '/Game/Hotel/Art/Textures/Lobby/Windows/Windows_Roughness' while loading NULL.
[2016.03.02-20.14.56:317][366]LogLinker:Warning: Can't find file '/Game/Hotel/Art/Textures/Lobby/Stairs/Stairs_Normal_DirectX'
[2016.03.02-20.14.56:317][366]LoadErrors: Info Failed to load /Game/Hotel/Art/Textures/Lobby/Stairs/Stairs_Normal_DirectX.Stairs_Normal_DirectX Referenced by PersistentLevel
[2016.03.02-20.14.56:317][366]LogLinker:Warning: Can't find file for asset '/Game/Hotel/Art/Textures/Lobby/Stairs/Stairs_Normal_DirectX' while loading NULL.
[2016.03.02-20.14.56:317][366]LogLinker:Warning: Can't find file '/Game/Hotel/Art/Textures/Lobby/Stairs/Stairs_Base_Color'
[2016.03.02-20.14.56:317][366]LoadErrors: Info Failed to load /Game/Hotel/Art/Textures/Lobby/Stairs/Stairs_Base_Color.Stairs_Base_Color Referenced by PersistentLevel
[2016.03.02-20.14.56:317][366]LogLinker:Warning: Can't find file for asset '/Game/Hotel/Art/Textures/Lobby/Stairs/Stairs_Base_Color' while loading NULL.
[2016.03.02-20.14.56:318][366]LogLinker:Warning: Can't find file '/Game/Hotel/Art/Textures/Lobby/Stairs/Stairs_Roughness'
[2016.03.02-20.14.56:318][366]LoadErrors: Info Failed to load /Game/Hotel/Art/Textures/Lobby/Stairs/Stairs_Roughness.Stairs_Roughness Referenced by PersistentLevel
[2016.03.02-20.14.56:318][366]LogLinker:Warning: Can't find file for asset '/Game/Hotel/Art/Textures/Lobby/Stairs/Stairs_Roughness' while loading NULL.
[2016.03.02-20.14.56:318][366]LogLinker:Warning: Can't find file '/Game/Hotel/Art/Textures/Lobby/Doors/Doors_Normal_DirectX'
[2016.03.02-20.14.56:318][366]LoadErrors: Info Failed to load /Game/Hotel/Art/Textures/Lobby/Doors/Doors_Normal_DirectX.Doors_Normal_DirectX Referenced by PersistentLevel
[2016.03.02-20.14.56:318][366]LogLinker:Warning: Can't find file for asset '/Game/Hotel/Art/Textures/Lobby/Doors/Doors_Normal_DirectX' while loading NULL.
[2016.03.02-20.14.56:318][366]LogLinker:Warning: Can't find file '/Game/Hotel/Art/Textures/Lobby/Doors/Doors_Base_Color'
[2016.03.02-20.14.56:319][366]LoadErrors: Info Failed to load /Game/Hotel/Art/Textures/Lobby/Doors/Doors_Base_Color.Doors_Base_Color Referenced by PersistentLevel
[2016.03.02-20.14.56:319][366]LogLinker:Warning: Can't find file for asset '/Game/Hotel/Art/Textures/Lobby/Doors/Doors_Base_Color' while loading NULL.
[2016.03.02-20.14.56:319][366]LogLinker:Warning: Can't find file '/Game/Hotel/Art/Textures/Lobby/Doors/Doors_Metallic'
[2016.03.02-20.14.56:319][366]LoadErrors: Info Failed to load /Game/Hotel/Art/Textures/Lobby/Doors/Doors_Metallic.Doors_Metallic Referenced by PersistentLevel
[2016.03.02-20.14.56:319][366]LogLinker:Warning: Can't find file for asset '/Game/Hotel/Art/Textures/Lobby/Doors/Doors_Metallic' while loading NULL.
[2016.03.02-20.14.56:319][366]LogLinker:Warning: Can't find file '/Game/Hotel/Art/Textures/Lobby/Doors/Doors_Roughness'
[2016.03.02-20.14.56:320][366]LoadErrors: Info Failed to load /Game/Hotel/Art/Textures/Lobby/Doors/Doors_Roughness.Doors_Roughness Referenced by PersistentLevel
[2016.03.02-20.14.56:320][366]LogLinker:Warning: Can't find file for asset '/Game/Hotel/Art/Textures/Lobby/Doors/Doors_Roughness' while loading NULL.
[2016.03.02-20.14.56:327][366]LogLinker:Warning: Can't find file '/Game/Hotel/Art/Models/Lobby/Lobby__Ceiling_haunted'
[2016.03.02-20.14.56:327][366]LoadErrors: Info Failed to load /Game/Hotel/Art/Models/Lobby/Lobby__Ceiling_haunted.Lobby__Ceiling_haunted Referenced by Lobby__Ceiling_haunted_7
[2016.03.02-20.14.56:327][366]LogLinker:Warning: Can't find file for asset '/Game/Hotel/Art/Models/Lobby/Lobby__Ceiling_haunted' while loading NULL.
[2016.03.02-20.14.56:328][366]LogLinker:Warning: Can't find file '/Game/Hotel/Art/Models/Lobby/Lobby_haunted'
[2016.03.02-20.14.56:328][366]LoadErrors: Info Failed to load /Game/Hotel/Art/Models/Lobby/Lobby_haunted.Lobby_haunted Referenced by Lobby_haunted_4
[2016.03.02-20.14.56:328][366]LogLinker:Warning: Can't find file for asset '/Game/Hotel/Art/Models/Lobby/Lobby_haunted' while loading NULL.
[2016.03.02-20.14.56:328][366]LogLinker:Warning: Can't find file '/Game/Hotel/Art/Models/Lobby/Floor'
[2016.03.02-20.14.56:328][366]LoadErrors: Info Failed to load /Game/Hotel/Art/Models/Lobby/Floor.Floor Referenced by Lobby_haunted_4
[2016.03.02-20.14.56:329][366]LogLinker:Warning: Can't find file for asset '/Game/Hotel/Art/Models/Lobby/Floor' while loading NULL.
[2016.03.02-20.14.56:600][366]LogAIModule: Creating AISystem for world Prototype
[2016.03.02-20.14.56:602][366]LogParticles:Warning: InitializeSystem called on an unregistered component. Template=/Game/StarterContent/Particles/Breath.Breath Component=/Game/Hotel/Levels/Prototype.Prototype:PersistentLevel.Breath.ParticleSystemComponent0
[2016.03.02-20.14.56:604][366]LogParticles:Warning: InitializeSystem called on an unregistered component. Template=/Game/StarterContent/Particles/ItemMarker.ItemMarker Component=/Game/Hotel/Levels/Prototype.Prototype:PersistentLevel.ItemMarker.ParticleSystemComponent0
[2016.03.02-20.14.56:604][366]LogParticles:Warning: InitializeSystem called on an unregistered component. Template=/Game/StarterContent/Particles/Dust.Dust Component=/Game/Hotel/Levels/Prototype.Prototype:PersistentLevel.Dust_2.ParticleSystemComponent0
[2016.03.02-20.14.56:604][366]LogParticles:Warning: InitializeSystem called on an unregistered component. Template=/Game/StarterContent/Particles/Fog_Steam.Fog_Steam Component=/Game/Hotel/Levels/Prototype.Prototype:PersistentLevel.Fog_Steam2.ParticleSystemComponent0
[2016.03.02-20.14.56:604][366]LogParticles:Warning: InitializeSystem called on an unregistered component. Template=/Game/StarterContent/Particles/Fog_Steam.Fog_Steam Component=/Game/Hotel/Levels/Prototype.Prototype:PersistentLevel.Fog_Steam3.ParticleSystemComponent0
[2016.03.02-20.14.56:713][366]Cmd: MAP LOAD FILE="../../../../../../Users/Mandy/Documents/GitHub/HotelBete/Content/Hotel/Levels/Prototype.umap" TEMPLATE=0 SHOWPROGRESS=1 FEATURELEVEL=3
[2016.03.02-20.14.56:713][366]LightingResults: New page: Lighting Build
[2016.03.02-20.14.56:737][366]LoadErrors: New page: Loading map: Prototype.umap
[2016.03.02-20.14.56:737][366]MapCheck: New page: Map Check
[2016.03.02-20.14.56:737][366]LightingResults: New page: Lighting Build
[2016.03.02-20.14.56:758][366]LogParticles: Destroying 0 GPU particle simulations for FXSystem 0x000000002CB23CE0
[2016.03.02-20.14.56:777][366]LogEditorServer: Finished looking for orphan Actors (0.000 secs)
[2016.03.02-20.14.56:821][366]Cmd: MAP CHECKDEP NOCLEARLOG
[2016.03.02-20.14.56:882][366]MapCheck: Info Map check complete: 0 Error(s), 0 Warning(s), took 60.39ms to complete.
[2016.03.02-20.14.56:882][366]LogFileHelpers: Loading map 'Prototype' took 0.170
[2016.03.02-20.14.56:886][366]LoadErrors:Error: Error /Game/FirstPersonBP/Blueprints/Enemy : Failed import for Enemy_C /Game/Hotel/Blueprints/Enemies/Enemy.Default__Enemy_C [redirection] in /Game/FirstPersonBP/Blueprints/Enemy
[2016.03.02-20.15.20:133][308]LogFactory: FactoryCreateBinary: StaticMesh with FbxFactory (0 0 C:\Users\Mandy\Documents\maya\projects\default\scenes\Lobby_haunted.fbx)
[2016.03.02-20.15.20:158][308]LogFbx: ItemName: GlobalSettings, ItemCount : 1
[2016.03.02-20.15.20:158][308]LogFbx: ItemName: AnimationStack, ItemCount : 1
[2016.03.02-20.15.20:158][308]LogFbx: ItemName: AnimationLayer, ItemCount : 1
[2016.03.02-20.15.20:158][308]LogFbx: ItemName: Geometry, ItemCount : 26
[2016.03.02-20.15.20:158][308]LogFbx: ItemName: Material, ItemCount : 7
[2016.03.02-20.15.20:158][308]LogFbx: ItemName: Model, ItemCount : 362
[2016.03.02-20.15.20:158][308]LogFbx: ItemName: NodeAttribute, ItemCount : 336
[2016.03.02-20.15.20:158][308]LogFbx: ItemName: AnimationCurveNode, ItemCount : 963
[2016.03.02-20.15.20:220][308]LogFbx: Loading FBX Scene from C:\Users\Mandy\Documents\maya\projects\default\scenes\Lobby_haunted.fbx
[2016.03.02-20.15.21:649][308]LogFbx: FBX Scene Loaded Succesfully
[2016.03.02-20.15.25:110][308]LogFbx: Loading FBX Scene from C:\Users\Mandy\Documents\maya\projects\default\scenes\Lobby_haunted.fbx
[2016.03.02-20.15.26:556][308]LogFbx: FBX Scene Loaded Succesfully
[2016.03.02-20.15.26:606][308]LogLinker:Warning: Can't find file '/Game/Hotel/Art/Models/Lobby/Columns'
[2016.03.02-20.15.26:606][308]LogLinker:Warning: Can't find file '/Game/Hotel/Art/Models/Lobby/Columns'
[2016.03.02-20.15.26:612][308]LogMaterial: Missing cached shader map for material Columns, compiling. 
[2016.03.02-20.15.26:666][308]LogFbx:Warning: Triangulating static mesh Cylinder025
[2016.03.02-20.15.27:805][308]LogLinker:Warning: Can't find file '/Game/Hotel/Art/Models/Lobby/LobbyFloor'
[2016.03.02-20.15.27:805][308]LogLinker:Warning: Can't find file '/Game/Hotel/Art/Models/Lobby/LobbyFloor'
[2016.03.02-20.15.27:837][308]LogMaterial: Missing cached shader map for material LobbyFloor, compiling. 
[2016.03.02-20.15.27:851][308]LogLinker:Warning: Can't find file '/Game/Hotel/Art/Models/Lobby/Walls'
[2016.03.02-20.15.27:851][308]LogLinker:Warning: Can't find file '/Game/Hotel/Art/Models/Lobby/Walls'
[2016.03.02-20.15.27:856][308]LogMaterial: Missing cached shader map for material Walls, compiling. 
[2016.03.02-20.15.28:007][308]LogLinker:Warning: Can't find file '/Game/Hotel/Art/Models/Lobby/Frames'
[2016.03.02-20.15.28:007][308]LogLinker:Warning: Can't find file '/Game/Hotel/Art/Models/Lobby/Frames'
[2016.03.02-20.15.28:014][308]LogMaterial: Missing cached shader map for material Frames, compiling. 
[2016.03.02-20.15.28:242][308]LogLinker:Warning: Can't find file '/Game/Hotel/Art/Models/Lobby/Windows'
[2016.03.02-20.15.28:242][308]LogLinker:Warning: Can't find file '/Game/Hotel/Art/Models/Lobby/Windows'
[2016.03.02-20.15.28:248][308]LogMaterial: Missing cached shader map for material Windows, compiling. 
[2016.03.02-20.15.28:263][308]LogLinker:Warning: Can't find file '/Game/Hotel/Art/Models/Lobby/Stairs'
[2016.03.02-20.15.28:263][308]LogLinker:Warning: Can't find file '/Game/Hotel/Art/Models/Lobby/Stairs'
[2016.03.02-20.15.28:269][308]LogMaterial: Missing cached shader map for material Stairs, compiling. 
[2016.03.02-20.15.28:478][308]LogLinker:Warning: Can't find file '/Game/Hotel/Art/Models/Lobby/Doors'
[2016.03.02-20.15.28:478][308]LogLinker:Warning: Can't find file '/Game/Hotel/Art/Models/Lobby/Doors'
[2016.03.02-20.15.28:483][308]LogMaterial: Missing cached shader map for material Doors, compiling. 
[2016.03.02-20.15.28:504][308]LogFbx:Warning: Triangulating static mesh Door6
[2016.03.02-20.15.28:946][308]LogFbx:Warning: Triangulating static mesh Door1
[2016.03.02-20.15.29:395][308]LogFbx:Warning: Triangulating static mesh Door2
[2016.03.02-20.15.29:841][308]LogFbx:Warning: Triangulating static mesh Door3
[2016.03.02-20.15.30:283][308]LogFbx:Warning: Triangulating static mesh Door7
[2016.03.02-20.15.30:726][308]LogFbx:Warning: Triangulating static mesh Door4
[2016.03.02-20.15.31:150][308]LogFbx:Warning: Triangulating static mesh Door8
[2016.03.02-20.15.31:583][308]LogFbx:Warning: Triangulating static mesh Door5
[2016.03.02-20.15.32:517][308]LogFbx:Warning: Triangulating static mesh Object057
[2016.03.02-20.15.51:230][308]LogFbx:Warning: Triangulating static mesh Line0010
[2016.03.02-20.15.56:352][308]LogStaticMesh: Building static mesh Lobby_haunted...
[2016.03.02-20.16.02:577][308]LogStaticMesh: Built static mesh [6.225376.2s] /Game/Hotel/Art/Models/Lobby/Lobby_haunted.Lobby_haunted
[2016.03.02-20.16.02:900][308]LogStaticMesh:Warning: Lobby_haunted has degenerate tangent bases which will result in incorrect shading. 
[2016.03.02-20.16.03:126][308]FBXImport:Warning: Warning Lobby_haunted has degenerate tangent bases which will result in incorrect shading.  
[2016.03.02-20.17.00:624][913]LogPackageName:Error: DoesPackageExist: DoesPackageExist FAILED: '/Game/Hotel/Art/Textures/Lobby/Columns/' is not a standard unreal filename or a long path name. Reason: Path may not end with a '/'
[2016.03.02-20.17.00:624][913]LogPackageName:Error: DoesPackageExist: DoesPackageExist FAILED: '/Game/Hotel/Art/Textures/Lobby/Columns/' is not a standard unreal filename or a long path name. Reason: Path may not end with a '/'
[2016.03.02-20.17.00:624][913]LogLinker:Warning: Can't find file '/Game/Hotel/Art/Textures/Lobby/Columns/'
[2016.03.02-20.17.00:633][913]LogWindows:Error: Windows GetLastError: The operation completed successfully. (0)
[2016.03.02-20.17.01:092][914]LogCrashTracker: 


[2016.03.02-20.17.01:093][914]LogCrashTracker: 


[2016.03.02-20.17.01:093][914]LogWindows:Error: === Critical error: ===
Assertion failed: GetOuter()==NULL [File:D:\BuildFarm\buildmachine_++depot+UE4-Releases+4.10\Engine\Source\Runtime\CoreUObject\Private\UObject\Package.cpp] [Line: 149] 





[2016.03.02-20.17.01:177][914]LogExit: Executing StaticShutdownAfterError
[2016.03.02-20.17.01:183][914]LogPhysics:Warning: PHYSX: ..\..\PhysX\src\NpScene.cpp (2946) 8 : PxScene::unlockWrite() called without matching call to PxScene::lockWrite(), behaviour will be undefined.
[2016.03.02-20.17.01:184][914]LogPhysics:Warning: PHYSX: ..\..\PhysX\src\NpScene.cpp (2946) 8 : PxScene::unlockWrite() called without matching call to PxScene::lockWrite(), behaviour will be undefined.
[2016.03.02-20.17.01:184][914]LogWindows: FPlatformMisc::RequestExit(1)
[2016.03.02-20.17.01:184][914]Log file closed, 03/02/16 15:17:01
