[2016.02.13-19.48.40:713][  0]Log file open, 02/13/16 14:48:40
[2016.02.13-19.48.40:713][  0]LogInit:Display: Running engine for game: Hotel
[2016.02.13-19.48.40:713][  0]LogPlatformFile: Not using cached read wrapper
[2016.02.13-19.48.40:713][  0]LogInit:Display: RandInit(1351844764) SRandInit(1351844765).
[2016.02.13-19.48.40:713][  0]LogTaskGraph: Started task graph with 4 named threads and 7 total threads.
[2016.02.13-19.48.40:713][  0]LogStats: Stats thread started at 0.060100
[2016.02.13-19.48.40:713][  0]LogInit: Version: 4.10.2-2818068+++depot+UE4-Releases+4.10
[2016.02.13-19.48.40:713][  0]LogInit: API Version: 2758231
[2016.02.13-19.48.40:713][  0]LogInit: Compiled (64-bit): Jan  6 2016 17:36:42
[2016.02.13-19.48.40:713][  0]LogInit: Compiled with Visual C++: 19.00.23026.00
[2016.02.13-19.48.40:713][  0]LogInit: Build Configuration: Development
[2016.02.13-19.48.40:713][  0]LogInit: Branch Name: ++depot+UE4-Releases+4.10
[2016.02.13-19.48.40:713][  0]LogInit: Command line: 
[2016.02.13-19.48.40:713][  0]LogInit: Base directory: F:/Program Files/Epic Games/4.10/Engine/Binaries/Win64/
[2016.02.13-19.48.40:713][  0]LogInit: Rocket: 1
[2016.02.13-19.48.40:716][  0]LogInit: Using libcurl 7.41.0
[2016.02.13-19.48.40:716][  0]LogInit:  - built for x86_64-pc-win32
[2016.02.13-19.48.40:716][  0]LogInit:  - supports SSL with WinSSL
[2016.02.13-19.48.40:716][  0]LogInit:  - other features:
[2016.02.13-19.48.40:716][  0]LogInit:      CURL_VERSION_SSL
[2016.02.13-19.48.40:716][  0]LogInit:      CURL_VERSION_IPV6
[2016.02.13-19.48.40:716][  0]LogInit:      CURL_VERSION_ASYNCHDNS
[2016.02.13-19.48.40:716][  0]LogInit:      CURL_VERSION_LARGEFILE
[2016.02.13-19.48.40:716][  0]LogInit:      CURL_VERSION_IDN
[2016.02.13-19.48.40:716][  0]LogInit:  CurlRequestOptions (configurable via config and command line):
[2016.02.13-19.48.40:716][  0]LogInit:  - bVerifyPeer = true  - Libcurl will verify peer certificate
[2016.02.13-19.48.40:716][  0]LogInit:  - bUseHttpProxy = false  - Libcurl will NOT use HTTP proxy
[2016.02.13-19.48.40:716][  0]LogInit:  - bDontReuseConnections = false  - Libcurl will reuse connections
[2016.02.13-19.48.40:716][  0]LogInit:  - CertBundlePath = nullptr  - Libcurl will use whatever was configured at build time.
[2016.02.13-19.48.40:719][  0]LogInit: Presizing for 0 objects not considered by GC, pre-allocating 0 bytes.
[2016.02.13-19.48.40:723][  0]LogInit: Object subsystem initialized
[2016.02.13-19.48.40:724][  0]LogInit: Selected Device Profile: [Windows]
[2016.02.13-19.48.40:724][  0]LogInit: Applying CVar settings loaded from the selected device profile: [Windows]
[2016.02.13-19.48.40:728][  0]LogInit: Computer: DESKTOP-0FTHH47
[2016.02.13-19.48.40:728][  0]LogInit: User: aehrl
[2016.02.13-19.48.40:728][  0]LogInit: CPU Page size=4096, Cores=4
[2016.02.13-19.48.40:728][  0]LogInit: High frequency timer resolution =3.984649 MHz
[2016.02.13-19.48.40:728][  0]LogMemory: Memory total: Physical=15.9GB (16GB approx)
[2016.02.13-19.48.40:728][  0]LogMemory: Platform Memory Stats for Windows
[2016.02.13-19.48.40:728][  0]LogMemory: Process Physical Memory: 56.20 MB used, 56.20 MB peak
[2016.02.13-19.48.40:728][  0]LogMemory: Process Virtual Memory: 58.89 MB used, 58.89 MB peak
[2016.02.13-19.48.40:728][  0]LogMemory: Physical Memory: 5216.03 MB used, 16322.88 MB total
[2016.02.13-19.48.40:728][  0]LogMemory: Virtual Memory: 385.80 MB used, 134217728.00 MB total
[2016.02.13-19.48.40:749][  0]LogTextLocalizationManager: No specific translations for ('en-US') exist, so ('en') translations will be used.
[2016.02.13-19.48.41:055][  0]LogD3D11RHI: Found D3D11 adapter 0: NVIDIA GeForce GTX 960 (Feature Level 11_0)
[2016.02.13-19.48.41:055][  0]LogD3D11RHI: Adapter has 1969MB of dedicated video memory, 0MB of dedicated system memory, and 8161MB of shared system memory, 3 output[s]
[2016.02.13-19.48.41:056][  0]LogD3D11RHI: Found D3D11 adapter 1: Microsoft Basic Render Driver (Feature Level 11_0)
[2016.02.13-19.48.41:057][  0]LogD3D11RHI: Adapter has 0MB of dedicated video memory, 0MB of dedicated system memory, and 8161MB of shared system memory, 0 output[s]
[2016.02.13-19.48.41:057][  0]LogD3D11RHI: Chosen D3D11 Adapter Id = 0
[2016.02.13-19.48.41:060][  0]LogD3D11RHI: !Direct3DDevice
[2016.02.13-19.48.41:060][  0]LogRHI: Texture pool is 1361 MB (70% of 1945 MB)
[2016.02.13-19.48.41:069][  0]LogD3D11RHI: Async texture creation enabled
[2016.02.13-19.48.41:083][  0]LogShaderCompilers: Guid format shader working directory is -11 characters bigger than the processId version (../../../../../../My Media/UCF Documents/DIG 4725-2/Hotel/Intermediate/Shaders/WorkingDirectory/6600/).
[2016.02.13-19.48.41:083][  0]LogShaderCompilers: Cleaned the shader compiler working directory 'C:/Users/aehrl/AppData/Local/Temp/UnrealShaderWorkingDir/10D978AC47C9AC7BF276A2B85903557F/'.
[2016.02.13-19.48.41:083][  0]LogShaderCompilers:Display: Using Local Shader Compiler.
[2016.02.13-19.48.41:602][  0]LogTemp:Display: Loaded TP AllDesktopTargetPlatform
[2016.02.13-19.48.41:605][  0]LogTemp:Display: Loaded TP WindowsClientTargetPlatform
[2016.02.13-19.48.41:608][  0]LogTemp:Display: Loaded TP WindowsNoEditorTargetPlatform
[2016.02.13-19.48.41:610][  0]LogTemp:Display: Loaded TP WindowsServerTargetPlatform
[2016.02.13-19.48.41:613][  0]LogTemp:Display: Loaded TP WindowsTargetPlatform
[2016.02.13-19.48.41:615][  0]LogTemp:Display: Loaded TP AndroidTargetPlatform
[2016.02.13-19.48.41:617][  0]LogTemp:Display: Loaded TP Android_ASTCTargetPlatform
[2016.02.13-19.48.41:618][  0]LogTemp:Display: Loaded TP Android_ATCTargetPlatform
[2016.02.13-19.48.41:621][  0]LogTemp:Display: Loaded TP Android_DXTTargetPlatform
[2016.02.13-19.48.41:622][  0]LogTemp:Display: Loaded TP Android_ETC1TargetPlatform
[2016.02.13-19.48.41:624][  0]LogTemp:Display: Loaded TP Android_ETC2TargetPlatform
[2016.02.13-19.48.41:628][  0]LogTemp:Display: Loaded TP Android_MultiTargetPlatform
[2016.02.13-19.48.41:628][  0]LogTemp:Display: Loaded TP Android_PVRTCTargetPlatform
[2016.02.13-19.48.41:628][  0]LogTemp:Display: Loaded TP HTML5TargetPlatform
[2016.02.13-19.48.41:642][  0]LogTemp:Display: Loaded TP IOSTargetPlatform
[2016.02.13-19.48.41:644][  0]LogTemp:Display: Loaded TP LinuxNoEditorTargetPlatform
[2016.02.13-19.48.41:645][  0]LogTemp:Display: Loaded TP LinuxServerTargetPlatform
[2016.02.13-19.48.41:647][  0]LogTemp:Display: Loaded TP LinuxTargetPlatform
[2016.02.13-19.48.41:647][  0]LogTargetPlatformManager:Display: Building Assets For Windows
[2016.02.13-19.48.41:686][  0]LogDerivedDataCache:Display: Max Cache Size: 512 MB
[2016.02.13-19.48.41:715][  0]LogDerivedDataCache: Loaded boot cache 0.03s 41MB C:/Users/aehrl/AppData/Local/UnrealEngine/4.10/DerivedDataCache/Boot.ddc.
[2016.02.13-19.48.41:715][  0]LogDerivedDataCache:Display: Loaded Boot cache: C:/Users/aehrl/AppData/Local/UnrealEngine/4.10/DerivedDataCache/Boot.ddc
[2016.02.13-19.48.41:715][  0]LogDerivedDataCache: FDerivedDataBackendGraph:  Pak pak cache file ../../../../../../My Media/UCF Documents/DIG 4725-2/Hotel/DerivedDataCache/DDC.ddp not found, will not use a pak cache.
[2016.02.13-19.48.41:715][  0]LogDerivedDataCache: Unable to find inner node Pak for hierarchical cache Hierarchy.
[2016.02.13-19.48.41:715][  0]LogDerivedDataCache: FDerivedDataBackendGraph:  CompressedPak pak cache file ../../../../../../My Media/UCF Documents/DIG 4725-2/Hotel/DerivedDataCache/Compressed.ddp not found, will not use a pak cache.
[2016.02.13-19.48.41:715][  0]LogDerivedDataCache: Unable to find inner node CompressedPak for hierarchical cache Hierarchy.
[2016.02.13-19.48.41:769][  0]LogDerivedDataCache:Display: Pak cache opened for reading ../../../Engine/DerivedDataCache/Compressed.ddp.
[2016.02.13-19.48.41:781][  0]LogDerivedDataCache: Using Local data cache path C:/Users/aehrl/AppData/Local/UnrealEngine/Common/DerivedDataCache: Writable
[2016.02.13-19.48.41:890][  0]LogInit: Selected Device Profile: [Windows]
[2016.02.13-19.48.41:893][  0]LogContentStreaming: Texture pool size is 0.000000MB
[2016.02.13-19.48.41:961][  0]LogMeshUtilities: No automatic mesh reduction module available
[2016.02.13-19.48.41:961][  0]LogMeshUtilities: No automatic mesh merging module available
[2016.02.13-19.48.42:099][  0]LogInit: WinSock: version 1.1 (2.2), MaxSocks=32767, MaxUdp=65467
[2016.02.13-19.48.42:563][  0]LogAssetRegistry: FAssetRegistry took 0.0108 seconds to start up
[2016.02.13-19.48.42:573][  0]UdpMessaging: Initializing bridge on interface 0.0.0.0:0 to multicast group 230.0.0.1:6666.
[2016.02.13-19.48.42:737][  0]SourceControl: Info Source control is disabled
[2016.02.13-19.48.42:777][  0]SourceControl: Info Source control is disabled
[2016.02.13-19.48.42:782][  0]SourceControl: Info Source control is disabled
[2016.02.13-19.48.42:787][  0]SourceControl: Info Source control is disabled
[2016.02.13-19.48.42:901][  0]LogObj: 28802 objects as part of root set at end of initial load.
[2016.02.13-19.48.42:901][  0]LogUObjectAllocator: 6129776 out of 0 bytes used by permanent object pool.
[2016.02.13-19.48.42:941][  0]LogEngine: Initializing Engine...
[2016.02.13-19.48.42:942][  0]LogHMD: Can't find Oculus library dev build: is proper Runtime installed? Version: 0.8.0.0
[2016.02.13-19.48.42:943][  0]LogHMD: SteamVR failed to initialize.  Err: 110
[2016.02.13-19.48.43:018][  0]LogAIModule: Creating AISystem for world NewWorld
[2016.02.13-19.48.43:025][  0]LogInit: XAudio2 using 'Speakers (2- High Definition Audio Device)' : 2 channels at 44.1 kHz using 16 bits per sample (channel mask 0x3)
[2016.02.13-19.48.43:032][  0]LogInit: FAudioDevice initialized.
[2016.02.13-19.48.43:046][  0]LogDerivedDataCache: Saved boot cache 0.01s 41MB C:/Users/aehrl/AppData/Local/UnrealEngine/4.10/DerivedDataCache/Boot.ddc.
[2016.02.13-19.48.43:048][  0]LogInit: Texture streaming: Enabled
[2016.02.13-19.48.43:050][  0]LogAnalytics: Creating configured Analytics provider AnalyticsET
[2016.02.13-19.48.43:050][  0]LogAnalytics: [UEEditor.Rocket.Release] APIServer = http://et2.epicgames.com/ET2/. AppVersion = 4.10.2-2818068+++depot+UE4-Releases+4.10
[2016.02.13-19.48.43:050][  0]LogAnalytics: [UEEditor.Rocket.Release] SetUserId 0b01f67c451c321928712b89b2c25d66|b300224d71e64562a5bff06c2aaa78f8|4d10a4aa-bc91-4e54-b274-9b5f458b8e77
[2016.02.13-19.48.43:050][  0]LogAnalytics: [UEEditor.Rocket.Release] AnalyticsET::StartSession
[2016.02.13-19.48.43:055][  0]LogInit: Transaction tracking system initialized
[2016.02.13-19.48.43:067][  0]BlueprintLog: New page: Editor Load
[2016.02.13-19.48.43:104][  0]LocalizationService: Info Localization service is disabled
[2016.02.13-19.48.43:147][  0]LogConsoleResponse:Display: 
[2016.02.13-19.48.43:216][  0]LogCook:Display: Done creating registry. It took  0.00s.
[2016.02.13-19.48.43:242][  0]LogFileCache: Scanning file cache for directory 'F:/My Media/UCF Documents/DIG 4725-2/Hotel/Content/' took 0.01s
[2016.02.13-19.48.43:242][  0]SourceControl: Info Source control is disabled
[2016.02.13-19.48.43:242][  0]Cmd: MAP LOAD FILE="../../../Engine/Content/Maps/Templates/Template_Default.umap" TEMPLATE=1 SHOWPROGRESS=1 FEATURELEVEL=3
[2016.02.13-19.48.43:242][  0]LightingResults: New page: Lighting Build
[2016.02.13-19.48.43:243][  0]MapCheck: New page: Map Check
[2016.02.13-19.48.43:243][  0]LightingResults: New page: Lighting Build
[2016.02.13-19.48.43:250][  0]LogParticles: Destroying 0 GPU particle simulations for FXSystem 0x000002521ACCFB00
[2016.02.13-19.48.43:386][  0]LogAIModule: Creating AISystem for world Untitled_1
[2016.02.13-19.48.43:388][  0]LogEditorServer: Finished looking for orphan Actors (0.000 secs)
[2016.02.13-19.48.43:391][  0]Cmd: MAP CHECKDEP NOCLEARLOG
[2016.02.13-19.48.43:417][  0]MapCheck: Info Map check complete: 0 Error(s), 0 Warning(s), took 25.731ms to complete.
[2016.02.13-19.48.43:417][  0]LogFileHelpers: Loading map 'Template_Default' took 0.175
[2016.02.13-19.48.43:526][  0]LogCollectionManager: Loaded 0 collections in 0.000833 seconds
[2016.02.13-19.48.43:572][  0]LogFileCache: Scanning file cache for directory 'F:/My Media/UCF Documents/DIG 4725-2/Hotel/Saved/Collections/' took 0.01s
[2016.02.13-19.48.43:572][  0]LogFileCache: Scanning file cache for directory 'F:/My Media/UCF Documents/DIG 4725-2/Hotel/Content/Developers/aehrl/Collections/' took 0.01s
[2016.02.13-19.48.43:572][  0]LogFileCache: Scanning file cache for directory 'F:/My Media/UCF Documents/DIG 4725-2/Hotel/Content/Collections/' took 0.01s
[2016.02.13-19.48.43:572][  0]LogCollectionManager: Rebuilt the GUID cache for 0 collections in 0.000001 seconds
[2016.02.13-19.48.43:577][  0]LogContentBrowser: Native class hierarchy populated in 0.0044 seconds. Added 1908 classes and 344 folders.
[2016.02.13-19.48.43:580][  0]LogContentBrowser: Native class hierarchy updated for 'WidgetCarousel' in 0.0002 seconds. Added 0 classes and 0 folders.
[2016.02.13-19.48.43:603][  0]LogContentBrowser: Native class hierarchy updated for 'AddContentDialog' in 0.0002 seconds. Added 0 classes and 0 folders.
[2016.02.13-19.48.43:608][  0]LogContentBrowser: Native class hierarchy updated for 'SceneOutliner' in 0.0002 seconds. Added 1 classes and 2 folders.
[2016.02.13-19.48.43:620][  0]LogCrashTracker: Crashtracker disabled due to settings.
[2016.02.13-19.48.43:622][  0]LogUObjectGlobals:Warning: Failed to find object 'Class None.'
[2016.02.13-19.48.43:644][  0]LogLoad: Full Startup: 3.18 seconds (BP compile: 0.02 seconds)
[2016.02.13-19.48.43:654][  0]LogOcInput: Can't find Oculus library dev build: is proper Runtime installed? Version: 0.8.0.0
[2016.02.13-19.48.43:682][  0]LogContentStreaming: Texture pool size now 1000 MB
[2016.02.13-19.48.43:775][  0]LogRenderer: Reallocating scene render targets to support 1208x608 (Frame:2).
[2016.02.13-19.48.43:844][  2]LogAssetRegistry: Asset discovery search completed in 1.2914 seconds
[2016.02.13-19.48.43:844][  2]LogCollectionManager: Rebuilt the object cache for 0 collections in 0.000000 seconds (found 0 objects)
[2016.02.13-19.48.43:844][  2]LogCollectionManager: Fixed up redirectors for 0 collections in 0.000019 seconds (updated 0 objects)
[2016.02.13-19.49.18:574][253]LogSlate:Warning: Prevented a slow task dialog from being summoned while a context menu was open
[2016.02.13-19.49.24:174][914]LogSlate:Warning: Prevented a slow task dialog from being summoned while a context menu was open
[2016.02.13-19.49.24:201][914]LogBlueprint:Warning: [compiler Playerold] Warning Input Axis Event references unknown Axis 'MoveRight' for  InputAxis MoveRight 
[2016.02.13-19.49.24:201][914]LogBlueprint:Warning: [compiler Playerold] Warning Input Axis Event references unknown Axis 'MoveForward' for  InputAxis MoveForward 
[2016.02.13-19.49.24:201][914]LogBlueprint:Warning: [compiler Playerold] Warning Input Axis Event references unknown Axis 'LookUp' for  InputAxis LookUp 
[2016.02.13-19.49.24:201][914]LogBlueprint:Warning: [compiler Playerold] Warning Input Axis Event references unknown Axis 'Turn' for  InputAxis Turn 
[2016.02.13-19.49.24:204][914]LogBlueprint:Warning: [compiler Playerold] Warning [0043.73] Compile of Playerold successful, but with 4 Warning(s) [in 6 ms]
[2016.02.13-19.49.24:204][914]LogBlueprint:Warning: [compiler Playerold] Warning [0043.73] Compile of Playerold successful, but with 5 Warning(s) [in 0 ms]
[2016.02.13-19.49.24:204][914]LogBlueprint:Warning: [compiler Playerold] Warning [0043.73] Compile of Playerold successful, but with 6 Warning(s) [in 0 ms]
[2016.02.13-19.49.24:209][914]LogBlueprint:Warning: [compiler Playerold] Warning Input Axis Event references unknown Axis 'MoveRight' for  InputAxis MoveRight 
[2016.02.13-19.49.24:209][914]LogBlueprint:Warning: [compiler Playerold] Warning Input Axis Event references unknown Axis 'MoveForward' for  InputAxis MoveForward 
[2016.02.13-19.49.24:209][914]LogBlueprint:Warning: [compiler Playerold] Warning Input Axis Event references unknown Axis 'LookUp' for  InputAxis LookUp 
[2016.02.13-19.49.24:209][914]LogBlueprint:Warning: [compiler Playerold] Warning Input Axis Event references unknown Axis 'Turn' for  InputAxis Turn 
[2016.02.13-19.49.24:212][914]LogBlueprint:Warning: [compiler Playerold] Warning [0043.74] Compile of Playerold successful, but with 4 Warning(s) [in 6 ms]
[2016.02.13-19.49.24:212][914]LogBlueprint:Warning: [compiler Playerold] Warning [0043.74] Compile of Playerold successful, but with 5 Warning(s) [in 0 ms]
[2016.02.13-19.49.24:212][914]LogBlueprint:Warning: [compiler Playerold] Warning [0043.74] Compile of Playerold successful, but with 6 Warning(s) [in 0 ms]
[2016.02.13-19.49.29:386][518]LogLinker:Warning: Asset '../../../../../../My Media/UCF Documents/DIG 4725-2/Hotel/Content/FirstPerson/Meshes/FirstPersonProjectileMesh.uasset' has been saved with empty engine version. The asset will be loaded but may be incompatible.
[2016.02.13-19.49.29:525][518]LogBlueprint:Warning: [compiler Player] Warning Input Axis Event references unknown Axis 'LookUp' for  InputAxis LookUp 
[2016.02.13-19.49.29:525][518]LogBlueprint:Warning: [compiler Player] Warning Input Axis Event references unknown Axis 'Turn' for  InputAxis Turn 
[2016.02.13-19.49.29:526][518]LogBlueprint:Warning: [compiler Player] Warning InputAction Event references unknown Action 'Camera' for  InputAction Camera 
[2016.02.13-19.49.29:526][518]LogBlueprint:Warning: [compiler Player] Warning InputAction Event references unknown Action 'Inventory' for  InputAction Inventory 
[2016.02.13-19.49.29:526][518]LogBlueprint:Warning: [compiler Player] Warning InputAction Event references unknown Action 'Action' for  InputAction Action 
[2016.02.13-19.49.29:526][518]LogBlueprint:Warning: [compiler Player] Warning InputAction Event references unknown Action 'Sprint' for  InputAction Sprint 
[2016.02.13-19.49.29:526][518]LogBlueprint:Warning: [compiler Player] Warning Input Axis Event references unknown Axis 'LookUpRate' for  InputAxis LookUpRate 
[2016.02.13-19.49.29:527][518]LogBlueprint:Warning: [compiler Player] Warning Input Axis Event references unknown Axis 'TurnRate' for  InputAxis TurnRate 
[2016.02.13-19.49.29:527][518]LogBlueprint:Warning: [compiler Player] Warning InputAction Event references unknown Action 'Fire' for  InputAction Fire 
[2016.02.13-19.49.29:527][518]LogBlueprint:Warning: [compiler Player] Warning Input Axis Event references unknown Axis 'MoveRight' for  InputAxis MoveRight 
[2016.02.13-19.49.29:527][518]LogBlueprint:Warning: [compiler Player] Warning Input Axis Event references unknown Axis 'MoveForward' for  InputAxis MoveForward 
[2016.02.13-19.49.29:527][518]LogBlueprint:Warning: [compiler Player] Warning InputAction Event references unknown Action 'Jump' for  InputAction Jump 
[2016.02.13-19.49.29:535][518]LogBlueprint:Warning: [compiler Player] Warning [0049.07] Compile of Player successful, but with 12 Warning(s) [in 24 ms]
[2016.02.13-19.49.29:535][518]LogBlueprint:Warning: [compiler Player] Warning [0049.07] Compile of Player successful, but with 13 Warning(s) [in 0 ms]
[2016.02.13-19.49.29:535][518]LogBlueprint:Warning: [compiler Player] Warning [0049.07] Compile of Player successful, but with 14 Warning(s) [in 0 ms]
[2016.02.13-19.49.29:575][518]LogBlueprint:Warning: [compiler Player] Warning Input Axis Event references unknown Axis 'LookUp' for  InputAxis LookUp 
[2016.02.13-19.49.29:575][518]LogBlueprint:Warning: [compiler Player] Warning Input Axis Event references unknown Axis 'Turn' for  InputAxis Turn 
[2016.02.13-19.49.29:576][518]LogBlueprint:Warning: [compiler Player] Warning InputAction Event references unknown Action 'Camera' for  InputAction Camera 
[2016.02.13-19.49.29:576][518]LogBlueprint:Warning: [compiler Player] Warning InputAction Event references unknown Action 'Inventory' for  InputAction Inventory 
[2016.02.13-19.49.29:576][518]LogBlueprint:Warning: [compiler Player] Warning InputAction Event references unknown Action 'Action' for  InputAction Action 
[2016.02.13-19.49.29:576][518]LogBlueprint:Warning: [compiler Player] Warning InputAction Event references unknown Action 'Sprint' for  InputAction Sprint 
[2016.02.13-19.49.29:576][518]LogBlueprint:Warning: [compiler Player] Warning Input Axis Event references unknown Axis 'LookUpRate' for  InputAxis LookUpRate 
[2016.02.13-19.49.29:576][518]LogBlueprint:Warning: [compiler Player] Warning Input Axis Event references unknown Axis 'TurnRate' for  InputAxis TurnRate 
[2016.02.13-19.49.29:576][518]LogBlueprint:Warning: [compiler Player] Warning InputAction Event references unknown Action 'Fire' for  InputAction Fire 
[2016.02.13-19.49.29:576][518]LogBlueprint:Warning: [compiler Player] Warning Input Axis Event references unknown Axis 'MoveRight' for  InputAxis MoveRight 
[2016.02.13-19.49.29:577][518]LogBlueprint:Warning: [compiler Player] Warning Input Axis Event references unknown Axis 'MoveForward' for  InputAxis MoveForward 
[2016.02.13-19.49.29:577][518]LogBlueprint:Warning: [compiler Player] Warning InputAction Event references unknown Action 'Jump' for  InputAction Jump 
[2016.02.13-19.49.29:584][518]LogBlueprint:Warning: [compiler Player] Warning [0049.12] Compile of Player successful, but with 12 Warning(s) [in 24 ms]
[2016.02.13-19.49.29:584][518]LogBlueprint:Warning: [compiler Player] Warning [0049.12] Compile of Player successful, but with 13 Warning(s) [in 0 ms]
[2016.02.13-19.49.29:585][518]LogBlueprint:Warning: [compiler Player] Warning [0049.12] Compile of Player successful, but with 14 Warning(s) [in 0 ms]
[2016.02.13-19.49.29:799][518]LogAIModule: Creating AISystem for world Prototype
[2016.02.13-19.49.29:800][518]LogParticles:Warning: InitializeSystem called on an unregistered component. Template=/Game/StarterContent/Particles/P_Steam_Lit2.P_Steam_Lit2 Component=/Game/Hotel/Levels/Prototype.Prototype:PersistentLevel.P_Steam_Lit2_2.ParticleSystemComponent0
[2016.02.13-19.49.29:842][518]Cmd: MAP LOAD FILE="../../../../../../My Media/UCF Documents/DIG 4725-2/Hotel/Content/Hotel/Levels/Prototype.umap" TEMPLATE=0 SHOWPROGRESS=1 FEATURELEVEL=3
[2016.02.13-19.49.29:842][518]LightingResults: New page: Lighting Build
[2016.02.13-19.49.29:851][518]LoadErrors: New page: Loading map: Prototype.umap
[2016.02.13-19.49.29:851][518]MapCheck: New page: Map Check
[2016.02.13-19.49.29:851][518]LightingResults: New page: Lighting Build
[2016.02.13-19.49.29:858][518]LogParticles: Destroying 0 GPU particle simulations for FXSystem 0x000002520E40B740
[2016.02.13-19.49.29:866][518]LogEditorServer: Finished looking for orphan Actors (0.000 secs)
[2016.02.13-19.49.29:877][518]Cmd: MAP CHECKDEP NOCLEARLOG
[2016.02.13-19.49.29:909][518]MapCheck: Info Map check complete: 0 Error(s), 0 Warning(s), took 31.799ms to complete.
[2016.02.13-19.49.29:909][518]LogFileHelpers: Loading map 'Prototype' took 0.068
[2016.02.13-19.49.34:054][  1]LogBlueprintUserMessages: Early PlayInEditor Detection: Level '/Game/Hotel/Levels/Prototype.Prototype:PersistentLevel' has LevelScriptBlueprint '/Game/Hotel/Levels/Prototype.Prototype:PersistentLevel.Prototype' with GeneratedClass '/Game/Hotel/Levels/Prototype.Prototype_C' with ClassGeneratedBy '/Game/Hotel/Levels/Prototype.Prototype:PersistentLevel.Prototype'
[2016.02.13-19.49.34:054][  1]LogPlayLevel: PlayLevel: No blueprints needed recompiling
[2016.02.13-19.49.34:054][  1]PIE: New page: PIE session: Prototype (Feb 13, 2016, 9:49:34 AM)
[2016.02.13-19.49.34:054][  1]LogPlayLevel: Creating play world package: /Game/Hotel/Levels/UEDPIE_0_Prototype
[2016.02.13-19.49.34:072][  1]LogPlayLevel: PIE: StaticDuplicateObject took: (0.018108s)
[2016.02.13-19.49.34:073][  1]LogAIModule: Creating AISystem for world Prototype
[2016.02.13-19.49.34:073][  1]LogPlayLevel: PIE: World Init took: (0.000474s)
[2016.02.13-19.49.34:073][  1]LogPlayLevel: PIE: Created PIE world by copying editor world from /Game/Hotel/Levels/Prototype.Prototype to /Game/Hotel/Levels/UEDPIE_0_Prototype.Prototype (0.018773s)
[2016.02.13-19.49.34:086][  1]LogInit: XAudio2 using 'Speakers (2- High Definition Audio Device)' : 2 channels at 44.1 kHz using 16 bits per sample (channel mask 0x3)
[2016.02.13-19.49.34:092][  1]LogInit: FAudioDevice initialized.
[2016.02.13-19.49.34:212][  1]LogWorld: Game class is 'FirstPersonGameMode_C'
[2016.02.13-19.49.34:215][  1]LogWorld: Bringing World /Game/Hotel/Levels/UEDPIE_0_Prototype.Prototype up for play (max tick rate 0) at 2016.02.13-14.49.34
[2016.02.13-19.49.34:215][  1]LogActor:Warning: GameSession /Game/Hotel/Levels/UEDPIE_0_Prototype.Prototype:PersistentLevel.GameSession_0 has natively added scene component(s), but none of them were set as the actor's RootComponent - picking one arbitrarily
[2016.02.13-19.49.34:216][  1]LogActor:Warning: GameNetworkManager /Game/Hotel/Levels/UEDPIE_0_Prototype.Prototype:PersistentLevel.GameNetworkManager_0 has natively added scene component(s), but none of them were set as the actor's RootComponent - picking one arbitrarily
[2016.02.13-19.49.34:216][  1]LogWorld: Bringing up level for play took: 0.002976
[2016.02.13-19.49.34:226][  1]PIE: Info Play in editor start time for /Game/Hotel/Levels/UEDPIE_0_Prototype -0.589
[2016.02.13-19.49.34:226][  1]LogBlueprintUserMessages: Late PlayInEditor Detection: Level '/Game/Hotel/Levels/Prototype.Prototype:PersistentLevel' has LevelScriptBlueprint '/Game/Hotel/Levels/Prototype.Prototype:PersistentLevel.Prototype' with GeneratedClass '/Game/Hotel/Levels/Prototype.Prototype_C' with ClassGeneratedBy '/Game/Hotel/Levels/Prototype.Prototype:PersistentLevel.Prototype'
[2016.02.13-19.49.34:251][  2]LogRenderer: Reallocating scene render targets to support 1280x720 (Frame:1736).
[2016.02.13-19.49.38:250][481]LogBlueprintUserMessages: Early EndPlayMap Detection: Level '/Game/Hotel/Levels/Prototype.Prototype:PersistentLevel' has LevelScriptBlueprint '/Game/Hotel/Levels/Prototype.Prototype:PersistentLevel.Prototype' with GeneratedClass '/Game/Hotel/Levels/Prototype.Prototype_C' with ClassGeneratedBy '/Game/Hotel/Levels/Prototype.Prototype:PersistentLevel.Prototype'
[2016.02.13-19.49.38:283][481]LogBlueprintUserMessages: Late EndPlayMap Detection: Level '/Game/Hotel/Levels/Prototype.Prototype:PersistentLevel' has LevelScriptBlueprint '/Game/Hotel/Levels/Prototype.Prototype:PersistentLevel.Prototype' with GeneratedClass '/Game/Hotel/Levels/Prototype.Prototype_C' with ClassGeneratedBy '/Game/Hotel/Levels/Prototype.Prototype:PersistentLevel.Prototype'
[2016.02.13-19.49.38:293][481]LogParticles: Destroying 0 GPU particle simulations for FXSystem 0x00000252256B3E20
[2016.02.13-19.49.52:022][821]LogObjectTools:Warning: ForceReplaceReferences replaced references for a transient object 'DEADCLASS_FirstPersonHUD_C_0' or package '/Engine/Transient'.
[2016.02.13-19.49.52:022][821]LogObjectTools:Warning: ForceReplaceReferences replaced references for a transient object 'DEADCLASS_FirstPersonHUD_C_1' or package '/Engine/Transient'.
[2016.02.13-19.49.52:022][821]LogObjectTools:Warning: ForceReplaceReferences replaced references for a transient object 'DEADCLASS_Playerold_C_2' or package '/Engine/Transient'.
[2016.02.13-19.49.52:022][821]LogObjectTools:Warning: ForceReplaceReferences replaced references for a transient object 'DEADCLASS_Playerold_C_3' or package '/Engine/Transient'.
[2016.02.13-19.49.52:022][821]LogObjectTools:Warning: ForceReplaceReferences replaced references for a transient object 'DEADCLASS_FirstPersonGameMode_C_4' or package '/Engine/Transient'.
[2016.02.13-19.49.52:023][821]LogObjectTools:Warning: ForceReplaceReferences replaced references for a transient object 'DEADCLASS_FirstPersonGameMode_C_5' or package '/Engine/Transient'.
[2016.02.13-19.49.52:023][821]LogObjectTools:Warning: ForceReplaceReferences replaced references for a transient object 'Default__DEADCLASS_FirstPersonGameMode_C_4' or package '/Engine/Transient'.
[2016.02.13-19.49.52:023][821]LogObjectTools:Warning: ForceReplaceReferences replaced references for a transient object 'REINST_FirstPersonHUD_C_110' or package '/Engine/Transient'.
[2016.02.13-19.49.52:023][821]LogObjectTools:Warning: ForceReplaceReferences replaced references for a transient object 'REINST_SKEL_FirstPersonGameMode_C_115' or package '/Engine/Transient'.
[2016.02.13-19.49.52:023][821]LogObjectTools:Warning: ForceReplaceReferences replaced references for a transient object 'Default__REINST_FirstPersonGameMode_C_114' or package '/Engine/Transient'.
[2016.02.13-19.49.52:023][821]LogObjectTools:Warning: ForceReplaceReferences replaced references for a transient object 'REINST_FirstPersonGameMode_C_114' or package '/Engine/Transient'.
[2016.02.13-19.49.52:023][821]LogObjectTools:Warning: ForceReplaceReferences replaced references for a transient object 'REINST_SKEL_Playerold_C_113' or package '/Engine/Transient'.
[2016.02.13-19.49.52:023][821]LogObjectTools:Warning: ForceReplaceReferences replaced references for a transient object 'REINST_Playerold_C_112' or package '/Engine/Transient'.
[2016.02.13-19.49.52:023][821]LogObjectTools:Warning: ForceReplaceReferences replaced references for a transient object 'REINST_SKEL_FirstPersonHUD_C_111' or package '/Engine/Transient'.
[2016.02.13-19.49.54:887][147]LogLinker:Warning: Can't find file '/Game/Hotel/Blueprints/Player_old/FirstPersonGameMode'
[2016.02.13-19.49.54:888][147]LogLinker:Warning: Can't find file '/Game/Hotel/Blueprints/Player_old/FirstPersonGameMode'
[2016.02.13-19.49.54:888][147]LogUObjectGlobals:Warning: Failed to find object 'Object /Game/Hotel/Blueprints/Player_old/FirstPersonGameMode.FirstPersonGameMode_C'
[2016.02.13-19.49.54:888][147]LogLinker:Warning: Can't find file '/Game/Hotel/Blueprints/Player_old/FirstPersonGameMode'
[2016.02.13-19.49.54:888][147]LogUObjectGlobals:Warning: Failed to find object 'Object /Game/Hotel/Blueprints/Player_old/FirstPersonGameMode.FirstPersonGameMode_C'
[2016.02.13-19.49.56:275][304]LogLinker:Warning: Can't find file '/Game/Hotel/Blueprints/Player_old/FirstPersonGameMode'
[2016.02.13-19.49.56:275][304]LogUObjectGlobals:Warning: Failed to find object 'Object /Game/Hotel/Blueprints/Player_old/FirstPersonGameMode.FirstPersonGameMode_C'
[2016.02.13-19.49.56:275][304]LogLinker:Warning: Can't find file '/Game/Hotel/Blueprints/Player_old/FirstPersonGameMode'
[2016.02.13-19.49.56:275][304]LogUObjectGlobals:Warning: Failed to find object 'Object /Game/Hotel/Blueprints/Player_old/FirstPersonGameMode.FirstPersonGameMode_C'
[2016.02.13-19.49.56:714][353]LogSlate:Warning: Prevented a slow task dialog from being summoned while a context menu was open
[2016.02.13-19.50.00:571][806]LogSlate:Warning: Prevented a slow task dialog from being summoned while a context menu was open
[2016.02.13-19.50.00:583][806]LogLinker:Warning: Asset '../../../../../../My Media/UCF Documents/DIG 4725-2/Hotel/Content/FirstPerson/Meshes/FirstPersonProjectileMesh.uasset' has been saved with empty engine version. The asset will be loaded but may be incompatible.
[2016.02.13-19.50.00:607][806]LogLinker:Warning: Can't find file '/Game/Hotel/Blueprints/Player_old/FirstPersonGameMode'
[2016.02.13-19.50.00:608][806]LogLinker:Warning: Can't find file for asset '/Game/Hotel/Blueprints/Player_old/FirstPersonGameMode' while loading ../../../../../../My Media/UCF Documents/DIG 4725-2/Hotel/Content/FirstPersonBP/Blueprints/FirstPersonGameMode.uasset.
[2016.02.13-19.50.00:608][806]LoadErrors:Error: Error /Game/FirstPersonBP/Blueprints/FirstPersonGameMode : Can't find file for asset. /Game/Hotel/Blueprints/Player_old/FirstPersonGameMode
[2016.02.13-19.50.00:609][806]LogLinker:Warning: Can't find file '/Game/Hotel/Blueprints/Player_old/FirstPersonGameMode'
[2016.02.13-19.50.00:609][806]LogLinker:Warning: Can't find file for asset '/Game/Hotel/Blueprints/Player_old/FirstPersonGameMode' while loading ../../../../../../My Media/UCF Documents/DIG 4725-2/Hotel/Content/FirstPersonBP/Blueprints/FirstPersonGameMode.uasset.
[2016.02.13-19.50.00:609][806]LogLinker:Warning: Can't find file '/Game/Hotel/Blueprints/Player_old/FirstPersonGameMode'
[2016.02.13-19.50.00:609][806]LogLinker:Warning: Can't find file for asset '/Game/Hotel/Blueprints/Player_old/FirstPersonGameMode' while loading NULL.
[2016.02.13-19.50.00:609][806]LogLinker:Warning: Can't find file '/Game/Hotel/Blueprints/Player_old/FirstPersonGameMode'
[2016.02.13-19.50.00:610][806]LogLinker:Warning: Can't find file for asset '/Game/Hotel/Blueprints/Player_old/FirstPersonGameMode' while loading NULL.
[2016.02.13-19.50.00:610][806]LogLinker:Warning: Can't find file '/Game/Hotel/Blueprints/Player_old/FirstPersonGameMode'
[2016.02.13-19.50.00:610][806]LogLinker:Warning: Can't find file for asset '/Game/Hotel/Blueprints/Player_old/FirstPersonGameMode' while loading NULL.
[2016.02.13-19.50.00:610][806]LogLinker:Warning: Can't find file '/Game/Hotel/Blueprints/Player_old/FirstPersonGameMode'
[2016.02.13-19.50.00:610][806]LoadErrors: Info Failed to load /Game/Hotel/Blueprints/Player_old/FirstPersonGameMode.FirstPersonGameMode_C Referenced by FirstPersonGameMode
[2016.02.13-19.50.00:610][806]LogLinker:Warning: Can't find file for asset '/Game/Hotel/Blueprints/Player_old/FirstPersonGameMode' while loading NULL.
[2016.02.13-19.50.02:317][996]LogBlueprintUserMessages: Early PlayInEditor Detection: Level '/Game/Hotel/Levels/Prototype.Prototype:PersistentLevel' has LevelScriptBlueprint '/Game/Hotel/Levels/Prototype.Prototype:PersistentLevel.Prototype' with GeneratedClass '/Game/Hotel/Levels/Prototype.Prototype_C' with ClassGeneratedBy '/Game/Hotel/Levels/Prototype.Prototype:PersistentLevel.Prototype'
[2016.02.13-19.50.02:317][996]LogPlayLevel: PlayLevel: No blueprints needed recompiling
[2016.02.13-19.50.02:317][996]PIE: New page: PIE session: Prototype (Feb 13, 2016, 9:50:02 AM)
[2016.02.13-19.50.02:317][996]LogPlayLevel: Creating play world package: /Game/Hotel/Levels/UEDPIE_0_Prototype
[2016.02.13-19.50.02:331][996]LogPlayLevel: PIE: StaticDuplicateObject took: (0.014026s)
[2016.02.13-19.50.02:332][996]LogAIModule: Creating AISystem for world Prototype
[2016.02.13-19.50.02:332][996]LogPlayLevel: PIE: World Init took: (0.000653s)
[2016.02.13-19.50.02:332][996]LogPlayLevel: PIE: Created PIE world by copying editor world from /Game/Hotel/Levels/Prototype.Prototype to /Game/Hotel/Levels/UEDPIE_0_Prototype.Prototype (0.014900s)
[2016.02.13-19.50.02:348][996]LogInit: XAudio2 using 'Speakers (2- High Definition Audio Device)' : 2 channels at 44.1 kHz using 16 bits per sample (channel mask 0x3)
[2016.02.13-19.50.02:353][996]LogInit: FAudioDevice initialized.
[2016.02.13-19.50.02:451][996]LogWorld: Game class is 'FirstPersonGameMode_C'
[2016.02.13-19.50.02:454][996]LogWorld: Bringing World /Game/Hotel/Levels/UEDPIE_0_Prototype.Prototype up for play (max tick rate 0) at 2016.02.13-14.50.02
[2016.02.13-19.50.02:454][996]LogActor:Warning: GameSession /Game/Hotel/Levels/UEDPIE_0_Prototype.Prototype:PersistentLevel.GameSession_1 has natively added scene component(s), but none of them were set as the actor's RootComponent - picking one arbitrarily
[2016.02.13-19.50.02:454][996]LogActor:Warning: GameNetworkManager /Game/Hotel/Levels/UEDPIE_0_Prototype.Prototype:PersistentLevel.GameNetworkManager_1 has natively added scene component(s), but none of them were set as the actor's RootComponent - picking one arbitrarily
[2016.02.13-19.50.02:455][996]LogWorld: Bringing up level for play took: 0.003136
[2016.02.13-19.50.02:455][996]LogSpawn:Warning: SpawnActor failed because no class was specified
[2016.02.13-19.50.02:467][996]PIE: Info Play in editor start time for /Game/Hotel/Levels/UEDPIE_0_Prototype -0.348
[2016.02.13-19.50.02:467][996]LogBlueprintUserMessages: Late PlayInEditor Detection: Level '/Game/Hotel/Levels/Prototype.Prototype:PersistentLevel' has LevelScriptBlueprint '/Game/Hotel/Levels/Prototype.Prototype:PersistentLevel.Prototype' with GeneratedClass '/Game/Hotel/Levels/Prototype.Prototype_C' with ClassGeneratedBy '/Game/Hotel/Levels/Prototype.Prototype:PersistentLevel.Prototype'
[2016.02.13-19.50.05:874][403]LogBlueprintUserMessages: Early EndPlayMap Detection: Level '/Game/Hotel/Levels/Prototype.Prototype:PersistentLevel' has LevelScriptBlueprint '/Game/Hotel/Levels/Prototype.Prototype:PersistentLevel.Prototype' with GeneratedClass '/Game/Hotel/Levels/Prototype.Prototype_C' with ClassGeneratedBy '/Game/Hotel/Levels/Prototype.Prototype:PersistentLevel.Prototype'
[2016.02.13-19.50.05:906][403]LogBlueprintUserMessages: Late EndPlayMap Detection: Level '/Game/Hotel/Levels/Prototype.Prototype:PersistentLevel' has LevelScriptBlueprint '/Game/Hotel/Levels/Prototype.Prototype:PersistentLevel.Prototype' with GeneratedClass '/Game/Hotel/Levels/Prototype.Prototype_C' with ClassGeneratedBy '/Game/Hotel/Levels/Prototype.Prototype:PersistentLevel.Prototype'
[2016.02.13-19.50.05:915][403]LogParticles: Destroying 0 GPU particle simulations for FXSystem 0x0000025222B31E40
[2016.02.13-19.50.10:949][988]LogLinker:Warning: Asset '../../../Engine/Content/ArtTools/RenderToTexture/Macros/RenderToTextureMacros.uasset' has been saved with empty engine version. The asset will be loaded but may be incompatible.
[2016.02.13-19.50.11:190][988]LogContentBrowser: Native class hierarchy updated for 'BlueprintGraph' in 0.0005 seconds. Added 107 classes and 0 folders.
[2016.02.13-19.50.11:403][988]LogActor:Warning: GameNetworkManager /Engine/Transient.World_2:PersistentLevel.GameNetworkManager_2 has natively added scene component(s), but none of them were set as the actor's RootComponent - picking one arbitrarily
[2016.02.13-19.50.23:800][471]BlueprintLog: New page: Compile FirstPersonGameMode
[2016.02.13-19.50.23:867][471]BlueprintEditorCompileResults: Info [0103.40] Compile of FirstPersonGameMode successful! [in 66 ms]
[2016.02.13-19.50.44:780][942]LogSlate:Warning: Prevented a slow task dialog from being summoned while a context menu was open
[2016.02.13-19.50.47:371][249]LogSlate:Warning: Prevented a slow task dialog from being summoned while a context menu was open
[2016.02.13-19.50.54:987][112]BlueprintLog: New page: Compile FirstPersonGameMode
[2016.02.13-19.50.55:015][112]LogActorComponent: UnregisterComponent: (/Engine/Transient.MovementComponent0) Not registered. Aborting.
[2016.02.13-19.50.55:034][112]BlueprintEditorCompileResults: Info [0134.57] Compile of FirstPersonGameMode successful! [in 47 ms]
[2016.02.13-19.50.56:148][239]LogSavePackage: Save=4.066607ms
[2016.02.13-19.50.56:149][239]LogSavePackage: Moving '../../../../../../My Media/UCF Documents/DIG 4725-2/Hotel/Saved/FirstPersonGameModeE4347AEC4E3167EA900129BC79DD503E.tmp' to '../../../../../../My Media/UCF Documents/DIG 4725-2/Hotel/Content/FirstPersonBP/Blueprints/FirstPersonGameMode.uasset'
[2016.02.13-19.50.56:150][239]LogSavePackage: Total save time: 7.059593ms
[2016.02.13-19.50.56:150][239]LogSavePackage:Display: Finished SavePackage ../../../../../../My Media/UCF Documents/DIG 4725-2/Hotel/Content/FirstPersonBP/Blueprints/FirstPersonGameMode.uasset
[2016.02.13-19.50.58:334][484]LogBlueprintUserMessages: Early PlayInEditor Detection: Level '/Game/Hotel/Levels/Prototype.Prototype:PersistentLevel' has LevelScriptBlueprint '/Game/Hotel/Levels/Prototype.Prototype:PersistentLevel.Prototype' with GeneratedClass '/Game/Hotel/Levels/Prototype.Prototype_C' with ClassGeneratedBy '/Game/Hotel/Levels/Prototype.Prototype:PersistentLevel.Prototype'
[2016.02.13-19.50.58:334][484]LogPlayLevel: PlayLevel: No blueprints needed recompiling
[2016.02.13-19.50.58:334][484]PIE: New page: PIE session: Prototype (Feb 13, 2016, 9:50:58 AM)
[2016.02.13-19.50.58:334][484]LogPlayLevel: Creating play world package: /Game/Hotel/Levels/UEDPIE_0_Prototype
[2016.02.13-19.50.58:348][484]LogPlayLevel: PIE: StaticDuplicateObject took: (0.014730s)
[2016.02.13-19.50.58:349][484]LogAIModule: Creating AISystem for world Prototype
[2016.02.13-19.50.58:349][484]LogPlayLevel: PIE: World Init took: (0.000661s)
[2016.02.13-19.50.58:349][484]LogPlayLevel: PIE: Created PIE world by copying editor world from /Game/Hotel/Levels/Prototype.Prototype to /Game/Hotel/Levels/UEDPIE_0_Prototype.Prototype (0.015606s)
[2016.02.13-19.50.58:375][484]LogInit: XAudio2 using 'Speakers (2- High Definition Audio Device)' : 2 channels at 44.1 kHz using 16 bits per sample (channel mask 0x3)
[2016.02.13-19.50.58:380][484]LogInit: FAudioDevice initialized.
[2016.02.13-19.50.58:484][484]LogWorld: Game class is 'FirstPersonGameMode_C'
[2016.02.13-19.50.58:487][484]LogWorld: Bringing World /Game/Hotel/Levels/UEDPIE_0_Prototype.Prototype up for play (max tick rate 0) at 2016.02.13-14.50.58
[2016.02.13-19.50.58:487][484]LogActor:Warning: GameSession /Game/Hotel/Levels/UEDPIE_0_Prototype.Prototype:PersistentLevel.GameSession_2 has natively added scene component(s), but none of them were set as the actor's RootComponent - picking one arbitrarily
[2016.02.13-19.50.58:487][484]LogActor:Warning: GameNetworkManager /Game/Hotel/Levels/UEDPIE_0_Prototype.Prototype:PersistentLevel.GameNetworkManager_3 has natively added scene component(s), but none of them were set as the actor's RootComponent - picking one arbitrarily
[2016.02.13-19.50.58:487][484]LogWorld: Bringing up level for play took: 0.002857
[2016.02.13-19.50.58:499][484]PIE: Info Play in editor start time for /Game/Hotel/Levels/UEDPIE_0_Prototype -0.316
[2016.02.13-19.50.58:499][484]LogBlueprintUserMessages: Late PlayInEditor Detection: Level '/Game/Hotel/Levels/Prototype.Prototype:PersistentLevel' has LevelScriptBlueprint '/Game/Hotel/Levels/Prototype.Prototype:PersistentLevel.Prototype' with GeneratedClass '/Game/Hotel/Levels/Prototype.Prototype_C' with ClassGeneratedBy '/Game/Hotel/Levels/Prototype.Prototype:PersistentLevel.Prototype'
[2016.02.13-19.51.01:548][848]LogBlueprintUserMessages: Early EndPlayMap Detection: Level '/Game/Hotel/Levels/Prototype.Prototype:PersistentLevel' has LevelScriptBlueprint '/Game/Hotel/Levels/Prototype.Prototype:PersistentLevel.Prototype' with GeneratedClass '/Game/Hotel/Levels/Prototype.Prototype_C' with ClassGeneratedBy '/Game/Hotel/Levels/Prototype.Prototype:PersistentLevel.Prototype'
[2016.02.13-19.51.01:582][848]LogBlueprintUserMessages: Late EndPlayMap Detection: Level '/Game/Hotel/Levels/Prototype.Prototype:PersistentLevel' has LevelScriptBlueprint '/Game/Hotel/Levels/Prototype.Prototype:PersistentLevel.Prototype' with GeneratedClass '/Game/Hotel/Levels/Prototype.Prototype_C' with ClassGeneratedBy '/Game/Hotel/Levels/Prototype.Prototype:PersistentLevel.Prototype'
[2016.02.13-19.51.01:598][848]LogParticles: Destroying 0 GPU particle simulations for FXSystem 0x000002522AB574C0
[2016.02.13-19.51.04:833][233]LogBlueprintUserMessages: Early PlayInEditor Detection: Level '/Game/Hotel/Levels/Prototype.Prototype:PersistentLevel' has LevelScriptBlueprint '/Game/Hotel/Levels/Prototype.Prototype:PersistentLevel.Prototype' with GeneratedClass '/Game/Hotel/Levels/Prototype.Prototype_C' with ClassGeneratedBy '/Game/Hotel/Levels/Prototype.Prototype:PersistentLevel.Prototype'
[2016.02.13-19.51.04:833][233]LogPlayLevel: PlayLevel: No blueprints needed recompiling
[2016.02.13-19.51.04:833][233]PIE: New page: PIE session: Prototype (Feb 13, 2016, 9:51:04 AM)
[2016.02.13-19.51.04:833][233]LogPlayLevel: Creating play world package: /Game/Hotel/Levels/UEDPIE_0_Prototype
[2016.02.13-19.51.04:847][233]LogPlayLevel: PIE: StaticDuplicateObject took: (0.014073s)
[2016.02.13-19.51.04:848][233]LogAIModule: Creating AISystem for world Prototype
[2016.02.13-19.51.04:848][233]LogPlayLevel: PIE: World Init took: (0.000534s)
[2016.02.13-19.51.04:848][233]LogPlayLevel: PIE: Created PIE world by copying editor world from /Game/Hotel/Levels/Prototype.Prototype to /Game/Hotel/Levels/UEDPIE_0_Prototype.Prototype (0.014787s)
[2016.02.13-19.51.04:870][233]LogInit: XAudio2 using 'Speakers (2- High Definition Audio Device)' : 2 channels at 44.1 kHz using 16 bits per sample (channel mask 0x3)
[2016.02.13-19.51.04:876][233]LogInit: FAudioDevice initialized.
[2016.02.13-19.51.04:970][233]LogWorld: Game class is 'FirstPersonGameMode_C'
[2016.02.13-19.51.04:973][233]LogWorld: Bringing World /Game/Hotel/Levels/UEDPIE_0_Prototype.Prototype up for play (max tick rate 0) at 2016.02.13-14.51.04
[2016.02.13-19.51.04:973][233]LogActor:Warning: GameSession /Game/Hotel/Levels/UEDPIE_0_Prototype.Prototype:PersistentLevel.GameSession_3 has natively added scene component(s), but none of them were set as the actor's RootComponent - picking one arbitrarily
[2016.02.13-19.51.04:973][233]LogActor:Warning: GameNetworkManager /Game/Hotel/Levels/UEDPIE_0_Prototype.Prototype:PersistentLevel.GameNetworkManager_4 has natively added scene component(s), but none of them were set as the actor's RootComponent - picking one arbitrarily
[2016.02.13-19.51.04:974][233]LogWorld: Bringing up level for play took: 0.003412
[2016.02.13-19.51.04:988][233]PIE: Info Play in editor start time for /Game/Hotel/Levels/UEDPIE_0_Prototype 0.173
[2016.02.13-19.51.04:988][233]LogBlueprintUserMessages: Late PlayInEditor Detection: Level '/Game/Hotel/Levels/Prototype.Prototype:PersistentLevel' has LevelScriptBlueprint '/Game/Hotel/Levels/Prototype.Prototype:PersistentLevel.Prototype' with GeneratedClass '/Game/Hotel/Levels/Prototype.Prototype_C' with ClassGeneratedBy '/Game/Hotel/Levels/Prototype.Prototype:PersistentLevel.Prototype'
[2016.02.13-19.51.06:637][429]LogBlueprintUserMessages: Early EndPlayMap Detection: Level '/Game/Hotel/Levels/Prototype.Prototype:PersistentLevel' has LevelScriptBlueprint '/Game/Hotel/Levels/Prototype.Prototype:PersistentLevel.Prototype' with GeneratedClass '/Game/Hotel/Levels/Prototype.Prototype_C' with ClassGeneratedBy '/Game/Hotel/Levels/Prototype.Prototype:PersistentLevel.Prototype'
[2016.02.13-19.51.06:676][429]LogBlueprintUserMessages: Late EndPlayMap Detection: Level '/Game/Hotel/Levels/Prototype.Prototype:PersistentLevel' has LevelScriptBlueprint '/Game/Hotel/Levels/Prototype.Prototype:PersistentLevel.Prototype' with GeneratedClass '/Game/Hotel/Levels/Prototype.Prototype_C' with ClassGeneratedBy '/Game/Hotel/Levels/Prototype.Prototype:PersistentLevel.Prototype'
[2016.02.13-19.51.06:704][430]LogParticles: Destroying 0 GPU particle simulations for FXSystem 0x000002524A3839C0
[2016.02.13-19.55.42:983][921]LogBlueprintUserMessages: Early PlayInEditor Detection: Level '/Game/Hotel/Levels/Prototype.Prototype:PersistentLevel' has LevelScriptBlueprint '/Game/Hotel/Levels/Prototype.Prototype:PersistentLevel.Prototype' with GeneratedClass '/Game/Hotel/Levels/Prototype.Prototype_C' with ClassGeneratedBy '/Game/Hotel/Levels/Prototype.Prototype:PersistentLevel.Prototype'
[2016.02.13-19.55.42:983][921]LogPlayLevel: PlayLevel: No blueprints needed recompiling
[2016.02.13-19.55.42:983][921]PIE: New page: PIE session: Prototype (Feb 13, 2016, 9:55:42 AM)
[2016.02.13-19.55.42:983][921]LogPlayLevel: Creating play world package: /Game/Hotel/Levels/UEDPIE_0_Prototype
[2016.02.13-19.55.42:997][921]LogPlayLevel: PIE: StaticDuplicateObject took: (0.014742s)
[2016.02.13-19.55.42:998][921]LogAIModule: Creating AISystem for world Prototype
[2016.02.13-19.55.42:999][921]LogPlayLevel: PIE: World Init took: (0.000712s)
[2016.02.13-19.55.42:999][921]LogPlayLevel: PIE: Created PIE world by copying editor world from /Game/Hotel/Levels/Prototype.Prototype to /Game/Hotel/Levels/UEDPIE_0_Prototype.Prototype (0.015724s)
[2016.02.13-19.55.43:022][921]LogInit: XAudio2 using 'Speakers (2- High Definition Audio Device)' : 2 channels at 44.1 kHz using 16 bits per sample (channel mask 0x3)
[2016.02.13-19.55.43:028][921]LogInit: FAudioDevice initialized.
[2016.02.13-19.55.43:157][921]LogWorld: Game class is 'FirstPersonGameMode_C'
[2016.02.13-19.55.43:162][921]LogWorld: Bringing World /Game/Hotel/Levels/UEDPIE_0_Prototype.Prototype up for play (max tick rate 0) at 2016.02.13-14.55.43
[2016.02.13-19.55.43:162][921]LogActor:Warning: GameSession /Game/Hotel/Levels/UEDPIE_0_Prototype.Prototype:PersistentLevel.GameSession_4 has natively added scene component(s), but none of them were set as the actor's RootComponent - picking one arbitrarily
[2016.02.13-19.55.43:162][921]LogActor:Warning: GameNetworkManager /Game/Hotel/Levels/UEDPIE_0_Prototype.Prototype:PersistentLevel.GameNetworkManager_5 has natively added scene component(s), but none of them were set as the actor's RootComponent - picking one arbitrarily
[2016.02.13-19.55.43:162][921]LogWorld: Bringing up level for play took: 0.003948
[2016.02.13-19.55.43:175][921]PIE: Info Play in editor start time for /Game/Hotel/Levels/UEDPIE_0_Prototype 0.36
[2016.02.13-19.55.43:175][921]LogBlueprintUserMessages: Late PlayInEditor Detection: Level '/Game/Hotel/Levels/Prototype.Prototype:PersistentLevel' has LevelScriptBlueprint '/Game/Hotel/Levels/Prototype.Prototype:PersistentLevel.Prototype' with GeneratedClass '/Game/Hotel/Levels/Prototype.Prototype_C' with ClassGeneratedBy '/Game/Hotel/Levels/Prototype.Prototype:PersistentLevel.Prototype'
[2016.02.13-19.55.49:755][352]LogSelection:Warning: PIE object was selected: "StaticMeshActor /Game/Hotel/Levels/UEDPIE_0_Prototype.Prototype:PersistentLevel.Wall1_17"
[2016.02.13-19.55.52:540][661]LogSelection:Warning: PIE object was selected: "Player_C /Game/Hotel/Levels/UEDPIE_0_Prototype.Prototype:PersistentLevel.Player_C_3"
[2016.02.13-19.55.59:463][482]LogSelection:Warning: PIE object was selected: "PlayerController /Game/Hotel/Levels/UEDPIE_0_Prototype.Prototype:PersistentLevel.PlayerController_4"
[2016.02.13-19.56.01:705][747]LogSelection:Warning: PIE object was selected: "PlayerCameraManager /Game/Hotel/Levels/UEDPIE_0_Prototype.Prototype:PersistentLevel.PlayerCameraManager_4"
[2016.02.13-19.56.02:379][827]LogSelection:Warning: PIE object was selected: "PlayerController /Game/Hotel/Levels/UEDPIE_0_Prototype.Prototype:PersistentLevel.PlayerController_4"
[2016.02.13-19.56.09:603][693]LogBlueprintUserMessages: Early EndPlayMap Detection: Level '/Game/Hotel/Levels/Prototype.Prototype:PersistentLevel' has LevelScriptBlueprint '/Game/Hotel/Levels/Prototype.Prototype:PersistentLevel.Prototype' with GeneratedClass '/Game/Hotel/Levels/Prototype.Prototype_C' with ClassGeneratedBy '/Game/Hotel/Levels/Prototype.Prototype:PersistentLevel.Prototype'
[2016.02.13-19.56.09:640][693]LogBlueprintUserMessages: Late EndPlayMap Detection: Level '/Game/Hotel/Levels/Prototype.Prototype:PersistentLevel' has LevelScriptBlueprint '/Game/Hotel/Levels/Prototype.Prototype:PersistentLevel.Prototype' with GeneratedClass '/Game/Hotel/Levels/Prototype.Prototype_C' with ClassGeneratedBy '/Game/Hotel/Levels/Prototype.Prototype:PersistentLevel.Prototype'
[2016.02.13-19.56.09:656][693]LogParticles: Destroying 0 GPU particle simulations for FXSystem 0x0000025221003240
[2016.02.13-19.56.13:629][137]LogActor:Warning: GameNetworkManager /Engine/Transient.World_5:PersistentLevel.GameNetworkManager_6 has natively added scene component(s), but none of them were set as the actor's RootComponent - picking one arbitrarily
[2016.02.13-19.56.19:277][811]LogSlate:Warning: Prevented a slow task dialog from being summoned while a context menu was open
[2016.02.13-19.56.42:115][515]BlueprintLog: New page: Compile FirstPersonGameMode
[2016.02.13-19.56.42:159][515]BlueprintEditorCompileResults: Info [0481.69] Compile of FirstPersonGameMode successful! [in 43 ms]
[2016.02.13-19.56.43:528][672]LogSavePackage: Save=4.260099ms
[2016.02.13-19.56.43:529][672]LogSavePackage: Moving '../../../../../../My Media/UCF Documents/DIG 4725-2/Hotel/Saved/FirstPersonGameMode2DAA4882433CBE2A4CD34399702F2DA7.tmp' to '../../../../../../My Media/UCF Documents/DIG 4725-2/Hotel/Content/FirstPersonBP/Blueprints/FirstPersonGameMode.uasset'
[2016.02.13-19.56.43:530][672]LogSavePackage: Total save time: 6.020106ms
[2016.02.13-19.56.43:530][672]LogSavePackage:Display: Finished SavePackage ../../../../../../My Media/UCF Documents/DIG 4725-2/Hotel/Content/FirstPersonBP/Blueprints/FirstPersonGameMode.uasset
[2016.02.13-19.56.46:726][ 41]LogBlueprintUserMessages: Early PlayInEditor Detection: Level '/Game/Hotel/Levels/Prototype.Prototype:PersistentLevel' has LevelScriptBlueprint '/Game/Hotel/Levels/Prototype.Prototype:PersistentLevel.Prototype' with GeneratedClass '/Game/Hotel/Levels/Prototype.Prototype_C' with ClassGeneratedBy '/Game/Hotel/Levels/Prototype.Prototype:PersistentLevel.Prototype'
[2016.02.13-19.56.46:726][ 41]LogPlayLevel: PlayLevel: No blueprints needed recompiling
[2016.02.13-19.56.46:726][ 41]PIE: New page: PIE session: Prototype (Feb 13, 2016, 9:56:46 AM)
[2016.02.13-19.56.46:726][ 41]LogPlayLevel: Creating play world package: /Game/Hotel/Levels/UEDPIE_0_Prototype
[2016.02.13-19.56.46:740][ 41]LogPlayLevel: PIE: StaticDuplicateObject took: (0.014266s)
[2016.02.13-19.56.46:741][ 41]LogAIModule: Creating AISystem for world Prototype
[2016.02.13-19.56.46:741][ 41]LogPlayLevel: PIE: World Init took: (0.000671s)
[2016.02.13-19.56.46:741][ 41]LogPlayLevel: PIE: Created PIE world by copying editor world from /Game/Hotel/Levels/Prototype.Prototype to /Game/Hotel/Levels/UEDPIE_0_Prototype.Prototype (0.015176s)
[2016.02.13-19.56.46:764][ 41]LogInit: XAudio2 using 'Speakers (2- High Definition Audio Device)' : 2 channels at 44.1 kHz using 16 bits per sample (channel mask 0x3)
[2016.02.13-19.56.46:770][ 41]LogInit: FAudioDevice initialized.
[2016.02.13-19.56.46:869][ 41]LogWorld: Game class is 'FirstPersonGameMode_C'
[2016.02.13-19.56.46:872][ 41]LogWorld: Bringing World /Game/Hotel/Levels/UEDPIE_0_Prototype.Prototype up for play (max tick rate 0) at 2016.02.13-14.56.46
[2016.02.13-19.56.46:872][ 41]LogActor:Warning: GameSession /Game/Hotel/Levels/UEDPIE_0_Prototype.Prototype:PersistentLevel.GameSession_5 has natively added scene component(s), but none of them were set as the actor's RootComponent - picking one arbitrarily
[2016.02.13-19.56.46:872][ 41]LogActor:Warning: GameNetworkManager /Game/Hotel/Levels/UEDPIE_0_Prototype.Prototype:PersistentLevel.GameNetworkManager_7 has natively added scene component(s), but none of them were set as the actor's RootComponent - picking one arbitrarily
[2016.02.13-19.56.46:872][ 41]LogWorld: Bringing up level for play took: 0.002865
[2016.02.13-19.56.46:885][ 41]PIE: Info Play in editor start time for /Game/Hotel/Levels/UEDPIE_0_Prototype 0.07
[2016.02.13-19.56.46:885][ 41]LogBlueprintUserMessages: Late PlayInEditor Detection: Level '/Game/Hotel/Levels/Prototype.Prototype:PersistentLevel' has LevelScriptBlueprint '/Game/Hotel/Levels/Prototype.Prototype:PersistentLevel.Prototype' with GeneratedClass '/Game/Hotel/Levels/Prototype.Prototype_C' with ClassGeneratedBy '/Game/Hotel/Levels/Prototype.Prototype:PersistentLevel.Prototype'
[2016.02.13-19.56.48:903][281]LogBlueprintUserMessages: Early EndPlayMap Detection: Level '/Game/Hotel/Levels/Prototype.Prototype:PersistentLevel' has LevelScriptBlueprint '/Game/Hotel/Levels/Prototype.Prototype:PersistentLevel.Prototype' with GeneratedClass '/Game/Hotel/Levels/Prototype.Prototype_C' with ClassGeneratedBy '/Game/Hotel/Levels/Prototype.Prototype:PersistentLevel.Prototype'
[2016.02.13-19.56.48:940][281]LogBlueprintUserMessages: Late EndPlayMap Detection: Level '/Game/Hotel/Levels/Prototype.Prototype:PersistentLevel' has LevelScriptBlueprint '/Game/Hotel/Levels/Prototype.Prototype:PersistentLevel.Prototype' with GeneratedClass '/Game/Hotel/Levels/Prototype.Prototype_C' with ClassGeneratedBy '/Game/Hotel/Levels/Prototype.Prototype:PersistentLevel.Prototype'
[2016.02.13-19.56.48:988][282]LogParticles: Destroying 0 GPU particle simulations for FXSystem 0x0000025224241620
[2016.02.13-19.56.55:566][849]BlueprintLog: New page: Compile Player
[2016.02.13-19.56.55:618][849]LogBlueprint:Warning: [compiler Player] Warning Input Axis Event references unknown Axis 'LookUp' for  InputAxis LookUp 
[2016.02.13-19.56.55:618][849]LogBlueprint:Warning: [compiler Player] Warning Input Axis Event references unknown Axis 'Turn' for  InputAxis Turn 
[2016.02.13-19.56.55:619][849]LogBlueprint:Warning: [compiler Player] Warning InputAction Event references unknown Action 'Camera' for  InputAction Camera 
[2016.02.13-19.56.55:619][849]LogBlueprint:Warning: [compiler Player] Warning InputAction Event references unknown Action 'Inventory' for  InputAction Inventory 
[2016.02.13-19.56.55:619][849]LogBlueprint:Warning: [compiler Player] Warning InputAction Event references unknown Action 'Action' for  InputAction Action 
[2016.02.13-19.56.55:619][849]LogBlueprint:Warning: [compiler Player] Warning InputAction Event references unknown Action 'Sprint' for  InputAction Sprint 
[2016.02.13-19.56.55:619][849]LogBlueprint:Warning: [compiler Player] Warning Input Axis Event references unknown Axis 'LookUpRate' for  InputAxis LookUpRate 
[2016.02.13-19.56.55:619][849]LogBlueprint:Warning: [compiler Player] Warning Input Axis Event references unknown Axis 'TurnRate' for  InputAxis TurnRate 
[2016.02.13-19.56.55:619][849]LogBlueprint:Warning: [compiler Player] Warning InputAction Event references unknown Action 'Fire' for  InputAction Fire 
[2016.02.13-19.56.55:619][849]LogBlueprint:Warning: [compiler Player] Warning Input Axis Event references unknown Axis 'MoveRight' for  InputAxis MoveRight 
[2016.02.13-19.56.55:619][849]LogBlueprint:Warning: [compiler Player] Warning Input Axis Event references unknown Axis 'MoveForward' for  InputAxis MoveForward 
[2016.02.13-19.56.55:619][849]LogBlueprint:Warning: [compiler Player] Warning InputAction Event references unknown Action 'Jump' for  InputAction Jump 
[2016.02.13-19.56.55:777][849]LogBlueprint:Warning: [compiler Player] Warning [0495.31] Compile of Player successful, but with 12 Warning(s) [in 211 ms]
[2016.02.13-19.56.55:777][849]BlueprintEditorCompileResults:Warning: Warning Input Axis Event references unknown Axis 'LookUp' for  InputAxis LookUp 
[2016.02.13-19.56.55:777][849]BlueprintEditorCompileResults:Warning: Warning Input Axis Event references unknown Axis 'Turn' for  InputAxis Turn 
[2016.02.13-19.56.55:777][849]BlueprintEditorCompileResults:Warning: Warning InputAction Event references unknown Action 'Camera' for  InputAction Camera 
[2016.02.13-19.56.55:777][849]BlueprintEditorCompileResults:Warning: Warning InputAction Event references unknown Action 'Inventory' for  InputAction Inventory 
[2016.02.13-19.56.55:777][849]BlueprintEditorCompileResults:Warning: Warning InputAction Event references unknown Action 'Action' for  InputAction Action 
[2016.02.13-19.56.55:777][849]BlueprintEditorCompileResults:Warning: Warning InputAction Event references unknown Action 'Sprint' for  InputAction Sprint 
[2016.02.13-19.56.55:777][849]BlueprintEditorCompileResults:Warning: Warning Input Axis Event references unknown Axis 'LookUpRate' for  InputAxis LookUpRate 
[2016.02.13-19.56.55:777][849]BlueprintEditorCompileResults:Warning: Warning Input Axis Event references unknown Axis 'TurnRate' for  InputAxis TurnRate 
[2016.02.13-19.56.55:777][849]BlueprintEditorCompileResults:Warning: Warning InputAction Event references unknown Action 'Fire' for  InputAction Fire 
[2016.02.13-19.56.55:777][849]BlueprintEditorCompileResults:Warning: Warning Input Axis Event references unknown Axis 'MoveRight' for  InputAxis MoveRight 
[2016.02.13-19.56.55:777][849]BlueprintEditorCompileResults:Warning: Warning Input Axis Event references unknown Axis 'MoveForward' for  InputAxis MoveForward 
[2016.02.13-19.56.55:777][849]BlueprintEditorCompileResults:Warning: Warning InputAction Event references unknown Action 'Jump' for  InputAction Jump 
[2016.02.13-19.56.55:777][849]BlueprintEditorCompileResults:Warning: Warning [0495.31] Compile of Player successful, but with 12 Warning(s) [in 211 ms]
[2016.02.13-19.57.50:376][857]LogUProjectInfo: Found projects:
[2016.02.13-19.57.51:249][961]Cmd: CLOSE_SLATE_MAINFRAME
[2016.02.13-19.57.51:585][962]Cmd: QUIT_EDITOR
[2016.02.13-19.57.52:019][962]LogWindowsTextInputMethodSystem:Display: IME system now deactivated.
[2016.02.13-19.57.52:067][962]LogExit: Preparing to exit.
[2016.02.13-19.57.52:816][962]LogExit: Editor shut down
[2016.02.13-19.57.52:816][962]LogExit: Transaction tracking system shut down
[2016.02.13-19.57.52:818][962]LogParticles: Destroying 0 GPU particle simulations for FXSystem 0x000002522A577880
[2016.02.13-19.57.52:818][962]LogParticles: Destroying 0 GPU particle simulations for FXSystem 0x000002522AB54D60
[2016.02.13-19.57.52:818][962]LogParticles: Destroying 0 GPU particle simulations for FXSystem 0x0000025221A38FE0
[2016.02.13-19.57.52:821][962]LogParticles: Destroying 0 GPU particle simulations for FXSystem 0x000002522A71B880
[2016.02.13-19.57.52:821][962]LogParticles: Destroying 0 GPU particle simulations for FXSystem 0x000002522AB57BA0
[2016.02.13-19.57.52:822][962]LogParticles: Destroying 0 GPU particle simulations for FXSystem 0x00000252241CC860
[2016.02.13-19.57.52:822][962]LogParticles: Destroying 0 GPU particle simulations for FXSystem 0x000002525DE8F1A0
[2016.02.13-19.57.52:824][962]LogParticles: Destroying 0 GPU particle simulations for FXSystem 0x000002520A8E7C40
[2016.02.13-19.57.52:985][962]LogExit: Object subsystem successfully closed.
[2016.02.13-19.57.52:991][962]LogD3D11RHI: Shutdown
[2016.02.13-19.57.52:991][962]LogD3D11RHI: CleanupD3DDevice
[2016.02.13-19.57.53:027][962]LogD3D11RHI: ~FD3D11DynamicRHI
[2016.02.13-19.57.53:035][962]LogModuleManager: Shutting down and abandoning module CookingStats (202)
[2016.02.13-19.57.53:035][962]LogModuleManager: Shutting down and abandoning module BlueprintGraph (201)
[2016.02.13-19.57.53:035][962]LogModuleManager: Shutting down and abandoning module CrashTracker (200)
[2016.02.13-19.57.53:035][962]LogModuleManager: Shutting down and abandoning module SceneOutliner (199)
[2016.02.13-19.57.53:035][962]LogModuleManager: Shutting down and abandoning module SuperSearch (198)
[2016.02.13-19.57.53:035][962]LogModuleManager: Shutting down and abandoning module WidgetCarousel (197)
[2016.02.13-19.57.53:035][962]LogModuleManager: Shutting down and abandoning module AddContentDialog (196)
[2016.02.13-19.57.53:035][962]LogModuleManager: Shutting down and abandoning module EditorWidgets (195)
[2016.02.13-19.57.53:035][962]LogModuleManager: Shutting down and abandoning module CollectionManager (194)
[2016.02.13-19.57.53:036][962]LogModuleManager: Shutting down and abandoning module StatsViewer (193)
[2016.02.13-19.57.53:036][962]LogModuleManager: Shutting down and abandoning module FoliageEdit (192)
[2016.02.13-19.57.53:036][962]LogModuleManager: Shutting down and abandoning module LandscapeEditor (191)
[2016.02.13-19.57.53:036][962]LogModuleManager: Shutting down and abandoning module ActorPickerMode (190)
[2016.02.13-19.57.53:036][962]LogModuleManager: Shutting down and abandoning module GeometryMode (189)
[2016.02.13-19.57.53:036][962]LogModuleManager: Shutting down and abandoning module TextureAlignMode (188)
[2016.02.13-19.57.53:036][962]LogModuleManager: Shutting down and abandoning module BspMode (187)
[2016.02.13-19.57.53:036][962]LogModuleManager: Shutting down and abandoning module PlacementMode (186)
[2016.02.13-19.57.53:036][962]LogModuleManager: Shutting down and abandoning module AutomationWorker (185)
[2016.02.13-19.57.53:036][962]LogModuleManager: Shutting down and abandoning module CharacterAI (184)
[2016.02.13-19.57.53:036][962]LogModuleManager: Shutting down and abandoning module SmartSnapping (183)
[2016.02.13-19.57.53:036][962]LogModuleManager: Shutting down and abandoning module ViewportSnapping (182)
[2016.02.13-19.57.53:036][962]LogModuleManager: Shutting down and abandoning module LogVisualizer (181)
[2016.02.13-19.57.53:036][962]LogModuleManager: Shutting down and abandoning module GameProjectGeneration (180)
[2016.02.13-19.57.53:036][962]LogModuleManager: Shutting down and abandoning module IntroTutorials (179)
[2016.02.13-19.57.53:036][962]LogModuleManager: Shutting down and abandoning module EditorLiveStreaming (178)
[2016.02.13-19.57.53:036][962]LogModuleManager: Shutting down and abandoning module IOSPlatformEditor (177)
[2016.02.13-19.57.53:036][962]LogModuleManager: Shutting down and abandoning module HTML5PlatformEditor (176)
[2016.02.13-19.57.53:036][962]LogModuleManager: Shutting down and abandoning module AndroidDeviceDetection (175)
[2016.02.13-19.57.53:275][962]LogModuleManager: Shutting down and abandoning module AndroidPlatformEditor (174)
[2016.02.13-19.57.53:275][962]LogModuleManager: Shutting down and abandoning module IOSRuntimeSettings (173)
[2016.02.13-19.57.53:275][962]LogModuleManager: Shutting down and abandoning module AndroidRuntimeSettings (172)
[2016.02.13-19.57.53:275][962]LogModuleManager: Shutting down and abandoning module MergeActors (171)
[2016.02.13-19.57.53:275][962]LogModuleManager: Shutting down and abandoning module SizeMap (170)
[2016.02.13-19.57.53:275][962]LogModuleManager: Shutting down and abandoning module TreeMap (169)
[2016.02.13-19.57.53:275][962]LogModuleManager: Shutting down and abandoning module ReferenceViewer (168)
[2016.02.13-19.57.53:275][962]LogModuleManager: Shutting down and abandoning module LocalizationService (167)
[2016.02.13-19.57.53:275][962]LogModuleManager: Shutting down and abandoning module LocalizationDashboard (166)
[2016.02.13-19.57.53:275][962]LogModuleManager: Shutting down and abandoning module HardwareTargeting (165)
[2016.02.13-19.57.53:275][962]LogModuleManager: Shutting down and abandoning module DeviceProfileEditor (164)
[2016.02.13-19.57.53:275][962]LogModuleManager: Shutting down and abandoning module UndoHistory (163)
[2016.02.13-19.57.53:275][962]LogModuleManager: Shutting down and abandoning module GameplayTagsEditor (162)
[2016.02.13-19.57.53:275][962]LogModuleManager: Shutting down and abandoning module UserFeedback (161)
[2016.02.13-19.57.53:275][962]LogModuleManager: Shutting down and abandoning module XmlParser (160)
[2016.02.13-19.57.53:275][962]LogModuleManager: Shutting down and abandoning module Blutility (159)
[2016.02.13-19.57.53:275][962]LogModuleManager: Shutting down and abandoning module ProjectTargetPlatformEditor (158)
[2016.02.13-19.57.53:275][962]LogModuleManager: Shutting down and abandoning module ProjectSettingsViewer (157)
[2016.02.13-19.57.53:275][962]LogModuleManager: Shutting down and abandoning module InputBindingEditor (156)
[2016.02.13-19.57.53:275][962]LogModuleManager: Shutting down and abandoning module EditorSettingsViewer (155)
[2016.02.13-19.57.53:275][962]LogModuleManager: Shutting down and abandoning module SettingsEditor (154)
[2016.02.13-19.57.53:275][962]LogModuleManager: Shutting down and abandoning module ProjectLauncher (153)
[2016.02.13-19.57.53:275][962]LogModuleManager: Shutting down and abandoning module SessionFrontend (152)
[2016.02.13-19.57.53:275][962]LogModuleManager: Shutting down and abandoning module ProfilerClient (151)
[2016.02.13-19.57.53:275][962]LogModuleManager: Shutting down and abandoning module TargetDeviceServices (150)
[2016.02.13-19.57.53:275][962]LogModuleManager: Shutting down and abandoning module DeviceManager (149)
[2016.02.13-19.57.53:275][962]LogModuleManager: Shutting down and abandoning module AutomationController (148)
[2016.02.13-19.57.53:275][962]LogModuleManager: Shutting down and abandoning module AutomationWindow (147)
[2016.02.13-19.57.53:275][962]LogModuleManager: Shutting down and abandoning module Layers (146)
[2016.02.13-19.57.53:275][962]LogModuleManager: Shutting down and abandoning module ComponentVisualizers (145)
[2016.02.13-19.57.53:275][962]LogModuleManager: Shutting down and abandoning module DetailCustomizations (144)
[2016.02.13-19.57.53:275][962]LogModuleManager: Shutting down and abandoning module PackagesDialog (143)
[2016.02.13-19.57.53:275][962]LogModuleManager: Shutting down and abandoning module Persona (142)
[2016.02.13-19.57.53:275][962]LogModuleManager: Shutting down and abandoning module Kismet (141)
[2016.02.13-19.57.53:275][962]LogModuleManager: Shutting down and abandoning module GraphEditor (140)
[2016.02.13-19.57.53:276][962]LogModuleManager: Shutting down and abandoning module ClassViewer (139)
[2016.02.13-19.57.53:276][962]LogModuleManager: Shutting down and abandoning module Toolbox (138)
[2016.02.13-19.57.53:276][962]LogModuleManager: Shutting down and abandoning module ModuleUI (137)
[2016.02.13-19.57.53:276][962]LogModuleManager: Shutting down and abandoning module MovieSceneTools (136)
[2016.02.13-19.57.53:276][962]LogModuleManager: Shutting down and abandoning module OutputLog (135)
[2016.02.13-19.57.53:276][962]LogModuleManager: Shutting down and abandoning module GammaUI (134)
[2016.02.13-19.57.53:276][962]LogModuleManager: Shutting down and abandoning module Documentation (133)
[2016.02.13-19.57.53:277][962]LogModuleManager: Shutting down and abandoning module GameLiveStreaming (132)
[2016.02.13-19.57.53:277][962]LogModuleManager: Shutting down and abandoning module StreamingPauseRendering (131)
[2016.02.13-19.57.53:277][962]LogModuleManager: Shutting down and abandoning module AnalyticsET (130)
[2016.02.13-19.57.53:277][962]LogModuleManager: Shutting down and abandoning module Analytics (129)
[2016.02.13-19.57.53:277][962]LogModuleManager: Shutting down and abandoning module AITestSuite (128)
[2016.02.13-19.57.53:277][962]LogModuleManager: Shutting down and abandoning module GameplayDebugger (127)
[2016.02.13-19.57.53:277][962]LogModuleManager: Shutting down and abandoning module AIModule (126)
[2016.02.13-19.57.53:277][962]LogModuleManager: Shutting down and abandoning module ProfilerService (125)
[2016.02.13-19.57.53:288][962]LogModuleManager: Shutting down and abandoning module TaskGraph (124)
[2016.02.13-19.57.53:288][962]LogModuleManager: Shutting down and abandoning module SubstanceEditor (123)
[2016.02.13-19.57.53:288][962]LogModuleManager: Shutting down and abandoning module SlateRemote (122)
[2016.02.13-19.57.53:288][962]LogModuleManager: Shutting down and abandoning module SteamVRController (121)
[2016.02.13-19.57.53:288][962]LogModuleManager: Shutting down and abandoning module SteamVR (120)
[2016.02.13-19.57.53:288][962]LogModuleManager: Shutting down and abandoning module ProceduralMeshComponent (119)
[2016.02.13-19.57.53:288][962]LogModuleManager: Shutting down and abandoning module OculusLibrary (118)
[2016.02.13-19.57.53:288][962]LogModuleManager: Shutting down and abandoning module OculusInput (117)
[2016.02.13-19.57.53:288][962]LogModuleManager: Shutting down and abandoning module LeapMotionController (116)
[2016.02.13-19.57.53:298][962]LogModuleManager: Shutting down and abandoning module CustomMeshComponent (115)
[2016.02.13-19.57.53:298][962]LogModuleManager: Shutting down and abandoning module CableComponent (114)
[2016.02.13-19.57.53:298][962]LogModuleManager: Shutting down and abandoning module ArchVisCharacter (113)
[2016.02.13-19.57.53:298][962]LogModuleManager: Shutting down and abandoning module MessagingDebugger (112)
[2016.02.13-19.57.53:298][962]LogModuleManager: Shutting down and abandoning module MediaPlayerEditor (111)
[2016.02.13-19.57.53:298][962]LogModuleManager: Shutting down and abandoning module HTML5Networking (110)
[2016.02.13-19.57.53:298][962]LogModuleManager: Shutting down and abandoning module SpeedTreeImporter (109)
[2016.02.13-19.57.53:298][962]LogModuleManager: Shutting down and abandoning module PluginBrowser (108)
[2016.02.13-19.57.53:298][962]LogModuleManager: Shutting down and abandoning module EpicSurvey (107)
[2016.02.13-19.57.53:298][962]LogModuleManager: Shutting down and abandoning module DesktopPlatform (106)
[2016.02.13-19.57.53:298][962]LogModuleManager: Shutting down and abandoning module VisualStudioSourceCodeAccess (105)
[2016.02.13-19.57.53:298][962]LogModuleManager: Shutting down and abandoning module UObjectPlugin (104)
[2016.02.13-19.57.53:298][962]LogModuleManager: Shutting down and abandoning module SubversionSourceControl (103)
[2016.02.13-19.57.53:298][962]LogModuleManager: Shutting down and abandoning module PerforceSourceControl (102)
[2016.02.13-19.57.53:298][962]LogModuleManager: Shutting down and abandoning module SourceControl (101)
[2016.02.13-19.57.53:299][962]LogModuleManager: Shutting down and abandoning module GitSourceControl (100)
[2016.02.13-19.57.53:299][962]LogModuleManager: Shutting down and abandoning module LightPropagationVolumeEditor (99)
[2016.02.13-19.57.53:299][962]LogModuleManager: Shutting down and abandoning module PaperTiledImporter (98)
[2016.02.13-19.57.53:299][962]LogModuleManager: Shutting down and abandoning module PaperSpriteSheetImporter (97)
[2016.02.13-19.57.53:299][962]LogModuleManager: Shutting down and abandoning module MeshPaint (96)
[2016.02.13-19.57.53:299][962]LogModuleManager: Shutting down and abandoning module SlateReflector (95)
[2016.02.13-19.57.53:299][962]LogModuleManager: Shutting down and abandoning module HotReload (94)
[2016.02.13-19.57.53:299][962]LogModuleManager: Shutting down and abandoning module MainFrame (93)
[2016.02.13-19.57.53:299][962]LogModuleManager: Shutting down and abandoning module LevelEditor (92)
[2016.02.13-19.57.53:299][962]LogModuleManager: Shutting down and abandoning module ContentBrowser (91)
[2016.02.13-19.57.53:300][962]LogModuleManager: Shutting down and abandoning module Paper2DEditor (90)
[2016.02.13-19.57.53:300][962]LogModuleManager: Shutting down and abandoning module UdpMessaging (89)
[2016.02.13-19.57.53:400][962]LogModuleManager: Shutting down and abandoning module DirectoryWatcher (88)
[2016.02.13-19.57.53:401][962]LogModuleManager: Shutting down and abandoning module AssetRegistry (87)
[2016.02.13-19.57.53:481][962]LogModuleManager: Shutting down and abandoning module SubstanceCore (86)
[2016.02.13-19.57.53:481][962]LogModuleManager: Shutting down and abandoning module LightPropagationVolumeRuntime (85)
[2016.02.13-19.57.53:481][962]LogModuleManager: Shutting down and abandoning module Paper2D (84)
[2016.02.13-19.57.53:481][962]LogModuleManager: Shutting down and abandoning module WindowsMoviePlayer (83)
[2016.02.13-19.57.53:483][962]LogModuleManager: Shutting down and abandoning module Media (82)
[2016.02.13-19.57.53:483][962]LogModuleManager: Shutting down and abandoning module WmfMedia (81)
[2016.02.13-19.57.53:483][962]LogModuleManager: Shutting down and abandoning module OnlineBlueprintSupport (80)
[2016.02.13-19.57.53:483][962]LogModuleManager: Shutting down and abandoning module GameplayTasksEditor (79)
[2016.02.13-19.57.53:483][962]LogModuleManager: Shutting down and abandoning module PropertyEditor (78)
[2016.02.13-19.57.53:483][962]LogModuleManager: Shutting down and abandoning module BehaviorTreeEditor (77)
[2016.02.13-19.57.53:483][962]LogModuleManager: Shutting down and abandoning module FunctionalTesting (76)
[2016.02.13-19.57.53:483][962]LogModuleManager: Shutting down and abandoning module CollisionAnalyzer (75)
[2016.02.13-19.57.53:483][962]LogModuleManager: Shutting down and abandoning module WorkspaceMenuStructure (74)
[2016.02.13-19.57.53:483][962]LogModuleManager: Shutting down and abandoning module MessageLog (73)
[2016.02.13-19.57.53:483][962]LogModuleManager: Shutting down and abandoning module Sequencer (72)
[2016.02.13-19.57.53:483][962]LogModuleManager: Shutting down and abandoning module AssetTools (71)
[2016.02.13-19.57.53:483][962]LogModuleManager: Shutting down and abandoning module UMGEditor (70)
[2016.02.13-19.57.53:483][962]LogModuleManager: Shutting down and abandoning module UMG (69)
[2016.02.13-19.57.53:483][962]LogModuleManager: Shutting down and abandoning module Slate (68)
[2016.02.13-19.57.53:483][962]LogModuleManager: Shutting down and abandoning module EditorStyle (67)
[2016.02.13-19.57.53:484][962]LogModuleManager: Shutting down and abandoning module SessionServices (66)
[2016.02.13-19.57.53:484][962]LogModuleManager: Shutting down and abandoning module SourceCodeAccess (65)
[2016.02.13-19.57.53:484][962]LogModuleManager: Shutting down and abandoning module HeadMountedDisplay (64)
[2016.02.13-19.57.53:484][962]LogModuleManager: Shutting down and abandoning module XAudio2 (63)
[2016.02.13-19.57.53:484][962]LogModuleManager: Shutting down and abandoning module Networking (61)
[2016.02.13-19.57.53:484][962]LogModuleManager: Shutting down and abandoning module Core (60)
[2016.02.13-19.57.53:484][962]LogModuleManager: Shutting down and abandoning module KismetCompiler (59)
[2016.02.13-19.57.53:484][962]LogModuleManager: Shutting down and abandoning module PhysXFormats (58)
[2016.02.13-19.57.53:484][962]LogModuleManager: Shutting down and abandoning module MeshUtilities (57)
[2016.02.13-19.57.53:485][962]LogModuleManager: Shutting down and abandoning module DerivedDataCache (56)
[2016.02.13-19.57.53:502][962]LogDerivedDataCache: Shutdown
[2016.02.13-19.57.53:502][962]LogModuleManager: Shutting down and abandoning module ShaderFormatOpenGL (55)
[2016.02.13-19.57.53:502][962]LogModuleManager: Shutting down and abandoning module ShaderFormatD3D (54)
[2016.02.13-19.57.53:502][962]LogModuleManager: Shutting down and abandoning module MetalShaderFormat (53)
[2016.02.13-19.57.53:502][962]LogModuleManager: Shutting down and abandoning module TextureFormatUncompressed (52)
[2016.02.13-19.57.53:502][962]LogModuleManager: Shutting down and abandoning module TextureFormatPVR (51)
[2016.02.13-19.57.53:502][962]LogModuleManager: Shutting down and abandoning module TextureFormatIntelISPCTexComp (50)
[2016.02.13-19.57.53:502][962]LogModuleManager: Shutting down and abandoning module TextureFormatDXT (49)
[2016.02.13-19.57.53:502][962]LogModuleManager: Shutting down and abandoning module ImageWrapper (48)
[2016.02.13-19.57.53:502][962]LogModuleManager: Shutting down and abandoning module TextureFormatASTC (47)
[2016.02.13-19.57.53:502][962]LogModuleManager: Shutting down and abandoning module TextureFormatAndroid (46)
[2016.02.13-19.57.53:502][962]LogModuleManager: Shutting down and abandoning module AudioFormatOpus (45)
[2016.02.13-19.57.53:502][962]LogModuleManager: Shutting down and abandoning module AudioFormatOgg (44)
[2016.02.13-19.57.53:502][962]LogModuleManager: Shutting down and abandoning module AudioFormatADPCM (43)
[2016.02.13-19.57.53:502][962]LogModuleManager: Shutting down and abandoning module LinuxTargetPlatform (42)
[2016.02.13-19.57.53:502][962]LogModuleManager: Shutting down and abandoning module LinuxServerTargetPlatform (41)
[2016.02.13-19.57.53:502][962]LogModuleManager: Shutting down and abandoning module LinuxNoEditorTargetPlatform (40)
[2016.02.13-19.57.53:502][962]LogModuleManager: Shutting down and abandoning module Messaging (39)
[2016.02.13-19.57.53:502][962]LogModuleManager: Shutting down and abandoning module IOSTargetPlatform (38)
[2016.02.13-19.57.53:502][962]LogModuleManager: Shutting down and abandoning module HTML5TargetPlatform (37)
[2016.02.13-19.57.53:502][962]LogModuleManager: Shutting down and abandoning module Android_PVRTCTargetPlatform (36)
[2016.02.13-19.57.53:502][962]LogModuleManager: Shutting down and abandoning module Android_MultiTargetPlatform (35)
[2016.02.13-19.57.53:502][962]LogModuleManager: Shutting down and abandoning module Android_ETC2TargetPlatform (34)
[2016.02.13-19.57.53:502][962]LogModuleManager: Shutting down and abandoning module Android_ETC1TargetPlatform (33)
[2016.02.13-19.57.53:502][962]LogModuleManager: Shutting down and abandoning module Android_DXTTargetPlatform (32)
[2016.02.13-19.57.53:503][962]LogModuleManager: Shutting down and abandoning module Android_ATCTargetPlatform (31)
[2016.02.13-19.57.53:503][962]LogModuleManager: Shutting down and abandoning module Android_ASTCTargetPlatform (30)
[2016.02.13-19.57.53:503][962]LogModuleManager: Shutting down and abandoning module AndroidTargetPlatform (29)
[2016.02.13-19.57.53:503][962]LogModuleManager: Shutting down and abandoning module WindowsTargetPlatform (28)
[2016.02.13-19.57.53:503][962]LogModuleManager: Shutting down and abandoning module WindowsServerTargetPlatform (27)
[2016.02.13-19.57.53:503][962]LogModuleManager: Shutting down and abandoning module WindowsNoEditorTargetPlatform (26)
[2016.02.13-19.57.53:503][962]LogModuleManager: Shutting down and abandoning module WindowsClientTargetPlatform (25)
[2016.02.13-19.57.53:503][962]LogModuleManager: Shutting down and abandoning module AllDesktopTargetPlatform (24)
[2016.02.13-19.57.53:503][962]LogModuleManager: Shutting down and abandoning module TargetPlatform (23)
[2016.02.13-19.57.53:503][962]LogModuleManager: Shutting down and abandoning module InputCore (22)
[2016.02.13-19.57.53:503][962]LogModuleManager: Shutting down and abandoning module Settings (21)
[2016.02.13-19.57.53:503][962]LogModuleManager: Shutting down and abandoning module OnlineSubsystem (19)
[2016.02.13-19.57.53:503][962]LogModuleManager: Shutting down and abandoning module HTTP (18)
[2016.02.13-19.57.54:503][962]LogModuleManager: Shutting down and abandoning module XMPP (17)
[2016.02.13-19.57.54:503][962]LogModuleManager: Shutting down and abandoning module OculusRift (16)
[2016.02.13-19.57.54:503][962]LogModuleManager: Shutting down and abandoning module ExampleDeviceProfileSelector (15)
[2016.02.13-19.57.54:503][962]LogModuleManager: Shutting down and abandoning module TextureCompressor (14)
[2016.02.13-19.57.54:503][962]LogModuleManager: Shutting down and abandoning module ShaderCore (13)
[2016.02.13-19.57.54:503][962]LogModuleManager: Shutting down and abandoning module Landscape (12)
[2016.02.13-19.57.54:503][962]LogModuleManager: Shutting down and abandoning module SlateRHIRenderer (11)
[2016.02.13-19.57.54:504][962]LogModuleManager: Shutting down and abandoning module OpenGLDrv (10)
[2016.02.13-19.57.54:504][962]LogModuleManager: Shutting down and abandoning module D3D11RHI (9)
[2016.02.13-19.57.54:504][962]LogModuleManager: Shutting down and abandoning module AnimGraphRuntime (8)
[2016.02.13-19.57.54:504][962]LogModuleManager: Shutting down and abandoning module Renderer (7)
[2016.02.13-19.57.54:504][962]LogModuleManager: Shutting down and abandoning module Engine (6)
[2016.02.13-19.57.54:504][962]LogModuleManager: Shutting down and abandoning module CoreUObject (5)
[2016.02.13-19.57.54:504][962]LogModuleManager: Shutting down and abandoning module NetworkFile (4)
[2016.02.13-19.57.54:504][962]LogModuleManager: Shutting down and abandoning module StreamingFile (3)
[2016.02.13-19.57.54:504][962]LogModuleManager: Shutting down and abandoning module SandboxFile (2)
[2016.02.13-19.57.54:504][962]LogModuleManager: Shutting down and abandoning module PakFile (1)
[2016.02.13-19.57.54:505][962]LogExit: Exiting.
[2016.02.13-19.57.54:511][962]Log file closed, 02/13/16 14:57:54
