[2016.03.21-03.31.32:012][  0]Log file open, 03/20/16 23:31:32
[2016.03.21-03.31.32:012][  0]LogInit:Display: Running engine without a game
[2016.03.21-03.31.32:012][  0]LogPlatformFile: Not using cached read wrapper
[2016.03.21-03.31.32:012][  0]LogInit:Display: Loading recent project file: F:/My Media/UCF Documents/DIG 4725-2/HotelBete/Hotel.uproject
[2016.03.21-03.31.32:012][  0]LogInit:Display: RandInit(423879205) SRandInit(423879206).
[2016.03.21-03.31.32:012][  0]LogTaskGraph: Started task graph with 4 named threads and 7 total threads.
[2016.03.21-03.31.32:012][  0]LogStats: Stats thread started at 0.062132
[2016.03.21-03.31.32:012][  0]LogInit: Version: 4.10.2-2818068+++depot+UE4-Releases+4.10
[2016.03.21-03.31.32:012][  0]LogInit: API Version: 2758231
[2016.03.21-03.31.32:012][  0]LogInit: Compiled (64-bit): Jan  6 2016 17:36:42
[2016.03.21-03.31.32:012][  0]LogInit: Compiled with Visual C++: 19.00.23026.00
[2016.03.21-03.31.32:012][  0]LogInit: Build Configuration: Development
[2016.03.21-03.31.32:012][  0]LogInit: Branch Name: ++depot+UE4-Releases+4.10
[2016.03.21-03.31.32:012][  0]LogInit: Command line: -EpicPortal 
[2016.03.21-03.31.32:012][  0]LogInit: Base directory: F:/Program Files/Epic Games/4.10/Engine/Binaries/Win64/
[2016.03.21-03.31.32:012][  0]LogInit: Rocket: 1
[2016.03.21-03.31.32:018][  0]LogInit: Using libcurl 7.41.0
[2016.03.21-03.31.32:018][  0]LogInit:  - built for x86_64-pc-win32
[2016.03.21-03.31.32:018][  0]LogInit:  - supports SSL with WinSSL
[2016.03.21-03.31.32:018][  0]LogInit:  - other features:
[2016.03.21-03.31.32:018][  0]LogInit:      CURL_VERSION_SSL
[2016.03.21-03.31.32:018][  0]LogInit:      CURL_VERSION_IPV6
[2016.03.21-03.31.32:018][  0]LogInit:      CURL_VERSION_ASYNCHDNS
[2016.03.21-03.31.32:018][  0]LogInit:      CURL_VERSION_LARGEFILE
[2016.03.21-03.31.32:018][  0]LogInit:      CURL_VERSION_IDN
[2016.03.21-03.31.32:018][  0]LogInit:  CurlRequestOptions (configurable via config and command line):
[2016.03.21-03.31.32:018][  0]LogInit:  - bVerifyPeer = true  - Libcurl will verify peer certificate
[2016.03.21-03.31.32:018][  0]LogInit:  - bUseHttpProxy = false  - Libcurl will NOT use HTTP proxy
[2016.03.21-03.31.32:018][  0]LogInit:  - bDontReuseConnections = false  - Libcurl will reuse connections
[2016.03.21-03.31.32:018][  0]LogInit:  - CertBundlePath = nullptr  - Libcurl will use whatever was configured at build time.
[2016.03.21-03.31.32:021][  0]LogInit: Presizing for 0 objects not considered by GC, pre-allocating 0 bytes.
[2016.03.21-03.31.32:025][  0]LogInit: Object subsystem initialized
[2016.03.21-03.31.32:026][  0]LogInit: Selected Device Profile: [Windows]
[2016.03.21-03.31.32:026][  0]LogInit: Applying CVar settings loaded from the selected device profile: [Windows]
[2016.03.21-03.31.32:030][  0]LogInit: Computer: DESKTOP-0FTHH47
[2016.03.21-03.31.32:030][  0]LogInit: User: aehrl
[2016.03.21-03.31.32:030][  0]LogInit: CPU Page size=4096, Cores=4
[2016.03.21-03.31.32:030][  0]LogInit: High frequency timer resolution =3.984646 MHz
[2016.03.21-03.31.32:030][  0]LogMemory: Memory total: Physical=15.9GB (16GB approx)
[2016.03.21-03.31.32:030][  0]LogMemory: Platform Memory Stats for Windows
[2016.03.21-03.31.32:030][  0]LogMemory: Process Physical Memory: 56.30 MB used, 56.30 MB peak
[2016.03.21-03.31.32:030][  0]LogMemory: Process Virtual Memory: 56.77 MB used, 56.77 MB peak
[2016.03.21-03.31.32:030][  0]LogMemory: Physical Memory: 4982.49 MB used, 16322.88 MB total
[2016.03.21-03.31.32:030][  0]LogMemory: Virtual Memory: 382.87 MB used, 134217728.00 MB total
[2016.03.21-03.31.32:055][  0]LogTextLocalizationManager: No specific translations for ('en-US') exist, so ('en') translations will be used.
[2016.03.21-03.31.32:486][  0]LogD3D11RHI: Found D3D11 adapter 0: NVIDIA GeForce GTX 960 (Feature Level 11_0)
[2016.03.21-03.31.32:486][  0]LogD3D11RHI: Adapter has 1969MB of dedicated video memory, 0MB of dedicated system memory, and 8161MB of shared system memory, 3 output[s]
[2016.03.21-03.31.32:487][  0]LogD3D11RHI: Found D3D11 adapter 1: Microsoft Basic Render Driver (Feature Level 11_0)
[2016.03.21-03.31.32:487][  0]LogD3D11RHI: Adapter has 0MB of dedicated video memory, 0MB of dedicated system memory, and 8161MB of shared system memory, 0 output[s]
[2016.03.21-03.31.32:487][  0]LogD3D11RHI: Chosen D3D11 Adapter Id = 0
[2016.03.21-03.31.32:491][  0]LogD3D11RHI: !Direct3DDevice
[2016.03.21-03.31.32:491][  0]LogRHI: Texture pool is 1361 MB (70% of 1945 MB)
[2016.03.21-03.31.32:504][  0]LogD3D11RHI: Async texture creation enabled
[2016.03.21-03.31.32:519][  0]LogShaderCompilers: Guid format shader working directory is -15 characters bigger than the processId version (../../../../../../My Media/UCF Documents/DIG 4725-2/HotelBete/Intermediate/Shaders/WorkingDirectory/7252/).
[2016.03.21-03.31.32:519][  0]LogShaderCompilers: Cleaned the shader compiler working directory 'C:/Users/aehrl/AppData/Local/Temp/UnrealShaderWorkingDir/669611114D9900D992ACA6B1742411AA/'.
[2016.03.21-03.31.32:519][  0]LogShaderCompilers:Display: Using Local Shader Compiler.
[2016.03.21-03.31.33:160][  0]LogTemp:Display: Loaded TP AllDesktopTargetPlatform
[2016.03.21-03.31.33:164][  0]LogTemp:Display: Loaded TP WindowsClientTargetPlatform
[2016.03.21-03.31.33:168][  0]LogTemp:Display: Loaded TP WindowsNoEditorTargetPlatform
[2016.03.21-03.31.33:170][  0]LogTemp:Display: Loaded TP WindowsServerTargetPlatform
[2016.03.21-03.31.33:174][  0]LogTemp:Display: Loaded TP WindowsTargetPlatform
[2016.03.21-03.31.33:176][  0]LogTemp:Display: Loaded TP AndroidTargetPlatform
[2016.03.21-03.31.33:177][  0]LogTemp:Display: Loaded TP Android_ASTCTargetPlatform
[2016.03.21-03.31.33:179][  0]LogTemp:Display: Loaded TP Android_ATCTargetPlatform
[2016.03.21-03.31.33:180][  0]LogTemp:Display: Loaded TP Android_DXTTargetPlatform
[2016.03.21-03.31.33:182][  0]LogTemp:Display: Loaded TP Android_ETC1TargetPlatform
[2016.03.21-03.31.33:184][  0]LogTemp:Display: Loaded TP Android_ETC2TargetPlatform
[2016.03.21-03.31.33:188][  0]LogTemp:Display: Loaded TP Android_MultiTargetPlatform
[2016.03.21-03.31.33:188][  0]LogTemp:Display: Loaded TP Android_PVRTCTargetPlatform
[2016.03.21-03.31.33:188][  0]LogTemp:Display: Loaded TP HTML5TargetPlatform
[2016.03.21-03.31.33:202][  0]LogTemp:Display: Loaded TP IOSTargetPlatform
[2016.03.21-03.31.33:204][  0]LogTemp:Display: Loaded TP LinuxNoEditorTargetPlatform
[2016.03.21-03.31.33:206][  0]LogTemp:Display: Loaded TP LinuxServerTargetPlatform
[2016.03.21-03.31.33:208][  0]LogTemp:Display: Loaded TP LinuxTargetPlatform
[2016.03.21-03.31.33:208][  0]LogTargetPlatformManager:Display: Building Assets For Windows
[2016.03.21-03.31.33:256][  0]LogDerivedDataCache:Display: Max Cache Size: 512 MB
[2016.03.21-03.31.33:292][  0]LogDerivedDataCache: Loaded boot cache 0.04s 45MB C:/Users/aehrl/AppData/Local/UnrealEngine/4.10/DerivedDataCache/Boot.ddc.
[2016.03.21-03.31.33:292][  0]LogDerivedDataCache:Display: Loaded Boot cache: C:/Users/aehrl/AppData/Local/UnrealEngine/4.10/DerivedDataCache/Boot.ddc
[2016.03.21-03.31.33:292][  0]LogDerivedDataCache: FDerivedDataBackendGraph:  Pak pak cache file ../../../../../../My Media/UCF Documents/DIG 4725-2/HotelBete/DerivedDataCache/DDC.ddp not found, will not use a pak cache.
[2016.03.21-03.31.33:292][  0]LogDerivedDataCache: Unable to find inner node Pak for hierarchical cache Hierarchy.
[2016.03.21-03.31.33:292][  0]LogDerivedDataCache: FDerivedDataBackendGraph:  CompressedPak pak cache file ../../../../../../My Media/UCF Documents/DIG 4725-2/HotelBete/DerivedDataCache/Compressed.ddp not found, will not use a pak cache.
[2016.03.21-03.31.33:292][  0]LogDerivedDataCache: Unable to find inner node CompressedPak for hierarchical cache Hierarchy.
[2016.03.21-03.31.33:352][  0]LogDerivedDataCache:Display: Pak cache opened for reading ../../../Engine/DerivedDataCache/Compressed.ddp.
[2016.03.21-03.31.33:363][  0]LogDerivedDataCache: Using Local data cache path C:/Users/aehrl/AppData/Local/UnrealEngine/Common/DerivedDataCache: Writable
[2016.03.21-03.31.33:517][  0]LogInit: Selected Device Profile: [Windows]
[2016.03.21-03.31.33:520][  0]LogContentStreaming: Texture pool size is 0.000000MB
[2016.03.21-03.31.33:611][  0]LogMeshUtilities: No automatic mesh reduction module available
[2016.03.21-03.31.33:611][  0]LogMeshUtilities: No automatic mesh merging module available
[2016.03.21-03.31.33:789][  0]LogInit: WinSock: version 1.1 (2.2), MaxSocks=32767, MaxUdp=65467
[2016.03.21-03.31.34:397][  0]LogAssetRegistry: FAssetRegistry took 0.0106 seconds to start up
[2016.03.21-03.31.34:406][  0]UdpMessaging: Initializing bridge on interface 0.0.0.0:0 to multicast group 230.0.0.1:6666.
[2016.03.21-03.31.34:611][  0]SourceControl: Info Source control is disabled
[2016.03.21-03.31.34:664][  0]SourceControl: Info Source control is disabled
[2016.03.21-03.31.34:672][  0]SourceControl: Info Source control is disabled
[2016.03.21-03.31.34:678][  0]SourceControl: Info Source control is disabled
[2016.03.21-03.31.34:860][  0]LogObj: 28802 objects as part of root set at end of initial load.
[2016.03.21-03.31.34:860][  0]LogUObjectAllocator: 6129768 out of 0 bytes used by permanent object pool.
[2016.03.21-03.31.34:910][  0]LogEngine: Initializing Engine...
[2016.03.21-03.31.34:912][  0]LogHMD: Can't find Oculus library dev build: is proper Runtime installed? Version: 0.8.0.0
[2016.03.21-03.31.34:913][  0]LogHMD: SteamVR failed to initialize.  Err: 110
[2016.03.21-03.31.35:019][  0]LogAIModule: Creating AISystem for world NewWorld
[2016.03.21-03.31.35:030][  0]LogInit: XAudio2 using 'Speakers (2- High Definition Audio Device)' : 2 channels at 44.1 kHz using 16 bits per sample (channel mask 0x3)
[2016.03.21-03.31.35:047][  0]LogInit: FAudioDevice initialized.
[2016.03.21-03.31.35:067][  0]LogDerivedDataCache: Saved boot cache 0.02s 45MB C:/Users/aehrl/AppData/Local/UnrealEngine/4.10/DerivedDataCache/Boot.ddc.
[2016.03.21-03.31.35:069][  0]LogInit: Texture streaming: Enabled
[2016.03.21-03.31.35:072][  0]LogAnalytics: Creating configured Analytics provider AnalyticsET
[2016.03.21-03.31.35:072][  0]LogAnalytics: [UEEditor.Rocket.Release] APIServer = http://et2.epicgames.com/ET2/. AppVersion = 4.10.2-2818068+++depot+UE4-Releases+4.10
[2016.03.21-03.31.35:072][  0]LogAnalytics: [UEEditor.Rocket.Release] SetUserId 0b01f67c451c321928712b89b2c25d66|b300224d71e64562a5bff06c2aaa78f8|4d10a4aa-bc91-4e54-b274-9b5f458b8e77
[2016.03.21-03.31.35:072][  0]LogAnalytics: [UEEditor.Rocket.Release] AnalyticsET::StartSession
[2016.03.21-03.31.35:079][  0]LogInit: Transaction tracking system initialized
[2016.03.21-03.31.35:100][  0]BlueprintLog: New page: Editor Load
[2016.03.21-03.31.35:153][  0]LocalizationService: Info Localization service is disabled
[2016.03.21-03.31.35:217][  0]LogConsoleResponse:Display: 
[2016.03.21-03.31.35:307][  0]LogCook:Display: Done creating registry. It took  0.00s.
[2016.03.21-03.31.35:346][  0]LogFileCache: Scanning file cache for directory 'F:/My Media/UCF Documents/DIG 4725-2/HotelBete/Content/' took 0.01s
[2016.03.21-03.31.35:346][  0]SourceControl: Info Source control is disabled
[2016.03.21-03.31.35:346][  0]Cmd: MAP LOAD FILE="../../../../../../My Media/UCF Documents/DIG 4725-2/HotelBete/Content/Hotel/Levels/Menu.umap" TEMPLATE=0 SHOWPROGRESS=1 FEATURELEVEL=3
[2016.03.21-03.31.35:346][  0]LightingResults: New page: Lighting Build
[2016.03.21-03.31.35:348][  0]MapCheck: New page: Map Check
[2016.03.21-03.31.35:348][  0]LightingResults: New page: Lighting Build
[2016.03.21-03.31.35:358][  0]LogParticles: Destroying 0 GPU particle simulations for FXSystem 0x0000018B6D77B6A0
[2016.03.21-03.31.36:987][  0]LogAIModule: Creating AISystem for world Menu
[2016.03.21-03.31.36:988][  0]LogEditorServer: Finished looking for orphan Actors (0.000 secs)
[2016.03.21-03.31.36:989][  0]Cmd: MAP CHECKDEP NOCLEARLOG
[2016.03.21-03.31.37:046][  0]MapCheck: Info Map check complete: 0 Error(s), 0 Warning(s), took 57.29ms to complete.
[2016.03.21-03.31.37:046][  0]LogFileHelpers: Loading map 'Menu' took 1.700
[2016.03.21-03.31.37:195][  0]LogCollectionManager: Loaded 0 collections in 0.001532 seconds
[2016.03.21-03.31.37:246][  0]LogFileCache: Scanning file cache for directory 'F:/My Media/UCF Documents/DIG 4725-2/HotelBete/Saved/Collections/' took 0.01s
[2016.03.21-03.31.37:246][  0]LogFileCache: Scanning file cache for directory 'F:/My Media/UCF Documents/DIG 4725-2/HotelBete/Content/Developers/aehrl/Collections/' took 0.01s
[2016.03.21-03.31.37:246][  0]LogFileCache: Scanning file cache for directory 'F:/My Media/UCF Documents/DIG 4725-2/HotelBete/Content/Collections/' took 0.01s
[2016.03.21-03.31.37:246][  0]LogCollectionManager: Rebuilt the GUID cache for 0 collections in 0.000002 seconds
[2016.03.21-03.31.37:254][  0]LogContentBrowser: Native class hierarchy populated in 0.0078 seconds. Added 1908 classes and 344 folders.
[2016.03.21-03.31.37:259][  0]LogContentBrowser: Native class hierarchy updated for 'WidgetCarousel' in 0.0003 seconds. Added 0 classes and 0 folders.
[2016.03.21-03.31.37:294][  0]LogContentBrowser: Native class hierarchy updated for 'AddContentDialog' in 0.0003 seconds. Added 0 classes and 0 folders.
[2016.03.21-03.31.37:301][  0]LogContentBrowser: Native class hierarchy updated for 'SceneOutliner' in 0.0003 seconds. Added 1 classes and 2 folders.
[2016.03.21-03.31.37:314][  0]LogCrashTracker: Crashtracker disabled due to settings.
[2016.03.21-03.31.37:319][  0]LogUObjectGlobals:Warning: Failed to find object 'Class None.'
[2016.03.21-03.31.37:341][  0]LogLoad: Full Startup: 5.64 seconds (BP compile: 0.45 seconds)
[2016.03.21-03.31.37:681][  0]LogOcInput: Can't find Oculus library dev build: is proper Runtime installed? Version: 0.8.0.0
[2016.03.21-03.31.37:731][  0]LogContentStreaming: Texture pool size now 1000 MB
[2016.03.21-03.31.37:865][  0]LogRenderer: Reallocating scene render targets to support 1208x608 (Frame:2).
[2016.03.21-03.31.41:019][ 10]LogAssetRegistry: Asset discovery search completed in 6.6320 seconds
[2016.03.21-03.31.41:019][ 10]LogCollectionManager: Rebuilt the object cache for 0 collections in 0.000000 seconds (found 0 objects)
[2016.03.21-03.31.41:019][ 10]LogCollectionManager: Fixed up redirectors for 0 collections in 0.000017 seconds (updated 0 objects)
[2016.03.21-03.32.07:717][194]LogStaticMesh: Building static mesh guest_floor_haunted...
[2016.03.21-03.32.09:207][194]LogStaticMesh: Built static mesh [1.490090.2s] /Game/Hotel/Art/Models/Guest_Floor/guest_floor_haunted.guest_floor_haunted
[2016.03.21-03.32.09:445][194]LogAIModule: Creating AISystem for world World
[2016.03.21-03.32.09:446][194]LogParticles:Warning: InitializeSystem called on an unregistered component. Template=/Game/StarterContent/Particles/Breath.Breath Component=/Game/Hotel/Levels/World.World:PersistentLevel.Breath.ParticleSystemComponent0
[2016.03.21-03.32.09:446][194]LogParticles:Warning: InitializeSystem called on an unregistered component. Template=/Game/StarterContent/Particles/ItemMarker.ItemMarker Component=/Game/Hotel/Levels/World.World:PersistentLevel.ItemMarker.ParticleSystemComponent0
[2016.03.21-03.32.09:446][194]LogParticles:Warning: InitializeSystem called on an unregistered component. Template=/Game/StarterContent/Particles/Dust.Dust Component=/Game/Hotel/Levels/World.World:PersistentLevel.Dust_2.ParticleSystemComponent0
[2016.03.21-03.32.09:447][194]LogParticles:Warning: InitializeSystem called on an unregistered component. Template=/Game/StarterContent/Particles/Dust.Dust Component=/Game/Hotel/Levels/World.World:PersistentLevel.Dust2.ParticleSystemComponent0
[2016.03.21-03.32.09:447][194]LogParticles:Warning: InitializeSystem called on an unregistered component. Template=/Game/StarterContent/Particles/Dust.Dust Component=/Game/Hotel/Levels/World.World:PersistentLevel.Dust3.ParticleSystemComponent0
[2016.03.21-03.32.09:508][194]Cmd: MAP LOAD FILE="../../../../../../My Media/UCF Documents/DIG 4725-2/HotelBete/Content/Hotel/Levels/World.umap" TEMPLATE=0 SHOWPROGRESS=1 FEATURELEVEL=3
[2016.03.21-03.32.09:508][194]LightingResults: New page: Lighting Build
[2016.03.21-03.32.09:520][194]LoadErrors: New page: Loading map: World.umap
[2016.03.21-03.32.09:520][194]MapCheck: New page: Map Check
[2016.03.21-03.32.09:520][194]LightingResults: New page: Lighting Build
[2016.03.21-03.32.09:530][194]LogParticles: Destroying 0 GPU particle simulations for FXSystem 0x0000018B09DDF920
[2016.03.21-03.32.09:543][194]LogEditorServer: Finished looking for orphan Actors (0.000 secs)
[2016.03.21-03.32.09:567][194]Cmd: MAP CHECKDEP NOCLEARLOG
[2016.03.21-03.32.09:626][194]MapCheck: Info Map check complete: 0 Error(s), 0 Warning(s), took 58.565ms to complete.
[2016.03.21-03.32.09:626][194]LogFileHelpers: Loading map 'World' took 0.118
[2016.03.21-03.32.09:631][194]LoadErrors:Error: Error /Game/FirstPersonBP/Blueprints/Enemy : Failed import for Enemy_C /Game/Hotel/Blueprints/Enemies/Enemy.Default__Enemy_C [redirection] in /Game/FirstPersonBP/Blueprints/Enemy
[2016.03.21-03.35.13:571][280]LogLinker:Warning: Asset '../../../Engine/Content/ArtTools/RenderToTexture/Macros/RenderToTextureMacros.uasset' has been saved with empty engine version. The asset will be loaded but may be incompatible.
[2016.03.21-03.35.13:837][280]LogContentBrowser: Native class hierarchy updated for 'BlueprintGraph' in 0.0005 seconds. Added 107 classes and 0 folders.
[2016.03.21-03.35.14:066][280]LogActor:Warning: GameNetworkManager /Engine/Transient.World_4:PersistentLevel.GameNetworkManager_0 has natively added scene component(s), but none of them were set as the actor's RootComponent - picking one arbitrarily
[2016.03.21-03.35.24:370][512]BlueprintLog: New page: Compile FirstPersonGameMode
[2016.03.21-03.35.24:676][512]BlueprintEditorCompileResults: Info [0232.98] Compile of FirstPersonGameMode successful! [in 305 ms]
[2016.03.21-03.35.25:213][567]LogSavePackage: Save=18.418198ms
[2016.03.21-03.35.25:213][567]LogSavePackage: Moving '../../../../../../My Media/UCF Documents/DIG 4725-2/HotelBete/Saved/FirstPersonGameMode154BC9A847CC1AE08B5BA8AA80C24184.tmp' to '../../../../../../My Media/UCF Documents/DIG 4725-2/HotelBete/Content/FirstPersonBP/Blueprints/FirstPersonGameMode.uasset'
[2016.03.21-03.35.25:214][567]LogSavePackage: Total save time: 22.230331ms
[2016.03.21-03.35.25:214][567]LogSavePackage:Display: Finished SavePackage ../../../../../../My Media/UCF Documents/DIG 4725-2/HotelBete/Content/FirstPersonBP/Blueprints/FirstPersonGameMode.uasset
[2016.03.21-03.35.47:998][168]LogEditorViewport: Clicking on Actor (LMB): StaticMeshActor (Bust)
[2016.03.21-03.36.06:256][216]LogEditorViewport: Clicking on Actor (LMB): StaticMeshActor (Bust)
[2016.03.21-03.36.07:739][391]Cmd: DELETE
[2016.03.21-03.36.07:739][391]Cmd: ACTOR DELETE
[2016.03.21-03.36.07:739][391]LogEditorActor: Deleted Actor: StaticMeshActor
[2016.03.21-03.36.07:761][391]LogParticles: Destroying 0 GPU particle simulations for FXSystem 0x0000018B5B56D4E0
[2016.03.21-03.36.07:761][391]LogEditorActor: Deleted 1 Actors (0.022 secs)
[2016.03.21-03.36.08:716][504]LogEditorViewport: Clicking on Actor (LMB): Bust_C (Bust2)
[2016.03.21-03.36.25:934][525]Cmd: OBJ SAVEPACKAGE PACKAGE="/Game/Hotel/Levels/World" FILE="../../../../../../My Media/UCF Documents/DIG 4725-2/HotelBete/Content/Hotel/Levels/World.umap" SILENT=true AUTOSAVING=false KEEPDIRTY=false
[2016.03.21-03.36.26:592][525]LogSavePackage: Save=640.097290ms
[2016.03.21-03.36.26:592][525]LogSavePackage: Moving '../../../../../../My Media/UCF Documents/DIG 4725-2/HotelBete/Saved/WorldCC89537049A55153453EDA8E89728AB8.tmp' to '../../../../../../My Media/UCF Documents/DIG 4725-2/HotelBete/Content/Hotel/Levels/World.umap'
[2016.03.21-03.36.26:595][525]LogSavePackage: Total save time: 643.118612ms
[2016.03.21-03.36.26:595][525]LogSavePackage:Display: Finished SavePackage ../../../../../../My Media/UCF Documents/DIG 4725-2/HotelBete/Content/Hotel/Levels/World.umap
[2016.03.21-03.36.26:612][525]LogFileHelpers: Saving map 'World' took 0.744
[2016.03.21-03.36.45:516][667]LogActor:Warning: GameNetworkManager /Engine/Transient.World_6:PersistentLevel.GameNetworkManager_1 has natively added scene component(s), but none of them were set as the actor's RootComponent - picking one arbitrarily
[2016.03.21-03.37.39:149][773]BlueprintLog: New page: Compile Ghost
[2016.03.21-03.37.39:249][773]LogParticles: Destroying 0 GPU particle simulations for FXSystem 0x0000018B5B56D6C0
[2016.03.21-03.37.39:250][773]LogParticles: Destroying 0 GPU particle simulations for FXSystem 0x0000018B5B489DA0
[2016.03.21-03.37.39:257][773]BlueprintEditorCompileResults: Info [0367.56] Compile of Ghost successful! [in 108 ms]
[2016.03.21-03.37.39:849][835]Cmd: OBJ SAVEPACKAGE PACKAGE="/Game/Hotel/Blueprints/Enemies/Ghost" FILE="../../../../../../My Media/UCF Documents/DIG 4725-2/HotelBete/Content/Hotel/Blueprints/Enemies/Ghost.uasset" SILENT=true
[2016.03.21-03.37.40:004][835]LogSavePackage: Save=152.023285ms
[2016.03.21-03.37.40:004][835]LogSavePackage: Moving '../../../../../../My Media/UCF Documents/DIG 4725-2/HotelBete/Saved/Ghost072F804E4AE9BA01C83B818C523B26A3.tmp' to '../../../../../../My Media/UCF Documents/DIG 4725-2/HotelBete/Content/Hotel/Blueprints/Enemies/Ghost.uasset'
[2016.03.21-03.37.40:005][835]LogSavePackage: Total save time: 155.101355ms
[2016.03.21-03.37.40:005][835]LogSavePackage:Display: Finished SavePackage ../../../../../../My Media/UCF Documents/DIG 4725-2/HotelBete/Content/Hotel/Blueprints/Enemies/Ghost.uasset
[2016.03.21-03.37.55:863][626]LogBlueprintUserMessages: Early PlayInEditor Detection: Level '/Game/Hotel/Levels/World.World:PersistentLevel' has LevelScriptBlueprint '/Game/Hotel/Levels/World.World:PersistentLevel.World' with GeneratedClass '/Game/Hotel/Levels/World.World_C' with ClassGeneratedBy '/Game/Hotel/Levels/World.World:PersistentLevel.World'
[2016.03.21-03.37.55:864][626]LogPlayLevel: PlayLevel: No blueprints needed recompiling
[2016.03.21-03.37.55:864][626]PIE: New page: PIE session: World (Mar 20, 2016, 7:37:55 PM)
[2016.03.21-03.37.55:864][626]LogPlayLevel: Creating play world package: /Game/Hotel/Levels/UEDPIE_0_World
[2016.03.21-03.37.55:886][626]LogPlayLevel: PIE: StaticDuplicateObject took: (0.022353s)
[2016.03.21-03.37.55:887][626]LogAIModule: Creating AISystem for world World
[2016.03.21-03.37.55:887][626]LogPlayLevel: PIE: World Init took: (0.000553s)
[2016.03.21-03.37.55:887][626]LogPlayLevel: PIE: Created PIE world by copying editor world from /Game/Hotel/Levels/World.World to /Game/Hotel/Levels/UEDPIE_0_World.World (0.023183s)
[2016.03.21-03.37.55:905][626]LogParticles: Destroying 0 GPU particle simulations for FXSystem 0x0000018B937AE340
[2016.03.21-03.37.55:905][626]LogParticles: Destroying 0 GPU particle simulations for FXSystem 0x0000018B5D4B3420
[2016.03.21-03.37.55:906][626]LogParticles: Destroying 0 GPU particle simulations for FXSystem 0x0000018B5D4B0E00
[2016.03.21-03.37.55:914][626]LogInit: XAudio2 using 'Speakers (2- High Definition Audio Device)' : 2 channels at 44.1 kHz using 16 bits per sample (channel mask 0x3)
[2016.03.21-03.37.55:920][626]LogInit: FAudioDevice initialized.
[2016.03.21-03.37.56:043][626]LogWorld: Game class is 'FirstPersonGameMode_C'
[2016.03.21-03.37.56:051][626]LogWorld: Bringing World /Game/Hotel/Levels/UEDPIE_0_World.World up for play (max tick rate 0) at 2016.03.20-23.37.56
[2016.03.21-03.37.56:051][626]LogActor:Warning: GameSession /Game/Hotel/Levels/UEDPIE_0_World.World:PersistentLevel.GameSession_0 has natively added scene component(s), but none of them were set as the actor's RootComponent - picking one arbitrarily
[2016.03.21-03.37.56:051][626]LogActor:Warning: GameNetworkManager /Game/Hotel/Levels/UEDPIE_0_World.World:PersistentLevel.GameNetworkManager_2 has natively added scene component(s), but none of them were set as the actor's RootComponent - picking one arbitrarily
[2016.03.21-03.37.56:052][626]LogWorld: Bringing up level for play took: 0.008227
[2016.03.21-03.37.56:065][626]PIE: Info Play in editor start time for /Game/Hotel/Levels/UEDPIE_0_World 0.651
[2016.03.21-03.37.56:065][626]LogBlueprintUserMessages: Late PlayInEditor Detection: Level '/Game/Hotel/Levels/World.World:PersistentLevel' has LevelScriptBlueprint '/Game/Hotel/Levels/World.World:PersistentLevel.World' with GeneratedClass '/Game/Hotel/Levels/World.World_C' with ClassGeneratedBy '/Game/Hotel/Levels/World.World:PersistentLevel.World'
[2016.03.21-03.37.56:095][627]LogRenderer: Reallocating scene render targets to support 1280x720 (Frame:24612).
[2016.03.21-03.38.01:098][155]LogBlueprintUserMessages: [Player_C_0] PuzBook
[2016.03.21-03.38.10:622][  8]LogBlueprintUserMessages: [Ghost_C_16] 2
[2016.03.21-03.38.10:731][ 17]LogBlueprintUserMessages: [Ghost_C_16] 4
[2016.03.21-03.38.10:841][ 26]LogBlueprintUserMessages: [Ghost_C_16] 6
[2016.03.21-03.38.10:951][ 35]LogBlueprintUserMessages: [Ghost_C_16] 8
[2016.03.21-03.38.11:059][ 44]LogBlueprintUserMessages: [Ghost_C_16] 10
[2016.03.21-03.38.11:166][ 53]LogBlueprintUserMessages: [Ghost_C_16] 12
[2016.03.21-03.38.11:273][ 62]LogBlueprintUserMessages: [Ghost_C_16] 14
[2016.03.21-03.38.11:379][ 71]LogBlueprintUserMessages: [Ghost_C_16] 16
[2016.03.21-03.38.11:486][ 80]LogBlueprintUserMessages: [Ghost_C_16] 18
[2016.03.21-03.38.11:593][ 89]LogBlueprintUserMessages: [Ghost_C_16] 20
[2016.03.21-03.38.11:699][ 98]LogBlueprintUserMessages: [Ghost_C_16] 22
[2016.03.21-03.38.11:804][107]LogBlueprintUserMessages: [Ghost_C_16] 24
[2016.03.21-03.38.11:910][116]LogBlueprintUserMessages: [Ghost_C_16] 26
[2016.03.21-03.38.12:016][125]LogBlueprintUserMessages: [Ghost_C_16] 28
[2016.03.21-03.38.12:124][134]LogBlueprintUserMessages: [Ghost_C_16] 30
[2016.03.21-03.38.12:231][143]LogBlueprintUserMessages: [Ghost_C_16] 32
[2016.03.21-03.38.12:338][152]LogBlueprintUserMessages: [Ghost_C_16] 34
[2016.03.21-03.38.12:447][161]LogBlueprintUserMessages: [Ghost_C_16] 36
[2016.03.21-03.38.12:556][170]LogBlueprintUserMessages: [Ghost_C_16] 38
[2016.03.21-03.38.12:663][179]LogBlueprintUserMessages: [Ghost_C_16] 40
[2016.03.21-03.38.15:494][460]LogBlueprintUserMessages: [Player_C_0] KEY
[2016.03.21-03.38.21:064][ 83]LogBlueprintUserMessages: [Player_C_0] Necklace
[2016.03.21-03.38.33:693][255]LogScript:Warning: Attempted to get an item from array TextInv out of bounds [-1/0]!
[2016.03.21-03.38.33:694][255]LogScript:Warning: Attempted to get an item from array TextInv out of bounds [-1/0]!
[2016.03.21-03.38.33:701][256]LogScript:Warning: Attempted to get an item from array TextInv out of bounds [-1/0]!
[2016.03.21-03.38.33:702][256]LogScript:Warning: Attempted to get an item from array TextInv out of bounds [-1/0]!
[2016.03.21-03.38.33:711][257]LogScript:Warning: Attempted to get an item from array TextInv out of bounds [-1/0]!
[2016.03.21-03.38.33:712][257]LogScript:Warning: Attempted to get an item from array TextInv out of bounds [-1/0]!
[2016.03.21-03.38.33:722][258]LogScript:Warning: Attempted to get an item from array TextInv out of bounds [-1/0]!
[2016.03.21-03.38.33:724][258]LogScript:Warning: Attempted to get an item from array TextInv out of bounds [-1/0]!
[2016.03.21-03.38.33:733][259]LogScript:Warning: Attempted to get an item from array TextInv out of bounds [-1/0]!
[2016.03.21-03.38.33:734][259]LogScript:Warning: Attempted to get an item from array TextInv out of bounds [-1/0]!
[2016.03.21-03.38.33:744][260]LogScript:Warning: Attempted to get an item from array TextInv out of bounds [-1/0]!
[2016.03.21-03.38.33:745][260]LogScript:Warning: Attempted to get an item from array TextInv out of bounds [-1/0]!
[2016.03.21-03.38.33:755][261]LogScript:Warning: Attempted to get an item from array TextInv out of bounds [-1/0]!
[2016.03.21-03.38.33:757][261]LogScript:Warning: Attempted to get an item from array TextInv out of bounds [-1/0]!
[2016.03.21-03.38.33:766][262]LogScript:Warning: Attempted to get an item from array TextInv out of bounds [-1/0]!
[2016.03.21-03.38.33:768][262]LogScript:Warning: Attempted to get an item from array TextInv out of bounds [-1/0]!
[2016.03.21-03.38.33:777][263]LogScript:Warning: Attempted to get an item from array TextInv out of bounds [-1/0]!
[2016.03.21-03.38.33:778][263]LogScript:Warning: Attempted to get an item from array TextInv out of bounds [-1/0]!
[2016.03.21-03.38.33:788][264]LogScript:Warning: Attempted to get an item from array TextInv out of bounds [-1/0]!
[2016.03.21-03.38.33:789][264]LogScript:Warning: Attempted to get an item from array TextInv out of bounds [-1/0]!
[2016.03.21-03.38.33:798][265]LogScript:Warning: Attempted to get an item from array TextInv out of bounds [-1/0]!
[2016.03.21-03.38.33:800][265]LogScript:Warning: Attempted to get an item from array TextInv out of bounds [-1/0]!
[2016.03.21-03.38.33:809][266]LogScript:Warning: Attempted to get an item from array TextInv out of bounds [-1/0]!
[2016.03.21-03.38.33:811][266]LogScript:Warning: Attempted to get an item from array TextInv out of bounds [-1/0]!
[2016.03.21-03.38.33:821][267]LogScript:Warning: Attempted to get an item from array TextInv out of bounds [-1/0]!
[2016.03.21-03.38.33:822][267]LogScript:Warning: Attempted to get an item from array TextInv out of bounds [-1/0]!
[2016.03.21-03.38.33:831][268]LogScript:Warning: Attempted to get an item from array TextInv out of bounds [-1/0]!
[2016.03.21-03.38.33:833][268]LogScript:Warning: Attempted to get an item from array TextInv out of bounds [-1/0]!
[2016.03.21-03.38.33:842][269]LogScript:Warning: Attempted to get an item from array TextInv out of bounds [-1/0]!
[2016.03.21-03.38.33:844][269]LogScript:Warning: Attempted to get an item from array TextInv out of bounds [-1/0]!
[2016.03.21-03.38.33:854][270]LogScript:Warning: Attempted to get an item from array TextInv out of bounds [-1/0]!
[2016.03.21-03.38.33:855][270]LogScript:Warning: Attempted to get an item from array TextInv out of bounds [-1/0]!
[2016.03.21-03.38.33:864][271]LogScript:Warning: Attempted to get an item from array TextInv out of bounds [-1/0]!
[2016.03.21-03.38.33:866][271]LogScript:Warning: Attempted to get an item from array TextInv out of bounds [-1/0]!
[2016.03.21-03.38.33:876][272]LogScript:Warning: Attempted to get an item from array TextInv out of bounds [-1/0]!
[2016.03.21-03.38.33:877][272]LogScript:Warning: Attempted to get an item from array TextInv out of bounds [-1/0]!
[2016.03.21-03.38.33:886][273]LogScript:Warning: Attempted to get an item from array TextInv out of bounds [-1/0]!
[2016.03.21-03.38.33:888][273]LogScript:Warning: Attempted to get an item from array TextInv out of bounds [-1/0]!
[2016.03.21-03.38.33:897][274]LogScript:Warning: Attempted to get an item from array TextInv out of bounds [-1/0]!
[2016.03.21-03.38.33:898][274]LogScript:Warning: Attempted to get an item from array TextInv out of bounds [-1/0]!
[2016.03.21-03.38.33:908][275]LogScript:Warning: Attempted to get an item from array TextInv out of bounds [-1/0]!
[2016.03.21-03.38.33:909][275]LogScript:Warning: Attempted to get an item from array TextInv out of bounds [-1/0]!
[2016.03.21-03.38.33:919][276]LogScript:Warning: Attempted to get an item from array TextInv out of bounds [-1/0]!
[2016.03.21-03.38.33:921][276]LogScript:Warning: Attempted to get an item from array TextInv out of bounds [-1/0]!
[2016.03.21-03.38.33:930][277]LogScript:Warning: Attempted to get an item from array TextInv out of bounds [-1/0]!
[2016.03.21-03.38.33:932][277]LogScript:Warning: Attempted to get an item from array TextInv out of bounds [-1/0]!
[2016.03.21-03.38.33:941][278]LogScript:Warning: Attempted to get an item from array TextInv out of bounds [-1/0]!
[2016.03.21-03.38.33:942][278]LogScript:Warning: Attempted to get an item from array TextInv out of bounds [-1/0]!
[2016.03.21-03.38.33:952][279]LogScript:Warning: Attempted to get an item from array TextInv out of bounds [-1/0]!
[2016.03.21-03.38.33:954][279]LogScript:Warning: Attempted to get an item from array TextInv out of bounds [-1/0]!
[2016.03.21-03.38.33:963][280]LogScript:Warning: Attempted to get an item from array TextInv out of bounds [-1/0]!
[2016.03.21-03.38.33:964][280]LogScript:Warning: Attempted to get an item from array TextInv out of bounds [-1/0]!
[2016.03.21-03.38.33:974][281]LogScript:Warning: Attempted to get an item from array TextInv out of bounds [-1/0]!
[2016.03.21-03.38.33:976][281]LogScript:Warning: Attempted to get an item from array TextInv out of bounds [-1/0]!
[2016.03.21-03.38.33:985][282]LogScript:Warning: Attempted to get an item from array TextInv out of bounds [-1/0]!
[2016.03.21-03.38.33:987][282]LogScript:Warning: Attempted to get an item from array TextInv out of bounds [-1/0]!
[2016.03.21-03.38.33:996][283]LogScript:Warning: Attempted to get an item from array TextInv out of bounds [-1/0]!
[2016.03.21-03.38.33:997][283]LogScript:Warning: Attempted to get an item from array TextInv out of bounds [-1/0]!
[2016.03.21-03.38.34:007][284]LogScript:Warning: Attempted to get an item from array TextInv out of bounds [-1/0]!
[2016.03.21-03.38.34:008][284]LogScript:Warning: Attempted to get an item from array TextInv out of bounds [-1/0]!
[2016.03.21-03.38.34:019][285]LogScript:Warning: Attempted to get an item from array TextInv out of bounds [-1/0]!
[2016.03.21-03.38.34:020][285]LogScript:Warning: Attempted to get an item from array TextInv out of bounds [-1/0]!
[2016.03.21-03.38.34:029][286]LogScript:Warning: Attempted to get an item from array TextInv out of bounds [-1/0]!
[2016.03.21-03.38.34:030][286]LogScript:Warning: Attempted to get an item from array TextInv out of bounds [-1/0]!
[2016.03.21-03.38.34:040][287]LogScript:Warning: Attempted to get an item from array TextInv out of bounds [-1/0]!
[2016.03.21-03.38.34:041][287]LogScript:Warning: Attempted to get an item from array TextInv out of bounds [-1/0]!
[2016.03.21-03.38.34:051][288]LogScript:Warning: Attempted to get an item from array TextInv out of bounds [-1/0]!
[2016.03.21-03.38.34:052][288]LogScript:Warning: Attempted to get an item from array TextInv out of bounds [-1/0]!
[2016.03.21-03.38.34:062][289]LogScript:Warning: Attempted to get an item from array TextInv out of bounds [-1/0]!
[2016.03.21-03.38.34:065][289]LogScript:Warning: Attempted to get an item from array TextInv out of bounds [-1/0]!
[2016.03.21-03.38.34:075][290]LogScript:Warning: Attempted to get an item from array TextInv out of bounds [-1/0]!
[2016.03.21-03.38.34:079][290]LogScript:Warning: Attempted to get an item from array TextInv out of bounds [-1/0]!
[2016.03.21-03.38.34:086][291]LogScript:Warning: Attempted to get an item from array TextInv out of bounds [-1/0]!
[2016.03.21-03.38.34:089][291]LogScript:Warning: Attempted to get an item from array TextInv out of bounds [-1/0]!
[2016.03.21-03.38.34:096][292]LogScript:Warning: Attempted to get an item from array TextInv out of bounds [-1/0]!
[2016.03.21-03.38.34:099][292]LogScript:Warning: Attempted to get an item from array TextInv out of bounds [-1/0]!
[2016.03.21-03.38.34:108][293]LogScript:Warning: Attempted to get an item from array TextInv out of bounds [-1/0]!
[2016.03.21-03.38.34:111][293]LogScript:Warning: Attempted to get an item from array TextInv out of bounds [-1/0]!
[2016.03.21-03.38.34:119][294]LogScript:Warning: Attempted to get an item from array TextInv out of bounds [-1/0]!
[2016.03.21-03.38.34:121][294]LogScript:Warning: Attempted to get an item from array TextInv out of bounds [-1/0]!
[2016.03.21-03.38.34:128][295]LogScript:Warning: Attempted to get an item from array TextInv out of bounds [-1/0]!
[2016.03.21-03.38.34:130][295]LogScript:Warning: Attempted to get an item from array TextInv out of bounds [-1/0]!
[2016.03.21-03.38.34:139][296]LogScript:Warning: Attempted to get an item from array TextInv out of bounds [-1/0]!
[2016.03.21-03.38.34:141][296]LogScript:Warning: Attempted to get an item from array TextInv out of bounds [-1/0]!
[2016.03.21-03.38.34:150][297]LogScript:Warning: Attempted to get an item from array TextInv out of bounds [-1/0]!
[2016.03.21-03.38.34:153][297]LogScript:Warning: Attempted to get an item from array TextInv out of bounds [-1/0]!
[2016.03.21-03.38.34:161][298]LogScript:Warning: Attempted to get an item from array TextInv out of bounds [-1/0]!
[2016.03.21-03.38.34:163][298]LogScript:Warning: Attempted to get an item from array TextInv out of bounds [-1/0]!
[2016.03.21-03.38.34:172][299]LogScript:Warning: Attempted to get an item from array TextInv out of bounds [-1/0]!
[2016.03.21-03.38.34:174][299]LogScript:Warning: Attempted to get an item from array TextInv out of bounds [-1/0]!
[2016.03.21-03.38.34:183][300]LogScript:Warning: Attempted to get an item from array TextInv out of bounds [-1/0]!
[2016.03.21-03.38.34:185][300]LogScript:Warning: Attempted to get an item from array TextInv out of bounds [-1/0]!
[2016.03.21-03.38.34:195][301]LogScript:Warning: Attempted to get an item from array TextInv out of bounds [-1/0]!
[2016.03.21-03.38.34:197][301]LogScript:Warning: Attempted to get an item from array TextInv out of bounds [-1/0]!
[2016.03.21-03.38.34:205][302]LogScript:Warning: Attempted to get an item from array TextInv out of bounds [-1/0]!
[2016.03.21-03.38.34:207][302]LogScript:Warning: Attempted to get an item from array TextInv out of bounds [-1/0]!
[2016.03.21-03.38.34:216][303]LogScript:Warning: Attempted to get an item from array TextInv out of bounds [-1/0]!
[2016.03.21-03.38.34:218][303]LogScript:Warning: Attempted to get an item from array TextInv out of bounds [-1/0]!
[2016.03.21-03.38.34:227][304]LogScript:Warning: Attempted to get an item from array TextInv out of bounds [-1/0]!
[2016.03.21-03.38.34:229][304]LogScript:Warning: Attempted to get an item from array TextInv out of bounds [-1/0]!
[2016.03.21-03.38.34:238][305]LogScript:Warning: Attempted to get an item from array TextInv out of bounds [-1/0]!
[2016.03.21-03.38.34:240][305]LogScript:Warning: Attempted to get an item from array TextInv out of bounds [-1/0]!
[2016.03.21-03.38.34:249][306]LogScript:Warning: Attempted to get an item from array TextInv out of bounds [-1/0]!
[2016.03.21-03.38.34:251][306]LogScript:Warning: Attempted to get an item from array TextInv out of bounds [-1/0]!
[2016.03.21-03.38.34:259][307]LogScript:Warning: Attempted to get an item from array TextInv out of bounds [-1/0]!
[2016.03.21-03.38.34:261][307]LogScript:Warning: Attempted to get an item from array TextInv out of bounds [-1/0]!
[2016.03.21-03.38.34:271][308]LogScript:Warning: Attempted to get an item from array TextInv out of bounds [-1/0]!
[2016.03.21-03.38.34:273][308]LogScript:Warning: Attempted to get an item from array TextInv out of bounds [-1/0]!
[2016.03.21-03.38.34:281][309]LogScript:Warning: Attempted to get an item from array TextInv out of bounds [-1/0]!
[2016.03.21-03.38.34:283][309]LogScript:Warning: Attempted to get an item from array TextInv out of bounds [-1/0]!
[2016.03.21-03.38.34:293][310]LogScript:Warning: Attempted to get an item from array TextInv out of bounds [-1/0]!
[2016.03.21-03.38.34:295][310]LogScript:Warning: Attempted to get an item from array TextInv out of bounds [-1/0]!
[2016.03.21-03.38.34:305][311]LogScript:Warning: Attempted to get an item from array TextInv out of bounds [-1/0]!
[2016.03.21-03.38.34:308][311]LogScript:Warning: Attempted to get an item from array TextInv out of bounds [-1/0]!
[2016.03.21-03.38.34:317][312]LogScript:Warning: Attempted to get an item from array TextInv out of bounds [-1/0]!
[2016.03.21-03.38.34:320][312]LogScript:Warning: Attempted to get an item from array TextInv out of bounds [-1/0]!
[2016.03.21-03.38.34:326][313]LogScript:Warning: Attempted to get an item from array TextInv out of bounds [-1/0]!
[2016.03.21-03.38.34:329][313]LogScript:Warning: Attempted to get an item from array TextInv out of bounds [-1/0]!
[2016.03.21-03.38.34:337][314]LogScript:Warning: Attempted to get an item from array TextInv out of bounds [-1/0]!
[2016.03.21-03.38.34:340][314]LogScript:Warning: Attempted to get an item from array TextInv out of bounds [-1/0]!
[2016.03.21-03.38.34:349][315]LogScript:Warning: Attempted to get an item from array TextInv out of bounds [-1/0]!
[2016.03.21-03.38.34:352][315]LogScript:Warning: Attempted to get an item from array TextInv out of bounds [-1/0]!
[2016.03.21-03.38.34:359][316]LogScript:Warning: Attempted to get an item from array TextInv out of bounds [-1/0]!
[2016.03.21-03.38.34:362][316]LogScript:Warning: Attempted to get an item from array TextInv out of bounds [-1/0]!
[2016.03.21-03.38.34:371][317]LogScript:Warning: Attempted to get an item from array TextInv out of bounds [-1/0]!
[2016.03.21-03.38.34:374][317]LogScript:Warning: Attempted to get an item from array TextInv out of bounds [-1/0]!
[2016.03.21-03.38.34:381][318]LogScript:Warning: Attempted to get an item from array TextInv out of bounds [-1/0]!
[2016.03.21-03.38.34:384][318]LogScript:Warning: Attempted to get an item from array TextInv out of bounds [-1/0]!
[2016.03.21-03.38.34:392][319]LogScript:Warning: Attempted to get an item from array TextInv out of bounds [-1/0]!
[2016.03.21-03.38.34:395][319]LogScript:Warning: Attempted to get an item from array TextInv out of bounds [-1/0]!
[2016.03.21-03.38.34:403][320]LogScript:Warning: Attempted to get an item from array TextInv out of bounds [-1/0]!
[2016.03.21-03.38.34:406][320]LogScript:Warning: Attempted to get an item from array TextInv out of bounds [-1/0]!
[2016.03.21-03.38.34:414][321]LogScript:Warning: Attempted to get an item from array TextInv out of bounds [-1/0]!
[2016.03.21-03.38.34:419][321]LogScript:Warning: Attempted to get an item from array TextInv out of bounds [-1/0]!
[2016.03.21-03.38.34:426][322]LogScript:Warning: Attempted to get an item from array TextInv out of bounds [-1/0]!
[2016.03.21-03.38.34:429][322]LogScript:Warning: Attempted to get an item from array TextInv out of bounds [-1/0]!
[2016.03.21-03.38.34:436][323]LogScript:Warning: Attempted to get an item from array TextInv out of bounds [-1/0]!
[2016.03.21-03.38.34:439][323]LogScript:Warning: Attempted to get an item from array TextInv out of bounds [-1/0]!
[2016.03.21-03.38.34:447][324]LogScript:Warning: Attempted to get an item from array TextInv out of bounds [-1/0]!
[2016.03.21-03.38.34:450][324]LogScript:Warning: Attempted to get an item from array TextInv out of bounds [-1/0]!
[2016.03.21-03.38.34:457][325]LogScript:Warning: Attempted to get an item from array TextInv out of bounds [-1/0]!
[2016.03.21-03.38.34:459][325]LogScript:Warning: Attempted to get an item from array TextInv out of bounds [-1/0]!
[2016.03.21-03.38.34:468][326]LogScript:Warning: Attempted to get an item from array TextInv out of bounds [-1/0]!
[2016.03.21-03.38.34:470][326]LogScript:Warning: Attempted to get an item from array TextInv out of bounds [-1/0]!
[2016.03.21-03.38.34:479][327]LogScript:Warning: Attempted to get an item from array TextInv out of bounds [-1/0]!
[2016.03.21-03.38.34:481][327]LogScript:Warning: Attempted to get an item from array TextInv out of bounds [-1/0]!
[2016.03.21-03.38.34:489][328]LogScript:Warning: Attempted to get an item from array TextInv out of bounds [-1/0]!
[2016.03.21-03.38.34:491][328]LogScript:Warning: Attempted to get an item from array TextInv out of bounds [-1/0]!
[2016.03.21-03.38.34:500][329]LogScript:Warning: Attempted to get an item from array TextInv out of bounds [-1/0]!
[2016.03.21-03.38.34:501][329]LogScript:Warning: Attempted to get an item from array TextInv out of bounds [-1/0]!
[2016.03.21-03.38.34:511][330]LogScript:Warning: Attempted to get an item from array TextInv out of bounds [-1/0]!
[2016.03.21-03.38.34:513][330]LogScript:Warning: Attempted to get an item from array TextInv out of bounds [-1/0]!
[2016.03.21-03.38.34:522][331]LogScript:Warning: Attempted to get an item from array TextInv out of bounds [-1/0]!
[2016.03.21-03.38.34:524][331]LogScript:Warning: Attempted to get an item from array TextInv out of bounds [-1/0]!
[2016.03.21-03.38.34:533][332]LogScript:Warning: Attempted to get an item from array TextInv out of bounds [-1/0]!
[2016.03.21-03.38.34:535][332]LogScript:Warning: Attempted to get an item from array TextInv out of bounds [-1/0]!
[2016.03.21-03.38.34:544][333]LogScript:Warning: Attempted to get an item from array TextInv out of bounds [-1/0]!
[2016.03.21-03.38.34:545][333]LogScript:Warning: Attempted to get an item from array TextInv out of bounds [-1/0]!
[2016.03.21-03.38.34:555][334]LogScript:Warning: Attempted to get an item from array TextInv out of bounds [-1/0]!
[2016.03.21-03.38.34:556][334]LogScript:Warning: Attempted to get an item from array TextInv out of bounds [-1/0]!
[2016.03.21-03.38.34:566][335]LogScript:Warning: Attempted to get an item from array TextInv out of bounds [-1/0]!
[2016.03.21-03.38.34:568][335]LogScript:Warning: Attempted to get an item from array TextInv out of bounds [-1/0]!
[2016.03.21-03.38.34:577][336]LogScript:Warning: Attempted to get an item from array TextInv out of bounds [-1/0]!
[2016.03.21-03.38.34:578][336]LogScript:Warning: Attempted to get an item from array TextInv out of bounds [-1/0]!
[2016.03.21-03.38.34:588][337]LogScript:Warning: Attempted to get an item from array TextInv out of bounds [-1/0]!
[2016.03.21-03.38.34:590][337]LogScript:Warning: Attempted to get an item from array TextInv out of bounds [-1/0]!
[2016.03.21-03.38.34:599][338]LogScript:Warning: Attempted to get an item from array TextInv out of bounds [-1/0]!
[2016.03.21-03.38.34:601][338]LogScript:Warning: Attempted to get an item from array TextInv out of bounds [-1/0]!
[2016.03.21-03.38.34:610][339]LogScript:Warning: Attempted to get an item from array TextInv out of bounds [-1/0]!
[2016.03.21-03.38.34:611][339]LogScript:Warning: Attempted to get an item from array TextInv out of bounds [-1/0]!
[2016.03.21-03.38.34:621][340]LogScript:Warning: Attempted to get an item from array TextInv out of bounds [-1/0]!
[2016.03.21-03.38.34:622][340]LogScript:Warning: Attempted to get an item from array TextInv out of bounds [-1/0]!
[2016.03.21-03.38.34:631][341]LogScript:Warning: Attempted to get an item from array TextInv out of bounds [-1/0]!
[2016.03.21-03.38.34:633][341]LogScript:Warning: Attempted to get an item from array TextInv out of bounds [-1/0]!
[2016.03.21-03.38.34:643][342]LogScript:Warning: Attempted to get an item from array TextInv out of bounds [-1/0]!
[2016.03.21-03.38.34:645][342]LogScript:Warning: Attempted to get an item from array TextInv out of bounds [-1/0]!
[2016.03.21-03.38.34:654][343]LogScript:Warning: Attempted to get an item from array TextInv out of bounds [-1/0]!
[2016.03.21-03.38.34:655][343]LogScript:Warning: Attempted to get an item from array TextInv out of bounds [-1/0]!
[2016.03.21-03.38.34:664][344]LogScript:Warning: Attempted to get an item from array TextInv out of bounds [-1/0]!
[2016.03.21-03.38.34:666][344]LogScript:Warning: Attempted to get an item from array TextInv out of bounds [-1/0]!
[2016.03.21-03.38.34:676][345]LogScript:Warning: Attempted to get an item from array TextInv out of bounds [-1/0]!
[2016.03.21-03.38.34:677][345]LogScript:Warning: Attempted to get an item from array TextInv out of bounds [-1/0]!
[2016.03.21-03.38.34:687][346]LogScript:Warning: Attempted to get an item from array TextInv out of bounds [-1/0]!
[2016.03.21-03.38.34:688][346]LogScript:Warning: Attempted to get an item from array TextInv out of bounds [-1/0]!
[2016.03.21-03.38.34:697][347]LogScript:Warning: Attempted to get an item from array TextInv out of bounds [-1/0]!
[2016.03.21-03.38.34:698][347]LogScript:Warning: Attempted to get an item from array TextInv out of bounds [-1/0]!
[2016.03.21-03.38.34:708][348]LogScript:Warning: Attempted to get an item from array TextInv out of bounds [-1/0]!
[2016.03.21-03.38.34:710][348]LogScript:Warning: Attempted to get an item from array TextInv out of bounds [-1/0]!
[2016.03.21-03.38.34:720][349]LogScript:Warning: Attempted to get an item from array TextInv out of bounds [-1/0]!
[2016.03.21-03.38.34:721][349]LogScript:Warning: Attempted to get an item from array TextInv out of bounds [-1/0]!
[2016.03.21-03.38.34:730][350]LogScript:Warning: Attempted to get an item from array TextInv out of bounds [-1/0]!
[2016.03.21-03.38.34:732][350]LogScript:Warning: Attempted to get an item from array TextInv out of bounds [-1/0]!
[2016.03.21-03.38.34:742][351]LogScript:Warning: Attempted to get an item from array TextInv out of bounds [-1/0]!
[2016.03.21-03.38.34:743][351]LogScript:Warning: Attempted to get an item from array TextInv out of bounds [-1/0]!
[2016.03.21-03.38.34:756][352]LogScript:Warning: Attempted to get an item from array TextInv out of bounds [-1/0]!
[2016.03.21-03.38.34:758][352]LogScript:Warning: Attempted to get an item from array TextInv out of bounds [-1/0]!
[2016.03.21-03.38.34:763][353]LogScript:Warning: Attempted to get an item from array TextInv out of bounds [-1/0]!
[2016.03.21-03.38.34:764][353]LogScript:Warning: Attempted to get an item from array TextInv out of bounds [-1/0]!
[2016.03.21-03.38.34:774][354]LogScript:Warning: Attempted to get an item from array TextInv out of bounds [-1/0]!
[2016.03.21-03.38.34:776][354]LogScript:Warning: Attempted to get an item from array TextInv out of bounds [-1/0]!
[2016.03.21-03.38.34:785][355]LogScript:Warning: Attempted to get an item from array TextInv out of bounds [-1/0]!
[2016.03.21-03.38.34:787][355]LogScript:Warning: Attempted to get an item from array TextInv out of bounds [-1/0]!
[2016.03.21-03.38.34:796][356]LogScript:Warning: Attempted to get an item from array TextInv out of bounds [-1/0]!
[2016.03.21-03.38.34:797][356]LogScript:Warning: Attempted to get an item from array TextInv out of bounds [-1/0]!
[2016.03.21-03.38.34:807][357]LogScript:Warning: Attempted to get an item from array TextInv out of bounds [-1/0]!
[2016.03.21-03.38.34:809][357]LogScript:Warning: Attempted to get an item from array TextInv out of bounds [-1/0]!
[2016.03.21-03.38.34:818][358]LogScript:Warning: Attempted to get an item from array TextInv out of bounds [-1/0]!
[2016.03.21-03.38.34:819][358]LogScript:Warning: Attempted to get an item from array TextInv out of bounds [-1/0]!
[2016.03.21-03.38.34:829][359]LogScript:Warning: Attempted to get an item from array TextInv out of bounds [-1/0]!
[2016.03.21-03.38.34:830][359]LogScript:Warning: Attempted to get an item from array TextInv out of bounds [-1/0]!
[2016.03.21-03.38.34:840][360]LogScript:Warning: Attempted to get an item from array TextInv out of bounds [-1/0]!
[2016.03.21-03.38.34:842][360]LogScript:Warning: Attempted to get an item from array TextInv out of bounds [-1/0]!
[2016.03.21-03.38.34:851][361]LogScript:Warning: Attempted to get an item from array TextInv out of bounds [-1/0]!
[2016.03.21-03.38.34:853][361]LogScript:Warning: Attempted to get an item from array TextInv out of bounds [-1/0]!
[2016.03.21-03.38.34:862][362]LogScript:Warning: Attempted to get an item from array TextInv out of bounds [-1/0]!
[2016.03.21-03.38.34:863][362]LogScript:Warning: Attempted to get an item from array TextInv out of bounds [-1/0]!
[2016.03.21-03.38.34:873][363]LogScript:Warning: Attempted to get an item from array TextInv out of bounds [-1/0]!
[2016.03.21-03.38.34:875][363]LogScript:Warning: Attempted to get an item from array TextInv out of bounds [-1/0]!
[2016.03.21-03.38.34:884][364]LogScript:Warning: Attempted to get an item from array TextInv out of bounds [-1/0]!
[2016.03.21-03.38.34:885][364]LogScript:Warning: Attempted to get an item from array TextInv out of bounds [-1/0]!
[2016.03.21-03.38.34:895][365]LogScript:Warning: Attempted to get an item from array TextInv out of bounds [-1/0]!
[2016.03.21-03.38.34:896][365]LogScript:Warning: Attempted to get an item from array TextInv out of bounds [-1/0]!
[2016.03.21-03.38.34:906][366]LogScript:Warning: Attempted to get an item from array TextInv out of bounds [-1/0]!
[2016.03.21-03.38.34:908][366]LogScript:Warning: Attempted to get an item from array TextInv out of bounds [-1/0]!
[2016.03.21-03.38.34:917][367]LogScript:Warning: Attempted to get an item from array TextInv out of bounds [-1/0]!
[2016.03.21-03.38.34:919][367]LogScript:Warning: Attempted to get an item from array TextInv out of bounds [-1/0]!
[2016.03.21-03.38.34:928][368]LogScript:Warning: Attempted to get an item from array TextInv out of bounds [-1/0]!
[2016.03.21-03.38.34:930][368]LogScript:Warning: Attempted to get an item from array TextInv out of bounds [-1/0]!
[2016.03.21-03.38.34:939][369]LogScript:Warning: Attempted to get an item from array TextInv out of bounds [-1/0]!
[2016.03.21-03.38.34:941][369]LogScript:Warning: Attempted to get an item from array TextInv out of bounds [-1/0]!
[2016.03.21-03.38.34:950][370]LogScript:Warning: Attempted to get an item from array TextInv out of bounds [-1/0]!
[2016.03.21-03.38.34:952][370]LogScript:Warning: Attempted to get an item from array TextInv out of bounds [-1/0]!
[2016.03.21-03.38.34:961][371]LogScript:Warning: Attempted to get an item from array TextInv out of bounds [-1/0]!
[2016.03.21-03.38.34:963][371]LogScript:Warning: Attempted to get an item from array TextInv out of bounds [-1/0]!
[2016.03.21-03.38.34:972][372]LogScript:Warning: Attempted to get an item from array TextInv out of bounds [-1/0]!
[2016.03.21-03.38.34:974][372]LogScript:Warning: Attempted to get an item from array TextInv out of bounds [-1/0]!
[2016.03.21-03.38.34:983][373]LogScript:Warning: Attempted to get an item from array TextInv out of bounds [-1/0]!
[2016.03.21-03.38.34:985][373]LogScript:Warning: Attempted to get an item from array TextInv out of bounds [-1/0]!
[2016.03.21-03.38.34:994][374]LogScript:Warning: Attempted to get an item from array TextInv out of bounds [-1/0]!
[2016.03.21-03.38.34:995][374]LogScript:Warning: Attempted to get an item from array TextInv out of bounds [-1/0]!
[2016.03.21-03.38.35:005][375]LogScript:Warning: Attempted to get an item from array TextInv out of bounds [-1/0]!
[2016.03.21-03.38.35:006][375]LogScript:Warning: Attempted to get an item from array TextInv out of bounds [-1/0]!
[2016.03.21-03.38.35:016][376]LogScript:Warning: Attempted to get an item from array TextInv out of bounds [-1/0]!
[2016.03.21-03.38.35:017][376]LogScript:Warning: Attempted to get an item from array TextInv out of bounds [-1/0]!
[2016.03.21-03.38.35:026][377]LogScript:Warning: Attempted to get an item from array TextInv out of bounds [-1/0]!
[2016.03.21-03.38.35:028][377]LogScript:Warning: Attempted to get an item from array TextInv out of bounds [-1/0]!
[2016.03.21-03.38.35:038][378]LogScript:Warning: Attempted to get an item from array TextInv out of bounds [-1/0]!
[2016.03.21-03.38.35:040][378]LogScript:Warning: Attempted to get an item from array TextInv out of bounds [-1/0]!
[2016.03.21-03.38.35:049][379]LogScript:Warning: Attempted to get an item from array TextInv out of bounds [-1/0]!
[2016.03.21-03.38.35:050][379]LogScript:Warning: Attempted to get an item from array TextInv out of bounds [-1/0]!
[2016.03.21-03.38.35:059][380]LogScript:Warning: Attempted to get an item from array TextInv out of bounds [-1/0]!
[2016.03.21-03.38.35:061][380]LogScript:Warning: Attempted to get an item from array TextInv out of bounds [-1/0]!
[2016.03.21-03.38.35:071][381]LogScript:Warning: Attempted to get an item from array TextInv out of bounds [-1/0]!
[2016.03.21-03.38.35:072][381]LogScript:Warning: Attempted to get an item from array TextInv out of bounds [-1/0]!
[2016.03.21-03.38.35:081][382]LogScript:Warning: Attempted to get an item from array TextInv out of bounds [-1/0]!
[2016.03.21-03.38.35:083][382]LogScript:Warning: Attempted to get an item from array TextInv out of bounds [-1/0]!
[2016.03.21-03.38.35:093][383]LogScript:Warning: Attempted to get an item from array TextInv out of bounds [-1/0]!
[2016.03.21-03.38.35:095][383]LogScript:Warning: Attempted to get an item from array TextInv out of bounds [-1/0]!
[2016.03.21-03.38.35:104][384]LogScript:Warning: Attempted to get an item from array TextInv out of bounds [-1/0]!
[2016.03.21-03.38.35:106][384]LogScript:Warning: Attempted to get an item from array TextInv out of bounds [-1/0]!
[2016.03.21-03.38.35:115][385]LogScript:Warning: Attempted to get an item from array TextInv out of bounds [-1/0]!
[2016.03.21-03.38.35:117][385]LogScript:Warning: Attempted to get an item from array TextInv out of bounds [-1/0]!
[2016.03.21-03.38.35:126][386]LogScript:Warning: Attempted to get an item from array TextInv out of bounds [-1/0]!
[2016.03.21-03.38.35:127][386]LogScript:Warning: Attempted to get an item from array TextInv out of bounds [-1/0]!
[2016.03.21-03.38.35:137][387]LogScript:Warning: Attempted to get an item from array TextInv out of bounds [-1/0]!
[2016.03.21-03.38.35:139][387]LogScript:Warning: Attempted to get an item from array TextInv out of bounds [-1/0]!
[2016.03.21-03.38.35:148][388]LogScript:Warning: Attempted to get an item from array TextInv out of bounds [-1/0]!
[2016.03.21-03.38.35:150][388]LogScript:Warning: Attempted to get an item from array TextInv out of bounds [-1/0]!
[2016.03.21-03.38.35:159][389]LogScript:Warning: Attempted to get an item from array TextInv out of bounds [-1/0]!
[2016.03.21-03.38.35:160][389]LogScript:Warning: Attempted to get an item from array TextInv out of bounds [-1/0]!
[2016.03.21-03.38.35:170][390]LogScript:Warning: Attempted to get an item from array TextInv out of bounds [-1/0]!
[2016.03.21-03.38.35:171][390]LogScript:Warning: Attempted to get an item from array TextInv out of bounds [-1/0]!
[2016.03.21-03.38.35:181][391]LogScript:Warning: Attempted to get an item from array TextInv out of bounds [-1/0]!
[2016.03.21-03.38.35:182][391]LogScript:Warning: Attempted to get an item from array TextInv out of bounds [-1/0]!
[2016.03.21-03.38.35:192][392]LogScript:Warning: Attempted to get an item from array TextInv out of bounds [-1/0]!
[2016.03.21-03.38.35:193][392]LogScript:Warning: Attempted to get an item from array TextInv out of bounds [-1/0]!
[2016.03.21-03.38.35:202][393]LogScript:Warning: Attempted to get an item from array TextInv out of bounds [-1/0]!
[2016.03.21-03.38.35:204][393]LogScript:Warning: Attempted to get an item from array TextInv out of bounds [-1/0]!
[2016.03.21-03.38.35:213][394]LogScript:Warning: Attempted to get an item from array TextInv out of bounds [-1/0]!
[2016.03.21-03.38.35:215][394]LogScript:Warning: Attempted to get an item from array TextInv out of bounds [-1/0]!
[2016.03.21-03.38.35:224][395]LogScript:Warning: Attempted to get an item from array TextInv out of bounds [-1/0]!
[2016.03.21-03.38.35:226][395]LogScript:Warning: Attempted to get an item from array TextInv out of bounds [-1/0]!
[2016.03.21-03.38.35:235][396]LogScript:Warning: Attempted to get an item from array TextInv out of bounds [-1/0]!
[2016.03.21-03.38.35:236][396]LogScript:Warning: Attempted to get an item from array TextInv out of bounds [-1/0]!
[2016.03.21-03.38.35:246][397]LogScript:Warning: Attempted to get an item from array TextInv out of bounds [-1/0]!
[2016.03.21-03.38.35:248][397]LogScript:Warning: Attempted to get an item from array TextInv out of bounds [-1/0]!
[2016.03.21-03.38.35:257][398]LogScript:Warning: Attempted to get an item from array TextInv out of bounds [-1/0]!
[2016.03.21-03.38.35:259][398]LogScript:Warning: Attempted to get an item from array TextInv out of bounds [-1/0]!
[2016.03.21-03.38.35:268][399]LogScript:Warning: Attempted to get an item from array TextInv out of bounds [-1/0]!
[2016.03.21-03.38.35:270][399]LogScript:Warning: Attempted to get an item from array TextInv out of bounds [-1/0]!
[2016.03.21-03.38.35:279][400]LogScript:Warning: Attempted to get an item from array TextInv out of bounds [-1/0]!
[2016.03.21-03.38.35:281][400]LogScript:Warning: Attempted to get an item from array TextInv out of bounds [-1/0]!
[2016.03.21-03.38.35:290][401]LogScript:Warning: Attempted to get an item from array TextInv out of bounds [-1/0]!
[2016.03.21-03.38.35:292][401]LogScript:Warning: Attempted to get an item from array TextInv out of bounds [-1/0]!
[2016.03.21-03.38.35:301][402]LogScript:Warning: Attempted to get an item from array TextInv out of bounds [-1/0]!
[2016.03.21-03.38.35:303][402]LogScript:Warning: Attempted to get an item from array TextInv out of bounds [-1/0]!
[2016.03.21-03.38.35:312][403]LogScript:Warning: Attempted to get an item from array TextInv out of bounds [-1/0]!
[2016.03.21-03.38.35:314][403]LogScript:Warning: Attempted to get an item from array TextInv out of bounds [-1/0]!
[2016.03.21-03.38.35:323][404]LogScript:Warning: Attempted to get an item from array TextInv out of bounds [-1/0]!
[2016.03.21-03.38.35:325][404]LogScript:Warning: Attempted to get an item from array TextInv out of bounds [-1/0]!
[2016.03.21-03.38.35:334][405]LogScript:Warning: Attempted to get an item from array TextInv out of bounds [-1/0]!
[2016.03.21-03.38.35:335][405]LogScript:Warning: Attempted to get an item from array TextInv out of bounds [-1/0]!
[2016.03.21-03.38.35:345][406]LogScript:Warning: Attempted to get an item from array TextInv out of bounds [-1/0]!
[2016.03.21-03.38.35:347][406]LogScript:Warning: Attempted to get an item from array TextInv out of bounds [-1/0]!
[2016.03.21-03.38.35:356][407]LogScript:Warning: Attempted to get an item from array TextInv out of bounds [-1/0]!
[2016.03.21-03.38.35:358][407]LogScript:Warning: Attempted to get an item from array TextInv out of bounds [-1/0]!
[2016.03.21-03.38.35:367][408]LogScript:Warning: Attempted to get an item from array TextInv out of bounds [-1/0]!
[2016.03.21-03.38.35:368][408]LogScript:Warning: Attempted to get an item from array TextInv out of bounds [-1/0]!
[2016.03.21-03.38.35:378][409]LogScript:Warning: Attempted to get an item from array TextInv out of bounds [-1/0]!
[2016.03.21-03.38.35:380][409]LogScript:Warning: Attempted to get an item from array TextInv out of bounds [-1/0]!
[2016.03.21-03.38.35:389][410]LogScript:Warning: Attempted to get an item from array TextInv out of bounds [-1/0]!
[2016.03.21-03.38.35:390][410]LogScript:Warning: Attempted to get an item from array TextInv out of bounds [-1/0]!
[2016.03.21-03.38.35:400][411]LogScript:Warning: Attempted to get an item from array TextInv out of bounds [-1/0]!
[2016.03.21-03.38.35:401][411]LogScript:Warning: Attempted to get an item from array TextInv out of bounds [-1/0]!
[2016.03.21-03.38.35:411][412]LogScript:Warning: Attempted to get an item from array TextInv out of bounds [-1/0]!
[2016.03.21-03.38.35:413][412]LogScript:Warning: Attempted to get an item from array TextInv out of bounds [-1/0]!
[2016.03.21-03.38.35:422][413]LogScript:Warning: Attempted to get an item from array TextInv out of bounds [-1/0]!
[2016.03.21-03.38.35:424][413]LogScript:Warning: Attempted to get an item from array TextInv out of bounds [-1/0]!
[2016.03.21-03.38.35:433][414]LogScript:Warning: Attempted to get an item from array TextInv out of bounds [-1/0]!
[2016.03.21-03.38.35:434][414]LogScript:Warning: Attempted to get an item from array TextInv out of bounds [-1/0]!
[2016.03.21-03.38.35:444][415]LogScript:Warning: Attempted to get an item from array TextInv out of bounds [-1/0]!
[2016.03.21-03.38.35:446][415]LogScript:Warning: Attempted to get an item from array TextInv out of bounds [-1/0]!
[2016.03.21-03.38.35:455][416]LogScript:Warning: Attempted to get an item from array TextInv out of bounds [-1/0]!
[2016.03.21-03.38.35:456][416]LogScript:Warning: Attempted to get an item from array TextInv out of bounds [-1/0]!
[2016.03.21-03.38.35:466][417]LogScript:Warning: Attempted to get an item from array TextInv out of bounds [-1/0]!
[2016.03.21-03.38.35:468][417]LogScript:Warning: Attempted to get an item from array TextInv out of bounds [-1/0]!
[2016.03.21-03.38.35:477][418]LogScript:Warning: Attempted to get an item from array TextInv out of bounds [-1/0]!
[2016.03.21-03.38.35:479][418]LogScript:Warning: Attempted to get an item from array TextInv out of bounds [-1/0]!
[2016.03.21-03.38.35:488][419]LogScript:Warning: Attempted to get an item from array TextInv out of bounds [-1/0]!
[2016.03.21-03.38.35:490][419]LogScript:Warning: Attempted to get an item from array TextInv out of bounds [-1/0]!
[2016.03.21-03.38.35:499][420]LogScript:Warning: Attempted to get an item from array TextInv out of bounds [-1/0]!
[2016.03.21-03.38.35:501][420]LogScript:Warning: Attempted to get an item from array TextInv out of bounds [-1/0]!
[2016.03.21-03.38.35:510][421]LogScript:Warning: Attempted to get an item from array TextInv out of bounds [-1/0]!
[2016.03.21-03.38.35:511][421]LogScript:Warning: Attempted to get an item from array TextInv out of bounds [-1/0]!
[2016.03.21-03.38.35:521][422]LogScript:Warning: Attempted to get an item from array TextInv out of bounds [-1/0]!
[2016.03.21-03.38.35:522][422]LogScript:Warning: Attempted to get an item from array TextInv out of bounds [-1/0]!
[2016.03.21-03.38.35:531][423]LogScript:Warning: Attempted to get an item from array TextInv out of bounds [-1/0]!
[2016.03.21-03.38.35:533][423]LogScript:Warning: Attempted to get an item from array TextInv out of bounds [-1/0]!
[2016.03.21-03.38.35:543][424]LogScript:Warning: Attempted to get an item from array TextInv out of bounds [-1/0]!
[2016.03.21-03.38.35:544][424]LogScript:Warning: Attempted to get an item from array TextInv out of bounds [-1/0]!
[2016.03.21-03.38.35:554][425]LogScript:Warning: Attempted to get an item from array TextInv out of bounds [-1/0]!
[2016.03.21-03.38.35:556][425]LogScript:Warning: Attempted to get an item from array TextInv out of bounds [-1/0]!
[2016.03.21-03.38.35:564][426]LogScript:Warning: Attempted to get an item from array TextInv out of bounds [-1/0]!
[2016.03.21-03.38.35:566][426]LogScript:Warning: Attempted to get an item from array TextInv out of bounds [-1/0]!
[2016.03.21-03.38.35:576][427]LogScript:Warning: Attempted to get an item from array TextInv out of bounds [-1/0]!
[2016.03.21-03.38.35:578][427]LogScript:Warning: Attempted to get an item from array TextInv out of bounds [-1/0]!
[2016.03.21-03.38.35:587][428]LogScript:Warning: Attempted to get an item from array TextInv out of bounds [-1/0]!
[2016.03.21-03.38.35:589][428]LogScript:Warning: Attempted to get an item from array TextInv out of bounds [-1/0]!
[2016.03.21-03.38.35:598][429]LogScript:Warning: Attempted to get an item from array TextInv out of bounds [-1/0]!
[2016.03.21-03.38.35:599][429]LogScript:Warning: Attempted to get an item from array TextInv out of bounds [-1/0]!
[2016.03.21-03.38.35:609][430]LogScript:Warning: Attempted to get an item from array TextInv out of bounds [-1/0]!
[2016.03.21-03.38.35:610][430]LogScript:Warning: Attempted to get an item from array TextInv out of bounds [-1/0]!
[2016.03.21-03.38.35:620][431]LogScript:Warning: Attempted to get an item from array TextInv out of bounds [-1/0]!
[2016.03.21-03.38.35:621][431]LogScript:Warning: Attempted to get an item from array TextInv out of bounds [-1/0]!
[2016.03.21-03.38.35:630][432]LogScript:Warning: Attempted to get an item from array TextInv out of bounds [-1/0]!
[2016.03.21-03.38.35:632][432]LogScript:Warning: Attempted to get an item from array TextInv out of bounds [-1/0]!
[2016.03.21-03.38.35:641][433]LogScript:Warning: Attempted to get an item from array TextInv out of bounds [-1/0]!
[2016.03.21-03.38.35:643][433]LogScript:Warning: Attempted to get an item from array TextInv out of bounds [-1/0]!
[2016.03.21-03.38.35:652][434]LogScript:Warning: Attempted to get an item from array TextInv out of bounds [-1/0]!
[2016.03.21-03.38.35:654][434]LogScript:Warning: Attempted to get an item from array TextInv out of bounds [-1/0]!
[2016.03.21-03.38.35:663][435]LogScript:Warning: Attempted to get an item from array TextInv out of bounds [-1/0]!
[2016.03.21-03.38.35:665][435]LogScript:Warning: Attempted to get an item from array TextInv out of bounds [-1/0]!
[2016.03.21-03.38.35:674][436]LogScript:Warning: Attempted to get an item from array TextInv out of bounds [-1/0]!
[2016.03.21-03.38.35:676][436]LogScript:Warning: Attempted to get an item from array TextInv out of bounds [-1/0]!
[2016.03.21-03.38.35:685][437]LogScript:Warning: Attempted to get an item from array TextInv out of bounds [-1/0]!
[2016.03.21-03.38.35:686][437]LogScript:Warning: Attempted to get an item from array TextInv out of bounds [-1/0]!
[2016.03.21-03.38.35:696][438]LogScript:Warning: Attempted to get an item from array TextInv out of bounds [-1/0]!
[2016.03.21-03.38.35:697][438]LogScript:Warning: Attempted to get an item from array TextInv out of bounds [-1/0]!
[2016.03.21-03.38.39:747][807]LogBlueprintUserMessages: Early EndPlayMap Detection: Level '/Game/Hotel/Levels/World.World:PersistentLevel' has LevelScriptBlueprint '/Game/Hotel/Levels/World.World:PersistentLevel.World' with GeneratedClass '/Game/Hotel/Levels/World.World_C' with ClassGeneratedBy '/Game/Hotel/Levels/World.World:PersistentLevel.World'
[2016.03.21-03.38.39:791][807]LogBlueprintUserMessages: Late EndPlayMap Detection: Level '/Game/Hotel/Levels/World.World:PersistentLevel' has LevelScriptBlueprint '/Game/Hotel/Levels/World.World:PersistentLevel.World' with GeneratedClass '/Game/Hotel/Levels/World.World_C' with ClassGeneratedBy '/Game/Hotel/Levels/World.World:PersistentLevel.World'
[2016.03.21-03.38.39:809][807]LogParticles: Destroying 0 GPU particle simulations for FXSystem 0x0000018B95133740
[2016.03.21-03.38.41:158][965]LogBlueprintUserMessages: Early PlayInEditor Detection: Level '/Game/Hotel/Levels/World.World:PersistentLevel' has LevelScriptBlueprint '/Game/Hotel/Levels/World.World:PersistentLevel.World' with GeneratedClass '/Game/Hotel/Levels/World.World_C' with ClassGeneratedBy '/Game/Hotel/Levels/World.World:PersistentLevel.World'
[2016.03.21-03.38.41:158][965]LogPlayLevel: PlayLevel: No blueprints needed recompiling
[2016.03.21-03.38.41:158][965]PIE: New page: PIE session: World (Mar 20, 2016, 7:38:41 PM)
[2016.03.21-03.38.41:159][965]LogPlayLevel: Creating play world package: /Game/Hotel/Levels/UEDPIE_0_World
[2016.03.21-03.38.41:181][965]LogPlayLevel: PIE: StaticDuplicateObject took: (0.022588s)
[2016.03.21-03.38.41:182][965]LogAIModule: Creating AISystem for world World
[2016.03.21-03.38.41:182][965]LogPlayLevel: PIE: World Init took: (0.000747s)
[2016.03.21-03.38.41:182][965]LogPlayLevel: PIE: Created PIE world by copying editor world from /Game/Hotel/Levels/World.World to /Game/Hotel/Levels/UEDPIE_0_World.World (0.023755s)
[2016.03.21-03.38.41:208][965]LogInit: XAudio2 using 'Speakers (2- High Definition Audio Device)' : 2 channels at 44.1 kHz using 16 bits per sample (channel mask 0x3)
[2016.03.21-03.38.41:213][965]LogInit: FAudioDevice initialized.
[2016.03.21-03.38.41:316][965]LogWorld: Game class is 'FirstPersonGameMode_C'
[2016.03.21-03.38.41:323][965]LogWorld: Bringing World /Game/Hotel/Levels/UEDPIE_0_World.World up for play (max tick rate 0) at 2016.03.20-23.38.41
[2016.03.21-03.38.41:323][965]LogActor:Warning: GameSession /Game/Hotel/Levels/UEDPIE_0_World.World:PersistentLevel.GameSession_1 has natively added scene component(s), but none of them were set as the actor's RootComponent - picking one arbitrarily
[2016.03.21-03.38.41:323][965]LogActor:Warning: GameNetworkManager /Game/Hotel/Levels/UEDPIE_0_World.World:PersistentLevel.GameNetworkManager_3 has natively added scene component(s), but none of them were set as the actor's RootComponent - picking one arbitrarily
[2016.03.21-03.38.41:324][965]LogWorld: Bringing up level for play took: 0.007737
[2016.03.21-03.38.41:337][965]PIE: Info Play in editor start time for /Game/Hotel/Levels/UEDPIE_0_World -0.077
[2016.03.21-03.38.41:337][965]LogBlueprintUserMessages: Late PlayInEditor Detection: Level '/Game/Hotel/Levels/World.World:PersistentLevel' has LevelScriptBlueprint '/Game/Hotel/Levels/World.World:PersistentLevel.World' with GeneratedClass '/Game/Hotel/Levels/World.World_C' with ClassGeneratedBy '/Game/Hotel/Levels/World.World:PersistentLevel.World'
[2016.03.21-03.38.42:758][131]LogBlueprintUserMessages: Early EndPlayMap Detection: Level '/Game/Hotel/Levels/World.World:PersistentLevel' has LevelScriptBlueprint '/Game/Hotel/Levels/World.World:PersistentLevel.World' with GeneratedClass '/Game/Hotel/Levels/World.World_C' with ClassGeneratedBy '/Game/Hotel/Levels/World.World:PersistentLevel.World'
[2016.03.21-03.38.42:804][131]LogBlueprintUserMessages: Late EndPlayMap Detection: Level '/Game/Hotel/Levels/World.World:PersistentLevel' has LevelScriptBlueprint '/Game/Hotel/Levels/World.World:PersistentLevel.World' with GeneratedClass '/Game/Hotel/Levels/World.World_C' with ClassGeneratedBy '/Game/Hotel/Levels/World.World:PersistentLevel.World'
[2016.03.21-03.38.42:840][132]LogParticles: Destroying 0 GPU particle simulations for FXSystem 0x0000018B9B097560
[2016.03.21-03.40.08:630][711]BlueprintLog: New page: Compile Player
[2016.03.21-03.40.08:959][711]BlueprintEditorCompileResults: Info [0517.26] Compile of Player successful! [in 329 ms]
[2016.03.21-03.40.12:055][ 59]Cmd: OBJ SAVEPACKAGE PACKAGE="/Game/Hotel/Blueprints/Player/Player" FILE="../../../../../../My Media/UCF Documents/DIG 4725-2/HotelBete/Content/Hotel/Blueprints/Player/Player.uasset" SILENT=true
[2016.03.21-03.40.12:361][ 59]LogSavePackage: Save=304.007935ms
[2016.03.21-03.40.12:361][ 59]LogSavePackage: Moving '../../../../../../My Media/UCF Documents/DIG 4725-2/HotelBete/Saved/PlayerC890A786466711FD291E73AB14DD94F1.tmp' to '../../../../../../My Media/UCF Documents/DIG 4725-2/HotelBete/Content/Hotel/Blueprints/Player/Player.uasset'
[2016.03.21-03.40.12:363][ 59]LogSavePackage: Total save time: 308.028117ms
[2016.03.21-03.40.12:363][ 59]LogSavePackage:Display: Finished SavePackage ../../../../../../My Media/UCF Documents/DIG 4725-2/HotelBete/Content/Hotel/Blueprints/Player/Player.uasset
[2016.03.21-03.40.13:512][195]LogBlueprintUserMessages: Early PlayInEditor Detection: Level '/Game/Hotel/Levels/World.World:PersistentLevel' has LevelScriptBlueprint '/Game/Hotel/Levels/World.World:PersistentLevel.World' with GeneratedClass '/Game/Hotel/Levels/World.World_C' with ClassGeneratedBy '/Game/Hotel/Levels/World.World:PersistentLevel.World'
[2016.03.21-03.40.13:512][195]LogPlayLevel: PlayLevel: No blueprints needed recompiling
[2016.03.21-03.40.13:512][195]PIE: New page: PIE session: World (Mar 20, 2016, 7:40:13 PM)
[2016.03.21-03.40.13:512][195]LogPlayLevel: Creating play world package: /Game/Hotel/Levels/UEDPIE_0_World
[2016.03.21-03.40.13:534][195]LogPlayLevel: PIE: StaticDuplicateObject took: (0.021717s)
[2016.03.21-03.40.13:534][195]LogAIModule: Creating AISystem for world World
[2016.03.21-03.40.13:534][195]LogPlayLevel: PIE: World Init took: (0.000619s)
[2016.03.21-03.40.13:535][195]LogPlayLevel: PIE: Created PIE world by copying editor world from /Game/Hotel/Levels/World.World to /Game/Hotel/Levels/UEDPIE_0_World.World (0.022569s)
[2016.03.21-03.40.13:562][195]LogInit: XAudio2 using 'Speakers (2- High Definition Audio Device)' : 2 channels at 44.1 kHz using 16 bits per sample (channel mask 0x3)
[2016.03.21-03.40.13:567][195]LogInit: FAudioDevice initialized.
[2016.03.21-03.40.13:745][195]LogWorld: Game class is 'FirstPersonGameMode_C'
[2016.03.21-03.40.13:766][195]LogWorld: Bringing World /Game/Hotel/Levels/UEDPIE_0_World.World up for play (max tick rate 0) at 2016.03.20-23.40.13
[2016.03.21-03.40.13:766][195]LogActor:Warning: GameSession /Game/Hotel/Levels/UEDPIE_0_World.World:PersistentLevel.GameSession_2 has natively added scene component(s), but none of them were set as the actor's RootComponent - picking one arbitrarily
[2016.03.21-03.40.13:766][195]LogActor:Warning: GameNetworkManager /Game/Hotel/Levels/UEDPIE_0_World.World:PersistentLevel.GameNetworkManager_4 has natively added scene component(s), but none of them were set as the actor's RootComponent - picking one arbitrarily
[2016.03.21-03.40.13:768][195]LogWorld: Bringing up level for play took: 0.021615
[2016.03.21-03.40.13:843][195]PIE: Info Play in editor start time for /Game/Hotel/Levels/UEDPIE_0_World 0.429
[2016.03.21-03.40.13:843][195]LogBlueprintUserMessages: Late PlayInEditor Detection: Level '/Game/Hotel/Levels/World.World:PersistentLevel' has LevelScriptBlueprint '/Game/Hotel/Levels/World.World:PersistentLevel.World' with GeneratedClass '/Game/Hotel/Levels/World.World_C' with ClassGeneratedBy '/Game/Hotel/Levels/World.World:PersistentLevel.World'
[2016.03.21-03.40.28:069][776]LogBlueprintUserMessages: [Ghost_C_0] 2
[2016.03.21-03.40.28:179][785]LogBlueprintUserMessages: [Ghost_C_0] 4
[2016.03.21-03.40.28:289][794]LogBlueprintUserMessages: [Ghost_C_0] 6
[2016.03.21-03.40.28:399][803]LogBlueprintUserMessages: [Ghost_C_0] 8
[2016.03.21-03.40.28:512][812]LogBlueprintUserMessages: [Ghost_C_0] 10
[2016.03.21-03.40.28:623][821]LogBlueprintUserMessages: [Ghost_C_0] 12
[2016.03.21-03.40.28:733][830]LogBlueprintUserMessages: [Ghost_C_0] 14
[2016.03.21-03.40.28:841][839]LogBlueprintUserMessages: [Ghost_C_0] 16
[2016.03.21-03.40.28:949][848]LogBlueprintUserMessages: [Ghost_C_0] 18
[2016.03.21-03.40.29:058][857]LogBlueprintUserMessages: [Ghost_C_0] 20
[2016.03.21-03.40.29:169][866]LogBlueprintUserMessages: [Ghost_C_0] 22
[2016.03.21-03.40.29:277][875]LogBlueprintUserMessages: [Ghost_C_0] 24
[2016.03.21-03.40.29:378][883]LogBlueprintUserMessages: [Ghost_C_0] 26
[2016.03.21-03.40.29:479][892]LogBlueprintUserMessages: [Ghost_C_0] 28
[2016.03.21-03.40.29:587][901]LogBlueprintUserMessages: [Ghost_C_0] 30
[2016.03.21-03.40.29:698][910]LogBlueprintUserMessages: [Ghost_C_0] 32
[2016.03.21-03.40.29:801][919]LogBlueprintUserMessages: [Ghost_C_0] 34
[2016.03.21-03.40.29:908][928]LogBlueprintUserMessages: [Ghost_C_0] 36
[2016.03.21-03.40.30:016][937]LogBlueprintUserMessages: [Ghost_C_0] 38
[2016.03.21-03.40.30:124][946]LogBlueprintUserMessages: [Ghost_C_0] 40
[2016.03.21-03.40.32:634][186]LogBlueprintUserMessages: Early EndPlayMap Detection: Level '/Game/Hotel/Levels/World.World:PersistentLevel' has LevelScriptBlueprint '/Game/Hotel/Levels/World.World:PersistentLevel.World' with GeneratedClass '/Game/Hotel/Levels/World.World_C' with ClassGeneratedBy '/Game/Hotel/Levels/World.World:PersistentLevel.World'
[2016.03.21-03.40.32:682][186]LogBlueprintUserMessages: Late EndPlayMap Detection: Level '/Game/Hotel/Levels/World.World:PersistentLevel' has LevelScriptBlueprint '/Game/Hotel/Levels/World.World:PersistentLevel.World' with GeneratedClass '/Game/Hotel/Levels/World.World_C' with ClassGeneratedBy '/Game/Hotel/Levels/World.World:PersistentLevel.World'
[2016.03.21-03.40.32:713][187]LogParticles: Destroying 0 GPU particle simulations for FXSystem 0x0000018B725E9300
[2016.03.21-03.41.38:844][664]BlueprintLog: New page: Compile Ghost
[2016.03.21-03.41.38:972][664]BlueprintEditorCompileResults: Info [0607.27] Compile of Ghost successful! [in 128 ms]
[2016.03.21-03.41.39:966][775]Cmd: OBJ SAVEPACKAGE PACKAGE="/Game/Hotel/Blueprints/Enemies/Ghost" FILE="../../../../../../My Media/UCF Documents/DIG 4725-2/HotelBete/Content/Hotel/Blueprints/Enemies/Ghost.uasset" SILENT=true
[2016.03.21-03.41.40:121][775]LogSavePackage: Save=152.408264ms
[2016.03.21-03.41.40:121][775]LogSavePackage: Moving '../../../../../../My Media/UCF Documents/DIG 4725-2/HotelBete/Saved/Ghost4DB5D0614B5E2445B8E33AB11E25C66E.tmp' to '../../../../../../My Media/UCF Documents/DIG 4725-2/HotelBete/Content/Hotel/Blueprints/Enemies/Ghost.uasset'
[2016.03.21-03.41.40:122][775]LogSavePackage: Total save time: 154.777363ms
[2016.03.21-03.41.40:122][775]LogSavePackage:Display: Finished SavePackage ../../../../../../My Media/UCF Documents/DIG 4725-2/HotelBete/Content/Hotel/Blueprints/Enemies/Ghost.uasset
[2016.03.21-03.41.40:608][832]LogBlueprintUserMessages: Early PlayInEditor Detection: Level '/Game/Hotel/Levels/World.World:PersistentLevel' has LevelScriptBlueprint '/Game/Hotel/Levels/World.World:PersistentLevel.World' with GeneratedClass '/Game/Hotel/Levels/World.World_C' with ClassGeneratedBy '/Game/Hotel/Levels/World.World:PersistentLevel.World'
[2016.03.21-03.41.40:608][832]LogPlayLevel: PlayLevel: No blueprints needed recompiling
[2016.03.21-03.41.40:608][832]PIE: New page: PIE session: World (Mar 20, 2016, 7:41:40 PM)
[2016.03.21-03.41.40:608][832]LogPlayLevel: Creating play world package: /Game/Hotel/Levels/UEDPIE_0_World
[2016.03.21-03.41.40:631][832]LogPlayLevel: PIE: StaticDuplicateObject took: (0.022588s)
[2016.03.21-03.41.40:631][832]LogAIModule: Creating AISystem for world World
[2016.03.21-03.41.40:631][832]LogPlayLevel: PIE: World Init took: (0.000766s)
[2016.03.21-03.41.40:632][832]LogPlayLevel: PIE: Created PIE world by copying editor world from /Game/Hotel/Levels/World.World to /Game/Hotel/Levels/UEDPIE_0_World.World (0.023602s)
[2016.03.21-03.41.40:660][832]LogInit: XAudio2 using 'Speakers (2- High Definition Audio Device)' : 2 channels at 44.1 kHz using 16 bits per sample (channel mask 0x3)
[2016.03.21-03.41.40:666][832]LogInit: FAudioDevice initialized.
[2016.03.21-03.41.40:790][832]LogWorld: Game class is 'FirstPersonGameMode_C'
[2016.03.21-03.41.40:801][832]LogWorld: Bringing World /Game/Hotel/Levels/UEDPIE_0_World.World up for play (max tick rate 0) at 2016.03.20-23.41.40
[2016.03.21-03.41.40:801][832]LogActor:Warning: GameSession /Game/Hotel/Levels/UEDPIE_0_World.World:P