[2016.03.10-20.02.16:209][  0]Log file open, 03/10/16 15:02:16
[2016.03.10-20.02.16:209][  0]LogInit:Display: Running engine for game: Hotel
[2016.03.10-20.02.16:209][  0]LogPlatformFile: Not using cached read wrapper
[2016.03.10-20.02.16:209][  0]LogInit:Display: RandInit(757901527) SRandInit(757901528).
[2016.03.10-20.02.16:209][  0]LogTaskGraph: Started task graph with 4 named threads and 7 total threads.
[2016.03.10-20.02.16:209][  0]LogStats: Stats thread started at 0.070606
[2016.03.10-20.02.16:209][  0]LogInit: Version: 4.10.2-2818068+++depot+UE4-Releases+4.10
[2016.03.10-20.02.16:209][  0]LogInit: API Version: 2758231
[2016.03.10-20.02.16:209][  0]LogInit: Compiled (64-bit): Jan  6 2016 17:36:42
[2016.03.10-20.02.16:209][  0]LogInit: Compiled with Visual C++: 19.00.23026.00
[2016.03.10-20.02.16:209][  0]LogInit: Build Configuration: Development
[2016.03.10-20.02.16:209][  0]LogInit: Branch Name: ++depot+UE4-Releases+4.10
[2016.03.10-20.02.16:209][  0]LogInit: Command line:  
[2016.03.10-20.02.16:209][  0]LogInit: Base directory: C:/Program Files/Epic Games/4.10/Engine/Binaries/Win64/
[2016.03.10-20.02.16:209][  0]LogInit: Rocket: 1
[2016.03.10-20.02.16:219][  0]LogInit: Using libcurl 7.41.0
[2016.03.10-20.02.16:219][  0]LogInit:  - built for x86_64-pc-win32
[2016.03.10-20.02.16:219][  0]LogInit:  - supports SSL with WinSSL
[2016.03.10-20.02.16:219][  0]LogInit:  - other features:
[2016.03.10-20.02.16:219][  0]LogInit:      CURL_VERSION_SSL
[2016.03.10-20.02.16:219][  0]LogInit:      CURL_VERSION_IPV6
[2016.03.10-20.02.16:219][  0]LogInit:      CURL_VERSION_ASYNCHDNS
[2016.03.10-20.02.16:219][  0]LogInit:      CURL_VERSION_LARGEFILE
[2016.03.10-20.02.16:219][  0]LogInit:      CURL_VERSION_IDN
[2016.03.10-20.02.16:219][  0]LogInit:  CurlRequestOptions (configurable via config and command line):
[2016.03.10-20.02.16:219][  0]LogInit:  - bVerifyPeer = true  - Libcurl will verify peer certificate
[2016.03.10-20.02.16:219][  0]LogInit:  - bUseHttpProxy = false  - Libcurl will NOT use HTTP proxy
[2016.03.10-20.02.16:219][  0]LogInit:  - bDontReuseConnections = false  - Libcurl will reuse connections
[2016.03.10-20.02.16:219][  0]LogInit:  - CertBundlePath = nullptr  - Libcurl will use whatever was configured at build time.
[2016.03.10-20.02.16:229][  0]LogInit: Presizing for 0 objects not considered by GC, pre-allocating 0 bytes.
[2016.03.10-20.02.16:229][  0]LogInit: Object subsystem initialized
[2016.03.10-20.02.16:229][  0]LogInit: Selected Device Profile: [Windows]
[2016.03.10-20.02.16:229][  0]LogInit: Applying CVar settings loaded from the selected device profile: [Windows]
[2016.03.10-20.02.16:239][  0]LogInit: Computer: MRRBOND-PC
[2016.03.10-20.02.16:239][  0]LogInit: User: MrrBond
[2016.03.10-20.02.16:239][  0]LogInit: CPU Page size=4096, Cores=4
[2016.03.10-20.02.16:239][  0]LogInit: High frequency timer resolution =3.416025 MHz
[2016.03.10-20.02.16:239][  0]LogMemory: Memory total: Physical=7.9GB (8GB approx)
[2016.03.10-20.02.16:239][  0]LogMemory: Platform Memory Stats for Windows
[2016.03.10-20.02.16:239][  0]LogMemory: Process Physical Memory: 57.25 MB used, 57.25 MB peak
[2016.03.10-20.02.16:239][  0]LogMemory: Process Virtual Memory: 60.66 MB used, 60.66 MB peak
[2016.03.10-20.02.16:239][  0]LogMemory: Physical Memory: 3385.51 MB used, 8134.93 MB total
[2016.03.10-20.02.16:239][  0]LogMemory: Virtual Memory: 354.45 MB used, 8388608.00 MB total
[2016.03.10-20.02.16:276][  0]LogTextLocalizationManager: No specific translations for ('en-US') exist, so ('en') translations will be used.
[2016.03.10-20.02.16:639][  0]LogD3D11RHI: Found D3D11 adapter 0: NVIDIA GeForce GTX 770 (Feature Level 11_0)
[2016.03.10-20.02.16:639][  0]LogD3D11RHI: Adapter has 1989MB of dedicated video memory, 0MB of dedicated system memory, and 2048MB of shared system memory, 1 output[s]
[2016.03.10-20.02.16:639][  0]LogD3D11RHI: Chosen D3D11 Adapter Id = 0
[2016.03.10-20.02.16:643][  0]LogD3D11RHI: !Direct3DDevice
[2016.03.10-20.02.16:643][  0]LogRHI: Texture pool is 1361 MB (70% of 1945 MB)
[2016.03.10-20.02.16:651][  0]LogD3D11RHI: Async texture creation enabled
[2016.03.10-20.02.16:664][  0]LogShaderCompilers: Guid format shader working directory is -10 characters bigger than the processId version (../../../../../../Users/MrrBond/Documents/GitHub/HotelBete/Intermediate/Shaders/WorkingDirectory/8064/).
[2016.03.10-20.02.16:665][  0]LogShaderCompilers: Cleaned the shader compiler working directory 'C:/Users/MrrBond/AppData/Local/Temp/UnrealShaderWorkingDir/C8821E51498F7666125B43B921DA1F48/'.
[2016.03.10-20.02.16:665][  0]LogShaderCompilers:Display: Using Local Shader Compiler.
[2016.03.10-20.02.17:423][  0]LogTemp:Display: Loaded TP AllDesktopTargetPlatform
[2016.03.10-20.02.17:426][  0]LogTemp:Display: Loaded TP WindowsClientTargetPlatform
[2016.03.10-20.02.17:430][  0]LogTemp:Display: Loaded TP WindowsNoEditorTargetPlatform
[2016.03.10-20.02.17:440][  0]LogTemp:Display: Loaded TP WindowsServerTargetPlatform
[2016.03.10-20.02.17:444][  0]LogTemp:Display: Loaded TP WindowsTargetPlatform
[2016.03.10-20.02.17:447][  0]LogTemp:Display: Loaded TP AndroidTargetPlatform
[2016.03.10-20.02.17:450][  0]LogTemp:Display: Loaded TP Android_ASTCTargetPlatform
[2016.03.10-20.02.17:453][  0]LogTemp:Display: Loaded TP Android_ATCTargetPlatform
[2016.03.10-20.02.17:455][  0]LogTemp:Display: Loaded TP Android_DXTTargetPlatform
[2016.03.10-20.02.17:457][  0]LogTemp:Display: Loaded TP Android_ETC1TargetPlatform
[2016.03.10-20.02.17:460][  0]LogTemp:Display: Loaded TP Android_ETC2TargetPlatform
[2016.03.10-20.02.17:465][  0]LogTemp:Display: Loaded TP Android_MultiTargetPlatform
[2016.03.10-20.02.17:465][  0]LogTemp:Display: Loaded TP Android_PVRTCTargetPlatform
[2016.03.10-20.02.17:466][  0]LogTemp:Display: Loaded TP HTML5TargetPlatform
[2016.03.10-20.02.17:481][  0]LogTemp:Display: Loaded TP IOSTargetPlatform
[2016.03.10-20.02.17:484][  0]LogTemp:Display: Loaded TP LinuxNoEditorTargetPlatform
[2016.03.10-20.02.17:486][  0]LogTemp:Display: Loaded TP LinuxServerTargetPlatform
[2016.03.10-20.02.17:489][  0]LogTemp:Display: Loaded TP LinuxTargetPlatform
[2016.03.10-20.02.17:489][  0]LogTargetPlatformManager:Display: Building Assets For Windows
[2016.03.10-20.02.17:568][  0]LogDerivedDataCache:Display: Max Cache Size: 512 MB
[2016.03.10-20.02.17:608][  0]LogDerivedDataCache: Loaded boot cache 0.04s 41MB C:/Users/MrrBond/AppData/Local/UnrealEngine/4.10/DerivedDataCache/Boot.ddc.
[2016.03.10-20.02.17:608][  0]LogDerivedDataCache:Display: Loaded Boot cache: C:/Users/MrrBond/AppData/Local/UnrealEngine/4.10/DerivedDataCache/Boot.ddc
[2016.03.10-20.02.17:608][  0]LogDerivedDataCache: FDerivedDataBackendGraph:  Pak pak cache file ../../../../../../Users/MrrBond/Documents/GitHub/HotelBete/DerivedDataCache/DDC.ddp not found, will not use a pak cache.
[2016.03.10-20.02.17:608][  0]LogDerivedDataCache: Unable to find inner node Pak for hierarchical cache Hierarchy.
[2016.03.10-20.02.17:608][  0]LogDerivedDataCache: FDerivedDataBackendGraph:  CompressedPak pak cache file ../../../../../../Users/MrrBond/Documents/GitHub/HotelBete/DerivedDataCache/Compressed.ddp not found, will not use a pak cache.
[2016.03.10-20.02.17:608][  0]LogDerivedDataCache: Unable to find inner node CompressedPak for hierarchical cache Hierarchy.
[2016.03.10-20.02.17:661][  0]LogDerivedDataCache:Display: Pak cache opened for reading ../../../Engine/DerivedDataCache/Compressed.ddp.
[2016.03.10-20.02.17:676][  0]LogDerivedDataCache: Using Local data cache path C:/Users/MrrBond/AppData/Local/UnrealEngine/Common/DerivedDataCache: Writable
[2016.03.10-20.02.17:829][  0]LogInit: Selected Device Profile: [Windows]
[2016.03.10-20.02.17:830][  0]LogContentStreaming: Texture pool size is 0.000000MB
[2016.03.10-20.02.17:863][  0]LogMeshUtilities: No automatic mesh reduction module available
[2016.03.10-20.02.17:863][  0]LogMeshUtilities: No automatic mesh merging module available
[2016.03.10-20.02.18:159][  0]LogInit: WinSock: version 1.1 (2.2), MaxSocks=32767, MaxUdp=65467
[2016.03.10-20.02.19:210][  0]LogAssetRegistry: FAssetRegistry took 0.0121 seconds to start up
[2016.03.10-20.02.19:227][  0]UdpMessaging: Initializing bridge on interface 0.0.0.0:0 to multicast group 230.0.0.1:6666.
[2016.03.10-20.02.19:481][  0]SourceControl: Info Source control is disabled
[2016.03.10-20.02.19:482][  0]SourceControl: Info Source control is disabled
[2016.03.10-20.02.19:493][  0]SourceControl: Info Source control is disabled
[2016.03.10-20.02.19:503][  0]SourceControl: Info Source control is disabled
[2016.03.10-20.02.19:773][  0]LogObj: 28802 objects as part of root set at end of initial load.
[2016.03.10-20.02.19:773][  0]LogUObjectAllocator: 6129776 out of 0 bytes used by permanent object pool.
[2016.03.10-20.02.19:824][  0]LogEngine: Initializing Engine...
[2016.03.10-20.02.19:826][  0]LogHMD: Can't find Oculus library dev build: is proper Runtime installed? Version: 0.8.0.0
[2016.03.10-20.02.19:826][  0]LogHMD: SteamVR failed to initialize.  Err: 110
[2016.03.10-20.02.19:939][  0]LogAIModule: Creating AISystem for world NewWorld
[2016.03.10-20.02.19:946][  0]LogInit: XAudio2 using 'Speakers (Realtek High Definition Audio)' : 2 channels at 48 kHz using 32 bits per sample (channel mask 0x3)
[2016.03.10-20.02.19:956][  0]LogInit: FAudioDevice initialized.
[2016.03.10-20.02.19:985][  0]LogDerivedDataCache: Saved boot cache 0.03s 41MB C:/Users/MrrBond/AppData/Local/UnrealEngine/4.10/DerivedDataCache/Boot.ddc.
[2016.03.10-20.02.19:991][  0]LogInit: Texture streaming: Enabled
[2016.03.10-20.02.19:995][  0]LogAnalytics: Creating configured Analytics provider AnalyticsET
[2016.03.10-20.02.19:995][  0]LogAnalytics: [UEEditor.Rocket.Release] APIServer = http://et2.epicgames.com/ET2/. AppVersion = 4.10.2-2818068+++depot+UE4-Releases+4.10
[2016.03.10-20.02.19:995][  0]LogAnalytics: [UEEditor.Rocket.Release] SetUserId 70d505b9489753c526a513886a8eb1a2|20388df98dc841109316ca5aa4c25788|5df8a1b8-928f-4cc0-8ccd-f95831ba8036
[2016.03.10-20.02.19:995][  0]LogAnalytics: [UEEditor.Rocket.Release] AnalyticsET::StartSession
[2016.03.10-20.02.20:020][  0]LogInit: Transaction tracking system initialized
[2016.03.10-20.02.20:044][  0]BlueprintLog: New page: Editor Load
[2016.03.10-20.02.20:117][  0]LocalizationService: Info Localization service is disabled
[2016.03.10-20.02.20:192][  0]LogConsoleResponse:Display: 
[2016.03.10-20.02.20:302][  0]LogCook:Display: Done creating registry. It took  0.00s.
[2016.03.10-20.02.20:360][  0]LogFileCache: Scanning file cache for directory 'C:/Users/MrrBond/Documents/GitHub/HotelBete/Content/' took 0.01s
[2016.03.10-20.02.20:360][  0]SourceControl: Info Source control is disabled
[2016.03.10-20.02.20:360][  0]Cmd: MAP LOAD FILE="../../../../../../Users/MrrBond/Documents/GitHub/HotelBete/Content/Hotel/Levels/Menu.umap" TEMPLATE=0 SHOWPROGRESS=1 FEATURELEVEL=3
[2016.03.10-20.02.20:360][  0]LightingResults: New page: Lighting Build
[2016.03.10-20.02.20:363][  0]MapCheck: New page: Map Check
[2016.03.10-20.02.20:363][  0]LightingResults: New page: Lighting Build
[2016.03.10-20.02.20:373][  0]LogParticles: Destroying 0 GPU particle simulations for FXSystem 0x0000000023956AC0
[2016.03.10-20.02.20:531][  0]LogBlueprint:Warning: USimpleConstructionScript::FixupRootNodeParentReferences() - Couldn't find inherited parent component 'DefaultSceneRoot' for 'Cylinder' in BlueprintGeneratedClass 'REINST_Key_C_21' (it may have been removed)
[2016.03.10-20.02.21:267][  0]LogAIModule: Creating AISystem for world Menu
[2016.03.10-20.02.21:268][  0]LogEditorServer: Finished looking for orphan Actors (0.000 secs)
[2016.03.10-20.02.21:268][  0]Cmd: MAP CHECKDEP NOCLEARLOG
[2016.03.10-20.02.21:333][  0]MapCheck: Info Map check complete: 0 Error(s), 0 Warning(s), took 63.62ms to complete.
[2016.03.10-20.02.21:333][  0]LogFileHelpers: Loading map 'Menu' took 0.972
[2016.03.10-20.02.21:432][  0]LogCollectionManager: Loaded 0 collections in 0.002996 seconds
[2016.03.10-20.02.21:468][  0]LogFileCache: Scanning file cache for directory 'C:/Users/MrrBond/Documents/GitHub/HotelBete/Saved/Collections/' took 0.01s
[2016.03.10-20.02.21:468][  0]LogFileCache: Scanning file cache for directory 'C:/Users/MrrBond/Documents/GitHub/HotelBete/Content/Developers/MrrBond/Collections/' took 0.01s
[2016.03.10-20.02.21:468][  0]LogFileCache: Scanning file cache for directory 'C:/Users/MrrBond/Documents/GitHub/HotelBete/Content/Collections/' took 0.01s
[2016.03.10-20.02.21:468][  0]LogCollectionManager: Rebuilt the GUID cache for 0 collections in 0.000001 seconds
[2016.03.10-20.02.21:474][  0]LogContentBrowser: Native class hierarchy populated in 0.0055 seconds. Added 1908 classes and 344 folders.
[2016.03.10-20.02.21:479][  0]LogContentBrowser: Native class hierarchy updated for 'WidgetCarousel' in 0.0006 seconds. Added 0 classes and 0 folders.
[2016.03.10-20.02.21:532][  0]LogContentBrowser: Native class hierarchy updated for 'AddContentDialog' in 0.0003 seconds. Added 0 classes and 0 folders.
[2016.03.10-20.02.21:535][  0]LogContentBrowser: Native class hierarchy updated for 'SceneOutliner' in 0.0003 seconds. Added 1 classes and 2 folders.
[2016.03.10-20.02.21:548][  0]LogCrashTracker: Crashtracker disabled due to settings.
[2016.03.10-20.02.21:551][  0]LogUObjectGlobals:Warning: Failed to find object 'Class None.'
[2016.03.10-20.02.21:572][  0]LogLoad: Full Startup: 5.75 seconds (BP compile: 0.25 seconds)
[2016.03.10-20.02.21:911][  0]LogOcInput: Can't find Oculus library dev build: is proper Runtime installed? Version: 0.8.0.0
[2016.03.10-20.02.21:957][  0]LogContentStreaming: Texture pool size now 1000 MB
[2016.03.10-20.02.22:063][  0]LogRenderer: Reallocating scene render targets to support 1208x572 (Frame:2).
[2016.03.10-20.02.23:918][  6]LogAssetRegistry: Asset discovery search completed in 4.7192 seconds
[2016.03.10-20.02.23:918][  6]LogCollectionManager: Rebuilt the object cache for 0 collections in 0.000001 seconds (found 0 objects)
[2016.03.10-20.02.23:918][  6]LogCollectionManager: Fixed up redirectors for 0 collections in 0.000015 seconds (updated 0 objects)
[2016.03.10-20.02.30:013][529]LogLinker:Warning: Can't find file '/Game/StarterContent/Textures/skydome_hdri___brooding_clouds_by_ardak-d5zjabh'
[2016.03.10-20.02.30:013][529]LogLinker:Warning: Can't find file for asset '/Game/StarterContent/Textures/skydome_hdri___brooding_clouds_by_ardak-d5zjabh' while loading ../../../Engine/Content/EngineSky/M_Sky_Panning_Clouds2.uasset.
[2016.03.10-20.02.30:013][529]LoadErrors:Error: Error /Engine/EngineSky/M_Sky_Panning_Clouds2 : Can't find file for asset. /Game/StarterContent/Textures/skydome_hdri___brooding_clouds_by_ardak-d5zjabh
[2016.03.10-20.02.30:013][529]LogLinker:Warning: Can't find file '/Game/StarterContent/Textures/skydome_hdri___brooding_clouds_by_ardak-d5zjabh'
[2016.03.10-20.02.30:013][529]LogLinker:Warning: Can't find file for asset '/Game/StarterContent/Textures/skydome_hdri___brooding_clouds_by_ardak-d5zjabh' while loading ../../../Engine/Content/EngineSky/M_Sky_Panning_Clouds2.uasset.
[2016.03.10-20.02.30:532][529]LogLinker:Warning: Can't find file '/Game/StarterContent/Textures/skydome_hdri___brooding_clouds_by_ardak-d5zjabh'
[2016.03.10-20.02.30:532][529]LoadErrors: Info Failed to load /Game/StarterContent/Textures/skydome_hdri___brooding_clouds_by_ardak-d5zjabh.skydome_hdri___brooding_clouds_by_ardak-d5zjabh Referenced by MaterialExpressionTextureSample_0
[2016.03.10-20.02.30:532][529]LogLinker:Warning: Can't find file for asset '/Game/StarterContent/Textures/skydome_hdri___brooding_clouds_by_ardak-d5zjabh' while loading NULL.
[2016.03.10-20.02.30:736][529]LogMaterial: Missing cached shader map for material M_Sky_Panning_Clouds2, compiling. 
[2016.03.10-20.02.30:737][529]LogMaterial:Warning: Failed to compile Material /Engine/EngineSky/M_Sky_Panning_Clouds2.M_Sky_Panning_Clouds2 for platform PCD3D_SM5, Default Material will be used in game.
[2016.03.10-20.02.30:737][529]LogMaterial:Warning: 	(Node TextureSample) TextureSample> Missing input texture
[2016.03.10-20.02.30:807][529]LogAIModule: Creating AISystem for world Prototype
[2016.03.10-20.02.30:811][529]LogParticles:Warning: InitializeSystem called on an unregistered component. Template=/Game/StarterContent/Particles/Breath.Breath Component=/Game/Hotel/Levels/Prototype.Prototype:PersistentLevel.Breath.ParticleSystemComponent0
[2016.03.10-20.02.30:812][529]LogParticles:Warning: InitializeSystem called on an unregistered component. Template=/Game/StarterContent/Particles/ItemMarker.ItemMarker Component=/Game/Hotel/Levels/Prototype.Prototype:PersistentLevel.ItemMarker.ParticleSystemComponent0
[2016.03.10-20.02.30:812][529]LogParticles:Warning: InitializeSystem called on an unregistered component. Template=/Game/StarterContent/Particles/Dust.Dust Component=/Game/Hotel/Levels/Prototype.Prototype:PersistentLevel.Dust_2.ParticleSystemComponent0
[2016.03.10-20.02.30:812][529]LogParticles:Warning: InitializeSystem called on an unregistered component. Template=/Game/StarterContent/Particles/Fog_Steam.Fog_Steam Component=/Game/Hotel/Levels/Prototype.Prototype:PersistentLevel.Fog_Steam2.ParticleSystemComponent0
[2016.03.10-20.02.30:812][529]LogParticles:Warning: InitializeSystem called on an unregistered component. Template=/Game/StarterContent/Particles/Fog_Steam.Fog_Steam Component=/Game/Hotel/Levels/Prototype.Prototype:PersistentLevel.Fog_Steam3.ParticleSystemComponent0
[2016.03.10-20.02.30:891][529]Cmd: MAP LOAD FILE="../../../../../../Users/MrrBond/Documents/GitHub/HotelBete/Content/Hotel/Levels/Prototype.umap" TEMPLATE=0 SHOWPROGRESS=1 FEATURELEVEL=3
[2016.03.10-20.02.30:891][529]LightingResults: New page: Lighting Build
[2016.03.10-20.02.30:913][529]LoadErrors: New page: Loading map: Prototype.umap
[2016.03.10-20.02.30:913][529]MapCheck: New page: Map Check
[2016.03.10-20.02.30:913][529]LightingResults: New page: Lighting Build
[2016.03.10-20.02.30:927][529]LogParticles: Destroying 0 GPU particle simulations for FXSystem 0x000000002BCCC900
[2016.03.10-20.02.30:942][529]LogEditorServer: Finished looking for orphan Actors (0.000 secs)
[2016.03.10-20.02.30:982][529]Cmd: MAP CHECKDEP NOCLEARLOG
[2016.03.10-20.02.31:101][529]MapCheck: Info Map check complete: 0 Error(s), 0 Warning(s), took 119.545ms to complete.
[2016.03.10-20.02.31:102][529]LogFileHelpers: Loading map 'Prototype' took 0.212
[2016.03.10-20.02.31:108][529]LoadErrors:Error: Error /Game/FirstPersonBP/Blueprints/Enemy : Failed import for Enemy_C /Game/Hotel/Blueprints/Enemies/Enemy.Default__Enemy_C [redirection] in /Game/FirstPersonBP/Blueprints/Enemy
[2016.03.10-20.03.58:196][386]LogLinker:Warning: Asset '../../../Engine/Content/ArtTools/RenderToTexture/Macros/RenderToTextureMacros.uasset' has been saved with empty engine version. The asset will be loaded but may be incompatible.
[2016.03.10-20.03.58:523][386]LogContentBrowser: Native class hierarchy updated for 'BlueprintGraph' in 0.0006 seconds. Added 107 classes and 0 folders.
[2016.03.10-20.04.10:745][788]BlueprintLog: New page: Compile Door
[2016.03.10-20.04.10:800][788]LogActorComponent: UnregisterComponent: (/Engine/Transient.PawnSensing_GEN_VARIABLE) Not registered. Aborting.
[2016.03.10-20.04.10:833][788]BlueprintEditorCompileResults: Info [0115.01] Compile of Door successful! [in 88 ms]
[2016.03.10-20.06.22:655][434]BlueprintLog: New page: Compile Door
[2016.03.10-20.06.22:735][434]BlueprintEditorCompileResults: Info [0246.91] Compile of Door successful! [in 79 ms]
[2016.03.10-20.06.23:824][561]LogBlueprintUserMessages: Early PlayInEditor Detection: Level '/Game/Hotel/Levels/Prototype.Prototype:PersistentLevel' has LevelScriptBlueprint '/Game/Hotel/Levels/Prototype.Prototype:PersistentLevel.Prototype' with GeneratedClass '/Game/Hotel/Levels/Prototype.Prototype_C' with ClassGeneratedBy '/Game/Hotel/Levels/Prototype.Prototype:PersistentLevel.Prototype'
[2016.03.10-20.06.23:824][561]LogPlayLevel: PlayLevel: No blueprints needed recompiling
[2016.03.10-20.06.23:825][561]PIE: New page: PIE session: Prototype (Mar 10, 2016, 10:06:23 AM)
[2016.03.10-20.06.23:825][561]LogPlayLevel: Creating play world package: /Game/Hotel/Levels/UEDPIE_0_Prototype
[2016.03.10-20.06.23:862][561]LogPlayLevel: PIE: StaticDuplicateObject took: (0.037085s)
[2016.03.10-20.06.23:863][561]LogAIModule: Creating AISystem for world Prototype
[2016.03.10-20.06.23:863][561]LogPlayLevel: PIE: World Init took: (0.001358s)
[2016.03.10-20.06.23:863][561]LogPlayLevel: PIE: Created PIE world by copying editor world from /Game/Hotel/Levels/Prototype.Prototype to /Game/Hotel/Levels/UEDPIE_0_Prototype.Prototype (0.038741s)
[2016.03.10-20.06.23:896][561]LogInit: XAudio2 using 'Speakers (Realtek High Definition Audio)' : 2 channels at 48 kHz using 32 bits per sample (channel mask 0x3)
[2016.03.10-20.06.23:903][561]LogInit: FAudioDevice initialized.
[2016.03.10-20.06.24:002][561]LogWorld: Game class is 'FirstPersonGameMode_C'
[2016.03.10-20.06.24:008][561]LogWorld: Bringing World /Game/Hotel/Levels/UEDPIE_0_Prototype.Prototype up for play (max tick rate 0) at 2016.03.10-15.06.24
[2016.03.10-20.06.24:008][561]LogActor:Warning: GameSession /Game/Hotel/Levels/UEDPIE_0_Prototype.Prototype:PersistentLevel.GameSession_0 has natively added scene component(s), but none of them were set as the actor's RootComponent - picking one arbitrarily
[2016.03.10-20.06.24:008][561]LogActor:Warning: GameNetworkManager /Game/Hotel/Levels/UEDPIE_0_Prototype.Prototype:PersistentLevel.GameNetworkManager_0 has natively added scene component(s), but none of them were set as the actor's RootComponent - picking one arbitrarily
[2016.03.10-20.06.24:009][561]LogWorld: Bringing up level for play took: 0.005399
[2016.03.10-20.06.24:011][561]LogBlueprintUserMessages: [Prototype_C_0] Hello
[2016.03.10-20.06.24:011][561]PIE:Warning: Warning SimpleMove failed for AIController_2: movement not allowed
[2016.03.10-20.06.24:022][561]PIE: Info Play in editor start time for /Game/Hotel/Levels/UEDPIE_0_Prototype 1.04
[2016.03.10-20.06.24:022][561]LogBlueprintUserMessages: Late PlayInEditor Detection: Level '/Game/Hotel/Levels/Prototype.Prototype:PersistentLevel' has LevelScriptBlueprint '/Game/Hotel/Levels/Prototype.Prototype:PersistentLevel.Prototype' with GeneratedClass '/Game/Hotel/Levels/Prototype.Prototype_C' with ClassGeneratedBy '/Game/Hotel/Levels/Prototype.Prototype:PersistentLevel.Prototype'
[2016.03.10-20.06.24:060][562]LogRenderer: Reallocating scene render targets to support 1280x720 (Frame:585).
[2016.03.10-20.06.28:695][ 95]LogBlueprintUserMessages: [Player_C_0] KEY
[2016.03.10-20.06.37:886][112]LogBlueprintUserMessages: Early EndPlayMap Detection: Level '/Game/Hotel/Levels/Prototype.Prototype:PersistentLevel' has LevelScriptBlueprint '/Game/Hotel/Levels/Prototype.Prototype:PersistentLevel.Prototype' with GeneratedClass '/Game/Hotel/Levels/Prototype.Prototype_C' with ClassGeneratedBy '/Game/Hotel/Levels/Prototype.Prototype:PersistentLevel.Prototype'
[2016.03.10-20.06.37:937][112]LogBlueprintUserMessages: Late EndPlayMap Detection: Level '/Game/Hotel/Levels/Prototype.Prototype:PersistentLevel' has LevelScriptBlueprint '/Game/Hotel/Levels/Prototype.Prototype:PersistentLevel.Prototype' with GeneratedClass '/Game/Hotel/Levels/Prototype.Prototype_C' with ClassGeneratedBy '/Game/Hotel/Levels/Prototype.Prototype:PersistentLevel.Prototype'
[2016.03.10-20.06.37:963][112]LogParticles: Destroying 0 GPU particle simulations for FXSystem 0x00000000489EF920
[2016.03.10-20.06.43:883][792]LogBlueprintUserMessages: Early PlayInEditor Detection: Level '/Game/Hotel/Levels/Prototype.Prototype:PersistentLevel' has LevelScriptBlueprint '/Game/Hotel/Levels/Prototype.Prototype:PersistentLevel.Prototype' with GeneratedClass '/Game/Hotel/Levels/Prototype.Prototype_C' with ClassGeneratedBy '/Game/Hotel/Levels/Prototype.Prototype:PersistentLevel.Prototype'
[2016.03.10-20.06.43:883][792]LogPlayLevel: PlayLevel: No blueprints needed recompiling
[2016.03.10-20.06.43:883][792]PIE: New page: PIE session: Prototype (Mar 10, 2016, 10:06:43 AM)
[2016.03.10-20.06.43:883][792]LogPlayLevel: Creating play world package: /Game/Hotel/Levels/UEDPIE_0_Prototype
[2016.03.10-20.06.43:908][792]LogPlayLevel: PIE: StaticDuplicateObject took: (0.024940s)
[2016.03.10-20.06.43:909][792]LogAIModule: Creating AISystem for world Prototype
[2016.03.10-20.06.43:910][792]LogPlayLevel: PIE: World Init took: (0.001318s)
[2016.03.10-20.06.43:910][792]LogPlayLevel: PIE: Created PIE world by copying editor world from /Game/Hotel/Levels/Prototype.Prototype to /Game/Hotel/Levels/UEDPIE_0_Prototype.Prototype (0.026546s)
[2016.03.10-20.06.43:942][792]LogInit: XAudio2 using 'Speakers (Realtek High Definition Audio)' : 2 channels at 48 kHz using 32 bits per sample (channel mask 0x3)
[2016.03.10-20.06.43:954][792]LogInit: FAudioDevice initialized.
[2016.03.10-20.06.44:028][792]LogWorld: Game class is 'FirstPersonGameMode_C'
[2016.03.10-20.06.44:040][792]LogWorld: Bringing World /Game/Hotel/Levels/UEDPIE_0_Prototype.Prototype up for play (max tick rate 0) at 2016.03.10-15.06.44
[2016.03.10-20.06.44:040][792]LogActor:Warning: GameSession /Game/Hotel/Levels/UEDPIE_0_Prototype.Prototype:PersistentLevel.GameSession_1 has natively added scene component(s), but none of them were set as the actor's RootComponent - picking one arbitrarily
[2016.03.10-20.06.44:041][792]LogActor:Warning: GameNetworkManager /Game/Hotel/Levels/UEDPIE_0_Prototype.Prototype:PersistentLevel.GameNetworkManager_1 has natively added scene component(s), but none of them were set as the actor's RootComponent - picking one arbitrarily
[2016.03.10-20.06.44:042][792]LogWorld: Bringing up level for play took: 0.012532
[2016.03.10-20.06.44:049][792]LogBlueprintUserMessages: [Prototype_C_0] Hello
[2016.03.10-20.06.44:049][792]PIE:Warning: Warning SimpleMove failed for AIController_5: movement not allowed
[2016.03.10-20.06.44:064][792]PIE: Info Play in editor start time for /Game/Hotel/Levels/UEDPIE_0_Prototype 1.081
[2016.03.10-20.06.44:064][792]LogBlueprintUserMessages: Late PlayInEditor Detection: Level '/Game/Hotel/Levels/Prototype.Prototype:PersistentLevel' has LevelScriptBlueprint '/Game/Hotel/Levels/Prototype.Prototype:PersistentLevel.Prototype' with GeneratedClass '/Game/Hotel/Levels/Prototype.Prototype_C' with ClassGeneratedBy '/Game/Hotel/Levels/Prototype.Prototype:PersistentLevel.Prototype'
[2016.03.10-20.06.48:129][260]LogBlueprintUserMessages: Early EndPlayMap Detection: Level '/Game/Hotel/Levels/Prototype.Prototype:PersistentLevel' has LevelScriptBlueprint '/Game/Hotel/Levels/Prototype.Prototype:PersistentLevel.Prototype' with GeneratedClass '/Game/Hotel/Levels/Prototype.Prototype_C' with ClassGeneratedBy '/Game/Hotel/Levels/Prototype.Prototype:PersistentLevel.Prototype'
[2016.03.10-20.06.48:174][260]LogBlueprintUserMessages: Late EndPlayMap Detection: Level '/Game/Hotel/Levels/Prototype.Prototype:PersistentLevel' has LevelScriptBlueprint '/Game/Hotel/Levels/Prototype.Prototype:PersistentLevel.Prototype' with GeneratedClass '/Game/Hotel/Levels/Prototype.Prototype_C' with ClassGeneratedBy '/Game/Hotel/Levels/Prototype.Prototype:PersistentLevel.Prototype'
[2016.03.10-20.06.48:202][260]LogParticles: Destroying 0 GPU particle simulations for FXSystem 0x000000001166E8E0
[2016.03.10-20.06.48:816][308]LogBlueprintUserMessages: Early PlayInEditor Detection: Level '/Game/Hotel/Levels/Prototype.Prototype:PersistentLevel' has LevelScriptBlueprint '/Game/Hotel/Levels/Prototype.Prototype:PersistentLevel.Prototype' with GeneratedClass '/Game/Hotel/Levels/Prototype.Prototype_C' with ClassGeneratedBy '/Game/Hotel/Levels/Prototype.Prototype:PersistentLevel.Prototype'
[2016.03.10-20.06.48:816][308]LogPlayLevel: PlayLevel: No blueprints needed recompiling
[2016.03.10-20.06.48:816][308]PIE: New page: PIE session: Prototype (Mar 10, 2016, 10:06:48 AM)
[2016.03.10-20.06.48:816][308]LogPlayLevel: Creating play world package: /Game/Hotel/Levels/UEDPIE_0_Prototype
[2016.03.10-20.06.48:843][308]LogPlayLevel: PIE: StaticDuplicateObject took: (0.026421s)
[2016.03.10-20.06.48:845][308]LogAIModule: Creating AISystem for world Prototype
[2016.03.10-20.06.48:846][308]LogPlayLevel: PIE: World Init took: (0.002636s)
[2016.03.10-20.06.48:846][308]LogPlayLevel: PIE: Created PIE world by copying editor world from /Game/Hotel/Levels/Prototype.Prototype to /Game/Hotel/Levels/UEDPIE_0_Prototype.Prototype (0.029489s)
[2016.03.10-20.06.48:877][308]LogInit: XAudio2 using 'Speakers (Realtek High Definition Audio)' : 2 channels at 48 kHz using 32 bits per sample (channel mask 0x3)
[2016.03.10-20.06.48:888][308]LogInit: FAudioDevice initialized.
[2016.03.10-20.06.48:958][308]LogWorld: Game class is 'FirstPersonGameMode_C'
[2016.03.10-20.06.48:964][308]LogWorld: Bringing World /Game/Hotel/Levels/UEDPIE_0_Prototype.Prototype up for play (max tick rate 0) at 2016.03.10-15.06.48
[2016.03.10-20.06.48:964][308]LogActor:Warning: GameSession /Game/Hotel/Levels/UEDPIE_0_Prototype.Prototype:PersistentLevel.GameSession_2 has natively added scene component(s), but none of them were set as the actor's RootComponent - picking one arbitrarily
[2016.03.10-20.06.48:964][308]LogActor:Warning: GameNetworkManager /Game/Hotel/Levels/UEDPIE_0_Prototype.Prototype:PersistentLevel.GameNetworkManager_2 has natively added scene component(s), but none of them were set as the actor's RootComponent - picking one arbitrarily
[2016.03.10-20.06.48:965][308]LogWorld: Bringing up level for play took: 0.005633
[2016.03.10-20.06.48:967][308]LogBlueprintUserMessages: [Prototype_C_0] Hello
[2016.03.10-20.06.48:967][308]PIE:Warning: Warning SimpleMove failed for AIController_8: movement not allowed
[2016.03.10-20.06.48:983][308]PIE: Info Play in editor start time for /Game/Hotel/Levels/UEDPIE_0_Prototype 0.001
[2016.03.10-20.06.48:984][308]LogBlueprintUserMessages: Late PlayInEditor Detection: Level '/Game/Hotel/Levels/Prototype.Prototype:PersistentLevel' has LevelScriptBlueprint '/Game/Hotel/Levels/Prototype.Prototype:PersistentLevel.Prototype' with GeneratedClass '/Game/Hotel/Levels/Prototype.Prototype_C' with ClassGeneratedBy '/Game/Hotel/Levels/Prototype.Prototype:PersistentLevel.Prototype'
[2016.03.10-20.06.53:688][859]LogBlueprintUserMessages: [Player_C_2] KEY
[2016.03.10-20.06.57:789][344]LogBlueprintUserMessages: Early EndPlayMap Detection: Level '/Game/Hotel/Levels/Prototype.Prototype:PersistentLevel' has LevelScriptBlueprint '/Game/Hotel/Levels/Prototype.Prototype:PersistentLevel.Prototype' with GeneratedClass '/Game/Hotel/Levels/Prototype.Prototype_C' with ClassGeneratedBy '/Game/Hotel/Levels/Prototype.Prototype:PersistentLevel.Prototype'
[2016.03.10-20.06.57:838][344]LogBlueprintUserMessages: Late EndPlayMap Detection: Level '/Game/Hotel/Levels/Prototype.Prototype:PersistentLevel' has LevelScriptBlueprint '/Game/Hotel/Levels/Prototype.Prototype:PersistentLevel.Prototype' with GeneratedClass '/Game/Hotel/Levels/Prototype.Prototype_C' with ClassGeneratedBy '/Game/Hotel/Levels/Prototype.Prototype:PersistentLevel.Prototype'
[2016.03.10-20.06.57:873][344]LogParticles: Destroying 0 GPU particle simulations for FXSystem 0x00000000635718A0
[2016.03.10-20.07.10:871][858]BlueprintLog: New page: Compile Door
[2016.03.10-20.07.10:954][858]BlueprintEditorCompileResults: Info [0295.13] Compile of Door successful! [in 82 ms]
[2016.03.10-20.07.12:152][998]LogBlueprintUserMessages: Early PlayInEditor Detection: Level '/Game/Hotel/Levels/Prototype.Prototype:PersistentLevel' has LevelScriptBlueprint '/Game/Hotel/Levels/Prototype.Prototype:PersistentLevel.Prototype' with GeneratedClass '/Game/Hotel/Levels/Prototype.Prototype_C' with ClassGeneratedBy '/Game/Hotel/Levels/Prototype.Prototype:PersistentLevel.Prototype'
[2016.03.10-20.07.12:152][998]LogPlayLevel: PlayLevel: No blueprints needed recompiling
[2016.03.10-20.07.12:153][998]PIE: New page: PIE session: Prototype (Mar 10, 2016, 10:07:12 AM)
[2016.03.10-20.07.12:153][998]LogPlayLevel: Creating play world package: /Game/Hotel/Levels/UEDPIE_0_Prototype
[2016.03.10-20.07.12:181][998]LogPlayLevel: PIE: StaticDuplicateObject took: (0.027953s)
[2016.03.10-20.07.12:182][998]LogAIModule: Creating AISystem for world Prototype
[2016.03.10-20.07.12:182][998]LogPlayLevel: PIE: World Init took: (0.001389s)
[2016.03.10-20.07.12:182][998]LogPlayLevel: PIE: Created PIE world by copying editor world from /Game/Hotel/Levels/Prototype.Prototype to /Game/Hotel/Levels/UEDPIE_0_Prototype.Prototype (0.029634s)
[2016.03.10-20.07.12:214][998]LogInit: XAudio2 using 'Speakers (Realtek High Definition Audio)' : 2 channels at 48 kHz using 32 bits per sample (channel mask 0x3)
[2016.03.10-20.07.12:221][998]LogInit: FAudioDevice initialized.
[2016.03.10-20.07.12:293][998]LogWorld: Game class is 'FirstPersonGameMode_C'
[2016.03.10-20.07.12:299][998]LogWorld: Bringing World /Game/Hotel/Levels/UEDPIE_0_Prototype.Prototype up for play (max tick rate 0) at 2016.03.10-15.07.12
[2016.03.10-20.07.12:299][998]LogActor:Warning: GameSession /Game/Hotel/Levels/UEDPIE_0_Prototype.Prototype:PersistentLevel.GameSession_3 has natively added scene component(s), but none of them were set as the actor's RootComponent - picking one arbitrarily
[2016.03.10-20.07.12:299][998]LogActor:Warning: GameNetworkManager /Game/Hotel/Levels/UEDPIE_0_Prototype.Prototype:PersistentLevel.GameNetworkManager_3 has natively added scene component(s), but none of them were set as the actor's RootComponent - picking one arbitrarily
[2016.03.10-20.07.12:300][998]LogWorld: Bringing up level for play took: 0.005967
[2016.03.10-20.07.12:302][998]LogBlueprintUserMessages: [Prototype_C_0] Hello
[2016.03.10-20.07.12:302][998]PIE:Warning: Warning SimpleMove failed for AIController_11: movement not allowed
[2016.03.10-20.07.12:318][998]PIE: Info Play in editor start time for /Game/Hotel/Levels/UEDPIE_0_Prototype -0.665
[2016.03.10-20.07.12:318][998]LogBlueprintUserMessages: Late PlayInEditor Detection: Level '/Game/Hotel/Levels/Prototype.Prototype:PersistentLevel' has LevelScriptBlueprint '/Game/Hotel/Levels/Prototype.Prototype:PersistentLevel.Prototype' with GeneratedClass '/Game/Hotel/Levels/Prototype.Prototype_C' with ClassGeneratedBy '/Game/Hotel/Levels/Prototype.Prototype:PersistentLevel.Prototype'
[2016.03.10-20.07.15:913][402]LogBlueprintUserMessages: [Player_C_3] KEY
[2016.03.10-20.07.20:304][920]LogBlueprintUserMessages: Early EndPlayMap Detection: Level '/Game/Hotel/Levels/Prototype.Prototype:PersistentLevel' has LevelScriptBlueprint '/Game/Hotel/Levels/Prototype.Prototype:PersistentLevel.Prototype' with GeneratedClass '/Game/Hotel/Levels/Prototype.Prototype_C' with ClassGeneratedBy '/Game/Hotel/Levels/Prototype.Prototype:PersistentLevel.Prototype'
[2016.03.10-20.07.20:349][920]LogBlueprintUserMessages: Late EndPlayMap Detection: Level '/Game/Hotel/Levels/Prototype.Prototype:PersistentLevel' has LevelScriptBlueprint '/Game/Hotel/Levels/Prototype.Prototype:PersistentLevel.Prototype' with GeneratedClass '/Game/Hotel/Levels/Prototype.Prototype_C' with ClassGeneratedBy '/Game/Hotel/Levels/Prototype.Prototype:PersistentLevel.Prototype'
[2016.03.10-20.07.20:372][920]LogParticles: Destroying 0 GPU particle simulations for FXSystem 0x000000007922A3E0
[2016.03.10-20.07.25:953][560]BlueprintLog: New page: Compile Door
[2016.03.10-20.07.26:032][560]BlueprintEditorCompileResults: Info [0310.21] Compile of Door successful! [in 79 ms]
[2016.03.10-20.07.33:568][460]LogBlueprintUserMessages: Early PlayInEditor Detection: Level '/Game/Hotel/Levels/Prototype.Prototype:PersistentLevel' has LevelScriptBlueprint '/Game/Hotel/Levels/Prototype.Prototype:PersistentLevel.Prototype' with GeneratedClass '/Game/Hotel/Levels/Prototype.Prototype_C' with ClassGeneratedBy '/Game/Hotel/Levels/Prototype.Prototype:PersistentLevel.Prototype'
[2016.03.10-20.07.33:568][460]LogPlayLevel: PlayLevel: No blueprints needed recompiling
[2016.03.10-20.07.33:568][460]PIE: New page: PIE session: Prototype (Mar 10, 2016, 10:07:33 AM)
[2016.03.10-20.07.33:568][460]LogPlayLevel: Creating play world package: /Game/Hotel/Levels/UEDPIE_0_Prototype
[2016.03.10-20.07.33:596][460]LogPlayLevel: PIE: StaticDuplicateObject took: (0.027656s)
[2016.03.10-20.07.33:597][460]LogAIModule: Creating AISystem for world Prototype
[2016.03.10-20.07.33:597][460]LogPlayLevel: PIE: World Init took: (0.001376s)
[2016.03.10-20.07.33:597][460]LogPlayLevel: PIE: Created PIE world by copying editor world from /Game/Hotel/Levels/Prototype.Prototype to /Game/Hotel/Levels/UEDPIE_0_Prototype.Prototype (0.029255s)
[2016.03.10-20.07.33:628][460]LogInit: XAudio2 using 'Speakers (Realtek High Definition Audio)' : 2 channels at 48 kHz using 32 bits per sample (channel mask 0x3)
[2016.03.10-20.07.33:638][460]LogInit: FAudioDevice initialized.
[2016.03.10-20.07.33:708][460]LogWorld: Game class is 'FirstPersonGameMode_C'
[2016.03.10-20.07.33:717][460]LogWorld: Bringing World /Game/Hotel/Levels/UEDPIE_0_Prototype.Prototype up for play (max tick rate 0) at 2016.03.10-15.07.33
[2016.03.10-20.07.33:718][460]LogActor:Warning: GameSession /Game/Hotel/Levels/UEDPIE_0_Prototype.Prototype:PersistentLevel.GameSession_4 has natively added scene component(s), but none of them were set as the actor's RootComponent - picking one arbitrarily
[2016.03.10-20.07.33:718][460]LogActor:Warning: GameNetworkManager /Game/Hotel/Levels/UEDPIE_0_Prototype.Prototype:PersistentLevel.GameNetworkManager_4 has natively added scene component(s), but none of them were set as the actor's RootComponent - picking one arbitrarily
[2016.03.10-20.07.33:719][460]LogWorld: Bringing up level for play took: 0.009119
[2016.03.10-20.07.33:721][460]LogBlueprintUserMessages: [Prototype_C_0] Hello
[2016.03.10-20.07.33:721][460]PIE:Warning: Warning SimpleMove failed for AIController_14: movement not allowed
[2016.03.10-20.07.33:732][460]PIE: Info Play in editor start time for /Game/Hotel/Levels/UEDPIE_0_Prototype 0.749
[2016.03.10-20.07.33:732][460]LogBlueprintUserMessages: Late PlayInEditor Detection: Level '/Game/Hotel/Levels/Prototype.Prototype:PersistentLevel' has LevelScriptBlueprint '/Game/Hotel/Levels/Prototype.Prototype:PersistentLevel.Prototype' with GeneratedClass '/Game/Hotel/Levels/Prototype.Prototype_C' with ClassGeneratedBy '/Game/Hotel/Levels/Prototype.Prototype:PersistentLevel.Prototype'
[2016.03.10-20.07.37:763][925]LogBlueprintUserMessages: [Player_C_4] KEY
[2016.03.10-20.07.44:449][706]LogBlueprintUserMessages: Early EndPlayMap Detection: Level '/Game/Hotel/Levels/Prototype.Prototype:PersistentLevel' has LevelScriptBlueprint '/Game/Hotel/Levels/Prototype.Prototype:PersistentLevel.Prototype' with GeneratedClass '/Game/Hotel/Levels/Prototype.Prototype_C' with ClassGeneratedBy '/Game/Hotel/Levels/Prototype.Prototype:PersistentLevel.Prototype'
[2016.03.10-20.07.44:497][706]LogBlueprintUserMessages: Late EndPlayMap Detection: Level '/Game/Hotel/Levels/Prototype.Prototype:PersistentLevel' has LevelScriptBlueprint '/Game/Hotel/Levels/Prototype.Prototype:PersistentLevel.Prototype' with GeneratedClass '/Game/Hotel/Levels/Prototype.Prototype_C' with ClassGeneratedBy '/Game/Hotel/Levels/Prototype.Prototype:PersistentLevel.Prototype'
[2016.03.10-20.07.44:519][706]LogParticles: Destroying 0 GPU particle simulations for FXSystem 0x000000006F35C360
[2016.03.10-20.07.52:213][602]BlueprintLog: New page: Compile Door
[2016.03.10-20.07.52:293][602]BlueprintEditorCompileResults: Info [0336.47] Compile of Door successful! [in 79 ms]
[2016.03.10-20.07.53:261][716]LogBlueprintUserMessages: Early PlayInEditor Detection: Level '/Game/Hotel/Levels/Prototype.Prototype:PersistentLevel' has LevelScriptBlueprint '/Game/Hotel/Levels/Prototype.Prototype:PersistentLevel.Prototype' with GeneratedClass '/Game/Hotel/Levels/Prototype.Prototype_C' with ClassGeneratedBy '/Game/Hotel/Levels/Prototype.Prototype:PersistentLevel.Prototype'
[2016.03.10-20.07.53:261][716]LogPlayLevel: PlayLevel: No blueprints needed recompiling
[2016.03.10-20.07.53:261][716]PIE: New page: PIE session: Prototype (Mar 10, 2016, 10:07:53 AM)
[2016.03.10-20.07.53:261][716]LogPlayLevel: Creating play world package: /Game/Hotel/Levels/UEDPIE_0_Prototype
[2016.03.10-20.07.53:291][716]LogPlayLevel: PIE: StaticDuplicateObject took: (0.029786s)
[2016.03.10-20.07.53:292][716]LogAIModule: Creating AISystem for world Prototype
[2016.03.10-20.07.53:292][716]LogPlayLevel: PIE: World Init took: (0.001280s)
[2016.03.10-20.07.53:292][716]LogPlayLevel: PIE: Created PIE world by copying editor world from /Game/Hotel/Levels/Prototype.Prototype to /Game/Hotel/Levels/UEDPIE_0_Prototype.Prototype (0.031406s)
[2016.03.10-20.07.53:325][716]LogInit: XAudio2 using 'Speakers (Realtek High Definition Audio)' : 2 channels at 48 kHz using 32 bits per sample (channel mask 0x3)
[2016.03.10-20.07.53:331][716]LogInit: FAudioDevice initialized.
[2016.03.10-20.07.53:391][716]LogWorld: Game class is 'FirstPersonGameMode_C'
[2016.03.10-20.07.53:397][716]LogWorld: Bringing World /Game/Hotel/Levels/UEDPIE_0_Prototype.Prototype up for play (max tick rate 0) at 2016.03.10-15.07.53
[2016.03.10-20.07.53:397][716]LogActor:Warning: GameSession /Game/Hotel/Levels/UEDPIE_0_Prototype.Prototype:PersistentLevel.GameSession_5 has natively added scene component(s), but none of them were set as the actor's RootComponent - picking one arbitrarily
[2016.03.10-20.07.53:397][716]LogActor:Warning: GameNetworkManager /Game/Hotel/Levels/UEDPIE_0_Prototype.Prototype:PersistentLevel.GameNetworkManager_5 has natively added scene component(s), but none of them were set as the actor's RootComponent - picking one arbitrarily
[2016.03.10-20.07.53:398][716]LogWorld: Bringing up level for play took: 0.006273
[2016.03.10-20.07.53:400][716]LogBlueprintUserMessages: [Prototype_C_0] Hello
[2016.03.10-20.07.53:401][716]PIE:Warning: Warning SimpleMove failed for AIController_17: movement not allowed
[2016.03.10-20.07.53:417][716]PIE: Info Play in editor start time for /Game/Hotel/Levels/UEDPIE_0_Prototype 0.435
[2016.03.10-20.07.53:417][716]LogBlueprintUserMessages: Late PlayInEditor Detection: Level '/Game/Hotel/Levels/Prototype.Prototype:PersistentLevel' has LevelScriptBlueprint '/Game/Hotel/Levels/Prototype.Prototype:PersistentLevel.Prototype' with GeneratedClass '/Game/Hotel/Levels/Prototype.Prototype_C' with ClassGeneratedBy '/Game/Hotel/Levels/Prototype.Prototype:PersistentLevel.Prototype'
[2016.03.10-20.07.58:221][260]LogBlueprintUserMessages: [Player_C_5] KEY
[2016.03.10-20.08.02:107][715]LogBlueprintUserMessages: Early EndPlayMap Detection: Level '/Game/Hotel/Levels/Prototype.Prototype:PersistentLevel' has LevelScriptBlueprint '/Game/Hotel/Levels/Prototype.Prototype:PersistentLevel.Prototype' with GeneratedClass '/Game/Hotel/Levels/Prototype.Prototype_C' with ClassGeneratedBy '/Game/Hotel/Levels/Prototype.Prototype:PersistentLevel.Prototype'
[2016.03.10-20.08.02:161][715]LogBlueprintUserMessages: Late EndPlayMap Detection: Level '/Game/Hotel/Levels/Prototype.Prototype:PersistentLevel' has LevelScriptBlueprint '/Game/Hotel/Levels/Prototype.Prototype:PersistentLevel.Prototype' with GeneratedClass '/Game/Hotel/Levels/Prototype.Prototype_C' with ClassGeneratedBy '/Game/Hotel/Levels/Prototype.Prototype:PersistentLevel.Prototype'
[2016.03.10-20.08.02:188][715]LogParticles: Destroying 0 GPU particle simulations for FXSystem 0x000000007952EFC0
[2016.03.10-20.08.07:328][305]BlueprintLog: New page: Compile Door
[2016.03.10-20.08.07:407][305]BlueprintEditorCompileResults: Info [0351.58] Compile of Door successful! [in 78 ms]
[2016.03.10-20.08.12:621][904]Cmd: OBJ SAVEPACKAGE PACKAGE="/Game/Hotel/Blueprints/Objects/Door" FILE="../../../../../../Users/MrrBond/Documents/GitHub/HotelBete/Content/Hotel/Blueprints/Objects/Door.uasset" SILENT=true
[2016.03.10-20.08.12:689][904]LogSavePackage: Save=50.242901ms
[2016.03.10-20.08.12:689][904]LogSavePackage: Moving '../../../../../../Users/MrrBond/Documents/GitHub/HotelBete/Saved/DoorD52BF1C349E10AFEA0D8959682F4B6E8.tmp' to '../../../../../../Users/MrrBond/Documents/GitHub/HotelBete/Content/Hotel/Blueprints/Objects/Door.uasset'
[2016.03.10-20.08.12:694][904]LogSavePackage: Total save time: 69.402594ms
[2016.03.10-20.08.12:694][904]LogSavePackage:Display: Finished SavePackage ../../../../../../Users/MrrBond/Documents/GitHub/HotelBete/Content/Hotel/Blueprints/Objects/Door.uasset
[2016.03.10-20.08.13:856][ 41]LogBlueprintUserMessages: Early PlayInEditor Detection: Level '/Game/Hotel/Levels/Prototype.Prototype:PersistentLevel' has LevelScriptBlueprint '/Game/Hotel/Levels/Prototype.Prototype:PersistentLevel.Prototype' with GeneratedClass '/Game/Hotel/Levels/Prototype.Prototype_C' with ClassGeneratedBy '/Game/Hotel/Levels/Prototype.Prototype:PersistentLevel.Prototype'
[2016.03.10-20.08.13:856][ 41]LogPlayLevel: PlayLevel: No blueprints needed recompiling
[2016.03.10-20.08.13:856][ 41]PIE: New page: PIE session: Prototype (Mar 10, 2016, 10:08:13 AM)
[2016.03.10-20.08.13:856][ 41]LogPlayLevel: Creating play world package: /Game/Hotel/Levels/UEDPIE_0_Prototype
[2016.03.10-20.08.13:887][ 41]LogPlayLevel: PIE: StaticDuplicateObject took: (0.031182s)
[2016.03.10-20.08.13:889][ 41]LogAIModule: Creating AISystem for world Prototype
[2016.03.10-20.08.13:889][ 41]LogPlayLevel: PIE: World Init took: (0.001343s)
[2016.03.10-20.08.13:889][ 41]LogPlayLevel: PIE: Created PIE world by copying editor world from /Game/Hotel/Levels/Prototype.Prototype to /Game/Hotel/Levels/UEDPIE_0_Prototype.Prototype (0.032784s)
[2016.03.10-20.08.13:917][ 41]LogInit: XAudio2 using 'Speakers (Realtek High Definition Audio)' : 2 channels at 48 kHz using 32 bits per sample (channel mask 0x3)
[2016.03.10-20.08.13:923][ 41]LogInit: FAudioDevice initialized.
[2016.03.10-20.08.13:995][ 41]LogWorld: Game class is 'FirstPersonGameMode_C'
[2016.03.10-20.08.14:001][ 41]LogWorld: Bringing World /Game/Hotel/Levels/UEDPIE_0_Prototype.Prototype up for play (max tick rate 0) at 2016.03.10-15.08.14
[2016.03.10-20.08.14:001][ 41]LogActor:Warning: GameSession /Game/Hotel/Levels/UEDPIE_0_Prototype.Prototype:PersistentLevel.GameSession_6 has natively added scene component(s), but none of them were set as the actor's RootComponent - picking one arbitrarily
[2016.03.10-20.08.14:001][ 41]LogActor:Warning: GameNetworkManager /Game/Hotel/Levels/UEDPIE_0_Prototype.Prototype:PersistentLevel.GameNetworkManager_6 has natively added scene component(s), but none of them were set as the actor's RootComponent - picking one arbitrarily
[2016.03.10-20.08.14:002][ 41]LogWorld: Bringing up level for play took: 0.006134
[2016.03.10-20.08.14:004][ 41]LogBlueprintUserMessages: [Prototype_C_0] Hello
[2016.03.10-20.08.14:005][ 41]PIE:Warning: Warning SimpleMove failed for AIController_20: movement not allowed
[2016.03.10-20.08.14:022][ 41]PIE: Info Play in editor start time for /Game/Hotel/Levels/UEDPIE_0_Prototype 1.038
[2016.03.10-20.08.14:022][ 41]LogBlueprintUserMessages: Late PlayInEditor Detection: Level '/Game/Hotel/Levels/Prototype.Prototype:PersistentLevel' has LevelScriptBlueprint '/Game/Hotel/Levels/Prototype.Prototype:PersistentLevel.Prototype' with GeneratedClass '/Game/Hotel/Levels/Prototype.Prototype_C' with ClassGeneratedBy '/Game/Hotel/Levels/Prototype.Prototype:PersistentLevel.Prototype'
[2016.03.10-20.08.18:455][541]LogBlueprintUserMessages: [Player_C_6] KEY
[2016.03.10-20.08.22:081][965]LogBlueprintUserMessages: Early EndPlayMap Detection: Level '/Game/Hotel/Levels/Prototype.Prototype:PersistentLevel' has LevelScriptBlueprint '/Game/Hotel/Levels/Prototype.Prototype:PersistentLevel.Prototype' with GeneratedClass '/Game/Hotel/Levels/Prototype.Prototype_C' with ClassGeneratedBy '/Game/Hotel/Levels/Prototype.Prototype:PersistentLevel.Prototype'
[2016.03.10-20.08.22:129][965]LogBlueprintUserMessages: Late EndPlayMap Detection: Level '/Game/Hotel/Levels/Prototype.Prototype:PersistentLevel' has LevelScriptBlueprint '/Game/Hotel/Levels/Prototype.Prototype:PersistentLevel.Prototype' with GeneratedClass '/Game/Hotel/Levels/Prototype.Prototype_C' with ClassGeneratedBy '/Game/Hotel/Levels/Prototype.Prototype:PersistentLevel.Prototype'
[2016.03.10-20.08.22:156][965]LogParticles: Destroying 0 GPU particle simulations for FXSystem 0x0000000064859760
[2016.03.10-20.08.26:137][414]BlueprintLog: New page: Compile Door
[2016.03.10-20.08.26:222][414]BlueprintEditorCompileResults: Info [0370.40] Compile of Door successful! [in 84 ms]
[2016.03.10-20.08.27:273][537]LogBlueprintUserMessages: Early PlayInEditor Detection: Level '/Game/Hotel/Levels/Prototype.Prototype:PersistentLevel' has LevelScriptBlueprint '/Game/Hotel/Levels/Prototype.Prototype:PersistentLevel.Prototype' with GeneratedClass '/Game/Hotel/Levels/Prototype.Prototype_C' with ClassGeneratedBy '/Game/Hotel/Levels/Prototype.Prototype:PersistentLevel.Prototype'
[2016.03.10-20.08.27:273][537]LogPlayLevel: PlayLevel: No blueprints needed recompiling
[2016.03.10-20.08.27:274][537]PIE: New page: PIE session: Prototype (Mar 10, 2016, 10:08:27 AM)
[2016.03.10-20.08.27:274][537]LogPlayLevel: Creating play world package: /Game/Hotel/Levels/UEDPIE_0_Prototype
[2016.03.10-20.08.27:302][537]LogPlayLevel: PIE: StaticDuplicateObject took: (0.028623s)
[2016.03.10-20.08.27:303][537]LogAIModule: Creating AISystem for world Prototype
[2016.03.10-20.08.27:304][537]LogPlayLevel: PIE: World Init took: (0.001274s)
[2016.03.10-20.08.27:304][537]LogPlayLevel: PIE: Created PIE world by copying editor world from /Game/Hotel/Levels/Prototype.Prototype to /Game/Hotel/Levels/UEDPIE_0_Prototype.Prototype (0.030173s)
[2016.03.10-20.08.27:339][537]LogInit: XAudio2 using 'Speakers (Realtek High Definition Audio)' : 2 channels at 48 kHz using 32 bits per sample (channel mask 0x3)
[2016.03.10-20.08.27:349][537]LogInit: FAudioDevice initialized.
[2016.03.10-20.08.27:425][537]LogWorld: Game class is 'FirstPersonGameMode_C'
[2016.03.10-20.08.27:432][537]LogWorld: Bringing World /Game/Hotel/Levels/UEDPIE_0_Prototype.Prototype up for play (max tick rate 0) at 2016.03.10-15.08.27
[2016.03.10-20.08.27:432][537]LogActor:Warning: GameSession /Game/Hotel/Levels/UEDPIE_0_Prototype.Prototype:PersistentLevel.GameSession_7 has natively added scene component(s), but none of them were set as the actor's RootComponent - picking one arbitrarily
[2016.03.10-20.08.27:432][537]LogActor:Warning: GameNetworkManager /Game/Hotel/Levels/UEDPIE_0_Prototype.Prototype:PersistentLevel.GameNetworkManager_7 has natively added scene component(s), but none of them were set as the actor's RootComponent - picking one arbitrarily
[2016.03.10-20.08.27:433][537]LogWorld: Bringing up level for play took: 0.006133
[2016.03.10-20.08.27:435][537]LogBlueprintUserMessages: [Prototype_C_0] Hello
[2016.03.10-20.08.27:435][537]PIE:Warning: Warning SimpleMove failed for AIController_23: movement not allowed
[2016.03.10-20.08.27:453][537]PIE: Info Play in editor start time for /Game/Hotel/Levels/UEDPIE_0_Prototype 0.47
[2016.03.10-20.08.27:453][537]LogBlueprintUserMessages: Late PlayInEditor Detection: Level '/Game/Hotel/Levels/Prototype.Prototype:PersistentLevel' has LevelScriptBlueprint '/Game/Hotel/Levels/Prototype.Prototype:PersistentLevel.Prototype' with GeneratedClass '/Game/Hotel/Levels/Prototype.Prototype_C' with ClassGeneratedBy '/Game/Hotel/Levels/Prototype.Prototype:PersistentLevel.Prototype'
[2016.03.10-20.08.32:676][135]LogBlueprintUserMessages: [Player_C_7] KEY
[2016.03.10-20.08.37:249][668]LogBlueprintUserMessages: Early EndPlayMap Detection: Level '/Game/Hotel/Levels/Prototype.Prototype:PersistentLevel' has LevelScriptBlueprint '/Game/Hotel/Levels/Prototype.Prototype:PersistentLevel.Prototype' with GeneratedClass '/Game/Hotel/Levels/Prototype.Prototype_C' with ClassGeneratedBy '/Game/Hotel/Levels/Prototype.Prototype:PersistentLevel.Prototype'
[2016.03.10-20.08.37:299][668]LogBlueprintUserMessages: Late EndPlayMap Detection: Level '/Game/Hotel/Levels/Prototype.Prototype:PersistentLevel' has LevelScriptBlueprint '/Game/Hotel/Levels/Prototype.Prototype:PersistentLevel.Prototype' with GeneratedClass '/Game/Hotel/Levels/Prototype.Prototype_C' with ClassGeneratedBy '/Game/Hotel/Levels/Prototype.Prototype:PersistentLevel.Prototype'
[2016.03.10-20.08.37:327][668]LogParticles: Destroying 0 GPU particle simulations for FXSystem 0x000000002EA1D580
[2016.03.10-20.08.44:137][455]BlueprintLog: New page: Compile Door
[2016.03.10-20.08.44:219][455]BlueprintEditorCompileResults: Info [0388.40] Compile of Door successful! [in 82 ms]
[2016.03.10-20.08.45:215][572]LogBlueprintUserMessages: Early PlayInEditor Detection: Level '/Game/Hotel/Levels/Prototype.Prototype:PersistentLevel' has LevelScriptBlueprint '/Game/Hotel/Levels/Prototype.Prototype:PersistentLevel.Prototype' with GeneratedClass '/Game/Hotel/Levels/Prototype.Prototype_C' with ClassGeneratedBy '/Game/Hotel/Levels/Prototype.Prototype:PersistentLevel.Prototype'
[2016.03.10-20.08.45:215][572]LogPlayLevel: PlayLevel: No blueprints needed recompiling
[2016.03.10-20.08.45:215][572]PIE: New page: PIE session: Prototype (Mar 10, 2016, 10:08:45 AM)
[2016.03.10-20.08.45:215][572]LogPlayLevel: Creating play world package: /Game/Hotel/Levels/UEDPIE_0_Prototype
[2016.03.10-20.08.45:249][572]LogPlayLevel: PIE: StaticDuplicateObject took: (0.033901s)
[2016.03.10-20.08.45:250][572]LogAIModule: Creating AISystem for world Prototype
[2016.03.10-20.08.45:250][572]LogPlayLevel: PIE: World Init took: (0.001592s)
[2016.03.10-20.08.45:251][572]LogPlayLevel: PIE: Created PIE world by copying editor world from /Game/Hotel/Levels/Prototype.Prototype to /Game/Hotel/Levels/UEDPIE_0_Prototype.Prototype (0.035820s)
[2016.03.10-20.08.45:287][572]LogInit: XAudio2 using 'Speakers (Realtek High Definition Audio)' : 2 channels at 48 kHz using 32 bits per sample (channel mask 0x3)
[2016.03.10-20.08.45:293][572]LogInit: FAudioDevice initialized.
[2016.03.10-20.08.45:358][572]LogWorld: Game class is 'FirstPersonGameMode_C'
[2016.03.10-20.08.45:364][572]LogWorld: Bringing World /Game/Hotel/Levels/UEDPIE_0_Prototype.Prototype up for play (max tick rate 0) at 2016.03.10-15.08.45
[2016.03.10-20.08.45:364][572]LogActor:Warning: GameSession /Game/Hotel/Levels/UEDPIE_0_Prototype.Prototype:PersistentLevel.GameSession_8 has natively added scene component(s), but none of them were set as the actor's RootComponent - picking one arbitrarily
[2016.03.10-20.08.45:364][572]LogActor:Warning: GameNetworkManager /Game/Hotel/Levels/UEDPIE_0_Prototype.Prototype:PersistentLevel.GameNetworkManager_8 has natively added scene component(s), but none of them were set as the actor's RootComponent - picking one arbitrarily
[2016.03.10-20.08.45:365][572]LogWorld: Bringing up level for play took: 0.006020
[2016.03.10-20.08.45:368][572]LogBlueprintUserMessages: [Prototype_C_0] Hello
[2016.03.10-20.08.45:368][572]PIE:Warning: Warning SimpleMove failed for AIController_26: movement not allowed
[2016.03.10-20.08.45:385][572]PIE: Info Play in editor start time for /Game/Hotel/Levels/UEDPIE_0_Prototype 0.402
[2016.03.10-20.08.45:385][572]LogBlueprintUserMessages: Late PlayInEditor Detection: Level '/Game/Hotel/Levels/Prototype.Prototype:PersistentLevel' has LevelScriptBlueprint '/Game/Hotel/Levels/Prototype.Prototype:PersistentLevel.Prototype' with GeneratedClass '/Game/Hotel/Levels/Prototype.Prototype_C' with ClassGeneratedBy '/Game/Hotel/Levels/Prototype.Prototype:PersistentLevel.Prototype'
[2016.03.10-20.08.49:128][998]LogBlueprintUserMessages: [Player_C_8] KEY
[2016.03.10-20.08.52:539][397]LogBlueprintUserMessages: Early EndPlayMap Detection: Level '/Game/Hotel/Levels/Prototype.Prototype:PersistentLevel' has LevelScriptBlueprint '/Game/Hotel/Levels/Prototype.Prototype:PersistentLevel.Prototype' with GeneratedClass '/Game/Hotel/Levels/Prototype.Prototype_C' with ClassGeneratedBy '/Game/Hotel/Levels/Prototype.Prototype:PersistentLevel.Prototype'
[2016.03.10-20.08.52:590][397]LogBlueprintUserMessages: Late EndPlayMap Detection: Level '/Game/Hotel/Levels/Prototype.Prototype:PersistentLevel' has LevelScriptBlueprint '/Game/Hotel/Levels/Prototype.Prototype:PersistentLevel.Prototype' with GeneratedClass '/Game/Hotel/Levels/Prototype.Prototype_C' with ClassGeneratedBy '/Game/Hotel/Levels/Prototype.Prototype:PersistentLevel.Prototype'
[2016.03.10-20.08.52:617][397]LogParticles: Destroying 0 GPU particle simulations for FXSystem 0x000000007A47A7A0
[2016.03.10-20.08.55:134][670]Cmd: OBJ SAVEPACKAGE PACKAGE="/Game/Hotel/Blueprints/Objects/Door" FILE="../../../../../../Users/MrrBond/Documents/GitHub/HotelBete/Content/Hotel/Blueprints/Objects/Door.uasset" SILENT=true
[2016.03.10-20.08.55:191][670]LogSavePackage: Save=48.581612ms
[2016.03.10-20.08.55:191][670]LogSavePackage: Moving '../../../../../../Users/MrrBond/Documents/GitHub/HotelBete/Saved/DoorED0171A94FFE6EE7B15373821FA1A2AC.tmp' to '../../../../../../Users/MrrBond/Documents/GitHub/HotelBete/Content/Hotel/Blueprints/Objects/Door.uasset'
[2016.03.10-20.08.55:195][670]LogSavePackage: Total save time: 56.545839ms
[2016.03.10-20.08.55:195][670]LogSavePackage:Display: Finished SavePackage ../../../../../../Users/MrrBond/Documents/GitHub/HotelBete/Content/Hotel/Blueprints/Objects/Door.uasset
[2016.03.10-20.09.03:038][454]LogSavePackage: Save=1018.352051ms
[2016.03.10-20.09.03:038][454]LogSavePackage: Moving '../../../../../../Users/MrrBond/Documents/GitHub/HotelBete/Saved/Prototype83A3BA2D450A75DE9C06BDBBD93C4A96.tmp' to '../../../../../../Users/MrrBond/Documents/GitHub/HotelBete/Content/Hotel/Levels/Prototype.umap'
[2016.03.10-20.09.03:045][454]LogSavePackage: Total save time: 1048.849173ms
[2016.03.10-20.09.03:045][454]LogSavePackage:Display: Finished SavePackage ../../../../../../Users/MrrBond/Documents/GitHub/HotelBete/Content/Hotel/Levels/Prototype.umap
[2016.03.10-20.09.03:071][454]LogFileHelpers: Saving map 'Prototype' took 1.252
[2016.03.10-20.09.33:147][315]Cmd: QUIT_EDITOR
[2016.03.10-20.09.33:289][315]LogExit: Preparing to exit.
[2016.03.10-20.09.34:386][315]LogExit: Editor shut down
[2016.03.10-20.09.34:387][315]LogExit: Transaction tracking system shut down
[2016.03.10-20.09.34:388][315]LogParticles: Destroying 0 GPU particle simulations for FXSystem 0x000000002F6BCEA0
[2016.03.10-20.09.34:393][315]LogParticles: Destroying 0 GPU particle simulations for FXSystem 0x000000002E2A1D00
[2016.03.10-20.09.34:393][315]LogParticles: Destroying 0 GPU particle simulations for FXSystem 0x000000002D1FB920
[2016.03.10-20.09.34:393][315]LogParticles: Destroying 0 GPU particle simulations for FXSystem 0x00000000489F77E0
[2016.03.10-20.09.34:399][315]LogParticles: Destroying 0 GPU particle simulations for FXSystem 0x0000000028677880
[2016.03.10-20.09.34:400][315]LogParticles: Destroying 0 GPU particle simulations for FXSystem 0x000000002FA727A0
[2016.03.10-20.09.34:598][315]LogExit: Object subsystem successfully closed.
[2016.03.10-20.09.34:619][315]LogD3D11RHI: Shutdown
[2016.03.10-20.09.34:619][315]LogD3D11RHI: CleanupD3DDevice
[2016.03.10-20.09.34:676][315]LogD3D11RHI: ~FD3D11DynamicRHI
[2016.03.10-20.09.34:690][315]LogModuleManager: Shutting down and abandoning module CookingStats (202)
[2016.03.10-20.09.34:690][315]LogModuleManager: Shutting down and abandoning module BlueprintGraph (201)
[2016.03.10-20.09.34:690][315]LogModuleManager: Shutting down and abandoning module CrashTracker (200)
[2016.03.10-20.09.34:690][315]LogModuleManager: Shutting down and abandoning module SceneOutliner (199)
[2016.03.10-20.09.34:690][315]LogModuleManager: Shutting down and abandoning module SuperSearch (198)
[2016.03.10-20.09.34:690][315]LogModuleManager: Shutting down and abandoning module WidgetCarousel (197)
[2016.03.10-20.09.34:690][315]LogModuleManager: Shutting down and abandoning module AddContentDialog (196)
[2016.03.10-20.09.34:690][315]LogModuleManager: Shutting down and abandoning module EditorWidgets (195)
[2016.03.10-20.09.34:690][315]LogModuleManager: Shutting down and abandoning module CollectionManager (194)
[2016.03.10-20.09.34:691][315]LogModuleManager: Shutting down and abandoning module StatsViewer (193)
[2016.03.10-20.09.34:691][315]LogModuleManager: Shutting down and abandoning module FoliageEdit (192)
[2016.03.10-20.09.34:691][315]LogModuleManager: Shutting down and abandoning module LandscapeEditor (191)
[2016.03.10-20.09.34:691][315]LogModuleManager: Shutting down and abandoning module ActorPickerMode (190)
[2016.03.10-20.09.34:691][315]LogModuleManager: Shutting down and abandoning module GeometryMode (189)
[2016.03.10-20.09.34:691][315]LogModuleManager: Shutting down and abandoning module TextureAlignMode (188)
[2016.03.10-20.09.34:691][315]LogModuleManager: Shutting down and abandoning module BspMode (187)
[2016.03.10-20.09.34:691][315]LogModuleManager: Shutting down and abandoning module PlacementMode (186)
[2016.03.10-20.09.34:691][315]LogModuleManager: Shutting down and abandoning module AutomationWorker (185)
[2016.03.10-20.09.34:691][315]LogModuleManager: Shutting down and abandoning module CharacterAI (184)
[2016.03.10-20.09.34:691][315]LogModuleManager: Shutting down and abandoning module SmartSnapping (183)
[2016.03.10-20.09.34:691][315]LogModuleManager: Shutting down and abandoning module ViewportSnapping (182)
[2016.03.10-20.09.34:691][315]LogModuleManager: Shutting down and abandoning module LogVisualizer (181)
[2016.03.10-20.09.34:691][315]LogModuleManager: Shutting down and abandoning module GameProjectGeneration (180)
[2016.03.10-20.09.34:691][315]LogModuleManager: Shutting down and abandoning module IntroTutorials (179)
[2016.03.10-20.09.34:691][315]LogModuleManager: Shutting down and abandoning module EditorLiveStreaming (178)
[2016.03.10-20.09.34:691][315]LogModuleManager: Shutting down and abandoning module IOSPlatformEditor (177)
[2016.03.10-20.09.34:691][315]LogModuleManager: Shutting down and abandoning module HTML5PlatformEditor (176)
[2016.03.10-20.09.34:691][315]LogModuleManager: Shutting down and abandoning module AndroidDeviceDetection (175)
[2016.03.10-20.09.35:186][315]LogModuleManager: Shutting down and abandoning module AndroidPlatformEditor (174)
[2016.03.10-20.09.35:186][315]LogModuleManager: Shutting down and abandoning module IOSRuntimeSettings (173)
[2016.03.10-20.09.35:186][315]LogModuleManager: Shutting down and abandoning module AndroidRuntimeSettings (172)
[2016.03.10-20.09.35:186][315]LogModuleManager: Shutting down and abandoning module MergeActors (171)
[2016.03.10-20.09.35:186][315]LogModuleManager: Shutting down and abandoning module SizeMap (170)
[2016.03.10-20.09.35:186][315]LogModuleManager: Shutting down and abandoning module TreeMap (169)
[2016.03.10-20.09.35:186][315]LogModuleManager: Shutting down and abandoning module ReferenceViewer (168)
[2016.03.10-20.09.35:186][315]LogModuleManager: Shutting down and abandoning module LocalizationService (167)
[2016.03.10-20.09.35:186][315]LogModuleManager: Shutting down and abandoning module LocalizationDashboard (166)
[2016.03.10-20.09.35:186][315]LogModuleManager: Shutting down and abandoning module HardwareTargeting (165)
[2016.03.10-20.09.35:186][315]LogModuleManager: Shutting down and abandoning module DeviceProfileEditor (164)
[2016.03.10-20.09.35:186][315]LogModuleManager: Shutting down and abandoning module UndoHistory (163)
[2016.03.10-20.09.35:186][315]LogModuleManager: Shutting down and abandoning module GameplayTagsEditor (162)
[2016.03.10-20.09.35:186][315]LogModuleManager: Shutting down and abandoning module UserFeedback (161)
[2016.03.10-20.09.35:186][315]LogModuleManager: Shutting down and abandoning module XmlParser (160)
[2016.03.10-20.09.35:186][315]LogModuleManager: Shutting down and abandoning module Blutility (159)
[2016.03.10-20.09.35:186][315]LogModuleManager: Shutting down and abandoning module ProjectTargetPlatformEditor (158)
[2016.03.10-20.09.35:186][315]LogModuleManager: Shutting down and abandoning module ProjectSettingsViewer (157)
[2016.03.10-20.09.35:186][315]LogModuleManager: Shutting down and abandoning module InputBindingEditor (156)
[2016.03.10-20.09.35:186][315]LogModuleManager: Shutting down and abandoning module EditorSettingsViewer (155)
[2016.03.10-20.09.35:186][315]LogModuleManager: Shutting down and abandoning module SettingsEditor (154)
[2016.03.10-20.09.35:186][315]LogModuleManager: Shutting down and abandoning module ProjectLauncher (153)
[2016.03.10-20.09.35:186][315]LogModuleManager: Shutting down and abandoning module SessionFrontend (152)
[2016.03.10-20.09.35:186][315]LogModuleManager: Shutting down and abandoning module ProfilerClient (151)
[2016.03.10-20.09.35:186][315]LogModuleManager: Shutting down and abandoning module TargetDeviceServices (150)
[2016.03.10-20.09.35:186][315]LogModuleManager: Shutting down and abandoning module DeviceManager (149)
[2016.03.10-20.09.35:186][315]LogModuleManager: Shutting down and abandoning module AutomationController (148)
[2016.03.10-20.09.35:186][315]LogModuleManager: Shutting down and abandoning module AutomationWindow (147)
[2016.03.10-20.09.35:186][315]LogModuleManager: Shutting down and abandoning module Layers (146)
[2016.03.10-20.09.35:186][315]LogModuleManager: Shutting down and abandoning module ComponentVisualizers (145)
[2016.03.10-20.09.35:187][315]LogModuleManager: Shutting down and abandoning module DetailCustomizations (144)
[2016.03.10-20.09.35:187][315]LogModuleManager: Shutting down and abandoning module PackagesDialog (143)
[2016.03.10-20.09.35:187][315]LogModuleManager: Shutting down and abandoning module Persona (142)
[2016.03.10-20.09.35:187][315]LogModuleManager: Shutting down and abandoning module Kismet (141)
[2016.03.10-20.09.35:187][315]LogModuleManager: Shutting down and abandoning module GraphEditor (140)
[2016.03.10-20.09.35:187][315]LogModuleManager: Shutting down and abandoning module ClassViewer (139)
[2016.03.10-20.09.35:187][315]LogModuleManager: Shutting down and abandoning module Toolbox (138)
[2016.03.10-20.09.35:187][315]LogModuleManager: Shutting down and abandoning module ModuleUI (137)
[2016.03.10-20.09.35:187][315]LogModuleManager: Shutting down and abandoning module MovieSceneTools (136)
[2016.03.10-20.09.35:187][315]LogModuleManager: Shutting down and abandoning module OutputLog (135)
[2016.03.10-20.09.35:187][315]LogModuleManager: Shutting down and abandoning module GammaUI (134)
[2016.03.10-20.09.35:187][315]LogModuleManager: Shutting down and abandoning module Documentation (133)
[2016.03.10-20.09.35:187][315]LogModuleManager: Shutting down and abandoning module GameLiveStreaming (132)
[2016.03.10-20.09.35:187][315]LogModuleManager: Shutting down and abandoning module StreamingPauseRendering (131)
[2016.03.10-20.09.35:187][315]LogModuleManager: Shutting down and abandoning module AnalyticsET (130)
[2016.03.10-20.09.35:187][315]LogModuleManager: Shutting down and abandoning module Analytics (129)
[2016.03.10-20.09.35:187][315]LogModuleManager: Shutting down and abandoning module AITestSuite (128)
[2016.03.10-20.09.35:187][315]LogModuleManager: Shutting down and abandoning module GameplayDebugger (127)
[2016.03.10-20.09.35:187][315]LogModuleManager: Shutting down and abandoning module AIModule (126)
[2016.03.10-20.09.35:187][315]LogModuleManager: Shutting down and abandoning module ProfilerService (125)
[2016.03.10-20.09.35:327][315]LogModuleManager: Shutting down and abandoning module TaskGraph (124)
[2016.03.10-20.09.35:327][315]LogModuleManager: Shutting down and abandoning module SubstanceEditor (123)
[2016.03.10-20.09.35:327][315]LogModuleManager: Shutting down and abandoning module SlateRemote (122)
[2016.03.10-20.09.35:327][315]LogModuleManager: Shutting down and abandoning module SteamVRController (121)
[2016.03.10-20.09.35:327][315]LogModuleManager: Shutting down and abandoning module SteamVR (120)
[2016.03.10-20.09.35:327][315]LogModuleManager: Shutting down and abandoning module ProceduralMeshComponent (119)
[2016.03.10-20.09.35:327][315]LogModuleManager: Shutting down and abandoning module OculusLibrary (118)
[2016.03.10-20.09.35:327][315]LogModuleManager: Shutting down and abandoning module OculusInput (117)
[2016.03.10-20.09.35:327][315]LogModuleManager: Shutting down and abandoning module LeapMotionController (116)
[2016.03.10-20.09.35:339][315]LogModuleManager: Shutting down and abandoning module CustomMeshComponent (115)
[2016.03.10-20.09.35:339][315]LogModuleManager: Shutting down and abandoning module CableComponent (114)
[2016.03.10-20.09.35:339][315]LogModuleManager: Shutting down and abandoning module ArchVisCharacter (113)
[2016.03.10-20.09.35:339][315]LogModuleManager: Shutting down and abandoning module MessagingDebugger (112)
[2016.03.10-20.09.35:339][315]LogModuleManager: Shutting down and abandoning module MediaPlayerEditor (111)
[2016.03.10-20.09.35:339][315]LogModuleManager: Shutting down and abandoning module HTML5Networking (110)
[2016.03.10-20.09.35:339][315]LogModuleManager: Shutting down and abandoning module SpeedTreeImporter (109)
[2016.03.10-20.09.35:339][315]LogModuleManager: Shutting down and abandoning module PluginBrowser (108)
[2016.03.10-20.09.35:339][315]LogModuleManager: Shutting down and abandoning module EpicSurvey (107)
[2016.03.10-20.09.35:339][315]LogModuleManager: Shutting down and abandoning module DesktopPlatform (106)
[2016.03.10-20.09.35:339][315]LogModuleManager: Shutting down and abandoning module VisualStudioSourceCodeAccess (105)
[2016.03.10-20.09.35:339][315]LogModuleManager: Shutting down and abandoning module UObjectPlugin (104)
[2016.03.10-20.09.35:339][315]LogModuleManager: Shutting down and abandoning module SubversionSourceControl (103)
[2016.03.10-20.09.35:340][315]LogModuleManager: Shutting down and abandoning module PerforceSourceControl (102)
[2016.03.10-20.09.35:340][315]LogModuleManager: Shutting down and abandoning module SourceControl (101)
[2016.03.10-20.09.35:340][315]LogModuleManager: Shutting down and abandoning module GitSourceControl (100)
[2016.03.10-20.09.35:340][315]LogModuleManager: Shutting down and abandoning module LightPropagationVolumeEditor (99)
[2016.03.10-20.09.35:340][315]LogModuleManager: Shutting down and abandoning module PaperTiledImporter (98)
[2016.03.10-20.09.35:340][315]LogModuleManager: Shutting down and abandoning module PaperSpriteSheetImporter (97)
[2016.03.10-20.09.35:340][315]LogModuleManager: Shutting down and abandoning module MeshPaint (96)
[2016.03.10-20.09.35:340][315]LogModuleManager: Shutting down and abandoning module SlateReflector (95)
[2016.03.10-20.09.35:340][315]LogModuleManager: Shutting down and abandoning module HotReload (94)
[2016.03.10-20.09.35:340][315]LogModuleManager: Shutting down and abandoning module MainFrame (93)
[2016.03.10-20.09.35:340][315]LogModuleManager: Shutting down and abandoning module LevelEditor (92)
[2016.03.10-20.09.35:340][315]LogModuleManager: Shutting down and abandoning module ContentBrowser (91)
[2016.03.10-20.09.35:341][315]LogModuleManager: Shutting down and abandoning module Paper2DEditor (90)
[2016.03.10-20.09.35:341][315]LogModuleManager: Shutting down and abandoning module UdpMessaging (89)
[2016.03.10-20.09.35:441][315]LogModuleManager: Shutting down and abandoning module DirectoryWatcher (88)
[2016.03.10-20.09.35:441][315]LogModuleManager: Shutting down and abandoning module AssetRegistry (87)
[2016.03.10-20.09.35:578][315]LogModuleManager: Shutting down and abandoning module SubstanceCore (86)
[2016.03.10-20.09.35:578][315]LogModuleManager: Shutting down and abandoning module LightPropagationVolumeRuntime (85)
[2016.03.10-20.09.35:578][315]LogModuleManager: Shutting down and abandoning module Paper2D (84)
[2016.03.10-20.09.35:578][315]LogModuleManager: Shutting down and abandoning module WindowsMoviePlayer (83)
[2016.03.10-20.09.35:581][315]LogModuleManager: Shutting down and abandoning module Media (82)
[2016.03.10-20.09.35:581][315]LogModuleManager: Shutting down and abandoning module WmfMedia (81)
[2016.03.10-20.09.35:581][315]LogModuleManager: Shutting down and abandoning module OnlineBlueprintSupport (80)
[2016.03.10-20.09.35:581][315]LogModuleManager: Shutting down and abandoning module GameplayTasksEditor (79)
[2016.03.10-20.09.35:581][315]LogModuleManager: Shutting down and abandoning module PropertyEditor (78)
[2016.03.10-20.09.35:581][315]LogModuleManager: Shutting down and abandoning module BehaviorTreeEditor (77)
[2016.03.10-20.09.35:581][315]LogModuleManager: Shutting down and abandoning module FunctionalTesting (76)
[2016.03.10-20.09.35:581][315]LogModuleManager: Shutting down and abandoning module CollisionAnalyzer (75)
[2016.03.10-20.09.35:581][315]LogModuleManager: Shutting down and abandoning module WorkspaceMenuStructure (74)
[2016.03.10-20.09.35:582][315]LogModuleManager: Shutting down and abandoning module MessageLog (73)
[2016.03.10-20.09.35:582][315]LogModuleManager: Shutting down and abandoning module Sequencer (72)
[2016.03.10-20.09.35:582][315]LogModuleManager: Shutting down and abandoning module AssetTools (71)
[2016.03.10-20.09.35:582][315]LogModuleManager: Shutting down and abandoning module UMGEditor (70)
[2016.03.10-20.09.35:582][315]LogModuleManager: Shutting down and abandoning module UMG (69)
[2016.03.10-20.09.35:582][315]LogModuleManager: Shutting down and abandoning module Slate (68)
[2016.03.10-20.09.35:582][315]LogModuleManager: Shutting down and abandoning module EditorStyle (67)
[2016.03.10-20.09.35:583][315]LogModuleManager: Shutting down and abandoning module SessionServices (66)
[2016.03.10-20.09.35:583][315]LogModuleManager: Shutting down and abandoning module SourceCodeAccess (65)
[2016.03.10-20.09.35:583][315]LogModuleManager: Shutting down and abandoning module HeadMountedDisplay (64)
[2016.03.10-20.09.35:583][315]LogModuleManager: Shutting down and abandoning module XAudio2 (63)
[2016.03.10-20.09.35:583][315]LogModuleManager: Shutting down and abandoning module Networking (61)
[2016.03.10-20.09.35:583][315]LogModuleManager: Shutting down and abandoning module Core (60)
[2016.03.10-20.09.35:583][315]LogModuleManager: Shutting down and abandoning module KismetCompiler (59)
[2016.03.10-20.09.35:583][315]LogModuleManager: Shutting down and abandoning module PhysXFormats (58)
[2016.03.10-20.09.35:583][315]LogModuleManager: Shutting down and abandoning module MeshUtilities (57)
[2016.03.10-20.09.35:583][315]LogModuleManager: Shutting down and abandoning module DerivedDataCache (56)
[2016.03.10-20.09.35:596][315]LogDerivedDataCache: Shutdown
[2016.03.10-20.09.35:596][315]LogModuleManager: Shutting down and abandoning module ShaderFormatOpenGL (55)
[2016.03.10-20.09.35:596][315]LogModuleManager: Shutting down and abandoning module ShaderFormatD3D (54)
[2016.03.10-20.09.35:596][315]LogModuleManager: Shutting down and abandoning module MetalShaderFormat (53)
[2016.03.10-20.09.35:596][315]LogModuleManager: Shutting down and abandoning module TextureFormatUncompressed (52)
[2016.03.10-20.09.35:596][315]LogModuleManager: Shutting down and abandoning module TextureFormatPVR (51)
[2016.03.10-20.09.35:596][315]LogModuleManager: Shutting down and abandoning module TextureFormatIntelISPCTexComp (50)
[2016.03.10-20.09.35:596][315]LogModuleManager: Shutting down and abandoning module TextureFormatDXT (49)
[2016.03.10-20.09.35:596][315]LogModuleManager: Shutting down and abandoning module ImageWrapper (48)
[2016.03.10-20.09.35:596][315]LogModuleManager: Shutting down and abandoning module TextureFormatASTC (47)
[2016.03.10-20.09.35:596][315]LogModuleManager: Shutting down and abandoning module TextureFormatAndroid (46)
[2016.03.10-20.09.35:596][315]LogModuleManager: Shutting down and abandoning module AudioFormatOpus (45)
[2016.03.10-20.09.35:596][315]LogModuleManager: Shutting down and abandoning module AudioFormatOgg (44)
[2016.03.10-20.09.35:596][315]LogModuleManager: Shutting down and abandoning module AudioFormatADPCM (43)
[2016.03.10-20.09.35:596][315]LogModuleManager: Shutting down and abandoning module LinuxTargetPlatform (42)
[2016.03.10-20.09.35:596][315]LogModuleManager: Shutting down and abandoning module LinuxServerTargetPlatform (41)
[2016.03.10-20.09.35:596][315]LogModuleManager: Shutting down and abandoning module LinuxNoEditorTargetPlatform (40)
[2016.03.10-20.09.35:596][315]LogModuleManager: Shutting down and abandoning module Messaging (39)
[2016.03.10-20.09.35:596][315]LogModuleManager: Shutting down and abandoning module IOSTargetPlatform (38)
[2016.03.10-20.09.35:596][315]LogModuleManager: Shutting down and abandoning module HTML5TargetPlatform (37)
[2016.03.10-20.09.35:596][315]LogModuleManager: Shutting down and abandoning module Android_PVRTCTargetPlatform (36)
[2016.03.10-20.09.35:596][315]LogModuleManager: Shutting down and abandoning module Android_MultiTargetPlatform (35)
[2016.03.10-20.09.35:596][315]LogModuleManager: Shutting down and abandoning module Android_ETC2TargetPlatform (34)
[2016.03.10-20.09.35:596][315]LogModuleManager: Shutting down and abandoning module Android_ETC1TargetPlatform (33)
[2016.03.10-20.09.35:596][315]LogModuleManager: Shutting down and abandoning module Android_DXTTargetPlatform (32)
[2016.03.10-20.09.35:596][315]LogModuleManager: Shutting down and abandoning module Android_ATCTargetPlatform (31)
[2016.03.10-20.09.35:596][315]LogModuleManager: Shutting down and abandoning module Android_ASTCTargetPlatform (30)
[2016.03.10-20.09.35:596][315]LogModuleManager: Shutting down and abandoning module AndroidTargetPlatform (29)
[2016.03.10-20.09.35:596][315]LogModuleManager: Shutting down and abandoning module WindowsTargetPlatform (28)
[2016.03.10-20.09.35:596][315]LogModuleManager: Shutting down and abandoning module WindowsServerTargetPlatform (27)
[2016.03.10-20.09.35:596][315]LogModuleManager: Shutting down and abandoning module WindowsNoEditorTargetPlatform (26)
[2016.03.10-20.09.35:596][315]LogModuleManager: Shutting down and abandoning module WindowsClientTargetPlatform (25)
[2016.03.10-20.09.35:596][315]LogModuleManager: Shutting down and abandoning module AllDesktopTargetPlatform (24)
[2016.03.10-20.09.35:596][315]LogModuleManager: Shutting down and abandoning module TargetPlatform (23)
[2016.03.10-20.09.35:596][315]LogModuleManager: Shutting down and abandoning module InputCore (22)
[2016.03.10-20.09.35:596][315]LogModuleManager: Shutting down and abandoning module Settings (21)
[2016.03.10-20.09.35:596][315]LogModuleManager: Shutting down and abandoning module OnlineSubsystem (19)
[2016.03.10-20.09.35:596][315]LogModuleManager: Shutting down and abandoning module HTTP (18)
[2016.03.10-20.09.36:596][315]LogModuleManager: Shutting down and abandoning module XMPP (17)
[2016.03.10-20.09.36:596][315]LogModuleManager: Shutting down and abandoning module OculusRift (16)
[2016.03.10-20.09.36:596][315]LogModuleManager: Shutting down and abandoning module ExampleDeviceProfileSelector (15)
[2016.03.10-20.09.36:596][315]LogModuleManager: Shutting down and abandoning module TextureCompressor (14)
[2016.03.10-20.09.36:596][315]LogModuleManager: Shutting down and abandoning module ShaderCore (13)
[2016.03.10-20.09.36:596][315]LogModuleManager: Shutting down and abandoning module Landscape (12)
[2016.03.10-20.09.36:596][315]LogModuleManager: Shutting down and abandoning module SlateRHIRenderer (11)
[2016.03.10-20.09.36:597][315]LogModuleManager: Shutting down and abandoning module OpenGLDrv (10)
[2016.03.10-20.09.36:597][315]LogModuleManager: Shutting down and abandoning module D3D11RHI (9)
[2016.03.10-20.09.36:597][315]LogModuleManager: Shutting down and abandoning module AnimGraphRuntime (8)
[2016.03.10-20.09.36:597][315]LogModuleManager: Shutting down and abandoning module Renderer (7)
[2016.03.10-20.09.36:597][315]LogModuleManager: Shutting down and abandoning module Engine (6)
[2016.03.10-20.09.36:597][315]LogModuleManager: Shutting down and abandoning module CoreUObject (5)
[2016.03.10-20.09.36:597][315]LogModuleManager: Shutting down and abandoning module NetworkFile (4)
[2016.03.10-20.09.36:597][315]LogModuleManager: Shutting down and abandoning module StreamingFile (3)
[2016.03.10-20.09.36:597][315]LogModuleManager: Shutting down and abandoning module SandboxFile (2)
[2016.03.10-20.09.36:597][315]LogModuleManager: Shutting down and abandoning module PakFile (1)
[2016.03.10-20.09.36:598][315]LogExit: Exiting.
[2016.03.10-20.09.36:599][315]Log file closed, 03/10/16 15:09:36
