[2016.04.15-22.09.00:944][  0]Log file open, 04/15/16 18:09:00
[2016.04.15-22.09.00:944][  0]LogInit:Display: Running engine for game: Hotel
[2016.04.15-22.09.00:944][  0]LogPlatformFile: Not using cached read wrapper
[2016.04.15-22.09.00:944][  0]LogInit:Display: RandInit(-827640348) SRandInit(-827640346).
[2016.04.15-22.09.00:944][  0]LogTaskGraph: Started task graph with 4 named threads and 5 total threads.
[2016.04.15-22.09.00:944][  0]LogStats: Stats thread started at 0.059061
[2016.04.15-22.09.00:944][  0]LogInit: Version: 4.10.4-2872498+++depot+UE4-Releases+4.10
[2016.04.15-22.09.00:944][  0]LogInit: API Version: 2758231
[2016.04.15-22.09.00:944][  0]LogInit: Compiled (64-bit): Feb 18 2016 15:47:04
[2016.04.15-22.09.00:944][  0]LogInit: Compiled with Visual C++: 19.00.23026.00
[2016.04.15-22.09.00:944][  0]LogInit: Build Configuration: Development
[2016.04.15-22.09.00:944][  0]LogInit: Branch Name: ++depot+UE4-Releases+4.10
[2016.04.15-22.09.00:944][  0]LogInit: Command line:  
[2016.04.15-22.09.00:944][  0]LogInit: Base directory: C:/Program Files (x86)/Epic Games/4.10/Engine/Binaries/Win64/
[2016.04.15-22.09.00:944][  0]LogInit: Rocket: 1
[2016.04.15-22.09.00:954][  0]LogInit: Using libcurl 7.41.0
[2016.04.15-22.09.00:954][  0]LogInit:  - built for x86_64-pc-win32
[2016.04.15-22.09.00:954][  0]LogInit:  - supports SSL with WinSSL
[2016.04.15-22.09.00:954][  0]LogInit:  - other features:
[2016.04.15-22.09.00:954][  0]LogInit:      CURL_VERSION_SSL
[2016.04.15-22.09.00:954][  0]LogInit:      CURL_VERSION_IPV6
[2016.04.15-22.09.00:954][  0]LogInit:      CURL_VERSION_ASYNCHDNS
[2016.04.15-22.09.00:954][  0]LogInit:      CURL_VERSION_LARGEFILE
[2016.04.15-22.09.00:954][  0]LogInit:      CURL_VERSION_IDN
[2016.04.15-22.09.00:954][  0]LogInit:  CurlRequestOptions (configurable via config and command line):
[2016.04.15-22.09.00:954][  0]LogInit:  - bVerifyPeer = true  - Libcurl will verify peer certificate
[2016.04.15-22.09.00:954][  0]LogInit:  - bUseHttpProxy = false  - Libcurl will NOT use HTTP proxy
[2016.04.15-22.09.00:954][  0]LogInit:  - bDontReuseConnections = false  - Libcurl will reuse connections
[2016.04.15-22.09.00:954][  0]LogInit:  - CertBundlePath = nullptr  - Libcurl will use whatever was configured at build time.
[2016.04.15-22.09.00:963][  0]LogInit: Presizing for 0 objects not considered by GC, pre-allocating 0 bytes.
[2016.04.15-22.09.00:974][  0]LogInit: Object subsystem initialized
[2016.04.15-22.09.00:975][  0]LogInit: Selected Device Profile: [Windows]
[2016.04.15-22.09.00:975][  0]LogInit: Applying CVar settings loaded from the selected device profile: [Windows]
[2016.04.15-22.09.00:985][  0]LogInit: Computer: DANIEL-PC
[2016.04.15-22.09.00:985][  0]LogInit: User: Daniel
[2016.04.15-22.09.00:985][  0]LogInit: CPU Page size=4096, Cores=2
[2016.04.15-22.09.00:985][  0]LogInit: High frequency timer resolution =3.531777 MHz
[2016.04.15-22.09.00:985][  0]LogMemory: Memory total: Physical=8.0GB (8GB approx)
[2016.04.15-22.09.00:985][  0]LogMemory: Platform Memory Stats for Windows
[2016.04.15-22.09.00:985][  0]LogMemory: Process Physical Memory: 56.54 MB used, 56.54 MB peak
[2016.04.15-22.09.00:985][  0]LogMemory: Process Virtual Memory: 56.57 MB used, 56.57 MB peak
[2016.04.15-22.09.00:985][  0]LogMemory: Physical Memory: 3384.88 MB used, 8190.46 MB total
[2016.04.15-22.09.00:985][  0]LogMemory: Virtual Memory: 346.59 MB used, 8388608.00 MB total
[2016.04.15-22.09.01:039][  0]LogTextLocalizationManager: No specific translations for ('en-US') exist, so ('en') translations will be used.
[2016.04.15-22.09.01:698][  0]LogD3D11RHI: Found D3D11 adapter 0: AMD Radeon HD 7800 Series (Feature Level 11_0)
[2016.04.15-22.09.01:698][  0]LogD3D11RHI: Adapter has 1003MB of dedicated video memory, 0MB of dedicated system memory, and 3839MB of shared system memory, 1 output[s]
[2016.04.15-22.09.01:698][  0]LogD3D11RHI: Chosen D3D11 Adapter Id = 0
[2016.04.15-22.09.01:705][  0]LogD3D11RHI: !Direct3DDevice
[2016.04.15-22.09.01:706][  0]LogRHI: Texture pool is 702 MB (70% of 1003 MB)
[2016.04.15-22.09.01:712][  0]LogD3D11RHI: Async texture creation disabled: no driver support
[2016.04.15-22.09.01:724][  0]LogShaderCompilers: Guid format shader working directory is -54 characters bigger than the processId version (../../../../../../Users/Daniel/Desktop/School2/New classes/New Classes/New Classes/DIG4725/HotelBete/Intermediate/Shaders/WorkingDirectory/10584/).
[2016.04.15-22.09.01:724][  0]LogShaderCompilers: Cleaned the shader compiler working directory 'C:/Users/Daniel/AppData/Local/Temp/UnrealShaderWorkingDir/EDAAB5664DEC61988B19AB97218EFBDD/'.
[2016.04.15-22.09.01:724][  0]LogShaderCompilers:Display: Using Local Shader Compiler.
[2016.04.15-22.09.02:915][  0]LogTemp:Display: Loaded TP AllDesktopTargetPlatform
[2016.04.15-22.09.02:921][  0]LogTemp:Display: Loaded TP WindowsClientTargetPlatform
[2016.04.15-22.09.02:926][  0]LogTemp:Display: Loaded TP WindowsNoEditorTargetPlatform
[2016.04.15-22.09.02:931][  0]LogTemp:Display: Loaded TP WindowsServerTargetPlatform
[2016.04.15-22.09.02:936][  0]LogTemp:Display: Loaded TP WindowsTargetPlatform
[2016.04.15-22.09.02:940][  0]LogTemp:Display: Loaded TP AndroidTargetPlatform
[2016.04.15-22.09.02:944][  0]LogTemp:Display: Loaded TP Android_ASTCTargetPlatform
[2016.04.15-22.09.02:948][  0]LogTemp:Display: Loaded TP Android_ATCTargetPlatform
[2016.04.15-22.09.02:952][  0]LogTemp:Display: Loaded TP Android_DXTTargetPlatform
[2016.04.15-22.09.02:956][  0]LogTemp:Display: Loaded TP Android_ETC1TargetPlatform
[2016.04.15-22.09.02:961][  0]LogTemp:Display: Loaded TP Android_ETC2TargetPlatform
[2016.04.15-22.09.02:970][  0]LogTemp:Display: Loaded TP Android_MultiTargetPlatform
[2016.04.15-22.09.02:970][  0]LogTemp:Display: Loaded TP Android_PVRTCTargetPlatform
[2016.04.15-22.09.02:971][  0]LogTemp:Display: Loaded TP HTML5TargetPlatform
[2016.04.15-22.09.02:988][  0]LogTemp:Display: Loaded TP IOSTargetPlatform
[2016.04.15-22.09.02:992][  0]LogTemp:Display: Loaded TP LinuxNoEditorTargetPlatform
[2016.04.15-22.09.02:996][  0]LogTemp:Display: Loaded TP LinuxServerTargetPlatform
[2016.04.15-22.09.03:001][  0]LogTemp:Display: Loaded TP LinuxTargetPlatform
[2016.04.15-22.09.03:001][  0]LogTargetPlatformManager:Display: Building Assets For Windows
[2016.04.15-22.09.03:087][  0]LogDerivedDataCache:Display: Max Cache Size: 512 MB
[2016.04.15-22.09.03:184][  0]LogDerivedDataCache: Loaded boot cache 0.10s 41MB C:/Users/Daniel/AppData/Local/UnrealEngine/4.10/DerivedDataCache/Boot.ddc.
[2016.04.15-22.09.03:184][  0]LogDerivedDataCache:Display: Loaded Boot cache: C:/Users/Daniel/AppData/Local/UnrealEngine/4.10/DerivedDataCache/Boot.ddc
[2016.04.15-22.09.03:184][  0]LogDerivedDataCache: FDerivedDataBackendGraph:  Pak pak cache file ../../../../../../Users/Daniel/Desktop/School2/New classes/New Classes/New Classes/DIG4725/HotelBete/DerivedDataCache/DDC.ddp not found, will not use a pak cache.
[2016.04.15-22.09.03:184][  0]LogDerivedDataCache: Unable to find inner node Pak for hierarchical cache Hierarchy.
[2016.04.15-22.09.03:184][  0]LogDerivedDataCache: FDerivedDataBackendGraph:  CompressedPak pak cache file ../../../../../../Users/Daniel/Desktop/School2/New classes/New Classes/New Classes/DIG4725/HotelBete/DerivedDataCache/Compressed.ddp not found, will not use a pak cache.
[2016.04.15-22.09.03:184][  0]LogDerivedDataCache: Unable to find inner node CompressedPak for hierarchical cache Hierarchy.
[2016.04.15-22.09.03:271][  0]LogDerivedDataCache:Display: Pak cache opened for reading ../../../Engine/DerivedDataCache/Compressed.ddp.
[2016.04.15-22.09.03:282][  0]LogDerivedDataCache: Using Local data cache path C:/Users/Daniel/AppData/Local/UnrealEngine/Common/DerivedDataCache: Writable
[2016.04.15-22.09.03:536][  0]LogInit: Selected Device Profile: [Windows]
[2016.04.15-22.09.03:537][  0]LogContentStreaming: Texture pool size is 0.000000MB
[2016.04.15-22.09.03:588][  0]LogMeshUtilities: No automatic mesh reduction module available
[2016.04.15-22.09.03:588][  0]LogMeshUtilities: No automatic mesh merging module available
[2016.04.15-22.09.04:081][  0]LogInit: WinSock: version 1.1 (2.2), MaxSocks=32767, MaxUdp=65467
[2016.04.15-22.09.05:034][  0]LogAssetRegistry: FAssetRegistry took 0.0105 seconds to start up
[2016.04.15-22.09.05:056][  0]UdpMessaging: Initializing bridge on interface 0.0.0.0:0 to multicast group 230.0.0.1:6666.
[2016.04.15-22.09.05:365][  0]SourceControl: Info Source control is disabled
[2016.04.15-22.09.05:366][  0]SourceControl: Info Source control is disabled
[2016.04.15-22.09.05:380][  0]SourceControl: Info Source control is disabled
[2016.04.15-22.09.05:393][  0]SourceControl: Info Source control is disabled
[2016.04.15-22.09.05:707][  0]LogObj: 28802 objects as part of root set at end of initial load.
[2016.04.15-22.09.05:708][  0]LogUObjectAllocator: 6129776 out of 0 bytes used by permanent object pool.
[2016.04.15-22.09.05:786][  0]LogEngine: Initializing Engine...
[2016.04.15-22.09.05:790][  0]LogHMD: Can't find Oculus library dev build: is proper Runtime installed? Version: 0.8.0.0
[2016.04.15-22.09.05:791][  0]LogHMD: SteamVR failed to initialize.  Err: 110
[2016.04.15-22.09.05:988][  0]LogAIModule: Creating AISystem for world NewWorld
[2016.04.15-22.09.06:002][  0]LogInit: XAudio2 using 'Speakers (Realtek High Definition Audio)' : 2 channels at 48 kHz using 32 bits per sample (channel mask 0x3)
[2016.04.15-22.09.06:084][  0]LogInit: FAudioDevice initialized.
[2016.04.15-22.09.06:125][  0]LogDerivedDataCache: Saved boot cache 0.04s 41MB C:/Users/Daniel/AppData/Local/UnrealEngine/4.10/DerivedDataCache/Boot.ddc.
[2016.04.15-22.09.06:134][  0]LogInit: Texture streaming: Enabled
[2016.04.15-22.09.06:139][  0]LogAnalytics: Creating configured Analytics provider AnalyticsET
[2016.04.15-22.09.06:139][  0]LogAnalytics: [UEEditor.Rocket.Release] APIServer = http://et2.epicgames.com/ET2/. AppVersion = 4.10.4-2872498+++depot+UE4-Releases+4.10
[2016.04.15-22.09.06:139][  0]LogAnalytics: [UEEditor.Rocket.Release] SetUserId ed5e9abb412814bb99d59fb056a48704|1cdc74d24c5c488499a1545b79b877ae|87672418-128d-4f96-b687-83d63e0e05d0
[2016.04.15-22.09.06:139][  0]LogAnalytics: [UEEditor.Rocket.Release] AnalyticsET::StartSession
[2016.04.15-22.09.06:148][  0]LogInit: Transaction tracking system initialized
[2016.04.15-22.09.06:175][  0]BlueprintLog: New page: Editor Load
[2016.04.15-22.09.06:253][  0]LocalizationService: Info Localization service is disabled
[2016.04.15-22.09.06:328][  0]LogConsoleResponse:Display: 
[2016.04.15-22.09.06:468][  0]LogCook:Display: Done creating registry. It took  0.00s.
[2016.04.15-22.09.06:535][  0]LogFileCache: Scanning file cache for directory 'C:/Users/Daniel/Desktop/School2/New classes/New Classes/New Classes/DIG4725/HotelBete/Content/' took 0.02s
[2016.04.15-22.09.06:535][  0]SourceControl: Info Source control is disabled
[2016.04.15-22.09.06:535][  0]Cmd: MAP LOAD FILE="../../../../../../Users/Daniel/Desktop/School2/New classes/New Classes/New Classes/DIG4725/HotelBete/Content/Hotel/Levels/Menu.umap" TEMPLATE=0 SHOWPROGRESS=1 FEATURELEVEL=3
[2016.04.15-22.09.06:535][  0]LightingResults: New page: Lighting Build
[2016.04.15-22.09.06:538][  0]MapCheck: New page: Map Check
[2016.04.15-22.09.06:538][  0]LightingResults: New page: Lighting Build
[2016.04.15-22.09.06:565][  0]LogParticles: Destroying 0 GPU particle simulations for FXSystem 0x000000002358AAC0
[2016.04.15-22.09.11:341][  0]LogTexture:Display: Building textures: 04 (BGRA8)
[2016.04.15-22.09.11:415][  0]LogTexture:Display: Building textures: 03 (BGRA8)
[2016.04.15-22.09.11:491][  0]LogTexture:Display: Building textures: 02 (BGRA8)
[2016.04.15-22.09.11:549][  0]LogTexture:Display: Building textures: 01 (BGRA8)
[2016.04.15-22.09.11:602][  0]LogTexture:Display: Building textures: 09 (BGRA8)
[2016.04.15-22.09.11:645][  0]LogTexture:Display: Building textures: 08 (BGRA8)
[2016.04.15-22.09.11:706][  0]LogTexture:Display: Building textures: 07 (BGRA8)
[2016.04.15-22.09.11:754][  0]LogTexture:Display: Building textures: 06 (BGRA8)
[2016.04.15-22.09.11:809][  0]LogTexture:Display: Building textures: 05 (BGRA8)
[2016.04.15-22.09.11:871][  0]LogTexture:Display: Building textures: 13 (BGRA8)
[2016.04.15-22.09.11:931][  0]LogTexture:Display: Building textures: 12 (BGRA8)
[2016.04.15-22.09.11:979][  0]LogTexture:Display: Building textures: 11 (BGRA8)
[2016.04.15-22.09.12:035][  0]LogTexture:Display: Building textures: 10 (BGRA8)
[2016.04.15-22.09.12:088][  0]LogTexture:Display: Building textures: 18 (BGRA8)
[2016.04.15-22.09.12:152][  0]LogTexture:Display: Building textures: 17 (BGRA8)
[2016.04.15-22.09.12:200][  0]LogTexture:Display: Building textures: 16 (BGRA8)
[2016.04.15-22.09.12:257][  0]LogTexture:Display: Building textures: 15 (BGRA8)
[2016.04.15-22.09.12:316][  0]LogTexture:Display: Building textures: 14 (BGRA8)
[2016.04.15-22.09.12:423][  0]LogTexture:Display: Building textures: intro_layout (AutoDXT)
[2016.04.15-22.09.13:020][  0]LogTexture:Display: Building textures: 21 (BGRA8)
[2016.04.15-22.09.13:071][  0]LogTexture:Display: Building textures: 20 (BGRA8)
[2016.04.15-22.09.13:134][  0]LogTexture:Display: Building textures: 19 (BGRA8)
[2016.04.15-22.09.13:260][  0]LogTexture:Display: Building textures: Tab_05 (AutoDXT)
[2016.04.15-22.09.15:634][  0]LogTexture:Display: Building textures: Tab_04 (AutoDXT)
[2016.04.15-22.09.19:683][  0]LogTexture:Display: Building textures: Tab_03 (AutoDXT)
[2016.04.15-22.09.22:288][  0]LogTexture:Display: Building textures: Tab_02 (AutoDXT)
[2016.04.15-22.09.24:806][  0]LogTexture:Display: Building textures: Tab_01 (AutoDXT)
[2016.04.15-22.09.27:446][  0]LogAudioDerivedData:Display: Building compressed audio format OGG wave Intro...
[2016.04.15-22.09.34:485][  0]LogAIModule: Creating AISystem for world Menu
[2016.04.15-22.09.34:486][  0]LogEditorServer: Finished looking for orphan Actors (0.000 secs)
[2016.04.15-22.09.34:486][  0]Cmd: MAP CHECKDEP NOCLEARLOG
[2016.04.15-22.09.34:579][  0]MapCheck: Info Map check complete: 0 Error(s), 0 Warning(s), took 92.52ms to complete.
[2016.04.15-22.09.34:579][  0]LogFileHelpers: Loading map 'Menu' took 28.044
[2016.04.15-22.09.34:703][  0]LogCollectionManager: Loaded 0 collections in 0.002473 seconds
[2016.04.15-22.09.34:741][  0]LogFileCache: Scanning file cache for directory 'C:/Users/Daniel/Desktop/School2/New classes/New Classes/New Classes/DIG4725/HotelBete/Saved/Collections/' took 0.01s
[2016.04.15-22.09.34:741][  0]LogFileCache: Scanning file cache for directory 'C:/Users/Daniel/Desktop/School2/New classes/New Classes/New Classes/DIG4725/HotelBete/Content/Developers/Daniel/Collections/' took 0.01s
[2016.04.15-22.09.34:741][  0]LogFileCache: Scanning file cache for directory 'C:/Users/Daniel/Desktop/School2/New classes/New Classes/New Classes/DIG4725/HotelBete/Content/Collections/' took 0.01s
[2016.04.15-22.09.34:741][  0]LogCollectionManager: Rebuilt the GUID cache for 0 collections in 0.000003 seconds
[2016.04.15-22.09.34:753][  0]LogContentBrowser: Native class hierarchy populated in 0.0119 seconds. Added 1908 classes and 344 folders.
[2016.04.15-22.09.34:761][  0]LogContentBrowser: Native class hierarchy updated for 'WidgetCarousel' in 0.0004 seconds. Added 0 classes and 0 folders.
[2016.04.15-22.09.34:822][  0]LogContentBrowser: Native class hierarchy updated for 'AddContentDialog' in 0.0005 seconds. Added 0 classes and 0 folders.
[2016.04.15-22.09.34:827][  0]LogContentBrowser: Native class hierarchy updated for 'SceneOutliner' in 0.0004 seconds. Added 1 classes and 2 folders.
[2016.04.15-22.09.34:920][  0]LogCrashTracker: Crashtracker disabled due to settings.
[2016.04.15-22.09.34:925][  0]LogUObjectGlobals:Warning: Failed to find object 'Class None.'
[2016.04.15-22.09.34:947][  0]LogLoad: Full Startup: 34.49 seconds (BP compile: 1.24 seconds)
[2016.04.15-22.09.34:960][  0]LogOcInput: Can't find Oculus library dev build: is proper Runtime installed? Version: 0.8.0.0
[2016.04.15-22.09.35:019][  0]LogContentStreaming: Texture pool size now 1000 MB
[2016.04.15-22.09.35:220][  0]LogRenderer: Reallocating scene render targets to support 1004x456 (Frame:2).
[2016.04.15-22.09.36:656][ 22]LogAssetRegistry: Asset discovery search completed in 31.6320 seconds
[2016.04.15-22.09.36:656][ 22]LogCollectionManager: Rebuilt the object cache for 0 collections in 0.000001 seconds (found 0 objects)
[2016.04.15-22.09.36:656][ 22]LogCollectionManager: Fixed up redirectors for 0 collections in 0.000025 seconds (updated 0 objects)
[2016.04.15-22.10.14:922][208]LogTexture:Display: Building textures: 22 (BGRA8)
[2016.04.15-22.10.15:179][208]LogLinker:Warning: Asset '../../../Engine/Content/ArtTools/RenderToTexture/Macros/RenderToTextureMacros.uasset' has been saved with empty engine version. The asset will be loaded but may be incompatible.
[2016.04.15-22.10.16:395][208]LogContentBrowser: Native class hierarchy updated for 'BlueprintGraph' in 0.0011 seconds. Added 107 classes and 0 folders.
[2016.04.15-22.17.38:367][173]Cmd: TRANSACTION UNDO
[2016.04.15-22.17.38:367][173]LogEditorTransaction: Undo Move Node
[2016.04.15-22.17.39:630][270]Cmd: TRANSACTION UNDO
[2016.04.15-22.17.39:630][270]LogEditorTransaction: Undo Move Node
[2016.04.15-22.17.41:881][496]Cmd: TRANSACTION UNDO
[2016.04.15-22.17.41:881][496]LogEditorTransaction: Undo Move Node
[2016.04.15-22.17.43:479][656]Cmd: TRANSACTION UNDO
[2016.04.15-22.17.43:479][656]LogEditorTransaction: Undo Move Node
[2016.04.15-22.17.46:133][929]Cmd: TRANSACTION UNDO
[2016.04.15-22.17.46:133][929]LogEditorTransaction: Undo Move Node
[2016.04.15-22.17.48:040][118]Cmd: TRANSACTION UNDO
[2016.04.15-22.17.48:040][118]LogEditorTransaction: Undo Move Node
[2016.04.15-22.20.28:585][150]LogParticles: Destroying 0 GPU particle simulations for FXSystem 0x000000003FEDC180
[2016.04.15-22.20.28:586][150]LogParticles: Destroying 0 GPU particle simulations for FXSystem 0x000000003FEDD440
[2016.04.15-22.20.28:589][150]LogParticles: Destroying 0 GPU particle simulations for FXSystem 0x000000003283BBA0
[2016.04.15-22.20.28:590][150]LogParticles: Destroying 0 GPU particle simulations for FXSystem 0x0000000031B56200
[2016.04.15-22.20.28:591][150]LogParticles: Destroying 0 GPU particle simulations for FXSystem 0x0000000031B55A80
[2016.04.15-22.20.28:592][150]LogParticles: Destroying 0 GPU particle simulations for FXSystem 0x0000000036342C00
[2016.04.15-22.20.28:593][150]LogParticles: Destroying 0 GPU particle simulations for FXSystem 0x0000000036340540
[2016.04.15-22.20.28:594][150]LogParticles: Destroying 0 GPU particle simulations for FXSystem 0x0000000053B15800
[2016.04.15-22.20.28:595][150]LogParticles: Destroying 0 GPU particle simulations for FXSystem 0x0000000053B16660
[2016.04.15-22.20.28:596][150]LogParticles: Destroying 0 GPU particle simulations for FXSystem 0x00000000496A07C0
[2016.04.15-22.20.28:597][150]LogParticles: Destroying 0 GPU particle simulations for FXSystem 0x00000000491599E0
[2016.04.15-22.20.28:598][150]LogParticles: Destroying 0 GPU particle simulations for FXSystem 0x00000000484BEF20
[2016.04.15-22.20.28:599][150]LogParticles: Destroying 0 GPU particle simulations for FXSystem 0x00000000484BD440
[2016.04.15-22.20.28:600][150]LogParticles: Destroying 0 GPU particle simulations for FXSystem 0x0000000053B14CC0
[2016.04.15-22.20.28:601][150]LogParticles: Destroying 0 GPU particle simulations for FXSystem 0x0000000053B15300
[2016.04.15-22.20.28:602][150]LogParticles: Destroying 0 GPU particle simulations for FXSystem 0x00000000515F6980
[2016.04.15-22.20.28:603][150]LogParticles: Destroying 0 GPU particle simulations for FXSystem 0x00000000515F6DE0
[2016.04.15-22.20.28:604][150]LogParticles: Destroying 0 GPU particle simulations for FXSystem 0x0000000053B14400
[2016.04.15-22.20.28:604][150]LogParticles: Destroying 0 GPU particle simulations for FXSystem 0x0000000053B14680
[2016.04.15-22.20.28:691][150]LogFileHelpers: Editor autosave (incl. sublevels) for '/Game/Hotel/Levels/Menu' took 0.252
[2016.04.15-22.20.28:714][150]OBJ SavePackage: Generating thumbnails for [0] asset(s) in package [/Game/Hotel/Blueprints/Widgets/PauseMenu] ([1] browsable assets)...
[2016.04.15-22.20.28:714][150]OBJ SavePackage: Finished generating thumbnails for package [/Game/Hotel/Blueprints/Widgets/PauseMenu]
[2016.04.15-22.20.29:002][150]LogSavePackage: Save=261.107086ms
[2016.04.15-22.20.29:002][150]LogSavePackage: Moving '../../../../../../Users/Daniel/Desktop/School2/New classes/New Classes/New Classes/DIG4725/HotelBete/Saved/PauseMenu_Auto14C166DE442CEE141230DAE94C617D3CE.tmp' to '../../../../../../Users/Daniel/Desktop/School2/New classes/New Classes/New Classes/DIG4725/HotelBete/Saved/Autosaves/Game/Hotel/Blueprints/Widgets/PauseMenu_Auto1.uasset'
[2016.04.15-22.20.29:004][150]LogSavePackage: Total save time: 288.517933ms
[2016.04.15-22.20.29:004][150]LogSavePackage:Display: Finished SavePackage ../../../../../../Users/Daniel/Desktop/School2/New classes/New Classes/New Classes/DIG4725/HotelBete/Saved/Autosaves/Game/Hotel/Blueprints/Widgets/PauseMenu_Auto1.uasset
[2016.04.15-22.20.29:004][150]LogFileHelpers: Auto-saving content packages took 0.311
[2016.04.15-22.21.35:025][ 60]LogFactory: FactoryCreateBinary: SoundWave with ReimportSoundFactory (0 0 C:\Users\Daniel\Desktop\School2\New classes\New Classes\New Classes\DIG4725\Sound Effects\Menu\Comfirm.wav)
[2016.04.15-22.21.35:028][ 60]LogAudioDerivedData:Display: Building compressed audio format OGG wave Comfirm...
[2016.04.15-22.21.35:167][ 60]LogAudioDerivedData:Warning: Updated SoundWave->RawPCMDataSize during cooking SoundWave /Game/Hotel/Sounds/SE/Comfirm.Comfirm.
[2016.04.15-22.22.08:965][140]LogBlueprintUserMessages: Early PlayInEditor Detection: Level '/Game/Hotel/Levels/Menu.Menu:PersistentLevel' has LevelScriptBlueprint '/Game/Hotel/Levels/Menu.Menu:PersistentLevel.Menu' with GeneratedClass '/Game/Hotel/Levels/Menu.Menu_C' with ClassGeneratedBy '/Game/Hotel/Levels/Menu.Menu:PersistentLevel.Menu'
[2016.04.15-22.22.08:965][140]BlueprintLog: New page: Pre-Play auto-recompile
[2016.04.15-22.22.08:968][140]LogPlayLevel: [PlayLevel] Compiling PauseMenu before play...
[2016.04.15-22.22.09:282][140]LogPlayLevel: PlayLevel: Blueprint regeneration took 316 ms (2 blueprints)
[2016.04.15-22.22.09:296][140]LogPlayLevel: [PlayLevel] Compiling Player before play...
[2016.04.15-22.22.10:645][140]LogPlayLevel: PlayLevel: Blueprint regeneration took 1679 ms (20 blueprints)
[2016.04.15-22.22.10:647][140]LogPlayLevel: [PlayLevel] Compiling BookShelf before play...
[2016.04.15-22.22.10:826][140]LogPlayLevel: PlayLevel: Blueprint regeneration took 1861 ms (20 blueprints)
[2016.04.15-22.22.10:828][140]LogPlayLevel: [PlayLevel] Compiling BriefCase before play...
[2016.04.15-22.22.11:009][140]LogPlayLevel: PlayLevel: Blueprint regeneration took 2043 ms (20 blueprints)
[2016.04.15-22.22.11:010][140]LogPlayLevel: [PlayLevel] Compiling Lighty before play...
[2016.04.15-22.22.11:183][140]LogPlayLevel: PlayLevel: Blueprint regeneration took 2217 ms (22 blueprints)
[2016.04.15-22.22.11:184][140]LogPlayLevel: [PlayLevel] Compiling Bust before play...
[2016.04.15-22.22.11:335][140]LogPlayLevel: PlayLevel: Blueprint regeneration took 2370 ms (22 blueprints)
[2016.04.15-22.22.11:341][140]LogPlayLevel: [PlayLevel] Compiling Ghost before play...
[2016.04.15-22.22.11:706][140]LogPlayLevel: PlayLevel: Blueprint regeneration took 2741 ms (23 blueprints)
[2016.04.15-22.22.11:707][140]LogPlayLevel: [PlayLevel] Compiling PaintSet before play...
[2016.04.15-22.22.11:850][140]LogPlayLevel: PlayLevel: Blueprint regeneration took 2884 ms (23 blueprints)
[2016.04.15-22.22.11:851][140]LogPlayLevel: [PlayLevel] Compiling SpookVision before play...
[2016.04.15-22.22.12:027][140]LogPlayLevel: PlayLevel: Blueprint regeneration took 3061 ms (23 blueprints)
[2016.04.15-22.22.12:030][140]LogPlayLevel: [PlayLevel] Compiling Door1 before play...
[2016.04.15-22.22.12:228][140]LogPlayLevel: PlayLevel: Blueprint regeneration took 3262 ms (23 blueprints)
[2016.04.15-22.22.12:230][140]LogPlayLevel: [PlayLevel] Compiling Door2 before play...
[2016.04.15-22.22.12:408][140]LogPlayLevel: PlayLevel: Blueprint regeneration took 3442 ms (23 blueprints)
[2016.04.15-22.22.12:410][140]LogPlayLevel: [PlayLevel] Compiling Door3 before play...
[2016.04.15-22.22.12:592][140]LogPlayLevel: PlayLevel: Blueprint regeneration took 3626 ms (23 blueprints)
[2016.04.15-22.22.12:594][140]LogPlayLevel: [PlayLevel] Compiling InvItemPic before play...
[2016.04.15-22.22.12:780][140]LogPlayLevel: PlayLevel: Blueprint regeneration took 3814 ms (23 blueprints)
[2016.04.15-22.22.12:783][140]LogPlayLevel: [PlayLevel] Compiling InventoryWidget before play...
[2016.04.15-22.22.13:010][140]LogPlayLevel: PlayLevel: Blueprint regeneration took 4045 ms (23 blueprints)
[2016.04.15-22.22.13:012][140]LogPlayLevel: [PlayLevel] Compiling TextPic before play...
[2016.04.15-22.22.13:187][140]LogPlayLevel: PlayLevel: Blueprint regeneration took 4221 ms (23 blueprints)
[2016.04.15-22.22.13:188][140]LogPlayLevel: [PlayLevel] Compiling GameOver before play...
[2016.04.15-22.22.13:373][140]LogPlayLevel: PlayLevel: Blueprint regeneration took 4407 ms (23 blueprints)
[2016.04.15-22.22.13:379][140]LogPlayLevel: [PlayLevel] Compiling Puzzle0 before play...
[2016.04.15-22.22.13:780][140]LogPlayLevel: PlayLevel: Blueprint regeneration took 4814 ms (23 blueprints)
[2016.04.15-22.22.13:783][140]LogPlayLevel: [PlayLevel] Compiling Puzzle1 before play...
[2016.04.15-22.22.14:190][140]LogPlayLevel: PlayLevel: Blueprint regeneration took 5224 ms (23 blueprints)
[2016.04.15-22.22.14:197][140]LogPlayLevel: [PlayLevel] Compiling Puzzle3 before play...
[2016.04.15-22.22.14:474][140]LogPlayLevel: PlayLevel: Blueprint regeneration took 5508 ms (23 blueprints)
[2016.04.15-22.22.14:481][140]LogPlayLevel: [PlayLevel] Compiling MainMenu before play...
[2016.04.15-22.22.14:769][140]LogPlayLevel: PlayLevel: Blueprint regeneration took 5803 ms (24 blueprints)
[2016.04.15-22.22.14:771][140]LogPlayLevel: [PlayLevel] Compiling ItemManager before play...
[2016.04.15-22.22.14:845][140]LogBlueprint:Warning: USimpleConstructionScript::FixupRootNodeParentReferences() - Couldn't find inherited parent component 'DefaultSceneRoot' for 'KeyWithRoomNum' in BlueprintGeneratedClass 'REINST_Key_C_258' (it may have been removed)
[2016.04.15-22.22.15:379][140]LogPlayLevel: PlayLevel: Blueprint regeneration took 6413 ms (25 blueprints)
[2016.04.15-22.22.15:380][140]LogPlayLevel: [PlayLevel] Compiling TextManager before play...
[2016.04.15-22.22.15:505][140]LogPlayLevel: PlayLevel: Blueprint regeneration took 6539 ms (25 blueprints)
[2016.04.15-22.22.15:508][140]LogPlayLevel: [PlayLevel] Compiling FirstPersonGameMode before play...
[2016.04.15-22.22.15:693][140]LogPlayLevel: PlayLevel: Blueprint regeneration took 6727 ms (25 blueprints)
[2016.04.15-22.22.15:694][140]LogPlayLevel: [PlayLevel] Compiling Menu before play...
[2016.04.15-22.22.15:787][140]LogPlayLevel: PlayLevel: Blueprint regeneration took 6821 ms (25 blueprints)
[2016.04.15-22.22.15:788][140]LogPlayLevel: [PlayLevel] Compiling Key before play...
[2016.04.15-22.22.15:939][140]LogPlayLevel: PlayLevel: Blueprint regeneration took 6973 ms (25 blueprints)
[2016.04.15-22.22.16:081][140]PIE: New page: PIE session: Menu (Apr 15, 2016, 2:22:16 PM)
[2016.04.15-22.22.16:081][140]LogPlayLevel: Creating play world package: /Game/Hotel/Levels/UEDPIE_0_Menu
[2016.04.15-22.22.16:087][140]LogPlayLevel: PIE: StaticDuplicateObject took: (0.006188s)
[2016.04.15-22.22.16:089][140]LogAIModule: Creating AISystem for world Menu
[2016.04.15-22.22.16:089][140]LogPlayLevel: PIE: World Init took: (0.001460s)
[2016.04.15-22.22.16:089][140]LogPlayLevel: PIE: Created PIE world by copying editor world from /Game/Hotel/Levels/Menu.Menu to /Game/Hotel/Levels/UEDPIE_0_Menu.Menu (0.007967s)
[2016.04.15-22.22.16:183][140]LogInit: XAudio2 using 'Speakers (Realtek High Definition Audio)' : 2 channels at 48 kHz using 32 bits per sample (channel mask 0x3)
[2016.04.15-22.22.16:212][140]LogInit: FAudioDevice initialized.
[2016.04.15-22.22.16:463][140]LogWorld: Game class is 'FirstPersonGameMode_C'
[2016.04.15-22.22.16:464][140]LogWorld: Bringing World /Game/Hotel/Levels/UEDPIE_0_Menu.Menu up for play (max tick rate 0) at 2016.04.15-18.22.16
[2016.04.15-22.22.16:464][140]LogActor:Warning: GameSession /Game/Hotel/Levels/UEDPIE_0_Menu.Menu:PersistentLevel.GameSession_0 has natively added scene component(s), but none of them were set as the actor's RootComponent - picking one arbitrarily
[2016.04.15-22.22.16:465][140]LogActor:Warning: GameNetworkManager /Game/Hotel/Levels/UEDPIE_0_Menu.Menu:PersistentLevel.GameNetworkManager_0 has natively added scene component(s), but none of them were set as the actor's RootComponent - picking one arbitrarily
[2016.04.15-22.22.16:465][140]LogWorld: Bringing up level for play took: 0.001297
[2016.04.15-22.22.16:516][140]LogGameMode: Warning - PATHS NOT DEFINED or NO PLAYERSTART with positive rating
[2016.04.15-22.22.16:713][140]PIE: Info Play in editor start time for /Game/Hotel/Levels/UEDPIE_0_Menu 8.458
[2016.04.15-22.22.16:714][140]LogBlueprintUserMessages: Late PlayInEditor Detection: Level '/Game/Hotel/Levels/Menu.Menu:PersistentLevel' has LevelScriptBlueprint '/Game/Hotel/Levels/Menu.Menu:PersistentLevel.Menu' with GeneratedClass '/Game/Hotel/Levels/Menu.Menu_C' with ClassGeneratedBy '/Game/Hotel/Levels/Menu.Menu:PersistentLevel.Menu'
[2016.04.15-22.22.17:111][141]LogRenderer: Reallocating scene render targets to support 1280x720 (Frame:3596).
[2016.04.15-22.22.31:522][834]LogLevel:Warning: Failed to find streaming level object associated with 'Menu'
[2016.04.15-22.22.31:544][835]LogLevel:Warning: Failed to find streaming level object associated with 'World'
[2016.04.15-22.25.29:708][945]LogPackageName: SearchForPackageOnDisk took   0.096s to resolve World.umap.
[2016.04.15-22.25.29:798][946]LogPackageName: SearchForPackageOnDisk took   0.088s to resolve World.umap.
[2016.04.15-22.25.29:799][946]LogNet: Browse: /Game/Hotel/Levels/World
[2016.04.15-22.25.29:799][946]LogLoad: LoadMap: /Game/Hotel/Levels/World
[2016.04.15-22.25.29:890][946]LogParticles: Destroying 0 GPU particle simulations for FXSystem 0x000000004310A0C0
[2016.04.15-22.25.29:890][946]Cmd: MEM
[2016.04.15-22.25.30:021][946]LogMemory: Platform Memory Stats for Windows
[2016.04.15-22.25.30:021][946]LogMemory: Process Physical Memory: 1637.00 MB used, 1637.30 MB peak
[2016.04.15-22.25.30:021][946]LogMemory: Process Virtual Memory: 1562.66 MB used, 1563.66 MB peak
[2016.04.15-22.25.30:021][946]LogMemory: Physical Memory: 5152.51 MB used, 8190.46 MB total
[2016.04.15-22.25.30:021][946]LogMemory: Virtual Memory: 2197.68 MB used, 8388608.00 MB total
[2016.04.15-22.25.30:021][946]LogMemory: 
[2016.04.15-22.25.30:021][946]Allocator Stats for TBB: (not implemented)
[2016.04.15-22.25.40:011][946]LogTexture:Display: Building textures: chair_haunted_albedo (AutoDXT)
[2016.04.15-22.26.30:983][946]LogMaterial: Missing cached shader map for material M_Wood_Oak, compiling. 
[2016.04.15-22.26.33:071][946]LogTexture:Display: Building textures: HQ_Lightmap0_1 (AutoDXT)
[2016.04.15-22.26.34:809][946]LogTexture:Display: Building textures: HQ_Lightmap0_11 (AutoDXT)
[2016.04.15-22.26.34:848][946]LogTexture:Display: Building textures: HQ_Lightmap0_12 (AutoDXT)
[2016.04.15-22.26.34:913][946]LogTexture:Display: Building textures: HQ_Lightmap0_13 (AutoDXT)
[2016.04.15-22.26.34:935][946]LogTexture:Display: Building textures: HQ_Lightmap0_14 (AutoDXT)
[2016.04.15-22.26.34:955][946]LogTexture:Display: Building textures: HQ_Lightmap0_15 (AutoDXT)
[2016.04.15-22.26.34:958][946]LogTexture:Display: Building textures: HQ_Lightmap0_16 (AutoDXT)
[2016.04.15-22.26.34:981][946]LogTexture:Display: Building textures: HQ_Lightmap0_17 (AutoDXT)
[2016.04.15-22.26.34:998][946]LogTexture:Display: Building textures: HQ_Lightmap0_18 (AutoDXT)
[2016.04.15-22.26.35:081][946]LogTexture:Display: Building textures: HQ_Lightmap0_2 (AutoDXT)
[2016.04.15-22.26.36:789][946]LogTexture:Display: Building textures: HQ_Lightmap0_4 (AutoDXT)
[2016.04.15-22.26.38:423][946]LogTexture:Display: Building textures: HQ_Lightmap0_5 (AutoDXT)
[2016.04.15-22.26.39:694][946]LogTexture:Display: Building textures: HQ_Lightmap0_7 (AutoDXT)
[2016.04.15-22.26.40:101][946]LogTexture:Display: Building textures: HQ_Lightmap0_8 (AutoDXT)
[2016.04.15-22.26.40:443][946]LogTexture:Display: Building textures: HQ_Lightmap0_9 (AutoDXT)
[2016.04.15-22.26.40:446][946]LogTexture:Display: Building textures: HQ_Lightmap1_10 (AutoDXT)
[2016.04.15-22.26.40:661][946]LogTexture:Display: Building textures: HQ_Lightmap1_3 (AutoDXT)
[2016.04.15-22.26.42:617][946]LogTexture:Display: Building textures: HQ_Lightmap1_6 (AutoDXT)
[2016.04.15-22.26.44:759][946]LogTexture:Display: Building textures: LQ_Lightmap_0_1 (DXT1)
[2016.04.15-22.26.45:846][946]LogTexture:Display: Building textures: LQ_Lightmap_0_11 (DXT1)
[2016.04.15-22.26.45:909][946]LogTexture:Display: Building textures: LQ_Lightmap_0_12 (DXT1)
[2016.04.15-22.26.45:958][946]LogTexture:Display: Building textures: LQ_Lightmap_0_13 (DXT1)
[2016.04.15-22.26.45:970][946]LogTexture:Display: Building textures: LQ_Lightmap_0_14 (DXT1)
[2016.04.15-22.26.45:982][946]LogTexture:Display: Building textures: LQ_Lightmap_0_15 (DXT1)
[2016.04.15-22.26.45:984][946]LogTexture:Display: Building textures: LQ_Lightmap_0_16 (DXT1)
[2016.04.15-22.26.46:029][946]LogTexture:Display: Building textures: LQ_Lightmap_0_17 (DXT1)
[2016.04.15-22.26.46:037][946]LogTexture:Display: Building textures: LQ_Lightmap_0_18 (DXT1)
[2016.04.15-22.26.46:251][946]LogTexture:Display: Building textures: LQ_Lightmap_0_2 (DXT1)
[2016.04.15-22.26.47:368][946]LogTexture:Display: Building textures: LQ_Lightmap_0_4 (DXT1)
[2016.04.15-22.26.48:175][946]LogTexture:Display: Building textures: LQ_Lightmap_0_5 (DXT1)
[2016.04.15-22.26.49:054][946]LogTexture:Display: Building textures: LQ_Lightmap_0_7 (DXT1)
[2016.04.15-22.26.49:304][946]LogTexture:Display: Building textures: LQ_Lightmap_0_8 (DXT1)
[2016.04.15-22.26.49:494][946]LogTexture:Display: Building textures: LQ_Lightmap_0_9 (DXT1)
[2016.04.15-22.26.49:518][946]LogTexture:Display: Building textures: LQ_Lightmap_1_10 (DXT1)
[2016.04.15-22.26.49:579][946]LogTexture:Display: Building textures: LQ_Lightmap_1_3 (DXT1)
[2016.04.15-22.26.50:231][946]LogTexture:Display: Building textures: LQ_Lightmap_1_6 (DXT1)
[2016.04.15-22.26.50:959][946]LogTexture:Display: Building textures: SkyOcclusion0_1 (AutoDXT)
[2016.04.15-22.26.52:232][946]LogTexture:Display: Building textures: SkyOcclusion0_11 (AutoDXT)
[2016.04.15-22.26.52:279][946]LogTexture:Display: Building textures: SkyOcclusion0_12 (AutoDXT)
[2016.04.15-22.26.52:303][946]LogTexture:Display: Building textures: SkyOcclusion0_13 (AutoDXT)
[2016.04.15-22.26.52:318][946]LogTexture:Display: Building textures: SkyOcclusion0_14 (AutoDXT)
[2016.04.15-22.26.52:362][946]LogTexture:Display: Building textures: SkyOcclusion0_15 (AutoDXT)
[2016.04.15-22.26.52:364][946]LogTexture:Display: Building textures: SkyOcclusion0_16 (AutoDXT)
[2016.04.15-22.26.52:379][946]LogTexture:Display: Building textures: SkyOcclusion0_17 (AutoDXT)
[2016.04.15-22.26.52:423][946]LogTexture:Display: Building textures: SkyOcclusion0_18 (AutoDXT)
[2016.04.15-22.26.52:499][946]LogTexture:Display: Building textures: SkyOcclusion0_2 (AutoDXT)
[2016.04.15-22.26.53:756][946]LogTexture:Display: Building textures: SkyOcclusion0_4 (AutoDXT)
[2016.04.15-22.26.55:002][946]LogTexture:Display: Building textures: SkyOcclusion0_5 (AutoDXT)
[2016.04.15-22.26.55:671][946]LogTexture:Display: Building textures: SkyOcclusion0_7 (AutoDXT)
[2016.04.15-22.26.55:842][946]LogTexture:Display: Building textures: SkyOcclusion0_8 (AutoDXT)
[2016.04.15-22.26.55:974][946]LogTexture:Display: Building textures: SkyOcclusion0_9 (AutoDXT)
[2016.04.15-22.26.55:981][946]LogTexture:Display: Building textures: SkyOcclusion1_10 (AutoDXT)
[2016.04.15-22.26.56:112][946]LogTexture:Display: Building textures: SkyOcclusion1_3 (AutoDXT)
[2016.04.15-22.26.56:904][946]LogTexture:Display: Building textures: SkyOcclusion1_6 (AutoDXT)
[2016.04.15-22.26.57:707][946]LogTexture:Display: Building textures: ShadowMapTexture2D_0 (G8)
[2016.04.15-22.26.57:883][946]LogTexture:Display: Building textures: ShadowMapTexture2D_1 (G8)
[2016.04.15-22.26.58:063][946]LogTexture:Display: Building textures: ShadowMapTexture2D_10 (G8)
[2016.04.15-22.26.58:064][946]LogTexture:Display: Building textures: ShadowMapTexture2D_17 (BGRA8)
[2016.04.15-22.26.58:073][946]LogTexture:Display: Building textures: ShadowMapTexture2D_2 (G8)
[2016.04.15-22.26.58:250][946]LogTexture:Display: Building textures: ShadowMapTexture2D_20 (BGRA8)
[2016.04.15-22.26.58:251][946]LogTexture:Display: Building textures: ShadowMapTexture2D_22 (BGRA8)
[2016.04.15-22.26.58:253][946]LogTexture:Display: Building textures: ShadowMapTexture2D_23 (BGRA8)
[2016.04.15-22.26.58:254][946]LogTexture:Display: Building textures: ShadowMapTexture2D_24 (G8)
[2016.04.15-22.26.58:254][946]LogTexture:Display: Building textures: ShadowMapTexture2D_25 (G8)
[2016.04.15-22.26.58:263][946]LogTexture:Display: Building textures: ShadowMapTexture2D_3 (G8)
[2016.04.15-22.26.58:480][946]LogTexture:Display: Building textures: ShadowMapTexture2D_4 (BGRA8)
[2016.04.15-22.26.58:754][946]LogTexture:Display: Building textures: ShadowMapTexture2D_6 (G8)
[2016.04.15-22.26.58:926][946]LogTexture:Display: Building textures: ShadowMapTexture2D_7 (G8)
[2016.04.15-22.26.58:929][946]LogTexture:Display: Building textures: ShadowMapTexture2D_8 (BGRA8)
[2016.04.15-22.26.58:943][946]LogTexture:Display: Building textures: ShadowMapTexture2D_9 (BGRA8)
[2016.04.15-22.26.58:980][946]LogStaticMesh: Building static mesh 2nd_guest_floor_haunted...
[2016.04.15-22.27.03:147][946]LogStaticMesh: Built static mesh [4.166988.2s] /Game/Hotel/Art/Models/2ndGuesFloor/2nd_guest_floor_haunted.2nd_guest_floor_haunted
[2016.04.15-22.27.03:373][946]LogStaticMesh: Building static mesh attic_haunted...
[2016.04.15-22.27.04:222][946]LogStaticMesh: Built static mesh [0.848869.2s] /Game/Hotel/Art/Models/Attic/attic_haunted.attic_haunted
[2016.04.15-22.27.04:254][946]LogStaticMesh: Building static mesh balcony_haunted...
[2016.04.15-22.27.04:592][946]LogStaticMesh: Built static mesh [0.338320.2s] /Game/Hotel/Art/Models/balcony/balcony_haunted.balcony_haunted
[2016.04.15-22.27.04:630][946]LogStaticMesh: Building static mesh basement_haunted...
[2016.04.15-22.27.04:827][946]LogStaticMesh: Built static mesh [0.197440.2s] /Game/Hotel/Art/Models/basement/basement_haunted.basement_haunted
[2016.04.15-22.27.04:965][946]LogStaticMesh: Building static mesh BrokenChair...
[2016.04.15-22.27.05:028][946]LogStaticMesh: Built static mesh [0.062698.2s] /Game/Hotel/Art/Models/Broken_Chair/BrokenChair.BrokenChair
[2016.04.15-22.27.05:032][946]LogStaticMesh: Building static mesh Door_long...
[2016.04.15-22.27.05:071][946]LogStaticMesh: Built static mesh [0.038827.2s] /Game/Hotel/Art/Models/Door/Door_long.Door_long
[2016.04.15-22.27.05:094][946]LogStaticMesh: Building static mesh guest_floor_haunted...
[2016.04.15-22.27.09:223][946]LogStaticMesh: Built static mesh [4.129629.2s] /Game/Hotel/Art/Models/Guest_Floor/guest_floor_haunted.guest_floor_haunted
[2016.04.15-22.27.09:418][946]LogStaticMesh: Building static mesh Rubble01...
[2016.04.15-22.27.09:434][946]LogStaticMesh: Built static mesh [0.015794.2s] /Game/Hotel/Art/Models/Rubble1/Rubble01.Rubble01
[2016.04.15-22.27.09:434][946]LogStaticMesh: Building static mesh Rubble02...
[2016.04.15-22.27.09:460][946]LogStaticMesh: Built static mesh [0.026445.2s] /Game/Hotel/Art/Models/Rubble2/Rubble02.Rubble02
[2016.04.15-22.27.09:501][946]LogStaticMesh: Building static mesh Stairs_haunted...
[2016.04.15-22.27.10:000][946]LogStaticMesh: Built static mesh [0.498678.2s] /Game/Hotel/Art/Models/Stairs/Stairs_haunted.Stairs_haunted
[2016.04.15-22.27.10:208][946]LogMaterial: Missing cached shader map for material Walls, compiling. 
[2016.04.15-22.27.10:245][946]LogMaterial: Missing cached shader map for material Windows, compiling. 
[2016.04.15-22.27.10:269][946]LogMaterial: Missing cached shader map for material Frames, compiling. 
[2016.04.15-22.27.10:282][946]LogMaterial: Missing cached shader map for material Floor, compiling. 
[2016.04.15-22.27.10:294][946]LogMaterial: Missing cached shader map for material Columns, compiling. 
[2016.04.15-22.27.12:488][946]LogTexture:Display: Building textures: hotel_haunted_AtticStairs_AmbientOcclusion (A