[2016.04.15-04.55.51:019][  0]Log file open, 04/15/16 00:55:51
[2016.04.15-04.55.51:019][  0]LogInit:Display: Running engine for game: Hotel
[2016.04.15-04.55.51:019][  0]LogPlatformFile: Not using cached read wrapper
[2016.04.15-04.55.51:019][  0]LogInit:Display: RandInit(544767412) SRandInit(544767440).
[2016.04.15-04.55.51:019][  0]LogTaskGraph: Started task graph with 4 named threads and 7 total threads.
[2016.04.15-04.55.51:019][  0]LogStats: Stats thread started at 2.931217
[2016.04.15-04.55.51:019][  0]LogInit: Version: 4.10.4-2872498+++depot+UE4-Releases+4.10
[2016.04.15-04.55.51:019][  0]LogInit: API Version: 2758231
[2016.04.15-04.55.51:019][  0]LogInit: Compiled (64-bit): Feb 18 2016 15:47:04
[2016.04.15-04.55.51:019][  0]LogInit: Compiled with Visual C++: 19.00.23026.00
[2016.04.15-04.55.51:019][  0]LogInit: Build Configuration: Development
[2016.04.15-04.55.51:019][  0]LogInit: Branch Name: ++depot+UE4-Releases+4.10
[2016.04.15-04.55.51:019][  0]LogInit: Command line:  
[2016.04.15-04.55.51:019][  0]LogInit: Base directory: E:/Program Files (x86)/Epic Games/4.10/Engine/Binaries/Win64/
[2016.04.15-04.55.51:019][  0]LogInit: Rocket: 1
[2016.04.15-04.55.51:099][  0]LogInit: Using libcurl 7.41.0
[2016.04.15-04.55.51:099][  0]LogInit:  - built for x86_64-pc-win32
[2016.04.15-04.55.51:099][  0]LogInit:  - supports SSL with WinSSL
[2016.04.15-04.55.51:099][  0]LogInit:  - other features:
[2016.04.15-04.55.51:099][  0]LogInit:      CURL_VERSION_SSL
[2016.04.15-04.55.51:099][  0]LogInit:      CURL_VERSION_IPV6
[2016.04.15-04.55.51:099][  0]LogInit:      CURL_VERSION_ASYNCHDNS
[2016.04.15-04.55.51:099][  0]LogInit:      CURL_VERSION_LARGEFILE
[2016.04.15-04.55.51:099][  0]LogInit:      CURL_VERSION_IDN
[2016.04.15-04.55.51:099][  0]LogInit:  CurlRequestOptions (configurable via config and command line):
[2016.04.15-04.55.51:099][  0]LogInit:  - bVerifyPeer = true  - Libcurl will verify peer certificate
[2016.04.15-04.55.51:099][  0]LogInit:  - bUseHttpProxy = false  - Libcurl will NOT use HTTP proxy
[2016.04.15-04.55.51:099][  0]LogInit:  - bDontReuseConnections = false  - Libcurl will reuse connections
[2016.04.15-04.55.51:099][  0]LogInit:  - CertBundlePath = nullptr  - Libcurl will use whatever was configured at build time.
[2016.04.15-04.55.51:259][  0]LogInit: Presizing for 0 objects not considered by GC, pre-allocating 0 bytes.
[2016.04.15-04.55.51:479][  0]LogInit: Object subsystem initialized
[2016.04.15-04.55.51:659][  0]LogInit: Selected Device Profile: [Windows]
[2016.04.15-04.55.51:659][  0]LogInit: Applying CVar settings loaded from the selected device profile: [Windows]
[2016.04.15-04.55.51:739][  0]LogInit: Computer: MANDY-PC
[2016.04.15-04.55.51:739][  0]LogInit: User: Mandy
[2016.04.15-04.55.51:739][  0]LogInit: CPU Page size=4096, Cores=4
[2016.04.15-04.55.51:739][  0]LogInit: High frequency timer resolution =14.318180 MHz
[2016.04.15-04.55.51:749][  0]LogMemory: Memory total: Physical=16.0GB (16GB approx)
[2016.04.15-04.55.51:749][  0]LogMemory: Platform Memory Stats for Windows
[2016.04.15-04.55.51:749][  0]LogMemory: Process Physical Memory: 56.30 MB used, 56.30 MB peak
[2016.04.15-04.55.51:749][  0]LogMemory: Process Virtual Memory: 59.70 MB used, 59.70 MB peak
[2016.04.15-04.55.51:749][  0]LogMemory: Physical Memory: 2762.19 MB used, 16383.18 MB total
[2016.04.15-04.55.51:749][  0]LogMemory: Virtual Memory: 354.59 MB used, 8388608.00 MB total
[2016.04.15-04.55.52:470][  0]LogTextLocalizationManager: No specific translations for ('en-US') exist, so ('en') translations will be used.
[2016.04.15-04.55.53:855][  0]LogD3D11RHI: Found D3D11 adapter 0: NVIDIA GeForce GTX 750 (Feature Level 11_0)
[2016.04.15-04.55.53:855][  0]LogD3D11RHI: Adapter has 972MB of dedicated video memory, 0MB of dedicated system memory, and 3072MB of shared system memory, 2 output[s]
[2016.04.15-04.55.53:855][  0]LogD3D11RHI: Chosen D3D11 Adapter Id = 0
[2016.04.15-04.55.53:862][  0]LogD3D11RHI: !Direct3DDevice
[2016.04.15-04.55.53:862][  0]LogRHI: Texture pool is 680 MB (70% of 972 MB)
[2016.04.15-04.55.53:875][  0]LogD3D11RHI: Async texture creation enabled
[2016.04.15-04.55.54:231][  0]LogShaderCompilers: Guid format shader working directory is -10 characters bigger than the processId version (../../../../../../Users/Mandy/Documents/GitHub/HotelBete/Intermediate/Shaders/WorkingDirectory/1188/).
[2016.04.15-04.55.54:232][  0]LogShaderCompilers: Cleaned the shader compiler working directory 'C:/Users/Mandy/AppData/Local/Temp/UnrealShaderWorkingDir/16E978E44D5F2CA65D1CED9D56B68BC2/'.
[2016.04.15-04.55.54:232][  0]LogShaderCompilers:Display: Using Local Shader Compiler.
[2016.04.15-04.56.01:903][  0]LogTemp:Display: Loaded TP AllDesktopTargetPlatform
[2016.04.15-04.56.01:921][  0]LogTemp:Display: Loaded TP WindowsClientTargetPlatform
[2016.04.15-04.56.01:939][  0]LogTemp:Display: Loaded TP WindowsNoEditorTargetPlatform
[2016.04.15-04.56.01:951][  0]LogTemp:Display: Loaded TP WindowsServerTargetPlatform
[2016.04.15-04.56.01:958][  0]LogTemp:Display: Loaded TP WindowsTargetPlatform
[2016.04.15-04.56.01:965][  0]LogTemp:Display: Loaded TP AndroidTargetPlatform
[2016.04.15-04.56.01:970][  0]LogTemp:Display: Loaded TP Android_ASTCTargetPlatform
[2016.04.15-04.56.01:976][  0]LogTemp:Display: Loaded TP Android_ATCTargetPlatform
[2016.04.15-04.56.01:980][  0]LogTemp:Display: Loaded TP Android_DXTTargetPlatform
[2016.04.15-04.56.01:984][  0]LogTemp:Display: Loaded TP Android_ETC1TargetPlatform
[2016.04.15-04.56.01:988][  0]LogTemp:Display: Loaded TP Android_ETC2TargetPlatform
[2016.04.15-04.56.01:997][  0]LogTemp:Display: Loaded TP Android_MultiTargetPlatform
[2016.04.15-04.56.01:997][  0]LogTemp:Display: Loaded TP Android_PVRTCTargetPlatform
[2016.04.15-04.56.01:998][  0]LogTemp:Display: Loaded TP HTML5TargetPlatform
[2016.04.15-04.56.02:059][  0]LogTemp:Display: Loaded TP IOSTargetPlatform
[2016.04.15-04.56.02:064][  0]LogTemp:Display: Loaded TP LinuxNoEditorTargetPlatform
[2016.04.15-04.56.02:068][  0]LogTemp:Display: Loaded TP LinuxServerTargetPlatform
[2016.04.15-04.56.02:097][  0]LogTemp:Display: Loaded TP LinuxTargetPlatform
[2016.04.15-04.56.02:097][  0]LogTargetPlatformManager:Display: Building Assets For Windows
[2016.04.15-04.56.02:622][  0]LogDerivedDataCache:Display: Max Cache Size: 512 MB
[2016.04.15-04.56.02:924][  0]LogDerivedDataCache: Loaded boot cache 0.29s 41MB C:/Users/Mandy/AppData/Local/UnrealEngine/4.10/DerivedDataCache/Boot.ddc.
[2016.04.15-04.56.02:924][  0]LogDerivedDataCache:Display: Loaded Boot cache: C:/Users/Mandy/AppData/Local/UnrealEngine/4.10/DerivedDataCache/Boot.ddc
[2016.04.15-04.56.02:924][  0]LogDerivedDataCache: FDerivedDataBackendGraph:  Pak pak cache file ../../../../../../Users/Mandy/Documents/GitHub/HotelBete/DerivedDataCache/DDC.ddp not found, will not use a pak cache.
[2016.04.15-04.56.02:924][  0]LogDerivedDataCache: Unable to find inner node Pak for hierarchical cache Hierarchy.
[2016.04.15-04.56.02:924][  0]LogDerivedDataCache: FDerivedDataBackendGraph:  CompressedPak pak cache file ../../../../../../Users/Mandy/Documents/GitHub/HotelBete/DerivedDataCache/Compressed.ddp not found, will not use a pak cache.
[2016.04.15-04.56.02:924][  0]LogDerivedDataCache: Unable to find inner node CompressedPak for hierarchical cache Hierarchy.
[2016.04.15-04.56.03:087][  0]LogDerivedDataCache:Display: Pak cache opened for reading ../../../Engine/DerivedDataCache/Compressed.ddp.
[2016.04.15-04.56.03:100][  0]LogDerivedDataCache: Using Local data cache path C:/Users/Mandy/AppData/Local/UnrealEngine/Common/DerivedDataCache: Writable
[2016.04.15-04.56.08:230][  0]LogInit: Selected Device Profile: [Windows]
[2016.04.15-04.56.08:241][  0]LogContentStreaming: Texture pool size is 0.000000MB
[2016.04.15-04.56.09:080][  0]LogMeshUtilities: No automatic mesh reduction module available
[2016.04.15-04.56.09:080][  0]LogMeshUtilities: No automatic mesh merging module available
[2016.04.15-04.56.12:826][  0]LogInit: WinSock: version 1.1 (2.2), MaxSocks=32767, MaxUdp=65467
[2016.04.15-04.56.21:828][  0]LogAssetRegistry: FAssetRegistry took 0.0131 seconds to start up
[2016.04.15-04.56.21:923][  0]UdpMessaging: Initializing bridge on interface 0.0.0.0:0 to multicast group 230.0.0.1:6666.
[2016.04.15-04.56.26:009][  0]SourceControl: Info Source control is disabled
[2016.04.15-04.56.26:036][  0]SourceControl: Info Source control is disabled
[2016.04.15-04.56.26:250][  0]SourceControl: Info Source control is disabled
[2016.04.15-04.56.26:343][  0]SourceControl: Info Source control is disabled
[2016.04.15-04.56.30:287][  0]LogObj: 28802 objects as part of root set at end of initial load.
[2016.04.15-04.56.30:287][  0]LogUObjectAllocator: 6129776 out of 0 bytes used by permanent object pool.
[2016.04.15-04.56.32:037][  0]LogEngine: Initializing Engine...
[2016.04.15-04.56.32:088][  0]LogHMD: Can't find Oculus library dev build: is proper Runtime installed? Version: 0.8.0.0
[2016.04.15-04.56.32:145][  0]LogHMD: SteamVR failed to initialize.  Err: 110
[2016.04.15-04.56.33:301][  0]LogAIModule: Creating AISystem for world NewWorld
[2016.04.15-04.56.33:717][  0]LogInit: XAudio2 using 'Speakers (2- Logitech USB Headset)' : 2 channels at 44.1 kHz using 16 bits per sample (channel mask 0x3)
[2016.04.15-04.56.33:796][  0]LogInit: FAudioDevice initialized.
[2016.04.15-04.56.33:842][  0]LogDerivedDataCache: Saved boot cache 0.05s 41MB C:/Users/Mandy/AppData/Local/UnrealEngine/4.10/DerivedDataCache/Boot.ddc.
[2016.04.15-04.56.33:857][  0]LogInit: Texture streaming: Enabled
[2016.04.15-04.56.33:920][  0]LogAnalytics: Creating configured Analytics provider AnalyticsET
[2016.04.15-04.56.33:954][  0]LogAnalytics: [UEEditor.Rocket.Release] APIServer = http://et2.epicgames.com/ET2/. AppVersion = 4.10.4-2872498+++depot+UE4-Releases+4.10
[2016.04.15-04.56.33:954][  0]LogAnalytics: [UEEditor.Rocket.Release] SetUserId e0d98b0e467b55d21c5013962f69b996|a1543627d61e4593a39d507d0813b255|cef8b6ba-01d0-47b7-a028-3b7e918a90c5
[2016.04.15-04.56.33:967][  0]LogAnalytics: [UEEditor.Rocket.Release] AnalyticsET::StartSession
[2016.04.15-04.56.34:277][  0]LogInit: Transaction tracking system initialized
[2016.04.15-04.56.36:328][  0]BlueprintLog: New page: Editor Load
[2016.04.15-04.56.44:053][  0]LocalizationService: Info Localization service is disabled
[2016.04.15-04.56.50:548][  0]LogConsoleResponse:Display: 
[2016.04.15-04.56.53:610][  0]LogCook:Display: Done creating registry. It took  0.00s.
[2016.04.15-04.56.55:864][  0]LogFileCache: Scanning file cache for directory 'E:/Users/Mandy/Documents/GitHub/HotelBete/Content/' took 0.03s
[2016.04.15-04.56.57:889][  0]SourceControl: Info Source control is disabled
[2016.04.15-04.56.58:079][  0]Cmd: MAP LOAD FILE="../../../../../../Users/Mandy/Documents/GitHub/HotelBete/Content/Hotel/Levels/Menu.umap" TEMPLATE=0 SHOWPROGRESS=1 FEATURELEVEL=3
[2016.04.15-04.56.58:192][  0]LightingResults: New page: Lighting Build
[2016.04.15-04.56.59:008][  0]MapCheck: New page: Map Check
[2016.04.15-04.56.59:008][  0]LightingResults: New page: Lighting Build
[2016.04.15-04.56.59:680][  0]LogParticles: Destroying 0 GPU particle simulations for FXSystem 0x0000000025D26AC0
[2016.04.15-04.57.19:771][  0]LogAudioDerivedData:Display: Building compressed audio format OGG wave Game_Start_Better...
[2016.04.15-04.57.20:102][  0]LogAIModule: Creating AISystem for world Menu
[2016.04.15-04.57.20:181][  0]LogEditorServer: Finished looking for orphan Actors (0.000 secs)
[2016.04.15-04.57.20:224][  0]Cmd: MAP CHECKDEP NOCLEARLOG
[2016.04.15-04.57.20:315][  0]MapCheck: Info Map check complete: 0 Error(s), 0 Warning(s), took 90.612ms to complete.
[2016.04.15-04.57.20:315][  0]LogFileHelpers: Loading map 'Menu' took 22.297
[2016.04.15-04.57.22:429][  0]LogCollectionManager: Loaded 0 collections in 0.002174 seconds
[2016.04.15-04.57.22:716][  0]LogFileCache: Scanning file cache for directory 'E:/Users/Mandy/Documents/GitHub/HotelBete/Saved/Collections/' took 0.01s
[2016.04.15-04.57.22:716][  0]LogFileCache: Scanning file cache for directory 'E:/Users/Mandy/Documents/GitHub/HotelBete/Content/Developers/Mandy/Collections/' took 0.01s
[2016.04.15-04.57.22:716][  0]LogFileCache: Scanning file cache for directory 'E:/Users/Mandy/Documents/GitHub/HotelBete/Content/Collections/' took 0.01s
[2016.04.15-04.57.22:716][  0]LogCollectionManager: Rebuilt the GUID cache for 0 collections in 0.000003 seconds
[2016.04.15-04.57.22:759][  0]LogContentBrowser: Native class hierarchy populated in 0.0228 seconds. Added 1908 classes and 344 folders.
[2016.04.15-04.57.22:874][  0]LogContentBrowser: Native class hierarchy updated for 'WidgetCarousel' in 0.0006 seconds. Added 0 classes and 0 folders.
[2016.04.15-04.57.24:380][  0]LogContentBrowser: Native class hierarchy updated for 'AddContentDialog' in 0.0019 seconds. Added 0 classes and 0 folders.
[2016.04.15-04.57.24:484][  0]LogContentBrowser: Native class hierarchy updated for 'SceneOutliner' in 0.0007 seconds. Added 1 classes and 2 folders.
[2016.04.15-04.57.25:182][  0]LogCrashTracker: Crashtracker disabled due to settings.
[2016.04.15-04.57.25:337][  0]LogUObjectGlobals:Warning: Failed to find object 'Class None.'
[2016.04.15-04.57.25:515][  0]LogLoad: Full Startup: 100.19 seconds (BP compile: 2.54 seconds)
[2016.04.15-04.57.25:527][  0]LogOcInput: Can't find Oculus library dev build: is proper Runtime installed? Version: 0.8.0.0
[2016.04.15-04.57.25:839][  0]LogContentStreaming: Texture pool size now 1000 MB
[2016.04.15-04.57.26:223][  0]LogRenderer: Reallocating scene render targets to support 1208x568 (Frame:2).
[2016.04.15-04.57.27:479][ 19]LogAssetRegistry: Asset discovery search completed in 65.6624 seconds
[2016.04.15-04.57.27:480][ 19]LogCollectionManager: Rebuilt the object cache for 0 collections in 0.000002 seconds (found 0 objects)
[2016.04.15-04.57.27:480][ 19]LogCollectionManager: Fixed up redirectors for 0 collections in 0.000045 seconds (updated 0 objects)
[2016.04.15-04.57.34:231][775]LogStreaming:Warning: Failed to open ANSI TEXT file E:/Users/Mandy/Documents/GitHub/HotelBete/Saved/HardwareSurvey/dxdiag.txt
[2016.04.15-04.57.34:258][776]LogSynthBenchmark:Display: FSynthBenchmark (V0.95):  requested WorkScale=1.00
[2016.04.15-04.57.34:259][776]LogSynthBenchmark:Display: ===============
[2016.04.15-04.57.34:259][776]LogSynthBenchmark:Display: Main Processor:
[2016.04.15-04.57.34:311][776]LogSynthBenchmark:Display:          ... 0.029424 s/Run 'RayIntersect'
[2016.04.15-04.57.34:311][776]LogSynthBenchmark:Display:          ... 0.022959 s/Run 'Fractal'
[2016.04.15-04.57.34:311][776]LogSynthBenchmark:Display: 
[2016.04.15-04.57.34:311][776]LogSynthBenchmark:Display:   CompiledTarget_x_Bits: 64
[2016.04.15-04.57.34:311][776]LogSynthBenchmark:Display:   UE_BUILD_SHIPPING: 0
[2016.04.15-04.57.34:311][776]LogSynthBenchmark:Display:   UE_BUILD_TEST: 0
[2016.04.15-04.57.34:311][776]LogSynthBenchmark:Display:   UE_BUILD_DEBUG: 0
[2016.04.15-04.57.34:311][776]LogSynthBenchmark:Display:   TotalPhysicalGBRam: 16
[2016.04.15-04.57.34:311][776]LogSynthBenchmark:Display:   NumberOfCores (physical): 4
[2016.04.15-04.57.34:311][776]LogSynthBenchmark:Display:   NumberOfCores (logical): 4
[2016.04.15-04.57.34:311][776]LogSynthBenchmark:Display:   CPU Perf Index 0: 87.0
[2016.04.15-04.57.34:311][776]LogSynthBenchmark:Display:   CPU Perf Index 1: 124.6
[2016.04.15-04.57.34:311][776]LogSynthBenchmark:Display:  
[2016.04.15-04.57.34:311][776]LogSynthBenchmark:Display: Graphics:
[2016.04.15-04.57.34:311][776]LogSynthBenchmark:Display:   Adapter Name: 'NVIDIA GeForce GTX 750'
[2016.04.15-04.57.34:311][776]LogSynthBenchmark:Display:   (On Optimus the name might be wrong, memory should be ok)
[2016.04.15-04.57.34:311][776]LogSynthBenchmark:Display:   Vendor Id: 0x10de
[2016.04.15-04.57.34:311][776]LogSynthBenchmark:Display:   GPU Memory: 973/0/3073 MB
[2016.04.15-04.57.34:311][776]LogSynthBenchmark:Display:   CPUIndex: 87.0
[2016.04.15-04.57.34:311][776]LogSynthBenchmark:Display:   GPUIndex: -nan(ind)
[2016.04.15-04.57.34:311][776]LogSynthBenchmark:Display: 
[2016.04.15-04.57.34:311][776]LogSynthBenchmark:Display:          ... Total Time: 0.052646 sec
[2016.04.15-05.10.21:043][260]LogTexture:Display: Building textures: BookWormText (AutoDXT)
[2016.04.15-05.10.21:890][260]LogAIModule: Creating AISystem for world World
[2016.04.15-05.10.21:893][260]LogParticles:Warning: InitializeSystem called on an unregistered component. Template=/Game/StarterContent/Particles/Breath.Breath Component=/Game/Hotel/Levels/World.World:PersistentLevel.Breath.ParticleSystemComponent0
[2016.04.15-05.10.21:917][260]LogParticles:Warning: InitializeSystem called on an unregistered component. Template=/Game/StarterContent/Particles/ItemMarker.ItemMarker Component=/Game/Hotel/Levels/World.World:PersistentLevel.ItemMarker.ParticleSystemComponent0
[2016.04.15-05.10.21:918][260]LogParticles:Warning: InitializeSystem called on an unregistered component. Template=/Game/StarterContent/Particles/Dust.Dust Component=/Game/Hotel/Levels/World.World:PersistentLevel.Dust_2.ParticleSystemComponent0
[2016.04.15-05.10.21:920][260]LogParticles:Warning: InitializeSystem called on an unregistered component. Template=/Game/StarterContent/Particles/Dust.Dust Component=/Game/Hotel/Levels/World.World:PersistentLevel.Dust2.ParticleSystemComponent0
[2016.04.15-05.10.21:920][260]LogParticles:Warning: InitializeSystem called on an unregistered component. Template=/Game/StarterContent/Particles/Dust.Dust Component=/Game/Hotel/Levels/World.World:PersistentLevel.Dust3.ParticleSystemComponent0
[2016.04.15-05.10.21:923][260]LogParticles:Warning: InitializeSystem called on an unregistered component. Template=/Game/StarterContent/Particles/ItemMarker.ItemMarker Component=/Game/Hotel/Levels/World.World:PersistentLevel.ItemMarker2_5.ParticleSystemComponent0
[2016.04.15-05.10.22:228][260]Cmd: MAP LOAD FILE="../../../../../../Users/Mandy/Documents/GitHub/HotelBete/Content/Hotel/Levels/World.umap" TEMPLATE=0 SHOWPROGRESS=1 FEATURELEVEL=3
[2016.04.15-05.10.22:229][260]LightingResults: New page: Lighting Build
[2016.04.15-05.10.22:252][260]LoadErrors: New page: Loading map: World.umap
[2016.04.15-05.10.22:252][260]MapCheck: New page: Map Check
[2016.04.15-05.10.22:252][260]LightingResults: New page: Lighting Build
[2016.04.15-05.10.22:298][260]LogParticles: Destroying 0 GPU particle simulations for FXSystem 0x000000003A3F0A40
[2016.04.15-05.10.22:550][260]LogEditorServer: Finished looking for orphan Actors (0.000 secs)
[2016.04.15-05.10.22:628][260]Cmd: MAP CHECKDEP NOCLEARLOG
[2016.04.15-05.10.22:734][260]MapCheck: Info Map check complete: 0 Error(s), 0 Warning(s), took 105.444ms to complete.
[2016.04.15-05.10.22:735][260]LogFileHelpers: Loading map 'World' took 0.513
[2016.04.15-05.10.22:746][260]LoadErrors:Error: Error /Game/FirstPersonBP/Blueprints/Enemy : Failed import for Enemy_C /Game/Hotel/Blueprints/Enemies/Enemy.Default__Enemy_C [redirection] in /Game/FirstPersonBP/Blueprints/Enemy
[2016.04.15-05.10.26:808][561]LogEditorViewport: Clicking on Actor (LMB): StaticMeshActor (Lobby_haunted2)
[2016.04.15-05.10.39:557][542]LogRenderer: Reallocating scene render targets to support 1432x912 (Frame:862).
[2016.04.15-05.10.57:136][805]Cmd: OBJ SAVEPACKAGE PACKAGE="/Game/Hotel/Art/Models/Lobby/Lobby_haunted" FILE="../../../../../../Users/Mandy/Documents/GitHub/HotelBete/Content/Hotel/Art/Models/Lobby/Lobby_haunted.uasset" SILENT=true
[2016.04.15-05.10.57:305][805]LogSavePackage: Save=91.771790ms
[2016.04.15-05.10.57:305][805]LogSavePackage: Moving '../../../../../../Users/Mandy/Documents/GitHub/HotelBete/Saved/Lobby_haunted954520284E17727D76D37791878ABC8C.tmp' to '../../../../../../Users/Mandy/Documents/GitHub/HotelBete/Content/Hotel/Art/Models/Lobby/Lobby_haunted.uasset'
[2016.04.15-05.10.57:308][805]LogSavePackage: Total save time: 170.623709ms
[2016.04.15-05.10.57:308][805]LogSavePackage:Display: Finished SavePackage ../../../../../../Users/Mandy/Documents/GitHub/HotelBete/Content/Hotel/Art/Models/Lobby/Lobby_haunted.uasset
[2016.04.15-05.11.01:781][268]LogEditorViewport: Clicking on Actor (LMB): StaticMeshActor (guest_floor_haunted2)
[2016.04.15-05.11.55:425][166]LogFactory: FactoryCreateBinary: StaticMesh with FbxFactory (0 0 E:\Users\Mandy\Documents\HauntedModelFiles\ReceptionDesk DONE\ReceptionDesk.fbx)
[2016.04.15-05.11.55:680][166]LogFbx: ItemName: GlobalSettings, ItemCount : 1
[2016.04.15-05.11.55:680][166]LogFbx: ItemName: AnimationStack, ItemCount : 1
[2016.04.15-05.11.55:680][166]LogFbx: ItemName: AnimationLayer, ItemCount : 1
[2016.04.15-05.11.55:680][166]LogFbx: ItemName: NodeAttribute, ItemCount : 30
[2016.04.15-05.11.55:680][166]LogFbx: ItemName: Model, ItemCount : 31
[2016.04.15-05.11.55:680][166]LogFbx: ItemName: Geometry, ItemCount : 1
[2016.04.15-05.11.55:680][166]LogFbx: ItemName: Material, ItemCount : 1
[2016.04.15-05.11.55:680][166]LogFbx: ItemName: Texture, ItemCount : 1
[2016.04.15-05.11.55:680][166]LogFbx: ItemName: Video, ItemCount : 1
[2016.04.15-05.11.55:760][166]LogFbx: Loading FBX Scene from E:\Users\Mandy\Documents\HauntedModelFiles\ReceptionDesk DONE\ReceptionDesk.fbx
[2016.04.15-05.11.55:899][166]LogFbx: FBX Scene Loaded Succesfully
[2016.04.15-05.11.57:388][166]LogFbx: Loading FBX Scene from E:\Users\Mandy\Documents\HauntedModelFiles\ReceptionDesk DONE\ReceptionDesk.fbx
[2016.04.15-05.11.57:514][166]LogFbx: FBX Scene Loaded Succesfully
[2016.04.15-05.11.57:573][166]LogLinker:Warning: Can't find file '/Game/Hotel/Art/Models/ReceptionDesk/lambert2'
[2016.04.15-05.11.57:574][166]LogLinker:Warning: Can't find file '/Game/Hotel/Art/Models/ReceptionDesk/lambert2'
[2016.04.15-05.11.57:588][166]LogLinker:Warning: Can't find file '/Game/Hotel/Art/Models/ReceptionDesk/texture_test'
[2016.04.15-05.11.57:588][166]LogLinker:Warning: Can't find file '/Game/Hotel/Art/Models/ReceptionDesk/texture_test'
[2016.04.15-05.11.57:589][166]LogUObjectGlobals:Warning: Failed to find object 'Texture /Game/Hotel/Art/Models/ReceptionDesk/texture_test.texture_test'
[2016.04.15-05.11.57:589][166]LogStreaming:Warning: Failed to read file 'C:/Users/jcc44_000/Documents/maya/texture test.png' error.
[2016.04.15-05.11.57:589][166]LogStreaming:Warning: Failed to read file 'E:\Users\Mandy\Documents\HauntedModelFiles\ReceptionDesk DONE/..\..\..\texture test.png' error.
[2016.04.15-05.11.57:589][166]LogStreaming:Warning: Failed to read file 'E:\Users\Mandy\Documents\HauntedModelFiles\ReceptionDesk DONE/texture test.png' error.
[2016.04.15-05.11.57:589][166]LogFbxMaterialImport:Warning: Unable to find TEXTure file texture test.png. Tried:
 - C:/Users/jcc44_000/Documents/maya/texture test.png
 - E:\Users\Mandy\Documents\HauntedModelFiles\ReceptionDesk DONE/..\..\..\texture test.png
 - E:\Users\Mandy\Documents\HauntedModelFiles\ReceptionDesk DONE/texture test.png
[2016.04.15-05.11.57:617][166]LogMaterial: Missing cached shader map for material lambert2, compiling. 
[2016.04.15-05.11.57:717][166]LogStaticMesh: Building static mesh ReceptionDesk...
[2016.04.15-05.11.57:849][166]LogStaticMesh: Built static mesh [0.131586.2s] /Game/Hotel/Art/Models/ReceptionDesk/ReceptionDesk.ReceptionDesk
[2016.04.15-05.11.57:897][166]FBXImport:Warning: Warning Warning: No smoothing group information was found in this FBX scene.  Please make sure to enable the 'Export Smoothing Groups' option in the FBX Exporter plug-in before exporting the file.  Even for tools that don't support smoothing groups, the FBX Exporter will generate appropriate smoothing data at export-time so that correct vertex normals can be inferred while importing. 
[2016.04.15-05.12.09:328][165]LogSavePackage: Save=11.819379ms
[2016.04.15-05.12.09:328][165]LogSavePackage: Moving '../../../../../../Users/Mandy/Documents/GitHub/HotelBete/Saved/ReceptionDeskMat526B265E431F9ECE1FDA3DA363E5EBB0.tmp' to '../../../../../../Users/Mandy/Documents/GitHub/HotelBete/Content/Hotel/Art/Models/ReceptionDesk/ReceptionDeskMat.uasset'
[2016.04.15-05.12.09:330][165]LogSavePackage: Total save time: 13.160400ms
[2016.04.15-05.12.09:330][165]LogSavePackage:Display: Finished SavePackage ../../../../../../Users/Mandy/Documents/GitHub/HotelBete/Content/Hotel/Art/Models/ReceptionDesk/ReceptionDeskMat.uasset
[2016.04.15-05.12.09:425][165]LogParticles: Destroying 0 GPU particle simulations for FXSystem 0x0000000040D814E0
[2016.04.15-05.13.04:740][ 16]LogFactory: FactoryCreateBinary: StaticMesh with FbxFactory (0 0 E:\Users\Mandy\Documents\HauntedModelFiles\Briefcase DONE\BriefcaseBottom.FBX)
[2016.04.15-05.13.04:776][ 16]LogFbx: ItemName: GlobalSettings, ItemCount : 1
[2016.04.15-05.13.04:776][ 16]LogFbx: ItemName: AnimationStack, ItemCount : 1
[2016.04.15-05.13.04:776][ 16]LogFbx: ItemName: AnimationLayer, ItemCount : 1
[2016.04.15-05.13.04:776][ 16]LogFbx: ItemName: Model, ItemCount : 1
[2016.04.15-05.13.04:776][ 16]LogFbx: ItemName: Geometry, ItemCount : 1
[2016.04.15-05.13.04:776][ 16]LogFbx: ItemName: Material, ItemCount : 2
[2016.04.15-05.13.04:776][ 16]LogFbx: ItemName: Texture, ItemCount : 2
[2016.04.15-05.13.04:776][ 16]LogFbx: ItemName: Video, ItemCount : 2
[2016.04.15-05.13.04:843][ 16]LogFbx: Loading FBX Scene from E:\Users\Mandy\Documents\HauntedModelFiles\Briefcase DONE\BriefcaseBottom.FBX
[2016.04.15-05.13.04:918][ 16]LogFbx: FBX Scene Loaded Succesfully
[2016.04.15-05.13.06:285][ 16]LogFbx: Loading FBX Scene from E:\Users\Mandy\Documents\HauntedModelFiles\Briefcase DONE\BriefcaseBottom.FBX
[2016.04.15-05.13.06:361][ 16]LogFbx: FBX Scene Loaded Succesfully
[2016.04.15-05.13.06:383][ 16]LogLinker:Warning: Can't find file '/Game/Hotel/Art/Models/Briefcase/lambert3'
[2016.04.15-05.13.06:384][ 16]LogLinker:Warning: Can't find file '/Game/Hotel/Art/Models/Briefcase/lambert3'
[2016.04.15-05.13.06:385][ 16]LogLinker:Warning: Can't find file '/Game/Hotel/Art/Models/Briefcase/texture_test'
[2016.04.15-05.13.06:385][ 16]LogLinker:Warning: Can't find file '/Game/Hotel/Art/Models/Briefcase/texture_test'
[2016.04.15-05.13.06:385][ 16]LogUObjectGlobals:Warning: Failed to find object 'Texture /Game/Hotel/Art/Models/Briefcase/texture_test.texture_test'
[2016.04.15-05.13.06:385][ 16]LogStreaming:Warning: Failed to read file 'C:\Users\jcc44_000\Documents\maya\texture test.png' error.
[2016.04.15-05.13.06:386][ 16]LogStreaming:Warning: Failed to read file 'E:\Users\Mandy\Documents\HauntedModelFiles\Briefcase DONE/C:\Users\jcc44_000\Documents\maya\texture test.png' error.
[2016.04.15-05.13.06:386][ 16]LogStreaming:Warning: Failed to read file 'E:\Users\Mandy\Documents\HauntedModelFiles\Briefcase DONE/texture test.png' error.
[2016.04.15-05.13.06:386][ 16]LogFbxMaterialImport:Warning: Unable to find TEXTure file texture test.png. Tried:
 - C:\Users\jcc44_000\Documents\maya\texture test.png
 - E:\Users\Mandy\Documents\HauntedModelFiles\Briefcase DONE/C:\Users\jcc44_000\Documents\maya\texture test.png
 - E:\Users\Mandy\Documents\HauntedModelFiles\Briefcase DONE/texture test.png
[2016.04.15-05.13.06:393][ 16]LogMaterial: Missing cached shader map for material lambert3, compiling. 
[2016.04.15-05.13.06:408][ 16]LogLinker:Warning: Can't find file '/Game/Hotel/Art/Models/Briefcase/lambert2'
[2016.04.15-05.13.06:408][ 16]LogLinker:Warning: Can't find file '/Game/Hotel/Art/Models/Briefcase/lambert2'
[2016.04.15-05.13.06:409][ 16]LogLinker:Warning: Can't find file '/Game/Hotel/Art/Models/Briefcase/texture_test'
[2016.04.15-05.13.06:409][ 16]LogUObjectGlobals:Warning: Failed to find object 'Texture /Game/Hotel/Art/Models/Briefcase/texture_test.texture_test'
[2016.04.15-05.13.06:409][ 16]LogStreaming:Warning: Failed to read file 'C:\Users\jcc44_000\Documents\maya\texture test.png' error.
[2016.04.15-05.13.06:410][ 16]LogStreaming:Warning: Failed to read file 'E:\Users\Mandy\Documents\HauntedModelFiles\Briefcase DONE/C:\Users\jcc44_000\Documents\maya\texture test.png' error.
[2016.04.15-05.13.06:410][ 16]LogStreaming:Warning: Failed to read file 'E:\Users\Mandy\Documents\HauntedModelFiles\Briefcase DONE/texture test.png' error.
[2016.04.15-05.13.06:410][ 16]LogFbxMaterialImport:Warning: Unable to find TEXTure file texture test.png. Tried:
 - C:\Users\jcc44_000\Documents\maya\texture test.png
 - E:\Users\Mandy\Documents\HauntedModelFiles\Briefcase DONE/C:\Users\jcc44_000\Documents\maya\texture test.png
 - E:\Users\Mandy\Documents\HauntedModelFiles\Briefcase DONE/texture test.png
[2016.04.15-05.13.06:419][ 16]LogMaterial: Missing cached shader map for material lambert2, compiling. 
[2016.04.15-05.13.06:593][ 16]LogStaticMesh: Building static mesh BriefcaseBottom...
[2016.04.15-05.13.06:674][ 16]LogStaticMesh: Built static mesh [0.233973.2s] /Game/Hotel/Art/Models/Briefcase/BriefcaseBottom.BriefcaseBottom
[2016.04.15-05.13.06:689][ 16]FBXImport:Warning: Warning Warning: No smoothing group information was found in this FBX scene.  Please make sure to enable the 'Export Smoothing Groups' option in the FBX Exporter plug-in before exporting the file.  Even for tools that don't support smoothing groups, the FBX Exporter will generate appropriate smoothing data at export-time so that correct vertex normals can be inferred while importing. 
[2016.04.15-05.13.55:815][504]LogFactory: FactoryCreateBinary: StaticMesh with FbxFactory (0 0 E:\Users\Mandy\Documents\HauntedModelFiles\Stove,_Cast_Iron DONE\Stove.fbx)
[2016.04.15-05.13.55:829][504]LogFbx: ItemName: GlobalSettings, ItemCount : 1
[2016.04.15-05.13.55:829][504]LogFbx: ItemName: AnimationStack, ItemCount : 1
[2016.04.15-05.13.55:829][504]LogFbx: ItemName: AnimationLayer, ItemCount : 1
[2016.04.15-05.13.55:829][504]LogFbx: ItemName: Geometry, ItemCount : 2
[2016.04.15-05.13.55:829][504]LogFbx: ItemName: Material, ItemCount : 1
[2016.04.15-05.13.55:829][504]LogFbx: ItemName: Texture, ItemCount : 1
[2016.04.15-05.13.55:829][504]LogFbx: ItemName: Model, ItemCount : 2
[2016.04.15-05.13.55:829][504]LogFbx: ItemName: Video, ItemCount : 1
[2016.04.15-05.13.55:898][504]LogFbx: Loading FBX Scene from E:\Users\Mandy\Documents\HauntedModelFiles\Stove,_Cast_Iron DONE\Stove.fbx
[2016.04.15-05.13.55:974][504]LogFbx: FBX Scene Loaded Succesfully
[2016.04.15-05.13.58:184][504]LogFbx: Loading FBX Scene from E:\Users\Mandy\Documents\HauntedModelFiles\Stove,_Cast_Iron DONE\Stove.fbx
[2016.04.15-05.13.58:259][504]LogFbx: FBX Scene Loaded Succesfully
[2016.04.15-05.13.58:282][504]LogLinker:Warning: Can't find file '/Game/Hotel/Art/Models/Stove/lambert2'
[2016.04.15-05.13.58:282][504]LogLinker:Warning: Can't find file '/Game/Hotel/Art/Models/Stove/lambert2'
[2016.04.15-05.13.58:284][504]LogLinker:Warning: Can't find file '/Game/Hotel/Art/Models/Stove/texture_test'
[2016.04.15-05.13.58:284][504]LogLinker:Warning: Can't find file '/Game/Hotel/Art/Models/Stove/texture_test'
[2016.04.15-05.13.58:284][504]LogUObjectGlobals:Warning: Failed to find object 'Texture /Game/Hotel/Art/Models/Stove/texture_test.texture_test'
[2016.04.15-05.13.58:284][504]LogStreaming:Warning: Failed to read file 'C:/Users/jcc44_000/Documents/maya/texture test.png' error.
[2016.04.15-05.13.58:284][504]LogStreaming:Warning: Failed to read file 'E:\Users\Mandy\Documents\HauntedModelFiles\Stove,_Cast_Iron DONE/..\..\..\texture test.png' error.
[2016.04.15-05.13.58:284][504]LogStreaming:Warning: Failed to read file 'E:\Users\Mandy\Documents\HauntedModelFiles\Stove,_Cast_Iron DONE/texture test.png' error.
[2016.04.15-05.13.58:284][504]LogFbxMaterialImport:Warning: Unable to find TEXTure file texture test.png. Tried:
 - C:/Users/jcc44_000/Documents/maya/texture test.png
 - E:\Users\Mandy\Documents\HauntedModelFiles\Stove,_Cast_Iron DONE/..\..\..\texture test.png
 - E:\Users\Mandy\Documents\HauntedModelFiles\Stove,_Cast_Iron DONE/texture test.png
[2016.04.15-05.13.58:291][504]LogMaterial: Missing cached shader map for material lambert2, compiling. 
[2016.04.15-05.13.58:311][504]LogStaticMesh: Building static mesh Stove...
[2016.04.15-05.13.58:333][504]LogStaticMesh: Built static mesh [0.022022.2s] /Game/Hotel/Art/Models/Stove/Stove.Stove
[2016.04.15-05.13.58:349][504]FBXImport:Warning: Warning Warning: No smoothing group information was found in this FBX scene.  Please make sure to enable the 'Export Smoothing Groups' option in the FBX Exporter plug-in before exporting the file.  Even for tools that don't support smoothing groups, the FBX Exporter will generate appropriate smoothing data at export-time so that correct vertex normals can be inferred while importing. 
[2016.04.15-05.14.08:142][ 84]Cmd: OBJ SAVEPACKAGE PACKAGE="/Game/Hotel/Art/Models/Stove/StoveMat" FILE="../../../../../../Users/Mandy/Documents/GitHub/HotelBete/Content/Hotel/Art/Models/Stove/StoveMat.uasset" SILENT=true
[2016.04.15-05.14.08:155][ 84]LogSavePackage: Save=12.111246ms
[2016.04.15-05.14.08:155][ 84]LogSavePackage: Moving '../../../../../../Users/Mandy/Documents/GitHub/HotelBete/Saved/StoveMatBF17EBE24B9442224DD921B3726DFBBA.tmp' to '../../../../../../Users/Mandy/Documents/GitHub/HotelBete/Content/Hotel/Art/Models/Stove/StoveMat.uasset'
[2016.04.15-05.14.08:156][ 84]LogSavePackage: Total save time: 13.468891ms
[2016.04.15-05.14.08:156][ 84]LogSavePackage:Display: Finished SavePackage ../../../../../../Users/Mandy/Documents/GitHub/HotelBete/Content/Hotel/Art/Models/Stove/StoveMat.uasset
[2016.04.15-05.14.48:503][546]LogFactory: FactoryCreateBinary: StaticMesh with FbxFactory (0 0 E:\Users\Mandy\Documents\HauntedModelFiles\TestTube DONE\TestTube.fbx)
[2016.04.15-05.14.48:545][546]LogFbx: ItemName: GlobalSettings, ItemCount : 1
[2016.04.15-05.14.48:545][546]LogFbx: ItemName: AnimationStack, ItemCount : 1
[2016.04.15-05.14.48:545][546]LogFbx: ItemName: AnimationLayer, ItemCount : 1
[2016.04.15-05.14.48:545][546]LogFbx: ItemName: NodeAttribute, ItemCount : 1
[2016.04.15-05.14.48:545][546]LogFbx: ItemName: Model, ItemCount : 3
[2016.04.15-05.14.48:545][546]LogFbx: ItemName: Geometry, ItemCount : 2
[2016.04.15-05.14.48:545][546]LogFbx: ItemName: Material, ItemCount : 2
[2016.04.15-05.14.48:545][546]LogFbx: ItemName: Texture, ItemCount : 1
[2016.04.15-05.14.48:545][546]LogFbx: ItemName: Video, ItemCount : 1
[2016.04.15-05.14.48:622][546]LogFbx: Loading FBX Scene from E:\Users\Mandy\Documents\HauntedModelFiles\TestTube DONE\TestTube.fbx
[2016.04.15-05.14.48:699][546]LogFbx: FBX Scene Loaded Succesfully
[2016.04.15-05.14.50:477][546]LogFbx: Loading FBX Scene from E:\Users\Mandy\Documents\HauntedModelFiles\TestTube DONE\TestTube.fbx
[2016.04.15-05.14.50:554][546]LogFbx: FBX Scene Loaded Succesfully
[2016.04.15-05.14.50:576][546]LogLinker:Warning: Can't find file '/Game/Hotel/Art/Models/TestTube/glasstransparent1'
[2016.04.15-05.14.50:577][546]LogLinker:Warning: Can't find file '/Game/Hotel/Art/Models/TestTube/glasstransparent1'
[2016.04.15-05.14.50:591][546]LogMaterial: Missing cached shader map for material glasstransparent1, compiling. 
[2016.04.15-05.14.50:638][546]LogLinker:Warning: Can't find file '/Game/Hotel/Art/Models/TestTube/lambert2'
[2016.04.15-05.14.50:640][546]LogLinker:Warning: Can't find file '/Game/Hotel/Art/Models/TestTube/lambert2'
[2016.04.15-05.14.50:641][546]LogLinker:Warning: Can't find file '/Game/Hotel/Art/Models/TestTube/texture_test'
[2016.04.15-05.14.50:642][546]LogLinker:Warning: Can't find file '/Game/Hotel/Art/Models/TestTube/texture_test'
[2016.04.15-05.14.50:642][546]LogUObjectGlobals:Warning: Failed to find object 'Texture /Game/Hotel/Art/Models/TestTube/texture_test.texture_test'
[2016.04.15-05.14.50:642][546]LogStreaming:Warning: Failed to read file 'C:/Users/jcc44_000/Documents/maya/texture test.png' error.
[2016.04.15-05.14.50:642][546]LogStreaming:Warning: Failed to read file 'E:\Users\Mandy\Documents\HauntedModelFiles\TestTube DONE/..\..\..\texture test.png' error.
[2016.04.15-05.14.50:642][546]LogStreaming:Warning: Failed to read file 'E:\Users\Mandy\Documents\HauntedModelFiles\TestTube DONE/texture test.png' error.
[2016.04.15-05.14.50:642][546]LogFbxMaterialImport:Warning: Unable to find TEXTure file texture test.png. Tried:
 - C:/Users/jcc44_000/Documents/maya/texture test.png
 - E:\Users\Mandy\Documents\HauntedModelFiles\TestTube DONE/..\..\..\texture test.png
 - E:\Users\Mandy\Documents\HauntedModelFiles\TestTube DONE/texture test.png
[2016.04.15-05.14.50:650][546]LogMaterial: Missing cached shader map for material lambert2, compiling. 
[2016.04.15-05.14.50:682][546]LogStaticMesh: Building static mesh TestTube...
[2016.04.15-05.14.50:695][546]LogStaticMesh: Built static mesh [0.013041.2s] /Game/Hotel/Art/Models/TestTube/TestTube.TestTube
[2016.04.15-05.14.50:706][546]FBXImport:Warning: Warning Warning: No smoothing group information was found in this FBX scene.  Please make sure to enable the 'Export Smoothing Groups' option in the FBX Exporter plug-in before exporting the file.  Even for tools that don't support smoothing groups, the FBX Exporter will generate appropriate smoothing data at export-time so that correct vertex normals can be inferred while importing. 
[2016.04.15-05.15.03:375][349]Cmd: OBJ SAVEPACKAGE PACKAGE="/Game/Hotel/Art/Models/TestTube/Stand" FILE="../../../../../../Users/Mandy/Documents/GitHub/HotelBete/Content/Hotel/Art/Models/TestTube/Stand.uasset" SILENT=true
[2016.04.15-05.15.03:391][349]LogSavePackage: Save=14.767380ms
[2016.04.15-05.15.03:391][349]LogSavePackage: Moving '../../../../../../Users/Mandy/Documents/GitHub/HotelBete/Saved/Stand722A42BD4C76A247DDD5669DFA247EC2.tmp' to '../../../../../../Users/Mandy/Documents/GitHub/HotelBete/Content/Hotel/Art/Models/TestTube/Stand.uasset'
[2016.04.15-05.15.03:392][349]LogSavePackage: Total save time: 16.254582ms
[2016.04.15-05.15.03:393][349]LogSavePackage:Display: Finished SavePackage ../../../../../../Users/Mandy/Documents/GitHub/HotelBete/Content/Hotel/Art/Models/TestTube/Stand.uasset
[2016.04.15-05.15.13:607][114]Cmd: OBJ SAVEPACKAGE PACKAGE="/Game/Hotel/Art/Models/TestTube/TestTubeMat" FILE="../../../../../../Users/Mandy/Documents/GitHub/HotelBete/Content/Hotel/Art/Models/TestTube/TestTubeMat.uasset" SILENT=true
[2016.04.15-05.15.13:621][114]LogSavePackage: Save=12.535112ms
[2016.04.15-05.15.13:621][114]LogSavePackage: Moving '../../../../../../Users/Mandy/Documents/GitHub/HotelBete/Saved/TestTubeMat07957C234A98FA05E3ACEFB3282FE15A.tmp' to '../../../../../../Users/Mandy/Documents/GitHub/HotelBete/Content/Hotel/Art/Models/TestTube/TestTubeMat.uasset'
[2016.04.15-05.15.13:622][114]LogSavePackage: Total save time: 13.959736ms
[2016.04.15-05.15.13:622][114]LogSavePackage:Display: Finished SavePackage ../../../../../../Users/Mandy/Documents/GitHub/HotelBete/Content/Hotel/Art/Models/TestTube/TestTubeMat.uasset
[2016.04.15-05.15.40:868][313]LogFactory: FactoryCreateBinary: StaticMesh with FbxFactory (0 0 E:\Users\Mandy\Documents\HauntedModelFiles\Stool DONE\Stool.fbx)
[2016.04.15-05.15.40:891][313]LogFbx: ItemName: GlobalSettings, ItemCount : 1
[2016.04.15-05.15.40:891][313]LogFbx: ItemName: AnimationStack, ItemCount : 1
[2016.04.15-05.15.40:891][313]LogFbx: ItemName: AnimationLayer, ItemCount : 1
[2016.04.15-05.15.40:891][313]LogFbx: ItemName: NodeAttribute, ItemCount : 14
[2016.04.15-05.15.40:891][313]LogFbx: ItemName: Model, ItemCount : 15
[2016.04.15-05.15.40:891][313]LogFbx: ItemName: Geometry, ItemCount : 1
[2016.04.15-05.15.40:891][313]LogFbx: ItemName: Material, ItemCount : 1
[2016.04.15-05.15.40:959][313]LogFbx: Loading FBX Scene from E:\Users\Mandy\Documents\HauntedModelFiles\Stool DONE\Stool.fbx
[2016.04.15-05.15.41:054][313]LogFbx: FBX Scene Loaded Succesfully
[2016.04.15-05.15.42:373][313]LogFbx: Loading FBX Scene from E:\Users\Mandy\Documents\HauntedModelFiles\Stool DONE\Stool.fbx
[2016.04.15-05.15.42:468][313]LogFbx: FBX Scene Loaded Succesfully
[2016.04.15-05.15.42:492][313]LogLinker:Warning: Can't find file '/Game/Hotel/Art/Models/Stool/brown1'
[2016.04.15-05.15.42:492][313]LogLinker:Warning: Can't find file '/Game/Hotel/Art/Models/Stool/brown1'
[2016.04.15-05.15.42:501][313]LogMaterial: Missing cached shader map for material brown1, compiling. 
[2016.04.15-05.15.42:521][313]LogStaticMesh: Building static mesh Stool...
[2016.04.15-05.15.42:534][313]LogStaticMesh: Built static mesh [0.012426.2s] /Game/Hotel/Art/Models/Stool/Stool.Stool
[2016.04.15-05.15.42:580][313]FBXImport:Warning: Warning Warning: No smoothing group information was found in this FBX scene.  Please make sure to enable the 'Export Smoothing Groups' option in the FBX Exporter plug-in before exporting the file.  Even for tools that don't support smoothing groups, the FBX Exporter will generate appropriate smoothing data at export-time so that correct vertex normals can be inferred while importing. 
[2016.04.15-05.15.52:705][215]Cmd: OBJ SAVEPACKAGE PACKAGE="/Game/Hotel/Art/Models/Stool/StoolMat" FILE="../../../../../../Users/Mandy/Documents/GitHub/HotelBete/Content/Hotel/Art/Models/Stool/StoolMat.uasset" SILENT=true
[2016.04.15-05.15.52:720][215]LogSavePackage: Save=14.196846ms
[2016.04.15-05.15.52:720][215]LogSavePackage: Moving '../../../../../../Users/Mandy/Documents/GitHub/HotelBete/Saved/StoolMatB60630E441A5863693DC9C9768B7381F.tmp' to '../../../../../../Users/Mandy/Documents/GitHub/HotelBete/Content/Hotel/Art/Models/Stool/StoolMat.uasset'
[2016.04.15-05.15.52:722][215]LogSavePackage: Total save time: 15.535913ms
[2016.04.15-05.15.52:722][215]LogSavePackage:Display: Finished SavePackage ../../../../../../Users/Mandy/Documents/GitHub/HotelBete/Content/Hotel/Art/Models/Stool/StoolMat.uasset
[2016.04.15-05.15.54:402][375]LogSavePackage: Save=12.048668ms
[2016.04.15-05.15.54:402][375]LogSavePackage: Moving '../../../../../../Users/Mandy/Documents/GitHub/HotelBete/Saved/ReceptionDesk08F353AF4B3A444B283C41909B952D11.tmp' to '../../../../../../Users/Mandy/Documents/GitHub/HotelBete/Content/Hotel/Art/Models/ReceptionDesk/ReceptionDesk.uasset'
[2016.04.15-05.15.54:403][375]LogSavePackage: Total save time: 13.341289ms
[2016.04.15-05.15.54:403][375]LogSavePackage:Display: Finished SavePackage ../../../../../../Users/Mandy/Documents/GitHub/HotelBete/Content/Hotel/Art/Models/ReceptionDesk/ReceptionDesk.uasset
[2016.04.15-05.15.54:414][375]LogSavePackage: Save=1.165511ms
[2016.04.15-05.15.54:414][375]LogSavePackage: Moving '../../../../../../Users/Mandy/Documents/GitHub/HotelBete/Saved/lambert24B7E15454B44E734A0814A926844CD8C.tmp' to '../../../../../../Users/Mandy/Documents/GitHub/HotelBete/Content/Hotel/Art/Models/ReceptionDesk/lambert2.uasset'
[2016.04.15-05.15.54:415][375]LogSavePackage: Total save time: 2.453245ms
[2016.04.15-05.15.54:415][375]LogSavePackage:Display: Finished SavePackage ../../../../../../Users/Mandy/Documents/GitHub/HotelBete/Content/Hotel/Art/Models/ReceptionDesk/lambert2.uasset
[2016.04.15-05.15.54:446][375]Cmd: OBJ SAVEPACKAGE PACKAGE="/Game/Hotel/Art/Models/Stove/Stove" FILE="../../../../../../Users/Mandy/Documents/GitHub/HotelBete/Content/Hotel/Art/Models/Stove/Stove.uasset" SILENT=true
[2016.04.15-05.15.54:459][375]LogSavePackage: Save=12.356668ms
[2016.04.15-05.15.54:459][375]LogSavePackage: Moving '../../../../../../Users/Mandy/Documents/GitHub/HotelBete/Saved/Stove04A60DAA44D948C82000BD92E5865401.tmp' to '../../../../../../Users/Mandy/Documents/GitHub/HotelBete/Content/Hotel/Art/Models/Stove/Stove.uasset'
[2016.04.15-05.15.54:460][375]LogSavePackage: Total save time: 13.701603ms
[2016.04.15-05.15.54:460][375]LogSavePackage:Display: Finished SavePackage ../../../../../../Users/Mandy/Documents/GitHub/HotelBete/Content/Hotel/Art/Models/Stove/Stove.uasset
[2016.04.15-05.15.54:468][375]Cmd: OBJ SAVEPACKAGE PACKAGE="/Game/Hotel/Art/Models/Stove/lambert2" FILE="../../../../../../Users/Mandy/Documents/GitHub/HotelBete/Content/Hotel/Art/Models/Stove/lambert2.uasset" SILENT=true
[2016.04.15-05.15.54:471][375]LogSavePackage: Save=1.220756ms
[2016.04.15-05.15.54:471][375]LogSavePackage: Moving '../../../../../../Users/Mandy/Documents/GitHub/HotelBete/Saved/lambert21C9D49784BD3B323C30AA38A6302A843.tmp' to '../../../../../../Users/Mandy/Documents/GitHub/HotelBete/Content/Hotel/Art/Models/Stove/lambert2.uasset'
[2016.04.15-05.15.54:472][375]LogSavePackage: Total save time: 2.476711ms
[2016.04.15-05.15.54:472][375]LogSavePackage:Display: Finished SavePackage ../../../../../../Users/Mandy/Documents/GitHub/HotelBete/Content/Hotel/Art/Models/Stove/lambert2.uasset
[2016.04.15-05.15.54:502][375]Cmd: OBJ SAVEPACKAGE PACKAGE="/Game/Hotel/Art/Models/TestTube/TestTube" FILE="../../../../../../Users/Mandy/Documents/GitHub/HotelBete/Content/Hotel/Art/Models/TestTube/TestTube.uasset" SILENT=true
[2016.04.15-05.15.54:515][375]LogSavePackage: Save=11.879024ms
[2016.04.15-05.15.54:515][375]LogSavePackage: Moving '../../../../../../Users/Mandy/Documents/GitHub/HotelBete/Saved/TestTube5A77DEA743FE7864E6AC19A62415B173.tmp' to '../../../../../../Users/Mandy/Documents/GitHub/HotelBete/Content/Hotel/Art/Models/TestTube/TestTube.uasset'
[2016.04.15-05.15.54:516][375]LogSavePackage: Total save time: 13.206359ms
[2016.04.15-05.15.54:516][375]LogSavePackage:Display: Finished SavePackage ../../../../../../Users/Mandy/Documents/GitHub/HotelBete/Content/Hotel/Art/Models/TestTube/TestTube.uasset
[2016.04.15-05.15.54:530][375]LogSavePackage: Save=1.245689ms
[2016.04.15-05.15.54:530][375]LogSavePackage: Moving '../../../../../../Users/Mandy/Documents/GitHub/HotelBete/Saved/glasstransparent1C32707FF4E92A330B66D8F87CD1A2201.tmp' to '../../../../../../Users/Mandy/Documents/GitHub/HotelBete/Content/Hotel/Art/Models/TestTube/glasstransparent1.uasset'
[2016.04.15-05.15.54:531][375]LogSavePackage: Total save time: 2.631202ms
[2016.04.15-05.15.54:531][375]LogSavePackage:Display: Finished SavePackage ../../../../../../Users/Mandy/Documents/GitHub/HotelBete/Content/Hotel/Art/Models/TestTube/glasstransparent1.uasset
[2016.04.15-05.15.54:539][375]Cmd: OBJ SAVEPACKAGE PACKAGE="/Game/Hotel/Art/Models/TestTube/lambert2" FILE="../../../../../../Users/Mandy/Documents/GitHub/HotelBete/Content/Hotel/Art/Models/TestTube/lambert2.uasset" SILENT=true
[2016.04.15-05.15.54:541][375]LogSavePackage: Save=1.386489ms
[2016.04.15-05.15.54:541][375]LogSavePackage: Moving '../../../../../../Users/Mandy/Documents/GitHub/HotelBete/Saved/lambert2E024A9A645A2D2F0AECF749958642ACF.tmp' to '../../../../../../Users/Mandy/Documents/GitHub/HotelBete/Content/Hotel/Art/Models/TestTube/lambert2.uasset'
[2016.04.15-05.15.54:542][375]LogSavePackage: Total save time: 2.720665ms
[2016.04.15-05.15.54:542][375]LogSavePackage:Display: Finished SavePackage ../../../../../../Users/Mandy/Documents/GitHub/HotelBete/Content/Hotel/Art/Models/TestTube/lambert2.uasset
[2016.04.15-05.15.54:572][375]Cmd: OBJ SAVEPACKAGE PACKAGE="/Game/Hotel/Art/Models/Stool/Stool" FILE="../../../../../../Users/Mandy/Documents/GitHub/HotelBete/Content/Hotel/Art/Models/Stool/Stool.uasset" SILENT=true
[2016.04.15-05.15.54:585][375]LogSavePackage: Save=11.584713ms
[2016.04.15-05.15.54:585][375]LogSavePackage: Moving '../../../../../../Users/Mandy/Documents/GitHub/HotelBete/Saved/StoolFEC958EF45F95AB4C46E5EB85C44C3A5.tmp' to '../../../../../../Users/Mandy/Documents/GitHub/HotelBete/Content/Hotel/Art/Models/Stool/Stool.uasset'
[2016.04.15-05.15.54:586][375]LogSavePackage: Total save time: 12.911066ms
[2016.04.15-05.15.54:586][375]LogSavePackage:Display: Finished SavePackage ../../../../../../Users/Mandy/Documents/GitHub/HotelBete/Content/Hotel/Art/Models/Stool/Stool.uasset
[2016.04.15-05.15.54:597][375]Cmd: OBJ SAVEPACKAGE PACKAGE="/Game/Hotel/Art/Models/Stool/brown1" FILE="../../../../../../Users/Mandy/Documents/GitHub/HotelBete/Content/Hotel/Art/Models/Stool/brown1.uasset" SILENT=true
[2016.04.15-05.15.54:600][375]LogSavePackage: Save=1.239822ms
[2016.04.15-05.15.54:600][375]LogSavePackage: Moving '../../../../../../Users/Mandy/Documents/GitHub/HotelBete/Saved/brown164F3ABC941DD649E49FD769DC3A2D57D.tmp' to '../../../../../../Users/Mandy/Documents/GitHub/HotelBete/Content/Hotel/Art/Models/Stool/brown1.uasset'
[2016.04.15-05.15.54:601][375]LogSavePackage: Total save time: 2.653200ms
[2016.04.15-05.15.54:601][375]LogSavePackage:Display: Finished SavePackage ../../../../../../Users/Mandy/Documents/GitHub/HotelBete/Content/Hotel/Art/Models/Stool/brown1.uasset
[2016.04.15-05.15.56:402][534]Cmd: QUIT_EDITOR
[2016.04.15-05.15.56:684][534]LogExit: Preparing to exit.
[2016.04.15-05.15.57:237][534]LogExit: Editor shut down
[2016.04.15-05.15.57:239][534]LogExit: Transaction tracking system shut down
[2016.04.15-05.15.57:314][534]LogParticles: Destroying 0 GPU particle simulations for FXSystem 0x000000001916A7A0
[2016.04.15-05.15.57:314][534]LogParticles: Destroying 0 GPU particle simulations for FXSystem 0x00000000169B2520
[2016.04.15-05.15.57:314][534]LogParticles: Destroying 0 GPU particle simulations for FXSystem 0x0000000040782840
[2016.04.15-05.15.57:338][534]LogParticles: Destroying 0 GPU particle simulations for FXSystem 0x00000000169B3060
[2016.04.15-05.15.57:339][534]LogParticles: Destroying 0 GPU particle simulations for FXSystem 0x0000000070E9BCE0
[2016.04.15-05.15.57:339][534]LogParticles: Destroying 0 GPU particle simulations for FXSystem 0x0000000070D09260
[2016.04.15-05.15.57:754][534]LogExit: Object subsystem successfully closed.
[2016.04.15-05.15.57:793][534]LogD3D11RHI: Shutdown
[2016.04.15-05.15.57:793][534]LogD3D11RHI: CleanupD3DDevice
[2016.04.15-05.15.58:086][534]LogD3D11RHI: ~FD3D11DynamicRHI
[2016.04.15-05.15.58:291][534]LogModuleManager: Shutting down and abandoning module CookingStats (203)
[2016.04.15-05.15.58:291][534]LogModuleManager: Shutting down and abandoning module StaticMeshEditor (202)
[2016.04.15-05.15.58:291][534]LogModuleManager: Shutting down and abandoning module SynthBenchmark (201)
[2016.04.15-05.15.58:291][534]LogModuleManager: Shutting down and abandoning module CrashTracker (200)
[2016.04.15-05.15.58:291][534]LogModuleManager: Shutting down and abandoning module SceneOutliner (199)
[2016.04.15-05.15.58:291][534]LogModuleManager: Shutting down and abandoning module SuperSearch (198)
[2016.04.15-05.15.58:291][534]LogModuleManager: Shutting down and abandoning module WidgetCarousel (197)
[2016.04.15-05.15.58:291][534]LogModuleManager: Shutting down and abandoning module AddContentDialog (196)
[2016.04.15-05.15.58:294][534]LogModuleManager: Shutting down and abandoning module EditorWidgets (195)
[2016.04.15-05.15.58:294][534]LogModuleManager: Shutting down and abandoning module CollectionManager (194)
[2016.04.15-05.15.58:294][534]LogModuleManager: Shutting down and abandoning module StatsViewer (193)
[2016.04.15-05.15.58:294][534]LogModuleManager: Shutting down and abandoning module FoliageEdit (192)
[2016.04.15-05.15.58:294][534]LogModuleManager: Shutting down and abandoning module LandscapeEditor (191)
[2016.04.15-05.15.58:295][534]LogModuleManager: Shutting down and abandoning module ActorPickerMode (190)
[2016.04.15-05.15.58:295][534]LogModuleManager: Shutting down and abandoning module GeometryMode (189)
[2016.04.15-05.15.58:295][534]LogModuleManager: Shutting down and abandoning module TextureAlignMode (188)
[2016.04.15-05.15.58:295][534]LogModuleManager: Shutting down and abandoning module BspMode (187)
[2016.04.15-05.15.58:295][534]LogModuleManager: Shutting down and abandoning module PlacementMode (186)
[2016.04.15-05.15.58:295][534]LogModuleManager: Shutting down and abandoning module AutomationWorker (185)
[2016.04.15-05.15.58:295][534]LogModuleManager: Shutting down and abandoning module CharacterAI (184)
[2016.04.15-05.15.58:295][534]LogModuleManager: Shutting down and abandoning module SmartSnapping (183)
[2016.04.15-05.15.58:295][534]LogModuleManager: Shutting down and abandoning module ViewportSnapping (182)
[2016.04.15-05.15.58:295][534]LogModuleManager: Shutting down and abandoning module LogVisualizer (181)
[2016.04.15-05.15.58:295][534]LogModuleManager: Shutting down and abandoning module GameProjectGeneration (180)
[2016.04.15-05.15.58:317][534]LogModuleManager: Shutting down and abandoning module IntroTutorials (179)
[2016.04.15-05.15.58:317][534]LogModuleManager: Shutting down and abandoning module EditorLiveStreaming (178)
[2016.04.15-05.15.58:317][534]LogModuleManager: Shutting down and abandoning module IOSPlatformEditor (177)
[2016.04.15-05.15.58:317][534]LogModuleManager: Shutting down and abandoning module HTML5PlatformEditor (176)
[2016.04.15-05.15.58:317][534]LogModuleManager: Shutting down and abandoning module AndroidDeviceDetection (175)
[2016.04.15-05.15.58:687][534]LogModuleManager: Shutting down and abandoning module AndroidPlatformEditor (174)
[2016.04.15-05.15.58:687][534]LogModuleManager: Shutting down and abandoning module IOSRuntimeSettings (173)
[2016.04.15-05.15.58:687][534]LogModuleManager: Shutting down and abandoning module AndroidRuntimeSettings (172)
[2016.04.15-05.15.58:687][534]LogModuleManager: Shutting down and abandoning module MergeActors (171)
[2016.04.15-05.15.58:687][534]LogModuleManager: Shutting down and abandoning module SizeMap (170)
[2016.04.15-05.15.58:687][534]LogModuleManager: Shutting down and abandoning module TreeMap (169)
[2016.04.15-05.15.58:687][534]LogModuleManager: Shutting down and abandoning module ReferenceViewer (168)
[2016.04.15-05.15.58:687][534]LogModuleManager: Shutting down and abandoning module LocalizationService (167)
[2016.04.15-05.15.58:687][534]LogModuleManager: Shutting down and abandoning module LocalizationDashboard (166)
[2016.04.15-05.15.58:705][534]LogModuleManager: Shutting down and abandoning module HardwareTargeting (165)
[2016.04.15-05.15.58:705][534]LogModuleManager: Shutting down and abandoning module DeviceProfileEditor (164)
[2016.04.15-05.15.58:705][534]LogModuleManager: Shutting down and abandoning module UndoHistory (163)
[2016.04.15-05.15.58:705][534]LogModuleManager: Shutting down and abandoning module GameplayTagsEditor (162)
[2016.04.15-05.15.58:705][534]LogModuleManager: Shutting down and abandoning module UserFeedback (161)
[2016.04.15-05.15.58:705][534]LogModuleManager: Shutting down and abandoning module XmlParser (160)
[2016.04.15-05.15.58:705][534]LogModuleManager: Shutting down and abandoning module Blutility (159)
[2016.04.15-05.15.58:706][534]LogModuleManager: Shutting down and abandoning module ProjectTargetPlatformEditor (158)
[2016.04.15-05.15.58:706][534]LogModuleManager: Shutting down and abandoning module ProjectSettingsViewer (157)
[2016.04.15-05.15.58:706][534]LogModuleManager: Shutting down and abandoning module InputBindingEditor (156)
[2016.04.15-05.15.58:717][534]LogModuleManager: Shutting down and abandoning module EditorSettingsViewer (155)
[2016.04.15-05.15.58:717][534]LogModuleManager: Shutting down and abandoning module SettingsEditor (154)
[2016.04.15-05.15.58:717][534]LogModuleManager: Shutting down and abandoning module ProjectLauncher (153)
[2016.04.15-05.15.58:728][534]LogModuleManager: Shutting down and abandoning module SessionFrontend (152)
[2016.04.15-05.15.58:728][534]LogModuleManager: Shutting down and abandoning module ProfilerClient (151)
[2016.04.15-05.15.58:756][534]LogModuleManager: Shutting down and abandoning module TargetDeviceServices (150)
[2016.04.15-05.15.58:757][534]LogModuleManager: Shutting down and abandoning module DeviceManager (149)
[2016.04.15-05.15.58:757][534]LogModuleManager: Shutting down and abandoning module AutomationController (148)
[2016.04.15-05.15.58:757][534]LogModuleManager: Shutting down and abandoning module AutomationWindow (147)
[2016.04.15-05.15.58:773][534]LogModuleManager: Shutting down and abandoning module Layers (146)
[2016.04.15-05.15.58:794][534]LogModuleManager: Shutting down and abandoning module ComponentVisualizers (145)
[2016.04.15-05.15.58:794][534]LogModuleManager: Shutting down and abandoning module DetailCustomizations (144)
[2016.04.15-05.15.58:794][534]LogModuleManager: Shutting down and abandoning module PackagesDialog (143)
[2016.04.15-05.15.58:794][534]LogModuleManager: Shutting down and abandoning module Persona (142)
[2016.04.15-05.15.58:814][534]LogModuleManager: Shutting down and abandoning module Kismet (141)
[2016.04.15-05.15.58:814][534]LogModuleManager: Shutting down and abandoning module GraphEditor (140)
[2016.04.15-05.15.58:829][534]LogModuleManager: Shutting down and abandoning module ClassViewer (139)
[2016.04.15-05.15.58:829][534]LogModuleManager: Shutting down and abandoning module Toolbox (138)
[2016.04.15-05.15.58:829][534]LogModuleManager: Shutting down and abandoning module ModuleUI (137)
[2016.04.15-05.15.58:858][534]LogModuleManager: Shutting down and abandoning module MovieSceneTools (136)
[2016.04.15-05.15.58:858][534]LogModuleManager: Shutting down and abandoning module OutputLog (135)
[2016.04.15-05.15.58:858][534]LogModuleManager: Shutting down and abandoning module GammaUI (134)
[2016.04.15-05.15.58:865][534]LogModuleManager: Shutting down and abandoning module Documentation (133)
[2016.04.15-05.15.58:865][534]LogModuleManager: Shutting down and abandoning module GameLiveStreaming (132)
[2016.04.15-05.15.58:865][534]LogModuleManager: Shutting down and abandoning module StreamingPauseRendering (131)
[2016.04.15-05.15.58:866][534]LogModuleManager: Shutting down and abandoning module AnalyticsET (130)
[2016.04.15-05.15.58:866][534]LogModuleManager: Shutting down and abandoning module Analytics (129)
[2016.04.15-05.15.58:866][534]LogModuleManager: Shutting down and abandoning module AITestSuite (128)
[2016.04.15-05.15.58:866][534]LogModuleManager: Shutting down and abandoning module GameplayDebugger (127)
[2016.04.15-05.15.58:866][534]LogModuleManager: Shutting down and abandoning module AIModule (126)
[2016.04.15-05.15.58:866][534]LogModuleManager: Shutting down and abandoning module ProfilerService (125)
[2016.04.15-05.15.59:002][534]LogModuleManager: Shutting down and abandoning module TaskGraph (124)
[2016.04.15-05.15.59:008][534]LogModuleManager: Shutting down and abandoning module SubstanceEditor (123)
[2016.04.15-05.15.59:021][534]LogModuleManager: Shutting down and abandoning module SlateRemote (122)
[2016.04.15-05.15.59:021][534]LogModuleManager: Shutting down and abandoning module SteamVRController (121)
[2016.04.15-05.15.59:021][534]LogModuleManager: Shutting down and abandoning module SteamVR (120)
[2016.04.15-05.15.59:021][534]LogModuleManager: Shutting down and abandoning module ProceduralMeshComponent (119)
[2016.04.15-05.15.59:021][534]LogModuleManager: Shutting down and abandoning module OculusLibrary (118)
[2016.04.15-05.15.59:021][534]LogModuleManager: Shutting down and abandoning module OculusInput (117)
[2016.04.15-05.15.59:021][534]LogModuleManager: Shutting down and abandoning module LeapMotionController (116)
[2016.04.15-05.15.59:040][534]LogModuleManager: Shutting down and abandoning module CustomMeshComponent (115)
[2016.04.15-05.15.59:040][534]LogModuleManager: Shutting down and abandoning module CableComponent (114)
[2016.04.15-05.15.59:040][534]LogModuleManager: Shutting down and abandoning module ArchVisCharacter (113)
[2016.04.15-05.15.59:040][534]LogModuleManager: Shutting down and abandoning module MessagingDebugger (112)
[2016.04.15-05.15.59:069][534]LogModuleManager: Shutting down and abandoning module MediaPlayerEditor (111)
[2016.04.15-05.15.59:080][534]LogModuleManager: Shutting down and abandoning module HTML5Networking (110)
[2016.04.15-05.15.59:080][534]LogModuleManager: Shutting down and abandoning module SpeedTreeImporter (109)
[2016.04.15-05.15.59:080][534]LogModuleManager: Shutting down and abandoning module PluginBrowser (108)
[2016.04.15-05.15.59:082][534]LogModuleManager: Shutting down and abandoning module EpicSurvey (107)
[2016.04.15-05.15.59:082][534]LogModuleManager: Shutting down and abandoning module DesktopPlatform (106)
[2016.04.15-05.15.59:082][534]LogModuleManager: Shutting down and abandoning module VisualStudioSourceCodeAccess (105)
[2016.04.15-05.15.59:082][534]LogModuleManager: Shutting down and abandoning module UObjectPlugin (104)
[2016.04.15-05.15.59:082][534]LogModuleManager: Shutting down and abandoning module SubversionSourceControl (103)
[2016.04.15-05.15.59:082][534]LogModuleManager: Shutting down and abandoning module PerforceSourceControl (102)
[2016.04.15-05.15.59:083][534]LogModuleManager: Shutting down and abandoning module SourceControl (101)
[2016.04.15-05.15.59:091][534]LogModuleManager: Shutting down and abandoning module GitSourceControl (100)
[2016.04.15-05.15.59:091][534]LogModuleManager: Shutting down and abandoning module LightPropagationVolumeEditor (99)
[2016.04.15-05.15.59:091][534]LogModuleManager: Shutting down and abandoning module PaperTiledImporter (98)
[2016.04.15-05.15.59:091][534]LogModuleManager: Shutting down and abandoning module PaperSpriteSheetImporter (97)
[2016.04.15-05.15.59:091][534]LogModuleManager: Shutting down and abandoning module MeshPaint (96)
[2016.04.15-05.15.59:091][534]LogModuleManager: Shutting down and abandoning module SlateReflector (95)
[2016.04.15-05.15.59:101][534]LogModuleManager: Shutting down and abandoning module HotReload (94)
[2016.04.15-05.15.59:101][534]LogModuleManager: Shutting down and abandoning module MainFrame (93)
[2016.04.15-05.15.59:102][534]LogModuleManager: Shutting down and abandoning module LevelEditor (92)
[2016.04.15-05.15.59:105][534]LogModuleManager: Shutting down and abandoning module ContentBrowser (91)
[2016.04.15-05.15.59:108][534]LogModuleManager: Shutting down and abandoning module Paper2DEditor (90)
[2016.04.15-05.15.59:123][534]LogModuleManager: Shutting down and abandoning module UdpMessaging (89)
[2016.04.15-05.15.59:223][534]LogModuleManager: Shutting down and abandoning module DirectoryWatcher (88)
[2016.04.15-05.15.59:225][534]LogModuleManager: Shutting down and abandoning module AssetRegistry (87)
[2016.04.15-05.15.59:351][534]LogModuleManager: Shutting down and abandoning module SubstanceCore (86)
[2016.04.15-05.15.59:361][534]LogModuleManager: Shutting down and abandoning module LightPropagationVolumeRuntime (85)
[2016.04.15-05.15.59:361][534]LogModuleManager: Shutting down and abandoning module Paper2D (84)
[2016.04.15-05.15.59:361][534]LogModuleManager: Shutting down and abandoning module WindowsMoviePlayer (83)
[2016.04.15-05.15.59:367][534]LogModuleManager: Shutting down and abandoning module Media (82)
[2016.04.15-05.15.59:367][534]LogModuleManager: Shutting down and abandoning module WmfMedia (81)
[2016.04.15-05.15.59:368][534]LogModuleManager: Shutting down and abandoning module OnlineBlueprintSupport (80)
[2016.04.15-05.15.59:368][534]LogModuleManager: Shutting down and abandoning module GameplayTasksEditor (79)
[2016.04.15-05.15.59:368][534]LogModuleManager: Shutting down and abandoning module PropertyEditor (78)
[2016.04.15-05.15.59:368][534]LogModuleManager: Shutting down and abandoning module BehaviorTreeEditor (77)
[2016.04.15-05.15.59:380][534]LogModuleManager: Shutting down and abandoning module FunctionalTesting (76)
[2016.04.15-05.15.59:380][534]LogModuleManager: Shutting down and abandoning module CollisionAnalyzer (75)
[2016.04.15-05.15.59:380][534]LogModuleManager: Shutting down and abandoning module WorkspaceMenuStructure (74)
[2016.04.15-05.15.59:380][534]LogModuleManager: Shutting down and abandoning module MessageLog (73)
[2016.04.15-05.15.59:380][534]LogModuleManager: Shutting down and abandoning module Sequencer (72)
[2016.04.15-05.15.59:381][534]LogModuleManager: Shutting down and abandoning module AssetTools (71)
[2016.04.15-05.15.59:393][534]LogModuleManager: Shutting down and abandoning module UMGEditor (70)
[2016.04.15-05.15.59:401][534]LogModuleManager: Shutting down and abandoning module UMG (69)
[2016.04.15-05.15.59:410][534]LogModuleManager: Shutting down and abandoning module Slate (68)
[2016.04.15-05.15.59:411][534]LogModuleManager: Shutting down and abandoning module EditorStyle (67)
[2016.04.15-05.15.59:418][534]LogModuleManager: Shutting down and abandoning module SessionServices (66)
[2016.04.15-05.15.59:418][534]LogModuleManager: Shutting down and abandoning module SourceCodeAccess (65)
[2016.04.15-05.15.59:418][534]LogModuleManager: Shutting down and abandoning module HeadMountedDisplay (64)
[2016.04.15-05.15.59:418][534]LogModuleManager: Shutting down and abandoning module XAudio2 (63)
[2016.04.15-05.15.59:418][534]LogModuleManager: Shutting down and abandoning module Networking (61)
[2016.04.15-05.15.59:418][534]LogModuleManager: Shutting down and abandoning module Core (60)
[2016.04.15-05.15.59:418][534]LogModuleManager: Shutting down and abandoning module KismetCompiler (59)
[2016.04.15-05.15.59:418][534]LogModuleManager: Shutting down and abandoning module PhysXFormats (58)
[2016.04.15-05.15.59:419][534]LogModuleManager: Shutting down and abandoning module MeshUtilities (57)
[2016.04.15-05.15.59:419][534]LogModuleManager: Shutting down and abandoning module DerivedDataCache (56)
[2016.04.15-05.15.59:445][534]LogDerivedDataCache: Shutdown
[2016.04.15-05.15.59:445][534]LogModuleManager: Shutting down and abandoning module ShaderFormatOpenGL (55)
[2016.04.15-05.15.59:475][534]LogModuleManager: Shutting down and abandoning module ShaderFormatD3D (54)
[2016.04.15-05.15.59:475][534]LogModuleManager: Shutting down and abandoning module MetalShaderFormat (53)
[2016.04.15-05.15.59:498][534]LogModuleManager: Shutting down and abandoning module TextureFormatUncompressed (52)
[2016.04.15-05.15.59:498][534]LogModuleManager: Shutting down and abandoning module TextureFormatPVR (51)
[2016.04.15-05.15.59:498][534]LogModuleManager: Shutting down and abandoning module TextureFormatIntelISPCTexComp (50)
[2016.04.15-05.15.59:498][534]LogModuleManager: Shutting down and abandoning module TextureFormatDXT (49)
[2016.04.15-05.15.59:498][534]LogModuleManager: Shutting down and abandoning module ImageWrapper (48)
[2016.04.15-05.15.59:498][534]LogModuleManager: Shutting down and abandoning module TextureFormatASTC (47)
[2016.04.15-05.15.59:498][534]LogModuleManager: Shutting down and abandoning module TextureFormatAndroid (46)
[2016.04.15-05.15.59:498][534]LogModuleManager: Shutting down and abandoning module AudioFormatOpus (45)
[2016.04.15-05.15.59:498][534]LogModuleManager: Shutting down and abandoning module AudioFormatOgg (44)
[2016.04.15-05.15.59:498][534]LogModuleManager: Shutting down and abandoning module AudioFormatADPCM (43)
[2016.04.15-05.15.59:498][534]LogModuleManager: Shutting down and abandoning module LinuxTargetPlatform (42)
[2016.04.15-05.15.59:498][534]LogModuleManager: Shutting down and abandoning module LinuxServerTargetPlatform (41)
[2016.04.15-05.15.59:498][534]LogModuleManager: Shutting down and abandoning module LinuxNoEditorTargetPlatform (40)
[2016.04.15-05.15.59:498][534]LogModuleManager: Shutting down and abandoning module Messaging (39)
[2016.04.15-05.15.59:499][534]LogModuleManager: Shutting down and abandoning module IOSTargetPlatform (38)
[2016.04.15-05.15.59:499][534]LogModuleManager: Shutting down and abandoning module HTML5TargetPlatform (37)
[2016.04.15-05.15.59:499][534]LogModuleManager: Shutting down and abandoning module Android_PVRTCTargetPlatform (36)
[2016.04.15-05.15.59:499][534]LogModuleManager: Shutting down and abandoning module Android_MultiTargetPlatform (35)
[2016.04.15-05.15.59:499][534]LogModuleManager: Shutting down and abandoning module Android_ETC2TargetPlatform (34)
[2016.04.15-05.15.59:499][534]LogModuleManager: Shutting down and abandoning module Android_ETC1TargetPlatform (33)
[2016.04.15-05.15.59:499][534]LogModuleManager: Shutting down and abandoning module Android_DXTTargetPlatform (32)
[2016.04.15-05.15.59:499][534]LogModuleManager: Shutting down and abandoning module Android_ATCTargetPlatform (31)
[2016.04.15-05.15.59:499][534]LogModuleManager: Shutting down and abandoning module Android_ASTCTargetPlatform (30)
[2016.04.15-05.15.59:499][534]LogModuleManager: Shutting down and abandoning module AndroidTargetPlatform (29)
[2016.04.15-05.15.59:499][534]LogModuleManager: Shutting down and abandoning module WindowsTargetPlatform (28)
[2016.04.15-05.15.59:499][534]LogModuleManager: Shutting down and abandoning module WindowsServerTargetPlatform (27)
[2016.04.15-05.15.59:499][534]LogModuleManager: Shutting down and abandoning module WindowsNoEditorTargetPlatform (26)
[2016.04.15-05.15.59:499][534]LogModuleManager: Shutting down and abandoning module WindowsClientTargetPlatform (25)
[2016.04.15-05.15.59:499][534]LogModuleManager: Shutting down and abandoning module AllDesktopTargetPlatform (24)
[2016.04.15-05.15.59:499][534]LogModuleManager: Shutting down and abandoning module TargetPlatform (23)
[2016.04.15-05.15.59:499][534]LogModuleManager: Shutting down and abandoning module InputCore (22)
[2016.04.15-05.15.59:499][534]LogModuleManager: Shutting down and abandoning module Settings (21)
[2016.04.15-05.15.59:500][534]LogModuleManager: Shutting down and abandoning module OnlineSubsystem (19)
[2016.04.15-05.15.59:500][534]LogModuleManager: Shutting down and abandoning module HTTP (18)
[2016.04.15-05.16.00:500][534]LogModuleManager: Shutting down and abandoning module XMPP (17)
[2016.04.15-05.16.00:524][534]LogModuleManager: Shutting down and abandoning module OculusRift (16)
[2016.04.15-05.16.00:548][534]LogModuleManager: Shutting down and abandoning module ExampleDeviceProfileSelector (15)
[2016.04.15-05.16.00:548][534]LogModuleManager: Shutting down and abandoning module TextureCompressor (14)
[2016.04.15-05.16.00:548][534]LogModuleManager: Shutting down and abandoning module ShaderCore (13)
[2016.04.15-05.16.00:548][534]LogModuleManager: Shutting down and abandoning module Landscape (12)
[2016.04.15-05.16.00:548][534]LogModuleManager: Shutting down and abandoning module SlateRHIRenderer (11)
[2016.04.15-05.16.00:557][534]LogModuleManager: Shutting down and abandoning module OpenGLDrv (10)
[2016.04.15-05.16.00:567][534]LogModuleManager: Shutting down and abandoning module D3D11RHI (9)
[2016.04.15-05.16.00:567][534]LogModuleManager: Shutting down and abandoning module AnimGraphRuntime (8)
[2016.04.15-05.16.00:576][534]LogModuleManager: Shutting down and abandoning module Renderer (7)
[2016.04.15-05.16.00:576][534]LogModuleManager: Shutting down and abandoning module Engine (6)
[2016.04.15-05.16.00:576][534]LogModuleManager: Shutting down and abandoning module CoreUObject (5)
[2016.04.15-05.16.00:577][534]LogModuleManager: Shutting down and abandoning module NetworkFile (4)
[2016.04.15-05.16.00:588][534]LogModuleManager: Shutting down and abandoning module StreamingFile (3)
[2016.04.15-05.16.00:588][534]LogModuleManager: Shutting down and abandoning module SandboxFile (2)
[2016.04.15-05.16.00:588][534]LogModuleManager: Shutting down and abandoning module PakFile (1)
[2016.04.15-05.16.00:600][534]LogExit: Exiting.
[2016.04.15-05.16.00:634][534]Log file closed, 04/15/16 01:16:00
