[2016.03.21-01.11.54:394][  0]Log file open, 03/20/16 21:11:54
[2016.03.21-01.11.54:394][  0]LogInit:Display: Running engine for game: Hotel
[2016.03.21-01.11.54:394][  0]LogPlatformFile: Not using cached read wrapper
[2016.03.21-01.11.54:394][  0]LogInit:Display: RandInit(-814448840) SRandInit(-814448819).
[2016.03.21-01.11.54:394][  0]LogTaskGraph: Started task graph with 4 named threads and 7 total threads.
[2016.03.21-01.11.54:394][  0]LogStats: Stats thread started at 0.068943
[2016.03.21-01.11.54:394][  0]LogInit: Version: 4.10.2-2818068+++depot+UE4-Releases+4.10
[2016.03.21-01.11.54:394][  0]LogInit: API Version: 2758231
[2016.03.21-01.11.54:394][  0]LogInit: Compiled (64-bit): Jan  6 2016 17:36:42
[2016.03.21-01.11.54:394][  0]LogInit: Compiled with Visual C++: 19.00.23026.00
[2016.03.21-01.11.54:394][  0]LogInit: Build Configuration: Development
[2016.03.21-01.11.54:394][  0]LogInit: Branch Name: ++depot+UE4-Releases+4.10
[2016.03.21-01.11.54:394][  0]LogInit: Command line:  
[2016.03.21-01.11.54:394][  0]LogInit: Base directory: E:/Program Files (x86)/Epic Games/4.10/Engine/Binaries/Win64/
[2016.03.21-01.11.54:394][  0]LogInit: Rocket: 1
[2016.03.21-01.11.54:406][  0]LogInit: Using libcurl 7.41.0
[2016.03.21-01.11.54:406][  0]LogInit:  - built for x86_64-pc-win32
[2016.03.21-01.11.54:406][  0]LogInit:  - supports SSL with WinSSL
[2016.03.21-01.11.54:406][  0]LogInit:  - other features:
[2016.03.21-01.11.54:406][  0]LogInit:      CURL_VERSION_SSL
[2016.03.21-01.11.54:406][  0]LogInit:      CURL_VERSION_IPV6
[2016.03.21-01.11.54:406][  0]LogInit:      CURL_VERSION_ASYNCHDNS
[2016.03.21-01.11.54:406][  0]LogInit:      CURL_VERSION_LARGEFILE
[2016.03.21-01.11.54:406][  0]LogInit:      CURL_VERSION_IDN
[2016.03.21-01.11.54:406][  0]LogInit:  CurlRequestOptions (configurable via config and command line):
[2016.03.21-01.11.54:406][  0]LogInit:  - bVerifyPeer = true  - Libcurl will verify peer certificate
[2016.03.21-01.11.54:406][  0]LogInit:  - bUseHttpProxy = false  - Libcurl will NOT use HTTP proxy
[2016.03.21-01.11.54:406][  0]LogInit:  - bDontReuseConnections = false  - Libcurl will reuse connections
[2016.03.21-01.11.54:406][  0]LogInit:  - CertBundlePath = nullptr  - Libcurl will use whatever was configured at build time.
[2016.03.21-01.11.54:412][  0]LogInit: Presizing for 0 objects not considered by GC, pre-allocating 0 bytes.
[2016.03.21-01.11.54:421][  0]LogInit: Object subsystem initialized
[2016.03.21-01.11.54:422][  0]LogInit: Selected Device Profile: [Windows]
[2016.03.21-01.11.54:422][  0]LogInit: Applying CVar settings loaded from the selected device profile: [Windows]
[2016.03.21-01.11.54:430][  0]LogInit: Computer: MANDY-PC
[2016.03.21-01.11.54:430][  0]LogInit: User: Mandy
[2016.03.21-01.11.54:430][  0]LogInit: CPU Page size=4096, Cores=4
[2016.03.21-01.11.54:430][  0]LogInit: High frequency timer resolution =14.318180 MHz
[2016.03.21-01.11.54:430][  0]LogMemory: Memory total: Physical=16.0GB (16GB approx)
[2016.03.21-01.11.54:430][  0]LogMemory: Platform Memory Stats for Windows
[2016.03.21-01.11.54:430][  0]LogMemory: Process Physical Memory: 56.09 MB used, 56.09 MB peak
[2016.03.21-01.11.54:430][  0]LogMemory: Process Virtual Memory: 57.75 MB used, 57.75 MB peak
[2016.03.21-01.11.54:430][  0]LogMemory: Physical Memory: 4329.17 MB used, 16383.18 MB total
[2016.03.21-01.11.54:430][  0]LogMemory: Virtual Memory: 352.65 MB used, 8388608.00 MB total
[2016.03.21-01.11.54:474][  0]LogTextLocalizationManager: No specific translations for ('en-US') exist, so ('en') translations will be used.
[2016.03.21-01.11.55:068][  0]LogD3D11RHI: Found D3D11 adapter 0: NVIDIA GeForce GTX 750 (Feature Level 11_0)
[2016.03.21-01.11.55:068][  0]LogD3D11RHI: Adapter has 972MB of dedicated video memory, 0MB of dedicated system memory, and 3072MB of shared system memory, 2 output[s]
[2016.03.21-01.11.55:068][  0]LogD3D11RHI: Chosen D3D11 Adapter Id = 0
[2016.03.21-01.11.55:073][  0]LogD3D11RHI: !Direct3DDevice
[2016.03.21-01.11.55:074][  0]LogRHI: Texture pool is 680 MB (70% of 972 MB)
[2016.03.21-01.11.55:084][  0]LogD3D11RHI: Async texture creation enabled
[2016.03.21-01.11.55:099][  0]LogShaderCompilers: Guid format shader working directory is -10 characters bigger than the processId version (../../../../../../Users/Mandy/Documents/GitHub/HotelBete/Intermediate/Shaders/WorkingDirectory/4212/).
[2016.03.21-01.11.55:099][  0]LogShaderCompilers: Cleaned the shader compiler working directory 'C:/Users/Mandy/AppData/Local/Temp/UnrealShaderWorkingDir/E7F34E8B4C0A6B58842E9A9581C1A5A8/'.
[2016.03.21-01.11.55:099][  0]LogShaderCompilers:Display: Using Local Shader Compiler.
[2016.03.21-01.11.56:202][  0]LogTemp:Display: Loaded TP AllDesktopTargetPlatform
[2016.03.21-01.11.56:207][  0]LogTemp:Display: Loaded TP WindowsClientTargetPlatform
[2016.03.21-01.11.56:212][  0]LogTemp:Display: Loaded TP WindowsNoEditorTargetPlatform
[2016.03.21-01.11.56:216][  0]LogTemp:Display: Loaded TP WindowsServerTargetPlatform
[2016.03.21-01.11.56:221][  0]LogTemp:Display: Loaded TP WindowsTargetPlatform
[2016.03.21-01.11.56:224][  0]LogTemp:Display: Loaded TP AndroidTargetPlatform
[2016.03.21-01.11.56:228][  0]LogTemp:Display: Loaded TP Android_ASTCTargetPlatform
[2016.03.21-01.11.56:231][  0]LogTemp:Display: Loaded TP Android_ATCTargetPlatform
[2016.03.21-01.11.56:234][  0]LogTemp:Display: Loaded TP Android_DXTTargetPlatform
[2016.03.21-01.11.56:237][  0]LogTemp:Display: Loaded TP Android_ETC1TargetPlatform
[2016.03.21-01.11.56:241][  0]LogTemp:Display: Loaded TP Android_ETC2TargetPlatform
[2016.03.21-01.11.56:248][  0]LogTemp:Display: Loaded TP Android_MultiTargetPlatform
[2016.03.21-01.11.56:248][  0]LogTemp:Display: Loaded TP Android_PVRTCTargetPlatform
[2016.03.21-01.11.56:249][  0]LogTemp:Display: Loaded TP HTML5TargetPlatform
[2016.03.21-01.11.56:265][  0]LogTemp:Display: Loaded TP IOSTargetPlatform
[2016.03.21-01.11.56:268][  0]LogTemp:Display: Loaded TP LinuxNoEditorTargetPlatform
[2016.03.21-01.11.56:271][  0]LogTemp:Display: Loaded TP LinuxServerTargetPlatform
[2016.03.21-01.11.56:275][  0]LogTemp:Display: Loaded TP LinuxTargetPlatform
[2016.03.21-01.11.56:275][  0]LogTargetPlatformManager:Display: Building Assets For Windows
[2016.03.21-01.11.56:340][  0]LogDerivedDataCache:Display: Max Cache Size: 512 MB
[2016.03.21-01.11.56:429][  0]LogDerivedDataCache: Loaded boot cache 0.09s 41MB C:/Users/Mandy/AppData/Local/UnrealEngine/4.10/DerivedDataCache/Boot.ddc.
[2016.03.21-01.11.56:429][  0]LogDerivedDataCache:Display: Loaded Boot cache: C:/Users/Mandy/AppData/Local/UnrealEngine/4.10/DerivedDataCache/Boot.ddc
[2016.03.21-01.11.56:429][  0]LogDerivedDataCache: FDerivedDataBackendGraph:  Pak pak cache file ../../../../../../Users/Mandy/Documents/GitHub/HotelBete/DerivedDataCache/DDC.ddp not found, will not use a pak cache.
[2016.03.21-01.11.56:429][  0]LogDerivedDataCache: Unable to find inner node Pak for hierarchical cache Hierarchy.
[2016.03.21-01.11.56:429][  0]LogDerivedDataCache: FDerivedDataBackendGraph:  CompressedPak pak cache file ../../../../../../Users/Mandy/Documents/GitHub/HotelBete/DerivedDataCache/Compressed.ddp not found, will not use a pak cache.
[2016.03.21-01.11.56:429][  0]LogDerivedDataCache: Unable to find inner node CompressedPak for hierarchical cache Hierarchy.
[2016.03.21-01.11.56:516][  0]LogDerivedDataCache:Display: Pak cache opened for reading ../../../Engine/DerivedDataCache/Compressed.ddp.
[2016.03.21-01.11.56:527][  0]LogDerivedDataCache: Using Local data cache path C:/Users/Mandy/AppData/Local/UnrealEngine/Common/DerivedDataCache: Writable
[2016.03.21-01.11.56:728][  0]LogInit: Selected Device Profile: [Windows]
[2016.03.21-01.11.56:728][  0]LogContentStreaming: Texture pool size is 0.000000MB
[2016.03.21-01.11.56:766][  0]LogMeshUtilities: No automatic mesh reduction module available
[2016.03.21-01.11.56:766][  0]LogMeshUtilities: No automatic mesh merging module available
[2016.03.21-01.11.57:204][  0]LogInit: WinSock: version 1.1 (2.2), MaxSocks=32767, MaxUdp=65467
[2016.03.21-01.11.57:992][  0]LogAssetRegistry: FAssetRegistry took 0.0105 seconds to start up
[2016.03.21-01.11.58:005][  0]UdpMessaging: Initializing bridge on interface 0.0.0.0:0 to multicast group 230.0.0.1:6666.
[2016.03.21-01.11.58:255][  0]SourceControl: Info Source control is disabled
[2016.03.21-01.11.58:256][  0]SourceControl: Info Source control is disabled
[2016.03.21-01.11.58:264][  0]SourceControl: Info Source control is disabled
[2016.03.21-01.11.58:272][  0]SourceControl: Info Source control is disabled
[2016.03.21-01.11.58:481][  0]LogObj: 28802 objects as part of root set at end of initial load.
[2016.03.21-01.11.58:481][  0]LogUObjectAllocator: 6129776 out of 0 bytes used by permanent object pool.
[2016.03.21-01.11.58:554][  0]LogEngine: Initializing Engine...
[2016.03.21-01.11.58:556][  0]LogHMD: Can't find Oculus library dev build: is proper Runtime installed? Version: 0.8.0.0
[2016.03.21-01.11.58:556][  0]LogHMD: SteamVR failed to initialize.  Err: 110
[2016.03.21-01.11.58:745][  0]LogAIModule: Creating AISystem for world NewWorld
[2016.03.21-01.11.58:752][  0]LogInit: XAudio2 using 'Speakers (3- Logitech USB Headset)' : 2 channels at 44.1 kHz using 16 bits per sample (channel mask 0x3)
[2016.03.21-01.11.58:769][  0]LogInit: FAudioDevice initialized.
[2016.03.21-01.11.58:809][  0]LogDerivedDataCache: Saved boot cache 0.04s 41MB C:/Users/Mandy/AppData/Local/UnrealEngine/4.10/DerivedDataCache/Boot.ddc.
[2016.03.21-01.11.58:824][  0]LogInit: Texture streaming: Enabled
[2016.03.21-01.11.58:828][  0]LogAnalytics: Creating configured Analytics provider AnalyticsET
[2016.03.21-01.11.58:828][  0]LogAnalytics: [UEEditor.Rocket.Release] APIServer = http://et2.epicgames.com/ET2/. AppVersion = 4.10.2-2818068+++depot+UE4-Releases+4.10
[2016.03.21-01.11.58:828][  0]LogAnalytics: [UEEditor.Rocket.Release] SetUserId e0d98b0e467b55d21c5013962f69b996|a1543627d61e4593a39d507d0813b255|cef8b6ba-01d0-47b7-a028-3b7e918a90c5
[2016.03.21-01.11.58:828][  0]LogAnalytics: [UEEditor.Rocket.Release] AnalyticsET::StartSession
[2016.03.21-01.11.58:847][  0]LogInit: Transaction tracking system initialized
[2016.03.21-01.11.58:868][  0]BlueprintLog: New page: Editor Load
[2016.03.21-01.11.58:928][  0]LocalizationService: Info Localization service is disabled
[2016.03.21-01.11.58:988][  0]LogConsoleResponse:Display: 
[2016.03.21-01.11.59:120][  0]LogCook:Display: Done creating registry. It took  0.00s.
[2016.03.21-01.11.59:170][  0]LogFileCache: Scanning file cache for directory 'E:/Users/Mandy/Documents/GitHub/HotelBete/Content/' took 0.02s
[2016.03.21-01.11.59:170][  0]SourceControl: Info Source control is disabled
[2016.03.21-01.11.59:170][  0]Cmd: MAP LOAD FILE="../../../../../../Users/Mandy/Documents/GitHub/HotelBete/Content/Hotel/Levels/Menu.umap" TEMPLATE=0 SHOWPROGRESS=1 FEATURELEVEL=3
[2016.03.21-01.11.59:171][  0]LightingResults: New page: Lighting Build
[2016.03.21-01.11.59:173][  0]MapCheck: New page: Map Check
[2016.03.21-01.11.59:173][  0]LightingResults: New page: Lighting Build
[2016.03.21-01.11.59:191][  0]LogParticles: Destroying 0 GPU particle simulations for FXSystem 0x00000000258E6AC0
[2016.03.21-01.12.01:356][  0]LogTexture:Display: Building textures: KeyPic (AutoDXT)
[2016.03.21-01.12.01:726][  0]LogTexture:Display: Building textures: NeckLacePic (AutoDXT)
[2016.03.21-01.12.02:096][  0]LogTexture:Display: Building textures: BookPic (AutoDXT)
[2016.03.21-01.12.02:185][  0]LogAudioDerivedData:Display: Building compressed audio format OGG wave Hotel_Beta_Noire_-_Lauren...
[2016.03.21-01.12.05:692][  0]LogAudioDerivedData:Display: Building compressed audio format OGG wave Hotel_Beta_Noire_-_Evelyn...
[2016.03.21-01.12.09:515][  0]LogAIModule: Creating AISystem for world Menu
[2016.03.21-01.12.09:517][  0]LogEditorServer: Finished looking for orphan Actors (0.000 secs)
[2016.03.21-01.12.09:517][  0]Cmd: MAP CHECKDEP NOCLEARLOG
[2016.03.21-01.12.09:585][  0]MapCheck: Info Map check complete: 0 Error(s), 0 Warning(s), took 66.927ms to complete.
[2016.03.21-01.12.09:585][  0]LogFileHelpers: Loading map 'Menu' took 10.414
[2016.03.21-01.12.09:693][  0]LogCollectionManager: Loaded 0 collections in 0.001653 seconds
[2016.03.21-01.12.09:733][  0]LogFileCache: Scanning file cache for directory 'E:/Users/Mandy/Documents/GitHub/HotelBete/Saved/Collections/' took 0.01s
[2016.03.21-01.12.09:733][  0]LogFileCache: Scanning file cache for directory 'E:/Users/Mandy/Documents/GitHub/HotelBete/Content/Developers/Mandy/Collections/' took 0.01s
[2016.03.21-01.12.09:733][  0]LogFileCache: Scanning file cache for directory 'E:/Users/Mandy/Documents/GitHub/HotelBete/Content/Collections/' took 0.01s
[2016.03.21-01.12.09:733][  0]LogCollectionManager: Rebuilt the GUID cache for 0 collections in 0.000003 seconds
[2016.03.21-01.12.09:745][  0]LogContentBrowser: Native class hierarchy populated in 0.0112 seconds. Added 1908 classes and 344 folders.
[2016.03.21-01.12.09:750][  0]LogContentBrowser: Native class hierarchy updated for 'WidgetCarousel' in 0.0004 seconds. Added 0 classes and 0 folders.
[2016.03.21-01.12.09:796][  0]LogContentBrowser: Native class hierarchy updated for 'AddContentDialog' in 0.0004 seconds. Added 0 classes and 0 folders.
[2016.03.21-01.12.09:799][  0]LogContentBrowser: Native class hierarchy updated for 'SceneOutliner' in 0.0004 seconds. Added 1 classes and 2 folders.
[2016.03.21-01.12.09:874][  0]LogCrashTracker: Crashtracker disabled due to settings.
[2016.03.21-01.12.09:880][  0]LogUObjectGlobals:Warning: Failed to find object 'Class None.'
[2016.03.21-01.12.09:901][  0]LogLoad: Full Startup: 15.94 seconds (BP compile: 0.67 seconds)
[2016.03.21-01.12.10:247][  0]LogOcInput: Can't find Oculus library dev build: is proper Runtime installed? Version: 0.8.0.0
[2016.03.21-01.12.10:318][  0]LogContentStreaming: Texture pool size now 1000 MB
[2016.03.21-01.12.10:530][  0]LogRenderer: Reallocating scene render targets to support 1208x568 (Frame:2).
[2016.03.21-01.12.19:632][ 28]LogAssetRegistry: Asset discovery search completed in 21.6501 seconds
[2016.03.21-01.12.19:632][ 28]LogCollectionManager: Rebuilt the object cache for 0 collections in 0.000003 seconds (found 0 objects)
[2016.03.21-01.12.19:633][ 28]LogCollectionManager: Fixed up redirectors for 0 collections in 0.000093 seconds (updated 0 objects)
[2016.03.21-01.12.52:681][ 14]LogFactory: FactoryCreateBinary: StaticMesh with FbxFactory (0 0 E:\Users\Mandy\Documents\HauntedModelFiles\Ghost\Ghost.fbx)
[2016.03.21-01.12.52:728][ 14]LogFbx: ItemName: GlobalSettings, ItemCount : 1
[2016.03.21-01.12.52:728][ 14]LogFbx: ItemName: AnimationStack, ItemCount : 1
[2016.03.21-01.12.52:728][ 14]LogFbx: ItemName: AnimationLayer, ItemCount : 1
[2016.03.21-01.12.52:728][ 14]LogFbx: ItemName: Geometry, ItemCount : 1
[2016.03.21-01.12.52:728][ 14]LogFbx: ItemName: Material, ItemCount : 1
[2016.03.21-01.12.52:728][ 14]LogFbx: ItemName: Model, ItemCount : 1
[2016.03.21-01.12.52:792][ 14]LogFbx: Loading FBX Scene from E:\Users\Mandy\Documents\HauntedModelFiles\Ghost\Ghost.fbx
[2016.03.21-01.12.52:867][ 14]LogFbx: FBX Scene Loaded Succesfully
[2016.03.21-01.12.54:089][ 14]LogFbx: Loading FBX Scene from E:\Users\Mandy\Documents\HauntedModelFiles\Ghost\Ghost.fbx
[2016.03.21-01.12.54:164][ 14]LogFbx: FBX Scene Loaded Succesfully
[2016.03.21-01.12.54:188][ 14]LogLinker:Warning: Can't find file '/Game/Hotel/Art/Models/Ghost/lambert2'
[2016.03.21-01.12.54:188][ 14]LogLinker:Warning: Can't find file '/Game/Hotel/Art/Models/Ghost/lambert2'
[2016.03.21-01.12.54:194][ 14]LogMaterial: Missing cached shader map for material lambert2, compiling. 
[2016.03.21-01.12.54:242][ 14]LogFbx:Warning: Triangulating static mesh LOW_POLY_Basemesh:Mesh
[2016.03.21-01.12.55:438][ 14]LogStaticMesh: Building static mesh Ghost...
[2016.03.21-01.12.55:571][ 14]LogStaticMesh: Built static mesh [0.138441.2s] /Game/Hotel/Art/Models/Ghost/Ghost.Ghost
[2016.03.21-01.12.55:598][ 14]FBXImport:Warning: Warning Warning: The imported mesh is very small. This is most likely an issue with the units used when exporting to FBX. 
[2016.03.21-01.13.09:034][ 74]Cmd: OBJ SAVEPACKAGE PACKAGE="/Game/Hotel/Art/Models/Ghost/GhostMat" FILE="../../../../../../Users/Mandy/Documents/GitHub/HotelBete/Content/Hotel/Art/Models/Ghost/GhostMat.uasset" SILENT=true
[2016.03.21-01.13.09:051][ 74]LogSavePackage: Save=13.554446ms
[2016.03.21-01.13.09:051][ 74]LogSavePackage: Moving '../../../../../../Users/Mandy/Documents/GitHub/HotelBete/Saved/GhostMatBF80CEDB47D75ED57E8F03ADA79081A9.tmp' to '../../../../../../Users/Mandy/Documents/GitHub/HotelBete/Content/Hotel/Art/Models/Ghost/GhostMat.uasset'
[2016.03.21-01.13.09:052][ 74]LogSavePackage: Total save time: 17.208401ms
[2016.03.21-01.13.09:052][ 74]LogSavePackage:Display: Finished SavePackage ../../../../../../Users/Mandy/Documents/GitHub/HotelBete/Content/Hotel/Art/Models/Ghost/GhostMat.uasset
[2016.03.21-01.13.13:320][548]Cmd: OBJ SAVEPACKAGE PACKAGE="/Game/Hotel/Art/Models/Ghost/Ghost" FILE="../../../../../../Users/Mandy/Documents/GitHub/HotelBete/Content/Hotel/Art/Models/Ghost/Ghost.uasset" SILENT=true
[2016.03.21-01.13.13:332][548]LogSavePackage: Save=10.916401ms
[2016.03.21-01.13.13:332][548]LogSavePackage: Moving '../../../../../../Users/Mandy/Documents/GitHub/HotelBete/Saved/GhostD2CB2CE149662A9EFB6514B62E944D5D.tmp' to '../../../../../../Users/Mandy/Documents/GitHub/HotelBete/Content/Hotel/Art/Models/Ghost/Ghost.uasset'
[2016.03.21-01.13.13:333][548]LogSavePackage: Total save time: 12.188002ms
[2016.03.21-01.13.13:333][548]LogSavePackage:Display: Finished SavePackage ../../../../../../Users/Mandy/Documents/GitHub/HotelBete/Content/Hotel/Art/Models/Ghost/Ghost.uasset
[2016.03.21-01.13.13:342][548]Cmd: OBJ SAVEPACKAGE PACKAGE="/Game/Hotel/Art/Models/Ghost/lambert2" FILE="../../../../../../Users/Mandy/Documents/GitHub/HotelBete/Content/Hotel/Art/Models/Ghost/lambert2.uasset" SILENT=true
[2016.03.21-01.13.13:346][548]LogSavePackage: Save=1.340533ms
[2016.03.21-01.13.13:346][548]LogSavePackage: Moving '../../../../../../Users/Mandy/Documents/GitHub/HotelBete/Saved/lambert2070A8BAE46103B853C9303911697FACC.tmp' to '../../../../../../Users/Mandy/Documents/GitHub/HotelBete/Content/Hotel/Art/Models/Ghost/lambert2.uasset'
[2016.03.21-01.13.13:347][548]LogSavePackage: Total save time: 4.201513ms
[2016.03.21-01.13.13:347][548]LogSavePackage:Display: Finished SavePackage ../../../../../../Users/Mandy/Documents/GitHub/HotelBete/Content/Hotel/Art/Models/Ghost/lambert2.uasset
[2016.03.21-01.13.16:321][857]Cmd: QUIT_EDITOR
[2016.03.21-01.13.16:537][857]LogExit: Preparing to exit.
[2016.03.21-01.13.17:128][857]LogExit: Editor shut down
[2016.03.21-01.13.17:129][857]LogExit: Transaction tracking system shut down
[2016.03.21-01.13.17:191][857]LogParticles: Destroying 0 GPU particle simulations for FXSystem 0x000000004960E7A0
[2016.03.21-01.13.17:191][857]LogParticles: Destroying 0 GPU particle simulations for FXSystem 0x000000003A92E7A0
[2016.03.21-01.13.17:191][857]LogParticles: Destroying 0 GPU particle simulations for FXSystem 0x000000003A80EFC0
[2016.03.21-01.13.17:422][857]LogParticles: Destroying 0 GPU particle simulations for FXSystem 0x000000003BDC1800
[2016.03.21-01.13.17:422][857]LogParticles: Destroying 0 GPU particle simulations for FXSystem 0x000000003BDC19E0
[2016.03.21-01.13.17:422][857]LogExit: Object subsystem successfully closed.
[2016.03.21-01.13.17:441][857]LogD3D11RHI: Shutdown
[2016.03.21-01.13.17:441][857]LogD3D11RHI: CleanupD3DDevice
[2016.03.21-01.13.17:523][857]LogD3D11RHI: ~FD3D11DynamicRHI
[2016.03.21-01.13.17:536][857]LogModuleManager: Shutting down and abandoning module CookingStats (201)
[2016.03.21-01.13.17:536][857]LogModuleManager: Shutting down and abandoning module CrashTracker (200)
[2016.03.21-01.13.17:536][857]LogModuleManager: Shutting down and abandoning module SceneOutliner (199)
[2016.03.21-01.13.17:536][857]LogModuleManager: Shutting down and abandoning module SuperSearch (198)
[2016.03.21-01.13.17:536][857]LogModuleManager: Shutting down and abandoning module WidgetCarousel (197)
[2016.03.21-01.13.17:536][857]LogModuleManager: Shutting down and abandoning module AddContentDialog (196)
[2016.03.21-01.13.17:539][857]LogModuleManager: Shutting down and abandoning module EditorWidgets (195)
[2016.03.21-01.13.17:539][857]LogModuleManager: Shutting down and abandoning module CollectionManager (194)
[2016.03.21-01.13.17:539][857]LogModuleManager: Shutting down and abandoning module StatsViewer (193)
[2016.03.21-01.13.17:539][857]LogModuleManager: Shutting down and abandoning module FoliageEdit (192)
[2016.03.21-01.13.17:539][857]LogModuleManager: Shutting down and abandoning module LandscapeEditor (191)
[2016.03.21-01.13.17:539][857]LogModuleManager: Shutting down and abandoning module ActorPickerMode (190)
[2016.03.21-01.13.17:539][857]LogModuleManager: Shutting down and abandoning module GeometryMode (189)
[2016.03.21-01.13.17:539][857]LogModuleManager: Shutting down and abandoning module TextureAlignMode (188)
[2016.03.21-01.13.17:539][857]LogModuleManager: Shutting down and abandoning module BspMode (187)
[2016.03.21-01.13.17:539][857]LogModuleManager: Shutting down and abandoning module PlacementMode (186)
[2016.03.21-01.13.17:539][857]LogModuleManager: Shutting down and abandoning module AutomationWorker (185)
[2016.03.21-01.13.17:539][857]LogModuleManager: Shutting down and abandoning module CharacterAI (184)
[2016.03.21-01.13.17:539][857]LogModuleManager: Shutting down and abandoning module SmartSnapping (183)
[2016.03.21-01.13.17:539][857]LogModuleManager: Shutting down and abandoning module ViewportSnapping (182)
[2016.03.21-01.13.17:539][857]LogModuleManager: Shutting down and abandoning module LogVisualizer (181)
[2016.03.21-01.13.17:539][857]LogModuleManager: Shutting down and abandoning module GameProjectGeneration (180)
[2016.03.21-01.13.17:539][857]LogModuleManager: Shutting down and abandoning module IntroTutorials (179)
[2016.03.21-01.13.17:539][857]LogModuleManager: Shutting down and abandoning module EditorLiveStreaming (178)
[2016.03.21-01.13.17:539][857]LogModuleManager: Shutting down and abandoning module IOSPlatformEditor (177)
[2016.03.21-01.13.17:539][857]LogModuleManager: Shutting down and abandoning module HTML5PlatformEditor (176)
[2016.03.21-01.13.17:539][857]LogModuleManager: Shutting down and abandoning module AndroidDeviceDetection (175)
[2016.03.21-01.13.17:970][857]LogModuleManager: Shutting down and abandoning module AndroidPlatformEditor (174)
[2016.03.21-01.13.17:970][857]LogModuleManager: Shutting down and abandoning module IOSRuntimeSettings (173)
[2016.03.21-01.13.17:970][857]LogModuleManager: Shutting down and abandoning module AndroidRuntimeSettings (172)
[2016.03.21-01.13.17:970][857]LogModuleManager: Shutting down and abandoning module MergeActors (171)
[2016.03.21-01.13.17:970][857]LogModuleManager: Shutting down and abandoning module SizeMap (170)
[2016.03.21-01.13.17:970][857]LogModuleManager: Shutting down and abandoning module TreeMap (169)
[2016.03.21-01.13.17:970][857]LogModuleManager: Shutting down and abandoning module ReferenceViewer (168)
[2016.03.21-01.13.17:970][857]LogModuleManager: Shutting down and abandoning module LocalizationService (167)
[2016.03.21-01.13.17:970][857]LogModuleManager: Shutting down and abandoning module LocalizationDashboard (166)
[2016.03.21-01.13.17:970][857]LogModuleManager: Shutting down and abandoning module HardwareTargeting (165)
[2016.03.21-01.13.17:971][857]LogModuleManager: Shutting down and abandoning module DeviceProfileEditor (164)
[2016.03.21-01.13.17:971][857]LogModuleManager: Shutting down and abandoning module UndoHistory (163)
[2016.03.21-01.13.17:971][857]LogModuleManager: Shutting down and abandoning module GameplayTagsEditor (162)
[2016.03.21-01.13.17:971][857]LogModuleManager: Shutting down and abandoning module UserFeedback (161)
[2016.03.21-01.13.17:971][857]LogModuleManager: Shutting down and abandoning module XmlParser (160)
[2016.03.21-01.13.17:971][857]LogModuleManager: Shutting down and abandoning module Blutility (159)
[2016.03.21-01.13.17:971][857]LogModuleManager: Shutting down and abandoning module ProjectTargetPlatformEditor (158)
[2016.03.21-01.13.17:971][857]LogModuleManager: Shutting down and abandoning module ProjectSettingsViewer (157)
[2016.03.21-01.13.17:971][857]LogModuleManager: Shutting down and abandoning module InputBindingEditor (156)
[2016.03.21-01.13.17:971][857]LogModuleManager: Shutting down and abandoning module EditorSettingsViewer (155)
[2016.03.21-01.13.17:971][857]LogModuleManager: Shutting down and abandoning module SettingsEditor (154)
[2016.03.21-01.13.17:971][857]LogModuleManager: Shutting down and abandoning module ProjectLauncher (153)
[2016.03.21-01.13.17:971][857]LogModuleManager: Shutting down and abandoning module SessionFrontend (152)
[2016.03.21-01.13.17:971][857]LogModuleManager: Shutting down and abandoning module ProfilerClient (151)
[2016.03.21-01.13.17:971][857]LogModuleManager: Shutting down and abandoning module TargetDeviceServices (150)
[2016.03.21-01.13.17:971][857]LogModuleManager: Shutting down and abandoning module DeviceManager (149)
[2016.03.21-01.13.17:971][857]LogModuleManager: Shutting down and abandoning module AutomationController (148)
[2016.03.21-01.13.17:972][857]LogModuleManager: Shutting down and abandoning module AutomationWindow (147)
[2016.03.21-01.13.17:972][857]LogModuleManager: Shutting down and abandoning module Layers (146)
[2016.03.21-01.13.17:972][857]LogModuleManager: Shutting down and abandoning module ComponentVisualizers (145)
[2016.03.21-01.13.17:972][857]LogModuleManager: Shutting down and abandoning module DetailCustomizations (144)
[2016.03.21-01.13.17:972][857]LogModuleManager: Shutting down and abandoning module PackagesDialog (143)
[2016.03.21-01.13.17:972][857]LogModuleManager: Shutting down and abandoning module Persona (142)
[2016.03.21-01.13.17:972][857]LogModuleManager: Shutting down and abandoning module Kismet (141)
[2016.03.21-01.13.17:972][857]LogModuleManager: Shutting down and abandoning module GraphEditor (140)
[2016.03.21-01.13.17:972][857]LogModuleManager: Shutting down and abandoning module ClassViewer (139)
[2016.03.21-01.13.17:972][857]LogModuleManager: Shutting down and abandoning module Toolbox (138)
[2016.03.21-01.13.17:972][857]LogModuleManager: Shutting down and abandoning module ModuleUI (137)
[2016.03.21-01.13.17:972][857]LogModuleManager: Shutting down and abandoning module MovieSceneTools (136)
[2016.03.21-01.13.17:972][857]LogModuleManager: Shutting down and abandoning module OutputLog (135)
[2016.03.21-01.13.17:972][857]LogModuleManager: Shutting down and abandoning module GammaUI (134)
[2016.03.21-01.13.17:972][857]LogModuleManager: Shutting down and abandoning module Documentation (133)
[2016.03.21-01.13.17:972][857]LogModuleManager: Shutting down and abandoning module GameLiveStreaming (132)
[2016.03.21-01.13.17:972][857]LogModuleManager: Shutting down and abandoning module StreamingPauseRendering (131)
[2016.03.21-01.13.17:972][857]LogModuleManager: Shutting down and abandoning module AnalyticsET (130)
[2016.03.21-01.13.17:972][857]LogModuleManager: Shutting down and abandoning module Analytics (129)
[2016.03.21-01.13.17:972][857]LogModuleManager: Shutting down and abandoning module AITestSuite (128)
[2016.03.21-01.13.17:972][857]LogModuleManager: Shutting down and abandoning module GameplayDebugger (127)
[2016.03.21-01.13.17:972][857]LogModuleManager: Shutting down and abandoning module AIModule (126)
[2016.03.21-01.13.17:972][857]LogModuleManager: Shutting down and abandoning module ProfilerService (125)
[2016.03.21-01.13.18:128][857]LogModuleManager: Shutting down and abandoning module TaskGraph (124)
[2016.03.21-01.13.18:128][857]LogModuleManager: Shutting down and abandoning module SubstanceEditor (123)
[2016.03.21-01.13.18:128][857]LogModuleManager: Shutting down and abandoning module SlateRemote (122)
[2016.03.21-01.13.18:128][857]LogModuleManager: Shutting down and abandoning module SteamVRController (121)
[2016.03.21-01.13.18:128][857]LogModuleManager: Shutting down and abandoning module SteamVR (120)
[2016.03.21-01.13.18:128][857]LogModuleManager: Shutting down and abandoning module ProceduralMeshComponent (119)
[2016.03.21-01.13.18:128][857]LogModuleManager: Shutting down and abandoning module OculusLibrary (118)
[2016.03.21-01.13.18:128][857]LogModuleManager: Shutting down and abandoning module OculusInput (117)
[2016.03.21-01.13.18:128][857]LogModuleManager: Shutting down and abandoning module LeapMotionController (116)
[2016.03.21-01.13.18:158][857]LogModuleManager: Shutting down and abandoning module CustomMeshComponent (115)
[2016.03.21-01.13.18:158][857]LogModuleManager: Shutting down and abandoning module CableComponent (114)
[2016.03.21-01.13.18:158][857]LogModuleManager: Shutting down and abandoning module ArchVisCharacter (113)
[2016.03.21-01.13.18:158][857]LogModuleManager: Shutting down and abandoning module MessagingDebugger (112)
[2016.03.21-01.13.18:159][857]LogModuleManager: Shutting down and abandoning module MediaPlayerEditor (111)
[2016.03.21-01.13.18:159][857]LogModuleManager: Shutting down and abandoning module HTML5Networking (110)
[2016.03.21-01.13.18:159][857]LogModuleManager: Shutting down and abandoning module SpeedTreeImporter (109)
[2016.03.21-01.13.18:159][857]LogModuleManager: Shutting down and abandoning module PluginBrowser (108)
[2016.03.21-01.13.18:159][857]LogModuleManager: Shutting down and abandoning module EpicSurvey (107)
[2016.03.21-01.13.18:159][857]LogModuleManager: Shutting down and abandoning module DesktopPlatform (106)
[2016.03.21-01.13.18:159][857]LogModuleManager: Shutting down and abandoning module VisualStudioSourceCodeAccess (105)
[2016.03.21-01.13.18:159][857]LogModuleManager: Shutting down and abandoning module UObjectPlugin (104)
[2016.03.21-01.13.18:159][857]LogModuleManager: Shutting down and abandoning module SubversionSourceControl (103)
[2016.03.21-01.13.18:159][857]LogModuleManager: Shutting down and abandoning module PerforceSourceControl (102)
[2016.03.21-01.13.18:159][857]LogModuleManager: Shutting down and abandoning module SourceControl (101)
[2016.03.21-01.13.18:159][857]LogModuleManager: Shutting down and abandoning module GitSourceControl (100)
[2016.03.21-01.13.18:159][857]LogModuleManager: Shutting down and abandoning module LightPropagationVolumeEditor (99)
[2016.03.21-01.13.18:160][857]LogModuleManager: Shutting down and abandoning module PaperTiledImporter (98)
[2016.03.21-01.13.18:160][857]LogModuleManager: Shutting down and abandoning module PaperSpriteSheetImporter (97)
[2016.03.21-01.13.18:160][857]LogModuleManager: Shutting down and abandoning module MeshPaint (96)
[2016.03.21-01.13.18:160][857]LogModuleManager: Shutting down and abandoning module SlateReflector (95)
[2016.03.21-01.13.18:160][857]LogModuleManager: Shutting down and abandoning module HotReload (94)
[2016.03.21-01.13.18:160][857]LogModuleManager: Shutting down and abandoning module MainFrame (93)
[2016.03.21-01.13.18:160][857]LogModuleManager: Shutting down and abandoning module LevelEditor (92)
[2016.03.21-01.13.18:164][857]LogModuleManager: Shutting down and abandoning module ContentBrowser (91)
[2016.03.21-01.13.18:167][857]LogModuleManager: Shutting down and abandoning module Paper2DEditor (90)
[2016.03.21-01.13.18:167][857]LogModuleManager: Shutting down and abandoning module UdpMessaging (89)
[2016.03.21-01.13.18:267][857]LogModuleManager: Shutting down and abandoning module DirectoryWatcher (88)
[2016.03.21-01.13.18:269][857]LogModuleManager: Shutting down and abandoning module AssetRegistry (87)
[2016.03.21-01.13.18:405][857]LogModuleManager: Shutting down and abandoning module SubstanceCore (86)
[2016.03.21-01.13.18:405][857]LogModuleManager: Shutting down and abandoning module LightPropagationVolumeRuntime (85)
[2016.03.21-01.13.18:405][857]LogModuleManager: Shutting down and abandoning module Paper2D (84)
[2016.03.21-01.13.18:405][857]LogModuleManager: Shutting down and abandoning module WindowsMoviePlayer (83)
[2016.03.21-01.13.18:410][857]LogModuleManager: Shutting down and abandoning module Media (82)
[2016.03.21-01.13.18:410][857]LogModuleManager: Shutting down and abandoning module WmfMedia (81)
[2016.03.21-01.13.18:410][857]LogModuleManager: Shutting down and abandoning module OnlineBlueprintSupport (80)
[2016.03.21-01.13.18:410][857]LogModuleManager: Shutting down and abandoning module GameplayTasksEditor (79)
[2016.03.21-01.13.18:410][857]LogModuleManager: Shutting down and abandoning module PropertyEditor (78)
[2016.03.21-01.13.18:410][857]LogModuleManager: Shutting down and abandoning module BehaviorTreeEditor (77)
[2016.03.21-01.13.18:410][857]LogModuleManager: Shutting down and abandoning module FunctionalTesting (76)
[2016.03.21-01.13.18:410][857]LogModuleManager: Shutting down and abandoning module CollisionAnalyzer (75)
[2016.03.21-01.13.18:410][857]LogModuleManager: Shutting down and abandoning module WorkspaceMenuStructure (74)
[2016.03.21-01.13.18:410][857]LogModuleManager: Shutting down and abandoning module MessageLog (73)
[2016.03.21-01.13.18:410][857]LogModuleManager: Shutting down and abandoning module Sequencer (72)
[2016.03.21-01.13.18:410][857]LogModuleManager: Shutting down and abandoning module AssetTools (71)
[2016.03.21-01.13.18:410][857]LogModuleManager: Shutting down and abandoning module UMGEditor (70)
[2016.03.21-01.13.18:410][857]LogModuleManager: Shutting down and abandoning module UMG (69)
[2016.03.21-01.13.18:410][857]LogModuleManager: Shutting down and abandoning module Slate (68)
[2016.03.21-01.13.18:410][857]LogModuleManager: Shutting down and abandoning module EditorStyle (67)
[2016.03.21-01.13.18:413][857]LogModuleManager: Shutting down and abandoning module SessionServices (66)
[2016.03.21-01.13.18:413][857]LogModuleManager: Shutting down and abandoning module SourceCodeAccess (65)
[2016.03.21-01.13.18:413][857]LogModuleManager: Shutting down and abandoning module HeadMountedDisplay (64)
[2016.03.21-01.13.18:413][857]LogModuleManager: Shutting down and abandoning module XAudio2 (63)
[2016.03.21-01.13.18:413][857]LogModuleManager: Shutting down and abandoning module Networking (61)
[2016.03.21-01.13.18:413][857]LogModuleManager: Shutting down and abandoning module Core (60)
[2016.03.21-01.13.18:413][857]LogModuleManager: Shutting down and abandoning module KismetCompiler (59)
[2016.03.21-01.13.18:413][857]LogModuleManager: Shutting down and abandoning module PhysXFormats (58)
[2016.03.21-01.13.18:413][857]LogModuleManager: Shutting down and abandoning module MeshUtilities (57)
[2016.03.21-01.13.18:413][857]LogModuleManager: Shutting down and abandoning module DerivedDataCache (56)
[2016.03.21-01.13.18:549][857]LogDerivedDataCache: Shutdown
[2016.03.21-01.13.18:549][857]LogModuleManager: Shutting down and abandoning module ShaderFormatOpenGL (55)
[2016.03.21-01.13.18:549][857]LogModuleManager: Shutting down and abandoning module ShaderFormatD3D (54)
[2016.03.21-01.13.18:549][857]LogModuleManager: Shutting down and abandoning module MetalShaderFormat (53)
[2016.03.21-01.13.18:549][857]LogModuleManager: Shutting down and abandoning module TextureFormatUncompressed (52)
[2016.03.21-01.13.18:549][857]LogModuleManager: Shutting down and abandoning module TextureFormatPVR (51)
[2016.03.21-01.13.18:549][857]LogModuleManager: Shutting down and abandoning module TextureFormatIntelISPCTexComp (50)
[2016.03.21-01.13.18:549][857]LogModuleManager: Shutting down and abandoning module TextureFormatDXT (49)
[2016.03.21-01.13.18:549][857]LogModuleManager: Shutting down and abandoning module ImageWrapper (48)
[2016.03.21-01.13.18:550][857]LogModuleManager: Shutting down and abandoning module TextureFormatASTC (47)
[2016.03.21-01.13.18:550][857]LogModuleManager: Shutting down and abandoning module TextureFormatAndroid (46)
[2016.03.21-01.13.18:550][857]LogModuleManager: Shutting down and abandoning module AudioFormatOpus (45)
[2016.03.21-01.13.18:550][857]LogModuleManager: Shutting down and abandoning module AudioFormatOgg (44)
[2016.03.21-01.13.18:550][857]LogModuleManager: Shutting down and abandoning module AudioFormatADPCM (43)
[2016.03.21-01.13.18:550][857]LogModuleManager: Shutting down and abandoning module LinuxTargetPlatform (42)
[2016.03.21-01.13.18:550][857]LogModuleManager: Shutting down and abandoning module LinuxServerTargetPlatform (41)
[2016.03.21-01.13.18:550][857]LogModuleManager: Shutting down and abandoning module LinuxNoEditorTargetPlatform (40)
[2016.03.21-01.13.18:550][857]LogModuleManager: Shutting down and abandoning module Messaging (39)
[2016.03.21-01.13.18:550][857]LogModuleManager: Shutting down and abandoning module IOSTargetPlatform (38)
[2016.03.21-01.13.18:550][857]LogModuleManager: Shutting down and abandoning module HTML5TargetPlatform (37)
[2016.03.21-01.13.18:550][857]LogModuleManager: Shutting down and abandoning module Android_PVRTCTargetPlatform (36)
[2016.03.21-01.13.18:550][857]LogModuleManager: Shutting down and abandoning module Android_MultiTargetPlatform (35)
[2016.03.21-01.13.18:550][857]LogModuleManager: Shutting down and abandoning module Android_ETC2TargetPlatform (34)
[2016.03.21-01.13.18:550][857]LogModuleManager: Shutting down and abandoning module Android_ETC1TargetPlatform (33)
[2016.03.21-01.13.18:550][857]LogModuleManager: Shutting down and abandoning module Android_DXTTargetPlatform (32)
[2016.03.21-01.13.18:550][857]LogModuleManager: Shutting down and abandoning module Android_ATCTargetPlatform (31)
[2016.03.21-01.13.18:550][857]LogModuleManager: Shutting down and abandoning module Android_ASTCTargetPlatform (30)
[2016.03.21-01.13.18:550][857]LogModuleManager: Shutting down and abandoning module AndroidTargetPlatform (29)
[2016.03.21-01.13.18:551][857]LogModuleManager: Shutting down and abandoning module WindowsTargetPlatform (28)
[2016.03.21-01.13.18:551][857]LogModuleManager: Shutting down and abandoning module WindowsServerTargetPlatform (27)
[2016.03.21-01.13.18:551][857]LogModuleManager: Shutting down and abandoning module WindowsNoEditorTargetPlatform (26)
[2016.03.21-01.13.18:551][857]LogModuleManager: Shutting down and abandoning module WindowsClientTargetPlatform (25)
[2016.03.21-01.13.18:551][857]LogModuleManager: Shutting down and abandoning module AllDesktopTargetPlatform (24)
[2016.03.21-01.13.18:551][857]LogModuleManager: Shutting down and abandoning module TargetPlatform (23)
[2016.03.21-01.13.18:551][857]LogModuleManager: Shutting down and abandoning module InputCore (22)
[2016.03.21-01.13.18:551][857]LogModuleManager: Shutting down and abandoning module Settings (21)
[2016.03.21-01.13.18:551][857]LogModuleManager: Shutting down and abandoning module OnlineSubsystem (19)
[2016.03.21-01.13.18:551][857]LogModuleManager: Shutting down and abandoning module HTTP (18)
[2016.03.21-01.13.19:552][857]LogModuleManager: Shutting down and abandoning module XMPP (17)
[2016.03.21-01.13.19:552][857]LogModuleManager: Shutting down and abandoning module OculusRift (16)
[2016.03.21-01.13.19:552][857]LogModuleManager: Shutting down and abandoning module ExampleDeviceProfileSelector (15)
[2016.03.21-01.13.19:552][857]LogModuleManager: Shutting down and abandoning module TextureCompressor (14)
[2016.03.21-01.13.19:552][857]LogModuleManager: Shutting down and abandoning module ShaderCore (13)
[2016.03.21-01.13.19:552][857]LogModuleManager: Shutting down and abandoning module Landscape (12)
[2016.03.21-01.13.19:552][857]LogModuleManager: Shutting down and abandoning module SlateRHIRenderer (11)
[2016.03.21-01.13.19:554][857]LogModuleManager: Shutting down and abandoning module OpenGLDrv (10)
[2016.03.21-01.13.19:554][857]LogModuleManager: Shutting down and abandoning module D3D11RHI (9)
[2016.03.21-01.13.19:554][857]LogModuleManager: Shutting down and abandoning module AnimGraphRuntime (8)
[2016.03.21-01.13.19:554][857]LogModuleManager: Shutting down and abandoning module Renderer (7)
[2016.03.21-01.13.19:554][857]LogModuleManager: Shutting down and abandoning module Engine (6)
[2016.03.21-01.13.19:554][857]LogModuleManager: Shutting down and abandoning module CoreUObject (5)
[2016.03.21-01.13.19:554][857]LogModuleManager: Shutting down and abandoning module NetworkFile (4)
[2016.03.21-01.13.19:554][857]LogModuleManager: Shutting down and abandoning module StreamingFile (3)
[2016.03.21-01.13.19:554][857]LogModuleManager: Shutting down and abandoning module SandboxFile (2)
[2016.03.21-01.13.19:554][857]LogModuleManager: Shutting down and abandoning module PakFile (1)
[2016.03.21-01.13.19:556][857]LogExit: Exiting.
[2016.03.21-01.13.19:558][857]Log file closed, 03/20/16 21:13:19
