[2016.02.13-20.03.23:490][  0]Log file open, 02/13/16 15:03:23
[2016.02.13-20.03.23:490][  0]LogInit:Display: Running engine for game: Hotel
[2016.02.13-20.03.23:490][  0]LogPlatformFile: Not using cached read wrapper
[2016.02.13-20.03.23:490][  0]LogInit:Display: RandInit(574433763) SRandInit(574433764).
[2016.02.13-20.03.23:490][  0]LogTaskGraph: Started task graph with 4 named threads and 7 total threads.
[2016.02.13-20.03.23:490][  0]LogStats: Stats thread started at 0.060338
[2016.02.13-20.03.23:490][  0]LogInit: Version: 4.10.2-2818068+++depot+UE4-Releases+4.10
[2016.02.13-20.03.23:490][  0]LogInit: API Version: 2758231
[2016.02.13-20.03.23:490][  0]LogInit: Compiled (64-bit): Jan  6 2016 17:36:42
[2016.02.13-20.03.23:490][  0]LogInit: Compiled with Visual C++: 19.00.23026.00
[2016.02.13-20.03.23:490][  0]LogInit: Build Configuration: Development
[2016.02.13-20.03.23:490][  0]LogInit: Branch Name: ++depot+UE4-Releases+4.10
[2016.02.13-20.03.23:490][  0]LogInit: Command line: 
[2016.02.13-20.03.23:490][  0]LogInit: Base directory: F:/Program Files/Epic Games/4.10/Engine/Binaries/Win64/
[2016.02.13-20.03.23:490][  0]LogInit: Rocket: 1
[2016.02.13-20.03.23:492][  0]LogInit: Using libcurl 7.41.0
[2016.02.13-20.03.23:492][  0]LogInit:  - built for x86_64-pc-win32
[2016.02.13-20.03.23:492][  0]LogInit:  - supports SSL with WinSSL
[2016.02.13-20.03.23:493][  0]LogInit:  - other features:
[2016.02.13-20.03.23:493][  0]LogInit:      CURL_VERSION_SSL
[2016.02.13-20.03.23:493][  0]LogInit:      CURL_VERSION_IPV6
[2016.02.13-20.03.23:493][  0]LogInit:      CURL_VERSION_ASYNCHDNS
[2016.02.13-20.03.23:493][  0]LogInit:      CURL_VERSION_LARGEFILE
[2016.02.13-20.03.23:493][  0]LogInit:      CURL_VERSION_IDN
[2016.02.13-20.03.23:493][  0]LogInit:  CurlRequestOptions (configurable via config and command line):
[2016.02.13-20.03.23:493][  0]LogInit:  - bVerifyPeer = true  - Libcurl will verify peer certificate
[2016.02.13-20.03.23:493][  0]LogInit:  - bUseHttpProxy = false  - Libcurl will NOT use HTTP proxy
[2016.02.13-20.03.23:493][  0]LogInit:  - bDontReuseConnections = false  - Libcurl will reuse connections
[2016.02.13-20.03.23:493][  0]LogInit:  - CertBundlePath = nullptr  - Libcurl will use whatever was configured at build time.
[2016.02.13-20.03.23:496][  0]LogInit: Presizing for 0 objects not considered by GC, pre-allocating 0 bytes.
[2016.02.13-20.03.23:499][  0]LogInit: Object subsystem initialized
[2016.02.13-20.03.23:500][  0]LogInit: Selected Device Profile: [Windows]
[2016.02.13-20.03.23:500][  0]LogInit: Applying CVar settings loaded from the selected device profile: [Windows]
[2016.02.13-20.03.23:504][  0]LogInit: Computer: DESKTOP-0FTHH47
[2016.02.13-20.03.23:504][  0]LogInit: User: aehrl
[2016.02.13-20.03.23:504][  0]LogInit: CPU Page size=4096, Cores=4
[2016.02.13-20.03.23:504][  0]LogInit: High frequency timer resolution =3.984649 MHz
[2016.02.13-20.03.23:504][  0]LogMemory: Memory total: Physical=15.9GB (16GB approx)
[2016.02.13-20.03.23:504][  0]LogMemory: Platform Memory Stats for Windows
[2016.02.13-20.03.23:504][  0]LogMemory: Process Physical Memory: 56.23 MB used, 56.23 MB peak
[2016.02.13-20.03.23:504][  0]LogMemory: Process Virtual Memory: 58.86 MB used, 58.86 MB peak
[2016.02.13-20.03.23:504][  0]LogMemory: Physical Memory: 5003.58 MB used, 16322.88 MB total
[2016.02.13-20.03.23:504][  0]LogMemory: Virtual Memory: 385.80 MB used, 134217728.00 MB total
[2016.02.13-20.03.23:524][  0]LogTextLocalizationManager: No specific translations for ('en-US') exist, so ('en') translations will be used.
[2016.02.13-20.03.23:831][  0]LogD3D11RHI: Found D3D11 adapter 0: NVIDIA GeForce GTX 960 (Feature Level 11_0)
[2016.02.13-20.03.23:831][  0]LogD3D11RHI: Adapter has 1969MB of dedicated video memory, 0MB of dedicated system memory, and 8161MB of shared system memory, 3 output[s]
[2016.02.13-20.03.23:832][  0]LogD3D11RHI: Found D3D11 adapter 1: Microsoft Basic Render Driver (Feature Level 11_0)
[2016.02.13-20.03.23:832][  0]LogD3D11RHI: Adapter has 0MB of dedicated video memory, 0MB of dedicated system memory, and 8161MB of shared system memory, 0 output[s]
[2016.02.13-20.03.23:832][  0]LogD3D11RHI: Chosen D3D11 Adapter Id = 0
[2016.02.13-20.03.23:835][  0]LogD3D11RHI: !Direct3DDevice
[2016.02.13-20.03.23:835][  0]LogRHI: Texture pool is 1361 MB (70% of 1945 MB)
[2016.02.13-20.03.23:844][  0]LogD3D11RHI: Async texture creation enabled
[2016.02.13-20.03.23:857][  0]LogShaderCompilers: Guid format shader working directory is -11 characters bigger than the processId version (../../../../../../My Media/UCF Documents/DIG 4725-2/Hotel/Intermediate/Shaders/WorkingDirectory/7332/).
[2016.02.13-20.03.23:857][  0]LogShaderCompilers: Cleaned the shader compiler working directory 'C:/Users/aehrl/AppData/Local/Temp/UnrealShaderWorkingDir/B22D8AC74355C2725DCA29B67FACCD4A/'.
[2016.02.13-20.03.23:857][  0]LogShaderCompilers:Display: Using Local Shader Compiler.
[2016.02.13-20.03.24:332][  0]LogTemp:Display: Loaded TP AllDesktopTargetPlatform
[2016.02.13-20.03.24:334][  0]LogTemp:Display: Loaded TP WindowsClientTargetPlatform
[2016.02.13-20.03.24:336][  0]LogTemp:Display: Loaded TP WindowsNoEditorTargetPlatform
[2016.02.13-20.03.24:339][  0]LogTemp:Display: Loaded TP WindowsServerTargetPlatform
[2016.02.13-20.03.24:341][  0]LogTemp:Display: Loaded TP WindowsTargetPlatform
[2016.02.13-20.03.24:343][  0]LogTemp:Display: Loaded TP AndroidTargetPlatform
[2016.02.13-20.03.24:344][  0]LogTemp:Display: Loaded TP Android_ASTCTargetPlatform
[2016.02.13-20.03.24:346][  0]LogTemp:Display: Loaded TP Android_ATCTargetPlatform
[2016.02.13-20.03.24:347][  0]LogTemp:Display: Loaded TP Android_DXTTargetPlatform
[2016.02.13-20.03.24:349][  0]LogTemp:Display: Loaded TP Android_ETC1TargetPlatform
[2016.02.13-20.03.24:350][  0]LogTemp:Display: Loaded TP Android_ETC2TargetPlatform
[2016.02.13-20.03.24:354][  0]LogTemp:Display: Loaded TP Android_MultiTargetPlatform
[2016.02.13-20.03.24:354][  0]LogTemp:Display: Loaded TP Android_PVRTCTargetPlatform
[2016.02.13-20.03.24:354][  0]LogTemp:Display: Loaded TP HTML5TargetPlatform
[2016.02.13-20.03.24:368][  0]LogTemp:Display: Loaded TP IOSTargetPlatform
[2016.02.13-20.03.24:370][  0]LogTemp:Display: Loaded TP LinuxNoEditorTargetPlatform
[2016.02.13-20.03.24:372][  0]LogTemp:Display: Loaded TP LinuxServerTargetPlatform
[2016.02.13-20.03.24:374][  0]LogTemp:Display: Loaded TP LinuxTargetPlatform
[2016.02.13-20.03.24:374][  0]LogTargetPlatformManager:Display: Building Assets For Windows
[2016.02.13-20.03.24:414][  0]LogDerivedDataCache:Display: Max Cache Size: 512 MB
[2016.02.13-20.03.24:442][  0]LogDerivedDataCache: Loaded boot cache 0.03s 41MB C:/Users/aehrl/AppData/Local/UnrealEngine/4.10/DerivedDataCache/Boot.ddc.
[2016.02.13-20.03.24:442][  0]LogDerivedDataCache:Display: Loaded Boot cache: C:/Users/aehrl/AppData/Local/UnrealEngine/4.10/DerivedDataCache/Boot.ddc
[2016.02.13-20.03.24:442][  0]LogDerivedDataCache: FDerivedDataBackendGraph:  Pak pak cache file ../../../../../../My Media/UCF Documents/DIG 4725-2/Hotel/DerivedDataCache/DDC.ddp not found, will not use a pak cache.
[2016.02.13-20.03.24:442][  0]LogDerivedDataCache: Unable to find inner node Pak for hierarchical cache Hierarchy.
[2016.02.13-20.03.24:442][  0]LogDerivedDataCache: FDerivedDataBackendGraph:  CompressedPak pak cache file ../../../../../../My Media/UCF Documents/DIG 4725-2/Hotel/DerivedDataCache/Compressed.ddp not found, will not use a pak cache.
[2016.02.13-20.03.24:442][  0]LogDerivedDataCache: Unable to find inner node CompressedPak for hierarchical cache Hierarchy.
[2016.02.13-20.03.24:481][  0]LogDerivedDataCache:Display: Pak cache opened for reading ../../../Engine/DerivedDataCache/Compressed.ddp.
[2016.02.13-20.03.24:492][  0]LogDerivedDataCache: Using Local data cache path C:/Users/aehrl/AppData/Local/UnrealEngine/Common/DerivedDataCache: Writable
[2016.02.13-20.03.24:595][  0]LogInit: Selected Device Profile: [Windows]
[2016.02.13-20.03.24:596][  0]LogContentStreaming: Texture pool size is 0.000000MB
[2016.02.13-20.03.24:664][  0]LogMeshUtilities: No automatic mesh reduction module available
[2016.02.13-20.03.24:664][  0]LogMeshUtilities: No automatic mesh merging module available
[2016.02.13-20.03.24:799][  0]LogInit: WinSock: version 1.1 (2.2), MaxSocks=32767, MaxUdp=65467
[2016.02.13-20.03.25:250][  0]LogAssetRegistry: FAssetRegistry took 0.0108 seconds to start up
[2016.02.13-20.03.25:256][  0]UdpMessaging: Initializing bridge on interface 0.0.0.0:0 to multicast group 230.0.0.1:6666.
[2016.02.13-20.03.25:408][  0]SourceControl: Info Source control is disabled
[2016.02.13-20.03.25:441][  0]SourceControl: Info Source control is disabled
[2016.02.13-20.03.25:446][  0]SourceControl: Info Source control is disabled
[2016.02.13-20.03.25:451][  0]SourceControl: Info Source control is disabled
[2016.02.13-20.03.25:561][  0]LogObj: 28802 objects as part of root set at end of initial load.
[2016.02.13-20.03.25:561][  0]LogUObjectAllocator: 6129776 out of 0 bytes used by permanent object pool.
[2016.02.13-20.03.25:599][  0]LogEngine: Initializing Engine...
[2016.02.13-20.03.25:600][  0]LogHMD: Can't find Oculus library dev build: is proper Runtime installed? Version: 0.8.0.0
[2016.02.13-20.03.25:601][  0]LogHMD: SteamVR failed to initialize.  Err: 110
[2016.02.13-20.03.25:672][  0]LogAIModule: Creating AISystem for world NewWorld
[2016.02.13-20.03.25:679][  0]LogInit: XAudio2 using 'Speakers (2- High Definition Audio Device)' : 2 channels at 44.1 kHz using 16 bits per sample (channel mask 0x3)
[2016.02.13-20.03.25:686][  0]LogInit: FAudioDevice initialized.
[2016.02.13-20.03.25:700][  0]LogDerivedDataCache: Saved boot cache 0.01s 41MB C:/Users/aehrl/AppData/Local/UnrealEngine/4.10/DerivedDataCache/Boot.ddc.
[2016.02.13-20.03.25:702][  0]LogInit: Texture streaming: Enabled
[2016.02.13-20.03.25:704][  0]LogAnalytics: Creating configured Analytics provider AnalyticsET
[2016.02.13-20.03.25:704][  0]LogAnalytics: [UEEditor.Rocket.Release] APIServer = http://et2.epicgames.com/ET2/. AppVersion = 4.10.2-2818068+++depot+UE4-Releases+4.10
[2016.02.13-20.03.25:704][  0]LogAnalytics: [UEEditor.Rocket.Release] SetUserId 0b01f67c451c321928712b89b2c25d66|b300224d71e64562a5bff06c2aaa78f8|4d10a4aa-bc91-4e54-b274-9b5f458b8e77
[2016.02.13-20.03.25:704][  0]LogAnalytics: [UEEditor.Rocket.Release] AnalyticsET::StartSession
[2016.02.13-20.03.25:709][  0]LogInit: Transaction tracking system initialized
[2016.02.13-20.03.25:721][  0]BlueprintLog: New page: Editor Load
[2016.02.13-20.03.25:757][  0]LocalizationService: Info Localization service is disabled
[2016.02.13-20.03.25:800][  0]LogConsoleResponse:Display: 
[2016.02.13-20.03.25:873][  0]LogCook:Display: Done creating registry. It took  0.00s.
[2016.02.13-20.03.25:900][  0]LogFileCache: Scanning file cache for directory 'F:/My Media/UCF Documents/DIG 4725-2/Hotel/Content/' took 0.01s
[2016.02.13-20.03.25:900][  0]SourceControl: Info Source control is disabled
[2016.02.13-20.03.25:900][  0]Cmd: MAP LOAD FILE="../../../Engine/Content/Maps/Templates/Template_Default.umap" TEMPLATE=1 SHOWPROGRESS=1 FEATURELEVEL=3
[2016.02.13-20.03.25:900][  0]LightingResults: New page: Lighting Build
[2016.02.13-20.03.25:902][  0]MapCheck: New page: Map Check
[2016.02.13-20.03.25:902][  0]LightingResults: New page: Lighting Build
[2016.02.13-20.03.25:909][  0]LogParticles: Destroying 0 GPU particle simulations for FXSystem 0x00000210CB167B00
[2016.02.13-20.03.26:044][  0]LogAIModule: Creating AISystem for world Untitled_1
[2016.02.13-20.03.26:047][  0]LogEditorServer: Finished looking for orphan Actors (0.000 secs)
[2016.02.13-20.03.26:049][  0]Cmd: MAP CHECKDEP NOCLEARLOG
[2016.02.13-20.03.26:074][  0]MapCheck: Info Map check complete: 0 Error(s), 0 Warning(s), took 25.031ms to complete.
[2016.02.13-20.03.26:074][  0]LogFileHelpers: Loading map 'Template_Default' took 0.175
[2016.02.13-20.03.26:243][  0]LogCollectionManager: Loaded 0 collections in 0.000839 seconds
[2016.02.13-20.03.26:289][  0]LogFileCache: Scanning file cache for directory 'F:/My Media/UCF Documents/DIG 4725-2/Hotel/Saved/Collections/' took 0.01s
[2016.02.13-20.03.26:289][  0]LogFileCache: Scanning file cache for directory 'F:/My Media/UCF Documents/DIG 4725-2/Hotel/Content/Developers/aehrl/Collections/' took 0.01s
[2016.02.13-20.03.26:289][  0]LogFileCache: Scanning file cache for directory 'F:/My Media/UCF Documents/DIG 4725-2/Hotel/Content/Collections/' took 0.01s
[2016.02.13-20.03.26:289][  0]LogCollectionManager: Rebuilt the GUID cache for 0 collections in 0.000001 seconds
[2016.02.13-20.03.26:294][  0]LogContentBrowser: Native class hierarchy populated in 0.0044 seconds. Added 1908 classes and 344 folders.
[2016.02.13-20.03.26:296][  0]LogContentBrowser: Native class hierarchy updated for 'WidgetCarousel' in 0.0002 seconds. Added 0 classes and 0 folders.
[2016.02.13-20.03.26:319][  0]LogContentBrowser: Native class hierarchy updated for 'AddContentDialog' in 0.0002 seconds. Added 0 classes and 0 folders.
[2016.02.13-20.03.26:324][  0]LogContentBrowser: Native class hierarchy updated for 'SceneOutliner' in 0.0002 seconds. Added 1 classes and 2 folders.
[2016.02.13-20.03.26:335][  0]LogCrashTracker: Crashtracker disabled due to settings.
[2016.02.13-20.03.26:338][  0]LogUObjectGlobals:Warning: Failed to find object 'Class None.'
[2016.02.13-20.03.26:360][  0]LogLoad: Full Startup: 3.11 seconds (BP compile: 0.02 seconds)
[2016.02.13-20.03.26:369][  0]LogOcInput: Can't find Oculus library dev build: is proper Runtime installed? Version: 0.8.0.0
[2016.02.13-20.03.26:399][  0]LogContentStreaming: Texture pool size now 1000 MB
[2016.02.13-20.03.26:501][  0]LogRenderer: Reallocating scene render targets to support 1208x608 (Frame:2).
[2016.02.13-20.03.26:592][  2]LogAssetRegistry: Asset discovery search completed in 1.3529 seconds
[2016.02.13-20.03.26:592][  2]LogCollectionManager: Rebuilt the object cache for 0 collections in 0.000001 seconds (found 0 objects)
[2016.02.13-20.03.26:592][  2]LogCollectionManager: Fixed up redirectors for 0 collections in 0.000018 seconds (updated 0 objects)
[2016.02.13-20.03.46:608][948]LogPlayLevel: PlayLevel: No blueprints needed recompiling
[2016.02.13-20.03.46:608][948]PIE: New page: PIE session: Untitled_1 (Feb 13, 2016, 10:03:46 AM)
[2016.02.13-20.03.46:608][948]LogPlayLevel: Creating play world package: /Temp/UEDPIE_0_Untitled_1
[2016.02.13-20.03.46:610][948]LogPlayLevel: PIE: StaticDuplicateObject took: (0.001071s)
[2016.02.13-20.03.46:610][948]LogAIModule: Creating AISystem for world Untitled_1
[2016.02.13-20.03.46:610][948]LogPlayLevel: PIE: World Init took: (0.000502s)
[2016.02.13-20.03.46:610][948]LogPlayLevel: PIE: Created PIE world by copying editor world from /Temp/Untitled_1.Untitled_1 to /Temp/UEDPIE_0_Untitled_1.Untitled_1 (0.001705s)
[2016.02.13-20.03.46:622][948]LogInit: XAudio2 using 'Speakers (2- High Definition Audio Device)' : 2 channels at 44.1 kHz using 16 bits per sample (channel mask 0x3)
[2016.02.13-20.03.46:627][948]LogInit: FAudioDevice initialized.
[2016.02.13-20.03.46:766][948]LogLinker:Warning: Asset '../../../../../../My Media/UCF Documents/DIG 4725-2/Hotel/Content/FirstPerson/Meshes/FirstPersonProjectileMesh.uasset' has been saved with empty engine version. The asset will be loaded but may be incompatible.
[2016.02.13-20.03.47:038][948]LogWorld: Game class is 'FirstPersonGameMode_C'
[2016.02.13-20.03.47:040][948]LogWorld: Bringing World /Temp/UEDPIE_0_Untitled_1.Untitled_1 up for play (max tick rate 0) at 2016.02.13-15.03.47
[2016.02.13-20.03.47:040][948]LogActor:Warning: GameSession /Temp/UEDPIE_0_Untitled_1.Untitled_1:PersistentLevel.GameSession_0 has natively added scene component(s), but none of them were set as the actor's RootComponent - picking one arbitrarily
[2016.02.13-20.03.47:040][948]LogActor:Warning: GameNetworkManager /Temp/UEDPIE_0_Untitled_1.Untitled_1:PersistentLevel.GameNetworkManager_0 has natively added scene component(s), but none of them were set as the actor's RootComponent - picking one arbitrarily
[2016.02.13-20.03.47:040][948]LogWorld: Bringing up level for play took: 0.001054
[2016.02.13-20.03.47:052][948]PIE: Info Play in editor start time for /Temp/UEDPIE_0_Untitled_1 0.237
[2016.02.13-20.03.47:061][949]LogRenderer: Reallocating scene render targets to support 1280x720 (Frame:1746).
[2016.02.13-20.03.50:850][394]LogParticles: Destroying 0 GPU particle simulations for FXSystem 0x00000210F8D81080
[2016.02.13-20.03.56:782][ 83]LogAIModule: Creating AISystem for world Prototype
[2016.02.13-20.03.56:783][ 83]LogParticles:Warning: InitializeSystem called on an unregistered component. Template=/Game/StarterContent/Particles/P_Steam_Lit2.P_Steam_Lit2 Component=/Game/Hotel/Levels/Prototype.Prototype:PersistentLevel.P_Steam_Lit2_2.ParticleSystemComponent0
[2016.02.13-20.03.56:802][ 83]Cmd: MAP LOAD FILE="../../../../../../My Media/UCF Documents/DIG 4725-2/Hotel/Content/Hotel/Levels/Prototype.umap" TEMPLATE=0 SHOWPROGRESS=1 FEATURELEVEL=3
[2016.02.13-20.03.56:802][ 83]LightingResults: New page: Lighting Build
[2016.02.13-20.03.56:811][ 83]LoadErrors: New page: Loading map: Prototype.umap
[2016.02.13-20.03.56:812][ 83]MapCheck: New page: Map Check
[2016.02.13-20.03.56:812][ 83]LightingResults: New page: Lighting Build
[2016.02.13-20.03.56:822][ 83]LogParticles: Destroying 0 GPU particle simulations for FXSystem 0x00000210BED27740
[2016.02.13-20.03.56:830][ 83]LogEditorServer: Finished looking for orphan Actors (0.000 secs)
[2016.02.13-20.03.56:842][ 83]Cmd: MAP CHECKDEP NOCLEARLOG
[2016.02.13-20.03.56:874][ 83]MapCheck: Info Map check complete: 0 Error(s), 0 Warning(s), took 31.649ms to complete.
[2016.02.13-20.03.56:874][ 83]LogFileHelpers: Loading map 'Prototype' took 0.072
[2016.02.13-20.04.00:827][552]LogBlueprintUserMessages: Early PlayInEditor Detection: Level '/Game/Hotel/Levels/Prototype.Prototype:PersistentLevel' has LevelScriptBlueprint '/Game/Hotel/Levels/Prototype.Prototype:PersistentLevel.Prototype' with GeneratedClass '/Game/Hotel/Levels/Prototype.Prototype_C' with ClassGeneratedBy '/Game/Hotel/Levels/Prototype.Prototype:PersistentLevel.Prototype'
[2016.02.13-20.04.00:827][552]LogPlayLevel: PlayLevel: No blueprints needed recompiling
[2016.02.13-20.04.00:827][552]PIE: New page: PIE session: Prototype (Feb 13, 2016, 10:04:00 AM)
[2016.02.13-20.04.00:827][552]LogPlayLevel: Creating play world package: /Game/Hotel/Levels/UEDPIE_0_Prototype
[2016.02.13-20.04.00:845][552]LogPlayLevel: PIE: StaticDuplicateObject took: (0.017424s)
[2016.02.13-20.04.00:845][552]LogAIModule: Creating AISystem for world Prototype
[2016.02.13-20.04.00:845][552]LogPlayLevel: PIE: World Init took: (0.000517s)
[2016.02.13-20.04.00:845][552]LogPlayLevel: PIE: Created PIE world by copying editor world from /Game/Hotel/Levels/Prototype.Prototype to /Game/Hotel/Levels/UEDPIE_0_Prototype.Prototype (0.018119s)
[2016.02.13-20.04.00:860][552]LogInit: XAudio2 using 'Speakers (2- High Definition Audio Device)' : 2 channels at 44.1 kHz using 16 bits per sample (channel mask 0x3)
[2016.02.13-20.04.00:863][552]LogInit: FAudioDevice initialized.
[2016.02.13-20.04.00:968][552]LogWorld: Game class is 'FirstPersonGameMode_C'
[2016.02.13-20.04.00:971][552]LogWorld: Bringing World /Game/Hotel/Levels/UEDPIE_0_Prototype.Prototype up for play (max tick rate 0) at 2016.02.13-15.04.00
[2016.02.13-20.04.00:972][552]LogActor:Warning: GameSession /Game/Hotel/Levels/UEDPIE_0_Prototype.Prototype:PersistentLevel.GameSession_1 has natively added scene component(s), but none of them were set as the actor's RootComponent - picking one arbitrarily
[2016.02.13-20.04.00:972][552]LogActor:Warning: GameNetworkManager /Game/Hotel/Levels/UEDPIE_0_Prototype.Prototype:PersistentLevel.GameNetworkManager_1 has natively added scene component(s), but none of them were set as the actor's RootComponent - picking one arbitrarily
[2016.02.13-20.04.00:972][552]LogWorld: Bringing up level for play took: 0.002967
[2016.02.13-20.04.00:984][552]PIE: Info Play in editor start time for /Game/Hotel/Levels/UEDPIE_0_Prototype 0.169
[2016.02.13-20.04.00:984][552]LogBlueprintUserMessages: Late PlayInEditor Detection: Level '/Game/Hotel/Levels/Prototype.Prototype:PersistentLevel' has LevelScriptBlueprint '/Game/Hotel/Levels/Prototype.Prototype:PersistentLevel.Prototype' with GeneratedClass '/Game/Hotel/Levels/Prototype.Prototype_C' with ClassGeneratedBy '/Game/Hotel/Levels/Prototype.Prototype:PersistentLevel.Prototype'
[2016.02.13-20.04.13:949][635]LogSpawn:Warning: SpawnActor failed because of collision at the spawn location [X=-1771.446 Y=-554.410 Z=734.886] for [FirstPersonProjectile_C]
[2016.02.13-20.04.26:204][102]LogPackageName: SearchForPackageOnDisk took   0.027s to resolve Menu.umap.
[2016.02.13-20.04.26:234][103]LogPackageName: SearchForPackageOnDisk took   0.026s to resolve Menu.umap.
[2016.02.13-20.04.26:235][103]LogNet: Browse: /Game/Hotel/Levels/Menu
[2016.02.13-20.04.26:235][103]LogLoad: LoadMap: /Game/Hotel/Levels/Menu
[2016.02.13-20.04.26:247][103]LogParticles: Destroying 0 GPU particle simulations for FXSystem 0x00000210CB374860
[2016.02.13-20.04.26:248][103]Cmd: MEM
[2016.02.13-20.04.26:255][103]LogMemory: Platform Memory Stats for Windows
[2016.02.13-20.04.26:255][103]LogMemory: Process Physical Memory: 758.29 MB used, 809.84 MB peak
[2016.02.13-20.04.26:255][103]LogMemory: Process Virtual Memory: 1404.88 MB used, 1428.59 MB peak
[2016.02.13-20.04.26:255][103]LogMemory: Physical Memory: 5115.32 MB used, 16322.88 MB total
[2016.02.13-20.04.26:255][103]LogMemory: Virtual Memory: 2278.96 MB used, 134217728.00 MB total
[2016.02.13-20.04.26:255][103]LogMemory: 
[2016.02.13-20.04.26:255][103]Allocator Stats for TBB: (not implemented)
[2016.02.13-20.04.26:758][103]LogAIModule: Creating AISystem for world Menu
[2016.02.13-20.04.26:758][103]LogWorld: Game class is 'FirstPersonGameMode_C'
[2016.02.13-20.04.26:759][103]LogWorld: Bringing World /Game/Hotel/Levels/UEDPIE_0_Menu.Menu up for play (max tick rate 0) at 2016.02.13-15.04.26
[2016.02.13-20.04.26:759][103]LogActor:Warning: GameSession /Game/Hotel/Levels/UEDPIE_0_Menu.Menu:PersistentLevel.GameSession_2 has natively added scene component(s), but none of them were set as the actor's RootComponent - picking one arbitrarily
[2016.02.13-20.04.26:759][103]LogActor:Warning: GameNetworkManager /Game/Hotel/Levels/UEDPIE_0_Menu.Menu:PersistentLevel.GameNetworkManager_2 has natively added scene component(s), but none of them were set as the actor's RootComponent - picking one arbitrarily
[2016.02.13-20.04.26:759][103]LogWorld: Bringing up level for play took: 0.000772
[2016.02.13-20.04.26:760][103]LogGameMode: Warning - PATHS NOT DEFINED or NO PLAYERSTART with positive rating
[2016.02.13-20.04.29:075][376]LogPackageName: SearchForPackageOnDisk took   0.027s to resolve Prototype.umap.
[2016.02.13-20.04.29:103][377]LogPackageName: SearchForPackageOnDisk took   0.027s to resolve Prototype.umap.
[2016.02.13-20.04.29:103][377]LogNet: Browse: /Game/Hotel/Levels/Prototype
[2016.02.13-20.04.29:103][377]LogLoad: LoadMap: /Game/Hotel/Levels/Prototype
[2016.02.13-20.04.29:113][377]LogParticles: Destroying 0 GPU particle simulations for FXSystem 0x00000210F8EE2B60
[2016.02.13-20.04.29:113][377]Cmd: MEM
[2016.02.13-20.04.29:120][377]LogMemory: Platform Memory Stats for Windows
[2016.02.13-20.04.29:120][377]LogMemory: Process Physical Memory: 1187.47 MB used, 1187.47 MB peak
[2016.02.13-20.04.29:120][377]LogMemory: Process Virtual Memory: 1933.34 MB used, 2018.02 MB peak
[2016.02.13-20.04.29:120][377]LogMemory: Physical Memory: 5530.17 MB used, 16322.88 MB total
[2016.02.13-20.04.29:120][377]LogMemory: Virtual Memory: 2856.78 MB used, 134217728.00 MB total
[2016.02.13-20.04.29:120][377]LogMemory: 
[2016.02.13-20.04.29:120][377]Allocator Stats for TBB: (not implemented)
[2016.02.13-20.04.29:120][377]LogPlayLevel: Creating play world package: /Game/Hotel/Levels/UEDPIE_0_Prototype
[2016.02.13-20.04.29:134][377]LogPlayLevel: PIE: StaticDuplicateObject took: (0.013831s)
[2016.02.13-20.04.29:134][377]LogAIModule: Creating AISystem for world Prototype
[2016.02.13-20.04.29:134][377]LogPlayLevel: PIE: World Init took: (0.000485s)
[2016.02.13-20.04.29:135][377]LogPlayLevel: PIE: Created PIE world by copying editor world from /Game/Hotel/Levels/Prototype.Prototype to /Game/Hotel/Levels/UEDPIE_0_Prototype.Prototype (0.014511s)
[2016.02.13-20.04.29:135][377]LogWorld: Game class is 'FirstPersonGameMode_C'
[2016.02.13-20.04.29:140][377]LogWorld: Bringing World /Game/Hotel/Levels/UEDPIE_0_Prototype.Prototype up for play (max tick rate 0) at 2016.02.13-15.04.29
[2016.02.13-20.04.29:140][377]LogActor:Warning: GameSession /Game/Hotel/Levels/UEDPIE_0_Prototype.Prototype:PersistentLevel.GameSession_3 has natively added scene component(s), but none of them were set as the actor's RootComponent - picking one arbitrarily
[2016.02.13-20.04.29:140][377]LogActor:Warning: GameNetworkManager /Game/Hotel/Levels/UEDPIE_0_Prototype.Prototype:PersistentLevel.GameNetworkManager_3 has natively added scene component(s), but none of them were set as the actor's RootComponent - picking one arbitrarily
[2016.02.13-20.04.29:140][377]LogWorld: Bringing up level for play took: 0.004641
[2016.02.13-20.05.03:898][546]LogBlueprintUserMessages: Early EndPlayMap Detection: Level '/Game/Hotel/Levels/Prototype.Prototype:PersistentLevel' has LevelScriptBlueprint '/Game/Hotel/Levels/Prototype.Prototype:PersistentLevel.Prototype' with GeneratedClass '/Game/Hotel/Levels/Prototype.Prototype_C' with ClassGeneratedBy '/Game/Hotel/Levels/Prototype.Prototype:PersistentLevel.Prototype'
[2016.02.13-20.05.03:934][546]LogBlueprintUserMessages: Late EndPlayMap Detection: Level '/Game/Hotel/Levels/Prototype.Prototype:PersistentLevel' has LevelScriptBlueprint '/Game/Hotel/Levels/Prototype.Prototype:PersistentLevel.Prototype' with GeneratedClass '/Game/Hotel/Levels/Prototype.Prototype_C' with ClassGeneratedBy '/Game/Hotel/Levels/Prototype.Prototype:PersistentLevel.Prototype'
[2016.02.13-20.05.03:952][547]LogParticles: Destroying 0 GPU particle simulations for FXSystem 0x0000021083A78860
[2016.02.13-20.05.31:880][834]LogSavePackage: Save=4.618224ms
[2016.02.13-20.05.31:880][834]LogSavePackage: Moving '../../../../../../My Media/UCF Documents/DIG 4725-2/Hotel/Saved/FirstPersonProjectileD31506F04FC9ED8EB32A439E4B3865FC.tmp' to '../../../../../../My Media/UCF Documents/DIG 4725-2/Hotel/Content/FirstPersonBP/Blueprints/FirstPersonProjectile.uasset'
[2016.02.13-20.05.31:881][834]LogSavePackage: Total save time: 7.617485ms
[2016.02.13-20.05.31:881][834]LogSavePackage:Display: Finished SavePackage ../../../../../../My Media/UCF Documents/DIG 4725-2/Hotel/Content/FirstPersonBP/Blueprints/FirstPersonProjectile.uasset
[2016.02.13-20.05.32:461][903]LogBlueprintUserMessages: Early PlayInEditor Detection: Level '/Game/Hotel/Levels/Prototype.Prototype:PersistentLevel' has LevelScriptBlueprint '/Game/Hotel/Levels/Prototype.Prototype:PersistentLevel.Prototype' with GeneratedClass '/Game/Hotel/Levels/Prototype.Prototype_C' with ClassGeneratedBy '/Game/Hotel/Levels/Prototype.Prototype:PersistentLevel.Prototype'
[2016.02.13-20.05.32:461][903]LogPlayLevel: PlayLevel: No blueprints needed recompiling
[2016.02.13-20.05.32:461][903]PIE: New page: PIE session: Prototype (Feb 13, 2016, 10:05:32 AM)
[2016.02.13-20.05.32:462][903]LogPlayLevel: Creating play world package: /Game/Hotel/Levels/UEDPIE_0_Prototype
[2016.02.13-20.05.32:476][903]LogPlayLevel: PIE: StaticDuplicateObject took: (0.014326s)
[2016.02.13-20.05.32:477][903]LogAIModule: Creating AISystem for world Prototype
[2016.02.13-20.05.32:477][903]LogPlayLevel: PIE: World Init took: (0.000638s)
[2016.02.13-20.05.32:477][903]LogPlayLevel: PIE: Created PIE world by copying editor world from /Game/Hotel/Levels/Prototype.Prototype to /Game/Hotel/Levels/UEDPIE_0_Prototype.Prototype (0.015151s)
[2016.02.13-20.05.32:492][903]LogInit: XAudio2 using 'Speakers (2- High Definition Audio Device)' : 2 channels at 44.1 kHz using 16 bits per sample (channel mask 0x3)
[2016.02.13-20.05.32:498][903]LogInit: FAudioDevice initialized.
[2016.02.13-20.05.32:600][903]LogWorld: Game class is 'FirstPersonGameMode_C'
[2016.02.13-20.05.32:603][903]LogWorld: Bringing World /Game/Hotel/Levels/UEDPIE_0_Prototype.Prototype up for play (max tick rate 0) at 2016.02.13-15.05.32
[2016.02.13-20.05.32:603][903]LogActor:Warning: GameSession /Game/Hotel/Levels/UEDPIE_0_Prototype.Prototype:PersistentLevel.GameSession_4 has natively added scene component(s), but none of them were set as the actor's RootComponent - picking one arbitrarily
[2016.02.13-20.05.32:603][903]LogActor:Warning: GameNetworkManager /Game/Hotel/Levels/UEDPIE_0_Prototype.Prototype:PersistentLevel.GameNetworkManager_4 has natively added scene component(s), but none of them were set as the actor's RootComponent - picking one arbitrarily
[2016.02.13-20.05.32:604][903]LogWorld: Bringing up level for play took: 0.003085
[2016.02.13-20.05.32:615][903]PIE: Info Play in editor start time for /Game/Hotel/Levels/UEDPIE_0_Prototype -0.199
[2016.02.13-20.05.32:616][903]LogBlueprintUserMessages: Late PlayInEditor Detection: Level '/Game/Hotel/Levels/Prototype.Prototype:PersistentLevel' has LevelScriptBlueprint '/Game/Hotel/Levels/Prototype.Prototype:PersistentLevel.Prototype' with GeneratedClass '/Game/Hotel/Levels/Prototype.Prototype_C' with ClassGeneratedBy '/Game/Hotel/Levels/Prototype.Prototype:PersistentLevel.Prototype'
[2016.02.13-20.05.36:278][340]LogScript:Warning: Accessed None 'Heartbeat'
	Player_C /Game/Hotel/Levels/UEDPIE_0_Prototype.Prototype:PersistentLevel.Player_C_4
	Function /Game/FirstPersonBP/Blueprints/player.Player_C:ExecuteUbergraph_Player:15B0
[2016.02.13-20.05.36:278][340]PIE:Error: Error Accessed None 'Heartbeat' from node Branch in graph 'EventGraph' in blueprint Player
[2016.02.13-20.05.39:761][758]LogScript:Warning: Accessed None 'Heartbeat'
	Player_C /Game/Hotel/Levels/UEDPIE_0_Prototype.Prototype:PersistentLevel.Player_C_4
	Function /Game/FirstPersonBP/Blueprints/player.Player_C:ExecuteUbergraph_Player:15B0
[2016.02.13-20.05.39:761][758]PIE:Error: Error Accessed None 'Heartbeat' from node Branch in graph 'EventGraph' in blueprint Player
[2016.02.13-20.05.41:594][978]LogScript:Warning: Accessed None 'Heartbeat'
	Player_C /Game/Hotel/Levels/UEDPIE_0_Prototype.Prototype:PersistentLevel.Player_C_4
	Function /Game/FirstPersonBP/Blueprints/player.Player_C:ExecuteUbergraph_Player:15B0
[2016.02.13-20.05.41:594][978]PIE:Error: Error Accessed None 'Heartbeat' from node Branch in graph 'EventGraph' in blueprint Player
[2016.02.13-20.05.48:961][862]LogBlueprintUserMessages: [Player_C_4] Hoop
[2016.02.13-20.05.54:255][496]LogBlueprintUserMessages: Early EndPlayMap Detection: Level '/Game/Hotel/Levels/Prototype.Prototype:PersistentLevel' has LevelScriptBlueprint '/Game/Hotel/Levels/Prototype.Prototype:PersistentLevel.Prototype' with GeneratedClass '/Game/Hotel/Levels/Prototype.Prototype_C' with ClassGeneratedBy '/Game/Hotel/Levels/Prototype.Prototype:PersistentLevel.Prototype'
[2016.02.13-20.05.54:287][496]LogBlueprintUserMessages: Late EndPlayMap Detection: Level '/Game/Hotel/Levels/Prototype.Prototype:PersistentLevel' has LevelScriptBlueprint '/Game/Hotel/Levels/Prototype.Prototype:PersistentLevel.Prototype' with GeneratedClass '/Game/Hotel/Levels/Prototype.Prototype_C' with ClassGeneratedBy '/Game/Hotel/Levels/Prototype.Prototype:PersistentLevel.Prototype'
[2016.02.13-20.05.54:296][496]LogParticles: Destroying 0 GPU particle simulations for FXSystem 0x00000210E07163E0
[2016.02.13-20.05.55:292][592]LogBlueprintUserMessages: Early PlayInEditor Detection: Level '/Game/Hotel/Levels/Prototype.Prototype:PersistentLevel' has LevelScriptBlueprint '/Game/Hotel/Levels/Prototype.Prototype:PersistentLevel.Prototype' with GeneratedClass '/Game/Hotel/Levels/Prototype.Prototype_C' with ClassGeneratedBy '/Game/Hotel/Levels/Prototype.Prototype:PersistentLevel.Prototype'
[2016.02.13-20.05.55:292][592]LogPlayLevel: PlayLevel: No blueprints needed recompiling
[2016.02.13-20.05.55:293][592]PIE: New page: PIE session: Prototype (Feb 13, 2016, 10:05:55 AM)
[2016.02.13-20.05.55:293][592]LogPlayLevel: Creating play world package: /Game/Hotel/Levels/UEDPIE_0_Prototype
[2016.02.13-20.05.55:306][592]LogPlayLevel: PIE: StaticDuplicateObject took: (0.013846s)
[2016.02.13-20.05.55:307][592]LogAIModule: Creating AISystem for world Prototype
[2016.02.13-20.05.55:307][592]LogPlayLevel: PIE: World Init took: (0.000645s)
[2016.02.13-20.05.55:307][592]LogPlayLevel: PIE: Created PIE world by copying editor world from /Game/Hotel/Levels/Prototype.Prototype to /Game/Hotel/Levels/UEDPIE_0_Prototype.Prototype (0.014739s)
[2016.02.13-20.05.55:323][592]LogInit: XAudio2 using 'Speakers (2- High Definition Audio Device)' : 2 channels at 44.1 kHz using 16 bits per sample (channel mask 0x3)
[2016.02.13-20.05.55:328][592]LogInit: FAudioDevice initialized.
[2016.02.13-20.05.55:450][592]LogWorld: Game class is 'FirstPersonGameMode_C'
[2016.02.13-20.05.55:454][592]LogWorld: Bringing World /Game/Hotel/Levels/UEDPIE_0_Prototype.Prototype up for play (max tick rate 0) at 2016.02.13-15.05.55
[2016.02.13-20.05.55:454][592]LogActor:Warning: GameSession /Game/Hotel/Levels/UEDPIE_0_Prototype.Prototype:PersistentLevel.GameSession_5 has natively added scene component(s), but none of them were set as the actor's RootComponent - picking one arbitrarily
[2016.02.13-20.05.55:454][592]LogActor:Warning: GameNetworkManager /Game/Hotel/Levels/UEDPIE_0_Prototype.Prototype:PersistentLevel.GameNetworkManager_5 has natively added scene component(s), but none of them were set as the actor's RootComponent - picking one arbitrarily
[2016.02.13-20.05.55:454][592]LogWorld: Bringing up level for play took: 0.003214
[2016.02.13-20.05.55:466][592]PIE: Info Play in editor start time for /Game/Hotel/Levels/UEDPIE_0_Prototype 0.651
[2016.02.13-20.05.55:466][592]LogBlueprintUserMessages: Late PlayInEditor Detection: Level '/Game/Hotel/Levels/Prototype.Prototype:PersistentLevel' has LevelScriptBlueprint '/Game/Hotel/Levels/Prototype.Prototype:PersistentLevel.Prototype' with GeneratedClass '/Game/Hotel/Levels/Prototype.Prototype_C' with ClassGeneratedBy '/Game/Hotel/Levels/Prototype.Prototype:PersistentLevel.Prototype'
[2016.02.13-20.05.57:790][869]LogBlueprintUserMessages: [Player_C_5] Faith
[2016.02.13-20.06.05:607][807]LogBlueprintUserMessages: [Player_C_5] Hoop
[2016.02.13-20.06.22:667][851]LogPackageName: SearchForPackageOnDisk took   0.026s to resolve Menu.umap.
[2016.02.13-20.06.22:697][852]LogPackageName: SearchForPackageOnDisk took   0.026s to resolve Menu.umap.
[2016.02.13-20.06.22:697][852]LogNet: Browse: /Game/Hotel/Levels/Menu
[2016.02.13-20.06.22:698][852]LogLoad: LoadMap: /Game/Hotel/Levels/Menu
[2016.02.13-20.06.22:710][852]LogParticles: Destroying 0 GPU particle simulations for FXSystem 0x00000210F843ECA0
[2016.02.13-20.06.22:710][852]Cmd: MEM
[2016.02.13-20.06.22:717][852]LogMemory: Platform Memory Stats for Windows
[2016.02.13-20.06.22:717][852]LogMemory: Process Physical Memory: 1199.95 MB used, 1232.79 MB peak
[2016.02.13-20.06.22:717][852]LogMemory: Process Virtual Memory: 1889.82 MB used, 2038.32 MB peak
[2016.02.13-20.06.22:717][852]LogMemory: Physical Memory: 5518.54 MB used, 16322.88 MB total
[2016.02.13-20.06.22:717][852]LogMemory: Virtual Memory: 2927.60 MB used, 134217728.00 MB total
[2016.02.13-20.06.22:717][852]LogMemory: 
[2016.02.13-20.06.22:717][852]Allocator Stats for TBB: (not implemented)
[2016.02.13-20.06.22:729][852]LogAIModule: Creating AISystem for world Menu
[2016.02.13-20.06.22:729][852]LogWorld: Game class is 'FirstPersonGameMode_C'
[2016.02.13-20.06.22:730][852]LogWorld: Bringing World /Game/Hotel/Levels/UEDPIE_0_Menu.Menu up for play (max tick rate 0) at 2016.02.13-15.06.22
[2016.02.13-20.06.22:730][852]LogActor:Warning: GameSession /Game/Hotel/Levels/UEDPIE_0_Menu.Menu:PersistentLevel.GameSession_6 has natively added scene component(s), but none of them were set as the actor's RootComponent - picking one arbitrarily
[2016.02.13-20.06.22:731][852]LogActor:Warning: GameNetworkManager /Game/Hotel/Levels/UEDPIE_0_Menu.Menu:PersistentLevel.GameNetworkManager_6 has natively added scene component(s), but none of them were set as the actor's RootComponent - picking one arbitrarily
[2016.02.13-20.06.22:731][852]LogWorld: Bringing up level for play took: 0.000668
[2016.02.13-20.06.22:731][852]LogGameMode: Warning - PATHS NOT DEFINED or NO PLAYERSTART with positive rating
[2016.02.13-20.06.25:572][192]LogBlueprintUserMessages: Early EndPlayMap Detection: Level '/Game/Hotel/Levels/Prototype.Prototype:PersistentLevel' has LevelScriptBlueprint '/Game/Hotel/Levels/Prototype.Prototype:PersistentLevel.Prototype' with GeneratedClass '/Game/Hotel/Levels/Prototype.Prototype_C' with ClassGeneratedBy '/Game/Hotel/Levels/Prototype.Prototype:PersistentLevel.Prototype'
[2016.02.13-20.06.25:598][192]LogBlueprintUserMessages: Late EndPlayMap Detection: Level '/Game/Hotel/Levels/Prototype.Prototype:PersistentLevel' has LevelScriptBlueprint '/Game/Hotel/Levels/Prototype.Prototype:PersistentLevel.Prototype' with GeneratedClass '/Game/Hotel/Levels/Prototype.Prototype_C' with ClassGeneratedBy '/Game/Hotel/Levels/Prototype.Prototype:PersistentLevel.Prototype'
[2016.02.13-20.06.25:615][193]LogParticles: Destroying 0 GPU particle simulations for FXSystem 0x00000210DA9496C0
[2016.02.13-20.06.29:468][650]LogWindowsTextInputMethodSystem:Display: IME system now deactivated.
[2016.02.13-20.06.29:628][651]Cmd: QUIT_EDITOR
[2016.02.13-20.06.30:060][651]LogExit: Preparing to exit.
[2016.02.13-20.06.30:413][651]LogExit: Editor shut down
[2016.02.13-20.06.30:414][651]LogExit: Transaction tracking system shut down
[2016.02.13-20.06.30:415][651]LogParticles: Destroying 0 GPU particle simulations for FXSystem 0x00000210DA9A3880
[2016.02.13-20.06.30:415][651]LogParticles: Destroying 0 GPU particle simulations for FXSystem 0x00000210DAE644A0
[2016.02.13-20.06.30:417][651]LogParticles: Destroying 0 GPU particle simulations for FXSystem 0x00000210BC31BC40
[2016.02.13-20.06.30:417][651]LogParticles: Destroying 0 GPU particle simulations for FXSystem 0x00000210F8EB0D60
[2016.02.13-20.06.30:553][651]LogParticles: Destroying 0 GPU particle simulations for FXSystem 0x00000210F8EB0900
[2016.02.13-20.06.30:553][651]LogExit: Object subsystem successfully closed.
[2016.02.13-20.06.30:560][651]LogD3D11RHI: Shutdown
[2016.02.13-20.06.30:560][651]LogD3D11RHI: CleanupD3DDevice
[2016.02.13-20.06.30:593][651]LogD3D11RHI: ~FD3D11DynamicRHI
[2016.02.13-20.06.30:600][651]LogModuleManager: Shutting down and abandoning module CookingStats (202)
[2016.02.13-20.06.30:601][651]LogModuleManager: Shutting down and abandoning module ExternalImagePicker (201)
[2016.02.13-20.06.30:601][651]LogModuleManager: Shutting down and abandoning module CrashTracker (200)
[2016.02.13-20.06.30:601][651]LogModuleManager: Shutting down and abandoning module SceneOutliner (199)
[2016.02.13-20.06.30:601][651]LogModuleManager: Shutting down and abandoning module SuperSearch (198)
[2016.02.13-20.06.30:601][651]LogModuleManager: Shutting down and abandoning module WidgetCarousel (197)
[2016.02.13-20.06.30:601][651]LogModuleManager: Shutting down and abandoning module AddContentDialog (196)
[2016.02.13-20.06.30:601][651]LogModuleManager: Shutting down and abandoning module EditorWidgets (195)
[2016.02.13-20.06.30:601][651]LogModuleManager: Shutting down and abandoning module CollectionManager (194)
[2016.02.13-20.06.30:601][651]LogModuleManager: Shutting down and abandoning module StatsViewer (193)
[2016.02.13-20.06.30:601][651]LogModuleManager: Shutting down and abandoning module FoliageEdit (192)
[2016.02.13-20.06.30:601][651]LogModuleManager: Shutting down and abandoning module LandscapeEditor (191)
[2016.02.13-20.06.30:601][651]LogModuleManager: Shutting down and abandoning module ActorPickerMode (190)
[2016.02.13-20.06.30:601][651]LogModuleManager: Shutting down and abandoning module GeometryMode (189)
[2016.02.13-20.06.30:601][651]LogModuleManager: Shutting down and abandoning module TextureAlignMode (188)
[2016.02.13-20.06.30:601][651]LogModuleManager: Shutting down and abandoning module BspMode (187)
[2016.02.13-20.06.30:601][651]LogModuleManager: Shutting down and abandoning module PlacementMode (186)
[2016.02.13-20.06.30:601][651]LogModuleManager: Shutting down and abandoning module AutomationWorker (185)
[2016.02.13-20.06.30:601][651]LogModuleManager: Shutting down and abandoning module CharacterAI (184)
[2016.02.13-20.06.30:601][651]LogModuleManager: Shutting down and abandoning module SmartSnapping (183)
[2016.02.13-20.06.30:601][651]LogModuleManager: Shutting down and abandoning module ViewportSnapping (182)
[2016.02.13-20.06.30:601][651]LogModuleManager: Shutting down and abandoning module LogVisualizer (181)
[2016.02.13-20.06.30:602][651]LogModuleManager: Shutting down and abandoning module GameProjectGeneration (180)
[2016.02.13-20.06.30:602][651]LogModuleManager: Shutting down and abandoning module IntroTutorials (179)
[2016.02.13-20.06.30:602][651]LogModuleManager: Shutting down and abandoning module EditorLiveStreaming (178)
[2016.02.13-20.06.30:602][651]LogModuleManager: Shutting down and abandoning module IOSPlatformEditor (177)
[2016.02.13-20.06.30:602][651]LogModuleManager: Shutting down and abandoning module HTML5PlatformEditor (176)
[2016.02.13-20.06.30:602][651]LogModuleManager: Shutting down and abandoning module AndroidDeviceDetection (175)
[2016.02.13-20.06.30:854][651]LogModuleManager: Shutting down and abandoning module AndroidPlatformEditor (174)
[2016.02.13-20.06.30:854][651]LogModuleManager: Shutting down and abandoning module IOSRuntimeSettings (173)
[2016.02.13-20.06.30:854][651]LogModuleManager: Shutting down and abandoning module AndroidRuntimeSettings (172)
[2016.02.13-20.06.30:854][651]LogModuleManager: Shutting down and abandoning module MergeActors (171)
[2016.02.13-20.06.30:854][651]LogModuleManager: Shutting down and abandoning module SizeMap (170)
[2016.02.13-20.06.30:854][651]LogModuleManager: Shutting down and abandoning module TreeMap (169)
[2016.02.13-20.06.30:854][651]LogModuleManager: Shutting down and abandoning module ReferenceViewer (168)
[2016.02.13-20.06.30:854][651]LogModuleManager: Shutting down and abandoning module LocalizationService (167)
[2016.02.13-20.06.30:854][651]LogModuleManager: Shutting down and abandoning module LocalizationDashboard (166)
[2016.02.13-20.06.30:854][651]LogModuleManager: Shutting down and abandoning module HardwareTargeting (165)
[2016.02.13-20.06.30:854][651]LogModuleManager: Shutting down and abandoning module DeviceProfileEditor (164)
[2016.02.13-20.06.30:854][651]LogModuleManager: Shutting down and abandoning module UndoHistory (163)
[2016.02.13-20.06.30:854][651]LogModuleManager: Shutting down and abandoning module GameplayTagsEditor (162)
[2016.02.13-20.06.30:854][651]LogModuleManager: Shutting down and abandoning module UserFeedback (161)
[2016.02.13-20.06.30:854][651]LogModuleManager: Shutting down and abandoning module XmlParser (160)
[2016.02.13-20.06.30:854][651]LogModuleManager: Shutting down and abandoning module Blutility (159)
[2016.02.13-20.06.30:854][651]LogModuleManager: Shutting down and abandoning module ProjectTargetPlatformEditor (158)
[2016.02.13-20.06.30:855][651]LogModuleManager: Shutting down and abandoning module ProjectSettingsViewer (157)
[2016.02.13-20.06.30:855][651]LogModuleManager: Shutting down and abandoning module InputBindingEditor (156)
[2016.02.13-20.06.30:855][651]LogModuleManager: Shutting down and abandoning module EditorSettingsViewer (155)
[2016.02.13-20.06.30:855][651]LogModuleManager: Shutting down and abandoning module SettingsEditor (154)
[2016.02.13-20.06.30:855][651]LogModuleManager: Shutting down and abandoning module ProjectLauncher (153)
[2016.02.13-20.06.30:855][651]LogModuleManager: Shutting down and abandoning module SessionFrontend (152)
[2016.02.13-20.06.30:855][651]LogModuleManager: Shutting down and abandoning module ProfilerClient (151)
[2016.02.13-20.06.30:855][651]LogModuleManager: Shutting down and abandoning module TargetDeviceServices (150)
[2016.02.13-20.06.30:855][651]LogModuleManager: Shutting down and abandoning module DeviceManager (149)
[2016.02.13-20.06.30:855][651]LogModuleManager: Shutting down and abandoning module AutomationController (148)
[2016.02.13-20.06.30:855][651]LogModuleManager: Shutting down and abandoning module AutomationWindow (147)
[2016.02.13-20.06.30:855][651]LogModuleManager: Shutting down and abandoning module Layers (146)
[2016.02.13-20.06.30:855][651]LogModuleManager: Shutting down and abandoning module ComponentVisualizers (145)
[2016.02.13-20.06.30:855][651]LogModuleManager: Shutting down and abandoning module DetailCustomizations (144)
[2016.02.13-20.06.30:855][651]LogModuleManager: Shutting down and abandoning module PackagesDialog (143)
[2016.02.13-20.06.30:855][651]LogModuleManager: Shutting down and abandoning module Persona (142)
[2016.02.13-20.06.30:855][651]LogModuleManager: Shutting down and abandoning module Kismet (141)
[2016.02.13-20.06.30:856][651]LogModuleManager: Shutting down and abandoning module GraphEditor (140)
[2016.02.13-20.06.30:856][651]LogModuleManager: Shutting down and abandoning module ClassViewer (139)
[2016.02.13-20.06.30:856][651]LogModuleManager: Shutting down and abandoning module Toolbox (138)
[2016.02.13-20.06.30:856][651]LogModuleManager: Shutting down and abandoning module ModuleUI (137)
[2016.02.13-20.06.30:856][651]LogModuleManager: Shutting down and abandoning module MovieSceneTools (136)
[2016.02.13-20.06.30:856][651]LogModuleManager: Shutting down and abandoning module OutputLog (135)
[2016.02.13-20.06.30:856][651]LogModuleManager: Shutting down and abandoning module GammaUI (134)
[2016.02.13-20.06.30:856][651]LogModuleManager: Shutting down and abandoning module Documentation (133)
[2016.02.13-20.06.30:856][651]LogModuleManager: Shutting down and abandoning module GameLiveStreaming (132)
[2016.02.13-20.06.30:856][651]LogModuleManager: Shutting down and abandoning module StreamingPauseRendering (131)
[2016.02.13-20.06.30:856][651]LogModuleManager: Shutting down and abandoning module AnalyticsET (130)
[2016.02.13-20.06.30:856][651]LogModuleManager: Shutting down and abandoning module Analytics (129)
[2016.02.13-20.06.30:856][651]LogModuleManager: Shutting down and abandoning module AITestSuite (128)
[2016.02.13-20.06.30:856][651]LogModuleManager: Shutting down and abandoning module GameplayDebugger (127)
[2016.02.13-20.06.30:856][651]LogModuleManager: Shutting down and abandoning module AIModule (126)
[2016.02.13-20.06.30:856][651]LogModuleManager: Shutting down and abandoning module ProfilerService (125)
[2016.02.13-20.06.31:097][651]LogModuleManager: Shutting down and abandoning module TaskGraph (124)
[2016.02.13-20.06.31:097][651]LogModuleManager: Shutting down and abandoning module SubstanceEditor (123)
[2016.02.13-20.06.31:097][651]LogModuleManager: Shutting down and abandoning module SlateRemote (122)
[2016.02.13-20.06.31:097][651]LogModuleManager: Shutting down and abandoning module SteamVRController (121)
[2016.02.13-20.06.31:097][651]LogModuleManager: Shutting down and abandoning module SteamVR (120)
[2016.02.13-20.06.31:097][651]LogModuleManager: Shutting down and abandoning module ProceduralMeshComponent (119)
[2016.02.13-20.06.31:097][651]LogModuleManager: Shutting down and abandoning module OculusLibrary (118)
[2016.02.13-20.06.31:097][651]LogModuleManager: Shutting down and abandoning module OculusInput (117)
[2016.02.13-20.06.31:097][651]LogModuleManager: Shutting down and abandoning module LeapMotionController (116)
[2016.02.13-20.06.31:141][651]LogModuleManager: Shutting down and abandoning module CustomMeshComponent (115)
[2016.02.13-20.06.31:141][651]LogModuleManager: Shutting down and abandoning module CableComponent (114)
[2016.02.13-20.06.31:141][651]LogModuleManager: Shutting down and abandoning module ArchVisCharacter (113)
[2016.02.13-20.06.31:141][651]LogModuleManager: Shutting down and abandoning module MessagingDebugger (112)
[2016.02.13-20.06.31:141][651]LogModuleManager: Shutting down and abandoning module MediaPlayerEditor (111)
[2016.02.13-20.06.31:141][651]LogModuleManager: Shutting down and abandoning module HTML5Networking (110)
[2016.02.13-20.06.31:141][651]LogModuleManager: Shutting down and abandoning module SpeedTreeImporter (109)
[2016.02.13-20.06.31:141][651]LogModuleManager: Shutting down and abandoning module PluginBrowser (108)
[2016.02.13-20.06.31:141][651]LogModuleManager: Shutting down and abandoning module EpicSurvey (107)
[2016.02.13-20.06.31:141][651]LogModuleManager: Shutting down and abandoning module DesktopPlatform (106)
[2016.02.13-20.06.31:141][651]LogModuleManager: Shutting down and abandoning module VisualStudioSourceCodeAccess (105)
[2016.02.13-20.06.31:141][651]LogModuleManager: Shutting down and abandoning module UObjectPlugin (104)
[2016.02.13-20.06.31:141][651]LogModuleManager: Shutting down and abandoning module SubversionSourceControl (103)
[2016.02.13-20.06.31:141][651]LogModuleManager: Shutting down and abandoning module PerforceSourceControl (102)
[2016.02.13-20.06.31:141][651]LogModuleManager: Shutting down and abandoning module SourceControl (101)
[2016.02.13-20.06.31:141][651]LogModuleManager: Shutting down and abandoning module GitSourceControl (100)
[2016.02.13-20.06.31:141][651]LogModuleManager: Shutting down and abandoning module LightPropagationVolumeEditor (99)
[2016.02.13-20.06.31:141][651]LogModuleManager: Shutting down and abandoning module PaperTiledImporter (98)
[2016.02.13-20.06.31:141][651]LogModuleManager: Shutting down and abandoning module PaperSpriteSheetImporter (97)
[2016.02.13-20.06.31:141][651]LogModuleManager: Shutting down and abandoning module MeshPaint (96)
[2016.02.13-20.06.31:141][651]LogModuleManager: Shutting down and abandoning module SlateReflector (95)
[2016.02.13-20.06.31:141][651]LogModuleManager: Shutting down and abandoning module HotReload (94)
[2016.02.13-20.06.31:141][651]LogModuleManager: Shutting down and abandoning module MainFrame (93)
[2016.02.13-20.06.31:141][651]LogModuleManager: Shutting down and abandoning module LevelEditor (92)
[2016.02.13-20.06.31:142][651]LogModuleManager: Shutting down and abandoning module ContentBrowser (91)
[2016.02.13-20.06.31:143][651]LogModuleManager: Shutting down and abandoning module Paper2DEditor (90)
[2016.02.13-20.06.31:143][651]LogModuleManager: Shutting down and abandoning module UdpMessaging (89)
[2016.02.13-20.06.31:244][651]LogModuleManager: Shutting down and abandoning module DirectoryWatcher (88)
[2016.02.13-20.06.31:245][651]LogModuleManager: Shutting down and abandoning module AssetRegistry (87)
[2016.02.13-20.06.31:355][651]LogModuleManager: Shutting down and abandoning module SubstanceCore (86)
[2016.02.13-20.06.31:355][651]LogModuleManager: Shutting down and abandoning module LightPropagationVolumeRuntime (85)
[2016.02.13-20.06.31:355][651]LogModuleManager: Shutting down and abandoning module Paper2D (84)
[2016.02.13-20.06.31:355][651]LogModuleManager: Shutting down and abandoning module WindowsMoviePlayer (83)
[2016.02.13-20.06.31:358][651]LogModuleManager: Shutting down and abandoning module Media (82)
[2016.02.13-20.06.31:358][651]LogModuleManager: Shutting down and abandoning module WmfMedia (81)
[2016.02.13-20.06.31:359][651]LogModuleManager: Shutting down and abandoning module OnlineBlueprintSupport (80)
[2016.02.13-20.06.31:359][651]LogModuleManager: Shutting down and abandoning module GameplayTasksEditor (79)
[2016.02.13-20.06.31:359][651]LogModuleManager: Shutting down and abandoning module PropertyEditor (78)
[2016.02.13-20.06.31:359][651]LogModuleManager: Shutting down and abandoning module BehaviorTreeEditor (77)
[2016.02.13-20.06.31:359][651]LogModuleManager: Shutting down and abandoning module FunctionalTesting (76)
[2016.02.13-20.06.31:359][651]LogModuleManager: Shutting down and abandoning module CollisionAnalyzer (75)
[2016.02.13-20.06.31:359][651]LogModuleManager: Shutting down and abandoning module WorkspaceMenuStructure (74)
[2016.02.13-20.06.31:359][651]LogModuleManager: Shutting down and abandoning module MessageLog (73)
[2016.02.13-20.06.31:359][651]LogModuleManager: Shutting down and abandoning module Sequencer (72)
[2016.02.13-20.06.31:359][651]LogModuleManager: Shutting down and abandoning module AssetTools (71)
[2016.02.13-20.06.31:359][651]LogModuleManager: Shutting down and abandoning module UMGEditor (70)
[2016.02.13-20.06.31:359][651]LogModuleManager: Shutting down and abandoning module UMG (69)
[2016.02.13-20.06.31:359][651]LogModuleManager: Shutting down and abandoning module Slate (68)
[2016.02.13-20.06.31:359][651]LogModuleManager: Shutting down and abandoning module EditorStyle (67)
[2016.02.13-20.06.31:361][651]LogModuleManager: Shutting down and abandoning module SessionServices (66)
[2016.02.13-20.06.31:361][651]LogModuleManager: Shutting down and abandoning module SourceCodeAccess (65)
[2016.02.13-20.06.31:361][651]LogModuleManager: Shutting down and abandoning module HeadMountedDisplay (64)
[2016.02.13-20.06.31:361][651]LogModuleManager: Shutting down and abandoning module XAudio2 (63)
[2016.02.13-20.06.31:361][651]LogModuleManager: Shutting down and abandoning module Networking (61)
[2016.02.13-20.06.31:361][651]LogModuleManager: Shutting down and abandoning module Core (60)
[2016.02.13-20.06.31:361][651]LogModuleManager: Shutting down and abandoning module KismetCompiler (59)
[2016.02.13-20.06.31:361][651]LogModuleManager: Shutting down and abandoning module PhysXFormats (58)
[2016.02.13-20.06.31:361][651]LogModuleManager: Shutting down and abandoning module MeshUtilities (57)
[2016.02.13-20.06.31:361][651]LogModuleManager: Shutting down and abandoning module DerivedDataCache (56)
[2016.02.13-20.06.31:401][651]LogDerivedDataCache: Shutdown
[2016.02.13-20.06.31:401][651]LogModuleManager: Shutting down and abandoning module ShaderFormatOpenGL (55)
[2016.02.13-20.06.31:401][651]LogModuleManager: Shutting down and abandoning module ShaderFormatD3D (54)
[2016.02.13-20.06.31:402][651]LogModuleManager: Shutting down and abandoning module MetalShaderFormat (53)
[2016.02.13-20.06.31:402][651]LogModuleManager: Shutting down and abandoning module TextureFormatUncompressed (52)
[2016.02.13-20.06.31:402][651]LogModuleManager: Shutting down and abandoning module TextureFormatPVR (51)
[2016.02.13-20.06.31:402][651]LogModuleManager: Shutting down and abandoning module TextureFormatIntelISPCTexComp (50)
[2016.02.13-20.06.31:402][651]LogModuleManager: Shutting down and abandoning module TextureFormatDXT (49)
[2016.02.13-20.06.31:402][651]LogModuleManager: Shutting down and abandoning module ImageWrapper (48)
[2016.02.13-20.06.31:402][651]LogModuleManager: Shutting down and abandoning module TextureFormatASTC (47)
[2016.02.13-20.06.31:402][651]LogModuleManager: Shutting down and abandoning module TextureFormatAndroid (46)
[2016.02.13-20.06.31:402][651]LogModuleManager: Shutting down and abandoning module AudioFormatOpus (45)
[2016.02.13-20.06.31:402][651]LogModuleManager: Shutting down and abandoning module AudioFormatOgg (44)
[2016.02.13-20.06.31:402][651]LogModuleManager: Shutting down and abandoning module AudioFormatADPCM (43)
[2016.02.13-20.06.31:402][651]LogModuleManager: Shutting down and abandoning module LinuxTargetPlatform (42)
[2016.02.13-20.06.31:402][651]LogModuleManager: Shutting down and abandoning module LinuxServerTargetPlatform (41)
[2016.02.13-20.06.31:402][651]LogModuleManager: Shutting down and abandoning module LinuxNoEditorTargetPlatform (40)
[2016.02.13-20.06.31:402][651]LogModuleManager: Shutting down and abandoning module Messaging (39)
[2016.02.13-20.06.31:402][651]LogModuleManager: Shutting down and abandoning module IOSTargetPlatform (38)
[2016.02.13-20.06.31:402][651]LogModuleManager: Shutting down and abandoning module HTML5TargetPlatform (37)
[2016.02.13-20.06.31:402][651]LogModuleManager: Shutting down and abandoning module Android_PVRTCTargetPlatform (36)
[2016.02.13-20.06.31:402][651]LogModuleManager: Shutting down and abandoning module Android_MultiTargetPlatform (35)
[2016.02.13-20.06.31:402][651]LogModuleManager: Shutting down and abandoning module Android_ETC2TargetPlatform (34)
[2016.02.13-20.06.31:402][651]LogModuleManager: Shutting down and abandoning module Android_ETC1TargetPlatform (33)
[2016.02.13-20.06.31:402][651]LogModuleManager: Shutting down and abandoning module Android_DXTTargetPlatform (32)
[2016.02.13-20.06.31:402][651]LogModuleManager: Shutting down and abandoning module Android_ATCTargetPlatform (31)
[2016.02.13-20.06.31:402][651]LogModuleManager: Shutting down and abandoning module Android_ASTCTargetPlatform (30)
[2016.02.13-20.06.31:402][651]LogModuleManager: Shutting down and abandoning module AndroidTargetPlatform (29)
[2016.02.13-20.06.31:402][651]LogModuleManager: Shutting down and abandoning module WindowsTargetPlatform (28)
[2016.02.13-20.06.31:402][651]LogModuleManager: Shutting down and abandoning module WindowsServerTargetPlatform (27)
[2016.02.13-20.06.31:402][651]LogModuleManager: Shutting down and abandoning module WindowsNoEditorTargetPlatform (26)
[2016.02.13-20.06.31:402][651]LogModuleManager: Shutting down and abandoning module WindowsClientTargetPlatform (25)
[2016.02.13-20.06.31:402][651]LogModuleManager: Shutting down and abandoning module AllDesktopTargetPlatform (24)
[2016.02.13-20.06.31:402][651]LogModuleManager: Shutting down and abandoning module TargetPlatform (23)
[2016.02.13-20.06.31:402][651]LogModuleManager: Shutting down and abandoning module InputCore (22)
[2016.02.13-20.06.31:402][651]LogModuleManager: Shutting down and abandoning module Settings (21)
[2016.02.13-20.06.31:402][651]LogModuleManager: Shutting down and abandoning module OnlineSubsystem (19)
[2016.02.13-20.06.31:402][651]LogModuleManager: Shutting down and abandoning module HTTP (18)
[2016.02.13-20.06.33:404][651]LogModuleManager: Shutting down and abandoning module XMPP (17)
[2016.02.13-20.06.33:405][651]LogModuleManager: Shutting down and abandoning module OculusRift (16)
[2016.02.13-20.06.33:405][651]LogModuleManager: Shutting down and abandoning module ExampleDeviceProfileSelector (15)
[2016.02.13-20.06.33:405][651]LogModuleManager: Shutting down and abandoning module TextureCompressor (14)
[2016.02.13-20.06.33:405][651]LogModuleManager: Shutting down and abandoning module ShaderCore (13)
[2016.02.13-20.06.33:405][651]LogModuleManager: Shutting down and abandoning module Landscape (12)
[2016.02.13-20.06.33:405][651]LogModuleManager: Shutting down and abandoning module SlateRHIRenderer (11)
[2016.02.13-20.06.33:406][651]LogModuleManager: Shutting down and abandoning module OpenGLDrv (10)
[2016.02.13-20.06.33:407][651]LogModuleManager: Shutting down and abandoning module D3D11RHI (9)
[2016.02.13-20.06.33:407][651]LogModuleManager: Shutting down and abandoning module AnimGraphRuntime (8)
[2016.02.13-20.06.33:407][651]LogModuleManager: Shutting down and abandoning module Renderer (7)
[2016.02.13-20.06.33:407][651]LogModuleManager: Shutting down and abandoning module Engine (6)
[2016.02.13-20.06.33:407][651]LogModuleManager: Shutting down and abandoning module CoreUObject (5)
[2016.02.13-20.06.33:407][651]LogModuleManager: Shutting down and abandoning module NetworkFile (4)
[2016.02.13-20.06.33:407][651]LogModuleManager: Shutting down and abandoning module StreamingFile (3)
[2016.02.13-20.06.33:407][651]LogModuleManager: Shutting down and abandoning module SandboxFile (2)
[2016.02.13-20.06.33:407][651]LogModuleManager: Shutting down and abandoning module PakFile (1)
[2016.02.13-20.06.33:410][651]LogExit: Exiting.
[2016.02.13-20.06.33:442][651]Log file closed, 02/13/16 15:06:33
