[2016.02.22-19.19.15:610][  0]Log file open, 02/22/16 14:19:15
[2016.02.22-19.19.15:610][  0]LogInit:Display: Running engine without a game
[2016.02.22-19.19.15:610][  0]LogPlatformFile: Not using cached read wrapper
[2016.02.22-19.19.15:611][  0]LogInit:Display: Loading recent project file: C:/My Media/UCF Documents/DIG 4725-2/HotelBete/Hotel.uproject
[2016.02.22-19.19.15:611][  0]LogInit:Display: RandInit(1243129359) SRandInit(1243129361).
[2016.02.22-19.19.15:611][  0]LogTaskGraph: Started task graph with 4 named threads and 7 total threads.
[2016.02.22-19.19.15:611][  0]LogStats: Stats thread started at 0.078901
[2016.02.22-19.19.15:611][  0]LogInit: Version: 4.10.2-2818068+++depot+UE4-Releases+4.10
[2016.02.22-19.19.15:611][  0]LogInit: API Version: 2758231
[2016.02.22-19.19.15:611][  0]LogInit: Compiled (64-bit): Jan  6 2016 17:36:42
[2016.02.22-19.19.15:611][  0]LogInit: Compiled with Visual C++: 19.00.23026.00
[2016.02.22-19.19.15:611][  0]LogInit: Build Configuration: Development
[2016.02.22-19.19.15:611][  0]LogInit: Branch Name: ++depot+UE4-Releases+4.10
[2016.02.22-19.19.15:611][  0]LogInit: Command line: 
[2016.02.22-19.19.15:611][  0]LogInit: Base directory: C:/Program Files (x86)/Epic Games/4.10/Engine/Binaries/Win64/
[2016.02.22-19.19.15:611][  0]LogInit: Rocket: 1
[2016.02.22-19.19.15:618][  0]LogInit: Using libcurl 7.41.0
[2016.02.22-19.19.15:618][  0]LogInit:  - built for x86_64-pc-win32
[2016.02.22-19.19.15:618][  0]LogInit:  - supports SSL with WinSSL
[2016.02.22-19.19.15:618][  0]LogInit:  - other features:
[2016.02.22-19.19.15:618][  0]LogInit:      CURL_VERSION_SSL
[2016.02.22-19.19.15:618][  0]LogInit:      CURL_VERSION_IPV6
[2016.02.22-19.19.15:618][  0]LogInit:      CURL_VERSION_ASYNCHDNS
[2016.02.22-19.19.15:618][  0]LogInit:      CURL_VERSION_LARGEFILE
[2016.02.22-19.19.15:618][  0]LogInit:      CURL_VERSION_IDN
[2016.02.22-19.19.15:618][  0]LogInit:  CurlRequestOptions (configurable via config and command line):
[2016.02.22-19.19.15:618][  0]LogInit:  - bVerifyPeer = true  - Libcurl will verify peer certificate
[2016.02.22-19.19.15:618][  0]LogInit:  - bUseHttpProxy = false  - Libcurl will NOT use HTTP proxy
[2016.02.22-19.19.15:618][  0]LogInit:  - bDontReuseConnections = false  - Libcurl will reuse connections
[2016.02.22-19.19.15:618][  0]LogInit:  - CertBundlePath = nullptr  - Libcurl will use whatever was configured at build time.
[2016.02.22-19.19.15:625][  0]LogInit: Presizing for 0 objects not considered by GC, pre-allocating 0 bytes.
[2016.02.22-19.19.15:630][  0]LogInit: Object subsystem initialized
[2016.02.22-19.19.15:631][  0]LogInit: Selected Device Profile: [Windows]
[2016.02.22-19.19.15:631][  0]LogInit: Applying CVar settings loaded from the selected device profile: [Windows]
[2016.02.22-19.19.15:637][  0]LogInit: Computer: ANDREW-LAPTOP
[2016.02.22-19.19.15:637][  0]LogInit: User: aehrl
[2016.02.22-19.19.15:637][  0]LogInit: CPU Page size=4096, Cores=4
[2016.02.22-19.19.15:637][  0]LogInit: High frequency timer resolution =2.531250 MHz
[2016.02.22-19.19.15:637][  0]LogMemory: Memory total: Physical=7.9GB (8GB approx)
[2016.02.22-19.19.15:637][  0]LogMemory: Platform Memory Stats for Windows
[2016.02.22-19.19.15:637][  0]LogMemory: Process Physical Memory: 56.50 MB used, 56.50 MB peak
[2016.02.22-19.19.15:637][  0]LogMemory: Process Virtual Memory: 56.88 MB used, 56.88 MB peak
[2016.02.22-19.19.15:637][  0]LogMemory: Physical Memory: 4484.57 MB used, 8051.78 MB total
[2016.02.22-19.19.15:637][  0]LogMemory: Virtual Memory: 382.77 MB used, 134217728.00 MB total
[2016.02.22-19.19.15:676][  0]LogTextLocalizationManager: No specific translations for ('en-US') exist, so ('en') translations will be used.
[2016.02.22-19.19.16:079][  0]LogD3D11RHI: Found D3D11 adapter 0: NVIDIA GeForce GTX 960M  (Feature Level 11_0)
[2016.02.22-19.19.16:079][  0]LogD3D11RHI: Adapter has 4036MB of dedicated video memory, 0MB of dedicated system memory, and 4025MB of shared system memory, 1 output[s]
[2016.02.22-19.19.16:086][  0]LogD3D11RHI: Found D3D11 adapter 1: Intel(R) HD Graphics 530 (Feature Level 11_0)
[2016.02.22-19.19.16:086][  0]LogD3D11RHI: Adapter has 128MB of dedicated video memory, 0MB of dedicated system memory, and 4025MB of shared system memory, 0 output[s]
[2016.02.22-19.19.16:087][  0]LogD3D11RHI: Found D3D11 adapter 2: Microsoft Basic Render Driver (Feature Level 11_0)
[2016.02.22-19.19.16:087][  0]LogD3D11RHI: Adapter has 0MB of dedicated video memory, 0MB of dedicated system memory, and 4025MB of shared system memory, 0 output[s]
[2016.02.22-19.19.16:087][  0]LogD3D11RHI: Chosen D3D11 Adapter Id = 0
[2016.02.22-19.19.16:093][  0]LogD3D11RHI: !Direct3DDevice
[2016.02.22-19.19.16:093][  0]LogRHI: Texture pool is 1361 MB (70% of 1945 MB)
[2016.02.22-19.19.16:108][  0]LogD3D11RHI: Async texture creation enabled
[2016.02.22-19.19.16:125][  0]LogShaderCompilers: Guid format shader working directory is -16 characters bigger than the processId version (../../../../../../My Media/UCF Documents/DIG 4725-2/HotelBete/Intermediate/Shaders/WorkingDirectory/14008/).
[2016.02.22-19.19.16:125][  0]LogShaderCompilers: Cleaned the shader compiler working directory 'C:/Users/aehrl/AppData/Local/Temp/UnrealShaderWorkingDir/BA7248A64153137CE84DA2BCA3CE4497/'.
[2016.02.22-19.19.16:125][  0]LogShaderCompilers:Display: Using Local Shader Compiler.
[2016.02.22-19.19.16:827][  0]LogTemp:Display: Loaded TP AllDesktopTargetPlatform
[2016.02.22-19.19.16:832][  0]LogTemp:Display: Loaded TP WindowsClientTargetPlatform
[2016.02.22-19.19.16:836][  0]LogTemp:Display: Loaded TP WindowsNoEditorTargetPlatform
[2016.02.22-19.19.16:841][  0]LogTemp:Display: Loaded TP WindowsServerTargetPlatform
[2016.02.22-19.19.16:846][  0]LogTemp:Display: Loaded TP WindowsTargetPlatform
[2016.02.22-19.19.16:849][  0]LogTemp:Display: Loaded TP AndroidTargetPlatform
[2016.02.22-19.19.16:851][  0]LogTemp:Display: Loaded TP Android_ASTCTargetPlatform
[2016.02.22-19.19.16:854][  0]LogTemp:Display: Loaded TP Android_ATCTargetPlatform
[2016.02.22-19.19.16:857][  0]LogTemp:Display: Loaded TP Android_DXTTargetPlatform
[2016.02.22-19.19.16:859][  0]LogTemp:Display: Loaded TP Android_ETC1TargetPlatform
[2016.02.22-19.19.16:862][  0]LogTemp:Display: Loaded TP Android_ETC2TargetPlatform
[2016.02.22-19.19.16:868][  0]LogTemp:Display: Loaded TP Android_MultiTargetPlatform
[2016.02.22-19.19.16:868][  0]LogTemp:Display: Loaded TP Android_PVRTCTargetPlatform
[2016.02.22-19.19.16:869][  0]LogTemp:Display: Loaded TP HTML5TargetPlatform
[2016.02.22-19.19.16:886][  0]LogTemp:Display: Loaded TP IOSTargetPlatform
[2016.02.22-19.19.16:889][  0]LogTemp:Display: Loaded TP LinuxNoEditorTargetPlatform
[2016.02.22-19.19.16:891][  0]LogTemp:Display: Loaded TP LinuxServerTargetPlatform
[2016.02.22-19.19.16:894][  0]LogTemp:Display: Loaded TP LinuxTargetPlatform
[2016.02.22-19.19.16:894][  0]LogTargetPlatformManager:Display: Building Assets For Windows
[2016.02.22-19.19.16:976][  0]LogDerivedDataCache:Display: Max Cache Size: 512 MB
[2016.02.22-19.19.17:014][  0]LogDerivedDataCache: Loaded boot cache 0.04s 41MB C:/Users/aehrl/AppData/Local/UnrealEngine/4.10/DerivedDataCache/Boot.ddc.
[2016.02.22-19.19.17:014][  0]LogDerivedDataCache:Display: Loaded Boot cache: C:/Users/aehrl/AppData/Local/UnrealEngine/4.10/DerivedDataCache/Boot.ddc
[2016.02.22-19.19.17:014][  0]LogDerivedDataCache: FDerivedDataBackendGraph:  Pak pak cache file ../../../../../../My Media/UCF Documents/DIG 4725-2/HotelBete/DerivedDataCache/DDC.ddp not found, will not use a pak cache.
[2016.02.22-19.19.17:014][  0]LogDerivedDataCache: Unable to find inner node Pak for hierarchical cache Hierarchy.
[2016.02.22-19.19.17:015][  0]LogDerivedDataCache: FDerivedDataBackendGraph:  CompressedPak pak cache file ../../../../../../My Media/UCF Documents/DIG 4725-2/HotelBete/DerivedDataCache/Compressed.ddp not found, will not use a pak cache.
[2016.02.22-19.19.17:015][  0]LogDerivedDataCache: Unable to find inner node CompressedPak for hierarchical cache Hierarchy.
[2016.02.22-19.19.17:065][  0]LogDerivedDataCache:Display: Pak cache opened for reading ../../../Engine/DerivedDataCache/Compressed.ddp.
[2016.02.22-19.19.17:077][  0]LogDerivedDataCache: Using Local data cache path C:/Users/aehrl/AppData/Local/UnrealEngine/Common/DerivedDataCache: Writable
[2016.02.22-19.19.17:227][  0]LogInit: Selected Device Profile: [Windows]
[2016.02.22-19.19.17:229][  0]LogContentStreaming: Texture pool size is 0.000000MB
[2016.02.22-19.19.17:329][  0]LogMeshUtilities: No automatic mesh reduction module available
[2016.02.22-19.19.17:329][  0]LogMeshUtilities: No automatic mesh merging module available
[2016.02.22-19.19.17:525][  0]LogInit: WinSock: version 1.1 (2.2), MaxSocks=32767, MaxUdp=65467
[2016.02.22-19.19.18:215][  0]LogAssetRegistry: FAssetRegistry took 0.0105 seconds to start up
[2016.02.22-19.19.18:232][  0]UdpMessaging: Initializing bridge on interface 0.0.0.0:0 to multicast group 230.0.0.1:6666.
[2016.02.22-19.19.18:474][  0]SourceControl: Info Source control is disabled
[2016.02.22-19.19.18:527][  0]SourceControl: Info Source control is disabled
[2016.02.22-19.19.18:538][  0]SourceControl: Info Source control is disabled
[2016.02.22-19.19.18:549][  0]SourceControl: Info Source control is disabled
[2016.02.22-19.19.18:798][  0]LogObj: 28802 objects as part of root set at end of initial load.
[2016.02.22-19.19.18:798][  0]LogUObjectAllocator: 6129768 out of 0 bytes used by permanent object pool.
[2016.02.22-19.19.18:851][  0]LogEngine: Initializing Engine...
[2016.02.22-19.19.18:854][  0]LogHMD: Can't find Oculus library dev build: is proper Runtime installed? Version: 0.8.0.0
[2016.02.22-19.19.18:854][  0]LogHMD: SteamVR failed to initialize.  Err: 110
[2016.02.22-19.19.18:967][  0]LogAIModule: Creating AISystem for world NewWorld
[2016.02.22-19.19.18:971][  0]LogInit: XAudio2 using 'Speakers (Realtek High Definition Audio)' : 2 channels at 48 kHz using 32 bits per sample (channel mask 0x3)
[2016.02.22-19.19.19:089][  0]LogInit: FAudioDevice initialized.
[2016.02.22-19.19.19:110][  0]LogDerivedDataCache: Saved boot cache 0.02s 41MB C:/Users/aehrl/AppData/Local/UnrealEngine/4.10/DerivedDataCache/Boot.ddc.
[2016.02.22-19.19.19:112][  0]LogInit: Texture streaming: Enabled
[2016.02.22-19.19.19:118][  0]LogAnalytics: Creating configured Analytics provider AnalyticsET
[2016.02.22-19.19.19:118][  0]LogAnalytics: [UEEditor.Rocket.Release] APIServer = http://et2.epicgames.com/ET2/. AppVersion = 4.10.2-2818068+++depot+UE4-Releases+4.10
[2016.02.22-19.19.19:118][  0]LogAnalytics: [UEEditor.Rocket.Release] SetUserId d1a4ad154081d86d81756ab9ffa1917c|b300224d71e64562a5bff06c2aaa78f8|baf86470-d570-4096-bf66-612ba980467b
[2016.02.22-19.19.19:118][  0]LogAnalytics: [UEEditor.Rocket.Release] AnalyticsET::StartSession
[2016.02.22-19.19.19:129][  0]LogInit: Transaction tracking system initialized
[2016.02.22-19.19.19:159][  0]BlueprintLog: New page: Editor Load
[2016.02.22-19.19.19:245][  0]LocalizationService: Info Localization service is disabled
[2016.02.22-19.19.19:321][  0]LogConsoleResponse:Display: 
[2016.02.22-19.19.19:422][  0]LogCook:Display: Done creating registry. It took  0.00s.
[2016.02.22-19.19.19:484][  0]LogFileCache: Scanning file cache for directory 'C:/My Media/UCF Documents/DIG 4725-2/HotelBete/Content/' took 0.01s
[2016.02.22-19.19.19:484][  0]SourceControl: Info Source control is disabled
[2016.02.22-19.19.19:484][  0]Cmd: MAP LOAD FILE="../../../../../../My Media/UCF Documents/DIG 4725-2/HotelBete/Content/Hotel/Levels/Menu.umap" TEMPLATE=0 SHOWPROGRESS=1 FEATURELEVEL=3
[2016.02.22-19.19.19:484][  0]LightingResults: New page: Lighting Build
[2016.02.22-19.19.19:487][  0]MapCheck: New page: Map Check
[2016.02.22-19.19.19:487][  0]LightingResults: New page: Lighting Build
[2016.02.22-19.19.19:497][  0]LogParticles: Destroying 0 GPU particle simulations for FXSystem 0x000001C3F3A97B00
[2016.02.22-19.19.19:539][  0]LogAIModule: Creating AISystem for world Menu
[2016.02.22-19.19.19:540][  0]LogEditorServer: Finished looking for orphan Actors (0.000 secs)
[2016.02.22-19.19.19:540][  0]Cmd: MAP CHECKDEP NOCLEARLOG
[2016.02.22-19.19.19:573][  0]MapCheck: Info Map check complete: 0 Error(s), 0 Warning(s), took 31.913ms to complete.
[2016.02.22-19.19.19:573][  0]LogFileHelpers: Loading map 'Menu' took 0.089
[2016.02.22-19.19.19:664][  0]LogCollectionManager: Loaded 0 collections in 0.002052 seconds
[2016.02.22-19.19.19:703][  0]LogFileCache: Scanning file cache for directory 'C:/My Media/UCF Documents/DIG 4725-2/HotelBete/Saved/Collections/' took 0.01s
[2016.02.22-19.19.19:703][  0]LogFileCache: Scanning file cache for directory 'C:/My Media/UCF Documents/DIG 4725-2/HotelBete/Content/Developers/aehrl/Collections/' took 0.01s
[2016.02.22-19.19.19:703][  0]LogFileCache: Scanning file cache for directory 'C:/My Media/UCF Documents/DIG 4725-2/HotelBete/Content/Collections/' took 0.01s
[2016.02.22-19.19.19:703][  0]LogCollectionManager: Rebuilt the GUID cache for 0 collections in 0.000002 seconds
[2016.02.22-19.19.19:709][  0]LogContentBrowser: Native class hierarchy populated in 0.0061 seconds. Added 1908 classes and 344 folders.
[2016.02.22-19.19.19:715][  0]LogContentBrowser: Native class hierarchy updated for 'WidgetCarousel' in 0.0003 seconds. Added 0 classes and 0 folders.
[2016.02.22-19.19.19:752][  0]LogContentBrowser: Native class hierarchy updated for 'AddContentDialog' in 0.0003 seconds. Added 0 classes and 0 folders.
[2016.02.22-19.19.19:756][  0]LogContentBrowser: Native class hierarchy updated for 'SceneOutliner' in 0.0003 seconds. Added 1 classes and 2 folders.
[2016.02.22-19.19.19:775][  0]LogCrashTracker: Crashtracker disabled due to settings.
[2016.02.22-19.19.19:782][  0]LogUObjectGlobals:Warning: Failed to find object 'Class None.'
[2016.02.22-19.19.19:805][  0]LogLoad: Full Startup: 4.63 seconds (BP compile: 0.02 seconds)
[2016.02.22-19.19.19:817][  0]LogWindowsTextInputMethodSystem:Display: IME system now deactivated.
[2016.02.22-19.19.19:818][  0]LogWindowsTextInputMethodSystem:Display: IME system now deactivated.
[2016.02.22-19.19.19:823][  0]LogOcInput: Can't find Oculus library dev build: is proper Runtime installed? Version: 0.8.0.0
[2016.02.22-19.19.19:870][  0]LogContentStreaming: Texture pool size now 1000 MB
[2016.02.22-19.19.19:995][  0]LogRenderer: Reallocating scene render targets to support 964x432 (Frame:2).
[2016.02.22-19.19.20:124][  2]LogAssetRegistry: Asset discovery search completed in 1.9188 seconds
[2016.02.22-19.19.20:124][  2]LogCollectionManager: Rebuilt the object cache for 0 collections in 0.000001 seconds (found 0 objects)
[2016.02.22-19.19.20:124][  2]LogCollectionManager: Fixed up redirectors for 0 collections in 0.000017 seconds (updated 0 objects)
[2016.02.22-19.19.23:468][351]LogLinker:Warning: Asset '../../../Engine/Content/ArtTools/RenderToTexture/Macros/RenderToTextureMacros.uasset' has been saved with empty engine version. The asset will be loaded but may be incompatible.
[2016.02.22-19.19.23:877][351]LogContentBrowser: Native class hierarchy updated for 'BlueprintGraph' in 0.0005 seconds. Added 107 classes and 0 folders.
[2016.02.22-19.19.37:089][808]LogBlueprintUserMessages: Early PlayInEditor Detection: Level '/Game/Hotel/Levels/Menu.Menu:PersistentLevel' has LevelScriptBlueprint '/Game/Hotel/Levels/Menu.Menu:PersistentLevel.Menu' with GeneratedClass '/Game/Hotel/Levels/Menu.Menu_C' with ClassGeneratedBy '/Game/Hotel/Levels/Menu.Menu:PersistentLevel.Menu'
[2016.02.22-19.19.37:089][808]LogPlayLevel: PlayLevel: No blueprints needed recompiling
[2016.02.22-19.19.37:089][808]PIE: New page: PIE session: Menu (Feb 22, 2016, 9:19:37 AM)
[2016.02.22-19.19.37:089][808]LogPlayLevel: Creating play world package: /Game/Hotel/Levels/UEDPIE_0_Menu
[2016.02.22-19.19.37:092][808]LogPlayLevel: PIE: StaticDuplicateObject took: (0.002410s)
[2016.02.22-19.19.37:092][808]LogAIModule: Creating AISystem for world Menu
[2016.02.22-19.19.37:092][808]LogPlayLevel: PIE: World Init took: (0.000732s)
[2016.02.22-19.19.37:093][808]LogPlayLevel: PIE: Created PIE world by copying editor world from /Game/Hotel/Levels/Menu.Menu to /Game/Hotel/Levels/UEDPIE_0_Menu.Menu (0.003365s)
[2016.02.22-19.19.37:113][808]LogParticles: Destroying 0 GPU particle simulations for FXSystem 0x000001C38884B060
[2016.02.22-19.19.37:120][808]LogInit: XAudio2 using 'Speakers (Realtek High Definition Audio)' : 2 channels at 48 kHz using 32 bits per sample (channel mask 0x3)
[2016.02.22-19.19.37:129][808]LogInit: FAudioDevice initialized.
[2016.02.22-19.19.37:681][808]LogWorld: Game class is 'FirstPersonGameMode_C'
[2016.02.22-19.19.37:684][808]LogWorld: Bringing World /Game/Hotel/Levels/UEDPIE_0_Menu.Menu up for play (max tick rate 0) at 2016.02.22-14.19.37
[2016.02.22-19.19.37:684][808]LogActor:Warning: GameSession /Game/Hotel/Levels/UEDPIE_0_Menu.Menu:PersistentLevel.GameSession_0 has natively added scene component(s), but none of them were set as the actor's RootComponent - picking one arbitrarily
[2016.02.22-19.19.37:684][808]LogActor:Warning: GameNetworkManager /Game/Hotel/Levels/UEDPIE_0_Menu.Menu:PersistentLevel.GameNetworkManager_0 has natively added scene component(s), but none of them were set as the actor's RootComponent - picking one arbitrarily
[2016.02.22-19.19.37:684][808]LogWorld: Bringing up level for play took: 0.001065
[2016.02.22-19.19.37:697][808]PIE: Info Play in editor start time for /Game/Hotel/Levels/UEDPIE_0_Menu 0.944
[2016.02.22-19.19.37:697][808]LogBlueprintUserMessages: Late PlayInEditor Detection: Level '/Game/Hotel/Levels/Menu.Menu:PersistentLevel' has LevelScriptBlueprint '/Game/Hotel/Levels/Menu.Menu:PersistentLevel.Menu' with GeneratedClass '/Game/Hotel/Levels/Menu.Menu_C' with ClassGeneratedBy '/Game/Hotel/Levels/Menu.Menu:PersistentLevel.Menu'
[2016.02.22-19.19.37:708][809]LogRenderer: Reallocating scene render targets to support 1280x720 (Frame:379).
[2016.02.22-19.19.39:004][960]LogBlueprintUserMessages: Early EndPlayMap Detection: Level '/Game/Hotel/Levels/Menu.Menu:PersistentLevel' has LevelScriptBlueprint '/Game/Hotel/Levels/Menu.Menu:PersistentLevel.Menu' with GeneratedClass '/Game/Hotel/Levels/Menu.Menu_C' with ClassGeneratedBy '/Game/Hotel/Levels/Menu.Menu:PersistentLevel.Menu'
[2016.02.22-19.19.39:042][960]LogBlueprintUserMessages: Late EndPlayMap Detection: Level '/Game/Hotel/Levels/Menu.Menu:PersistentLevel' has LevelScriptBlueprint '/Game/Hotel/Levels/Menu.Menu:PersistentLevel.Menu' with GeneratedClass '/Game/Hotel/Levels/Menu.Menu_C' with ClassGeneratedBy '/Game/Hotel/Levels/Menu.Menu:PersistentLevel.Menu'
[2016.02.22-19.19.39:073][960]LogParticles: Destroying 0 GPU particle simulations for FXSystem 0x000001C3925DBCE0
[2016.02.22-19.19.41:164][142]LogAIModule: Creating AISystem for world Prototype
[2016.02.22-19.19.41:166][142]LogParticles:Warning: InitializeSystem called on an unregistered component. Template=/Game/StarterContent/Particles/P_Steam_Lit2.P_Steam_Lit2 Component=/Game/Hotel/Levels/Prototype.Prototype:PersistentLevel.P_Steam_Lit2_2.ParticleSystemComponent0
[2016.02.22-19.19.41:219][142]Cmd: MAP LOAD FILE="../../../../../../My Media/UCF Documents/DIG 4725-2/HotelBete/Content/Hotel/Levels/Prototype.umap" TEMPLATE=0 SHOWPROGRESS=1 FEATURELEVEL=3
[2016.02.22-19.19.41:219][142]LightingResults: New page: Lighting Build
[2016.02.22-19.19.41:233][142]LoadErrors: New page: Loading map: Prototype.umap
[2016.02.22-19.19.41:233][142]MapCheck: New page: Map Check
[2016.02.22-19.19.41:233][142]LightingResults: New page: Lighting Build
[2016.02.22-19.19.41:252][142]LogParticles: Destroying 0 GPU particle simulations for FXSystem 0x000001C3F3AF1580
[2016.02.22-19.19.41:265][142]LogEditorServer: Finished looking for orphan Actors (0.000 secs)
[2016.02.22-19.19.41:287][142]Cmd: MAP CHECKDEP NOCLEARLOG
[2016.02.22-19.19.41:335][142]MapCheck: Info Map check complete: 0 Error(s), 0 Warning(s), took 48.32ms to complete.
[2016.02.22-19.19.41:335][142]LogFileHelpers: Loading map 'Prototype' took 0.118
[2016.02.22-19.24.10:930][508]LogBlueprintUserMessages: Early PlayInEditor Detection: Level '/Game/Hotel/Levels/Prototype.Prototype:PersistentLevel' has LevelScriptBlueprint '/Game/Hotel/Levels/Prototype.Prototype:PersistentLevel.Prototype' with GeneratedClass '/Game/Hotel/Levels/Prototype.Prototype_C' with ClassGeneratedBy '/Game/Hotel/Levels/Prototype.Prototype:PersistentLevel.Prototype'
[2016.02.22-19.24.10:931][508]LogPlayLevel: PlayLevel: No blueprints needed recompiling
[2016.02.22-19.24.10:931][508]PIE: New page: PIE session: Prototype (Feb 22, 2016, 9:24:10 AM)
[2016.02.22-19.24.10:931][508]LogPlayLevel: Creating play world package: /Game/Hotel/Levels/UEDPIE_0_Prototype
[2016.02.22-19.24.10:960][508]LogPlayLevel: PIE: StaticDuplicateObject took: (0.029258s)
[2016.02.22-19.24.10:962][508]LogAIModule: Creating AISystem for world Prototype
[2016.02.22-19.24.10:962][508]LogPlayLevel: PIE: World Init took: (0.001657s)
[2016.02.22-19.24.10:962][508]LogPlayLevel: PIE: Created PIE world by copying editor world from /Game/Hotel/Levels/Prototype.Prototype to /Game/Hotel/Levels/UEDPIE_0_Prototype.Prototype (0.031295s)
[2016.02.22-19.24.11:007][508]LogInit: XAudio2 using 'Speakers (Realtek High Definition Audio)' : 2 channels at 48 kHz using 32 bits per sample (channel mask 0x3)
[2016.02.22-19.24.11:016][508]LogInit: FAudioDevice initialized.
[2016.02.22-19.24.11:106][508]LogWorld: Game class is 'FirstPersonGameMode_C'
[2016.02.22-19.24.11:111][508]LogWorld: Bringing World /Game/Hotel/Levels/UEDPIE_0_Prototype.Prototype up for play (max tick rate 60) at 2016.02.22-14.24.11
[2016.02.22-19.24.11:111][508]LogActor:Warning: GameSession /Game/Hotel/Levels/UEDPIE_0_Prototype.Prototype:PersistentLevel.GameSession_1 has natively added scene component(s), but none of them were set as the actor's RootComponent - picking one arbitrarily
[2016.02.22-19.24.11:111][508]LogActor:Warning: GameNetworkManager /Game/Hotel/Levels/UEDPIE_0_Prototype.Prototype:PersistentLevel.GameNetworkManager_1 has natively added scene component(s), but none of them were set as the actor's RootComponent - picking one arbitrarily
[2016.02.22-19.24.11:112][508]LogWorld: Bringing up level for play took: 0.004803
[2016.02.22-19.24.11:122][508]PIE: Info Play in editor start time for /Game/Hotel/Levels/UEDPIE_0_Prototype 0.37
[2016.02.22-19.24.11:122][508]LogBlueprintUserMessages: Late PlayInEditor Detection: Level '/Game/Hotel/Levels/Prototype.Prototype:PersistentLevel' has LevelScriptBlueprint '/Game/Hotel/Levels/Prototype.Prototype:PersistentLevel.Prototype' with GeneratedClass '/Game/Hotel/Levels/Prototype.Prototype_C' with ClassGeneratedBy '/Game/Hotel/Levels/Prototype.Prototype:PersistentLevel.Prototype'
[2016.02.22-19.24.29:181][575]LogBlueprintUserMessages: Early EndPlayMap Detection: Level '/Game/Hotel/Levels/Prototype.Prototype:PersistentLevel' has LevelScriptBlueprint '/Game/Hotel/Levels/Prototype.Prototype:PersistentLevel.Prototype' with GeneratedClass '/Game/Hotel/Levels/Prototype.Prototype_C' with ClassGeneratedBy '/Game/Hotel/Levels/Prototype.Prototype:PersistentLevel.Prototype'
[2016.02.22-19.24.29:211][575]LogBlueprintUserMessages: Late EndPlayMap Detection: Level '/Game/Hotel/Levels/Prototype.Prototype:PersistentLevel' has LevelScriptBlueprint '/Game/Hotel/Levels/Prototype.Prototype:PersistentLevel.Prototype' with GeneratedClass '/Game/Hotel/Levels/Prototype.Prototype_C' with ClassGeneratedBy '/Game/Hotel/Levels/Prototype.Prototype:PersistentLevel.Prototype'
[2016.02.22-19.24.29:239][575]LogParticles: Destroying 0 GPU particle simulations for FXSystem 0x000001C406659260
[2016.02.22-19.30.58:480][259]LogSavePackage: Save=93.317139ms
[2016.02.22-19.30.58:481][259]LogSavePackage: Moving '../../../../../../My Media/UCF Documents/DIG 4725-2/HotelBete/Saved/BooksAC71B5444DA37BAF0A20AF8A572A5E33.tmp' to '../../../../../../My Media/UCF Documents/DIG 4725-2/HotelBete/Content/Hotel/Blueprints/Widgets/Puzzles/Books.uasset'
[2016.02.22-19.30.58:484][259]LogSavePackage: Total save time: 227.783903ms
[2016.02.22-19.30.58:484][259]LogSavePackage:Display: Finished SavePackage ../../../../../../My Media/UCF Documents/DIG 4725-2/HotelBete/Content/Hotel/Blueprints/Widgets/Puzzles/Books.uasset
[2016.02.22-19.31.00:293][357]BlueprintLog: New page: Compile Books
[2016.02.22-19.31.00:937][357]BlueprintEditorCompileResults: Info [0705.74] Compile of Books successful! [in 630 ms]
[2016.02.22-19.31.01:058][362]BlueprintLog: New page: Compile Books
[2016.02.22-19.31.01:159][362]BlueprintEditorCompileResults: Info [0705.98] Compile of Books successful! [in 100 ms]
[2016.02.22-19.31.23:982][730]LogUObjectHash:Warning: Ambiguous search, could be K2Node_IfThenElse /Game/Hotel/Blueprints/Player/Player.Player:EventGraph.K2Node_IfThenElse_92 or K2Node_IfThenElse /Game/Hotel/Blueprints/Widgets/Puzzles/Puzzle1.Puzzle1:EventGraph.K2Node_IfThenElse_92
[2016.02.22-19.31.23:983][730]LogUObjectHash:Warning: Ambiguous search, could be K2Node_IfThenElse /Game/Hotel/Blueprints/Player/Player.Player:EventGraph.K2Node_IfThenElse_92 or K2Node_IfThenElse /Game/Hotel/Blueprints/Widgets/Puzzles/Books.Books:EventGraph.K2Node_IfThenElse_92
[2016.02.22-19.31.23:983][730]LogProperty:Warning: Illegal TEXT reference to a private object in external package (EdGraphPin /Game/Hotel/Blueprints/Widgets/Puzzles/Books.Books:EventGraph.K2Node_IfThenElse_92.EdGraphPin_36899) from referencer (EdGraphPin /Game/Hotel/Blueprints/Widgets/Puzzles/Puzzle1.Puzzle1:EventGraph.K2Node_Event_247.EdGraphPin_33886).  Import failed...
[2016.02.22-19.31.23:983][730]LogProperty:Warning: ObjectProperty /Script/Engine.EdGraphPin:LinkedTo.LinkedTo: unresolved reference to 'EdGraphPin'K2Node_IfThenElse_92.EdGraphPin_36899''
[2016.02.22-19.31.24:054][730]LogUObjectHash:Warning: Ambiguous search, could be K2Node_CommutativeAssociativeBinaryOperator /Game/Hotel/Blueprints/Widgets/Puzzles/Puzzle1.Puzzle1:EventGraph.K2Node_CommutativeAssociativeBinaryOperator_60 or K2Node_CommutativeAssociativeBinaryOperator /Game/Hotel/Blueprints/Widgets/Puzzles/Puzzle1.Puzzle1:FindMouse.K2Node_CommutativeAssociativeBinaryOperator_60
[2016.02.22-19.31.24:054][730]LogUObjectHash:Warning: Ambiguous search, could be K2Node_CommutativeAssociativeBinaryOperator /Game/Hotel/Blueprints/Widgets/Puzzles/Puzzle1.Puzzle1:EventGraph.K2Node_CommutativeAssociativeBinaryOperator_60 or K2Node_CommutativeAssociativeBinaryOperator /Game/Hotel/Blueprints/Widgets/Puzzles/Books.Books:EventGraph.K2Node_CommutativeAssociativeBinaryOperator_60
[2016.02.22-19.31.24:054][730]LogProperty:Warning: Illegal TEXT reference to a private object in external package (EdGraphPin /Game/Hotel/Blueprints/Widgets/Puzzles/Books.Books:EventGraph.K2Node_CommutativeAssociativeBinaryOperator_60.EdGraphPin_36921) from referencer (EdGraphPin /Game/Hotel/Blueprints/Widgets/Puzzles/Puzzle1.Puzzle1:EventGraph.K2Node_IfThenElse_92.EdGraphPin_36900).  Import failed...
[2016.02.22-19.31.24:054][730]LogProperty:Warning: ObjectProperty /Script/Engine.EdGraphPin:LinkedTo.LinkedTo: unresolved reference to 'EdGraphPin'K2Node_CommutativeAssociativeBinaryOperator_60.EdGraphPin_36921''
[2016.02.22-19.31.24:054][730]LogUObjectHash:Warning: Ambiguous search, could be K2Node_CallFunction /Game/Hotel/Blueprints/Widgets/Puzzles/Books.Books:EventGraph.K2Node_CallFunction_2993 or K2Node_CallFunction /Game/Hotel/Blueprints/Widgets/Puzzles/Puzzle1.Puzzle1:EventGraph.K2Node_CallFunction_2993
[2016.02.22-19.31.24:054][730]LogProperty:Warning: Illegal TEXT reference to a private object in external package (EdGraphPin /Game/Hotel/Blueprints/Widgets/Puzzles/Books.Books:EventGraph.K2Node_CallFunction_2993.EdGraphPin_36910) from referencer (EdGraphPin /Game/Hotel/Blueprints/Widgets/Puzzles/Puzzle1.Puzzle1:EventGraph.K2Node_CallFunction_2989.EdGraphPin_36909).  Import failed...
[2016.02.22-19.31.24:054][730]LogProperty:Warning: ObjectProperty /Script/Engine.EdGraphPin:LinkedTo.LinkedTo: unresolved reference to 'EdGraphPin'K2Node_CallFunction_2993.EdGraphPin_36910''
[2016.02.22-19.31.24:054][730]LogUObjectHash:Warning: Ambiguous search, could be K2Node_CallFunction /Game/Hotel/Blueprints/Widgets/Puzzles/Books.Books:EventGraph.K2Node_CallFunction_2990 or K2Node_CallFunction /Game/Hotel/Blueprints/Widgets/Puzzles/Puzzle1.Puzzle1:EventGraph.K2Node_CallFunction_2990
[2016.02.22-19.31.24:054][730]LogProperty:Warning: Illegal TEXT reference to a private object in external package (EdGraphPin /Game/Hotel/Blueprints/Widgets/Puzzles/Books.Books:EventGraph.K2Node_CallFunction_2990.EdGraphPin_36925) from referencer (EdGraphPin /Game/Hotel/Blueprints/Widgets/Puzzles/Puzzle1.Puzzle1:EventGraph.K2Node_CallFunction_2989.EdGraphPin_36909).  Import failed...
[2016.02.22-19.31.24:054][730]LogProperty:Warning: ObjectProperty /Script/Engine.EdGraphPin:LinkedTo.LinkedTo: unresolved reference to 'EdGraphPin'K2Node_CallFunction_2990.EdGraphPin_36925''
[2016.02.22-19.31.24:055][730]LogUObjectHash:Warning: Ambiguous search, could be K2Node_CommutativeAssociativeBinaryOperator /Game/Hotel/Blueprints/Widgets/Puzzles/Puzzle1.Puzzle1:EventGraph.K2Node_CommutativeAssociativeBinaryOperator_60 or K2Node_CommutativeAssociativeBinaryOperator /Game/Hotel/Blueprints/Widgets/Puzzles/Puzzle1.Puzzle1:FindMouse.K2Node_CommutativeAssociativeBinaryOperator_60
[2016.02.22-19.31.24:055][730]LogUObjectHash:Warning: Ambiguous search, could be K2Node_CommutativeAssociativeBinaryOperator /Game/Hotel/Blueprints/Widgets/Puzzles/Puzzle1.Puzzle1:EventGraph.K2Node_CommutativeAssociativeBinaryOperator_60 or K2Node_CommutativeAssociativeBinaryOperator /Game/Hotel/Blueprints/Widgets/Puzzles/Books.Books:EventGraph.K2Node_CommutativeAssociativeBinaryOperator_60
[2016.02.22-19.31.24:055][730]LogProperty:Warning: Illegal TEXT reference to a private object in external package (EdGraphPin /Game/Hotel/Blueprints/Widgets/Puzzles/Books.Books:EventGraph.K2Node_CommutativeAssociativeBinaryOperator_60.EdGraphPin_36919) from referencer (EdGraphPin /Game/Hotel/Blueprints/Widgets/Puzzles/Puzzle1.Puzzle1:EventGraph.K2Node_CallFunction_2993.EdGraphPin_36912).  Import failed...
[2016.02.22-19.31.24:055][730]LogProperty:Warning: ObjectProperty /Script/Engine.EdGraphPin:LinkedTo.LinkedTo: unresolved reference to 'EdGraphPin'K2Node_CommutativeAssociativeBinaryOperator_60.EdGraphPin_36919''
[2016.02.22-19.31.24:055][730]LogUObjectHash:Warning: Ambiguous search, could be K2Node_CallFunction /Game/Hotel/Blueprints/Widgets/Puzzles/Books.Books:EventGraph.K2Node_CallFunction_2990 or K2Node_CallFunction /Game/Hotel/Blueprints/Widgets/Puzzles/Puzzle1.Puzzle1:EventGraph.K2Node_CallFunction_2990
[2016.02.22-19.31.24:055][730]LogProperty:Warning: Illegal TEXT reference to a private object in external package (EdGraphPin /Game/Hotel/Blueprints/Widgets/Puzzles/Books.Books:EventGraph.K2Node_CallFunction_2990.EdGraphPin_36927) from referencer (EdGraphPin /Game/Hotel/Blueprints/Widgets/Puzzles/Puzzle1.Puzzle1:EventGraph.K2Node_CommutativeAssociativeBinaryOperator_60.EdGraphPin_36920).  Import failed...
[2016.02.22-19.31.24:055][730]LogProperty:Warning: ObjectProperty /Script/Engine.EdGraphPin:LinkedTo.LinkedTo: unresolved reference to 'EdGraphPin'K2Node_CallFunction_2990.EdGraphPin_36927''
[2016.02.22-19.31.52:378][388]LogSavePackage: Save=168.122467ms
[2016.02.22-19.31.52:378][388]LogSavePackage: Moving '../../../../../../My Media/UCF Documents/DIG 4725-2/HotelBete/Saved/Puzzle175233FE24B7A3D9FDD785BBD946CD276.tmp' to '../../../../../../My Media/UCF Documents/DIG 4725-2/HotelBete/Content/Hotel/Blueprints/Widgets/Puzzles/Puzzle1.uasset'
[2016.02.22-19.31.52:382][388]LogSavePackage: Total save time: 204.484347ms
[2016.02.22-19.31.52:382][388]LogSavePackage:Display: Finished SavePackage ../../../../../../My Media/UCF Documents/DIG 4725-2/HotelBete/Content/Hotel/Blueprints/Widgets/Puzzles/Puzzle1.uasset
[2016.02.22-19.31.52:470][388]LogSavePackage: Save=72.669235ms
[2016.02.22-19.31.52:470][388]LogSavePackage: Moving '../../../../../../My Media/UCF Documents/DIG 4725-2/HotelBete/Saved/Books745D21EC406D961CBFFB54A11ADBEF22.tmp' to '../../../../../../My Media/UCF Documents/DIG 4725-2/HotelBete/Content/Hotel/Blueprints/Widgets/Puzzles/Books.uasset'
[2016.02.22-19.31.52:473][388]LogSavePackage: Total save time: 82.565531ms
[2016.02.22-19.31.52:473][388]LogSavePackage:Display: Finished SavePackage ../../../../../../My Media/UCF Documents/DIG 4725-2/HotelBete/Content/Hotel/Blueprints/Widgets/Puzzles/Books.uasset
[2016.02.22-19.31.54:490][509]BlueprintLog: New page: Compile Books
[2016.02.22-19.31.54:721][509]BlueprintEditorCompileResults: Info [0759.54] Compile of Books successful! [in 230 ms]
[2016.02.22-19.31.55:136][534]BlueprintLog: New page: Compile Books
[2016.02.22-19.31.55:229][534]BlueprintEditorCompileResults: Info [0760.05] Compile of Books successful! [in 92 ms]
[2016.02.22-19.35.41:073][795]LogParticles: Destroying 0 GPU particle simulations for FXSystem 0x000001C3BE33DF80
[2016.02.22-19.35.41:079][796]LogParticles: Destroying 0 GPU particle simulations for FXSystem 0x000001C3B46D18A0
[2016.02.22-19.35.44:540][987]Cmd: QUIT_EDITOR
[2016.02.22-19.35.44:803][987]LogWindowsTextInputMethodSystem:Display: IME system now deactivated.
[2016.02.22-19.35.44:804][987]LogWindowsTextInputMethodSystem:Display: IME system now deactivated.
[2016.02.22-19.35.44:885][987]LogExit: Preparing to exit.
[2016.02.22-19.35.45:614][987]LogExit: Editor shut down
[2016.02.22-19.35.45:614][987]LogExit: Transaction tracking system shut down
[2016.02.22-19.35.45:615][987]LogParticles: Destroying 0 GPU particle simulations for FXSystem 0x000001C3B4753740
[2016.02.22-19.35.45:615][987]LogParticles: Destroying 0 GPU particle simulations for FXSystem 0x000001C3E68E5E40
[2016.02.22-19.35.45:618][987]LogParticles: Destroying 0 GPU particle simulations for FXSystem 0x000001C39236E160
[2016.02.22-19.35.45:618][987]LogParticles: Destroying 0 GPU particle simulations for FXSystem 0x000001C3925D9E40
[2016.02.22-19.35.45:618][987]LogParticles: Destroying 0 GPU particle simulations for FXSystem 0x000001C3964EA0C0
[2016.02.22-19.35.45:622][987]LogParticles: Destroying 0 GPU particle simulations for FXSystem 0x000001C3BE33D9E0
[2016.02.22-19.35.45:623][987]LogParticles: Destroying 0 GPU particle simulations for FXSystem 0x000001C3F3AF18A0
[2016.02.22-19.35.45:623][987]LogParticles: Destroying 0 GPU particle simulations for FXSystem 0x000001C3B46D1580
[2016.02.22-19.35.45:809][987]LogExit: Object subsystem successfully closed.
[2016.02.22-19.35.45:818][987]LogD3D11RHI: Shutdown
[2016.02.22-19.35.45:818][987]LogD3D11RHI: CleanupD3DDevice
[2016.02.22-19.35.45:887][987]LogD3D11RHI: ~FD3D11DynamicRHI
[2016.02.22-19.35.45:900][987]LogModuleManager: Shutting down and abandoning module CookingStats (204)
[2016.02.22-19.35.45:900][987]LogModuleManager: Shutting down and abandoning module ExternalImagePicker (203)
[2016.02.22-19.35.45:900][987]LogModuleManager: Shutting down and abandoning module SequencerWidgets (202)
[2016.02.22-19.35.45:900][987]LogModuleManager: Shutting down and abandoning module BlueprintGraph (201)
[2016.02.22-19.35.45:900][987]LogModuleManager: Shutting down and abandoning module CrashTracker (200)
[2016.02.22-19.35.45:900][987]LogModuleManager: Shutting down and abandoning module SceneOutliner (199)
[2016.02.22-19.35.45:900][987]LogModuleManager: Shutting down and abandoning module SuperSearch (198)
[2016.02.22-19.35.45:900][987]LogModuleManager: Shutting down and abandoning module WidgetCarousel (197)
[2016.02.22-19.35.45:900][987]LogModuleManager: Shutting down and abandoning module AddContentDialog (196)
[2016.02.22-19.35.45:900][987]LogModuleManager: Shutting down and abandoning module EditorWidgets (195)
[2016.02.22-19.35.45:900][987]LogModuleManager: Shutting down and abandoning module CollectionManager (194)
[2016.02.22-19.35.45:901][987]LogModuleManager: Shutting down and abandoning module StatsViewer (193)
[2016.02.22-19.35.45:901][987]LogModuleManager: Shutting down and abandoning module FoliageEdit (192)
[2016.02.22-19.35.45:901][987]LogModuleManager: Shutting down and abandoning module LandscapeEditor (191)
[2016.02.22-19.35.45:901][987]LogModuleManager: Shutting down and abandoning module ActorPickerMode (190)
[2016.02.22-19.35.45:901][987]LogModuleManager: Shutting down and abandoning module GeometryMode (189)
[2016.02.22-19.35.45:901][987]LogModuleManager: Shutting down and abandoning module TextureAlignMode (188)
[2016.02.22-19.35.45:901][987]LogModuleManager: Shutting down and abandoning module BspMode (187)
[2016.02.22-19.35.45:901][987]LogModuleManager: Shutting down and abandoning module PlacementMode (186)
[2016.02.22-19.35.45:901][987]LogModuleManager: Shutting down and abandoning module AutomationWorker (185)
[2016.02.22-19.35.45:901][987]LogModuleManager: Shutting down and abandoning module CharacterAI (184)
[2016.02.22-19.35.45:901][987]LogModuleManager: Shutting down and abandoning module SmartSnapping (183)
[2016.02.22-19.35.45:901][987]LogModuleManager: Shutting down and abandoning module ViewportSnapping (182)
[2016.02.22-19.35.45:901][987]LogModuleManager: Shutting down and abandoning module LogVisualizer (181)
[2016.02.22-19.35.45:901][987]LogModuleManager: Shutting down and abandoning module GameProjectGeneration (180)
[2016.02.22-19.35.45:901][987]LogModuleManager: Shutting down and abandoning module IntroTutorials (179)
[2016.02.22-19.35.45:901][987]LogModuleManager: Shutting down and abandoning module EditorLiveStreaming (178)
[2016.02.22-19.35.45:901][987]LogModuleManager: Shutting down and abandoning module IOSPlatformEditor (177)
[2016.02.22-19.35.45:901][987]LogModuleManager: Shutting down and abandoning module HTML5PlatformEditor (176)
[2016.02.22-19.35.45:901][987]LogModuleManager: Shutting down and abandoning module AndroidDeviceDetection (175)
[2016.02.22-19.35.46:583][987]LogModuleManager: Shutting down and abandoning module AndroidPlatformEditor (174)
[2016.02.22-19.35.46:583][987]LogModuleManager: Shutting down and abandoning module IOSRuntimeSettings (173)
[2016.02.22-19.35.46:583][987]LogModuleManager: Shutting down and abandoning module AndroidRuntimeSettings (172)
[2016.02.22-19.35.46:583][987]LogModuleManager: Shutting down and abandoning module MergeActors (171)
[2016.02.22-19.35.46:583][987]LogModuleManager: Shutting down and abandoning module SizeMap (170)
[2016.02.22-19.35.46:583][987]LogModuleManager: Shutting down and abandoning module TreeMap (169)
[2016.02.22-19.35.46:583][987]LogModuleManager: Shutting down and abandoning module ReferenceViewer (168)
[2016.02.22-19.35.46:583][987]LogModuleManager: Shutting down and abandoning module LocalizationService (167)
[2016.02.22-19.35.46:583][987]LogModuleManager: Shutting down and abandoning module LocalizationDashboard (166)
[2016.02.22-19.35.46:583][987]LogModuleManager: Shutting down and abandoning module HardwareTargeting (165)
[2016.02.22-19.35.46:583][987]LogModuleManager: Shutting down and abandoning module DeviceProfileEditor (164)
[2016.02.22-19.35.46:583][987]LogModuleManager: Shutting down and abandoning module UndoHistory (163)
[2016.02.22-19.35.46:583][987]LogModuleManager: Shutting down and abandoning module GameplayTagsEditor (162)
[2016.02.22-19.35.46:583][987]LogModuleManager: Shutting down and abandoning module UserFeedback (161)
[2016.02.22-19.35.46:583][987]LogModuleManager: Shutting down and abandoning module XmlParser (160)
[2016.02.22-19.35.46:583][987]LogModuleManager: Shutting down and abandoning module Blutility (159)
[2016.02.22-19.35.46:583][987]LogModuleManager: Shutting down and abandoning module ProjectTargetPlatformEditor (158)
[2016.02.22-19.35.46:583][987]LogModuleManager: Shutting down and abandoning module ProjectSettingsViewer (157)
[2016.02.22-19.35.46:583][987]LogModuleManager: Shutting down and abandoning module InputBindingEditor (156)
[2016.02.22-19.35.46:584][987]LogModuleManager: Shutting down and abandoning module EditorSettingsViewer (155)
[2016.02.22-19.35.46:584][987]LogModuleManager: Shutting down and abandoning module SettingsEditor (154)
[2016.02.22-19.35.46:584][987]LogModuleManager: Shutting down and abandoning module ProjectLauncher (153)
[2016.02.22-19.35.46:584][987]LogModuleManager: Shutting down and abandoning module SessionFrontend (152)
[2016.02.22-19.35.46:584][987]LogModuleManager: Shutting down and abandoning module ProfilerClient (151)
[2016.02.22-19.35.46:584][987]LogModuleManager: Shutting down and abandoning module TargetDeviceServices (150)
[2016.02.22-19.35.46:584][987]LogModuleManager: Shutting down and abandoning module DeviceManager (149)
[2016.02.22-19.35.46:584][987]LogModuleManager: Shutting down and abandoning module AutomationController (148)
[2016.02.22-19.35.46:584][987]LogModuleManager: Shutting down and abandoning module AutomationWindow (147)
[2016.02.22-19.35.46:584][987]LogModuleManager: Shutting down and abandoning module Layers (146)
[2016.02.22-19.35.46:584][987]LogModuleManager: Shutting down and abandoning module ComponentVisualizers (145)
[2016.02.22-19.35.46:584][987]LogModuleManager: Shutting down and abandoning module DetailCustomizations (144)
[2016.02.22-19.35.46:585][987]LogModuleManager: Shutting down and abandoning module PackagesDialog (143)
[2016.02.22-19.35.46:585][987]LogModuleManager: Shutting down and abandoning module Persona (142)
[2016.02.22-19.35.46:585][987]LogModuleManager: Shutting down and abandoning module Kismet (141)
[2016.02.22-19.35.46:585][987]LogModuleManager: Shutting down and abandoning module GraphEditor (140)
[2016.02.22-19.35.46:585][987]LogModuleManager: Shutting down and abandoning module ClassViewer (139)
[2016.02.22-19.35.46:585][987]LogModuleManager: Shutting down and abandoning module Toolbox (138)
[2016.02.22-19.35.46:585][987]LogModuleManager: Shutting down and abandoning module ModuleUI (137)
[2016.02.22-19.35.46:585][987]LogModuleManager: Shutting down and abandoning module MovieSceneTools (136)
[2016.02.22-19.35.46:585][987]LogModuleManager: Shutting down and abandoning module OutputLog (135)
[2016.02.22-19.35.46:585][987]LogModuleManager: Shutting down and abandoning module GammaUI (134)
[2016.02.22-19.35.46:585][987]LogModuleManager: Shutting down and abandoning module Documentation (133)
[2016.02.22-19.35.46:585][987]LogModuleManager: Shutting down and abandoning module GameLiveStreaming (132)
[2016.02.22-19.35.46:585][987]LogModuleManager: Shutting down and abandoning module StreamingPauseRendering (131)
[2016.02.22-19.35.46:585][987]LogModuleManager: Shutting down and abandoning module AnalyticsET (130)
[2016.02.22-19.35.46:586][987]LogModuleManager: Shutting down and abandoning module Analytics (129)
[2016.02.22-19.35.46:586][987]LogModuleManager: Shutting down and abandoning module AITestSuite (128)
[2016.02.22-19.35.46:586][987]LogModuleManager: Shutting down and abandoning module GameplayDebugger (127)
[2016.02.22-19.35.46:586][987]LogModuleManager: Shutting down and abandoning module AIModule (126)
[2016.02.22-19.35.46:586][987]LogModuleManager: Shutting down and abandoning module ProfilerService (125)
[2016.02.22-19.35.46:826][987]LogModuleManager: Shutting down and abandoning module TaskGraph (124)
[2016.02.22-19.35.46:826][987]LogModuleManager: Shutting down and abandoning module SubstanceEditor (123)
[2016.02.22-19.35.46:827][987]LogModuleManager: Shutting down and abandoning module SlateRemote (122)
[2016.02.22-19.35.46:827][987]LogModuleManager: Shutting down and abandoning module SteamVRController (121)
[2016.02.22-19.35.46:827][987]LogModuleManager: Shutting down and abandoning module SteamVR (120)
[2016.02.22-19.35.46:827][987]LogModuleManager: Shutting down and abandoning module ProceduralMeshComponent (119)
[2016.02.22-19.35.46:827][987]LogModuleManager: Shutting down and abandoning module OculusLibrary (118)
[2016.02.22-19.35.46:827][987]LogModuleManager: Shutting down and abandoning module OculusInput (117)
[2016.02.22-19.35.46:827][987]LogModuleManager: Shutting down and abandoning module LeapMotionController (116)
[2016.02.22-19.35.46:872][987]LogModuleManager: Shutting down and abandoning module CustomMeshComponent (115)
[2016.02.22-19.35.46:872][987]LogModuleManager: Shutting down and abandoning module CableComponent (114)
[2016.02.22-19.35.46:872][987]LogModuleManager: Shutting down and abandoning module ArchVisCharacter (113)
[2016.02.22-19.35.46:872][987]LogModuleManager: Shutting down and abandoning module MessagingDebugger (112)
[2016.02.22-19.35.46:872][987]LogModuleManager: Shutting down and abandoning module MediaPlayerEditor (111)
[2016.02.22-19.35.46:872][987]LogModuleManager: Shutting down and abandoning module HTML5Networking (110)
[2016.02.22-19.35.46:872][987]LogModuleManager: Shutting down and abandoning module SpeedTreeImporter (109)
[2016.02.22-19.35.46:872][987]LogModuleManager: Shutting down and abandoning module PluginBrowser (108)
[2016.02.22-19.35.46:872][987]LogModuleManager: Shutting down and abandoning module EpicSurvey (107)
[2016.02.22-19.35.46:872][987]LogModuleManager: Shutting down and abandoning module DesktopPlatform (106)
[2016.02.22-19.35.46:872][987]LogModuleManager: Shutting down and abandoning module VisualStudioSourceCodeAccess (105)
[2016.02.22-19.35.46:872][987]LogModuleManager: Shutting down and abandoning module UObjectPlugin (104)
[2016.02.22-19.35.46:872][987]LogModuleManager: Shutting down and abandoning module SubversionSourceControl (103)
[2016.02.22-19.35.46:872][987]LogModuleManager: Shutting down and abandoning module PerforceSourceControl (102)
[2016.02.22-19.35.46:872][987]LogModuleManager: Shutting down and abandoning module SourceControl (101)
[2016.02.22-19.35.46:872][987]LogModuleManager: Shutting down and abandoning module GitSourceControl (100)
[2016.02.22-19.35.46:872][987]LogModuleManager: Shutting down and abandoning module LightPropagationVolumeEditor (99)
[2016.02.22-19.35.46:872][987]LogModuleManager: Shutting down and abandoning module PaperTiledImporter (98)
[2016.02.22-19.35.46:872][987]LogModuleManager: Shutting down and abandoning module PaperSpriteSheetImporter (97)
[2016.02.22-19.35.46:872][987]LogModuleManager: Shutting down and abandoning module MeshPaint (96)
[2016.02.22-19.35.46:872][987]LogModuleManager: Shutting down and abandoning module SlateReflector (95)
[2016.02.22-19.35.46:872][987]LogModuleManager: Shutting down and abandoning module HotReload (94)
[2016.02.22-19.35.46:872][987]LogModuleManager: Shutting down and abandoning module MainFrame (93)
[2016.02.22-19.35.46:872][987]LogModuleManager: Shutting down and abandoning module LevelEditor (92)
[2016.02.22-19.35.46:873][987]LogModuleManager: Shutting down and abandoning module ContentBrowser (91)
[2016.02.22-19.35.46:874][987]LogModuleManager: Shutting down and abandoning module Paper2DEditor (90)
[2016.02.22-19.35.46:874][987]LogModuleManager: Shutting down and abandoning module UdpMessaging (89)
[2016.02.22-19.35.46:974][987]LogModuleManager: Shutting down and abandoning module DirectoryWatcher (88)
[2016.02.22-19.35.46:976][987]LogModuleManager: Shutting down and abandoning module AssetRegistry (87)
[2016.02.22-19.35.47:062][987]LogModuleManager: Shutting down and abandoning module SubstanceCore (86)
[2016.02.22-19.35.47:062][987]LogModuleManager: Shutting down and abandoning module LightPropagationVolumeRuntime (85)
[2016.02.22-19.35.47:062][987]LogModuleManager: Shutting down and abandoning module Paper2D (84)
[2016.02.22-19.35.47:062][987]LogModuleManager: Shutting down and abandoning module WindowsMoviePlayer (83)
[2016.02.22-19.35.47:065][987]LogModuleManager: Shutting down and abandoning module Media (82)
[2016.02.22-19.35.47:065][987]LogModuleManager: Shutting down and abandoning module WmfMedia (81)
[2016.02.22-19.35.47:065][987]LogModuleManager: Shutting down and abandoning module OnlineBlueprintSupport (80)
[2016.02.22-19.35.47:065][987]LogModuleManager: Shutting down and abandoning module GameplayTasksEditor (79)
[2016.02.22-19.35.47:065][987]LogModuleManager: Shutting down and abandoning module PropertyEditor (78)
[2016.02.22-19.35.47:169][987]LogModuleManager: Shutting down and abandoning module BehaviorTreeEditor (77)
[2016.02.22-19.35.47:169][987]LogModuleManager: Shutting down and abandoning module FunctionalTesting (76)
[2016.02.22-19.35.47:169][987]LogModuleManager: Shutting down and abandoning module CollisionAnalyzer (75)
[2016.02.22-19.35.47:169][987]LogModuleManager: Shutting down and abandoning module WorkspaceMenuStructure (74)
[2016.02.22-19.35.47:169][987]LogModuleManager: Shutting down and abandoning module MessageLog (73)
[2016.02.22-19.35.47:169][987]LogModuleManager: Shutting down and abandoning module Sequencer (72)
[2016.02.22-19.35.47:169][987]LogModuleManager: Shutting down and abandoning module AssetTools (71)
[2016.02.22-19.35.47:169][987]LogModuleManager: Shutting down and abandoning module UMGEditor (70)
[2016.02.22-19.35.47:169][987]LogModuleManager: Shutting down and abandoning module UMG (69)
[2016.02.22-19.35.47:169][987]LogModuleManager: Shutting down and abandoning module Slate (68)
[2016.02.22-19.35.47:169][987]LogModuleManager: Shutting down and abandoning module EditorStyle (67)
[2016.02.22-19.35.47:174][987]LogModuleManager: Shutting down and abandoning module SessionServices (66)
[2016.02.22-19.35.47:174][987]LogModuleManager: Shutting down and abandoning module SourceCodeAccess (65)
[2016.02.22-19.35.47:174][987]LogModuleManager: Shutting down and abandoning module HeadMountedDisplay (64)
[2016.02.22-19.35.47:174][987]LogModuleManager: Shutting down and abandoning module XAudio2 (63)
[2016.02.22-19.35.47:174][987]LogModuleManager: Shutting down and abandoning module Networking (61)
[2016.02.22-19.35.47:174][987]LogModuleManager: Shutting down and abandoning module Core (60)
[2016.02.22-19.35.47:174][987]LogModuleManager: Shutting down and abandoning module KismetCompiler (59)
[2016.02.22-19.35.47:174][987]LogModuleManager: Shutting down and abandoning module PhysXFormats (58)
[2016.02.22-19.35.47:174][987]LogModuleManager: Shutting down and abandoning module MeshUtilities (57)
[2016.02.22-19.35.47:174][987]LogModuleManager: Shutting down and abandoning module DerivedDataCache (56)
[2016.02.22-19.35.47:227][987]LogDerivedDataCache: Shutdown
[2016.02.22-19.35.47:227][987]LogModuleManager: Shutting down and abandoning module ShaderFormatOpenGL (55)
[2016.02.22-19.35.47:227][987]LogModuleManager: Shutting down and abandoning module ShaderFormatD3D (54)
[2016.02.22-19.35.47:227][987]LogModuleManager: Shutting down and abandoning module MetalShaderFormat (53)
[2016.02.22-19.35.47:227][987]LogModuleManager: Shutting down and abandoning module TextureFormatUncompressed (52)
[2016.02.22-19.35.47:227][987]LogModuleManager: Shutting down and abandoning module TextureFormatPVR (51)
[2016.02.22-19.35.47:227][987]LogModuleManager: Shutting down and abandoning module TextureFormatIntelISPCTexComp (50)
[2016.02.22-19.35.47:227][987]LogModuleManager: Shutting down and abandoning module TextureFormatDXT (49)
[2016.02.22-19.35.47:227][987]LogModuleManager: Shutting down and abandoning module ImageWrapper (48)
[2016.02.22-19.35.47:227][987]LogModuleManager: Shutting down and abandoning module TextureFormatASTC (47)
[2016.02.22-19.35.47:227][987]LogModuleManager: Shutting down and abandoning module TextureFormatAndroid (46)
[2016.02.22-19.35.47:227][987]LogModuleManager: Shutting down and abandoning module AudioFormatOpus (45)
[2016.02.22-19.35.47:227][987]LogModuleManager: Shutting down and abandoning module AudioFormatOgg (44)
[2016.02.22-19.35.47:227][987]LogModuleManager: Shutting down and abandoning module AudioFormatADPCM (43)
[2016.02.22-19.35.47:227][987]LogModuleManager: Shutting down and abandoning module LinuxTargetPlatform (42)
[2016.02.22-19.35.47:227][987]LogModuleManager: Shutting down and abandoning module LinuxServerTargetPlatform (41)
[2016.02.22-19.35.47:227][987]LogModuleManager: Shutting down and abandoning module LinuxNoEditorTargetPlatform (40)
[2016.02.22-19.35.47:227][987]LogModuleManager: Shutting down and abandoning module Messaging (39)
[2016.02.22-19.35.47:227][987]LogModuleManager: Shutting down and abandoning module IOSTargetPlatform (38)
[2016.02.22-19.35.47:227][987]LogModuleManager: Shutting down and abandoning module HTML5TargetPlatform (37)
[2016.02.22-19.35.47:227][987]LogModuleManager: Shutting down and abandoning module Android_PVRTCTargetPlatform (36)
[2016.02.22-19.35.47:227][987]LogModuleManager: Shutting down and abandoning module Android_MultiTargetPlatform (35)
[2016.02.22-19.35.47:227][987]LogModuleManager: Shutting down and abandoning module Android_ETC2TargetPlatform (34)
[2016.02.22-19.35.47:227][987]LogModuleManager: Shutting down and abandoning module Android_ETC1TargetPlatform (33)
[2016.02.22-19.35.47:227][987]LogModuleManager: Shutting down and abandoning module Android_DXTTargetPlatform (32)
[2016.02.22-19.35.47:227][987]LogModuleManager: Shutting down and abandoning module Android_ATCTargetPlatform (31)
[2016.02.22-19.35.47:227][987]LogModuleManager: Shutting down and abandoning module Android_ASTCTargetPlatform (30)
[2016.02.22-19.35.47:227][987]LogModuleManager: Shutting down and abandoning module AndroidTargetPlatform (29)
[2016.02.22-19.35.47:227][987]LogModuleManager: Shutting down and abandoning module WindowsTargetPlatform (28)
[2016.02.22-19.35.47:227][987]LogModuleManager: Shutting down and abandoning module WindowsServerTargetPlatform (27)
[2016.02.22-19.35.47:228][987]LogModuleManager: Shutting down and abandoning module WindowsNoEditorTargetPlatform (26)
[2016.02.22-19.35.47:228][987]LogModuleManager: Shutting down and abandoning module WindowsClientTargetPlatform (25)
[2016.02.22-19.35.47:228][987]LogModuleManager: Shutting down and abandoning module AllDesktopTargetPlatform (24)
[2016.02.22-19.35.47:228][987]LogModuleManager: Shutting down and abandoning module TargetPlatform (23)
[2016.02.22-19.35.47:228][987]LogModuleManager: Shutting down and abandoning module InputCore (22)
[2016.02.22-19.35.47:228][987]LogModuleManager: Shutting down and abandoning module Settings (21)
[2016.02.22-19.35.47:228][987]LogModuleManager: Shutting down and abandoning module OnlineSubsystem (19)
[2016.02.22-19.35.47:228][987]LogModuleManager: Shutting down and abandoning module HTTP (18)
[2016.02.22-19.35.48:230][987]LogModuleManager: Shutting down and abandoning module XMPP (17)
[2016.02.22-19.35.48:230][987]LogModuleManager: Shutting down and abandoning module OculusRift (16)
[2016.02.22-19.35.48:230][987]LogModuleManager: Shutting down and abandoning module ExampleDeviceProfileSelector (15)
[2016.02.22-19.35.48:230][987]LogModuleManager: Shutting down and abandoning module TextureCompressor (14)
[2016.02.22-19.35.48:230][987]LogModuleManager: Shutting down and abandoning module ShaderCore (13)
[2016.02.22-19.35.48:231][987]LogModuleManager: Shutting down and abandoning module Landscape (12)
[2016.02.22-19.35.48:231][987]LogModuleManager: Shutting down and abandoning module SlateRHIRenderer (11)
[2016.02.22-19.35.48:235][987]LogModuleManager: Shutting down and abandoning module OpenGLDrv (10)
[2016.02.22-19.35.48:235][987]LogModuleManager: Shutting down and abandoning module D3D11RHI (9)
[2016.02.22-19.35.48:235][987]LogModuleManager: Shutting down and abandoning module AnimGraphRuntime (8)
[2016.02.22-19.35.48:235][987]LogModuleManager: Shutting down and abandoning module Renderer (7)
[2016.02.22-19.35.48:235][987]LogModuleManager: Shutting down and abandoning module Engine (6)
[2016.02.22-19.35.48:235][987]LogModuleManager: Shutting down and abandoning module CoreUObject (5)
[2016.02.22-19.35.48:235][987]LogModuleManager: Shutting down and abandoning module NetworkFile (4)
[2016.02.22-19.35.48:235][987]LogModuleManager: Shutting down and abandoning module StreamingFile (3)
[2016.02.22-19.35.48:235][987]LogModuleManager: Shutting down and abandoning module SandboxFile (2)
[2016.02.22-19.35.48:235][987]LogModuleManager: Shutting down and abandoning module PakFile (1)
[2016.02.22-19.35.48:239][987]LogExit: Exiting.
[2016.02.22-19.35.48:242][987]Log file closed, 02/22/16 14:35:48
