[2016.04.17-16.32.57:490][  0]Log file open, 04/17/16 12:32:57
[2016.04.17-16.32.57:490][  0]LogInit:Display: Running engine for game: Hotel
[2016.04.17-16.32.57:490][  0]LogPlatformFile: Not using cached read wrapper
[2016.04.17-16.32.57:490][  0]LogInit:Display: RandInit(-473903279) SRandInit(-473903251).
[2016.04.17-16.32.57:490][  0]LogTaskGraph: Started task graph with 4 named threads and 7 total threads.
[2016.04.17-16.32.57:490][  0]LogStats: Stats thread started at 0.069928
[2016.04.17-16.32.57:490][  0]LogInit: Version: 4.10.4-2872498+++depot+UE4-Releases+4.10
[2016.04.17-16.32.57:490][  0]LogInit: API Version: 2758231
[2016.04.17-16.32.57:490][  0]LogInit: Compiled (64-bit): Feb 18 2016 15:47:04
[2016.04.17-16.32.57:490][  0]LogInit: Compiled with Visual C++: 19.00.23026.00
[2016.04.17-16.32.57:490][  0]LogInit: Build Configuration: Development
[2016.04.17-16.32.57:490][  0]LogInit: Branch Name: ++depot+UE4-Releases+4.10
[2016.04.17-16.32.57:490][  0]LogInit: Command line:  
[2016.04.17-16.32.57:490][  0]LogInit: Base directory: E:/Program Files (x86)/Epic Games/4.10/Engine/Binaries/Win64/
[2016.04.17-16.32.57:490][  0]LogInit: Rocket: 1
[2016.04.17-16.32.57:494][  0]LogInit: Using libcurl 7.41.0
[2016.04.17-16.32.57:494][  0]LogInit:  - built for x86_64-pc-win32
[2016.04.17-16.32.57:494][  0]LogInit:  - supports SSL with WinSSL
[2016.04.17-16.32.57:494][  0]LogInit:  - other features:
[2016.04.17-16.32.57:494][  0]LogInit:      CURL_VERSION_SSL
[2016.04.17-16.32.57:494][  0]LogInit:      CURL_VERSION_IPV6
[2016.04.17-16.32.57:494][  0]LogInit:      CURL_VERSION_ASYNCHDNS
[2016.04.17-16.32.57:494][  0]LogInit:      CURL_VERSION_LARGEFILE
[2016.04.17-16.32.57:494][  0]LogInit:      CURL_VERSION_IDN
[2016.04.17-16.32.57:494][  0]LogInit:  CurlRequestOptions (configurable via config and command line):
[2016.04.17-16.32.57:494][  0]LogInit:  - bVerifyPeer = true  - Libcurl will verify peer certificate
[2016.04.17-16.32.57:494][  0]LogInit:  - bUseHttpProxy = false  - Libcurl will NOT use HTTP proxy
[2016.04.17-16.32.57:494][  0]LogInit:  - bDontReuseConnections = false  - Libcurl will reuse connections
[2016.04.17-16.32.57:494][  0]LogInit:  - CertBundlePath = nullptr  - Libcurl will use whatever was configured at build time.
[2016.04.17-16.32.57:500][  0]LogInit: Presizing for 0 objects not considered by GC, pre-allocating 0 bytes.
[2016.04.17-16.32.57:509][  0]LogInit: Object subsystem initialized
[2016.04.17-16.32.57:510][  0]LogInit: Selected Device Profile: [Windows]
[2016.04.17-16.32.57:510][  0]LogInit: Applying CVar settings loaded from the selected device profile: [Windows]
[2016.04.17-16.32.57:518][  0]LogInit: Computer: MANDY-PC
[2016.04.17-16.32.57:518][  0]LogInit: User: Mandy
[2016.04.17-16.32.57:518][  0]LogInit: CPU Page size=4096, Cores=4
[2016.04.17-16.32.57:518][  0]LogInit: High frequency timer resolution =14.318180 MHz
[2016.04.17-16.32.57:518][  0]LogMemory: Memory total: Physical=16.0GB (16GB approx)
[2016.04.17-16.32.57:518][  0]LogMemory: Platform Memory Stats for Windows
[2016.04.17-16.32.57:518][  0]LogMemory: Process Physical Memory: 56.20 MB used, 56.20 MB peak
[2016.04.17-16.32.57:518][  0]LogMemory: Process Virtual Memory: 59.71 MB used, 59.71 MB peak
[2016.04.17-16.32.57:518][  0]LogMemory: Physical Memory: 3359.53 MB used, 16383.18 MB total
[2016.04.17-16.32.57:518][  0]LogMemory: Virtual Memory: 354.59 MB used, 8388608.00 MB total
[2016.04.17-16.32.57:561][  0]LogTextLocalizationManager: No specific translations for ('en-US') exist, so ('en') translations will be used.
[2016.04.17-16.32.58:155][  0]LogD3D11RHI: Found D3D11 adapter 0: NVIDIA GeForce GTX 750 (Feature Level 11_0)
[2016.04.17-16.32.58:155][  0]LogD3D11RHI: Adapter has 972MB of dedicated video memory, 0MB of dedicated system memory, and 3072MB of shared system memory, 2 output[s]
[2016.04.17-16.32.58:155][  0]LogD3D11RHI: Chosen D3D11 Adapter Id = 0
[2016.04.17-16.32.58:161][  0]LogD3D11RHI: !Direct3DDevice
[2016.04.17-16.32.58:161][  0]LogRHI: Texture pool is 680 MB (70% of 972 MB)
[2016.04.17-16.32.58:171][  0]LogD3D11RHI: Async texture creation enabled
[2016.04.17-16.32.58:186][  0]LogShaderCompilers: Guid format shader working directory is -10 characters bigger than the processId version (../../../../../../Users/Mandy/Documents/GitHub/HotelBete/Intermediate/Shaders/WorkingDirectory/4652/).
[2016.04.17-16.32.58:186][  0]LogShaderCompilers: Cleaned the shader compiler working directory 'C:/Users/Mandy/AppData/Local/Temp/UnrealShaderWorkingDir/A172C99146CC7CBEAF676AA29BEB8DC4/'.
[2016.04.17-16.32.58:187][  0]LogShaderCompilers:Display: Using Local Shader Compiler.
[2016.04.17-16.32.59:299][  0]LogTemp:Display: Loaded TP AllDesktopTargetPlatform
[2016.04.17-16.32.59:304][  0]LogTemp:Display: Loaded TP WindowsClientTargetPlatform
[2016.04.17-16.32.59:309][  0]LogTemp:Display: Loaded TP WindowsNoEditorTargetPlatform
[2016.04.17-16.32.59:313][  0]LogTemp:Display: Loaded TP WindowsServerTargetPlatform
[2016.04.17-16.32.59:318][  0]LogTemp:Display: Loaded TP WindowsTargetPlatform
[2016.04.17-16.32.59:322][  0]LogTemp:Display: Loaded TP AndroidTargetPlatform
[2016.04.17-16.32.59:325][  0]LogTemp:Display: Loaded TP Android_ASTCTargetPlatform
[2016.04.17-16.32.59:328][  0]LogTemp:Display: Loaded TP Android_ATCTargetPlatform
[2016.04.17-16.32.59:332][  0]LogTemp:Display: Loaded TP Android_DXTTargetPlatform
[2016.04.17-16.32.59:335][  0]LogTemp:Display: Loaded TP Android_ETC1TargetPlatform
[2016.04.17-16.32.59:338][  0]LogTemp:Display: Loaded TP Android_ETC2TargetPlatform
[2016.04.17-16.32.59:345][  0]LogTemp:Display: Loaded TP Android_MultiTargetPlatform
[2016.04.17-16.32.59:345][  0]LogTemp:Display: Loaded TP Android_PVRTCTargetPlatform
[2016.04.17-16.32.59:346][  0]LogTemp:Display: Loaded TP HTML5TargetPlatform
[2016.04.17-16.32.59:363][  0]LogTemp:Display: Loaded TP IOSTargetPlatform
[2016.04.17-16.32.59:366][  0]LogTemp:Display: Loaded TP LinuxNoEditorTargetPlatform
[2016.04.17-16.32.59:369][  0]LogTemp:Display: Loaded TP LinuxServerTargetPlatform
[2016.04.17-16.32.59:373][  0]LogTemp:Display: Loaded TP LinuxTargetPlatform
[2016.04.17-16.32.59:373][  0]LogTargetPlatformManager:Display: Building Assets For Windows
[2016.04.17-16.32.59:438][  0]LogDerivedDataCache:Display: Max Cache Size: 512 MB
[2016.04.17-16.32.59:529][  0]LogDerivedDataCache: Loaded boot cache 0.09s 41MB C:/Users/Mandy/AppData/Local/UnrealEngine/4.10/DerivedDataCache/Boot.ddc.
[2016.04.17-16.32.59:529][  0]LogDerivedDataCache:Display: Loaded Boot cache: C:/Users/Mandy/AppData/Local/UnrealEngine/4.10/DerivedDataCache/Boot.ddc
[2016.04.17-16.32.59:529][  0]LogDerivedDataCache: FDerivedDataBackendGraph:  Pak pak cache file ../../../../../../Users/Mandy/Documents/GitHub/HotelBete/DerivedDataCache/DDC.ddp not found, will not use a pak cache.
[2016.04.17-16.32.59:529][  0]LogDerivedDataCache: Unable to find inner node Pak for hierarchical cache Hierarchy.
[2016.04.17-16.32.59:529][  0]LogDerivedDataCache: FDerivedDataBackendGraph:  CompressedPak pak cache file ../../../../../../Users/Mandy/Documents/GitHub/HotelBete/DerivedDataCache/Compressed.ddp not found, will not use a pak cache.
[2016.04.17-16.32.59:529][  0]LogDerivedDataCache: Unable to find inner node CompressedPak for hierarchical cache Hierarchy.
[2016.04.17-16.32.59:618][  0]LogDerivedDataCache:Display: Pak cache opened for reading ../../../Engine/DerivedDataCache/Compressed.ddp.
[2016.04.17-16.32.59:629][  0]LogDerivedDataCache: Using Local data cache path C:/Users/Mandy/AppData/Local/UnrealEngine/Common/DerivedDataCache: Writable
[2016.04.17-16.32.59:831][  0]LogInit: Selected Device Profile: [Windows]
[2016.04.17-16.32.59:831][  0]LogContentStreaming: Texture pool size is 0.000000MB
[2016.04.17-16.32.59:869][  0]LogMeshUtilities: No automatic mesh reduction module available
[2016.04.17-16.32.59:869][  0]LogMeshUtilities: No automatic mesh merging module available
[2016.04.17-16.33.00:312][  0]LogInit: WinSock: version 1.1 (2.2), MaxSocks=32767, MaxUdp=65467
[2016.04.17-16.33.01:110][  0]LogAssetRegistry: FAssetRegistry took 0.0101 seconds to start up
[2016.04.17-16.33.01:124][  0]UdpMessaging: Initializing bridge on interface 0.0.0.0:0 to multicast group 230.0.0.1:6666.
[2016.04.17-16.33.01:375][  0]SourceControl: Info Source control is disabled
[2016.04.17-16.33.01:375][  0]SourceControl: Info Source control is disabled
[2016.04.17-16.33.01:383][  0]SourceControl: Info Source control is disabled
[2016.04.17-16.33.01:391][  0]SourceControl: Info Source control is disabled
[2016.04.17-16.33.01:589][  0]LogObj: 28802 objects as part of root set at end of initial load.
[2016.04.17-16.33.01:589][  0]LogUObjectAllocator: 6129768 out of 0 bytes used by permanent object pool.
[2016.04.17-16.33.01:659][  0]LogEngine: Initializing Engine...
[2016.04.17-16.33.01:661][  0]LogHMD: Can't find Oculus library dev build: is proper Runtime installed? Version: 0.8.0.0
[2016.04.17-16.33.01:661][  0]LogHMD: SteamVR failed to initialize.  Err: 110
[2016.04.17-16.33.01:828][  0]LogAIModule: Creating AISystem for world NewWorld
[2016.04.17-16.33.01:834][  0]LogInit: XAudio2 using 'Speakers (2- Logitech USB Headset)' : 2 channels at 44.1 kHz using 16 bits per sample (channel mask 0x3)
[2016.04.17-16.33.01:852][  0]LogInit: FAudioDevice initialized.
[2016.04.17-16.33.01:893][  0]LogDerivedDataCache: Saved boot cache 0.04s 41MB C:/Users/Mandy/AppData/Local/UnrealEngine/4.10/DerivedDataCache/Boot.ddc.
[2016.04.17-16.33.01:908][  0]LogInit: Texture streaming: Enabled
[2016.04.17-16.33.01:912][  0]LogAnalytics: Creating configured Analytics provider AnalyticsET
[2016.04.17-16.33.01:912][  0]LogAnalytics: [UEEditor.Rocket.Release] APIServer = http://et2.epicgames.com/ET2/. AppVersion = 4.10.4-2872498+++depot+UE4-Releases+4.10
[2016.04.17-16.33.01:912][  0]LogAnalytics: [UEEditor.Rocket.Release] SetUserId e0d98b0e467b55d21c5013962f69b996|a1543627d61e4593a39d507d0813b255|cef8b6ba-01d0-47b7-a028-3b7e918a90c5
[2016.04.17-16.33.01:912][  0]LogAnalytics: [UEEditor.Rocket.Release] AnalyticsET::StartSession
[2016.04.17-16.33.01:919][  0]LogInit: Transaction tracking system initialized
[2016.04.17-16.33.01:940][  0]BlueprintLog: New page: Editor Load
[2016.04.17-16.33.02:002][  0]LocalizationService: Info Localization service is disabled
[2016.04.17-16.33.02:067][  0]LogConsoleResponse:Display: 
[2016.04.17-16.33.02:198][  0]LogCook:Display: Done creating registry. It took  0.00s.
[2016.04.17-16.33.02:247][  0]LogFileCache: Scanning file cache for directory 'E:/Users/Mandy/Documents/GitHub/HotelBete/Content/' took 0.02s
[2016.04.17-16.33.02:247][  0]SourceControl: Info Source control is disabled
[2016.04.17-16.33.02:247][  0]Cmd: MAP LOAD FILE="../../../../../../Users/Mandy/Documents/GitHub/HotelBete/Content/Hotel/Levels/Menu.umap" TEMPLATE=0 SHOWPROGRESS=1 FEATURELEVEL=3
[2016.04.17-16.33.02:248][  0]LightingResults: New page: Lighting Build
[2016.04.17-16.33.02:250][  0]MapCheck: New page: Map Check
[2016.04.17-16.33.02:251][  0]LightingResults: New page: Lighting Build
[2016.04.17-16.33.02:267][  0]LogParticles: Destroying 0 GPU particle simulations for FXSystem 0x0000000024DB5D00
[2016.04.17-16.33.04:022][  0]LogTexture:Display: Building textures: button_MouseOver__CREDITS (BGRA8)
[2016.04.17-16.33.04:374][  0]LogTexture:Display: Building textures: button_Credits (BGRA8)
[2016.04.17-16.33.04:636][  0]LogAIModule: Creating AISystem for world Menu
[2016.04.17-16.33.04:637][  0]LogEditorServer: Finished looking for orphan Actors (0.000 secs)
[2016.04.17-16.33.04:638][  0]Cmd: MAP CHECKDEP NOCLEARLOG
[2016.04.17-16.33.04:693][  0]MapCheck: Info Map check complete: 0 Error(s), 0 Warning(s), took 54.572ms to complete.
[2016.04.17-16.33.04:693][  0]LogFileHelpers: Loading map 'Menu' took 2.446
[2016.04.17-16.33.04:810][  0]LogCollectionManager: Loaded 0 collections in 0.001163 seconds
[2016.04.17-16.33.04:863][  0]LogFileCache: Scanning file cache for directory 'E:/Users/Mandy/Documents/GitHub/HotelBete/Saved/Collections/' took 0.01s
[2016.04.17-16.33.04:863][  0]LogFileCache: Scanning file cache for directory 'E:/Users/Mandy/Documents/GitHub/HotelBete/Content/Developers/Mandy/Collections/' took 0.01s
[2016.04.17-16.33.04:863][  0]LogFileCache: Scanning file cache for directory 'E:/Users/Mandy/Documents/GitHub/HotelBete/Content/Collections/' took 0.01s
[2016.04.17-16.33.04:863][  0]LogCollectionManager: Rebuilt the GUID cache for 0 collections in 0.000004 seconds
[2016.04.17-16.33.04:874][  0]LogContentBrowser: Native class hierarchy populated in 0.0115 seconds. Added 1908 classes and 344 folders.
[2016.04.17-16.33.04:880][  0]LogContentBrowser: Native class hierarchy updated for 'WidgetCarousel' in 0.0004 seconds. Added 0 classes and 0 folders.
[2016.04.17-16.33.04:926][  0]LogContentBrowser: Native class hierarchy updated for 'AddContentDialog' in 0.0004 seconds. Added 0 classes and 0 folders.
[2016.04.17-16.33.04:930][  0]LogContentBrowser: Native class hierarchy updated for 'SceneOutliner' in 0.0004 seconds. Added 1 classes and 2 folders.
[2016.04.17-16.33.04:993][  0]LogCrashTracker: Crashtracker disabled due to settings.
[2016.04.17-16.33.04:997][  0]LogUObjectGlobals:Warning: Failed to find object 'Class None.'
[2016.04.17-16.33.05:019][  0]LogLoad: Full Startup: 7.94 seconds (BP compile: 0.14 seconds)
[2016.04.17-16.33.05:031][  0]LogOcInput: Can't find Oculus library dev build: is proper Runtime installed? Version: 0.8.0.0
[2016.04.17-16.33.05:094][  0]LogContentStreaming: Texture pool size now 1000 MB
[2016.04.17-16.33.05:298][  0]LogRenderer: Reallocating scene render targets to support 1036x568 (Frame:2).
[2016.04.17-16.33.06:154][ 58]LogAssetRegistry: Asset discovery search completed in 5.0543 seconds
[2016.04.17-16.33.06:154][ 58]LogCollectionManager: Rebuilt the object cache for 0 collections in 0.000002 seconds (found 0 objects)
[2016.04.17-16.33.06:154][ 58]LogCollectionManager: Fixed up redirectors for 0 collections in 0.000026 seconds (updated 0 objects)
[2016.04.17-16.33.20:803][700]LogRenderer: Reallocating scene render targets to support 1192x780 (Frame:1651).
[2016.04.17-16.33.27:208][152]LogEditorFactories: Performing atomic reimport of [C:/Users/Mandy/Documents/maya/projects/default/scenes/guest_floor_haunted.fbx]
[2016.04.17-16.33.27:362][152]LogFbx: Loading FBX Scene from C:/Users/Mandy/Documents/maya/projects/default/scenes/guest_floor_haunted.fbx
[2016.04.17-16.33.27:823][152]LogFbx: FBX Scene Loaded Succesfully
[2016.04.17-16.33.27:881][152]LogFbx:Warning: Warning Warning: No smoothing group information was found in this FBX scene.  Please make sure to enable the 'Export Smoothing Groups' option in the FBX Exporter plug-in before exporting the file.  Even for tools that don't support smoothing groups, the FBX Exporter will generate appropriate smoothing data at export-time so that correct vertex normals can be inferred while importing.
[2016.04.17-16.33.27:915][152]LogFbx:Warning: Triangulating static mesh Columns
[2016.04.17-16.33.29:507][152]LogFbx:Warning: Triangulating static mesh 2FGlass
[2016.04.17-16.33.30:622][152]LogStaticMesh: Building static mesh guest_floor_haunted...
[2016.04.17-16.33.35:112][152]LogStaticMesh: Built static mesh [4.490422.2s] /Game/Hotel/Art/Models/Guest_Floor/guest_floor_haunted.guest_floor_haunted
[2016.04.17-16.33.35:369][152]LogStaticMesh:Warning: guest_floor_haunted has degenerate tangent bases which will result in incorrect shading. 
[2016.04.17-16.33.35:371][152]LogFbx:Warning: Warning guest_floor_haunted has degenerate tangent bases which will result in incorrect shading. 
[2016.04.17-16.33.35:661][152]LogEditorFactories: -- imported successfully
[2016.04.17-16.34.17:438][841]LogSavePackage: Save=20.744535ms
[2016.04.17-16.34.17:438][841]LogSavePackage: Moving '../../../../../../Users/Mandy/Documents/GitHub/HotelBete/Saved/guest_floor_haunted1B3EBA5240B10A8969160C838C723556.tmp' to '../../../../../../Users/Mandy/Documents/GitHub/HotelBete/Content/Hotel/Art/Models/Guest_Floor/guest_floor_haunted.uasset'
[2016.04.17-16.34.17:440][841]LogSavePackage: Total save time: 36.433473ms
[2016.04.17-16.34.17:440][841]LogSavePackage:Display: Finished SavePackage ../../../../../../Users/Mandy/Documents/GitHub/HotelBete/Content/Hotel/Art/Models/Guest_Floor/guest_floor_haunted.uasset
[2016.04.17-16.34.28:644][872]LogBlueprint:Warning: USimpleConstructionScript::FixupRootNodeParentReferences() - Couldn't find inherited parent component 'DefaultSceneRoot' for 'KeyWithRoomNum' in BlueprintGeneratedClass 'REINST_Key_C_32' (it may have been removed)
[2016.04.17-16.34.32:853][872]LogTexture:Display: Building textures: HQ_Lightmap0_1 (AutoDXT)
[2016.04.17-16.34.33:950][872]LogTexture:Display: Building textures: HQ_Lightmap0_11 (AutoDXT)
[2016.04.17-16.34.34:708][872]LogTexture:Display: Building textures: HQ_Lightmap0_12 (AutoDXT)
[2016.04.17-16.34.35:511][872]LogTexture:Display: Building textures: HQ_Lightmap0_15 (AutoDXT)
[2016.04.17-16.34.35:683][872]LogTexture:Display: Building textures: HQ_Lightmap0_16 (AutoDXT)
[2016.04.17-16.34.35:726][872]LogTexture:Display: Building textures: HQ_Lightmap0_17 (AutoDXT)
[2016.04.17-16.34.35:771][872]LogTexture:Display: Building textures: HQ_Lightmap0_18 (AutoDXT)
[2016.04.17-16.34.36:017][872]LogTexture:Display: Building textures: HQ_Lightmap0_2 (AutoDXT)
[2016.04.17-16.34.36:814][872]LogTexture:Display: Building textures: HQ_Lightmap0_4 (AutoDXT)
[2016.04.17-16.34.37:728][872]LogTexture:Display: Building textures: HQ_Lightmap0_5 (AutoDXT)
[2016.04.17-16.34.38:524][872]LogTexture:Display: Building textures: HQ_Lightmap0_7 (AutoDXT)
[2016.04.17-16.34.39:008][872]LogTexture:Display: Building textures: HQ_Lightmap0_8 (AutoDXT)
[2016.04.17-16.34.39:643][872]LogTexture:Display: Building textures: HQ_Lightmap1_10 (AutoDXT)
[2016.04.17-16.34.39:660][872]LogTexture:Display: Building textures: HQ_Lightmap1_13 (AutoDXT)
[2016.04.17-16.34.39:853][872]LogTexture:Display: Building textures: HQ_Lightmap1_14 (AutoDXT)
[2016.04.17-16.34.40:437][872]LogTexture:Display: Building textures: HQ_Lightmap1_19 (AutoDXT)
[2016.04.17-16.34.40:462][872]LogTexture:Display: Building textures: HQ_Lightmap1_20 (AutoDXT)
[2016.04.17-16.34.40:466][872]LogTexture:Display: Building textures: HQ_Lightmap1_21 (AutoDXT)
[2016.04.17-16.34.40:538][872]LogTexture:Display: Building textures: HQ_Lightmap1_3 (AutoDXT)
[2016.04.17-16.34.41:445][872]LogTexture:Display: Building textures: HQ_Lightmap1_6 (AutoDXT)
[2016.04.17-16.34.42:292][872]LogTexture:Display: Building textures: HQ_Lightmap1_9 (AutoDXT)
[2016.04.17-16.34.42:466][872]LogTexture:Display: Building textures: LQ_Lightmap_0_1 (DXT1)
[2016.04.17-16.34.42:921][872]LogTexture:Display: Building textures: LQ_Lightmap_0_11 (DXT1)
[2016.04.17-16.34.43:360][872]LogTexture:Display: Building textures: LQ_Lightmap_0_12 (DXT1)
[2016.04.17-16.34.43:758][872]LogTexture:Display: Building textures: LQ_Lightmap_0_15 (DXT1)
[2016.04.17-16.34.43:846][872]LogTexture:Display: Building textures: LQ_Lightmap_0_16 (DXT1)
[2016.04.17-16.34.43:878][872]LogTexture:Display: Building textures: LQ_Lightmap_0_17 (DXT1)
[2016.04.17-16.34.43:914][872]LogTexture:Display: Building textures: LQ_Lightmap_0_18 (DXT1)
[2016.04.17-16.34.44:090][872]LogTexture:Display: Building textures: LQ_Lightmap_0_2 (DXT1)
[2016.04.17-16.34.44:535][872]LogTexture:Display: Building textures: LQ_Lightmap_0_4 (DXT1)
[2016.04.17-16.34.44:975][872]LogTexture:Display: Building textures: LQ_Lightmap_0_5 (DXT1)
[2016.04.17-16.34.45:375][872]LogTexture:Display: Building textures: LQ_Lightmap_0_7 (DXT1)
[2016.04.17-16.34.45:722][872]LogTexture:Display: Building textures: LQ_Lightmap_0_8 (DXT1)
[2016.04.17-16.34.46:185][872]LogTexture:Display: Building textures: LQ_Lightmap_1_10 (DXT1)
[2016.04.17-16.34.46:193][872]LogTexture:Display: Building textures: LQ_Lightmap_1_13 (DXT1)
[2016.04.17-16.34.46:321][872]LogTexture:Display: Building textures: LQ_Lightmap_1_14 (DXT1)
[2016.04.17-16.34.46:620][872]LogTexture:Display: Building textures: LQ_Lightmap_1_19 (DXT1)
[2016.04.17-16.34.46:638][872]LogTexture:Display: Building textures: LQ_Lightmap_1_20 (DXT1)
[2016.04.17-16.34.46:643][872]LogTexture:Display: Building textures: LQ_Lightmap_1_21 (DXT1)
[2016.04.17-16.34.46:716][872]LogTexture:Display: Building textures: LQ_Lightmap_1_3 (DXT1)
[2016.04.17-16.34.47:145][872]LogTexture:Display: Building textures: LQ_Lightmap_1_6 (DXT1)
[2016.04.17-16.34.47:539][872]LogTexture:Display: Building textures: LQ_Lightmap_1_9 (DXT1)
[2016.04.17-16.34.47:657][872]LogTexture:Display: Building textures: SkyOcclusion0_1 (AutoDXT)
[2016.04.17-16.34.48:345][872]LogTexture:Display: Building textures: SkyOcclusion0_11 (AutoDXT)
[2016.04.17-16.34.48:644][872]LogTexture:Display: Building textures: SkyOcclusion0_12 (AutoDXT)
[2016.04.17-16.34.48:930][872]LogTexture:Display: Building textures: SkyOcclusion0_15 (AutoDXT)
[2016.04.17-16.34.49:064][872]LogTexture:Display: Building textures: SkyOcclusion0_16 (AutoDXT)
[2016.04.17-16.34.49:099][872]LogTexture:Display: Building textures: SkyOcclusion0_17 (AutoDXT)
[2016.04.17-16.34.49:136][872]LogTexture:Display: Building textures: SkyOcclusion0_18 (AutoDXT)
[2016.04.17-16.34.49:275][872]LogTexture:Display: Building textures: SkyOcclusion0_2 (AutoDXT)
[2016.04.17-16.34.49:692][872]LogTexture:Display: Building textures: SkyOcclusion0_4 (AutoDXT)
[2016.04.17-16.34.50:085][872]LogTexture:Display: Building textures: SkyOcclusion0_5 (AutoDXT)
[2016.04.17-16.34.50:423][872]LogTexture:Display: Building textures: SkyOcclusion0_7 (AutoDXT)
[2016.04.17-16.34.50:630][872]LogTexture:Display: Building textures: SkyOcclusion0_8 (AutoDXT)
[2016.04.17-16.34.50:914][872]LogTexture:Display: Building textures: SkyOcclusion1_10 (AutoDXT)
[2016.04.17-16.34.50:922][872]LogTexture:Display: Building textures: SkyOcclusion1_13 (AutoDXT)
[2016.04.17-16.34.50:985][872]LogTexture:Display: Building textures: SkyOcclusion1_14 (AutoDXT)
[2016.04.17-16.34.51:091][872]LogTexture:Display: Building textures: SkyOcclusion1_19 (AutoDXT)
[2016.04.17-16.34.51:122][872]LogTexture:Display: Building textures: SkyOcclusion1_20 (AutoDXT)
[2016.04.17-16.34.51:130][872]LogTexture:Display: Building textures: SkyOcclusion1_21 (AutoDXT)
[2016.04.17-16.34.51:168][872]LogTexture:Display: Building textures: SkyOcclusion1_3 (AutoDXT)
[2016.04.17-16.34.51:566][872]LogTexture:Display: Building textures: SkyOcclusion1_6 (AutoDXT)
[2016.04.17-16.34.51:960][872]LogTexture:Display: Building textures: SkyOcclusion1_9 (AutoDXT)
[2016.04.17-16.34.52:098][872]LogTexture:Display: Building textures: ShadowMapTexture2D_31 (BGRA8)
[2016.04.17-16.34.52:390][872]LogTexture:Display: Building textures: ShadowMapTexture2D_32 (BGRA8)
[2016.04.17-16.34.52:675][872]LogTexture:Display: Building textures: ShadowMapTexture2D_33 (BGRA8)
[2016.04.17-16.34.52:971][872]LogTexture:Display: Building textures: ShadowMapTexture2D_34 (BGRA8)
[2016.04.17-16.34.53:258][872]LogTexture:Display: Building textures: ShadowMapTexture2D_35 (BGRA8)
[2016.04.17-16.34.53:547][872]LogTexture:Display: Building textures: ShadowMapTexture2D_36 (BGRA8)
[2016.04.17-16.34.53:806][872]LogTexture:Display: Building textures: ShadowMapTexture2D_37 (BGRA8)
[2016.04.17-16.34.53:858][872]LogTexture:Display: Building textures: ShadowMapTexture2D_38 (BGRA8)
[2016.04.17-16.34.53:867][872]LogTexture:Display: Building textures: ShadowMapTexture2D_39 (BGRA8)
[2016.04.17-16.34.53:872][872]LogTexture:Display: Building textures: ShadowMapTexture2D_40 (BGRA8)
[2016.04.17-16.34.53:893][872]LogTexture:Display: Building textures: ShadowMapTexture2D_41 (BGRA8)
[2016.04.17-16.34.53:943][872]LogTexture:Display: Building textures: ShadowMapTexture2D_42 (BGRA8)
[2016.04.17-16.34.53:946][872]LogTexture:Display: Building textures: ShadowMapTexture2D_43 (BGRA8)
[2016.04.17-16.34.53:949][872]LogTexture:Display: Building textures: ShadowMapTexture2D_44 (BGRA8)
[2016.04.17-16.34.53:952][872]LogTexture:Display: Building textures: ShadowMapTexture2D_45 (BGRA8)
[2016.04.17-16.34.53:953][872]LogTexture:Display: Building textures: ShadowMapTexture2D_46 (BGRA8)
[2016.04.17-16.34.53:955][872]LogTexture:Display: Building textures: ShadowMapTexture2D_47 (BGRA8)
[2016.04.17-16.34.53:957][872]LogTexture:Display: Building textures: ShadowMapTexture2D_48 (BGRA8)
[2016.04.17-16.34.54:510][872]LogMaterial: Missing cached shader map for material M_Wood_Oak, compiling. 
[2016.04.17-16.34.54:511][872]LogMaterial:Warning: Failed to compile Material /Game/StarterContent/Materials/M_Wood_Oak.M_Wood_Oak for platform PCD3D_SM5, Default Material will be used in game.
[2016.04.17-16.34.54:511][872]LogMaterial:Warning: 	(Node TextureSample) TextureSample> Missing input texture
[2016.04.17-16.34.54:525][872]LogMaterial: Missing cached shader map for material 2ndFloorStainedGlass, compiling. 
[2016.04.17-16.34.54:703][872]LogMaterial: Missing cached shader map for material BarMat, compiling. 
[2016.04.17-16.34.54:720][872]LogMaterial: Missing cached shader map for material BarrelMat, compiling. 
[2016.04.17-16.34.54:738][872]LogMaterial: Missing cached shader map for material Large_Wine_Jugbrown, compiling. 
[2016.04.17-16.34.55:185][872]LogMaterial: Missing cached shader map for material StoolMat, compiling. 
[2016.04.17-16.34.55:241][872]LogMaterial: Missing cached shader map for material TestTubeMat, compiling. 
[2016.04.17-16.34.55:254][872]LogMaterial: Missing cached shader map for material Stand, compiling. 
[2016.04.17-16.34.55:387][872]LogMaterial: Missing cached shader map for material BrokenCharMat2, compiling. 
[2016.04.17-16.34.55:401][872]LogMaterial: Missing cached shader map for material CrateMat, compiling. 
[2016.04.17-16.34.55:556][872]LogMaterial: Missing cached shader map for material ReceptionDeskMat, compiling. 
[2016.04.17-16.34.55:611][872]LogAIModule: Creating AISystem for world World
[2016.04.17-16.34.55:613][872]LogParticles:Warning: InitializeSystem called on an unregistered component. Template=/Game/StarterContent/Particles/Breath.Breath Component=/Game/Hotel/Levels/World.World:PersistentLevel.Breath.ParticleSystemComponent0
[2016.04.17-16.34.55:614][872]LogParticles:Warning: InitializeSystem called on an unregistered component. Template=/Game/StarterContent/Particles/ItemMarker.ItemMarker Component=/Game/Hotel/Levels/World.World:PersistentLevel.ItemMarker.ParticleSystemComponent0
[2016.04.17-16.34.55:615][872]LogParticles:Warning: InitializeSystem called on an unregistered component. Template=/Game/StarterContent/Particles/Dust.Dust Component=/Game/Hotel/Levels/World.World:PersistentLevel.Dust_2.ParticleSystemComponent0
[2016.04.17-16.34.55:616][872]LogParticles:Warning: InitializeSystem called on an unregistered component. Template=/Game/StarterContent/Particles/Dust.Dust Component=/Game/Hotel/Levels/World.World:PersistentLevel.Dust2.ParticleSystemComponent0
[2016.04.17-16.34.55:617][872]LogParticles:Warning: InitializeSystem called on an unregistered component. Template=/Game/StarterContent/Particles/Dust.Dust Component=/Game/Hotel/Levels/World.World:PersistentLevel.Dust3.ParticleSystemComponent0
[2016.04.17-16.34.56:084][872]LogParticles: Destroying 0 GPU particle simulations for FXSystem 0x000000001913CCC0
[2016.04.17-16.34.56:380][872]Cmd: MAP LOAD FILE="../../../../../../Users/Mandy/Documents/GitHub/HotelBete/Content/Hotel/Levels/World.umap" TEMPLATE=0 SHOWPROGRESS=1 FEATURELEVEL=3
[2016.04.17-16.34.56:381][872]LightingResults: New page: Lighting Build
[2016.04.17-16.34.56:400][872]LoadErrors: New page: Loading map: World.umap
[2016.04.17-16.34.56:437][872]MapCheck: New page: Map Check
[2016.04.17-16.34.56:437][872]LightingResults: New page: Lighting Build
[2016.04.17-16.34.56:466][872]LogParticles: Destroying 0 GPU particle simulations for FXSystem 0x0000000011880220
[2016.04.17-16.34.56:849][872]LogEditorServer: Finished looking for orphan Actors (0.000 secs)
[2016.04.17-16.34.56:932][872]Cmd: MAP CHECKDEP NOCLEARLOG
[2016.04.17-16.34.57:075][872]MapCheck: Info Map check complete: 0 Error(s), 0 Warning(s), took 142.669ms to complete.
[2016.04.17-16.34.57:076][872]LogFileHelpers: Loading map 'World' took 0.697
[2016.04.17-16.34.57:082][872]LoadErrors:Error: Error /Game/FirstPersonBP/Blueprints/Enemy : Failed import for Enemy_C /Game/Hotel/Blueprints/Enemies/Enemy.Default__Enemy_C [redirection] in /Game/FirstPersonBP/Blueprints/Enemy
[2016.04.