[2016.04.17-01.59.29:078][  0]Log file open, 04/16/16 21:59:29
[2016.04.17-01.59.29:078][  0]LogInit:Display: Running engine for game: Hotel
[2016.04.17-01.59.29:078][  0]LogPlatformFile: Not using cached read wrapper
[2016.04.17-01.59.29:078][  0]LogInit:Display: RandInit(-2093889200) SRandInit(-2093889165).
[2016.04.17-01.59.29:078][  0]LogTaskGraph: Started task graph with 4 named threads and 7 total threads.
[2016.04.17-01.59.29:078][  0]LogStats: Stats thread started at 0.071262
[2016.04.17-01.59.29:078][  0]LogInit: Version: 4.10.4-2872498+++depot+UE4-Releases+4.10
[2016.04.17-01.59.29:078][  0]LogInit: API Version: 2758231
[2016.04.17-01.59.29:078][  0]LogInit: Compiled (64-bit): Feb 18 2016 15:47:04
[2016.04.17-01.59.29:078][  0]LogInit: Compiled with Visual C++: 19.00.23026.00
[2016.04.17-01.59.29:078][  0]LogInit: Build Configuration: Development
[2016.04.17-01.59.29:078][  0]LogInit: Branch Name: ++depot+UE4-Releases+4.10
[2016.04.17-01.59.29:078][  0]LogInit: Command line:  
[2016.04.17-01.59.29:078][  0]LogInit: Base directory: E:/Program Files (x86)/Epic Games/4.10/Engine/Binaries/Win64/
[2016.04.17-01.59.29:078][  0]LogInit: Rocket: 1
[2016.04.17-01.59.29:088][  0]LogInit: Using libcurl 7.41.0
[2016.04.17-01.59.29:088][  0]LogInit:  - built for x86_64-pc-win32
[2016.04.17-01.59.29:088][  0]LogInit:  - supports SSL with WinSSL
[2016.04.17-01.59.29:088][  0]LogInit:  - other features:
[2016.04.17-01.59.29:088][  0]LogInit:      CURL_VERSION_SSL
[2016.04.17-01.59.29:088][  0]LogInit:      CURL_VERSION_IPV6
[2016.04.17-01.59.29:088][  0]LogInit:      CURL_VERSION_ASYNCHDNS
[2016.04.17-01.59.29:088][  0]LogInit:      CURL_VERSION_LARGEFILE
[2016.04.17-01.59.29:088][  0]LogInit:      CURL_VERSION_IDN
[2016.04.17-01.59.29:088][  0]LogInit:  CurlRequestOptions (configurable via config and command line):
[2016.04.17-01.59.29:088][  0]LogInit:  - bVerifyPeer = true  - Libcurl will verify peer certificate
[2016.04.17-01.59.29:088][  0]LogInit:  - bUseHttpProxy = false  - Libcurl will NOT use HTTP proxy
[2016.04.17-01.59.29:088][  0]LogInit:  - bDontReuseConnections = false  - Libcurl will reuse connections
[2016.04.17-01.59.29:088][  0]LogInit:  - CertBundlePath = nullptr  - Libcurl will use whatever was configured at build time.
[2016.04.17-01.59.29:094][  0]LogInit: Presizing for 0 objects not considered by GC, pre-allocating 0 bytes.
[2016.04.17-01.59.29:103][  0]LogInit: Object subsystem initialized
[2016.04.17-01.59.29:104][  0]LogInit: Selected Device Profile: [Windows]
[2016.04.17-01.59.29:104][  0]LogInit: Applying CVar settings loaded from the selected device profile: [Windows]
[2016.04.17-01.59.29:113][  0]LogInit: Computer: MANDY-PC
[2016.04.17-01.59.29:113][  0]LogInit: User: Mandy
[2016.04.17-01.59.29:113][  0]LogInit: CPU Page size=4096, Cores=4
[2016.04.17-01.59.29:113][  0]LogInit: High frequency timer resolution =14.318180 MHz
[2016.04.17-01.59.29:113][  0]LogMemory: Memory total: Physical=16.0GB (16GB approx)
[2016.04.17-01.59.29:113][  0]LogMemory: Platform Memory Stats for Windows
[2016.04.17-01.59.29:113][  0]LogMemory: Process Physical Memory: 56.50 MB used, 56.50 MB peak
[2016.04.17-01.59.29:113][  0]LogMemory: Process Virtual Memory: 59.69 MB used, 59.69 MB peak
[2016.04.17-01.59.29:113][  0]LogMemory: Physical Memory: 2454.32 MB used, 16383.18 MB total
[2016.04.17-01.59.29:113][  0]LogMemory: Virtual Memory: 354.59 MB used, 8388608.00 MB total
[2016.04.17-01.59.29:160][  0]LogTextLocalizationManager: No specific translations for ('en-US') exist, so ('en') translations will be used.
[2016.04.17-01.59.29:734][  0]LogD3D11RHI: Found D3D11 adapter 0: NVIDIA GeForce GTX 750 (Feature Level 11_0)
[2016.04.17-01.59.29:734][  0]LogD3D11RHI: Adapter has 972MB of dedicated video memory, 0MB of dedicated system memory, and 3072MB of shared system memory, 2 output[s]
[2016.04.17-01.59.29:734][  0]LogD3D11RHI: Chosen D3D11 Adapter Id = 0
[2016.04.17-01.59.29:740][  0]LogD3D11RHI: !Direct3DDevice
[2016.04.17-01.59.29:740][  0]LogRHI: Texture pool is 680 MB (70% of 972 MB)
[2016.04.17-01.59.29:750][  0]LogD3D11RHI: Async texture creation enabled
[2016.04.17-01.59.29:766][  0]LogShaderCompilers: Guid format shader working directory is -10 characters bigger than the processId version (../../../../../../Users/Mandy/Documents/GitHub/HotelBete/Intermediate/Shaders/WorkingDirectory/7600/).
[2016.04.17-01.59.29:766][  0]LogShaderCompilers: Cleaned the shader compiler working directory 'C:/Users/Mandy/AppData/Local/Temp/UnrealShaderWorkingDir/57D4FC4B4C39F25757A20DB49A7B9E70/'.
[2016.04.17-01.59.29:766][  0]LogShaderCompilers:Display: Using Local Shader Compiler.
[2016.04.17-01.59.30:885][  0]LogTemp:Display: Loaded TP AllDesktopTargetPlatform
[2016.04.17-01.59.30:890][  0]LogTemp:Display: Loaded TP WindowsClientTargetPlatform
[2016.04.17-01.59.30:895][  0]LogTemp:Display: Loaded TP WindowsNoEditorTargetPlatform
[2016.04.17-01.59.30:899][  0]LogTemp:Display: Loaded TP WindowsServerTargetPlatform
[2016.04.17-01.59.30:904][  0]LogTemp:Display: Loaded TP WindowsTargetPlatform
[2016.04.17-01.59.30:907][  0]LogTemp:Display: Loaded TP AndroidTargetPlatform
[2016.04.17-01.59.30:911][  0]LogTemp:Display: Loaded TP Android_ASTCTargetPlatform
[2016.04.17-01.59.30:914][  0]LogTemp:Display: Loaded TP Android_ATCTargetPlatform
[2016.04.17-01.59.30:917][  0]LogTemp:Display: Loaded TP Android_DXTTargetPlatform
[2016.04.17-01.59.30:921][  0]LogTemp:Display: Loaded TP Android_ETC1TargetPlatform
[2016.04.17-01.59.30:924][  0]LogTemp:Display: Loaded TP Android_ETC2TargetPlatform
[2016.04.17-01.59.30:931][  0]LogTemp:Display: Loaded TP Android_MultiTargetPlatform
[2016.04.17-01.59.30:931][  0]LogTemp:Display: Loaded TP Android_PVRTCTargetPlatform
[2016.04.17-01.59.30:932][  0]LogTemp:Display: Loaded TP HTML5TargetPlatform
[2016.04.17-01.59.30:948][  0]LogTemp:Display: Loaded TP IOSTargetPlatform
[2016.04.17-01.59.30:951][  0]LogTemp:Display: Loaded TP LinuxNoEditorTargetPlatform
[2016.04.17-01.59.30:955][  0]LogTemp:Display: Loaded TP LinuxServerTargetPlatform
[2016.04.17-01.59.30:960][  0]LogTemp:Display: Loaded TP LinuxTargetPlatform
[2016.04.17-01.59.30:960][  0]LogTargetPlatformManager:Display: Building Assets For Windows
[2016.04.17-01.59.31:028][  0]LogDerivedDataCache:Display: Max Cache Size: 512 MB
[2016.04.17-01.59.31:143][  0]LogDerivedDataCache: Loaded boot cache 0.12s 41MB C:/Users/Mandy/AppData/Local/UnrealEngine/4.10/DerivedDataCache/Boot.ddc.
[2016.04.17-01.59.31:143][  0]LogDerivedDataCache:Display: Loaded Boot cache: C:/Users/Mandy/AppData/Local/UnrealEngine/4.10/DerivedDataCache/Boot.ddc
[2016.04.17-01.59.31:143][  0]LogDerivedDataCache: FDerivedDataBackendGraph:  Pak pak cache file ../../../../../../Users/Mandy/Documents/GitHub/HotelBete/DerivedDataCache/DDC.ddp not found, will not use a pak cache.
[2016.04.17-01.59.31:143][  0]LogDerivedDataCache: Unable to find inner node Pak for hierarchical cache Hierarchy.
[2016.04.17-01.59.31:143][  0]LogDerivedDataCache: FDerivedDataBackendGraph:  CompressedPak pak cache file ../../../../../../Users/Mandy/Documents/GitHub/HotelBete/DerivedDataCache/Compressed.ddp not found, will not use a pak cache.
[2016.04.17-01.59.31:143][  0]LogDerivedDataCache: Unable to find inner node CompressedPak for hierarchical cache Hierarchy.
[2016.04.17-01.59.31:234][  0]LogDerivedDataCache:Display: Pak cache opened for reading ../../../Engine/DerivedDataCache/Compressed.ddp.
[2016.04.17-01.59.31:246][  0]LogDerivedDataCache: Using Local data cache path C:/Users/Mandy/AppData/Local/UnrealEngine/Common/DerivedDataCache: Writable
[2016.04.17-01.59.31:459][  0]LogInit: Selected Device Profile: [Windows]
[2016.04.17-01.59.31:460][  0]LogContentStreaming: Texture pool size is 0.000000MB
[2016.04.17-01.59.31:502][  0]LogMeshUtilities: No automatic mesh reduction module available
[2016.04.17-01.59.31:502][  0]LogMeshUtilities: No automatic mesh merging module available
[2016.04.17-01.59.31:989][  0]LogInit: WinSock: version 1.1 (2.2), MaxSocks=32767, MaxUdp=65467
[2016.04.17-01.59.32:825][  0]LogAssetRegistry: FAssetRegistry took 0.0102 seconds to start up
[2016.04.17-01.59.32:844][  0]UdpMessaging: Initializing bridge on interface 0.0.0.0:0 to multicast group 230.0.0.1:6666.
[2016.04.17-01.59.33:101][  0]SourceControl: Info Source control is disabled
[2016.04.17-01.59.33:102][  0]SourceControl: Info Source control is disabled
[2016.04.17-01.59.33:110][  0]SourceControl: Info Source control is disabled
[2016.04.17-01.59.33:119][  0]SourceControl: Info Source control is disabled
[2016.04.17-01.59.33:365][  0]LogObj: 28802 objects as part of root set at end of initial load.
[2016.04.17-01.59.33:365][  0]LogUObjectAllocator: 6129776 out of 0 bytes used by permanent object pool.
[2016.04.17-01.59.33:440][  0]LogEngine: Initializing Engine...
[2016.04.17-01.59.33:442][  0]LogHMD: Can't find Oculus library dev build: is proper Runtime installed? Version: 0.8.0.0
[2016.04.17-01.59.33:442][  0]LogHMD: SteamVR failed to initialize.  Err: 110
[2016.04.17-01.59.33:606][  0]LogAIModule: Creating AISystem for world NewWorld
[2016.04.17-01.59.33:613][  0]LogInit: XAudio2 using 'Speakers (2- Logitech USB Headset)' : 2 channels at 44.1 kHz using 16 bits per sample (channel mask 0x3)
[2016.04.17-01.59.33:631][  0]LogInit: FAudioDevice initialized.
[2016.04.17-01.59.33:673][  0]LogDerivedDataCache: Saved boot cache 0.04s 41MB C:/Users/Mandy/AppData/Local/UnrealEngine/4.10/DerivedDataCache/Boot.ddc.
[2016.04.17-01.59.33:689][  0]LogInit: Texture streaming: Enabled
[2016.04.17-01.59.33:693][  0]LogAnalytics: Creating configured Analytics provider AnalyticsET
[2016.04.17-01.59.33:693][  0]LogAnalytics: [UEEditor.Rocket.Release] APIServer = http://et2.epicgames.com/ET2/. AppVersion = 4.10.4-2872498+++depot+UE4-Releases+4.10
[2016.04.17-01.59.33:693][  0]LogAnalytics: [UEEditor.Rocket.Release] SetUserId e0d98b0e467b55d21c5013962f69b996|a1543627d61e4593a39d507d0813b255|cef8b6ba-01d0-47b7-a028-3b7e918a90c5
[2016.04.17-01.59.33:693][  0]LogAnalytics: [UEEditor.Rocket.Release] AnalyticsET::StartSession
[2016.04.17-01.59.33:700][  0]LogInit: Transaction tracking system initialized
[2016.04.17-01.59.33:720][  0]BlueprintLog: New page: Editor Load
[2016.04.17-01.59.33:780][  0]LocalizationService: Info Localization service is disabled
[2016.04.17-01.59.33:842][  0]LogConsoleResponse:Display: 
[2016.04.17-01.59.33:973][  0]LogCook:Display: Done creating registry. It took  0.00s.
[2016.04.17-01.59.34:023][  0]LogFileCache: Scanning file cache for directory 'E:/Users/Mandy/Documents/GitHub/HotelBete/Content/' took 0.02s
[2016.04.17-01.59.34:023][  0]SourceControl: Info Source control is disabled
[2016.04.17-01.59.34:023][  0]Cmd: MAP LOAD FILE="../../../../../../Users/Mandy/Documents/GitHub/HotelBete/Content/Hotel/Levels/Menu.umap" TEMPLATE=0 SHOWPROGRESS=1 FEATURELEVEL=3
[2016.04.17-01.59.34:023][  0]LightingResults: New page: Lighting Build
[2016.04.17-01.59.34:026][  0]MapCheck: New page: Map Check
[2016.04.17-01.59.34:026][  0]LightingResults: New page: Lighting Build
[2016.04.17-01.59.34:042][  0]LogParticles: Destroying 0 GPU particle simulations for FXSystem 0x000000002300AAC0
[2016.04.17-01.59.35:002][  0]LogAIModule: Creating AISystem for world Menu
[2016.04.17-01.59.35:003][  0]LogEditorServer: Finished looking for orphan Actors (0.000 secs)
[2016.04.17-01.59.35:004][  0]Cmd: MAP CHECKDEP NOCLEARLOG
[2016.04.17-01.59.35:059][  0]MapCheck: Info Map check complete: 0 Error(s), 0 Warning(s), took 55.038ms to complete.
[2016.04.17-01.59.35:059][  0]LogFileHelpers: Loading map 'Menu' took 1.036
[2016.04.17-01.59.35:202][  0]LogCollectionManager: Loaded 0 collections in 0.001601 seconds
[2016.04.17-01.59.35:243][  0]LogFileCache: Scanning file cache for directory 'E:/Users/Mandy/Documents/GitHub/HotelBete/Saved/Collections/' took 0.01s
[2016.04.17-01.59.35:243][  0]LogFileCache: Scanning file cache for directory 'E:/Users/Mandy/Documents/GitHub/HotelBete/Content/Developers/Mandy/Collections/' took 0.01s
[2016.04.17-01.59.35:243][  0]LogFileCache: Scanning file cache for directory 'E:/Users/Mandy/Documents/GitHub/HotelBete/Content/Collections/' took 0.01s
[2016.04.17-01.59.35:244][  0]LogCollectionManager: Rebuilt the GUID cache for 0 collections in 0.000003 seconds
[2016.04.17-01.59.35:254][  0]LogContentBrowser: Native class hierarchy populated in 0.0108 seconds. Added 1908 classes and 344 folders.
[2016.04.17-01.59.35:260][  0]LogContentBrowser: Native class hierarchy updated for 'WidgetCarousel' in 0.0004 seconds. Added 0 classes and 0 folders.
[2016.04.17-01.59.35:306][  0]LogContentBrowser: Native class hierarchy updated for 'AddContentDialog' in 0.0005 seconds. Added 0 classes and 0 folders.
[2016.04.17-01.59.35:310][  0]LogContentBrowser: Native class hierarchy updated for 'SceneOutliner' in 0.0005 seconds. Added 1 classes and 2 folders.
[2016.04.17-01.59.35:373][  0]LogCrashTracker: Crashtracker disabled due to settings.
[2016.04.17-01.59.35:378][  0]LogUObjectGlobals:Warning: Failed to find object 'Class None.'
[2016.04.17-01.59.35:399][  0]LogLoad: Full Startup: 6.75 seconds (BP compile: 0.13 seconds)
[2016.04.17-01.59.35:412][  0]LogOcInput: Can't find Oculus library dev build: is proper Runtime installed? Version: 0.8.0.0
[2016.04.17-01.59.35:473][  0]LogContentStreaming: Texture pool size now 1000 MB
[2016.04.17-01.59.35:661][  0]LogRenderer: Reallocating scene render targets to support 1208x568 (Frame:2).
[2016.04.17-01.59.36:039][  6]LogAssetRegistry: Asset discovery search completed in 3.2242 seconds
[2016.04.17-01.59.36:039][  6]LogCollectionManager: Rebuilt the object cache for 0 collections in 0.000001 seconds (found 0 objects)
[2016.04.17-01.59.36:039][  6]LogCollectionManager: Fixed up redirectors for 0 collections in 0.000025 seconds (updated 0 objects)
[2016.04.17-01.59.38:895][300]LogRenderer: Reallocating scene render targets to support 1432x912 (Frame:7).
[2016.04.17-02.00.18:132][294]LogWindows: LaunchFileInExternalEditor E:/Users/Mandy/Documents/HauntedTextures/Lobby/Walls_Base_Color.png 
[2016.04.17-02.00.18:156][294]LogWindows: Launch application code for E:/Users/Mandy/Documents/HauntedTextures/Lobby/Walls_Base_Color.png : 42
[2016.04.17-02.00.45:344][258]LogParticles: Destroying 0 GPU particle simulations for FXSystem 0x000000004D2F0A40
[2016.04.17-02.01.15:188][552]Cmd: QUIT_EDITOR
[2016.04.17-02.01.15:391][552]LogExit: Preparing to exit.
[2016.04.17-02.01.15:958][552]LogExit: Editor shut down
[2016.04.17-02.01.15:961][552]LogExit: Transaction tracking system shut down
[2016.04.17-02.01.15:987][552]LogParticles: Destroying 0 GPU particle simulations for FXSystem 0x0000000011D780E0
[2016.04.17-02.01.15:987][552]LogParticles: Destroying 0 GPU particle simulations for FXSystem 0x000000002ADD3880
[2016.04.17-02.01.15:988][552]LogParticles: Destroying 0 GPU particle simulations for FXSystem 0x000000001BFC7060
[2016.04.17-02.01.15:988][552]LogParticles: Destroying 0 GPU particle simulations for FXSystem 0x000000001BFC7240
[2016.04.17-02.01.16:180][552]LogExit: Object subsystem successfully closed.
[2016.04.17-02.01.16:203][552]LogD3D11RHI: Shutdown
[2016.04.17-02.01.16:203][552]LogD3D11RHI: CleanupD3DDevice
[2016.04.17-02.01.16:281][552]LogD3D11RHI: ~FD3D11DynamicRHI
[2016.04.17-02.01.16:295][552]LogModuleManager: Shutting down and abandoning module StaticMeshEditor (201)
[2016.04.17-02.01.16:295][552]LogModuleManager: Shutting down and abandoning module CrashTracker (200)
[2016.04.17-02.01.16:295][552]LogModuleManager: Shutting down and abandoning module SceneOutliner (199)
[2016.04.17-02.01.16:295][552]LogModuleManager: Shutting down and abandoning module SuperSearch (198)
[2016.04.17-02.01.16:295][552]LogModuleManager: Shutting down and abandoning module WidgetCarousel (197)
[2016.04.17-02.01.16:295][552]LogModuleManager: Shutting down and abandoning module AddContentDialog (196)
[2016.04.17-02.01.16:297][552]LogModuleManager: Shutting down and abandoning module EditorWidgets (195)
[2016.04.17-02.01.16:297][552]LogModuleManager: Shutting down and abandoning module CollectionManager (194)
[2016.04.17-02.01.16:297][552]LogModuleManager: Shutting down and abandoning module StatsViewer (193)
[2016.04.17-02.01.16:297][552]LogModuleManager: Shutting down and abandoning module FoliageEdit (192)
[2016.04.17-02.01.16:297][552]LogModuleManager: Shutting down and abandoning module LandscapeEditor (191)
[2016.04.17-02.01.16:297][552]LogModuleManager: Shutting down and abandoning module ActorPickerMode (190)
[2016.04.17-02.01.16:297][552]LogModuleManager: Shutting down and abandoning module GeometryMode (189)
[2016.04.17-02.01.16:297][552]LogModuleManager: Shutting down and abandoning module TextureAlignMode (188)
[2016.04.17-02.01.16:297][552]LogModuleManager: Shutting down and abandoning module BspMode (187)
[2016.04.17-02.01.16:297][552]LogModuleManager: Shutting down and abandoning module PlacementMode (186)
[2016.04.17-02.01.16:297][552]LogModuleManager: Shutting down and abandoning module AutomationWorker (185)
[2016.04.17-02.01.16:297][552]LogModuleManager: Shutting down and abandoning module CharacterAI (184)
[2016.04.17-02.01.16:297][552]LogModuleManager: Shutting down and abandoning module SmartSnapping (183)
[2016.04.17-02.01.16:297][552]LogModuleManager: Shutting down and abandoning module ViewportSnapping (182)
[2016.04.17-02.01.16:297][552]LogModuleManager: Shutting down and abandoning module LogVisualizer (181)
[2016.04.17-02.01.16:297][552]LogModuleManager: Shutting down and abandoning module GameProjectGeneration (180)
[2016.04.17-02.01.16:297][552]LogModuleManager: Shutting down and abandoning module IntroTutorials (179)
[2016.04.17-02.01.16:297][552]LogModuleManager: Shutting down and abandoning module EditorLiveStreaming (178)
[2016.04.17-02.01.16:297][552]LogModuleManager: Shutting down and abandoning module IOSPlatformEditor (177)
[2016.04.17-02.01.16:298][552]LogModuleManager: Shutting down and abandoning module HTML5PlatformEditor (176)
[2016.04.17-02.01.16:298][552]LogModuleManager: Shutting down and abandoning module AndroidDeviceDetection (175)
[2016.04.17-02.01.16:814][552]LogModuleManager: Shutting down and abandoning module AndroidPlatformEditor (174)
[2016.04.17-02.01.16:814][552]LogModuleManager: Shutting down and abandoning module IOSRuntimeSettings (173)
[2016.04.17-02.01.16:814][552]LogModuleManager: Shutting down and abandoning module AndroidRuntimeSettings (172)
[2016.04.17-02.01.16:814][552]LogModuleManager: Shutting down and abandoning module MergeActors (171)
[2016.04.17-02.01.16:814][552]LogModuleManager: Shutting down and abandoning module SizeMap (170)
[2016.04.17-02.01.16:814][552]LogModuleManager: Shutting down and abandoning module TreeMap (169)
[2016.04.17-02.01.16:814][552]LogModuleManager: Shutting down and abandoning module ReferenceViewer (168)
[2016.04.17-02.01.16:814][552]LogModuleManager: Shutting down and abandoning module LocalizationService (167)
[2016.04.17-02.01.16:814][552]LogModuleManager: Shutting down and abandoning module LocalizationDashboard (166)
[2016.04.17-02.01.16:814][552]LogModuleManager: Shutting down and abandoning module HardwareTargeting (165)
[2016.04.17-02.01.16:814][552]LogModuleManager: Shutting down and abandoning module DeviceProfileEditor (164)
[2016.04.17-02.01.16:814][552]LogModuleManager: Shutting down and abandoning module UndoHistory (163)
[2016.04.17-02.01.16:814][552]LogModuleManager: Shutting down and abandoning module GameplayTagsEditor (162)
[2016.04.17-02.01.16:814][552]LogModuleManager: Shutting down and abandoning module UserFeedback (161)
[2016.04.17-02.01.16:815][552]LogModuleManager: Shutting down and abandoning module XmlParser (160)
[2016.04.17-02.01.16:815][552]LogModuleManager: Shutting down and abandoning module Blutility (159)
[2016.04.17-02.01.16:815][552]LogModuleManager: Shutting down and abandoning module ProjectTargetPlatformEditor (158)
[2016.04.17-02.01.16:815][552]LogModuleManager: Shutting down and abandoning module ProjectSettingsViewer (157)
[2016.04.17-02.01.16:815][552]LogModuleManager: Shutting down and abandoning module InputBindingEditor (156)
[2016.04.17-02.01.16:815][552]LogModuleManager: Shutting down and abandoning module EditorSettingsViewer (155)
[2016.04.17-02.01.16:816][552]LogModuleManager: Shutting down and abandoning module SettingsEditor (154)
[2016.04.17-02.01.16:816][552]LogModuleManager: Shutting down and abandoning module ProjectLauncher (153)
[2016.04.17-02.01.16:816][552]LogModuleManager: Shutting down and abandoning module SessionFrontend (152)
[2016.04.17-02.01.16:816][552]LogModuleManager: Shutting down and abandoning module ProfilerClient (151)
[2016.04.17-02.01.16:816][552]LogModuleManager: Shutting down and abandoning module TargetDeviceServices (150)
[2016.04.17-02.01.16:816][552]LogModuleManager: Shutting down and abandoning module DeviceManager (149)
[2016.04.17-02.01.16:816][552]LogModuleManager: Shutting down and abandoning module AutomationController (148)
[2016.04.17-02.01.16:816][552]LogModuleManager: Shutting down and abandoning module AutomationWindow (147)
[2016.04.17-02.01.16:816][552]LogModuleManager: Shutting down and abandoning module Layers (146)
[2016.04.17-02.01.16:817][552]LogModuleManager: Shutting down and abandoning module ComponentVisualizers (145)
[2016.04.17-02.01.16:817][552]LogModuleManager: Shutting down and abandoning module DetailCustomizations (144)
[2016.04.17-02.01.16:817][552]LogModuleManager: Shutting down and abandoning module PackagesDialog (143)
[2016.04.17-02.01.16:817][552]LogModuleManager: Shutting down and abandoning module Persona (142)
[2016.04.17-02.01.16:817][552]LogModuleManager: Shutting down and abandoning module Kismet (141)
[2016.04.17-02.01.16:817][552]LogModuleManager: Shutting down and abandoning module GraphEditor (140)
[2016.04.17-02.01.16:817][552]LogModuleManager: Shutting down and abandoning module ClassViewer (139)
[2016.04.17-02.01.16:817][552]LogModuleManager: Shutting down and abandoning module Toolbox (138)
[2016.04.17-02.01.16:817][552]LogModuleManager: Shutting down and abandoning module ModuleUI (137)
[2016.04.17-02.01.16:818][552]LogModuleManager: Shutting down and abandoning module MovieSceneTools (136)
[2016.04.17-02.01.16:818][552]LogModuleManager: Shutting down and abandoning module OutputLog (135)
[2016.04.17-02.01.16:818][552]LogModuleManager: Shutting down and abandoning module GammaUI (134)
[2016.04.17-02.01.16:818][552]LogModuleManager: Shutting down and abandoning module Documentation (133)
[2016.04.17-02.01.16:818][552]LogModuleManager: Shutting down and abandoning module GameLiveStreaming (132)
[2016.04.17-02.01.16:818][552]LogModuleManager: Shutting down and abandoning module StreamingPauseRendering (131)
[2016.04.17-02.01.16:818][552]LogModuleManager: Shutting down and abandoning module AnalyticsET (130)
[2016.04.17-02.01.16:818][552]LogModuleManager: Shutting down and abandoning module Analytics (129)
[2016.04.17-02.01.16:818][552]LogModuleManager: Shutting down and abandoning module AITestSuite (128)
[2016.04.17-02.01.16:818][552]LogModuleManager: Shutting down and abandoning module GameplayDebugger (127)
[2016.04.17-02.01.16:818][552]LogModuleManager: Shutting down and abandoning module AIModule (126)
[2016.04.17-02.01.16:818][552]LogModuleManager: Shutting down and abandoning module ProfilerService (125)
[2016.04.17-02.01.16:896][552]LogModuleManager: Shutting down and abandoning module TaskGraph (124)
[2016.04.17-02.01.16:896][552]LogModuleManager: Shutting down and abandoning module SubstanceEditor (123)
[2016.04.17-02.01.16:896][552]LogModuleManager: Shutting down and abandoning module SlateRemote (122)
[2016.04.17-02.01.16:896][552]LogModuleManager: Shutting down and abandoning module SteamVRController (121)
[2016.04.17-02.01.16:896][552]LogModuleManager: Shutting down and abandoning module SteamVR (120)
[2016.04.17-02.01.16:896][552]LogModuleManager: Shutting down and abandoning module ProceduralMeshComponent (119)
[2016.04.17-02.01.16:896][552]LogModuleManager: Shutting down and abandoning module OculusLibrary (118)
[2016.04.17-02.01.16:896][552]LogModuleManager: Shutting down and abandoning module OculusInput (117)
[2016.04.17-02.01.16:896][552]LogModuleManager: Shutting down and abandoning module LeapMotionController (116)
[2016.04.17-02.01.16:918][552]LogModuleManager: Shutting down and abandoning module CustomMeshComponent (115)
[2016.04.17-02.01.16:918][552]LogModuleManager: Shutting down and abandoning module CableComponent (114)
[2016.04.17-02.01.16:918][552]LogModuleManager: Shutting down and abandoning module ArchVisCharacter (113)
[2016.04.17-02.01.16:918][552]LogModuleManager: Shutting down and abandoning module MessagingDebugger (112)
[2016.04.17-02.01.16:918][552]LogModuleManager: Shutting down and abandoning module MediaPlayerEditor (111)
[2016.04.17-02.01.16:918][552]LogModuleManager: Shutting down and abandoning module HTML5Networking (110)
[2016.04.17-02.01.16:918][552]LogModuleManager: Shutting down and abandoning module SpeedTreeImporter (109)
[2016.04.17-02.01.16:919][552]LogModuleManager: Shutting down and abandoning module PluginBrowser (108)
[2016.04.17-02.01.16:919][552]LogModuleManager: Shutting down and abandoning module EpicSurvey (107)
[2016.04.17-02.01.16:919][552]LogModuleManager: Shutting down and abandoning module DesktopPlatform (106)
[2016.04.17-02.01.16:919][552]LogModuleManager: Shutting down and abandoning module VisualStudioSourceCodeAccess (105)
[2016.04.17-02.01.16:919][552]LogModuleManager: Shutting down and abandoning module UObjectPlugin (104)
[2016.04.17-02.01.16:919][552]LogModuleManager: Shutting down and abandoning module SubversionSourceControl (103)
[2016.04.17-02.01.16:919][552]LogModuleManager: Shutting down and abandoning module PerforceSourceControl (102)
[2016.04.17-02.01.16:919][552]LogModuleManager: Shutting down and abandoning module SourceControl (101)
[2016.04.17-02.01.16:919][552]LogModuleManager: Shutting down and abandoning module GitSourceControl (100)
[2016.04.17-02.01.16:919][552]LogModuleManager: Shutting down and abandoning module LightPropagationVolumeEditor (99)
[2016.04.17-02.01.16:919][552]LogModuleManager: Shutting down and abandoning module PaperTiledImporter (98)
[2016.04.17-02.01.16:919][552]LogModuleManager: Shutting down and abandoning module PaperSpriteSheetImporter (97)
[2016.04.17-02.01.16:919][552]LogModuleManager: Shutting down and abandoning module MeshPaint (96)
[2016.04.17-02.01.16:919][552]LogModuleManager: Shutting down and abandoning module SlateReflector (95)
[2016.04.17-02.01.16:920][552]LogModuleManager: Shutting down and abandoning module HotReload (94)
[2016.04.17-02.01.16:920][552]LogModuleManager: Shutting down and abandoning module MainFrame (93)
[2016.04.17-02.01.16:920][552]LogModuleManager: Shutting down and abandoning module LevelEditor (92)
[2016.04.17-02.01.16:921][552]LogModuleManager: Shutting down and abandoning module ContentBrowser (91)
[2016.04.17-02.01.16:923][552]LogModuleManager: Shutting down and abandoning module Paper2DEditor (90)
[2016.04.17-02.01.16:923][552]LogModuleManager: Shutting down and abandoning module UdpMessaging (89)
[2016.04.17-02.01.17:023][552]LogModuleManager: Shutting down and abandoning module DirectoryWatcher (88)
[2016.04.17-02.01.17:025][552]LogModuleManager: Shutting down and abandoning module AssetRegistry (87)
[2016.04.17-02.01.17:207][552]LogModuleManager: Shutting down and abandoning module SubstanceCore (86)
[2016.04.17-02.01.17:207][552]LogModuleManager: Shutting down and abandoning module LightPropagationVolumeRuntime (85)
[2016.04.17-02.01.17:207][552]LogModuleManager: Shutting down and abandoning module Paper2D (84)
[2016.04.17-02.01.17:207][552]LogModuleManager: Shutting down and abandoning module WindowsMoviePlayer (83)
[2016.04.17-02.01.17:212][552]LogModuleManager: Shutting down and abandoning module Media (82)
[2016.04.17-02.01.17:212][552]LogModuleManager: Shutting down and abandoning module WmfMedia (81)
[2016.04.17-02.01.17:212][552]LogModuleManager: Shutting down and abandoning module OnlineBlueprintSupport (80)
[2016.04.17-02.01.17:212][552]LogModuleManager: Shutting down and abandoning module GameplayTasksEditor (79)
[2016.04.17-02.01.17:212][552]LogModuleManager: Shutting down and abandoning module PropertyEditor (78)
[2016.04.17-02.01.17:212][552]LogModuleManager: Shutting down and abandoning module BehaviorTreeEditor (77)
[2016.04.17-02.01.17:212][552]LogModuleManager: Shutting down and abandoning module FunctionalTesting (76)
[2016.04.17-02.01.17:212][552]LogModuleManager: Shutting down and abandoning module CollisionAnalyzer (75)
[2016.04.17-02.01.17:212][552]LogModuleManager: Shutting down and abandoning module WorkspaceMenuStructure (74)
[2016.04.17-02.01.17:213][552]LogModuleManager: Shutting down and abandoning module MessageLog (73)
[2016.04.17-02.01.17:213][552]LogModuleManager: Shutting down and abandoning module Sequencer (72)
[2016.04.17-02.01.17:213][552]LogModuleManager: Shutting down and abandoning module AssetTools (71)
[2016.04.17-02.01.17:213][552]LogModuleManager: Shutting down and abandoning module UMGEditor (70)
[2016.04.17-02.01.17:213][552]LogModuleManager: Shutting down and abandoning module UMG (69)
[2016.04.17-02.01.17:213][552]LogModuleManager: Shutting down and abandoning module Slate (68)
[2016.04.17-02.01.17:213][552]LogModuleManager: Shutting down and abandoning module EditorStyle (67)
[2016.04.17-02.01.17:215][552]LogModuleManager: Shutting down and abandoning module SessionServices (66)
[2016.04.17-02.01.17:215][552]LogModuleManager: Shutting down and abandoning module SourceCodeAccess (65)
[2016.04.17-02.01.17:215][552]LogModuleManager: Shutting down and abandoning module HeadMountedDisplay (64)
[2016.04.17-02.01.17:215][552]LogModuleManager: Shutting down and abandoning module XAudio2 (63)
[2016.04.17-02.01.17:215][552]LogModuleManager: Shutting down and abandoning module Networking (61)
[2016.04.17-02.01.17:215][552]LogModuleManager: Shutting down and abandoning module Core (60)
[2016.04.17-02.01.17:215][552]LogModuleManager: Shutting down and abandoning module KismetCompiler (59)
[2016.04.17-02.01.17:215][552]LogModuleManager: Shutting down and abandoning module PhysXFormats (58)
[2016.04.17-02.01.17:215][552]LogModuleManager: Shutting down and abandoning module MeshUtilities (57)
[2016.04.17-02.01.17:215][552]LogModuleManager: Shutting down and abandoning module DerivedDataCache (56)
[2016.04.17-02.01.17:274][552]LogDerivedDataCache: Shutdown
[2016.04.17-02.01.17:274][552]LogModuleManager: Shutting down and abandoning module ShaderFormatOpenGL (55)
[2016.04.17-02.01.17:274][552]LogModuleManager: Shutting down and abandoning module ShaderFormatD3D (54)
[2016.04.17-02.01.17:274][552]LogModuleManager: Shutting down and abandoning module MetalShaderFormat (53)
[2016.04.17-02.01.17:274][552]LogModuleManager: Shutting down and abandoning module TextureFormatUncompressed (52)
[2016.04.17-02.01.17:274][552]LogModuleManager: Shutting down and abandoning module TextureFormatPVR (51)
[2016.04.17-02.01.17:274][552]LogModuleManager: Shutting down and abandoning module TextureFormatIntelISPCTexComp (50)
[2016.04.17-02.01.17:275][552]LogModuleManager: Shutting down and abandoning module TextureFormatDXT (49)
[2016.04.17-02.01.17:275][552]LogModuleManager: Shutting down and abandoning module ImageWrapper (48)
[2016.04.17-02.01.17:275][552]LogModuleManager: Shutting down and abandoning module TextureFormatASTC (47)
[2016.04.17-02.01.17:275][552]LogModuleManager: Shutting down and abandoning module TextureFormatAndroid (46)
[2016.04.17-02.01.17:275][552]LogModuleManager: Shutting down and abandoning module AudioFormatOpus (45)
[2016.04.17-02.01.17:275][552]LogModuleManager: Shutting down and abandoning module AudioFormatOgg (44)
[2016.04.17-02.01.17:275][552]LogModuleManager: Shutting down and abandoning module AudioFormatADPCM (43)
[2016.04.17-02.01.17:275][552]LogModuleManager: Shutting down and abandoning module LinuxTargetPlatform (42)
[2016.04.17-02.01.17:275][552]LogModuleManager: Shutting down and abandoning module LinuxServerTargetPlatform (41)
[2016.04.17-02.01.17:275][552]LogModuleManager: Shutting down and abandoning module LinuxNoEditorTargetPlatform (40)
[2016.04.17-02.01.17:275][552]LogModuleManager: Shutting down and abandoning module Messaging (39)
[2016.04.17-02.01.17:275][552]LogModuleManager: Shutting down and abandoning module IOSTargetPlatform (38)
[2016.04.17-02.01.17:275][552]LogModuleManager: Shutting down and abandoning module HTML5TargetPlatform (37)
[2016.04.17-02.01.17:275][552]LogModuleManager: Shutting down and abandoning module Android_PVRTCTargetPlatform (36)
[2016.04.17-02.01.17:275][552]LogModuleManager: Shutting down and abandoning module Android_MultiTargetPlatform (35)
[2016.04.17-02.01.17:275][552]LogModuleManager: Shutting down and abandoning module Android_ETC2TargetPlatform (34)
[2016.04.17-02.01.17:275][552]LogModuleManager: Shutting down and abandoning module Android_ETC1TargetPlatform (33)
[2016.04.17-02.01.17:275][552]LogModuleManager: Shutting down and abandoning module Android_DXTTargetPlatform (32)
[2016.04.17-02.01.17:275][552]LogModuleManager: Shutting down and abandoning module Android_ATCTargetPlatform (31)
[2016.04.17-02.01.17:275][552]LogModuleManager: Shutting down and abandoning module Android_ASTCTargetPlatform (30)
[2016.04.17-02.01.17:275][552]LogModuleManager: Shutting down and abandoning module AndroidTargetPlatform (29)
[2016.04.17-02.01.17:276][552]LogModuleManager: Shutting down and abandoning module WindowsTargetPlatform (28)
[2016.04.17-02.01.17:276][552]LogModuleManager: Shutting down and abandoning module WindowsServerTargetPlatform (27)
[2016.04.17-02.01.17:276][552]LogModuleManager: Shutting down and abandoning module WindowsNoEditorTargetPlatform (26)
[2016.04.17-02.01.17:276][552]LogModuleManager: Shutting down and abandoning module WindowsClientTargetPlatform (25)
[2016.04.17-02.01.17:276][552]LogModuleManager: Shutting down and abandoning module AllDesktopTargetPlatform (24)
[2016.04.17-02.01.17:276][552]LogModuleManager: Shutting down and abandoning module TargetPlatform (23)
[2016.04.17-02.01.17:276][552]LogModuleManager: Shutting down and abandoning module InputCore (22)
[2016.04.17-02.01.17:276][552]LogModuleManager: Shutting down and abandoning module Settings (21)
[2016.04.17-02.01.17:276][552]LogModuleManager: Shutting down and abandoning module OnlineSubsystem (19)
[2016.04.17-02.01.17:276][552]LogModuleManager: Shutting down and abandoning module HTTP (18)
[2016.04.17-02.01.18:276][552]LogModuleManager: Shutting down and abandoning module XMPP (17)
[2016.04.17-02.01.18:276][552]LogModuleManager: Shutting down and abandoning module OculusRift (16)
[2016.04.17-02.01.18:276][552]LogModuleManager: Shutting down and abandoning module ExampleDeviceProfileSelector (15)
[2016.04.17-02.01.18:276][552]LogModuleManager: Shutting down and abandoning module TextureCompressor (14)
[2016.04.17-02.01.18:277][552]LogModuleManager: Shutting down and abandoning module ShaderCore (13)
[2016.04.17-02.01.18:277][552]LogModuleManager: Shutting down and abandoning module Landscape (12)
[2016.04.17-02.01.18:277][552]LogModuleManager: Shutting down and abandoning module SlateRHIRenderer (11)
[2016.04.17-02.01.18:280][552]LogModuleManager: Shutting down and abandoning module OpenGLDrv (10)
[2016.04.17-02.01.18:280][552]LogModuleManager: Shutting down and abandoning module D3D11RHI (9)
[2016.04.17-02.01.18:280][552]LogModuleManager: Shutting down and abandoning module AnimGraphRuntime (8)
[2016.04.17-02.01.18:280][552]LogModuleManager: Shutting down and abandoning module Renderer (7)
[2016.04.17-02.01.18:280][552]LogModuleManager: Shutting down and abandoning module Engine (6)
[2016.04.17-02.01.18:280][552]LogModuleManager: Shutting down and abandoning module CoreUObject (5)
[2016.04.17-02.01.18:280][552]LogModuleManager: Shutting down and abandoning module NetworkFile (4)
[2016.04.17-02.01.18:280][552]LogModuleManager: Shutting down and abandoning module StreamingFile (3)
[2016.04.17-02.01.18:280][552]LogModuleManager: Shutting down and abandoning module SandboxFile (2)
[2016.04.17-02.01.18:280][552]LogModuleManager: Shutting down and abandoning module PakFile (1)
[2016.04.17-02.01.18:285][552]LogExit: Exiting.
[2016.04.17-02.01.18:290][552]Log file closed, 04/16/16 22:01:18
