[2016.04.14-22.19.48:779][  0]Log file open, 04/14/16 18:19:48
[2016.04.14-22.19.48:779][  0]LogInit:Display: Running engine for game: Hotel
[2016.04.14-22.19.48:779][  0]LogPlatformFile: Not using cached read wrapper
[2016.04.14-22.19.48:779][  0]LogInit:Display: RandInit(1267135708) SRandInit(1267135710).
[2016.04.14-22.19.48:779][  0]LogTaskGraph: Started task graph with 4 named threads and 5 total threads.
[2016.04.14-22.19.48:779][  0]LogStats: Stats thread started at 5.749200
[2016.04.14-22.19.48:779][  0]LogInit: Version: 4.10.4-2872498+++depot+UE4-Releases+4.10
[2016.04.14-22.19.48:779][  0]LogInit: API Version: 2758231
[2016.04.14-22.19.48:779][  0]LogInit: Compiled (64-bit): Feb 18 2016 15:47:04
[2016.04.14-22.19.48:779][  0]LogInit: Compiled with Visual C++: 19.00.23026.00
[2016.04.14-22.19.48:779][  0]LogInit: Build Configuration: Development
[2016.04.14-22.19.48:779][  0]LogInit: Branch Name: ++depot+UE4-Releases+4.10
[2016.04.14-22.19.48:779][  0]LogInit: Command line:  
[2016.04.14-22.19.48:780][  0]LogInit: Base directory: C:/Program Files (x86)/Epic Games/4.10/Engine/Binaries/Win64/
[2016.04.14-22.19.48:780][  0]LogInit: Rocket: 1
[2016.04.14-22.19.48:923][  0]LogInit: Using libcurl 7.41.0
[2016.04.14-22.19.48:923][  0]LogInit:  - built for x86_64-pc-win32
[2016.04.14-22.19.48:923][  0]LogInit:  - supports SSL with WinSSL
[2016.04.14-22.19.48:923][  0]LogInit:  - other features:
[2016.04.14-22.19.48:923][  0]LogInit:      CURL_VERSION_SSL
[2016.04.14-22.19.48:923][  0]LogInit:      CURL_VERSION_IPV6
[2016.04.14-22.19.48:923][  0]LogInit:      CURL_VERSION_ASYNCHDNS
[2016.04.14-22.19.48:923][  0]LogInit:      CURL_VERSION_LARGEFILE
[2016.04.14-22.19.48:923][  0]LogInit:      CURL_VERSION_IDN
[2016.04.14-22.19.48:924][  0]LogInit:  CurlRequestOptions (configurable via config and command line):
[2016.04.14-22.19.48:924][  0]LogInit:  - bVerifyPeer = true  - Libcurl will verify peer certificate
[2016.04.14-22.19.48:924][  0]LogInit:  - bUseHttpProxy = false  - Libcurl will NOT use HTTP proxy
[2016.04.14-22.19.48:924][  0]LogInit:  - bDontReuseConnections = false  - Libcurl will reuse connections
[2016.04.14-22.19.48:924][  0]LogInit:  - CertBundlePath = nullptr  - Libcurl will use whatever was configured at build time.
[2016.04.14-22.19.49:081][  0]LogInit: Presizing for 0 objects not considered by GC, pre-allocating 0 bytes.
[2016.04.14-22.19.49:315][  0]LogInit: Object subsystem initialized
[2016.04.14-22.19.49:856][  0]LogInit: Selected Device Profile: [Windows]
[2016.04.14-22.19.49:856][  0]LogInit: Applying CVar settings loaded from the selected device profile: [Windows]
[2016.04.14-22.19.49:974][  0]LogInit: Computer: DANIEL-PC
[2016.04.14-22.19.49:974][  0]LogInit: User: Daniel
[2016.04.14-22.19.49:974][  0]LogInit: CPU Page size=4096, Cores=2
[2016.04.14-22.19.49:974][  0]LogInit: High frequency timer resolution =3.531777 MHz
[2016.04.14-22.19.49:974][  0]LogMemory: Memory total: Physical=8.0GB (8GB approx)
[2016.04.14-22.19.49:974][  0]LogMemory: Platform Memory Stats for Windows
[2016.04.14-22.19.49:974][  0]LogMemory: Process Physical Memory: 56.45 MB used, 56.45 MB peak
[2016.04.14-22.19.49:974][  0]LogMemory: Process Virtual Memory: 56.67 MB used, 56.67 MB peak
[2016.04.14-22.19.49:974][  0]LogMemory: Physical Memory: 2847.14 MB used, 8190.46 MB total
[2016.04.14-22.19.49:974][  0]LogMemory: Virtual Memory: 346.59 MB used, 8388608.00 MB total
[2016.04.14-22.19.51:747][  0]LogTextLocalizationManager: No specific translations for ('en-US') exist, so ('en') translations will be used.
[2016.04.14-22.19.53:314][  0]LogD3D11RHI: Found D3D11 adapter 0: AMD Radeon HD 7800 Series (Feature Level 11_0)
[2016.04.14-22.19.53:314][  0]LogD3D11RHI: Adapter has 1003MB of dedicated video memory, 0MB of dedicated system memory, and 3839MB of shared system memory, 1 output[s]
[2016.04.14-22.19.53:314][  0]LogD3D11RHI: Chosen D3D11 Adapter Id = 0
[2016.04.14-22.19.53:321][  0]LogD3D11RHI: !Direct3DDevice
[2016.04.14-22.19.53:322][  0]LogRHI: Texture pool is 702 MB (70% of 1003 MB)
[2016.04.14-22.19.53:329][  0]LogD3D11RHI: Async texture creation disabled: no driver support
[2016.04.14-22.19.54:187][  0]LogShaderCompilers: Guid format shader working directory is -53 characters bigger than the processId version (../../../../../../Users/Daniel/Desktop/School2/New classes/New Classes/New Classes/DIG4725/HotelBete/Intermediate/Shaders/WorkingDirectory/2744/).
[2016.04.14-22.19.54:187][  0]LogShaderCompilers: Cleaned the shader compiler working directory 'C:/Users/Daniel/AppData/Local/Temp/UnrealShaderWorkingDir/51B66CD345D786E6C1316395582653BA/'.
[2016.04.14-22.19.54:202][  0]LogShaderCompilers:Display: Using Local Shader Compiler.
[2016.04.14-22.20.10:525][  0]LogTemp:Display: Loaded TP AllDesktopTargetPlatform
[2016.04.14-22.20.10:532][  0]LogTemp:Display: Loaded TP WindowsClientTargetPlatform
[2016.04.14-22.20.10:538][  0]LogTemp:Display: Loaded TP WindowsNoEditorTargetPlatform
[2016.04.14-22.20.10:544][  0]LogTemp:Display: Loaded TP WindowsServerTargetPlatform
[2016.04.14-22.20.10:551][  0]LogTemp:Display: Loaded TP WindowsTargetPlatform
[2016.04.14-22.20.10:587][  0]LogTemp:Display: Loaded TP AndroidTargetPlatform
[2016.04.14-22.20.10:592][  0]LogTemp:Display: Loaded TP Android_ASTCTargetPlatform
[2016.04.14-22.20.10:596][  0]LogTemp:Display: Loaded TP Android_ATCTargetPlatform
[2016.04.14-22.20.10:602][  0]LogTemp:Display: Loaded TP Android_DXTTargetPlatform
[2016.04.14-22.20.10:607][  0]LogTemp:Display: Loaded TP Android_ETC1TargetPlatform
[2016.04.14-22.20.10:613][  0]LogTemp:Display: Loaded TP Android_ETC2TargetPlatform
[2016.04.14-22.20.10:624][  0]LogTemp:Display: Loaded TP Android_MultiTargetPlatform
[2016.04.14-22.20.10:624][  0]LogTemp:Display: Loaded TP Android_PVRTCTargetPlatform
[2016.04.14-22.20.10:625][  0]LogTemp:Display: Loaded TP HTML5TargetPlatform
[2016.04.14-22.20.10:682][  0]LogTemp:Display: Loaded TP IOSTargetPlatform
[2016.04.14-22.20.10:687][  0]LogTemp:Display: Loaded TP LinuxNoEditorTargetPlatform
[2016.04.14-22.20.10:720][  0]LogTemp:Display: Loaded TP LinuxServerTargetPlatform
[2016.04.14-22.20.10:737][  0]LogTemp:Display: Loaded TP LinuxTargetPlatform
[2016.04.14-22.20.10:737][  0]LogTargetPlatformManager:Display: Building Assets For Windows
[2016.04.14-22.20.11:556][  0]LogDerivedDataCache:Display: Max Cache Size: 512 MB
[2016.04.14-22.20.12:183][  0]LogDerivedDataCache: Loaded boot cache 0.62s 41MB C:/Users/Daniel/AppData/Local/UnrealEngine/4.10/DerivedDataCache/Boot.ddc.
[2016.04.14-22.20.12:183][  0]LogDerivedDataCache:Display: Loaded Boot cache: C:/Users/Daniel/AppData/Local/UnrealEngine/4.10/DerivedDataCache/Boot.ddc
[2016.04.14-22.20.12:183][  0]LogDerivedDataCache: FDerivedDataBackendGraph:  Pak pak cache file ../../../../../../Users/Daniel/Desktop/School2/New classes/New Classes/New Classes/DIG4725/HotelBete/DerivedDataCache/DDC.ddp not found, will not use a pak cache.
[2016.04.14-22.20.12:183][  0]LogDerivedDataCache: Unable to find inner node Pak for hierarchical cache Hierarchy.
[2016.04.14-22.20.12:183][  0]LogDerivedDataCache: FDerivedDataBackendGraph:  CompressedPak pak cache file ../../../../../../Users/Daniel/Desktop/School2/New classes/New Classes/New Classes/DIG4725/HotelBete/DerivedDataCache/Compressed.ddp not found, will not use a pak cache.
[2016.04.14-22.20.12:183][  0]LogDerivedDataCache: Unable to find inner node CompressedPak for hierarchical cache Hierarchy.
[2016.04.14-22.20.12:440][  0]LogDerivedDataCache:Display: Pak cache opened for reading ../../../Engine/DerivedDataCache/Compressed.ddp.
[2016.04.14-22.20.12:481][  0]LogDerivedDataCache: Using Local data cache path C:/Users/Daniel/AppData/Local/UnrealEngine/Common/DerivedDataCache: Writable
[2016.04.14-22.20.21:104][  0]LogInit: Selected Device Profile: [Windows]
[2016.04.14-22.20.21:162][  0]LogContentStreaming: Texture pool size is 0.000000MB
[2016.04.14-22.20.23:476][  0]LogMeshUtilities: No automatic mesh reduction module available
[2016.04.14-22.20.23:476][  0]LogMeshUtilities: No automatic mesh merging module available
[2016.04.14-22.20.28:830][  0]LogInit: WinSock: version 1.1 (2.2), MaxSocks=32767, MaxUdp=65467
[2016.04.14-22.20.51:945][  0]LogAssetRegistry: FAssetRegistry took 0.0184 seconds to start up
[2016.04.14-22.20.52:252][  0]UdpMessaging: Initializing bridge on interface 0.0.0.0:0 to multicast group 230.0.0.1:6666.
[2016.04.14-22.21.01:348][  0]SourceControl: Info Source control is disabled
[2016.04.14-22.21.01:363][  0]SourceControl: Info Source control is disabled
[2016.04.14-22.21.02:187][  0]SourceControl: Info Source control is disabled
[2016.04.14-22.21.02:503][  0]SourceControl: Info Source control is disabled
[2016.04.14-22.21.09:450][  0]LogObj: 28802 objects as part of root set at end of initial load.
[2016.04.14-22.21.09:450][  0]LogUObjectAllocator: 6129776 out of 0 bytes used by permanent object pool.
[2016.04.14-22.21.11:806][  0]LogAutomationTest:Warning: Smoke tests took > 1s to run: 1.16s
[2016.04.14-22.21.12:128][  0]LogEngine: Initializing Engine...
[2016.04.14-22.21.12:221][  0]LogHMD: Can't find Oculus library dev build: is proper Runtime installed? Version: 0.8.0.0
[2016.04.14-22.21.12:516][  0]LogHMD: SteamVR failed to initialize.  Err: 110
[2016.04.14-22.21.15:318][  0]LogAIModule: Creating AISystem for world NewWorld
[2016.04.14-22.21.16:623][  0]LogInit: XAudio2 using 'Speakers (Realtek High Definition Audio)' : 2 channels at 48 kHz using 32 bits per sample (channel mask 0x3)
[2016.04.14-22.21.16:764][  0]LogInit: FAudioDevice initialized.
[2016.04.14-22.21.16:807][  0]LogDerivedDataCache: Saved boot cache 0.04s 41MB C:/Users/Daniel/AppData/Local/UnrealEngine/4.10/DerivedDataCache/Boot.ddc.
[2016.04.14-22.21.16:816][  0]LogInit: Texture streaming: Enabled
[2016.04.14-22.21.16:977][  0]LogAnalytics: Creating configured Analytics provider AnalyticsET
[2016.04.14-22.21.16:978][  0]LogAnalytics: [UEEditor.Rocket.Release] APIServer = http://et2.epicgames.com/ET2/. AppVersion = 4.10.4-2872498+++depot+UE4-Releases+4.10
[2016.04.14-22.21.16:978][  0]LogAnalytics: [UEEditor.Rocket.Release] SetUserId ed5e9abb412814bb99d59fb056a48704|1cdc74d24c5c488499a1545b79b877ae|87672418-128d-4f96-b687-83d63e0e05d0
[2016.04.14-22.21.16:993][  0]LogAnalytics: [UEEditor.Rocket.Release] AnalyticsET::StartSession
[2016.04.14-22.21.17:666][  0]LogInit: Transaction tracking system initialized
[2016.04.14-22.21.20:861][  0]BlueprintLog: New page: Editor Load
[2016.04.14-22.21.30:015][  0]LocalizationService: Info Localization service is disabled
[2016.04.14-22.21.34:953][  0]LogConsoleResponse:Display: 
[2016.04.14-22.21.38:962][  0]LogFileCache: Scanning file cache for directory 'C:/Users/Daniel/Desktop/School2/New classes/New Classes/New Classes/DIG4725/HotelBete/Content/' took 0.02s
[2016.04.14-22.21.38:962][  0]LogCook:Display: Done creating registry. It took  0.00s.
[2016.04.14-22.21.43:816][  0]SourceControl: Info Source control is disabled
[2016.04.14-22.21.43:965][  0]Cmd: MAP LOAD FILE="../../../../../../Users/Daniel/Desktop/School2/New classes/New Classes/New Classes/DIG4725/HotelBete/Content/Hotel/Levels/Menu.umap" TEMPLATE=0 SHOWPROGRESS=1 FEATURELEVEL=3
[2016.04.14-22.21.44:147][  0]LightingResults: New page: Lighting Build
[2016.04.14-22.21.44:915][  0]MapCheck: New page: Map Check
[2016.04.14-22.21.44:915][  0]LightingResults: New page: Lighting Build
[2016.04.14-22.21.45:548][  0]LogParticles: Destroying 0 GPU particle simulations for FXSystem 0x0000000022E37B00
[2016.04.14-22.22.06:447][  0]LogTexture:Display: Building textures: Playing_Card_Back (AutoDXT)
[2016.04.14-22.22.06:748][  0]LogTexture:Display: Building textures: Card_Background (AutoDXT)
[2016.04.14-22.22.13:219][  0]LogAIModule: Creating AISystem for world Menu
[2016.04.14-22.22.13:352][  0]LogEditorServer: Finished looking for orphan Actors (0.000 secs)
[2016.04.14-22.22.13:401][  0]Cmd: MAP CHECKDEP NOCLEARLOG
[2016.04.14-22.22.13:501][  0]MapCheck: Info Map check complete: 0 Error(s), 0 Warning(s), took 99.54ms to complete.
[2016.04.14-22.22.13:501][  0]LogFileHelpers: Loading map 'Menu' took 29.597
[2016.04.14-22.22.15:414][  0]LogCollectionManager: Loaded 0 collections in 0.002858 seconds
[2016.04.14-22.22.15:519][  0]LogFileCache: Scanning file cache for directory 'C:/Users/Daniel/Desktop/School2/New classes/New Classes/New Classes/DIG4725/HotelBete/Saved/Collections/' took 0.01s
[2016.04.14-22.22.15:519][  0]LogFileCache: Scanning file cache for directory 'C:/Users/Daniel/Desktop/School2/New classes/New Classes/New Classes/DIG4725/HotelBete/Content/Developers/Daniel/Collections/' took 0.00s
[2016.04.14-22.22.15:519][  0]LogFileCache: Scanning file cache for directory 'C:/Users/Daniel/Desktop/School2/New classes/New Classes/New Classes/DIG4725/HotelBete/Content/Collections/' took 0.00s
[2016.04.14-22.22.15:519][  0]LogCollectionManager: Rebuilt the GUID cache for 0 collections in 0.000002 seconds
[2016.04.14-22.22.15:555][  0]LogContentBrowser: Native class hierarchy populated in 0.0135 seconds. Added 1908 classes and 344 folders.
[2016.04.14-22.22.15:649][  0]LogContentBrowser: Native class hierarchy updated for 'WidgetCarousel' in 0.0004 seconds. Added 0 classes and 0 folders.
[2016.04.14-22.22.17:805][  0]LogContentBrowser: Native class hierarchy updated for 'AddContentDialog' in 0.0005 seconds. Added 0 classes and 0 folders.
[2016.04.14-22.22.17:886][  0]LogContentBrowser: Native class hierarchy updated for 'SceneOutliner' in 0.0005 seconds. Added 1 classes and 2 folders.
[2016.04.14-22.22.19:129][  0]LogCrashTracker: Crashtracker disabled due to settings.
[2016.04.14-22.22.19:376][  0]LogUObjectGlobals:Warning: Failed to find object 'Class None.'
[2016.04.14-22.22.19:463][  0]LogLoad: Full Startup: 161.58 seconds (BP compile: 3.32 seconds)
[2016.04.14-22.22.19:804][  0]LogOcInput: Can't find Oculus library dev build: is proper Runtime installed? Version: 0.8.0.0
[2016.04.14-22.22.20:510][  0]LogContentStreaming: Texture pool size now 1000 MB
[2016.04.14-22.22.21:039][  0]LogRenderer: Reallocating scene render targets to support 1004x456 (Frame:2).
[2016.04.14-22.22.30:457][ 25]LogAssetRegistry: Asset discovery search completed in 98.5256 seconds
[2016.04.14-22.22.30:471][ 25]LogCollectionManager: Rebuilt the object cache for 0 collections in 0.000001 seconds (found 0 objects)
[2016.04.14-22.22.30:472][ 25]LogCollectionManager: Fixed up redirectors for 0 collections in 0.000069 seconds (updated 0 objects)
[2016.04.14-22.22.44:967][206]LogLinker:Warning: Asset '../../../Engine/Content/ArtTools/RenderToTexture/Macros/RenderToTextureMacros.uasset' has been saved with empty engine version. The asset will be loaded but may be incompatible.
[2016.04.14-22.22.46:117][206]LogContentBrowser: Native class hierarchy updated for 'BlueprintGraph' in 0.0011 seconds. Added 107 classes and 0 folders.
[2016.04.14-22.24.00:960][633]LogFactory: FactoryCreateBinary: SoundWave with ReimportSoundFactory (0 0 C:\Users\Daniel\Desktop\School2\New classes\New Classes\New Classes\DIG4725\Sound Effects\Converted files\Game_Start_Better.wav)
[2016.04.14-22.24.00:969][633]LogAudioDerivedData:Display: Building compressed audio format OGG wave Game_Start_Better...
[2016.04.14-22.24.01:622][633]LogAudioDerivedData:Warning: Updated SoundWave->RawPCMDataSize during cooking SoundWave /Game/Hotel/Sounds/SE/Game_Start_Better.Game_Start_Better.
[2016.04.14-22.26.29:401][319]LogBlueprintUserMessages: Early PlayInEditor Detection: Level '/Game/Hotel/Levels/Menu.Menu:PersistentLevel' has LevelScriptBlueprint '/Game/Hotel/Levels/Menu.Menu:PersistentLevel.Menu' with GeneratedClass '/Game/Hotel/Levels/Menu.Menu_C' with ClassGeneratedBy '/Game/Hotel/Levels/Menu.Menu:PersistentLevel.Menu'
[2016.04.14-22.26.29:401][319]BlueprintLog: New page: Pre-Play auto-recompile
[2016.04.14-22.26.29:454][319]LogPlayLevel: [PlayLevel] Compiling MainMenu before play...
[2016.04.14-22.26.29:740][319]LogPlayLevel: PlayLevel: Blueprint regeneration took 338 ms (2 blueprints)
[2016.04.14-22.26.29:740][319]LogPlayLevel: [PlayLevel] Compiling Menu before play...
[2016.04.14-22.26.29:869][319]LogPlayLevel: PlayLevel: Blueprint regeneration took 467 ms (2 blueprints)
[2016.04.14-22.26.30:016][319]LogParticles: Destroying 0 GPU particle simulations for FXSystem 0x00000000299B6020
[2016.04.14-22.26.30:017][319]LogParticles: Destroying 0 GPU particle simulations for FXSystem 0x00000000299B6700
[2016.04.14-22.26.30:198][319]PIE: New page: PIE session: Menu (Apr 14, 2016, 2:26:30 PM)
[2016.04.14-22.26.30:198][319]LogPlayLevel: Creating play world package: /Game/Hotel/Levels/UEDPIE_0_Menu
[2016.04.14-22.26.30:201][319]LogPlayLevel: PIE: StaticDuplicateObject took: (0.002760s)
[2016.04.14-22.26.30:201][319]LogAIModule: Creating AISystem for world Menu
[2016.04.14-22.26.30:201][319]LogPlayLevel: PIE: World Init took: (0.000845s)
[2016.04.14-22.26.30:202][319]LogPlayLevel: PIE: Created PIE world by copying editor world from /Game/Hotel/Levels/Menu.Menu to /Game/Hotel/Levels/UEDPIE_0_Menu.Menu (0.003972s)
[2016.04.14-22.26.30:275][319]LogInit: XAudio2 using 'Speakers (Realtek High Definition Audio)' : 2 channels at 48 kHz using 32 bits per sample (channel mask 0x3)
[2016.04.14-22.26.30:288][319]LogInit: FAudioDevice initialized.
[2016.04.14-22.26.30:398][319]LogWorld: Game class is 'FirstPersonGameMode_C'
[2016.04.14-22.26.30:399][319]LogWorld: Bringing World /Game/Hotel/Levels/UEDPIE_0_Menu.Menu up for play (max tick rate 0) at 2016.04.14-18.26.30
[2016.04.14-22.26.30:399][319]LogActor:Warning: GameSession /Game/Hotel/Levels/UEDPIE_0_Menu.Menu:PersistentLevel.GameSession_0 has natively added scene component(s), but none of them were set as the actor's RootComponent - picking one arbitrarily
[2016.04.14-22.26.30:400][319]LogActor:Warning: GameNetworkManager /Game/Hotel/Levels/UEDPIE_0_Menu.Menu:PersistentLevel.GameNetworkManager_0 has natively added scene component(s), but none of them were set as the actor's RootComponent - picking one arbitrarily
[2016.04.14-22.26.30:408][319]LogWorld: Bringing up level for play took: 0.009368
[2016.04.14-22.26.30:425][319]LogGameMode: Warning - PATHS NOT DEFINED or NO PLAYERSTART with positive rating
[2016.04.14-22.26.30:651][319]PIE: Info Play in editor start time for /Game/Hotel/Levels/UEDPIE_0_Menu 1.963
[2016.04.14-22.26.30:651][319]LogBlueprintUserMessages: Late PlayInEditor Detection: Level '/Game/Hotel/Levels/Menu.Menu:PersistentLevel' has LevelScriptBlueprint '/Game/Hotel/Levels/Menu.Menu:PersistentLevel.Menu' with GeneratedClass '/Game/Hotel/Levels/Menu.Menu_C' with ClassGeneratedBy '/Game/Hotel/Levels/Menu.Menu:PersistentLevel.Menu'
[2016.04.14-22.26.30:926][320]LogRenderer: Reallocating scene render targets to support 1280x720 (Frame:1365).
[2016.04.14-22.26.58:078][ 95]LogLevel:Warning: Failed to find streaming level object associated with 'Menu'
[2016.04.14-22.26.58:090][ 96]LogLevel:Warning: Failed to find streaming level object associated with 'World'
[2016.04.14-22.27.07:240][ 60]LogBlueprintUserMessages: Early EndPlayMap Detection: Level '/Game/Hotel/Levels/Menu.Menu:PersistentLevel' has LevelScriptBlueprint '/Game/Hotel/Levels/Menu.Menu:PersistentLevel.Menu' with GeneratedClass '/Game/Hotel/Levels/Menu.Menu_C' with ClassGeneratedBy '/Game/Hotel/Levels/Menu.Menu:PersistentLevel.Menu'
[2016.04.14-22.27.07:319][ 60]LogBlueprintUserMessages: Late EndPlayMap Detection: Level '/Game/Hotel/Levels/Menu.Menu:PersistentLevel' has LevelScriptBlueprint '/Game/Hotel/Levels/Menu.Menu:PersistentLevel.Menu' with GeneratedClass '/Game/Hotel/Levels/Menu.Menu_C' with ClassGeneratedBy '/Game/Hotel/Levels/Menu.Menu:PersistentLevel.Menu'
[2016.04.14-22.27.07:472][ 61]LogParticles: Destroying 0 GPU particle simulations for FXSystem 0x00000000293AD800
[2016.04.14-22.27.17:259][164]LogSavePackage: Save=370.515472ms
[2016.04.14-22.27.17:259][164]LogSavePackage: Moving '../../../../../../Users/Daniel/Desktop/School2/New classes/New Classes/New Classes/DIG4725/HotelBete/Saved/MainMenu4F7D162349CE78B2719BEFB172A599EB.tmp' to '../../../../../../Users/Daniel/Desktop/School2/New classes/New Classes/New Classes/DIG4725/HotelBete/Content/Hotel/Blueprints/Widgets/MainMenu.uasset'
[2016.04.14-22.27.17:262][164]LogSavePackage: Total save time: 384.784486ms
[2016.04.14-22.27.17:262][164]LogSavePackage:Display: Finished SavePackage ../../../../../../Users/Daniel/Desktop/School2/New classes/New Classes/New Classes/DIG4725/HotelBete/Content/Hotel/Blueprints/Widgets/MainMenu.uasset
[2016.04.14-22.27.17:317][164]LogSavePackage: Save=28.937275ms
[2016.04.14-22.27.17:317][164]LogSavePackage: Moving '../../../../../../Users/Daniel/Desktop/School2/New classes/New Classes/New Classes/DIG4725/HotelBete/Saved/Game_Start_Better0465C556480EF90E55E5269B7124E7C2.tmp' to '../../../../../../Users/Daniel/Desktop/School2/New classes/New Classes/New Classes/DIG4725/HotelBete/Content/Hotel/Sounds/SE/Game_Start_Better.uasset'
[2016.04.14-22.27.17:319][164]LogSavePackage: Total save time: 31.238947ms
[2016.04.14-22.27.17:319][164]LogSavePackage:Display: Finished SavePackage ../../../../../../Users/Daniel/Desktop/School2/New classes/New Classes/New Classes/DIG4725/HotelBete/Content/Hotel/Sounds/SE/Game_Start_Better.uasset
[2016.04.14-22.27.17:350][164]LogSavePackage: Save=21.536467ms
[2016.04.14-22.27.17:350][164]LogSavePackage: Moving '../../../../../../Users/Daniel/Desktop/School2/New classes/New Classes/New Classes/DIG4725/HotelBete/Saved/Game_Start_Better_Cue3504A7F84742A2FEC80D528848B0D7C6.tmp' to '../../../../../../Users/Daniel/Desktop/School2/New classes/New Classes/New Classes/DIG4725/HotelBete/Content/Hotel/Sounds/SE/Game_Start_Better_Cue.uasset'
[2016.04.14-22.27.17:352][164]LogSavePackage: Total save time: 23.740456ms
[2016.04.14-22.27.17:352][164]LogSavePackage:Display: Finished SavePackage ../../../../../../Users/Daniel/Desktop/School2/New classes/New Classes/New Classes/DIG4725/HotelBete/Content/Hotel/Sounds/SE/Game_Start_Better_Cue.uasset
[2016.04.14-22.27.25:203][ 29]Cmd: QUIT_EDITOR
[2016.04.14-22.27.25:481][ 29]LogExit: Preparing to exit.
[2016.04.14-22.27.26:517][ 29]LogExit: Editor shut down
[2016.04.14-22.27.26:518][ 29]LogExit: Transaction tracking system shut down
[2016.04.14-22.27.26:629][ 29]LogParticles: Destroying 0 GPU particle simulations for FXSystem 0x000000002A277060
[2016.04.14-22.27.26:629][ 29]LogParticles: Destroying 0 GPU particle simulations for FXSystem 0x0000000031D44900
[2016.04.14-22.27.26:629][ 29]LogParticles: Destroying 0 GPU particle simulations for FXSystem 0x00000000311BCAE0
[2016.04.14-22.27.26:629][ 29]LogParticles: Destroying 0 GPU particle simulations for FXSystem 0x0000000038049A80
[2016.04.14-22.27.26:640][ 29]LogParticles: Destroying 0 GPU particle simulations for FXSystem 0x0000000031D471A0
[2016.04.14-22.27.26:640][ 29]LogParticles: Destroying 0 GPU particle simulations for FXSystem 0x0000000031D45260
[2016.04.14-22.27.27:198][ 29]LogExit: Object subsystem successfully closed.
[2016.04.14-22.27.27:252][ 29]LogD3D11RHI: Shutdown
[2016.04.14-22.27.27:252][ 29]LogD3D11RHI: CleanupD3DDevice
[2016.04.14-22.27.27:294][ 29]LogD3D11RHI: ~FD3D11DynamicRHI
[2016.04.14-22.27.27:608][ 29]LogModuleManager: Shutting down and abandoning module CookingStats (203)
[2016.04.14-22.27.27:608][ 29]LogModuleManager: Shutting down and abandoning module SequencerWidgets (202)
[2016.04.14-22.27.27:608][ 29]LogModuleManager: Shutting down and abandoning module BlueprintGraph (201)
[2016.04.14-22.27.27:608][ 29]LogModuleManager: Shutting down and abandoning module CrashTracker (200)
[2016.04.14-22.27.27:608][ 29]LogModuleManager: Shutting down and abandoning module SceneOutliner (199)
[2016.04.14-22.27.27:608][ 29]LogModuleManager: Shutting down and abandoning module SuperSearch (198)
[2016.04.14-22.27.27:608][ 29]LogModuleManager: Shutting down and abandoning module WidgetCarousel (197)
[2016.04.14-22.27.27:608][ 29]LogModuleManager: Shutting down and abandoning module AddContentDialog (196)
[2016.04.14-22.27.27:610][ 29]LogModuleManager: Shutting down and abandoning module EditorWidgets (195)
[2016.04.14-22.27.27:610][ 29]LogModuleManager: Shutting down and abandoning module CollectionManager (194)
[2016.04.14-22.27.27:610][ 29]LogModuleManager: Shutting down and abandoning module StatsViewer (193)
[2016.04.14-22.27.27:610][ 29]LogModuleManager: Shutting down and abandoning module FoliageEdit (192)
[2016.04.14-22.27.27:610][ 29]LogModuleManager: Shutting down and abandoning module LandscapeEditor (191)
[2016.04.14-22.27.27:625][ 29]LogModuleManager: Shutting down and abandoning module ActorPickerMode (190)
[2016.04.14-22.27.27:625][ 29]LogModuleManager: Shutting down and abandoning module GeometryMode (189)
[2016.04.14-22.27.27:625][ 29]LogModuleManager: Shutting down and abandoning module TextureAlignMode (188)
[2016.04.14-22.27.27:625][ 29]LogModuleManager: Shutting down and abandoning module BspMode (187)
[2016.04.14-22.27.27:625][ 29]LogModuleManager: Shutting down and abandoning module PlacementMode (186)
[2016.04.14-22.27.27:625][ 29]LogModuleManager: Shutting down and abandoning module AutomationWorker (185)
[2016.04.14-22.27.27:625][ 29]LogModuleManager: Shutting down and abandoning module CharacterAI (184)
[2016.04.14-22.27.27:625][ 29]LogModuleManager: Shutting down and abandoning module SmartSnapping (183)
[2016.04.14-22.27.27:625][ 29]LogModuleManager: Shutting down and abandoning module ViewportSnapping (182)
[2016.04.14-22.27.27:626][ 29]LogModuleManager: Shutting down and abandoning module LogVisualizer (181)
[2016.04.14-22.27.27:626][ 29]LogModuleManager: Shutting down and abandoning module GameProjectGeneration (180)
[2016.04.14-22.27.27:647][ 29]LogModuleManager: Shutting down and abandoning module IntroTutorials (179)
[2016.04.14-22.27.27:647][ 29]LogModuleManager: Shutting down and abandoning module EditorLiveStreaming (178)
[2016.04.14-22.27.27:647][ 29]LogModuleManager: Shutting down and abandoning module IOSPlatformEditor (177)
[2016.04.14-22.27.27:647][ 29]LogModuleManager: Shutting down and abandoning module HTML5PlatformEditor (176)
[2016.04.14-22.27.27:647][ 29]LogModuleManager: Shutting down and abandoning module AndroidDeviceDetection (175)
[2016.04.14-22.27.28:076][ 29]LogModuleManager: Shutting down and abandoning module AndroidPlatformEditor (174)
[2016.04.14-22.27.28:076][ 29]LogModuleManager: Shutting down and abandoning module IOSRuntimeSettings (173)
[2016.04.14-22.27.28:076][ 29]LogModuleManager: Shutting down and abandoning module AndroidRuntimeSettings (172)
[2016.04.14-22.27.28:076][ 29]LogModuleManager: Shutting down and abandoning module MergeActors (171)
[2016.04.14-22.27.28:076][ 29]LogModuleManager: Shutting down and abandoning module SizeMap (170)
[2016.04.14-22.27.28:076][ 29]LogModuleManager: Shutting down and abandoning module TreeMap (169)
[2016.04.14-22.27.28:076][ 29]LogModuleManager: Shutting down and abandoning module ReferenceViewer (168)
[2016.04.14-22.27.28:076][ 29]LogModuleManager: Shutting down and abandoning module LocalizationService (167)
[2016.04.14-22.27.28:076][ 29]LogModuleManager: Shutting down and abandoning module LocalizationDashboard (166)
[2016.04.14-22.27.28:096][ 29]LogModuleManager: Shutting down and abandoning module HardwareTargeting (165)
[2016.04.14-22.27.28:096][ 29]LogModuleManager: Shutting down and abandoning module DeviceProfileEditor (164)
[2016.04.14-22.27.28:096][ 29]LogModuleManager: Shutting down and abandoning module UndoHistory (163)
[2016.04.14-22.27.28:096][ 29]LogModuleManager: Shutting down and abandoning module GameplayTagsEditor (162)
[2016.04.14-22.27.28:096][ 29]LogModuleManager: Shutting down and abandoning module UserFeedback (161)
[2016.04.14-22.27.28:096][ 29]LogModuleManager: Shutting down and abandoning module XmlParser (160)
[2016.04.14-22.27.28:096][ 29]LogModuleManager: Shutting down and abandoning module Blutility (159)
[2016.04.14-22.27.28:096][ 29]LogModuleManager: Shutting down and abandoning module ProjectTargetPlatformEditor (158)
[2016.04.14-22.27.28:096][ 29]LogModuleManager: Shutting down and abandoning module ProjectSettingsViewer (157)
[2016.04.14-22.27.28:096][ 29]LogModuleManager: Shutting down and abandoning module InputBindingEditor (156)
[2016.04.14-22.27.28:102][ 29]LogModuleManager: Shutting down and abandoning module EditorSettingsViewer (155)
[2016.04.14-22.27.28:102][ 29]LogModuleManager: Shutting down and abandoning module SettingsEditor (154)
[2016.04.14-22.27.28:102][ 29]LogModuleManager: Shutting down and abandoning module ProjectLauncher (153)
[2016.04.14-22.27.28:120][ 29]LogModuleManager: Shutting down and abandoning module SessionFrontend (152)
[2016.04.14-22.27.28:120][ 29]LogModuleManager: Shutting down and abandoning module ProfilerClient (151)
[2016.04.14-22.27.28:129][ 29]LogModuleManager: Shutting down and abandoning module TargetDeviceServices (150)
[2016.04.14-22.27.28:129][ 29]LogModuleManager: Shutting down and abandoning module DeviceManager (149)
[2016.04.14-22.27.28:129][ 29]LogModuleManager: Shutting down and abandoning module AutomationController (148)
[2016.04.14-22.27.28:129][ 29]LogModuleManager: Shutting down and abandoning module AutomationWindow (147)
[2016.04.14-22.27.28:156][ 29]LogModuleManager: Shutting down and abandoning module Layers (146)
[2016.04.14-22.27.28:204][ 29]LogModuleManager: Shutting down and abandoning module ComponentVisualizers (145)
[2016.04.14-22.27.28:204][ 29]LogModuleManager: Shutting down and abandoning module DetailCustomizations (144)
[2016.04.14-22.27.28:204][ 29]LogModuleManager: Shutting down and abandoning module PackagesDialog (143)
[2016.04.14-22.27.28:204][ 29]LogModuleManager: Shutting down and abandoning module Persona (142)
[2016.04.14-22.27.28:231][ 29]LogModuleManager: Shutting down and abandoning module Kismet (141)
[2016.04.14-22.27.28:231][ 29]LogModuleManager: Shutting down and abandoning module GraphEditor (140)
[2016.04.14-22.27.28:231][ 29]LogModuleManager: Shutting down and abandoning module ClassViewer (139)
[2016.04.14-22.27.28:231][ 29]LogModuleManager: Shutting down and abandoning module Toolbox (138)
[2016.04.14-22.27.28:231][ 29]LogModuleManager: Shutting down and abandoning module ModuleUI (137)
[2016.04.14-22.27.28:237][ 29]LogModuleManager: Shutting down and abandoning module MovieSceneTools (136)
[2016.04.14-22.27.28:237][ 29]LogModuleManager: Shutting down and abandoning module OutputLog (135)
[2016.04.14-22.27.28:237][ 29]LogModuleManager: Shutting down and abandoning module GammaUI (134)
[2016.04.14-22.27.28:249][ 29]LogModuleManager: Shutting down and abandoning module Documentation (133)
[2016.04.14-22.27.28:249][ 29]LogModuleManager: Shutting down and abandoning module GameLiveStreaming (132)
[2016.04.14-22.27.28:249][ 29]LogModuleManager: Shutting down and abandoning module StreamingPauseRendering (131)
[2016.04.14-22.27.28:249][ 29]LogModuleManager: Shutting down and abandoning module AnalyticsET (130)
[2016.04.14-22.27.28:249][ 29]LogModuleManager: Shutting down and abandoning module Analytics (129)
[2016.04.14-22.27.28:249][ 29]LogModuleManager: Shutting down and abandoning module AITestSuite (128)
[2016.04.14-22.27.28:249][ 29]LogModuleManager: Shutting down and abandoning module GameplayDebugger (127)
[2016.04.14-22.27.28:249][ 29]LogModuleManager: Shutting down and abandoning module AIModule (126)
[2016.04.14-22.27.28:249][ 29]LogModuleManager: Shutting down and abandoning module ProfilerService (125)
[2016.04.14-22.27.28:446][ 29]LogModuleManager: Shutting down and abandoning module TaskGraph (124)
[2016.04.14-22.27.28:461][ 29]LogModuleManager: Shutting down and abandoning module SubstanceEditor (123)
[2016.04.14-22.27.28:487][ 29]LogModuleManager: Shutting down and abandoning module SlateRemote (122)
[2016.04.14-22.27.28:487][ 29]LogModuleManager: Shutting down and abandoning module SteamVRController (121)
[2016.04.14-22.27.28:487][ 29]LogModuleManager: Shutting down and abandoning module SteamVR (120)
[2016.04.14-22.27.28:487][ 29]LogModuleManager: Shutting down and abandoning module ProceduralMeshComponent (119)
[2016.04.14-22.27.28:487][ 29]LogModuleManager: Shutting down and abandoning module OculusLibrary (118)
[2016.04.14-22.27.28:487][ 29]LogModuleManager: Shutting down and abandoning module OculusInput (117)
[2016.04.14-22.27.28:487][ 29]LogModuleManager: Shutting down and abandoning module LeapMotionController (116)
[2016.04.14-22.27.28:501][ 29]LogModuleManager: Shutting down and abandoning module CustomMeshComponent (115)
[2016.04.14-22.27.28:501][ 29]LogModuleManager: Shutting down and abandoning module CableComponent (114)
[2016.04.14-22.27.28:501][ 29]LogModuleManager: Shutting down and abandoning module ArchVisCharacter (113)
[2016.04.14-22.27.28:501][ 29]LogModuleManager: Shutting down and abandoning module MessagingDebugger (112)
[2016.04.14-22.27.28:540][ 29]LogModuleManager: Shutting down and abandoning module MediaPlayerEditor (111)
[2016.04.14-22.27.28:550][ 29]LogModuleManager: Shutting down and abandoning module HTML5Networking (110)
[2016.04.14-22.27.28:550][ 29]LogModuleManager: Shutting down and abandoning module SpeedTreeImporter (109)
[2016.04.14-22.27.28:550][ 29]LogModuleManager: Shutting down and abandoning module PluginBrowser (108)
[2016.04.14-22.27.28:568][ 29]LogModuleManager: Shutting down and abandoning module EpicSurvey (107)
[2016.04.14-22.27.28:568][ 29]LogModuleManager: Shutting down and abandoning module DesktopPlatform (106)
[2016.04.14-22.27.28:569][ 29]LogModuleManager: Shutting down and abandoning module VisualStudioSourceCodeAccess (105)
[2016.04.14-22.27.28:569][ 29]LogModuleManager: Shutting down and abandoning module UObjectPlugin (104)
[2016.04.14-22.27.28:569][ 29]LogModuleManager: Shutting down and abandoning module SubversionSourceControl (103)
[2016.04.14-22.27.28:569][ 29]LogModuleManager: Shutting down and abandoning module PerforceSourceControl (102)
[2016.04.14-22.27.28:569][ 29]LogModuleManager: Shutting down and abandoning module SourceControl (101)
[2016.04.14-22.27.28:577][ 29]LogModuleManager: Shutting down and abandoning module GitSourceControl (100)
[2016.04.14-22.27.28:577][ 29]LogModuleManager: Shutting down and abandoning module LightPropagationVolumeEditor (99)
[2016.04.14-22.27.28:577][ 29]LogModuleManager: Shutting down and abandoning module PaperTiledImporter (98)
[2016.04.14-22.27.28:577][ 29]LogModuleManager: Shutting down and abandoning module PaperSpriteSheetImporter (97)
[2016.04.14-22.27.28:577][ 29]LogModuleManager: Shutting down and abandoning module MeshPaint (96)
[2016.04.14-22.27.28:577][ 29]LogModuleManager: Shutting down and abandoning module SlateReflector (95)
[2016.04.14-22.27.28:580][ 29]LogModuleManager: Shutting down and abandoning module HotReload (94)
[2016.04.14-22.27.28:580][ 29]LogModuleManager: Shutting down and abandoning module MainFrame (93)
[2016.04.14-22.27.28:580][ 29]LogModuleManager: Shutting down and abandoning module LevelEditor (92)
[2016.04.14-22.27.28:591][ 29]LogModuleManager: Shutting down and abandoning module ContentBrowser (91)
[2016.04.14-22.27.28:592][ 29]LogModuleManager: Shutting down and abandoning module Paper2DEditor (90)
[2016.04.14-22.27.28:608][ 29]LogModuleManager: Shutting down and abandoning module UdpMessaging (89)
[2016.04.14-22.27.28:708][ 29]LogModuleManager: Shutting down and abandoning module DirectoryWatcher (88)
[2016.04.14-22.27.28:708][ 29]LogModuleManager: Shutting down and abandoning module AssetRegistry (87)
[2016.04.14-22.27.28:828][ 29]LogModuleManager: Shutting down and abandoning module SubstanceCore (86)
[2016.04.14-22.27.28:845][ 29]LogModuleManager: Shutting down and abandoning module LightPropagationVolumeRuntime (85)
[2016.04.14-22.27.28:845][ 29]LogModuleManager: Shutting down and abandoning module Paper2D (84)
[2016.04.14-22.27.28:845][ 29]LogModuleManager: Shutting down and abandoning module WindowsMoviePlayer (83)
[2016.04.14-22.27.28:850][ 29]LogModuleManager: Shutting down and abandoning module Media (82)
[2016.04.14-22.27.28:850][ 29]LogModuleManager: Shutting down and abandoning module WmfMedia (81)
[2016.04.14-22.27.28:885][ 29]LogModuleManager: Shutting down and abandoning module OnlineBlueprintSupport (80)
[2016.04.14-22.27.28:885][ 29]LogModuleManager: Shutting down and abandoning module GameplayTasksEditor (79)
[2016.04.14-22.27.28:885][ 29]LogModuleManager: Shutting down and abandoning module PropertyEditor (78)
[2016.04.14-22.27.28:906][ 29]LogModuleManager: Shutting down and abandoning module BehaviorTreeEditor (77)
[2016.04.14-22.27.28:936][ 29]LogModuleManager: Shutting down and abandoning module FunctionalTesting (76)
[2016.04.14-22.27.28:936][ 29]LogModuleManager: Shutting down and abandoning module CollisionAnalyzer (75)
[2016.04.14-22.27.28:936][ 29]LogModuleManager: Shutting down and abandoning module WorkspaceMenuStructure (74)
[2016.04.14-22.27.28:936][ 29]LogModuleManager: Shutting down and abandoning module MessageLog (73)
[2016.04.14-22.27.28:936][ 29]LogModuleManager: Shutting down and abandoning module Sequencer (72)
[2016.04.14-22.27.28:936][ 29]LogModuleManager: Shutting down and abandoning module AssetTools (71)
[2016.04.14-22.27.28:936][ 29]LogModuleManager: Shutting down and abandoning module UMGEditor (70)
[2016.04.14-22.27.28:937][ 29]LogModuleManager: Shutting down and abandoning module UMG (69)
[2016.04.14-22.27.28:937][ 29]LogModuleManager: Shutting down and abandoning module Slate (68)
[2016.04.14-22.27.28:937][ 29]LogModuleManager: Shutting down and abandoning module EditorStyle (67)
[2016.04.14-22.27.28:939][ 29]LogModuleManager: Shutting down and abandoning module SessionServices (66)
[2016.04.14-22.27.28:939][ 29]LogModuleManager: Shutting down and abandoning module SourceCodeAccess (65)
[2016.04.14-22.27.28:939][ 29]LogModuleManager: Shutting down and abandoning module HeadMountedDisplay (64)
[2016.04.14-22.27.28:939][ 29]LogModuleManager: Shutting down and abandoning module XAudio2 (63)
[2016.04.14-22.27.28:939][ 29]LogModuleManager: Shutting down and abandoning module Networking (61)
[2016.04.14-22.27.28:939][ 29]LogModuleManager: Shutting down and abandoning module Core (60)
[2016.04.14-22.27.28:939][ 29]LogModuleManager: Shutting down and abandoning module KismetCompiler (59)
[2016.04.14-22.27.28:939][ 29]LogModuleManager: Shutting down and abandoning module PhysXFormats (58)
[2016.04.14-22.27.28:939][ 29]LogModuleManager: Shutting down and abandoning module MeshUtilities (57)
[2016.04.14-22.27.28:966][ 29]LogModuleManager: Shutting down and abandoning module DerivedDataCache (56)
[2016.04.14-22.27.29:028][ 29]LogDerivedDataCache: Shutdown
[2016.04.14-22.27.29:028][ 29]LogModuleManager: Shutting down and abandoning module ShaderFormatOpenGL (55)
[2016.04.14-22.27.29:064][ 29]LogModuleManager: Shutting down and abandoning module ShaderFormatD3D (54)
[2016.04.14-22.27.29:064][ 29]LogModuleManager: Shutting down and abandoning module MetalShaderFormat (53)
[2016.04.14-22.27.29:084][ 29]LogModuleManager: Shutting down and abandoning module TextureFormatUncompressed (52)
[2016.04.14-22.27.29:084][ 29]LogModuleManager: Shutting down and abandoning module TextureFormatPVR (51)
[2016.04.14-22.27.29:084][ 29]LogModuleManager: Shutting down and abandoning module TextureFormatIntelISPCTexComp (50)
[2016.04.14-22.27.29:084][ 29]LogModuleManager: Shutting down and abandoning module TextureFormatDXT (49)
[2016.04.14-22.27.29:084][ 29]LogModuleManager: Shutting down and abandoning module ImageWrapper (48)
[2016.04.14-22.27.29:084][ 29]LogModuleManager: Shutting down and abandoning module TextureFormatASTC (47)
[2016.04.14-22.27.29:084][ 29]LogModuleManager: Shutting down and abandoning module TextureFormatAndroid (46)
[2016.04.14-22.27.29:084][ 29]LogModuleManager: Shutting down and abandoning module AudioFormatOpus (45)
[2016.04.14-22.27.29:084][ 29]LogModuleManager: Shutting down and abandoning module AudioFormatOgg (44)
[2016.04.14-22.27.29:084][ 29]LogModuleManager: Shutting down and abandoning module AudioFormatADPCM (43)
[2016.04.14-22.27.29:084][ 29]LogModuleManager: Shutting down and abandoning module LinuxTargetPlatform (42)
[2016.04.14-22.27.29:084][ 29]LogModuleManager: Shutting down and abandoning module LinuxServerTargetPlatform (41)
[2016.04.14-22.27.29:117][ 29]LogModuleManager: Shutting down and abandoning module LinuxNoEditorTargetPlatform (40)
[2016.04.14-22.27.29:117][ 29]LogModuleManager: Shutting down and abandoning module Messaging (39)
[2016.04.14-22.27.29:117][ 29]LogModuleManager: Shutting down and abandoning module IOSTargetPlatform (38)
[2016.04.14-22.27.29:117][ 29]LogModuleManager: Shutting down and abandoning module HTML5TargetPlatform (37)
[2016.04.14-22.27.29:117][ 29]LogModuleManager: Shutting down and abandoning module Android_PVRTCTargetPlatform (36)
[2016.04.14-22.27.29:117][ 29]LogModuleManager: Shutting down and abandoning module Android_MultiTargetPlatform (35)
[2016.04.14-22.27.29:117][ 29]LogModuleManager: Shutting down and abandoning module Android_ETC2TargetPlatform (34)
[2016.04.14-22.27.29:117][ 29]LogModuleManager: Shutting down and abandoning module Android_ETC1TargetPlatform (33)
[2016.04.14-22.27.29:117][ 29]LogModuleManager: Shutting down and abandoning module Android_DXTTargetPlatform (32)
[2016.04.14-22.27.29:117][ 29]LogModuleManager: Shutting down and abandoning module Android_ATCTargetPlatform (31)
[2016.04.14-22.27.29:117][ 29]LogModuleManager: Shutting down and abandoning module Android_ASTCTargetPlatform (30)
[2016.04.14-22.27.29:117][ 29]LogModuleManager: Shutting down and abandoning module AndroidTargetPlatform (29)
[2016.04.14-22.27.29:117][ 29]LogModuleManager: Shutting down and abandoning module WindowsTargetPlatform (28)
[2016.04.14-22.27.29:117][ 29]LogModuleManager: Shutting down and abandoning module WindowsServerTargetPlatform (27)
[2016.04.14-22.27.29:117][ 29]LogModuleManager: Shutting down and abandoning module WindowsNoEditorTargetPlatform (26)
[2016.04.14-22.27.29:117][ 29]LogModuleManager: Shutting down and abandoning module WindowsClientTargetPlatform (25)
[2016.04.14-22.27.29:117][ 29]LogModuleManager: Shutting down and abandoning module AllDesktopTargetPlatform (24)
[2016.04.14-22.27.29:117][ 29]LogModuleManager: Shutting down and abandoning module TargetPlatform (23)
[2016.04.14-22.27.29:117][ 29]LogModuleManager: Shutting down and abandoning module InputCore (22)
[2016.04.14-22.27.29:117][ 29]LogModuleManager: Shutting down and abandoning module Settings (21)
[2016.04.14-22.27.29:117][ 29]LogModuleManager: Shutting down and abandoning module OnlineSubsystem (19)
[2016.04.14-22.27.29:117][ 29]LogModuleManager: Shutting down and abandoning module HTTP (18)
[2016.04.14-22.27.31:117][ 29]LogModuleManager: Shutting down and abandoning module XMPP (17)
[2016.04.14-22.27.31:174][ 29]LogModuleManager: Shutting down and abandoning module OculusRift (16)
[2016.04.14-22.27.31:197][ 29]LogModuleManager: Shutting down and abandoning module ExampleDeviceProfileSelector (15)
[2016.04.14-22.27.31:197][ 29]LogModuleManager: Shutting down and abandoning module TextureCompressor (14)
[2016.04.14-22.27.31:197][ 29]LogModuleManager: Shutting down and abandoning module ShaderCore (13)
[2016.04.14-22.27.31:197][ 29]LogModuleManager: Shutting down and abandoning module Landscape (12)
[2016.04.14-22.27.31:197][ 29]LogModuleManager: Shutting down and abandoning module SlateRHIRenderer (11)
[2016.04.14-22.27.31:201][ 29]LogModuleManager: Shutting down and abandoning module OpenGLDrv (10)
[2016.04.14-22.27.31:288][ 29]LogModuleManager: Shutting down and abandoning module D3D11RHI (9)
[2016.04.14-22.27.31:288][ 29]LogModuleManager: Shutting down and abandoning module AnimGraphRuntime (8)
[2016.04.14-22.27.31:288][ 29]LogModuleManager: Shutting down and abandoning module Renderer (7)
[2016.04.14-22.27.31:288][ 29]LogModuleManager: Shutting down and abandoning module Engine (6)
[2016.04.14-22.27.31:288][ 29]LogModuleManager: Shutting down and abandoning module CoreUObject (5)
[2016.04.14-22.27.31:288][ 29]LogModuleManager: Shutting down and abandoning module NetworkFile (4)
[2016.04.14-22.27.31:303][ 29]LogModuleManager: Shutting down and abandoning module StreamingFile (3)
[2016.04.14-22.27.31:303][ 29]LogModuleManager: Shutting down and abandoning module SandboxFile (2)
[2016.04.14-22.27.31:303][ 29]LogModuleManager: Shutting down and abandoning module PakFile (1)
[2016.04.14-22.27.31:313][ 29]LogExit: Exiting.
[2016.04.14-22.27.31:315][ 29]Log file closed, 04/14/16 18:27:31
