[2016.03.20-00.02.24:395][  0]Log file open, 03/19/16 20:02:24
[2016.03.20-00.02.24:395][  0]LogInit:Display: Running engine for game: Hotel
[2016.03.20-00.02.24:395][  0]LogPlatformFile: Not using cached read wrapper
[2016.03.20-00.02.24:395][  0]LogInit:Display: RandInit(1168798266) SRandInit(1168798268).
[2016.03.20-00.02.24:395][  0]LogTaskGraph: Started task graph with 4 named threads and 7 total threads.
[2016.03.20-00.02.24:395][  0]LogStats: Stats thread started at 0.094459
[2016.03.20-00.02.24:395][  0]LogInit: Version: 4.10.2-2818068+++depot+UE4-Releases+4.10
[2016.03.20-00.02.24:395][  0]LogInit: API Version: 2758231
[2016.03.20-00.02.24:395][  0]LogInit: Compiled (64-bit): Jan  6 2016 17:36:42
[2016.03.20-00.02.24:395][  0]LogInit: Compiled with Visual C++: 19.00.23026.00
[2016.03.20-00.02.24:395][  0]LogInit: Build Configuration: Development
[2016.03.20-00.02.24:395][  0]LogInit: Branch Name: ++depot+UE4-Releases+4.10
[2016.03.20-00.02.24:395][  0]LogInit: Command line:  
[2016.03.20-00.02.24:395][  0]LogInit: Base directory: C:/Program Files/Epic Games/4.10/Engine/Binaries/Win64/
[2016.03.20-00.02.24:395][  0]LogInit: Rocket: 1
[2016.03.20-00.02.24:410][  0]LogInit: Using libcurl 7.41.0
[2016.03.20-00.02.24:410][  0]LogInit:  - built for x86_64-pc-win32
[2016.03.20-00.02.24:410][  0]LogInit:  - supports SSL with WinSSL
[2016.03.20-00.02.24:410][  0]LogInit:  - other features:
[2016.03.20-00.02.24:410][  0]LogInit:      CURL_VERSION_SSL
[2016.03.20-00.02.24:410][  0]LogInit:      CURL_VERSION_IPV6
[2016.03.20-00.02.24:410][  0]LogInit:      CURL_VERSION_ASYNCHDNS
[2016.03.20-00.02.24:410][  0]LogInit:      CURL_VERSION_LARGEFILE
[2016.03.20-00.02.24:410][  0]LogInit:      CURL_VERSION_IDN
[2016.03.20-00.02.24:410][  0]LogInit:  CurlRequestOptions (configurable via config and command line):
[2016.03.20-00.02.24:410][  0]LogInit:  - bVerifyPeer = true  - Libcurl will verify peer certificate
[2016.03.20-00.02.24:410][  0]LogInit:  - bUseHttpProxy = false  - Libcurl will NOT use HTTP proxy
[2016.03.20-00.02.24:410][  0]LogInit:  - bDontReuseConnections = false  - Libcurl will reuse connections
[2016.03.20-00.02.24:410][  0]LogInit:  - CertBundlePath = nullptr  - Libcurl will use whatever was configured at build time.
[2016.03.20-00.02.24:430][  0]LogInit: Presizing for 0 objects not considered by GC, pre-allocating 0 bytes.
[2016.03.20-00.02.24:432][  0]LogInit: Object subsystem initialized
[2016.03.20-00.02.24:432][  0]LogInit: Selected Device Profile: [Windows]
[2016.03.20-00.02.24:432][  0]LogInit: Applying CVar settings loaded from the selected device profile: [Windows]
[2016.03.20-00.02.24:450][  0]LogInit: Computer: MRRBOND-PC
[2016.03.20-00.02.24:450][  0]LogInit: User: MrrBond
[2016.03.20-00.02.24:450][  0]LogInit: CPU Page size=4096, Cores=4
[2016.03.20-00.02.24:450][  0]LogInit: High frequency timer resolution =3.415988 MHz
[2016.03.20-00.02.24:450][  0]LogMemory: Memory total: Physical=7.9GB (8GB approx)
[2016.03.20-00.02.24:450][  0]LogMemory: Platform Memory Stats for Windows
[2016.03.20-00.02.24:450][  0]LogMemory: Process Physical Memory: 56.03 MB used, 56.03 MB peak
[2016.03.20-00.02.24:450][  0]LogMemory: Process Virtual Memory: 58.67 MB used, 58.67 MB peak
[2016.03.20-00.02.24:450][  0]LogMemory: Physical Memory: 1463.75 MB used, 8134.92 MB total
[2016.03.20-00.02.24:450][  0]LogMemory: Virtual Memory: 384.79 MB used, 134217728.00 MB total
[2016.03.20-00.02.24:522][  0]LogTextLocalizationManager: No specific translations for ('en-US') exist, so ('en') translations will be used.
[2016.03.20-00.02.24:884][  0]LogD3D11RHI: Found D3D11 adapter 0: NVIDIA GeForce GTX 770 (Feature Level 11_0)
[2016.03.20-00.02.24:884][  0]LogD3D11RHI: Adapter has 1989MB of dedicated video memory, 0MB of dedicated system memory, and 4067MB of shared system memory, 1 output[s]
[2016.03.20-00.02.24:886][  0]LogD3D11RHI: Found D3D11 adapter 1: Microsoft Basic Render Driver (Feature Level 11_0)
[2016.03.20-00.02.24:886][  0]LogD3D11RHI: Adapter has 0MB of dedicated video memory, 0MB of dedicated system memory, and 4067MB of shared system memory, 0 output[s]
[2016.03.20-00.02.24:886][  0]LogD3D11RHI: Chosen D3D11 Adapter Id = 0
[2016.03.20-00.02.24:890][  0]LogD3D11RHI: !Direct3DDevice
[2016.03.20-00.02.24:890][  0]LogRHI: Texture pool is 1361 MB (70% of 1945 MB)
[2016.03.20-00.02.24:900][  0]LogD3D11RHI: Async texture creation enabled
[2016.03.20-00.02.24:915][  0]LogShaderCompilers: Guid format shader working directory is -9 characters bigger than the processId version (../../../../../../Users/MrrBond/Documents/GitHub/HotelBete/Intermediate/Shaders/WorkingDirectory/396/).
[2016.03.20-00.02.24:915][  0]LogShaderCompilers: Cleaned the shader compiler working directory 'C:/Users/MrrBond/AppData/Local/Temp/UnrealShaderWorkingDir/76411A06433C61742AA91A892631BF81/'.
[2016.03.20-00.02.24:915][  0]LogShaderCompilers:Display: Using Local Shader Compiler.
[2016.03.20-00.02.25:956][  0]LogTemp:Display: Loaded TP AllDesktopTargetPlatform
[2016.03.20-00.02.25:960][  0]LogTemp:Display: Loaded TP WindowsClientTargetPlatform
[2016.03.20-00.02.25:965][  0]LogTemp:Display: Loaded TP WindowsNoEditorTargetPlatform
[2016.03.20-00.02.25:969][  0]LogTemp:Display: Loaded TP WindowsServerTargetPlatform
[2016.03.20-00.02.25:973][  0]LogTemp:Display: Loaded TP WindowsTargetPlatform
[2016.03.20-00.02.25:978][  0]LogTemp:Display: Loaded TP AndroidTargetPlatform
[2016.03.20-00.02.25:981][  0]LogTemp:Display: Loaded TP Android_ASTCTargetPlatform
[2016.03.20-00.02.25:984][  0]LogTemp:Display: Loaded TP Android_ATCTargetPlatform
[2016.03.20-00.02.25:987][  0]LogTemp:Display: Loaded TP Android_DXTTargetPlatform
[2016.03.20-00.02.25:990][  0]LogTemp:Display: Loaded TP Android_ETC1TargetPlatform
[2016.03.20-00.02.25:993][  0]LogTemp:Display: Loaded TP Android_ETC2TargetPlatform
[2016.03.20-00.02.25:999][  0]LogTemp:Display: Loaded TP Android_MultiTargetPlatform
[2016.03.20-00.02.25:999][  0]LogTemp:Display: Loaded TP Android_PVRTCTargetPlatform
[2016.03.20-00.02.26:001][  0]LogTemp:Display: Loaded TP HTML5TargetPlatform
[2016.03.20-00.02.26:022][  0]LogTemp:Display: Loaded TP IOSTargetPlatform
[2016.03.20-00.02.26:024][  0]LogTemp:Display: Loaded TP LinuxNoEditorTargetPlatform
[2016.03.20-00.02.26:027][  0]LogTemp:Display: Loaded TP LinuxServerTargetPlatform
[2016.03.20-00.02.26:034][  0]LogTemp:Display: Loaded TP LinuxTargetPlatform
[2016.03.20-00.02.26:034][  0]LogTargetPlatformManager:Display: Building Assets For Windows
[2016.03.20-00.02.26:132][  0]LogDerivedDataCache:Display: Max Cache Size: 512 MB
[2016.03.20-00.02.26:367][  0]LogDerivedDataCache: Loaded boot cache 0.23s 41MB C:/Users/MrrBond/AppData/Local/UnrealEngine/4.10/DerivedDataCache/Boot.ddc.
[2016.03.20-00.02.26:367][  0]LogDerivedDataCache:Display: Loaded Boot cache: C:/Users/MrrBond/AppData/Local/UnrealEngine/4.10/DerivedDataCache/Boot.ddc
[2016.03.20-00.02.26:367][  0]LogDerivedDataCache: FDerivedDataBackendGraph:  Pak pak cache file ../../../../../../Users/MrrBond/Documents/GitHub/HotelBete/DerivedDataCache/DDC.ddp not found, will not use a pak cache.
[2016.03.20-00.02.26:367][  0]LogDerivedDataCache: Unable to find inner node Pak for hierarchical cache Hierarchy.
[2016.03.20-00.02.26:367][  0]LogDerivedDataCache: FDerivedDataBackendGraph:  CompressedPak pak cache file ../../../../../../Users/MrrBond/Documents/GitHub/HotelBete/DerivedDataCache/Compressed.ddp not found, will not use a pak cache.
[2016.03.20-00.02.26:367][  0]LogDerivedDataCache: Unable to find inner node CompressedPak for hierarchical cache Hierarchy.
[2016.03.20-00.02.26:431][  0]LogDerivedDataCache:Display: Pak cache opened for reading ../../../Engine/DerivedDataCache/Compressed.ddp.
[2016.03.20-00.02.26:443][  0]LogDerivedDataCache: Using Local data cache path C:/Users/MrrBond/AppData/Local/UnrealEngine/Common/DerivedDataCache: Writable
[2016.03.20-00.02.27:390][  0]LogInit: Selected Device Profile: [Windows]
[2016.03.20-00.02.27:392][  0]LogContentStreaming: Texture pool size is 0.000000MB
[2016.03.20-00.02.27:500][  0]LogMeshUtilities: No automatic mesh reduction module available
[2016.03.20-00.02.27:500][  0]LogMeshUtilities: No automatic mesh merging module available
[2016.03.20-00.02.27:845][  0]LogInit: WinSock: version 1.1 (2.2), MaxSocks=32767, MaxUdp=65467
[2016.03.20-00.02.29:757][  0]LogAssetRegistry: FAssetRegistry took 0.0108 seconds to start up
[2016.03.20-00.02.29:775][  0]UdpMessaging: Initializing bridge on interface 0.0.0.0:0 to multicast group 230.0.0.1:6666.
[2016.03.20-00.02.30:087][  0]SourceControl: Info Source control is disabled
[2016.03.20-00.02.30:089][  0]SourceControl: Info Source control is disabled
[2016.03.20-00.02.30:104][  0]SourceControl: Info Source control is disabled
[2016.03.20-00.02.30:117][  0]SourceControl: Info Source control is disabled
[2016.03.20-00.02.30:446][  0]LogObj: 28802 objects as part of root set at end of initial load.
[2016.03.20-00.02.30:446][  0]LogUObjectAllocator: 6129768 out of 0 bytes used by permanent object pool.
[2016.03.20-00.02.30:507][  0]LogEngine: Initializing Engine...
[2016.03.20-00.02.30:509][  0]LogHMD: Can't find Oculus library dev build: is proper Runtime installed? Version: 0.8.0.0
[2016.03.20-00.02.30:518][  0]LogHMD: SteamVR failed to initialize.  Err: 110
[2016.03.20-00.02.30:656][  0]LogAIModule: Creating AISystem for world NewWorld
[2016.03.20-00.02.30:664][  0]LogInit: XAudio2 using 'Speakers (Realtek High Definition Audio)' : 2 channels at 48 kHz using 32 bits per sample (channel mask 0x3)
[2016.03.20-00.02.30:686][  0]LogInit: FAudioDevice initialized.
[2016.03.20-00.02.30:710][  0]LogDerivedDataCache: Saved boot cache 0.02s 41MB C:/Users/MrrBond/AppData/Local/UnrealEngine/4.10/DerivedDataCache/Boot.ddc.
[2016.03.20-00.02.30:717][  0]LogInit: Texture streaming: Enabled
[2016.03.20-00.02.30:723][  0]LogAnalytics: Creating configured Analytics provider AnalyticsET
[2016.03.20-00.02.30:723][  0]LogAnalytics: [UEEditor.Rocket.Release] APIServer = http://et2.epicgames.com/ET2/. AppVersion = 4.10.2-2818068+++depot+UE4-Releases+4.10
[2016.03.20-00.02.30:723][  0]LogAnalytics: [UEEditor.Rocket.Release] SetUserId 70d505b9489753c526a513886a8eb1a2|20388df98dc841109316ca5aa4c25788|5df8a1b8-928f-4cc0-8ccd-f95831ba8036
[2016.03.20-00.02.30:723][  0]LogAnalytics: [UEEditor.Rocket.Release] AnalyticsET::StartSession
[2016.03.20-00.02.30:782][  0]LogInit: Transaction tracking system initialized
[2016.03.20-00.02.30:857][  0]BlueprintLog: New page: Editor Load
[2016.03.20-00.02.30:958][  0]LocalizationService: Info Localization service is disabled
[2016.03.20-00.02.31:059][  0]LogConsoleResponse:Display: 
[2016.03.20-00.02.31:236][  0]LogCook:Display: Done creating registry. It took  0.00s.
[2016.03.20-00.02.31:319][  0]LogFileCache: Scanning file cache for directory 'C:/Users/MrrBond/Documents/GitHub/HotelBete/Content/' took 0.02s
[2016.03.20-00.02.31:319][  0]SourceControl: Info Source control is disabled
[2016.03.20-00.02.31:320][  0]Cmd: MAP LOAD FILE="../../../../../../Users/MrrBond/Documents/GitHub/HotelBete/Content/Hotel/Levels/Menu.umap" TEMPLATE=0 SHOWPROGRESS=1 FEATURELEVEL=3
[2016.03.20-00.02.31:322][  0]LightingResults: New page: Lighting Build
[2016.03.20-00.02.31:326][  0]MapCheck: New page: Map Check
[2016.03.20-00.02.31:326][  0]LightingResults: New page: Lighting Build
[2016.03.20-00.02.31:335][  0]LogParticles: Destroying 0 GPU particle simulations for FXSystem 0x000001B9D3702160
[2016.03.20-00.02.31:517][  0]LogBlueprint:Warning: USimpleConstructionScript::FixupRootNodeParentReferences() - Couldn't find inherited parent component 'DefaultSceneRoot' for 'Cylinder' in BlueprintGeneratedClass 'REINST_Key_C_21' (it may have been removed)
[2016.03.20-00.02.32:456][  0]LogAIModule: Creating AISystem for world Menu
[2016.03.20-00.02.32:457][  0]LogEditorServer: Finished looking for orphan Actors (0.000 secs)
[2016.03.20-00.02.32:457][  0]Cmd: MAP CHECKDEP NOCLEARLOG
[2016.03.20-00.02.32:513][  0]MapCheck: Info Map check complete: 0 Error(s), 0 Warning(s), took 56.256ms to complete.
[2016.03.20-00.02.32:513][  0]LogFileHelpers: Loading map 'Menu' took 1.194
[2016.03.20-00.02.32:607][  0]LogCollectionManager: Loaded 0 collections in 0.002069 seconds
[2016.03.20-00.02.32:647][  0]LogFileCache: Scanning file cache for directory 'C:/Users/MrrBond/Documents/GitHub/HotelBete/Saved/Collections/' took 0.01s
[2016.03.20-00.02.32:647][  0]LogFileCache: Scanning file cache for directory 'C:/Users/MrrBond/Documents/GitHub/HotelBete/Content/Developers/MrrBond/Collections/' took 0.01s
[2016.03.20-00.02.32:647][  0]LogFileCache: Scanning file cache for directory 'C:/Users/MrrBond/Documents/GitHub/HotelBete/Content/Collections/' took 0.01s
[2016.03.20-00.02.32:647][  0]LogCollectionManager: Rebuilt the GUID cache for 0 collections in 0.000001 seconds
[2016.03.20-00.02.32:653][  0]LogContentBrowser: Native class hierarchy populated in 0.0058 seconds. Added 1908 classes and 344 folders.
[2016.03.20-00.02.32:658][  0]LogContentBrowser: Native class hierarchy updated for 'WidgetCarousel' in 0.0004 seconds. Added 0 classes and 0 folders.
[2016.03.20-00.02.32:901][  0]LogContentBrowser: Native class hierarchy updated for 'AddContentDialog' in 0.0003 seconds. Added 0 classes and 0 folders.
[2016.03.20-00.02.32:905][  0]LogContentBrowser: Native class hierarchy updated for 'SceneOutliner' in 0.0003 seconds. Added 1 classes and 2 folders.
[2016.03.20-00.02.32:917][  0]LogCrashTracker: Crashtracker disabled due to settings.
[2016.03.20-00.02.32:922][  0]LogUObjectGlobals:Warning: Failed to find object 'Class None.'
[2016.03.20-00.02.32:945][  0]LogLoad: Full Startup: 9.18 seconds (BP compile: 0.25 seconds)
[2016.03.20-00.02.32:956][  0]LogOcInput: Can't find Oculus library dev build: is proper Runtime installed? Version: 0.8.0.0
[2016.03.20-00.02.33:035][  0]LogContentStreaming: Texture pool size now 1000 MB
[2016.03.20-00.02.33:161][  0]LogRenderer: Reallocating scene render targets to support 1208x572 (Frame:2).
[2016.03.20-00.02.33:421][  5]LogAssetRegistry: Asset discovery search completed in 3.6746 seconds
[2016.03.20-00.02.33:421][  5]LogCollectionManager: Rebuilt the object cache for 0 collections in 0.000001 seconds (found 0 objects)
[2016.03.20-00.02.33:421][  5]LogCollectionManager: Fixed up redirectors for 0 collections in 0.000014 seconds (updated 0 objects)
[2016.03.20-00.02.40:914][881]LogLinker:Warning: Can't find file '/Game/StarterContent/Textures/skydome_hdri___brooding_clouds_by_ardak-d5zjabh'
[2016.03.20-00.02.40:914][881]LogLinker:Warning: Can't find file for asset '/Game/StarterContent/Textures/skydome_hdri___brooding_clouds_by_ardak-d5zjabh' while loading ../../../Engine/Content/EngineSky/M_Sky_Panning_Clouds2.uasset.
[2016.03.20-00.02.40:914][881]LoadErrors:Error: Error /Engine/EngineSky/M_Sky_Panning_Clouds2 : Can't find file for asset. /Game/StarterContent/Textures/skydome_hdri___brooding_clouds_by_ardak-d5zjabh
[2016.03.20-00.02.40:914][881]LogLinker:Warning: Can't find file '/Game/StarterContent/Textures/skydome_hdri___brooding_clouds_by_ardak-d5zjabh'
[2016.03.20-00.02.40:914][881]LogLinker:Warning: Can't find file for asset '/Game/StarterContent/Textures/skydome_hdri___brooding_clouds_by_ardak-d5zjabh' while loading ../../../Engine/Content/EngineSky/M_Sky_Panning_Clouds2.uasset.
[2016.03.20-00.02.41:679][881]LogLinker:Warning: Can't find file '/Game/StarterContent/Textures/skydome_hdri___brooding_clouds_by_ardak-d5zjabh'
[2016.03.20-00.02.41:679][881]LoadErrors: Info Failed to load /Game/StarterContent/Textures/skydome_hdri___brooding_clouds_by_ardak-d5zjabh.skydome_hdri___brooding_clouds_by_ardak-d5zjabh Referenced by MaterialExpressionTextureSample_0
[2016.03.20-00.02.41:679][881]LogLinker:Warning: Can't find file for asset '/Game/StarterContent/Textures/skydome_hdri___brooding_clouds_by_ardak-d5zjabh' while loading NULL.
[2016.03.20-00.02.41:954][881]LogMaterial: Missing cached shader map for material M_Sky_Panning_Clouds2, compiling. 
[2016.03.20-00.02.41:954][881]LogMaterial:Warning: Failed to compile Material /Engine/EngineSky/M_Sky_Panning_Clouds2.M_Sky_Panning_Clouds2 for platform PCD3D_SM5, Default Material will be used in game.
[2016.03.20-00.02.41:954][881]LogMaterial:Warning: 	(Node TextureSample) TextureSample> Missing input texture
[2016.03.20-00.02.42:117][881]LogMaterial: Missing cached shader map for material GuestFloor, compiling. 
[2016.03.20-00.02.42:117][881]LogMaterial:Warning: Failed to compile Material /Game/Hotel/Art/Models/Guest_Floor/Old/GuestFloor.GuestFloor for platform PCD3D_SM5, Default Material will be used in game.
[2016.03.20-00.02.42:117][881]LogMaterial:Warning: 	(Node TextureSample) TextureSample> Missing input texture
[2016.03.20-00.02.42:118][881]LogMaterial: Missing cached shader map for material Columns, compiling. 
[2016.03.20-00.02.42:119][881]LogMaterial:Warning: Failed to compile Material /Game/Hotel/Art/Models/Guest_Floor/Old/Columns.Columns for platform PCD3D_SM5, Default Material will be used in game.
[2016.03.20-00.02.42:119][881]LogMaterial:Warning: 	(Node TextureSample) TextureSample> Missing input texture
[2016.03.20-00.02.42:303][881]LogAIModule: Creating AISystem for world World
[2016.03.20-00.02.42:307][881]LogParticles:Warning: InitializeSystem called on an unregistered component. Template=/Game/StarterContent/Particles/Breath.Breath Component=/Game/Hotel/Levels/World.World:PersistentLevel.Breath.ParticleSystemComponent0
[2016.03.20-00.02.42:308][881]LogParticles:Warning: InitializeSystem called on an unregistered component. Template=/Game/StarterContent/Particles/ItemMarker.ItemMarker Component=/Game/Hotel/Levels/World.World:PersistentLevel.ItemMarker.ParticleSystemComponent0
[2016.03.20-00.02.42:308][881]LogParticles:Warning: InitializeSystem called on an unregistered component. Template=/Game/StarterContent/Particles/Dust.Dust Component=/Game/Hotel/Levels/World.World:PersistentLevel.Dust_2.ParticleSystemComponent0
[2016.03.20-00.02.42:308][881]LogParticles:Warning: InitializeSystem called on an unregistered component. Template=/Game/StarterContent/Particles/Fog_Steam.Fog_Steam Component=/Game/Hotel/Levels/World.World:PersistentLevel.Fog_Steam2.ParticleSystemComponent0
[2016.03.20-00.02.42:308][881]LogParticles:Warning: InitializeSystem called on an unregistered component. Template=/Game/StarterContent/Particles/Fog_Steam.Fog_Steam Component=/Game/Hotel/Levels/World.World:PersistentLevel.Fog_Steam3.ParticleSystemComponent0
[2016.03.20-00.02.42:380][881]Cmd: MAP LOAD FILE="../../../../../../Users/MrrBond/Documents/GitHub/HotelBete/Content/Hotel/Levels/World.umap" TEMPLATE=0 SHOWPROGRESS=1 FEATURELEVEL=3
[2016.03.20-00.02.42:380][881]LightingResults: New page: Lighting Build
[2016.03.20-00.02.42:394][881]LoadErrors: New page: Loading map: World.umap
[2016.03.20-00.02.42:394][881]MapCheck: New page: Map Check
[2016.03.20-00.02.42:394][881]LightingResults: New page: Lighting Build
[2016.03.20-00.02.42:406][881]LogParticles: Destroying 0 GPU particle simulations for FXSystem 0x000001B9E1C7F1A0
[2016.03.20-00.02.42:423][881]LogEditorServer: Finished looking for orphan Actors (0.000 secs)
[2016.03.20-00.02.42:449][881]Cmd: MAP CHECKDEP NOCLEARLOG
[2016.03.20-00.02.42:531][881]MapCheck: Info Map check complete: 0 Error(s), 0 Warning(s), took 82.064ms to complete.
[2016.03.20-00.02.42:532][881]LogFileHelpers: Loading map 'World' took 0.153
[2016.03.20-00.02.42:539][881]LoadErrors:Error: Error /Game/FirstPersonBP/Blueprints/Enemy : Failed import for Enemy_C /Game/Hotel/Blueprints/Enemies/Enemy.Default__Enemy_C [redirection] in /Game/FirstPersonBP/Blueprints/Enemy
[2016.03.20-00.02.50:038][254]LogBlueprintUserMessages: Early PlayInEditor Detection: Level '/Game/Hotel/Levels/World.World:PersistentLevel' has LevelScriptBlueprint '/Game/Hotel/Levels/World.World:PersistentLevel.World' with GeneratedClass '/Game/Hotel/Levels/World.World_C' with ClassGeneratedBy '/Game/Hotel/Levels/World.World:PersistentLevel.World'
[2016.03.20-00.02.50:038][254]LogPlayLevel: PlayLevel: No blueprints needed recompiling
[2016.03.20-00.02.50:038][254]PIE: New page: PIE session: World (Mar 19, 2016, 4:02:50 PM)
[2016.03.20-00.02.50:038][254]LogPlayLevel: Creating play world package: /Game/Hotel/Levels/UEDPIE_0_World
[2016.03.20-00.02.50:073][254]LogPlayLevel: PIE: StaticDuplicateObject took: (0.035229s)
[2016.03.20-00.02.50:074][254]LogAIModule: Creating AISystem for world World
[2016.03.20-00.02.50:075][254]LogPlayLevel: PIE: World Init took: (0.001189s)
[2016.03.20-00.02.50:075][254]LogPlayLevel: PIE: Created PIE world by copying editor world from /Game/Hotel/Levels/World.World to /Game/Hotel/Levels/UEDPIE_0_World.World (0.036820s)
[2016.03.20-00.02.50:093][254]LogInit: XAudio2 using 'Speakers (Realtek High Definition Audio)' : 2 channels at 48 kHz using 32 bits per sample (channel mask 0x3)
[2016.03.20-00.02.50:101][254]LogInit: FAudioDevice initialized.
[2016.03.20-00.02.50:204][254]LogWorld: Game class is 'FirstPersonGameMode_C'
[2016.03.20-00.02.50:211][254]LogWorld: Bringing World /Game/Hotel/Levels/UEDPIE_0_World.World up for play (max tick rate 0) at 2016.03.19-20.02.50
[2016.03.20-00.02.50:211][254]LogActor:Warning: GameSession /Game/Hotel/Levels/UEDPIE_0_World.World:PersistentLevel.GameSession_0 has natively added scene component(s), but none of them were set as the actor's RootComponent - picking one arbitrarily
[2016.03.20-00.02.50:211][254]LogActor:Warning: GameNetworkManager /Game/Hotel/Levels/UEDPIE_0_World.World:PersistentLevel.GameNetworkManager_0 has natively added scene component(s), but none of them were set as the actor's RootComponent - picking one arbitrarily
[2016.03.20-00.02.50:212][254]LogWorld: Bringing up level for play took: 0.006609
[2016.03.20-00.02.50:227][254]PIE: Info Play in editor start time for /Game/Hotel/Levels/UEDPIE_0_World 1.031
[2016.03.20-00.02.50:227][254]LogBlueprintUserMessages: Late PlayInEditor Detection: Level '/Game/Hotel/Levels/World.World:PersistentLevel' has LevelScriptBlueprint '/Game/Hotel/Levels/World.World:PersistentLevel.World' with GeneratedClass '/Game/Hotel/Levels/World.World_C' with ClassGeneratedBy '/Game/Hotel/Levels/World.World:PersistentLevel.World'
[2016.03.20-00.02.50:257][255]LogRenderer: Reallocating scene render targets to support 1280x720 (Frame:1218).
[2016.03.20-00.03.04:476][868]LogBlueprintUserMessages: Early EndPlayMap Detection: Level '/Game/Hotel/Levels/World.World:PersistentLevel' has LevelScriptBlueprint '/Game/Hotel/Levels/World.World:PersistentLevel.World' with GeneratedClass '/Game/Hotel/Levels/World.World_C' with ClassGeneratedBy '/Game/Hotel/Levels/World.World:PersistentLevel.World'
[2016.03.20-00.03.04:516][868]LogBlueprintUserMessages: Late EndPlayMap Detection: Level '/Game/Hotel/Levels/World.World:PersistentLevel' has LevelScriptBlueprint '/Game/Hotel/Levels/World.World:PersistentLevel.World' with GeneratedClass '/Game/Hotel/Levels/World.World_C' with ClassGeneratedBy '/Game/Hotel/Levels/World.World:PersistentLevel.World'
[2016.03.20-00.03.04:532][868]LogParticles: Destroying 0 GPU particle simulations for FXSystem 0x000001B9E6968C20
[2016.03.20-00.03.14:952][101]LogEditorViewport: Clicking on Actor (LMB): StaticMeshActor (Cube)
[2016.03.20-00.03.15:995][218]LogEditorViewport: Clicking on Actor (CTRL LMB): StaticMeshActor (guest_floor_haunted)
[2016.03.20-00.03.17:181][355]LogEditorViewport: Clicking on Actor (CTRL LMB): StaticMeshActor (Lobby_haunted2)
[2016.03.20-00.03.18:396][497]LogEditorViewport: Clicking on Actor (CTRL LMB): NavMeshBoundsVolume (NavMeshBoundsVolume)
[2016.03.20-00.03.22:121][936]LogEditorViewport: Clicking on Actor (CTRL LMB): StaticMeshActor (guest_floor_haunted)
[2016.03.20-00.03.27:717][591]LogEditorViewport: Clicking on Actor (CTRL LMB): BP_Sky_Sphere_C (SkySphereBlueprint)
[2016.03.20-00.03.30:109][876]LogEditorViewport: Clicking on Actor (LMB): BP_Sky_Sphere_C (SkySphereBlueprint)
[2016.03.20-00.03.30:872][965]LogEditorViewport: Clicking on Actor (LMB): BP_Sky_Sphere_C (SkySphereBlueprint)
[2016.03.20-00.03.31:519][ 41]LogEditorViewport: Clicking on Actor (LMB): BP_Sky_Sphere_C (SkySphereBlueprint)
[2016.03.20-00.03.31:808][ 74]LogEditorViewport: Clicking on Actor (double click): GhostRoomBoundary_C (GhostRoom1)
[2016.03.20-00.03.34:296][368]LogEditorViewport: Clicking on Actor (CTRL LMB): NavMeshBoundsVolume (NavMeshBoundsVolume)
[2016.03.20-00.03.35:373][495]LogEditorViewport: Clicking on Actor (CTRL LMB): StaticMeshActor (Cube)
[2016.03.20-00.03.35:824][547]LogEditorViewport: Clicking on Actor (CTRL LMB): StaticMeshActor (guest_floor_haunted)
[2016.03.20-00.03.36:660][645]LogEditorViewport: Clicking on Actor (CTRL LMB): StaticMeshActor (Lobby_haunted2)
[2016.03.20-00.03.48:782][ 61]Cmd: TRANSACTION UNDO
[2016.03.20-00.03.48:782][ 61]LogEditorTransaction: Undo Scale Actors
[2016.03.20-00.03.51:116][307]LogEditorViewport: Clicking on Actor (LMB): StaticMeshActor (guest_floor_haunted)
[2016.03.20-00.03.55:234][788]LogEditorViewport: Clicking on Actor (LMB): StaticMeshActor (Cube)
[2016.03.20-00.03.58:381][161]LogEditorViewport: Clicking on Actor (LMB): NavMeshBoundsVolume (NavMeshBoundsVolume)
[2016.03.20-00.03.59:783][323]LogEditorViewport: Clicking on Actor (CTRL LMB): StaticMeshActor (guest_floor_haunted)
[2016.03.20-00.04.00:534][411]LogEditorViewport: Clicking on Actor (CTRL LMB): StaticMeshActor (Lobby_haunted2)
[2016.03.20-00.04.02:151][603]LogEditorViewport: Clicking on Actor (CTRL LMB): BP_Sky_Sphere_C (SkySphereBlueprint)
[2016.03.20-00.04.03:273][736]Cmd: TRANSACTION UNDO
[2016.03.20-00.04.03:273][736]LogEditorTransaction: Undo Clicking on Actors
[2016.03.20-00.04.04:570][870]LogEditorViewport: Clicking on Actor (CTRL LMB): BP_Sky_Sphere_C (SkySphereBlueprint)
[2016.03.20-00.04.05:588][990]Cmd: TRANSACTION UNDO
[2016.03.20-00.04.05:588][990]LogEditorTransaction: Undo Clicking on Actors
[2016.03.20-00.04.06:970][155]LogEditorViewport: Clicking on Actor (CTRL LMB): BP_Sky_Sphere_C (SkySphereBlueprint)
[2016.03.20-00.04.11:587][706]LogEditorViewport: Clicking on Actor (CTRL LMB): StaticMeshActor (Cube)
[2016.03.20-00.04.16:915][327]Cmd: TRANSACTION UNDO
[2016.03.20-00.04.16:915][327]LogEditorTransaction: Undo Scale Actors
[2016.03.20-00.04.16:930][327]LogActorComponent: ~FComponentReregisterContext: (/Game/Hotel/Levels/World.World:PersistentLevel.Lobby_haunted2_4.StaticMeshComponent0) Component already registered.
[2016.03.20-00.04.18:615][497]LogEditorViewport: Clicking on Actor (LMB): StaticMeshActor (Cube)
[2016.03.20-00.04.21:328][819]LogEditorViewport: Clicking on Actor (CTRL LMB): StaticMeshActor (guest_floor_haunted)
[2016.03.20-00.04.22:093][907]LogEditorViewport: Clicking on Actor (CTRL LMB): StaticMeshActor (Lobby_haunted2)
[2016.03.20-00.04.25:330][291]LogEditorViewport: Clicking on Actor (CTRL LMB): NavMeshBoundsVolume (NavMeshBoundsVolume)
[2016.03.20-00.04.33:198][218]Cmd: TRANSACTION UNDO
[2016.03.20-00.04.33:198][218]LogEditorTransaction: Undo Scale Actors
[2016.03.20-00.04.33:213][218]LogActorComponent: ~FComponentReregisterContext: (/Game/Hotel/Levels/World.World:PersistentLevel.GhostRoomBoundary_C_0.CollisionComp) Component already registered.
[2016.03.20-00.04.34:540][345]LogEditorViewport: Clicking on Actor (LMB): StaticMeshActor (Cube)
[2016.03.20-00.04.34:887][383]LogEditorViewport: Clicking on Actor (LMB): StaticMeshActor (guest_floor_haunted)
[2016.03.20-00.04.36:049][518]LogEditorViewport: Clicking on Actor (CTRL LMB): StaticMeshActor (Lobby_haunted2)
[2016.03.20-00.04.36:689][590]LogEditorViewport: Clicking on Actor (CTRL LMB): StaticMeshActor (Cube)
[2016.03.20-00.04.38:443][797]LogEditorViewport: Clicking on Actor (CTRL LMB): NavMeshBoundsVolume (NavMeshBoundsVolume)
[2016.03.20-00.04.46:512][735]LogEditorViewport: Clicking on Actor (LMB): PlayerStart (PlayerStart)
[2016.03.20-00.04.50:197][174]LogNavigationPoint: PostEditMove Clear paths rebuilt
[2016.03.20-00.04.52:327][428]LogNavigationPoint: PostEditMove Clear paths rebuilt
[2016.03.20-00.04.53:156][526]LogNavigationPoint: PostEditMove Clear paths rebuilt
[2016.03.20-00.04.54:386][672]LogNavigationPoint: PostEditMove Clear paths rebuilt
[2016.03.20-00.04.55:534][808]LogNavigationPoint: PostEditMove Clear paths rebuilt
[2016.03.20-00.04.57:104][995]LogNavigationPoint: PostEditMove Clear paths rebuilt
[2016.03.20-00.04.58:244][129]LogBlueprintUserMessages: Early PlayInEditor Detection: Level '/Game/Hotel/Levels/World.World:PersistentLevel' has LevelScriptBlueprint '/Game/Hotel/Levels/World.World:PersistentLevel.World' with GeneratedClass '/Game/Hotel/Levels/World.World_C' with ClassGeneratedBy '/Game/Hotel/Levels/World.World:PersistentLevel.World'
[2016.03.20-00.04.58:244][129]LogPlayLevel: PlayLevel: No blueprints needed recompiling
[2016.03.20-00.04.58:244][129]PIE: New page: PIE session: World (Mar 19, 2016, 4:04:58 PM)
[2016.03.20-00.04.58:244][129]LogPlayLevel: Creating play world package: /Game/Hotel/Levels/UEDPIE_0_World
[2016.03.20-00.04.58:271][129]LogPlayLevel: PIE: StaticDuplicateObject took: (0.027047s)
[2016.03.20-00.04.58:272][129]LogAIModule: Creating AISystem for world World
[2016.03.20-00.04.58:272][129]LogPlayLevel: PIE: World Init took: (0.000682s)
[2016.03.20-00.04.58:272][129]LogPlayLevel: PIE: Created PIE world by copying editor world from /Game/Hotel/Levels/World.World to /Game/Hotel/Levels/UEDPIE_0_World.World (0.027943s)
[2016.03.20-00.04.58:292][129]LogInit: XAudio2 using 'Speakers (Realtek High Definition Audio)' : 2 channels at 48 kHz using 32 bits per sample (channel mask 0x3)
[2016.03.20-00.04.58:300][129]LogInit: FAudioDevice initialized.
[2016.03.20-00.04.58:371][129]LogWorld: Game class is 'FirstPersonGameMode_C'
[2016.03.20-00.04.58:377][129]LogWorld: Bringing World /Game/Hotel/Levels/UEDPIE_0_World.World up for play (max tick rate 0) at 2016.03.19-20.04.58
[2016.03.20-00.04.58:378][129]LogActor:Warning: GameSession /Game/Hotel/Levels/UEDPIE_0_World.World:PersistentLevel.GameSession_1 has natively added scene component(s), but none of them were set as the actor's RootComponent - picking one arbitrarily
[2016.03.20-00.04.58:378][129]LogActor:Warning: GameNetworkManager /Game/Hotel/Levels/UEDPIE_0_World.World:PersistentLevel.GameNetworkManager_1 has natively added scene component(s), but none of them were set as the actor's RootComponent - picking one arbitrarily
[2016.03.20-00.04.58:379][129]LogWorld: Bringing up level for play took: 0.006491
[2016.03.20-00.04.58:392][129]PIE: Info Play in editor start time for /Game/Hotel/Levels/UEDPIE_0_World -0.805
[2016.03.20-00.04.58:392][129]LogBlueprintUserMessages: Late PlayInEditor Detection: Level '/Game/Hotel/Levels/World.World:PersistentLevel' has LevelScriptBlueprint '/Game/Hotel/Levels/World.World:PersistentLevel.World' with GeneratedClass '/Game/Hotel/Levels/World.World_C' with ClassGeneratedBy '/Game/Hotel/Levels/World.World:PersistentLevel.World'
[2016.03.20-00.05.16:877][941]LogBlueprintUserMessages: Early EndPlayMap Detection: Level '/Game/Hotel/Levels/World.World:PersistentLevel' has LevelScriptBlueprint '/Game/Hotel/Levels/World.World:PersistentLevel.World' with GeneratedClass '/Game/Hotel/Levels/World.World_C' with ClassGeneratedBy '/Game/Hotel/Levels/World.World:PersistentLevel.World'
[2016.03.20-00.05.16:932][941]LogBlueprintUserMessages: Late EndPlayMap Detection: Level '/Game/Hotel/Levels/World.World:PersistentLevel' has LevelScriptBlueprint '/Game/Hotel/Levels/World.World:PersistentLevel.World' with GeneratedClass '/Game/Hotel/Levels/World.World_C' with ClassGeneratedBy '/Game/Hotel/Levels/World.World:PersistentLevel.World'
[2016.03.20-00.05.16:974][942]LogParticles: Destroying 0 GPU particle simulations for FXSystem 0x000001B9D34325C0
[2016.03.20-00.05.18:357][106]Cmd: TRANSACTION UNDO
[2016.03.20-00.05.18:357][106]LogEditorTransaction: Undo Move Actors
[2016.03.20-00.05.18:766][141]Cmd: TRANSACTION UNDO
[2016.03.20-00.05.18:766][141]LogEditorTransaction: Undo Move Actors
[2016.03.20-00.05.19:138][179]Cmd: TRANSACTION UNDO
[2016.03.20-00.05.19:138][179]LogEditorTransaction: Undo Move Actors
[2016.03.20-00.05.19:464][218]Cmd: TRANSACTION UNDO
[2016.03.20-00.05.19:464][218]LogEditorTransaction: Undo Move Actors
[2016.03.20-00.05.19:773][255]Cmd: TRANSACTION UNDO
[2016.03.20-00.05.19:773][255]LogEditorTransaction: Undo Move Actors
[2016.03.20-00.05.20:133][298]Cmd: TRANSACTION UNDO
[2016.03.20-00.05.20:133][298]LogEditorTransaction: Undo Move Actors
[2016.03.20-00.05.20:476][339]Cmd: TRANSACTION UNDO
[2016.03.20-00.05.20:476][339]LogEditorTransaction: Undo Clicking on Actors
[2016.03.20-00.05.28:270][246]LogEditorViewport: Clicking on Actor (LMB): BP_Sky_Sphere_C (SkySphereBlueprint)
[2016.03.20-00.05.29:092][342]LogEditorViewport: Clicking on Actor (LMB): PlayerStart (PlayerStart)
[2016.03.20-00.05.31:383][614]LogNavigationPoint: PostEditMove Clear paths rebuilt
[2016.03.20-00.05.32:683][768]LogNavigationPoint: PostEditMove Clear paths rebuilt
[2016.03.20-00.05.33:654][883]LogNavigationPoint: PostEditMove Clear paths rebuilt
[2016.03.20-00.05.36:024][166]LogNavigationPoint: PostEditMove Clear paths rebuilt
[2016.03.20-00.05.37:312][319]LogNavigationPoint: PostEditMove Clear paths rebuilt
[2016.03.20-00.05.39:326][559]LogNavigationPoint: PostEditMove Clear paths rebuilt
[2016.03.20-00.05.40:254][669]LogNavigationPoint: PostEditMove Clear paths rebuilt
[2016.03.20-00.05.40:911][745]LogBlueprintUserMessages: Early PlayInEditor Detection: Level '/Game/Hotel/Levels/World.World:PersistentLevel' has LevelScriptBlueprint '/Game/Hotel/Levels/World.World:PersistentLevel.World' with GeneratedClass '/Game/Hotel/Levels/World.World_C' with ClassGeneratedBy '/Game/Hotel/Levels/World.World:PersistentLevel.World'
[2016.03.20-00.05.40:911][745]LogPlayLevel: PlayLevel: No blueprints needed recompiling
[2016.03.20-00.05.40:911][745]PIE: New page: PIE session: World (Mar 19, 2016, 4:05:40 PM)
[2016.03.20-00.05.40:911][745]LogPlayLevel: Creating play world package: /Game/Hotel/Levels/UEDPIE_0_World
[2016.03.20-00.05.40:940][745]LogPlayLevel: PIE: StaticDuplicateObject took: (0.029059s)
[2016.03.20-00.05.40:941][745]LogAIModule: Creating AISystem for world World
[2016.03.20-00.05.40:941][745]LogPlayLevel: PIE: World Init took: (0.001094s)
[2016.03.20-00.05.40:942][745]LogPlayLevel: PIE: Created PIE world by copying editor world from /Game/Hotel/Levels/World.World to /Game/Hotel/Levels/UEDPIE_0_World.World (0.030419s)
[2016.03.20-00.05.40:966][745]LogInit: XAudio2 using 'Speakers (Realtek High Definition Audio)' : 2 channels at 48 kHz using 32 bits per sample (channel mask 0x3)
[2016.03.20-00.05.40:973][745]LogInit: FAudioDevice initialized.
[2016.03.20-00.05.41:037][745]LogWorld: Game class is 'FirstPersonGameMode_C'
[2016.03.20-00.05.41:043][745]LogWorld: Bringing World /Game/Hotel/Levels/UEDPIE_0_World.World up for play (max tick rate 0) at 2016.03.19-20.05.41
[2016.03.20-00.05.41:043][745]LogActor:Warning: GameSession /Game/Hotel/Levels/UEDPIE_0_World.World:PersistentLevel.GameSession_2 has natively added scene component(s), but none of them were set as the actor's RootComponent - picking one arbitrarily
[2016.03.20-00.05.41:044][745]LogActor:Warning: GameNetworkManager /Game/Hotel/Levels/UEDPIE_0_World.World:PersistentLevel.GameNetworkManager_2 has natively added scene component(s), but none of them were set as the actor's RootComponent - picking one arbitrarily
[2016.03.20-00.05.41:045][745]LogWorld: Bringing up level for play took: 0.007141
[2016.03.20-00.05.41:061][745]PIE: Info Play in editor start time for /Game/Hotel/Levels/UEDPIE_0_World -0.136
[2016.03.20-00.05.41:061][745]LogBlueprintUserMessages: Late PlayInEditor Detection: Level '/Game/Hotel/Levels/World.World:PersistentLevel' has LevelScriptBlueprint '/Game/Hotel/Levels/World.World:PersistentLevel.World' with GeneratedClass '/Game/Hotel/Levels/World.World_C' with ClassGeneratedBy '/Game/Hotel/Levels/World.World:PersistentLevel.World'
[2016.03.20-00.06.39:764][776]LogBlueprintUserMessages: Early EndPlayMap Detection: Level '/Game/Hotel/Levels/World.World:PersistentLevel' has LevelScriptBlueprint '/Game/Hotel/Levels/World.World:PersistentLevel.World' with GeneratedClass '/Game/Hotel/Levels/World.World_C' with ClassGeneratedBy '/Game/Hotel/Levels/World.World:PersistentLevel.World'
[2016.03.20-00.06.39:808][776]LogBlueprintUserMessages: Late EndPlayMap Detection: Level '/Game/Hotel/Levels/World.World:PersistentLevel' has LevelScriptBlueprint '/Game/Hotel/Levels/World.World:PersistentLevel.World' with GeneratedClass '/Game/Hotel/Levels/World.World_C' with ClassGeneratedBy '/Game/Hotel/Levels/World.World:PersistentLevel.World'
[2016.03.20-00.06.39:843][777]LogParticles: Destroying 0 GPU particle simulations for FXSystem 0x000001B983058A40
[2016.03.20-00.06.45:989][493]LogEditorViewport: Clicking on Actor (LMB): Emitter (Fog_Steam2)
[2016.03.20-00.06.46:931][602]Cmd: DELETE
[2016.03.20-00.06.46:931][602]Cmd: ACTOR DELETE
[2016.03.20-00.06.46:932][602]LogEditorActor: Deleted Actor: Emitter
[2016.03.20-00.06.46:944][602]LogEditorActor: Deleted 1 Actors (0.013 secs)
[2016.03.20-00.06.47:745][698]LogEditorViewport: Clicking on Actor (LMB): Emitter (Fog_Steam3)
[2016.03.20-00.06.48:274][759]Cmd: DELETE
[2016.03.20-00.06.48:274][759]Cmd: ACTOR DELETE
[2016.03.20-00.06.48:275][759]LogEditorActor: Deleted Actor: Emitter
[2016.03.20-00.06.48:287][759]LogEditorActor: Deleted 1 Actors (0.012 secs)
[2016.03.20-00.06.50:679][ 45]LogEditorViewport: Clicking on Actor (LMB): Emitter (Dust)
[2016.03.20-00.07.11:614][520]LogEditorViewport: Clicking on Actor (LMB): PointLight (PointLight)
[2016.03.20-00.07.32:085][937]LogEditorViewport: Clicking on Actor (LMB): PointLight (PointLight2)
[2016.03.20-00.08.00:984][348]Cmd: OBJ SAVEPACKAGE PACKAGE="/Game/Hotel/Levels/World" FILE="../../../../../../Users/MrrBond/Documents/GitHub/HotelBete/Content/Hotel/Levels/World.umap" SILENT=true AUTOSAVING=false KEEPDIRTY=false
[2016.03.20-00.08.01:985][348]LogSavePackage: Save=946.064819ms
[2016.03.20-00.08.01:985][348]LogSavePackage: Moving '../../../../../../Users/MrrBond/Documents/GitHub/HotelBete/Saved/WorldC9069DDA42ADF4A3DD5ADF9B1E6DE4E3.tmp' to '../../../../../../Users/MrrBond/Documents/GitHub/HotelBete/Content/Hotel/Levels/World.umap'
[2016.03.20-00.08.01:991][348]LogSavePackage: Total save time: 991.427664ms
[2016.03.20-00.08.01:991][348]LogSavePackage:Display: Finished SavePackage ../../../../../../Users/MrrBond/Documents/GitHub/HotelBete/Content/Hotel/Levels/World.umap
[2016.03.20-00.08.02:019][348]LogFileHelpers: Saving map 'World' took 1.120
[2016.03.20-00.08.14:618][504]LogBlueprintUserMessages: Early PlayInEditor Detection: Level '/Game/Hotel/Levels/World.World:PersistentLevel' has LevelScriptBlueprint '/Game/Hotel/Levels/World.World:PersistentLevel.World' with GeneratedClass '/Game/Hotel/Levels/World.World_C' with ClassGeneratedBy '/Game/Hotel/Levels/World.World:PersistentLevel.World'
[2016.03.20-00.08.14:618][504]LogPlayLevel: PlayLevel: No blueprints needed recompiling
[2016.03.20-00.08.14:618][504]PIE: New page: PIE session: World (Mar 19, 2016, 4:08:14 PM)
[2016.03.20-00.08.14:618][504]LogPlayLevel: Creating play world package: /Game/Hotel/Levels/UEDPIE_0_World
[2016.03.20-00.08.14:647][504]LogPlayLevel: PIE: StaticDuplicateObject took: (0.028444s)
[2016.03.20-00.08.14:648][504]LogAIModule: Creating AISystem for world World
[2016.03.20-00.08.14:648][504]LogPlayLevel: PIE: World Init took: (0.001269s)
[2016.03.20-00.08.14:649][504]LogPlayLevel: PIE: Created PIE world by copying editor world from /Game/Hotel/Levels/World.World to /Game/Hotel/Levels/UEDPIE_0_World.World (0.030056s)
[2016.03.20-00.08.14:671][504]LogInit: XAudio2 using 'Speakers (Realtek High Definition Audio)' : 2 channels at 48 kHz using 32 bits per sample (channel mask 0x3)
[2016.03.20-00.08.14:679][504]LogInit: FAudioDevice initialized.
[2016.03.20-00.08.14:739][504]LogWorld: Game class is 'FirstPersonGameMode_C'
[2016.03.20-00.08.14:746][504]LogWorld: Bringing World /Game/Hotel/Levels/UEDPIE_0_World.World up for play (max tick rate 0) at 2016.03.19-20.08.14
[2016.03.20-00.08.14:746][504]LogActor:Warning: GameSession /Game/Hotel/Levels/UEDPIE_0_World.World:PersistentLevel.GameSession_3 has natively added scene component(s), but none of them were set as the actor's RootComponent - picking one arbitrarily
[2016.03.20-00.08.14:746][504]LogActor:Warning: GameNetworkManager /Game/Hotel/Levels/UEDPIE_0_World.World:PersistentLevel.GameNetworkManager_3 has natively added scene component(s), but none of them were set as the actor's RootComponent - picking one arbitrarily
[2016.03.20-00.08.14:747][504]LogWorld: Bringing up level for play took: 0.006376
[2016.03.20-00.08.14:773][504]PIE: Info Play in editor start time for /Game/Hotel/Levels/UEDPIE_0_World -0.424
[2016.03.20-00.08.14:773][504]LogBlueprintUserMessages: Late PlayInEditor Detection: Level '/Game/Hotel/Levels/World.World:PersistentLevel' has LevelScriptBlueprint '/Game/Hotel/Levels/World.World:PersistentLevel.World' with GeneratedClass '/Game/Hotel/Levels/World.World_C' with ClassGeneratedBy '/Game/Hotel/Levels/World.World:PersistentLevel.World'
[2016.03.20-00.08.52:725][870]LogBlueprintUserMessages: Early EndPlayMap Detection: Level '/Game/Hotel/Levels/World.World:PersistentLevel' has LevelScriptBlueprint '/Game/Hotel/Levels/World.World:PersistentLevel.World' with GeneratedClass '/Game/Hotel/Levels/World.World_C' with ClassGeneratedBy '/Game/Hotel/Levels/World.World:PersistentLevel.World'
[2016.03.20-00.08.52:775][870]LogBlueprintUserMessages: Late EndPlayMap Detection: Level '/Game/Hotel/Levels/World.World:PersistentLevel' has LevelScriptBlueprint '/Game/Hotel/Levels/World.World:PersistentLevel.World' with GeneratedClass '/Game/Hotel/Levels/World.World_C' with ClassGeneratedBy '/Game/Hotel/Levels/World.World:PersistentLevel.World'
[2016.03.20-00.08.52:790][870]LogParticles: Destroying 0 GPU particle simulations for FXSystem 0x000001B9D2D78180
[2016.03.20-00.08.57:289][405]MapCheck: New page: Map Check
[2016.03.20-00.08.57:314][405]Cmd: MAP REBUILD ALLVISIBLE
[2016.03.20-00.08.57:314][405]LogEditorServer: Rebuildmap Clear paths rebuilt
[2016.03.20-00.08.57:357][405]MapCheck:Warning: Warning WorldSettings Hierarchical LOD System is disabled or no HLOD level settings available, unable to build LOD actors. 
[2016.03.20-00.08.57:357][405]LogStats:          STAT_HLOD_BuildClusters - 14.488 ms
[2016.03.20-00.08.57:438][405]LightingResults: New page: Lighting Build - Mar 19, 2016, 4:08:57 PM
[2016.03.20-00.09.02:130][405]LogEditorBuildUtils: Build time 0:00:04
[2016.03.20-00.09.05:773][823]MapCheck: New page: Map Check
[2016.03.20-00.09.05:781][823]Cmd: MAP REBUILD ALLVISIBLE
[2016.03.20-00.09.05:781][823]LogEditorServer: Rebuildmap Clear paths rebuilt
[2016.03.20-00.09.05:807][823]LightingResults: New page: Lighting Build - Mar 19, 2016, 4:09:05 PM
[2016.03.20-00.09.10:367][823]LogStaticLightingSystem: Running Lightmass w/ ImmediateImport mode ENABLED
[2016.03.20-00.09.10:367][823]LogStaticLightingSystem: Running Lightmass w/ ImmediateProcess mode ENABLED
[2016.03.20-00.09.10:367][823]LogStaticLightingSystem: Running Lightmass w/ Sorting mode ENABLED
[2016.03.20-00.09.10:367][823]LogStaticLightingSystem: Running Lightmass w/ Mapping paddings ENABLED
[2016.03.20-00.09.10:367][823]LogStaticLightingSystem: Running Lightmass w/ Mapping debug paddings DISABLED
[2016.03.20-00.09.10:525][823]LogEditorBuildUtils: Build time 0:00:04
[2016.03.20-00.09.10:568][823]LogMaterial: Missing cached shader map for material FLightmassMaterialRenderer MaterialInstanceDynamic_28, compiling. 
[2016.03.20-00.09.15:207][844]LightingResults:Error: Error guest_floor_haunted Object has overlapping UVs.
[2016.03.20-00.09.15:207][844]LightingResults: Info guest_floor_haunted Lightmap UV are overlapping by 87.5%. Please adjust content - Enable Error Coloring to visualize.
[2016.03.20-00.09.16:206][847]LightingResults:Error: Error guest_floor_haunted Object has overlapping UVs.
[2016.03.20-00.09.16:206][847]LightingResults: Info guest_floor_haunted Lightmap UV are overlapping by 6.8%. Please adjust content - Enable Error Coloring to visualize.
[2016.03.20-00.09.18:540][854]LightingResults:Error: Error Lobby_haunted Object has overlapping UVs.
[2016.03.20-00.09.18:540][854]LightingResults: Info Lobby_haunted Lightmap UV are overlapping by 96.2%. Please adjust content - Enable Error Coloring to visualize.
[2016.03.20-00.09.30:541][890]Job is a success!
[2016.03.20-00.09.32:293][891]LogTexture:Display: Building textures: SkyOcclusion0_1 (AutoDXT)
[2016.03.20-00.09.32:473][891]LogTexture:Display: Building textures: LQ_Lightmap_0_12 (DXT1)
[2016.03.20-00.09.32:476][891]LogTexture:Display: Building textures: HQ_Lightmap0_12 (AutoDXT)
[2016.03.20-00.09.32:477][891]LogTexture:Display: Building textures: SkyOcclusion0_12 (AutoDXT)
[2016.03.20-00.09.32:479][891]LogTexture:Display: Building textures: LQ_Lightmap_0_11 (DXT1)
[2016.03.20-00.09.32:484][891]LogTexture:Display: Building textures: HQ_Lightmap0_11 (AutoDXT)
[2016.03.20-00.09.32:492][891]LogTexture:Display: Building textures: SkyOcclusion0_11 (AutoDXT)
[2016.03.20-00.09.32:500][891]LogTexture:Display: Building textures: LQ_Lightmap_1_10 (DXT1)
[2016.03.20-00.09.32:505][891]LogTexture:Display: Building textures: HQ_Lightmap1_10 (AutoDXT)
[2016.03.20-00.09.32:506][891]LogTexture:Display: Building textures: SkyOcclusion1_10 (AutoDXT)
[2016.03.20-00.09.32:512][891]LogTexture:Display: Building textures: LQ_Lightmap_0_9 (DXT1)
[2016.03.20-00.09.32:518][891]LogTexture:Display: Building textures: HQ_Lightmap0_9 (AutoDXT)
[2016.03.20-00.09.32:527][891]LogTexture:Display: Building textures: SkyOcclusion0_9 (AutoDXT)
[2016.03.20-00.09.32:534][891]LogTexture:Display: Building textures: LQ_Lightmap_1_8 (DXT1)
[2016.03.20-00.09.32:536][891]LogTexture:Display: Building textures: HQ_Lightmap1_8 (AutoDXT)
[2016.03.20-00.09.32:541][891]LogTexture:Display: Building textures: SkyOcclusion1_8 (AutoDXT)
[2016.03.20-00.09.32:546][891]LogTexture:Display: Building textures: LQ_Lightmap_0_7 (DXT1)
[2016.03.20-00.09.32:548][891]LogTexture:Display: Building textures: HQ_Lightmap0_7 (AutoDXT)
[2016.03.20-00.09.32:551][891]LogTexture:Display: Building textures: SkyOcclusion0_7 (AutoDXT)
[2016.03.20-00.09.32:555][891]LogTexture:Display: Building textures: LQ_Lightmap_0_6 (DXT1)
[2016.03.20-00.09.32:565][891]LogTexture:Display: Building textures: HQ_Lightmap0_6 (AutoDXT)
[2016.03.20-00.09.32:574][891]LogTexture:Display: Building textures: SkyOcclusion0_6 (AutoDXT)
[2016.03.20-00.09.32:582][891]LogTexture:Display: Building textures: LQ_Lightmap_0_5 (DXT1)
[2016.03.20-00.09.32:583][891]LogTexture:Display: Building textures: HQ_Lightmap0_5 (AutoDXT)
[2016.03.20-00.09.32:591][891]LogTexture:Display: Building textures: SkyOcclusion0_5 (AutoDXT)
[2016.03.20-00.09.32:604][891]LogTexture:Display: Building textures: LQ_Lightmap_0_4 (DXT1)
[2016.03.20-00.09.32:812][891]LogTexture:Display: Building textures: HQ_Lightmap0_4 (AutoDXT)
[2016.03.20-00.09.33:228][891]LogTexture:Display: Building textures: SkyOcclusion0_4 (AutoDXT)
[2016.03.20-00.09.33:508][891]LogTexture:Display: Building textures: LQ_Lightmap_1_3 (DXT1)
[2016.03.20-00.09.33:707][891]LogTexture:Display: Building textures: HQ_Lightmap1_3 (AutoDXT)
[2016.03.20-00.09.34:026][891]LogTexture:Display: Building textures: SkyOcclusion1_3 (AutoDXT)
[2016.03.20-00.09.34:205][891]LogTexture:Display: Building textures: LQ_Lightmap_0_2 (DXT1)
[2016.03.20-00.09.34:400][891]LogTexture:Display: Building textures: HQ_Lightmap0_2 (AutoDXT)
[2016.03.20-00.09.34:878][891]LogTexture:Display: Building textures: SkyOcclusion0_2 (AutoDXT)
[2016.03.20-00.09.35:082][891]LogTexture:Display: Building textures: LQ_Lightmap_0_1 (DXT1)
[2016.03.20-00.09.35:272][891]LogTexture:Display: Building textures: HQ_Lightmap0_1 (AutoDXT)
[2016.03.20-00.09.35:956][891]LogTexture:Display: Building textures: ShadowMapTexture2D_0 (G8)
[2016.03.20-00.09.36:415][891]LogTexture:Display: Building textures: ShadowMapTexture2D_1 (G8)
[2016.03.20-00.09.36:874][891]LogTexture:Display: Building textures: ShadowMapTexture2D_2 (G8)
[2016.03.20-00.09.37:325][891]LogTexture:Display: Building textures: ShadowMapTexture2D_3 (G8)
[2016.03.20-00.09.37:394][891]LogTexture:Display: Building textures: ShadowMapTexture2D_4 (G8)
[2016.03.20-00.09.37:396][891]LogTexture:Display: Building textures: ShadowMapTexture2D_5 (BGRA8)
[2016.03.20-00.09.37:399][891]LogTexture:Display: Building textures: ShadowMapTexture2D_6 (BGRA8)
[2016.03.20-00.09.37:401][891]LogTexture:Display: Building textures: ShadowMapTexture2D_7 (G8)
[2016.03.20-00.09.37:405][891]LogTexture:Display: Building textures: ShadowMapTexture2D_8 (BGRA8)
[2016.03.20-00.09.37:408][891]LogTexture:Display: Building textures: ShadowMapTexture2D_9 (G8)
[2016.03.20-00.09.37:411][891]LogTexture:Display: Building textures: ShadowMapTexture2D_10 (G8)
[2016.03.20-00.09.37:412][891]LogTexture:Display: Building textures: ShadowMapTexture2D_11 (G8)
[2016.03.20-00.09.37:435][891]Lightmass on MRRBOND-PC: 25.8 sec total, 289 ms importing, 176 ms setup, 1.27 sec photons, 24.0 sec processing, 0 ms extra exporting [12/12 mappings]. Threads: 2:48 min total, 58.8 sec processing.
[2016.03.20-00.09.37:492][891]LogStaticLightingSystem: Illumination: 31.3 sec (6.20 sec encoding lightmaps)
[2016.03.20-00.09.37:492][891]LogStaticLightingSystem: Lightmap texture memory:  21.5 MB (21.5 MB streaming, 0.0 MB non-streaming), 24 textures
[2016.03.20-00.09.37:492][891]LogStaticLightingSystem: Shadowmap texture memory: 10.8 MB (10.8 MB streaming, 0.0 MB non-streaming), 12 textures
[2016.03.20-00.09.38:407][892]Cmd: MAP CHECK NOTIFYRESULTS
[2016.03.20-00.09.38:407][892]MapCheck: New page: World - Mar 19, 2016, 4:09:38 PM
[2016.03.20-00.09.38:419][892]MapCheck:Error: Error Lobby__Ceiling_haunted_7 Component is a static type but has invalid lightmap settings!  Indirect lighting will be black.  Common causes are lightmap resolution of 0, LightmapCoordinateIndex out of bounds. 
[2016.03.20-00.09.38:419][892]MapCheck:Warning: Warning Lobby__Ceiling_haunted_7 Static mesh actor has NULL StaticMesh property 
[2016.03.20-00.09.38:419][892]MapCheck:Warning: Warning Lobby__Ceiling_haunted_7 Static mesh actor has NULL StaticMesh property 
[2016.03.20-00.09.38:420][892]MapCheck:Error: Error Lobby_haunted_4 Component is a static type but has invalid lightmap settings!  Indirect lighting will be black.  Common causes are lightmap resolution of 0, LightmapCoordinateIndex out of bounds. 
[2016.03.20-00.09.38:420][892]MapCheck:Warning: Warning Lobby_haunted_4 Static mesh actor has NULL StaticMesh property 
[2016.03.20-00.09.38:420][892]MapCheck:Warning: Warning Lobby_haunted_4 Static mesh actor has NULL StaticMesh property 
[2016.03.20-00.09.38:526][892]MapCheck: Info Map check complete: 2 Error(s), 4 Warning(s), took 119.047ms to complete.
[2016.03.20-00.09.50:183][191]LogBlueprintUserMessages: Early PlayInEditor Detection: Level '/Game/Hotel/Levels/World.World:PersistentLevel' has LevelScriptBlueprint '/Game/Hotel/Levels/World.World:PersistentLevel.World' with GeneratedClass '/Game/Hotel/Levels/World.World_C' with ClassGeneratedBy '/Game/Hotel/Levels/World.World:PersistentLevel.World'
[2016.03.20-00.09.50:183][191]LogPlayLevel: PlayLevel: No blueprints needed recompiling
[2016.03.20-00.09.50:183][191]PIE: New page: PIE session: World (Mar 19, 2016, 4:09:50 PM)
[2016.03.20-00.09.50:183][191]LogPlayLevel: Creating play world package: /Game/Hotel/Levels/UEDPIE_0_World
[2016.03.20-00.09.50:210][191]LogPlayLevel: PIE: StaticDuplicateObject took: (0.027431s)
[2016.03.20-00.09.50:211][191]LogAIModule: Creating AISystem for world World
[2016.03.20-00.09.50:211][191]LogPlayLevel: PIE: World Init took: (0.001241s)
[2016.03.20-00.09.50:212][191]LogPlayLevel: PIE: Created PIE world by copying editor world from /Game/Hotel/Levels/World.World to /Game/Hotel/Levels/UEDPIE_0_World.World (0.028972s)
[2016.03.20-00.09.50:230][191]LogInit: XAudio2 using 'Speakers (Realtek High Definition Audio)' : 2 channels at 48 kHz using 32 bits per sample (channel mask 0x3)
[2016.03.20-00.09.50:238][191]LogInit: FAudioDevice initialized.
[2016.03.20-00.09.50:308][191]LogWorld: Game class is 'FirstPersonGameMode_C'
[2016.03.20-00.09.50:314][191]LogWorld: Bringing World /Game/Hotel/Levels/UEDPIE_0_World.World up for play (max tick rate 0) at 2016.03.19-20.09.50
[2016.03.20-00.09.50:314][191]LogActor:Warning: GameSession /Game/Hotel/Levels/UEDPIE_0_World.World:PersistentLevel.GameSession_4 has natively added scene component(s), but none of them were set as the actor's RootComponent - picking one arbitrarily
[2016.03.20-00.09.50:314][191]LogActor:Warning: GameNetworkManager /Game/Hotel/Levels/UEDPIE_0_World.World:PersistentLevel.GameNetworkManager_4 has natively added scene component(s), but none of them were set as the actor's RootComponent - picking one arbitrarily
[2016.03.20-00.09.50:315][191]LogWorld: Bringing up level for play took: 0.006418
[2016.03.20-00.09.50:329][191]PIE: Info Play in editor start time for /Game/Hotel/Levels/UEDPIE_0_World 1.132
[2016.03.20-00.09.50:329][191]LogBlueprintUserMessages: Late PlayInEditor Detection: Level '/Game/Hotel/Levels/World.World:PersistentLevel' has LevelScriptBlueprint '/Game/Hotel/Levels/World.World:PersistentLevel.World' with GeneratedClass '/Game/Hotel/Levels/World.World_C' with ClassGeneratedBy '/Game/Hotel/Levels/World.World:PersistentLevel.World'
[2016.03.20-00.10.23:236][103]LogBlueprintUserMessages: Early EndPlayMap Detection: Level '/Game/Hotel/Levels/World.World:PersistentLevel' has LevelScriptBlueprint '/Game/Hotel/Levels/World.World:PersistentLevel.World' with GeneratedClass '/Game/Hotel/Levels/World.World_C' with ClassGeneratedBy '/Game/Hotel/Levels/World.World:PersistentLevel.World'
[2016.03.20-00.10.23:282][103]LogBlueprintUserMessages: Late EndPlayMap Detection: Level '/Game/Hotel/Levels/World.World:PersistentLevel' has LevelScriptBlueprint '/Game/Hotel/Levels/World.World:PersistentLevel.World' with GeneratedClass '/Game/Hotel/Levels/World.World_C' with ClassGeneratedBy '/Game/Hotel/Levels/World.World:PersistentLevel.World'
[2016.03.20-00.10.23:316][104]LogParticles: Destroying 0 GPU particle simulations for FXSystem 0x000001B9D2EF2660
[2016.03.20-00.10.25:844][405]LogEditorViewport: Clicking on Actor (LMB): PointLight (PointLight)
[2016.03.20-00.10.29:524][843]Cmd: TRANSACTION UNDO
[2016.03.20-00.10.29:524][843]LogEditorTransaction: Undo Edit Intensity
[2016.03.20-00.10.31:182][ 23]LogEditorViewport: Clicking on Actor (LMB): PointLight (PointLight2)
[2016.03.20-00.10.33:795][334]Cmd: TRANSACTION UNDO
[2016.03.20-00.10.33:795][334]LogEditorTransaction: Undo Edit Intensity
[2016.03.20-00.10.35:542][524]LogEditorViewport: Clicking on Actor (LMB): PointLight (PointLight)
[2016.03.20-00.10.38:825][914]Cmd: TRANSACTION UNDO
[2016.03.20-00.10.38:826][914]LogEditorTransaction: Undo Edit Intensity
[2016.03.20-00.10.40:459][ 89]LogBlueprintUserMessages: Early PlayInEditor Detection: Level '/Game/Hotel/Levels/World.World:PersistentLevel' has LevelScriptBlueprint '/Game/Hotel/Levels/World.World:PersistentLevel.World' with GeneratedClass '/Game/Hotel/Levels/World.World_C' with ClassGeneratedBy '/Game/Hotel/Levels/World.World:PersistentLevel.World'
[2016.03.20-00.10.40:459][ 89]LogPlayLevel: PlayLevel: No blueprints needed recompiling
[2016.03.20-00.10.40:459][ 89]PIE: New page: PIE session: World (Mar 19, 2016, 4:10:40 PM)
[2016.03.20-00.10.40:460][ 89]LogPlayLevel: Creating play world package: /Game/Hotel/Levels/UEDPIE_0_World
[2016.03.20-00.10.40:499][ 89]LogPlayLevel: PIE: StaticDuplicateObject took: (0.039437s)
[2016.03.20-00.10.40:500][ 89]LogAIModule: Creating AISystem for world World
[2016.03.20-00.10.40:500][ 89]LogPlayLevel: PIE: World Init took: (0.001171s)
[2016.03.20-00.10.40:501][ 89]LogPlayLevel: PIE: Created PIE world by copying editor world from /Game/Hotel/Levels/World.World to /Game/Hotel/Levels/UEDPIE_0_World.World (0.040912s)
[2016.03.20-00.10.40:525][ 89]LogInit: XAudio2 using 'Speakers (Realtek High Definition Audio)' : 2 channels at 48 kHz using 32 bits per sample (channel mask 0x3)
[2016.03.20-00.10.40:533][ 89]LogInit: FAudioDevice initialized.
[2016.03.20-00.10.40:607][ 89]LogWorld: Game class is 'FirstPersonGameMode_C'
[2016.03.20-00.10.40:613][ 89]LogWorld: Bringing World /Game/Hotel/Levels/UEDPIE_0_World.World up for play (max tick rate 0) at 2016.03.19-20.10.40
[2016.03.20-00.10.40:613][ 89]LogActor:Warning: GameSession /Game/Hotel/Levels/UEDPIE_0_World.World:PersistentLevel.GameSession_5 has natively added scene component(s), but none of them were set as the actor's RootComponent - picking one arbitrarily
[2016.03.20-00.10.40:614][ 89]LogActor:Warning: GameNetworkManager /Game/Hotel/Levels/UEDPIE_0_World.World:PersistentLevel.GameNetworkManager_5 has natively added scene component(s), but none of them were set as the actor's RootComponent - picking one arbitrarily
[2016.03.20-00.10.40:614][ 89]LogWorld: Bringing up level for play took: 0.005806
[2016.03.20-00.10.40:628][ 89]PIE: Info Play in editor start time for /Game/Hotel/Levels/UEDPIE_0_World -0.568
[2016.03.20-00.10.40:628][ 89]LogBlueprintUserMessages: Late PlayInEditor Detection: Level '/Game/Hotel/Levels/World.World:PersistentLevel' has LevelScriptBlueprint '/Game/Hotel/Levels/World.World:PersistentLevel.World' with GeneratedClass '/Game/Hotel/Levels/World.World_C' with ClassGeneratedBy '/Game/Hotel/Levels/World.World:PersistentLevel.World'
[2016.03.20-00.10.54:108][613]LogBlueprintUserMessages: Early EndPlayMap Detection: Level '/Game/Hotel/Levels/World.World:PersistentLevel' has LevelScriptBlueprint '/Game/Hotel/Levels/World.World:PersistentLevel.World' with GeneratedClass '/Game/Hotel/Levels/World.World_C' with ClassGeneratedBy '/Game/Hotel/Levels/World.World:PersistentLevel.World'
[2016.03.20-00.10.54:159][613]LogBlueprintUserMessages: Late EndPlayMap Detection: Level '/Game/Hotel/Levels/World.World:PersistentLevel' has LevelScriptBlueprint '/Game/Hotel/Levels/World.World:PersistentLevel.World' with GeneratedClass '/Game/Hotel/Levels/World.World_C' with ClassGeneratedBy '/Game/Hotel/Levels/World.World:PersistentLevel.World'
[2016.03.20-00.10.54:193][614]LogParticles: Destroying 0 GPU particle simulations for FXSystem 0x000001B9C58F5BC0
[2016.03.20-00.10.59:654][254]LogEditorViewport: Clicking on Actor (LMB): StaticMeshActor (Lobby_haunted2)
[2016.03.20-00.11.09:996][434]LogTexture:Warning: Failed to stream mip data from the derived data cache for /Game/Hotel/Levels/World.HQ_Lightmap1_1. Streaming mips will be recached.
[2016.03.20-00.11.10:007][434]LogTexture:Display: Building textures: HQ_Lightmap1_1 (AutoDXT)
[2016.03.20-00.11.10:410][440]LogEditorViewport: Clicking on Actor (LMB): BP_Sky_Sphere_C (SkySphereBlueprint)
[2016.03.20-00.11.15:641][ 58]LogEditorViewport: Clicking on Actor (LMB): StaticMeshActor (Floor)
[2016.03.20-00.11.17:077][226]LogEditorViewport: Clicking on Actor (LMB): Door_C (Door)
[2016.03.20-00.11.19:432][491]Cmd: OBJ SAVEPACKAGE PACKAGE="/Game/Hotel/Levels/World" FILE="../../../../../../Users/MrrBond/Documents/GitHub/HotelBete/Content/Hotel/Levels/World.umap" SILENT=true AUTOSAVING=false KEEPDIRTY=false
[2016.03.20-00.11.20:150][491]LogSavePackage: Save=701.528503ms
[2016.03.20-00.11.20:150][491]LogSavePackage: Moving '../../../../../../Users/MrrBond/Documents/GitHub/HotelBete/Saved/World5A31D6394158A69419EEDC8505A79198.tmp' to '../../../../../../Users/MrrBond/Documents/GitHub/HotelBete/Content/Hotel/Levels/World.umap'
[2016.03.20-00.11.20:154][491]LogSavePackage: Total save time: 710.209757ms
[2016.03.20-00.11.20:154][491]LogSavePackage:Display: Finished SavePackage ../../../../../../Users/MrrBond/Documents/GitHub/HotelBete/Content/Hotel/Levels/World.umap
[2016.03.20-00.11.20:177][491]LogFileHelpers: Saving map 'World' took 0.828
[2016.03.20-00.11.57:300][813]LogStaticMesh: Building static mesh Bed...
[2016.03.20-00.11.57:456][813]LogStaticMesh: Built static mesh [0.156378.2s] /Game/Hotel/Art/Models/Bed/Bed.Bed
[2016.03.20-00.11.57:665][813]LogTexture:Display: Building textures: Bed_redwood1_Normal_DirectX (BC5)
[2016.03.20-00.11.58:184][813]LogTexture:Display: Building textures: Bed_redwood1_Roughness (AutoDXT)
[2016.03.20-00.11.59:738][813]LogTexture:Display: Building textures: Bed_redwood1_Base_Color (AutoDXT)
[2016.03.20-00.12.02:514][813]LogTexture:Display: Building textures: Bed_Bed_redwood1_AmbientOcclusion (AutoDXT)
[2016.03.20-00.12.03:439][813]LogMaterial: Missing cached shader map for material bedmat, compiling. 
[2016.03.20-00.12.03:468][813]LogActorFactory: Actor Factory created Bed
[2016.03.20-00.12.03:474][813]LogActorFactory: Actor Factory created Bed
[2016.03.20-00.12.06:382][104]LogActorFactory: Actor Factory created Bed
[2016.03.20-00.12.07:440][229]LogActorFactory: Actor Factory created Bed
[2016.03.20-00.12.08:376][338]Cmd: TRANSACTION UNDO
[2016.03.20-00.12.08:376][338]LogEditorTransaction: Undo Create Actors
[2016.03.20-00.12.08:753][368]Cmd: TRANSACTION UNDO
[2016.03.20-00.12.08:753][368]LogEditorTransaction: Undo Create Actors
[2016.03.20-00.12.09:845][473]LogActorFactory: Actor Factory created Bed
[2016.03.20-00.12.10:327][529]LogActorFactory: Actor Factory created Bed
[2016.03.20-00.12.15:496][139]LogEditorViewport: Clicking on Actor (context menu): StaticMeshActor (Lobby_haunted2)
[2016.03.20-00.12.16:385][237]LogEditorViewport: Clicking on Actor (LMB): StaticMeshActor (Bed)
[2016.03.20-00.12.52:606][477]LogTexture:Display: Building textures: blinn1_Base_Color (AutoDXT)
[2016.03.20-00.12.53:381][477]LogTexture:Display: Building textures: blinn1_Normal_DirectX (BC5)
[2016.03.20-00.12.53:509][477]LogTexture:Display: Building textures: blinn1_Roughness (AutoDXT)
[2016.03.20-00.12.54:052][477]LogTexture:Display: Building textures: Book_blinn1_AmbientOcclusion (AutoDXT)
[2016.03.20-00.12.54:201][477]LogMaterial: Missing cached shader map for material bookMat, compiling. 
[2016.03.20-00.12.54:206][477]LogStaticMesh: Building static mesh Book...
[2016.03.20-00.12.54:221][477]LogStaticMesh: Built static mesh [0.014615.2s] /Game/Hotel/Art/Models/Book/Book.Book
[2016.03.20-00.12.54:249][477]LogActorFactory: Actor Factory created Book
[2016.03.20-00.12.54:438][497]LogActorFactory: Actor Factory created Book
[2016.03.20-00.13.12:853][653]LogTexture:Display: Building textures: blinn2_Base_Color (AutoDXT)
[2016.03.20-00.13.13:615][653]LogTexture:Display: Building textures: blinn2_Normal_DirectX (BC5)
[2016.03.20-00.13.13:746][653]LogTexture:Display: Building textures: blinn2_Roughness (AutoDXT)
[2016.03.20-00.13.14:122][653]LogTexture:Display: Building textures: Bookshelf_blinn2_AmbientOcclusion (AutoDXT)
[2016.03.20-00.13.14:313][653]LogMaterial: Missing cached shader map for material bookshelfMat, compiling. 
[2016.03.20-00.13.14:319][653]LogStaticMesh: Building static mesh Bookshelf...
[2016.03.20-00.13.14:337][653]LogStaticMesh: Built static mesh [0.018829.2s] /Game/Hotel/Art/Models/Bookshelf/Bookshelf.Bookshelf
[2016.03.20-00.13.14:352][653]LogActorFactory: Actor Factory created Bookshelf
[2016.03.20-00.13.15:867][814]LogActorFactory: Actor Factory created Bookshelf
[2016.03.20-00.13.46:618][446]LogStaticMesh: Building static mesh BrokenChair...
[2016.03.20-00.13.46:659][446]LogStaticMesh: Built static mesh [0.041378.2s] /Game/Hotel/Art/Models/Broken_Chair/BrokenChair.BrokenChair
[2016.03.20-00.13.46:668][446]LogMaterial: Missing cached shader map for material brokenChairMat, compiling. 
[2016.03.20-00.13.46:708][448]LogActorFactory: Actor Factory created BrokenChair
[2016.03.20-00.13.47:320][510]LogActorFactory: Actor Factory created BrokenChair
[2016.03.20-00.13.58:018][779]LogEditorViewport: Clicking on Actor (LMB): StaticMeshActor (guest_floor_haunted)
[2016.03.20-00.13.58:906][882]LogEditorViewport: Clicking on Actor (LMB): StaticMeshActor (BrokenChair)
[2016.03.20-00.14.15:323][793]LogTexture:Display: Building textures: Bust_blinn1_AmbientOcclusion (AutoDXT)
[2016.03.20-00.14.15:491][793]LogTexture:Display: Building textures: blinn1_Roughness (AutoDXT)
[2016.03.20-00.14.15:891][793]LogStaticMesh: Building static mesh Bust...
[2016.03.20-00.14.15:912][793]LogStaticMesh: Built static mesh [0.020904.2s] /Game/Hotel/Art/Models/BustAndNecklace/Bust.Bust
[2016.03.20-00.14.15:956][793]LogTexture:Display: Building textures: blinn1_Base_Color (AutoDXT)
[2016.03.20-00.14.16:682][793]LogTexture:Display: Building textures: blinn1_Normal_DirectX (BC5)
[2016.03.20-00.14.16:792][793]LogMaterial: Missing cached shader map for material bustMat, compiling. 
[2016.03.20-00.14.16:807][793]LogActorFactory: Actor Factory created Bust
[2016.03.20-00.14.16:813][793]LogActorFactory: Actor Factory created Bust
[2016.03.20-00.14.57:913][633]LogTexture:Display: Building textures: blinn1_Base_Color (AutoDXT)
[2016.03.20-00.14.58:525][633]LogTexture:Display: Building textures: blinn1_Metallic (AutoDXT)
[2016.03.20-00.14.58:741][633]LogTexture:Display: Building textures: blinn1_Normal_DirectX (BC5)
[2016.03.20-00.14.58:855][633]LogTexture:Display: Building textures: blinn1_Roughness (AutoDXT)
[2016.03.20-00.14.59:070][633]LogTexture:Display: Building textures: Necklace_blinn1_AmbientOcclusion (AutoDXT)
[2016.03.20-00.14.59:238][633]LogMaterial: Missing cached shader map for material Necklacemat, compiling. 
[2016.03.20-00.15.13:449][199]LogEditorViewport: Clicking on Actor (LMB): StaticMeshActor (Bust)
[2016.03.20-00.15.25:467][517]LogTexture:Display: Building textures: blinn1_Base_Color (AutoDXT)
[2016.03.20-00.15.28:199][517]LogTexture:Display: Building textures: blinn1_Metallic (AutoDXT)
[2016.03.20-00.15.28:709][517]LogTexture:Display: Building textures: blinn1_Normal_DirectX (BC5)
[2016.03.20-00.15.29:254][517]LogTexture:Display: Building textures: blinn1_Roughness (AutoDXT)
[2016.03.20-00.15.30:851][517]LogTexture:Display: Building textures: Desk_blinn1_AmbientOcclusion (AutoDXT)
[2016.03.20-00.15.31:533][517]LogMaterial: Missing cached shader map for material Deskmat, compiling. 
[2016.03.20-00.15.31:539][517]LogStaticMesh: Building static mesh Desk...
[2016.03.20-00.15.31:562][517]LogStaticMesh: Built static mesh [0.023445.2s] /Game/Hotel/Art/Models/Desk/Desk.Desk
[2016.03.20-00.15.31:579][517]LogActorFactory: Actor Factory created Desk
[2016.03.20-00.15.32:763][639]LogActorFactory: Actor Factory created Desk
[2016.03.20-00.15.36:794][ 97]LogActorFactory: Actor Factory created Desk
[2016.03.20-00.16.08:574][868]LogEditorViewport: Clicking on Actor (LMB): StaticMeshActor (BrokenChair)
[2016.03.20-00.16.20:422][267]LogEditorViewport: Clicking on Actor (LMB): StaticMeshActor (Desk)
[2016.03.20-00.16.24:260][720]LogEditorViewport: Clicking on Actor (LMB): StaticMeshActor (BrokenChair)
[2016.03.20-00.16.39:262][471]LogTexture:Display: Building textures: Diary_blinn1_AmbientOcclusion (AutoDXT)
[2016.03.20-00.16.39:446][471]LogTexture:Display: Building textures: Diary_Base_Color_BookWorm (AutoDXT)
[2016.03.20-00.16.40:020][471]LogTexture:Display: Building textures: Diary_Base_Color_movieStar (AutoDXT)
[2016.03.20-00.16.40:561][471]LogTexture:Display: Building textures: blinn1_Roughness (AutoDXT)
[2016.03.20-00.16.40:992][471]LogTexture:Display: Building textures: blinn1_Normal_DirectX (BC5)
[2016.03.20-00.16.41:100][471]LogMaterial: Missing cached shader map for material DiaryMat, compiling. 
[2016.03.20-00.16.41:105][471]LogStaticMesh: Building static mesh Diary...
[2016.03.20-00.16.41:121][471]LogStaticMesh: Built static mesh [0.016200.2s] /Game/Hotel/Art/Models/Diary/Diary.Diary
[2016.03.20-00.16.41:138][471]LogActorFactory: Actor Factory created Diary
[2016.03.20-00.16.44:158][797]LogActorFactory: Actor Factory created Diary
[2016.03.20-00.17.06:385][312]LogTexture:Display: Building textures: blinn1_Base_Color (AutoDXT)
[2016.03.20-00.17.08:353][312]LogStaticMesh: Building static mesh Bathtub...
[2016.03.20-00.17.08:379][312]LogStaticMesh: Built static mesh [0.026427.2s] /Game/Hotel/Art/Models/Tub/Bathtub.Bathtub
[2016.03.20-00.17.08:454][312]LogTexture:Display: Building textures: Bathtub_blinn1_AmbientOcclusion (AutoDXT)
[2016.03.20-00.17.09:058][312]LogTexture:Display: Building textures: blinn1_Metallic (AutoDXT)
[2016.03.20-00.17.09:739][312]LogTexture:Display: Building textures: blinn1_Normal_DirectX (BC5)
[2016.03.20-00.17.10:215][312]LogTexture:Display: Building textures: blinn1_Roughness (AutoDXT)
[2016.03.20-00.17.11:568][312]LogMaterial: Missing cached shader map for material tub, compiling. 
[2016.03.20-00.17.11:586][312]LogActorFactory: Actor Factory created Bathtub
[2016.03.20-00.17.13:039][444]LogActorFactory: Actor Factory created Bathtub
[2016.03.20-00.18.01:055][ 68]LogLinker:Warning: Asset '../../../Engine/Content/ArtTools/RenderToTexture/Macros/RenderToTextureMacros.uasset' has been saved with empty engine version. The asset will be loaded but may be incompatible.
[2016.03.20-00.18.01:418][ 68]LogContentBrowser: Native class hierarchy updated for 'BlueprintGraph' in 0.0009 seconds. Added 107 classes and 0 folders.
[2016.03.20-00.18.17:681][868]LogRenderer: Reallocating scene render targets to support 1312x720 (Frame:97644).
[2016.03.20-00.18.19:194][ 46]LogParticles: Destroying 0 GPU particle simulations for FXSystem 0x000001B9C55D7A60
[2016.03.20-00.18.21:244][ 47]Cmd: QUIT_EDITOR
[2016.03.20-00.18.21:410][ 47]LogWindowsTextInputMethodSystem:Display: IME system now deactivated.
[2016.03.20-00.18.21:461][ 47]LogExit: Preparing to exit.
[2016.03.20-00.18.22:166][ 47]LogExit: Editor shut down
[2016.03.20-00.18.22:166][ 47]LogExit: Transaction tracking system shut down
[2016.03.20-00.18.22:172][ 47]LogParticles: Destroying 0 GPU particle simulations for FXSystem 0x000001BA63DF56C0
[2016.03.20-00.18.22:179][ 47]LogParticles: Destroying 0 GPU particle simulations for FXSystem 0x000001B9DAAD7880
[2016.03.20-00.18.22:184][ 47]LogParticles: Destroying 0 GPU particle simulations for FXSystem 0x000001B9C478CFE0
[2016.03.20-00.18.22:184][ 47]LogParticles: Destroying 0 GPU particle simulations for FXSystem 0x000001B9D2993880
[2016.03.20-00.18.22:184][ 47]LogParticles: Destroying 0 GPU particle simulations for FXSystem 0x000001B98586F880
[2016.03.20-00.18.22:188][ 47]LogParticles: Destroying 0 GPU particle simulations for FXSystem 0x000001B9FD494860
[2016.03.20-00.18.22:408][ 47]LogParticles: Destroying 0 GPU particle simulations for FXSystem 0x000001B9FD494F40
[2016.03.20-00.18.22:408][ 47]LogExit: Object subsystem successfully closed.
[2016.03.20-00.18.22:435][ 47]LogD3D11RHI: Shutdown
[2016.03.20-00.18.22:435][ 47]LogD3D11RHI: CleanupD3DDevice
[2016.03.20-00.18.22:505][ 47]LogD3D11RHI: ~FD3D11DynamicRHI
[2016.03.20-00.18.22:548][ 47]LogModuleManager: Shutting down and abandoning module BlueprintGraph (202)
[2016.03.20-00.18.22:548][ 47]LogModuleManager: Shutting down and abandoning module CookingStats (201)
[2016.03.20-00.18.22:548][ 47]LogModuleManager: Shutting down and abandoning module CrashTracker (200)
[2016.03.20-00.18.22:548][ 47]LogModuleManager: Shutting down and abandoning module SceneOutliner (199)
[2016.03.20-00.18.22:548][ 47]LogModuleManager: Shutting down and abandoning module SuperSearch (198)
[2016.03.20-00.18.22:548][ 47]LogModuleManager: Shutting down and abandoning module WidgetCarousel (197)
[2016.03.20-00.18.22:548][ 47]LogModuleManager: Shutting down and abandoning module AddContentDialog (196)
[2016.03.20-00.18.22:549][ 47]LogModuleManager: Shutting down and abandoning module EditorWidgets (195)
[2016.03.20-00.18.22:549][ 47]LogModuleManager: Shutting down and abandoning module CollectionManager (194)
[2016.03.20-00.18.22:550][ 47]LogModuleManager: Shutting down and abandoning module StatsViewer (193)
[2016.03.20-00.18.22:551][ 47]LogModuleManager: Shutting down and abandoning module FoliageEdit (192)
[2016.03.20-00.18.22:551][ 47]LogModuleManager: Shutting down and abandoning module LandscapeEditor (191)
[2016.03.20-00.18.22:552][ 47]LogModuleManager: Shutting down and abandoning module ActorPickerMode (190)
[2016.03.20-00.18.22:552][ 47]LogModuleManager: Shutting down and abandoning module GeometryMode (189)
[2016.03.20-00.18.22:552][ 47]LogModuleManager: Shutting down and abandoning module TextureAlignMode (188)
[2016.03.20-00.18.22:552][ 47]LogModuleManager: Shutting down and abandoning module BspMode (187)
[2016.03.20-00.18.22:552][ 47]LogModuleManager: Shutting down and abandoning module PlacementMode (186)
[2016.03.20-00.18.22:552][ 47]LogModuleManager: Shutting down and abandoning module AutomationWorker (185)
[2016.03.20-00.18.22:552][ 47]LogModuleManager: Shutting down and abandoning module CharacterAI (184)
[2016.03.20-00.18.22:552][ 47]LogModuleManager: Shutting down and abandoning module SmartSnapping (183)
[2016.03.20-00.18.22:552][ 47]LogModuleManager: Shutting down and abandoning module ViewportSnapping (182)
[2016.03.20-00.18.22:552][ 47]LogModuleManager: Shutting down and abandoning module LogVisualizer (181)
[2016.03.20-00.18.22:553][ 47]LogModuleManager: Shutting down and abandoning module GameProjectGeneration (180)
[2016.03.20-00.18.22:554][ 47]LogModuleManager: Shutting down and abandoning module IntroTutorials (179)
[2016.03.20-00.18.22:555][ 47]LogModuleManager: Shutting down and abandoning module EditorLiveStreaming (178)
[2016.03.20-00.18.22:555][ 47]LogModuleManager: Shutting down and abandoning module IOSPlatformEditor (177)
[2016.03.20-00.18.22:556][ 47]LogModuleManager: Shutting down and abandoning module HTML5PlatformEditor (176)
[2016.03.20-00.18.22:556][ 47]LogModuleManager: Shutting down and abandoning module AndroidDeviceDetection (175)
[2016.03.20-00.18.23:274][ 47]LogModuleManager: Shutting down and abandoning module AndroidPlatformEditor (174)
[2016.03.20-00.18.23:274][ 47]LogModuleManager: Shutting down and abandoning module IOSRuntimeSettings (173)
[2016.03.20-00.18.23:274][ 47]LogModuleManager: Shutting down and abandoning module AndroidRuntimeSettings (172)
[2016.03.20-00.18.23:274][ 47]LogModuleManager: Shutting down and abandoning module MergeActors (171)
[2016.03.20-00.18.23:277][ 47]LogModuleManager: Shutting down and abandoning module SizeMap (170)
[2016.03.20-00.18.23:277][ 47]LogModuleManager: Shutting down and abandoning module TreeMap (169)
[2016.03.20-00.18.23:277][ 47]LogModuleManager: Shutting down and abandoning module ReferenceViewer (168)
[2016.03.20-00.18.23:278][ 47]LogModuleManager: Shutting down and abandoning module LocalizationService (167)
[2016.03.20-00.18.23:278][ 47]LogModuleManager: Shutting down and abandoning module LocalizationDashboard (166)
[2016.03.20-00.18.23:278][ 47]LogModuleManager: Shutting down and abandoning module HardwareTargeting (165)
[2016.03.20-00.18.23:279][ 47]LogModuleManager: Shutting down and abandoning module DeviceProfileEditor (164)
[2016.03.20-00.18.23:279][ 47]LogModuleManager: Shutting down and abandoning module UndoHistory (163)
[2016.03.20-00.18.23:279][ 47]LogModuleManager: Shutting down and abandoning module GameplayTagsEditor (162)
[2016.03.20-00.18.23:279][ 47]LogModuleManager: Shutting down and abandoning module UserFeedback (161)
[2016.03.20-00.18.23:279][ 47]LogModuleManager: Shutting down and abandoning module XmlParser (160)
[2016.03.20-00.18.23:279][ 47]LogModuleManager: Shutting down and abandoning module Blutility (159)
[2016.03.20-00.18.23:279][ 47]LogModuleManager: Shutting down and abandoning module ProjectTargetPlatformEditor (158)
[2016.03.20-00.18.23:280][ 47]LogModuleManager: Shutting down and abandoning module ProjectSettingsViewer (157)
[2016.03.20-00.18.23:280][ 47]LogModuleManager: Shutting down and abandoning module InputBindingEditor (156)
[2016.03.20-00.18.23:281][ 47]LogModuleManager: Shutting down and abandoning module EditorSettingsViewer (155)
[2016.03.20-00.18.23:281][ 47]LogModuleManager: Shutting down and abandoning module SettingsEditor (154)
[2016.03.20-00.18.23:281][ 47]LogModuleManager: Shutting down and abandoning module ProjectLauncher (153)
[2016.03.20-00.18.23:282][ 47]LogModuleManager: Shutting down and abandoning module SessionFrontend (152)
[2016.03.20-00.18.23:282][ 47]LogModuleManager: Shutting down and abandoning module ProfilerClient (151)
[2016.03.20-00.18.23:283][ 47]LogModuleManager: Shutting down and abandoning module TargetDeviceServices (150)
[2016.03.20-00.18.23:283][ 47]LogModuleManager: Shutting down and abandoning module DeviceManager (149)
[2016.03.20-00.18.23:283][ 47]LogModuleManager: Shutting down and abandoning module AutomationController (148)
[2016.03.20-00.18.23:284][ 47]LogModuleManager: Shutting down and abandoning module AutomationWindow (147)
[2016.03.20-00.18.23:284][ 47]LogModuleManager: Shutting down and abandoning module Layers (146)
[2016.03.20-00.18.23:285][ 47]LogModuleManager: Shutting down and abandoning module ComponentVisualizers (145)
[2016.03.20-00.18.23:285][ 47]LogModuleManager: Shutting down and abandoning module DetailCustomizations (144)
[2016.03.20-00.18.23:285][ 47]LogModuleManager: Shutting down and abandoning module PackagesDialog (143)
[2016.03.20-00.18.23:285][ 47]LogModuleManager: Shutting down and abandoning module Persona (142)
[2016.03.20-00.18.23:287][ 47]LogModuleManager: Shutting down and abandoning module Kismet (141)
[2016.03.20-00.18.23:287][ 47]LogModuleManager: Shutting down and abandoning module GraphEditor (140)
[2016.03.20-00.18.23:287][ 47]LogModuleManager: Shutting down and abandoning module ClassViewer (139)
[2016.03.20-00.18.23:287][ 47]LogModuleManager: Shutting down and abandoning module Toolbox (138)
[2016.03.20-00.18.23:287][ 47]LogModuleManager: Shutting down and abandoning module ModuleUI (137)
[2016.03.20-00.18.23:288][ 47]LogModuleManager: Shutting down and abandoning module MovieSceneTools (136)
[2016.03.20-00.18.23:288][ 47]LogModuleManager: Shutting down and abandoning module OutputLog (135)
[2016.03.20-00.18.23:288][ 47]LogModuleManager: Shutting down and abandoning module GammaUI (134)
[2016.03.20-00.18.23:289][ 47]LogModuleManager: Shutting down and abandoning module Documentation (133)
[2016.03.20-00.18.23:289][ 47]LogModuleManager: Shutting down and abandoning module GameLiveStreaming (132)
[2016.03.20-00.18.23:289][ 47]LogModuleManager: Shutting down and abandoning module StreamingPauseRendering (131)
[2016.03.20-00.18.23:289][ 47]LogModuleManager: Shutting down and abandoning module AnalyticsET (130)
[2016.03.20-00.18.23:289][ 47]LogModuleManager: Shutting down and abandoning module Analytics (129)
[2016.03.20-00.18.23:289][ 47]LogModuleManager: Shutting down and abandoning module AITestSuite (128)
[2016.03.20-00.18.23:289][ 47]LogModuleManager: Shutting down and abandoning module GameplayDebugger (127)
[2016.03.20-00.18.23:290][ 47]LogModuleManager: Shutting down and abandoning module AIModule (126)
[2016.03.20-00.18.23:290][ 47]LogModuleManager: Shutting down and abandoning module ProfilerService (125)
[2016.03.20-00.18.23:484][ 47]LogModuleManager: Shutting down and abandoning module TaskGraph (124)
[2016.03.20-00.18.23:484][ 47]LogModuleManager: Shutting down and abandoning module SubstanceEditor (123)
[2016.03.20-00.18.23:485][ 47]LogModuleManager: Shutting down and abandoning module SlateRemote (122)
[2016.03.20-00.18.23:485][ 47]LogModuleManager: Shutting down and abandoning module SteamVRController (121)
[2016.03.20-00.18.23:485][ 47]LogModuleManager: Shutting down and abandoning module SteamVR (120)
[2016.03.20-00.18.23:485][ 47]LogModuleManager: Shutting down and abandoning module ProceduralMeshComponent (119)
[2016.03.20-00.18.23:485][ 47]LogModuleManager: Shutting down and abandoning module OculusLibrary (118)
[2016.03.20-00.18.23:485][ 47]LogModuleManager: Shutting down and abandoning module OculusInput (117)
[2016.03.20-00.18.23:485][ 47]LogModuleManager: Shutting down and abandoning module LeapMotionController (116)
[2016.03.20-00.18.23:509][ 47]LogModuleManager: Shutting down and abandoning module CustomMeshComponent (115)
[2016.03.20-00.18.23:509][ 47]LogModuleManager: Shutting down and abandoning module CableComponent (114)
[2016.03.20-00.18.23:510][ 47]LogModuleManager: Shutting down and abandoning module ArchVisCharacter (113)
[2016.03.20-00.18.23:510][ 47]LogModuleManager: Shutting down and abandoning module MessagingDebugger (112)
[2016.03.20-00.18.23:512][ 47]LogModuleManager: Shutting down and abandoning module MediaPlayerEditor (111)
[2016.03.20-00.18.23:513][ 47]LogModuleManager: Shutting down and abandoning module HTML5Networking (110)
[2016.03.20-00.18.23:513][ 47]LogModuleManager: Shutting down and abandoning module SpeedTreeImporter (109)
[2016.03.20-00.18.23:513][ 47]LogModuleManager: Shutting down and abandoning module PluginBrowser (108)
[2016.03.20-00.18.23:514][ 47]LogModuleManager: Shutting down and abandoning module EpicSurvey (107)
[2016.03.20-00.18.23:515][ 47]LogModuleManager: Shutting down and abandoning module DesktopPlatform (106)
[2016.03.20-00.18.23:515][ 47]LogModuleManager: Shutting down and abandoning module VisualStudioSourceCodeAccess (105)
[2016.03.20-00.18.23:515][ 47]LogModuleManager: Shutting down and abandoning module UObjectPlugin (104)
[2016.03.20-00.18.23:515][ 47]LogModuleManager: Shutting down and abandoning module SubversionSourceControl (103)
[2016.03.20-00.18.23:516][ 47]LogModuleManager: Shutting down and abandoning module PerforceSourceControl (102)
[2016.03.20-00.18.23:518][ 47]LogModuleManager: Shutting down and abandoning module SourceControl (101)
[2016.03.20-00.18.23:519][ 47]LogModuleManager: Shutting down and abandoning module GitSourceControl (100)
[2016.03.20-00.18.23:520][ 47]LogModuleManager: Shutting down and abandoning module LightPropagationVolumeEditor (99)
[2016.03.20-00.18.23:520][ 47]LogModuleManager: Shutting down and abandoning module PaperTiledImporter (98)
[2016.03.20-00.18.23:520][ 47]LogModuleManager: Shutting down and abandoning module PaperSpriteSheetImporter (97)
[2016.03.20-00.18.23:520][ 47]LogModuleManager: Shutting down and abandoning module MeshPaint (96)
[2016.03.20-00.18.23:520][ 47]LogModuleManager: Shutting down and abandoning module SlateReflector (95)
[2016.03.20-00.18.23:521][ 47]LogModuleManager: Shutting down and abandoning module HotReload (94)
[2016.03.20-00.18.23:522][ 47]LogModuleManager: Shutting down and abandoning module MainFrame (93)
[2016.03.20-00.18.23:522][ 47]LogModuleManager: Shutting down and abandoning module LevelEditor (92)
[2016.03.20-00.18.23:523][ 47]LogModuleManager: Shutting down and abandoning module ContentBrowser (91)
[2016.03.20-00.18.23:524][ 47]LogModuleManager: Shutting down and abandoning module Paper2DEditor (90)
[2016.03.20-00.18.23:525][ 47]LogModuleManager: Shutting down and abandoning module UdpMessaging (89)
[2016.03.20-00.18.23:627][ 47]LogModuleManager: Shutting down and abandoning module DirectoryWatcher (88)
[2016.03.20-00.18.23:629][ 47]LogModuleManager: Shutting down and abandoning module AssetRegistry (87)
[2016.03.20-00.18.23:799][ 47]LogModuleManager: Shutting down and abandoning module SubstanceCore (86)
[2016.03.20-00.18.23:803][ 47]LogModuleManager: Shutting down and abandoning module LightPropagationVolumeRuntime (85)
[2016.03.20-00.18.23:803][ 47]LogModuleManager: Shutting down and abandoning module Paper2D (84)
[2016.03.20-00.18.23:804][ 47]LogModuleManager: Shutting down and abandoning module WindowsMoviePlayer (83)
[2016.03.20-00.18.23:808][ 47]LogModuleManager: Shutting down and abandoning module Media (82)
[2016.03.20-00.18.23:808][ 47]LogModuleManager: Shutting down and abandoning module WmfMedia (81)
[2016.03.20-00.18.23:808][ 47]LogModuleManager: Shutting down and abandoning module OnlineBlueprintSupport (80)
[2016.03.20-00.18.23:808][ 47]LogModuleManager: Shutting down and abandoning module GameplayTasksEditor (79)
[2016.03.20-00.18.23:808][ 47]LogModuleManager: Shutting down and abandoning module PropertyEditor (78)
[2016.03.20-00.18.23:808][ 47]LogModuleManager: Shutting down and abandoning module BehaviorTreeEditor (77)
[2016.03.20-00.18.23:809][ 47]LogModuleManager: Shutting down and abandoning module FunctionalTesting (76)
[2016.03.20-00.18.23:809][ 47]LogModuleManager: Shutting down and abandoning module CollisionAnalyzer (75)
[2016.03.20-00.18.23:810][ 47]LogModuleManager: Shutting down and abandoning module WorkspaceMenuStructure (74)
[2016.03.20-00.18.23:810][ 47]LogModuleManager: Shutting down and abandoning module MessageLog (73)
[2016.03.20-00.18.23:810][ 47]LogModuleManager: Shutting down and abandoning module Sequencer (72)
[2016.03.20-00.18.23:811][ 47]LogModuleManager: Shutting down and abandoning module AssetTools (71)
[2016.03.20-00.18.23:814][ 47]LogModuleManager: Shutting down and abandoning module UMGEditor (70)
[2016.03.20-00.18.23:815][ 47]LogModuleManager: Shutting down and abandoning module UMG (69)
[2016.03.20-00.18.23:815][ 47]LogModuleManager: Shutting down and abandoning module Slate (68)
[2016.03.20-00.18.23:815][ 47]LogModuleManager: Shutting down and abandoning module EditorStyle (67)
[2016.03.20-00.18.23:817][ 47]LogModuleManager: Shutting down and abandoning module SessionServices (66)
[2016.03.20-00.18.23:818][ 47]LogModuleManager: Shutting down and abandoning module SourceCodeAccess (65)
[2016.03.20-00.18.23:818][ 47]LogModuleManager: Shutting down and abandoning module HeadMountedDisplay (64)
[2016.03.20-00.18.23:818][ 47]LogModuleManager: Shutting down and abandoning module XAudio2 (63)
[2016.03.20-00.18.23:818][ 47]LogModuleManager: Shutting down and abandoning module Networking (61)
[2016.03.20-00.18.23:818][ 47]LogModuleManager: Shutting down and abandoning module Core (60)
[2016.03.20-00.18.23:818][ 47]LogModuleManager: Shutting down and abandoning module KismetCompiler (59)
[2016.03.20-00.18.23:818][ 47]LogModuleManager: Shutting down and abandoning module PhysXFormats (58)
[2016.03.20-00.18.23:818][ 47]LogModuleManager: Shutting down and abandoning module MeshUtilities (57)
[2016.03.20-00.18.23:818][ 47]LogModuleManager: Shutting down and abandoning module DerivedDataCache (56)
[2016.03.20-00.18.23:919][ 47]LogDerivedDataCache: Shutdown
[2016.03.20-00.18.23:919][ 47]LogModuleManager: Shutting down and abandoning module ShaderFormatOpenGL (55)
[2016.03.20-00.18.23:920][ 47]LogModuleManager: Shutting down and abandoning module ShaderFormatD3D (54)
[2016.03.20-00.18.23:920][ 47]LogModuleManager: Shutting down and abandoning module MetalShaderFormat (53)
[2016.03.20-00.18.23:921][ 47]LogModuleManager: Shutting down and abandoning module TextureFormatUncompressed (52)
[2016.03.20-00.18.23:921][ 47]LogModuleManager: Shutting down and abandoning module TextureFormatPVR (51)
[2016.03.20-00.18.23:921][ 47]LogModuleManager: Shutting down and abandoning module TextureFormatIntelISPCTexComp (50)
[2016.03.20-00.18.23:921][ 47]LogModuleManager: Shutting down and abandoning module TextureFormatDXT (49)
[2016.03.20-00.18.23:921][ 47]LogModuleManager: Shutting down and abandoning module ImageWrapper (48)
[2016.03.20-00.18.23:921][ 47]LogModuleManager: Shutting down and abandoning module TextureFormatASTC (47)
[2016.03.20-00.18.23:921][ 47]LogModuleManager: Shutting down and abandoning module TextureFormatAndroid (46)
[2016.03.20-00.18.23:921][ 47]LogModuleManager: Shutting down and abandoning module AudioFormatOpus (45)
[2016.03.20-00.18.23:922][ 47]LogModuleManager: Shutting down and abandoning module AudioFormatOgg (44)
[2016.03.20-00.18.23:922][ 47]LogModuleManager: Shutting down and abandoning module AudioFormatADPCM (43)
[2016.03.20-00.18.23:922][ 47]LogModuleManager: Shutting down and abandoning module LinuxTargetPlatform (42)
[2016.03.20-00.18.23:922][ 47]LogModuleManager: Shutting down and abandoning module LinuxServerTargetPlatform (41)
[2016.03.20-00.18.23:922][ 47]LogModuleManager: Shutting down and abandoning module LinuxNoEditorTargetPlatform (40)
[2016.03.20-00.18.23:922][ 47]LogModuleManager: Shutting down and abandoning module Messaging (39)
[2016.03.20-00.18.23:922][ 47]LogModuleManager: Shutting down and abandoning module IOSTargetPlatform (38)
[2016.03.20-00.18.23:922][ 47]LogModuleManager: Shutting down and abandoning module HTML5TargetPlatform (37)
[2016.03.20-00.18.23:922][ 47]LogModuleManager: Shutting down and abandoning module Android_PVRTCTargetPlatform (36)
[2016.03.20-00.18.23:922][ 47]LogModuleManager: Shutting down and abandoning module Android_MultiTargetPlatform (35)
[2016.03.20-00.18.23:922][ 47]LogModuleManager: Shutting down and abandoning module Android_ETC2TargetPlatform (34)
[2016.03.20-00.18.23:922][ 47]LogModuleManager: Shutting down and abandoning module Android_ETC1TargetPlatform (33)
[2016.03.20-00.18.23:922][ 47]LogModuleManager: Shutting down and abandoning module Android_DXTTargetPlatform (32)
[2016.03.20-00.18.23:922][ 47]LogModuleManager: Shutting down and abandoning module Android_ATCTargetPlatform (31)
[2016.03.20-00.18.23:922][ 47]LogModuleManager: Shutting down and abandoning module Android_ASTCTargetPlatform (30)
[2016.03.20-00.18.23:922][ 47]LogModuleManager: Shutting down and abandoning module AndroidTargetPlatform (29)
[2016.03.20-00.18.23:922][ 47]LogModuleManager: Shutting down and abandoning module WindowsTargetPlatform (28)
[2016.03.20-00.18.23:922][ 47]LogModuleManager: Shutting down and abandoning module WindowsServerTargetPlatform (27)
[2016.03.20-00.18.23:922][ 47]LogModuleManager: Shutting down and abandoning module WindowsNoEditorTargetPlatform (26)
[2016.03.20-00.18.23:922][ 47]LogModuleManager: Shutting down and abandoning module WindowsClientTargetPlatform (25)
[2016.03.20-00.18.23:922][ 47]LogModuleManager: Shutting down and abandoning module AllDesktopTargetPlatform (24)
[2016.03.20-00.18.23:922][ 47]LogModuleManager: Shutting down and abandoning module TargetPlatform (23)
[2016.03.20-00.18.23:922][ 47]LogModuleManager: Shutting down and abandoning module InputCore (22)
[2016.03.20-00.18.23:922][ 47]LogModuleManager: Shutting down and abandoning module Settings (21)
[2016.03.20-00.18.23:922][ 47]LogModuleManager: Shutting down and abandoning module OnlineSubsystem (19)
[2016.03.20-00.18.23:922][ 47]LogModuleManager: Shutting down and abandoning module HTTP (18)
[2016.03.20-00.18.25:925][ 47]LogModuleManager: Shutting down and abandoning module XMPP (17)
[2016.03.20-00.18.25:929][ 47]LogModuleManager: Shutting down and abandoning module OculusRift (16)
[2016.03.20-00.18.25:931][ 47]LogModuleManager: Shutting down and abandoning module ExampleDeviceProfileSelector (15)
[2016.03.20-00.18.25:931][ 47]LogModuleManager: Shutting down and abandoning module TextureCompressor (14)
[2016.03.20-00.18.25:931][ 47]LogModuleManager: Shutting down and abandoning module ShaderCore (13)
[2016.03.20-00.18.25:931][ 47]LogModuleManager: Shutting down and abandoning module Landscape (12)
[2016.03.20-00.18.25:931][ 47]LogModuleManager: Shutting down and abandoning module SlateRHIRenderer (11)
[2016.03.20-00.18.25:938][ 47]LogModuleManager: Shutting down and abandoning module OpenGLDrv (10)
[2016.03.20-00.18.25:939][ 47]LogModuleManager: Shutting down and abandoning module D3D11RHI (9)
[2016.03.20-00.18.25:939][ 47]LogModuleManager: Shutting down and abandoning module AnimGraphRuntime (8)
[2016.03.20-00.18.25:939][ 47]LogModuleManager: Shutting down and abandoning module Renderer (7)
[2016.03.20-00.18.25:939][ 47]LogModuleManager: Shutting down and abandoning module Engine (6)
[2016.03.20-00.18.25:939][ 47]LogModuleManager: Shutting down and abandoning module CoreUObject (5)
[2016.03.20-00.18.25:939][ 47]LogModuleManager: Shutting down and abandoning module NetworkFile (4)
[2016.03.20-00.18.25:940][ 47]LogModuleManager: Shutting down and abandoning module StreamingFile (3)
[2016.03.20-00.18.25:940][ 47]LogModuleManager: Shutting down and abandoning module SandboxFile (2)
[2016.03.20-00.18.25:940][ 47]LogModuleManager: Shutting down and abandoning module PakFile (1)
[2016.03.20-00.18.25:946][ 47]LogExit: Exiting.
[2016.03.20-00.18.25:973][ 47]Log file closed, 03/19/16 20:18:25
