[2016.04.10-16.44.59:119][  0]Log file open, 04/10/16 12:44:59
[2016.04.10-16.44.59:119][  0]LogInit:Display: Running engine without a game
[2016.04.10-16.44.59:119][  0]LogPlatformFile: Not using cached read wrapper
[2016.04.10-16.44.59:119][  0]LogInit:Display: Loading recent project file: F:/My Media/UCF Documents/DIG 4725-2/HotelBete/Hotel.uproject
[2016.04.10-16.44.59:119][  0]LogInit:Display: RandInit(-1317503657) SRandInit(-1317503656).
[2016.04.10-16.44.59:119][  0]LogTaskGraph: Started task graph with 4 named threads and 7 total threads.
[2016.04.10-16.44.59:119][  0]LogStats: Stats thread started at 0.063416
[2016.04.10-16.44.59:119][  0]LogInit: Version: 4.10.2-2818068+++depot+UE4-Releases+4.10
[2016.04.10-16.44.59:119][  0]LogInit: API Version: 2758231
[2016.04.10-16.44.59:119][  0]LogInit: Compiled (64-bit): Jan  6 2016 17:36:42
[2016.04.10-16.44.59:119][  0]LogInit: Compiled with Visual C++: 19.00.23026.00
[2016.04.10-16.44.59:119][  0]LogInit: Build Configuration: Development
[2016.04.10-16.44.59:119][  0]LogInit: Branch Name: ++depot+UE4-Releases+4.10
[2016.04.10-16.44.59:119][  0]LogInit: Command line: -EpicPortal 
[2016.04.10-16.44.59:119][  0]LogInit: Base directory: F:/Program Files/Epic Games/4.10/Engine/Binaries/Win64/
[2016.04.10-16.44.59:119][  0]LogInit: Rocket: 1
[2016.04.10-16.44.59:123][  0]LogInit: Using libcurl 7.41.0
[2016.04.10-16.44.59:123][  0]LogInit:  - built for x86_64-pc-win32
[2016.04.10-16.44.59:123][  0]LogInit:  - supports SSL with WinSSL
[2016.04.10-16.44.59:123][  0]LogInit:  - other features:
[2016.04.10-16.44.59:123][  0]LogInit:      CURL_VERSION_SSL
[2016.04.10-16.44.59:123][  0]LogInit:      CURL_VERSION_IPV6
[2016.04.10-16.44.59:123][  0]LogInit:      CURL_VERSION_ASYNCHDNS
[2016.04.10-16.44.59:123][  0]LogInit:      CURL_VERSION_LARGEFILE
[2016.04.10-16.44.59:123][  0]LogInit:      CURL_VERSION_IDN
[2016.04.10-16.44.59:123][  0]LogInit:  CurlRequestOptions (configurable via config and command line):
[2016.04.10-16.44.59:123][  0]LogInit:  - bVerifyPeer = true  - Libcurl will verify peer certificate
[2016.04.10-16.44.59:123][  0]LogInit:  - bUseHttpProxy = false  - Libcurl will NOT use HTTP proxy
[2016.04.10-16.44.59:123][  0]LogInit:  - bDontReuseConnections = false  - Libcurl will reuse connections
[2016.04.10-16.44.59:123][  0]LogInit:  - CertBundlePath = nullptr  - Libcurl will use whatever was configured at build time.
[2016.04.10-16.44.59:127][  0]LogInit: Presizing for 0 objects not considered by GC, pre-allocating 0 bytes.
[2016.04.10-16.44.59:131][  0]LogInit: Object subsystem initialized
[2016.04.10-16.44.59:131][  0]LogInit: Selected Device Profile: [Windows]
[2016.04.10-16.44.59:131][  0]LogInit: Applying CVar settings loaded from the selected device profile: [Windows]
[2016.04.10-16.44.59:135][  0]LogInit: Computer: DESKTOP-0FTHH47
[2016.04.10-16.44.59:135][  0]LogInit: User: aehrl
[2016.04.10-16.44.59:135][  0]LogInit: CPU Page size=4096, Cores=4
[2016.04.10-16.44.59:135][  0]LogInit: High frequency timer resolution =3.984645 MHz
[2016.04.10-16.44.59:135][  0]LogMemory: Memory total: Physical=15.9GB (16GB approx)
[2016.04.10-16.44.59:136][  0]LogMemory: Platform Memory Stats for Windows
[2016.04.10-16.44.59:136][  0]LogMemory: Process Physical Memory: 56.52 MB used, 56.52 MB peak
[2016.04.10-16.44.59:136][  0]LogMemory: Process Virtual Memory: 56.89 MB used, 56.89 MB peak
[2016.04.10-16.44.59:136][  0]LogMemory: Physical Memory: 5014.51 MB used, 16322.88 MB total
[2016.04.10-16.44.59:136][  0]LogMemory: Virtual Memory: 383.87 MB used, 134217728.00 MB total
[2016.04.10-16.44.59:160][  0]LogTextLocalizationManager: No specific translations for ('en-US') exist, so ('en') translations will be used.
[2016.04.10-16.44.59:522][  0]LogD3D11RHI: Found D3D11 adapter 0: NVIDIA GeForce GTX 960 (Feature Level 11_0)
[2016.04.10-16.44.59:522][  0]LogD3D11RHI: Adapter has 1969MB of dedicated video memory, 0MB of dedicated system memory, and 8161MB of shared system memory, 3 output[s]
[2016.04.10-16.44.59:523][  0]LogD3D11RHI: Found D3D11 adapter 1: Microsoft Basic Render Driver (Feature Level 11_0)
[2016.04.10-16.44.59:523][  0]LogD3D11RHI: Adapter has 0MB of dedicated video memory, 0MB of dedicated system memory, and 8161MB of shared system memory, 0 output[s]
[2016.04.10-16.44.59:523][  0]LogD3D11RHI: Chosen D3D11 Adapter Id = 0
[2016.04.10-16.44.59:526][  0]LogD3D11RHI: !Direct3DDevice
[2016.04.10-16.44.59:526][  0]LogRHI: Texture pool is 1361 MB (70% of 1945 MB)
[2016.04.10-16.44.59:537][  0]LogD3D11RHI: Async texture creation enabled
[2016.04.10-16.44.59:551][  0]LogShaderCompilers: Guid format shader working directory is -16 characters bigger than the processId version (../../../../../../My Media/UCF Documents/DIG 4725-2/HotelBete/Intermediate/Shaders/WorkingDirectory/12908/).
[2016.04.10-16.44.59:551][  0]LogShaderCompilers: Cleaned the shader compiler working directory 'C:/Users/aehrl/AppData/Local/Temp/UnrealShaderWorkingDir/289537BC48234D79C8BBAD8C61BD5573/'.
[2016.04.10-16.44.59:551][  0]LogShaderCompilers:Display: Using Local Shader Compiler.
[2016.04.10-16.45.00:095][  0]LogTemp:Display: Loaded TP AllDesktopTargetPlatform
[2016.04.10-16.45.00:097][  0]LogTemp:Display: Loaded TP WindowsClientTargetPlatform
[2016.04.10-16.45.00:099][  0]LogTemp:Display: Loaded TP WindowsNoEditorTargetPlatform
[2016.04.10-16.45.00:102][  0]LogTemp:Display: Loaded TP WindowsServerTargetPlatform
[2016.04.10-16.45.00:104][  0]LogTemp:Display: Loaded TP WindowsTargetPlatform
[2016.04.10-16.45.00:106][  0]LogTemp:Display: Loaded TP AndroidTargetPlatform
[2016.04.10-16.45.00:107][  0]LogTemp:Display: Loaded TP Android_ASTCTargetPlatform
[2016.04.10-16.45.00:109][  0]LogTemp:Display: Loaded TP Android_ATCTargetPlatform
[2016.04.10-16.45.00:110][  0]LogTemp:Display: Loaded TP Android_DXTTargetPlatform
[2016.04.10-16.45.00:112][  0]LogTemp:Display: Loaded TP Android_ETC1TargetPlatform
[2016.04.10-16.45.00:113][  0]LogTemp:Display: Loaded TP Android_ETC2TargetPlatform
[2016.04.10-16.45.00:117][  0]LogTemp:Display: Loaded TP Android_MultiTargetPlatform
[2016.04.10-16.45.00:117][  0]LogTemp:Display: Loaded TP Android_PVRTCTargetPlatform
[2016.04.10-16.45.00:117][  0]LogTemp:Display: Loaded TP HTML5TargetPlatform
[2016.04.10-16.45.00:131][  0]LogTemp:Display: Loaded TP IOSTargetPlatform
[2016.04.10-16.45.00:132][  0]LogTemp:Display: Loaded TP LinuxNoEditorTargetPlatform
[2016.04.10-16.45.00:134][  0]LogTemp:Display: Loaded TP LinuxServerTargetPlatform
[2016.04.10-16.45.00:136][  0]LogTemp:Display: Loaded TP LinuxTargetPlatform
[2016.04.10-16.45.00:136][  0]LogTargetPlatformManager:Display: Building Assets For Windows
[2016.04.10-16.45.00:175][  0]LogDerivedDataCache:Display: Max Cache Size: 512 MB
[2016.04.10-16.45.00:202][  0]LogDerivedDataCache: Loaded boot cache 0.03s 41MB C:/Users/aehrl/AppData/Local/UnrealEngine/4.10/DerivedDataCache/Boot.ddc.
[2016.04.10-16.45.00:202][  0]LogDerivedDataCache:Display: Loaded Boot cache: C:/Users/aehrl/AppData/Local/UnrealEngine/4.10/DerivedDataCache/Boot.ddc
[2016.04.10-16.45.00:202][  0]LogDerivedDataCache: FDerivedDataBackendGraph:  Pak pak cache file ../../../../../../My Media/UCF Documents/DIG 4725-2/HotelBete/DerivedDataCache/DDC.ddp not found, will not use a pak cache.
[2016.04.10-16.45.00:202][  0]LogDerivedDataCache: Unable to find inner node Pak for hierarchical cache Hierarchy.
[2016.04.10-16.45.00:202][  0]LogDerivedDataCache: FDerivedDataBackendGraph:  CompressedPak pak cache file ../../../../../../My Media/UCF Documents/DIG 4725-2/HotelBete/DerivedDataCache/Compressed.ddp not found, will not use a pak cache.
[2016.04.10-16.45.00:202][  0]LogDerivedDataCache: Unable to find inner node CompressedPak for hierarchical cache Hierarchy.
[2016.04.10-16.45.00:242][  0]LogDerivedDataCache:Display: Pak cache opened for reading ../../../Engine/DerivedDataCache/Compressed.ddp.
[2016.04.10-16.45.00:253][  0]LogDerivedDataCache: Using Local data cache path C:/Users/aehrl/AppData/Local/UnrealEngine/Common/DerivedDataCache: Writable
[2016.04.10-16.45.00:357][  0]LogInit: Selected Device Profile: [Windows]
[2016.04.10-16.45.00:358][  0]LogContentStreaming: Texture pool size is 0.000000MB
[2016.04.10-16.45.00:424][  0]LogMeshUtilities: No automatic mesh reduction module available
[2016.04.10-16.45.00:424][  0]LogMeshUtilities: No automatic mesh merging module available
[2016.04.10-16.45.00:558][  0]LogInit: WinSock: version 1.1 (2.2), MaxSocks=32767, MaxUdp=65467
[2016.04.10-16.45.01:009][  0]LogAssetRegistry: FAssetRegistry took 0.0110 seconds to start up
[2016.04.10-16.45.01:015][  0]UdpMessaging: Initializing bridge on interface 0.0.0.0:0 to multicast group 230.0.0.1:6666.
[2016.04.10-16.45.01:170][  0]SourceControl: Info Source control is disabled
[2016.04.10-16.45.01:214][  0]SourceControl: Info Source control is disabled
[2016.04.10-16.45.01:219][  0]SourceControl: Info Source control is disabled
[2016.04.10-16.45.01:224][  0]SourceControl: Info Source control is disabled
[2016.04.10-16.45.01:338][  0]LogObj: 28802 objects as part of root set at end of initial load.
[2016.04.10-16.45.01:338][  0]LogUObjectAllocator: 6129768 out of 0 bytes used by permanent object pool.
[2016.04.10-16.45.01:374][  0]LogEngine: Initializing Engine...
[2016.04.10-16.45.01:376][  0]LogHMD: Can't find Oculus library dev build: is proper Runtime installed? Version: 0.8.0.0
[2016.04.10-16.45.01:376][  0]LogHMD: SteamVR failed to initialize.  Err: 110
[2016.04.10-16.45.01:448][  0]LogAIModule: Creating AISystem for world NewWorld
[2016.04.10-16.45.01:455][  0]LogInit: XAudio2 using 'Speakers (2- High Definition Audio Device)' : 2 channels at 44.1 kHz using 16 bits per sample (channel mask 0x3)
[2016.04.10-16.45.01:471][  0]LogInit: FAudioDevice initialized.
[2016.04.10-16.45.01:485][  0]LogDerivedDataCache: Saved boot cache 0.01s 41MB C:/Users/aehrl/AppData/Local/UnrealEngine/4.10/DerivedDataCache/Boot.ddc.
[2016.04.10-16.45.01:487][  0]LogInit: Texture streaming: Enabled
[2016.04.10-16.45.01:489][  0]LogAnalytics: Creating configured Analytics provider AnalyticsET
[2016.04.10-16.45.01:489][  0]LogAnalytics: [UEEditor.Rocket.Release] APIServer = http://et2.epicgames.com/ET2/. AppVersion = 4.10.2-2818068+++depot+UE4-Releases+4.10
[2016.04.10-16.45.01:490][  0]LogAnalytics: [UEEditor.Rocket.Release] SetUserId 0b01f67c451c321928712b89b2c25d66|b300224d71e64562a5bff06c2aaa78f8|4d10a4aa-bc91-4e54-b274-9b5f458b8e77
[2016.04.10-16.45.01:490][  0]LogAnalytics: [UEEditor.Rocket.Release] AnalyticsET::StartSession
[2016.04.10-16.45.01:495][  0]LogInit: Transaction tracking system initialized
[2016.04.10-16.45.01:507][  0]BlueprintLog: New page: Editor Load
[2016.04.10-16.45.01:542][  0]LocalizationService: Info Localization service is disabled
[2016.04.10-16.45.01:585][  0]LogConsoleResponse:Display: 
[2016.04.10-16.45.01:650][  0]LogCook:Display: Done creating registry. It took  0.00s.
[2016.04.10-16.45.01:676][  0]LogFileCache: Scanning file cache for directory 'F:/My Media/UCF Documents/DIG 4725-2/HotelBete/Content/' took 0.01s
[2016.04.10-16.45.01:676][  0]SourceControl: Info Source control is disabled
[2016.04.10-16.45.01:676][  0]Cmd: MAP LOAD FILE="../../../../../../My Media/UCF Documents/DIG 4725-2/HotelBete/Content/Hotel/Levels/Menu.umap" TEMPLATE=0 SHOWPROGRESS=1 FEATURELEVEL=3
[2016.04.10-16.45.01:676][  0]LightingResults: New page: Lighting Build
[2016.04.10-16.45.01:677][  0]MapCheck: New page: Map Check
[2016.04.10-16.45.01:677][  0]LightingResults: New page: Lighting Build
[2016.04.10-16.45.01:684][  0]LogParticles: Destroying 0 GPU particle simulations for FXSystem 0x000001C2097936A0
[2016.04.10-16.45.03:148][  0]LogAIModule: Creating AISystem for world Menu
[2016.04.10-16.45.03:148][  0]LogEditorServer: Finished looking for orphan Actors (0.000 secs)
[2016.04.10-16.45.03:149][  0]Cmd: MAP CHECKDEP NOCLEARLOG
[2016.04.10-16.45.03:191][  0]MapCheck: Info Map check complete: 0 Error(s), 0 Warning(s), took 42.837ms to complete.
[2016.04.10-16.45.03:191][  0]LogFileHelpers: Loading map 'Menu' took 1.516
[2016.04.10-16.45.03:300][  0]LogCollectionManager: Loaded 0 collections in 0.000868 seconds
[2016.04.10-16.45.03:346][  0]LogFileCache: Scanning file cache for directory 'F:/My Media/UCF Documents/DIG 4725-2/HotelBete/Saved/Collections/' took 0.01s
[2016.04.10-16.45.03:346][  0]LogFileCache: Scanning file cache for directory 'F:/My Media/UCF Documents/DIG 4725-2/HotelBete/Content/Developers/aehrl/Collections/' took 0.01s
[2016.04.10-16.45.03:346][  0]LogFileCache: Scanning file cache for directory 'F:/My Media/UCF Documents/DIG 4725-2/HotelBete/Content/Collections/' took 0.01s
[2016.04.10-16.45.03:346][  0]LogCollectionManager: Rebuilt the GUID cache for 0 collections in 0.000001 seconds
[2016.04.10-16.45.03:351][  0]LogContentBrowser: Native class hierarchy populated in 0.0045 seconds. Added 1908 classes and 344 folders.
[2016.04.10-16.45.03:354][  0]LogContentBrowser: Native class hierarchy updated for 'WidgetCarousel' in 0.0002 seconds. Added 0 classes and 0 folders.
[2016.04.10-16.45.03:377][  0]LogContentBrowser: Native class hierarchy updated for 'AddContentDialog' in 0.0002 seconds. Added 0 classes and 0 folders.
[2016.04.10-16.45.03:382][  0]LogContentBrowser: Native class hierarchy updated for 'SceneOutliner' in 0.0002 seconds. Added 1 classes and 2 folders.
[2016.04.10-16.45.03:388][  0]LogCrashTracker: Crashtracker disabled due to settings.
[2016.04.10-16.45.03:392][  0]LogUObjectGlobals:Warning: Failed to find object 'Class None.'
[2016.04.10-16.45.03:414][  0]LogLoad: Full Startup: 4.55 seconds (BP compile: 0.43 seconds)
[2016.04.10-16.45.03:424][  0]LogOcInput: Can't find Oculus library dev build: is proper Runtime installed? Version: 0.8.0.0
[2016.04.10-16.45.03:458][  0]LogContentStreaming: Texture pool size now 1000 MB
[2016.04.10-16.45.03:556][  0]LogRenderer: Reallocating scene render targets to support 1208x608 (Frame:2).
[2016.04.10-16.45.03:826][  9]LogAssetRegistry: Asset discovery search completed in 2.8276 seconds
[2016.04.10-16.45.03:826][  9]LogCollectionManager: Rebuilt the object cache for 0 collections in 0.000000 seconds (found 0 objects)
[2016.04.10-16.45.03:826][  9]LogCollectionManager: Fixed up redirectors for 0 collections in 0.000016 seconds (updated 0 objects)
[2016.04.10-16.45.21:070][ 33]LogLinker:Warning: Asset '../../../Engine/Content/ArtTools/RenderToTexture/Macros/RenderToTextureMacros.uasset' has been saved with empty engine version. The asset will be loaded but may be incompatible.
[2016.04.10-16.45.21:313][ 33]LogContentBrowser: Native class hierarchy updated for 'BlueprintGraph' in 0.0004 seconds. Added 107 classes and 0 folders.
[2016.04.10-16.45.31:307][179]LogWindows:Error: Windows GetLastError: The operation completed successfully. (0)
[2016.04.10-16.45.31:426][179]LogCrashTracker: 


[2016.04.10-16.45.31:426][179]LogCrashTracker: 


[2016.04.10-16.45.31:426][179]LogWindows:Error: === Critical error: ===
Assertion failed: ParentIndex != INDEX_NONE [File:D:\BuildFarm\buildmachine_++depot+UE4-Releases+4.10\Engine\Source\Runtime\Slate\Private\Framework\Application\MenuStack.cpp] [Line: 490] 





[2016.04.10-16.45.31:465][179]LogExit: Executing StaticShutdownAfterError
[2016.04.10-16.45.31:468][179]LogPhysics:Warning: PHYSX: ..\..\PhysX\src\NpScene.cpp (2946) 8 : PxScene::unlockWrite() called without matching call to PxScene::lockWrite(), behaviour will be undefined.
[2016.04.10-16.45.31:468][179]LogPhysics:Warning: PHYSX: ..\..\PhysX\src\NpScene.cpp (2946) 8 : PxScene::unlockWrite() called without matching call to PxScene::lockWrite(), behaviour will be undefined.
[2016.04.10-16.45.31:468][179]LogPhysics:Warning: PHYSX: ..\..\PhysX\src\NpScene.cpp (2946) 8 : PxScene::unlockWrite() called without matching call to PxScene::lockWrite(), behaviour will be undefined.
[2016.04.10-16.45.31:468][179]LogPhysics:Warning: PHYSX: ..\..\PhysX\src\NpScene.cpp (2946) 8 : PxScene::unlockWrite() called without matching call to PxScene::lockWrite(), behaviour will be undefined.
[2016.04.10-16.45.31:468][179]LogWindows: FPlatformMisc::RequestExit(1)
[2016.04.10-16.45.31:468][179]Log file closed, 04/10/16 12:45:31
