[2016.04.11-22.43.34:520][  0]Log file open, 04/11/16 18:43:34
[2016.04.11-22.43.34:520][  0]LogInit:Display: Running engine for game: Hotel
[2016.04.11-22.43.34:520][  0]LogPlatformFile: Not using cached read wrapper
[2016.04.11-22.43.34:520][  0]LogInit:Display: RandInit(-16585071) SRandInit(-16585050).
[2016.04.11-22.43.34:520][  0]LogTaskGraph: Started task graph with 4 named threads and 7 total threads.
[2016.04.11-22.43.34:520][  0]LogStats: Stats thread started at 0.070113
[2016.04.11-22.43.34:520][  0]LogInit: Version: 4.10.4-2872498+++depot+UE4-Releases+4.10
[2016.04.11-22.43.34:520][  0]LogInit: API Version: 2758231
[2016.04.11-22.43.34:520][  0]LogInit: Compiled (64-bit): Feb 18 2016 15:47:04
[2016.04.11-22.43.34:520][  0]LogInit: Compiled with Visual C++: 19.00.23026.00
[2016.04.11-22.43.34:520][  0]LogInit: Build Configuration: Development
[2016.04.11-22.43.34:520][  0]LogInit: Branch Name: ++depot+UE4-Releases+4.10
[2016.04.11-22.43.34:520][  0]LogInit: Command line:  
[2016.04.11-22.43.34:520][  0]LogInit: Base directory: E:/Program Files (x86)/Epic Games/4.10/Engine/Binaries/Win64/
[2016.04.11-22.43.34:520][  0]LogInit: Rocket: 1
[2016.04.11-22.43.34:520][  0]LogInit: Using libcurl 7.41.0
[2016.04.11-22.43.34:520][  0]LogInit:  - built for x86_64-pc-win32
[2016.04.11-22.43.34:520][  0]LogInit:  - supports SSL with WinSSL
[2016.04.11-22.43.34:520][  0]LogInit:  - other features:
[2016.04.11-22.43.34:520][  0]LogInit:      CURL_VERSION_SSL
[2016.04.11-22.43.34:520][  0]LogInit:      CURL_VERSION_IPV6
[2016.04.11-22.43.34:520][  0]LogInit:      CURL_VERSION_ASYNCHDNS
[2016.04.11-22.43.34:520][  0]LogInit:      CURL_VERSION_LARGEFILE
[2016.04.11-22.43.34:520][  0]LogInit:      CURL_VERSION_IDN
[2016.04.11-22.43.34:520][  0]LogInit:  CurlRequestOptions (configurable via config and command line):
[2016.04.11-22.43.34:520][  0]LogInit:  - bVerifyPeer = true  - Libcurl will verify peer certificate
[2016.04.11-22.43.34:520][  0]LogInit:  - bUseHttpProxy = false  - Libcurl will NOT use HTTP proxy
[2016.04.11-22.43.34:520][  0]LogInit:  - bDontReuseConnections = false  - Libcurl will reuse connections
[2016.04.11-22.43.34:520][  0]LogInit:  - CertBundlePath = nullptr  - Libcurl will use whatever was configured at build time.
[2016.04.11-22.43.34:530][  0]LogInit: Presizing for 0 objects not considered by GC, pre-allocating 0 bytes.
[2016.04.11-22.43.34:540][  0]LogInit: Object subsystem initialized
[2016.04.11-22.43.34:540][  0]LogInit: Selected Device Profile: [Windows]
[2016.04.11-22.43.34:540][  0]LogInit: Applying CVar settings loaded from the selected device profile: [Windows]
[2016.04.11-22.43.34:550][  0]LogInit: Computer: MANDY-PC
[2016.04.11-22.43.34:550][  0]LogInit: User: Mandy
[2016.04.11-22.43.34:550][  0]LogInit: CPU Page size=4096, Cores=4
[2016.04.11-22.43.34:550][  0]LogInit: High frequency timer resolution =14.318180 MHz
[2016.04.11-22.43.34:550][  0]LogMemory: Memory total: Physical=16.0GB (16GB approx)
[2016.04.11-22.43.34:550][  0]LogMemory: Platform Memory Stats for Windows
[2016.04.11-22.43.34:550][  0]LogMemory: Process Physical Memory: 56.29 MB used, 56.29 MB peak
[2016.04.11-22.43.34:550][  0]LogMemory: Process Virtual Memory: 59.68 MB used, 59.68 MB peak
[2016.04.11-22.43.34:550][  0]LogMemory: Physical Memory: 3786.88 MB used, 16383.18 MB total
[2016.04.11-22.43.34:550][  0]LogMemory: Virtual Memory: 354.59 MB used, 8388608.00 MB total
[2016.04.11-22.43.34:601][  0]LogTextLocalizationManager: No specific translations for ('en-US') exist, so ('en') translations will be used.
[2016.04.11-22.43.35:210][  0]LogD3D11RHI: Found D3D11 adapter 0: NVIDIA GeForce GTX 750 (Feature Level 11_0)
[2016.04.11-22.43.35:210][  0]LogD3D11RHI: Adapter has 972MB of dedicated video memory, 0MB of dedicated system memory, and 3072MB of shared system memory, 2 output[s]
[2016.04.11-22.43.35:210][  0]LogD3D11RHI: Chosen D3D11 Adapter Id = 0
[2016.04.11-22.43.35:218][  0]LogD3D11RHI: !Direct3DDevice
[2016.04.11-22.43.35:218][  0]LogRHI: Texture pool is 680 MB (70% of 972 MB)
[2016.04.11-22.43.35:228][  0]LogD3D11RHI: Async texture creation enabled
[2016.04.11-22.43.35:243][  0]LogShaderCompilers: Guid format shader working directory is -10 characters bigger than the processId version (../../../../../../Users/Mandy/Documents/GitHub/HotelBete/Intermediate/Shaders/WorkingDirectory/6016/).
[2016.04.11-22.43.35:243][  0]LogShaderCompilers: Cleaned the shader compiler working directory 'C:/Users/Mandy/AppData/Local/Temp/UnrealShaderWorkingDir/DA96EBDF40C983BF00418B83D4BB0A60/'.
[2016.04.11-22.43.35:243][  0]LogShaderCompilers:Display: Using Local Shader Compiler.
[2016.04.11-22.43.36:371][  0]LogTemp:Display: Loaded TP AllDesktopTargetPlatform
[2016.04.11-22.43.36:376][  0]LogTemp:Display: Loaded TP WindowsClientTargetPlatform
[2016.04.11-22.43.36:381][  0]LogTemp:Display: Loaded TP WindowsNoEditorTargetPlatform
[2016.04.11-22.43.36:385][  0]LogTemp:Display: Loaded TP WindowsServerTargetPlatform
[2016.04.11-22.43.36:390][  0]LogTemp:Display: Loaded TP WindowsTargetPlatform
[2016.04.11-22.43.36:394][  0]LogTemp:Display: Loaded TP AndroidTargetPlatform
[2016.04.11-22.43.36:397][  0]LogTemp:Display: Loaded TP Android_ASTCTargetPlatform
[2016.04.11-22.43.36:401][  0]LogTemp:Display: Loaded TP Android_ATCTargetPlatform
[2016.04.11-22.43.36:404][  0]LogTemp:Display: Loaded TP Android_DXTTargetPlatform
[2016.04.11-22.43.36:407][  0]LogTemp:Display: Loaded TP Android_ETC1TargetPlatform
[2016.04.11-22.43.36:410][  0]LogTemp:Display: Loaded TP Android_ETC2TargetPlatform
[2016.04.11-22.43.36:417][  0]LogTemp:Display: Loaded TP Android_MultiTargetPlatform
[2016.04.11-22.43.36:417][  0]LogTemp:Display: Loaded TP Android_PVRTCTargetPlatform
[2016.04.11-22.43.36:418][  0]LogTemp:Display: Loaded TP HTML5TargetPlatform
[2016.04.11-22.43.36:434][  0]LogTemp:Display: Loaded TP IOSTargetPlatform
[2016.04.11-22.43.36:437][  0]LogTemp:Display: Loaded TP LinuxNoEditorTargetPlatform
[2016.04.11-22.43.36:441][  0]LogTemp:Display: Loaded TP LinuxServerTargetPlatform
[2016.04.11-22.43.36:444][  0]LogTemp:Display: Loaded TP LinuxTargetPlatform
[2016.04.11-22.43.36:444][  0]LogTargetPlatformManager:Display: Building Assets For Windows
[2016.04.11-22.43.36:511][  0]LogDerivedDataCache:Display: Max Cache Size: 512 MB
[2016.04.11-22.43.36:597][  0]LogDerivedDataCache: Loaded boot cache 0.09s 41MB C:/Users/Mandy/AppData/Local/UnrealEngine/4.10/DerivedDataCache/Boot.ddc.
[2016.04.11-22.43.36:597][  0]LogDerivedDataCache:Display: Loaded Boot cache: C:/Users/Mandy/AppData/Local/UnrealEngine/4.10/DerivedDataCache/Boot.ddc
[2016.04.11-22.43.36:597][  0]LogDerivedDataCache: FDerivedDataBackendGraph:  Pak pak cache file ../../../../../../Users/Mandy/Documents/GitHub/HotelBete/DerivedDataCache/DDC.ddp not found, will not use a pak cache.
[2016.04.11-22.43.36:597][  0]LogDerivedDataCache: Unable to find inner node Pak for hierarchical cache Hierarchy.
[2016.04.11-22.43.36:597][  0]LogDerivedDataCache: FDerivedDataBackendGraph:  CompressedPak pak cache file ../../../../../../Users/Mandy/Documents/GitHub/HotelBete/DerivedDataCache/Compressed.ddp not found, will not use a pak cache.
[2016.04.11-22.43.36:597][  0]LogDerivedDataCache: Unable to find inner node CompressedPak for hierarchical cache Hierarchy.
[2016.04.11-22.43.36:688][  0]LogDerivedDataCache:Display: Pak cache opened for reading ../../../Engine/DerivedDataCache/Compressed.ddp.
[2016.04.11-22.43.36:699][  0]LogDerivedDataCache: Using Local data cache path C:/Users/Mandy/AppData/Local/UnrealEngine/Common/DerivedDataCache: Writable
[2016.04.11-22.43.36:903][  0]LogInit: Selected Device Profile: [Windows]
[2016.04.11-22.43.36:903][  0]LogContentStreaming: Texture pool size is 0.000000MB
[2016.04.11-22.43.36:941][  0]LogMeshUtilities: No automatic mesh reduction module available
[2016.04.11-22.43.36:941][  0]LogMeshUtilities: No automatic mesh merging module available
[2016.04.11-22.43.37:386][  0]LogInit: WinSock: version 1.1 (2.2), MaxSocks=32767, MaxUdp=65467
[2016.04.11-22.43.38:196][  0]LogAssetRegistry: FAssetRegistry took 0.0107 seconds to start up
[2016.04.11-22.43.38:210][  0]UdpMessaging: Initializing bridge on interface 0.0.0.0:0 to multicast group 230.0.0.1:6666.
[2016.04.11-22.43.38:461][  0]SourceControl: Info Source control is disabled
[2016.04.11-22.43.38:462][  0]SourceControl: Info Source control is disabled
[2016.04.11-22.43.38:473][  0]SourceControl: Info Source control is disabled
[2016.04.11-22.43.38:481][  0]SourceControl: Info Source control is disabled
[2016.04.11-22.43.38:726][  0]LogObj: 28802 objects as part of root set at end of initial load.
[2016.04.11-22.43.38:726][  0]LogUObjectAllocator: 6129776 out of 0 bytes used by permanent object pool.
[2016.04.11-22.43.38:817][  0]LogEngine: Initializing Engine...
[2016.04.11-22.43.38:819][  0]LogHMD: Can't find Oculus library dev build: is proper Runtime installed? Version: 0.8.0.0
[2016.04.11-22.43.38:819][  0]LogHMD: SteamVR failed to initialize.  Err: 110
[2016.04.11-22.43.39:004][  0]LogAIModule: Creating AISystem for world NewWorld
[2016.04.11-22.43.39:010][  0]LogInit: XAudio2 using 'Speakers (2- Logitech USB Headset)' : 2 channels at 44.1 kHz using 16 bits per sample (channel mask 0x3)
[2016.04.11-22.43.39:018][  0]LogInit: FAudioDevice initialized.
[2016.04.11-22.43.39:061][  0]LogDerivedDataCache: Saved boot cache 0.04s 41MB C:/Users/Mandy/AppData/Local/UnrealEngine/4.10/DerivedDataCache/Boot.ddc.
[2016.04.11-22.43.39:078][  0]LogInit: Texture streaming: Enabled
[2016.04.11-22.43.39:083][  0]LogAnalytics: Creating configured Analytics provider AnalyticsET
[2016.04.11-22.43.39:083][  0]LogAnalytics: [UEEditor.Rocket.Release] APIServer = http://et2.epicgames.com/ET2/. AppVersion = 4.10.4-2872498+++depot+UE4-Releases+4.10
[2016.04.11-22.43.39:083][  0]LogAnalytics: [UEEditor.Rocket.Release] SetUserId e0d98b0e467b55d21c5013962f69b996|a1543627d61e4593a39d507d0813b255|cef8b6ba-01d0-47b7-a028-3b7e918a90c5
[2016.04.11-22.43.39:083][  0]LogAnalytics: [UEEditor.Rocket.Release] AnalyticsET::StartSession
[2016.04.11-22.43.39:113][  0]LogInit: Transaction tracking system initialized
[2016.04.11-22.43.39:143][  0]BlueprintLog: New page: Editor Load
[2016.04.11-22.43.39:208][  0]LocalizationService: Info Localization service is disabled
[2016.04.11-22.43.39:274][  0]LogConsoleResponse:Display: 
[2016.04.11-22.43.39:440][  0]LogCook:Display: Done creating registry. It took  0.00s.
[2016.04.11-22.43.39:488][  0]LogFileCache: Scanning file cache for directory 'E:/Users/Mandy/Documents/GitHub/HotelBete/Content/' took 0.02s
[2016.04.11-22.43.39:488][  0]SourceControl: Info Source control is disabled
[2016.04.11-22.43.39:488][  0]Cmd: MAP LOAD FILE="../../../../../../Users/Mandy/Documents/GitHub/HotelBete/Content/Hotel/Levels/Menu.umap" TEMPLATE=0 SHOWPROGRESS=1 FEATURELEVEL=3
[2016.04.11-22.43.39:499][  0]LightingResults: New page: Lighting Build
[2016.04.11-22.43.39:502][  0]MapCheck: New page: Map Check
[2016.04.11-22.43.39:502][  0]LightingResults: New page: Lighting Build
[2016.04.11-22.43.39:528][  0]LogParticles: Destroying 0 GPU particle simulations for FXSystem 0x0000000024CCAAC0
[2016.04.11-22.43.50:123][  0]LogAIModule: Creating AISystem for world Menu
[2016.04.11-22.43.50:125][  0]LogEditorServer: Finished looking for orphan Actors (0.000 secs)
[2016.04.11-22.43.50:126][  0]Cmd: MAP CHECKDEP NOCLEARLOG
[2016.04.11-22.43.50:215][  0]MapCheck: Info Map check complete: 0 Error(s), 0 Warning(s), took 88.875ms to complete.
[2016.04.11-22.43.50:215][  0]LogFileHelpers: Loading map 'Menu' took 10.728
[2016.04.11-22.43.50:341][  0]LogCollectionManager: Loaded 0 collections in 0.001366 seconds
[2016.04.11-22.43.50:381][  0]LogFileCache: Scanning file cache for directory 'E:/Users/Mandy/Documents/GitHub/HotelBete/Saved/Collections/' took 0.01s
[2016.04.11-22.43.50:381][  0]LogFileCache: Scanning file cache for directory 'E:/Users/Mandy/Documents/GitHub/HotelBete/Content/Developers/Mandy/Collections/' took 0.01s
[2016.04.11-22.43.50:381][  0]LogFileCache: Scanning file cache for directory 'E:/Users/Mandy/Documents/GitHub/HotelBete/Content/Collections/' took 0.01s
[2016.04.11-22.43.50:381][  0]LogCollectionManager: Rebuilt the GUID cache for 0 collections in 0.000003 seconds
[2016.04.11-22.43.50:392][  0]LogContentBrowser: Native class hierarchy populated in 0.0114 seconds. Added 1908 classes and 344 folders.
[2016.04.11-22.43.50:398][  0]LogContentBrowser: Native class hierarchy updated for 'WidgetCarousel' in 0.0005 seconds. Added 0 classes and 0 folders.
[2016.04.11-22.43.50:452][  0]LogContentBrowser: Native class hierarchy updated for 'AddContentDialog' in 0.0007 seconds. Added 0 classes and 0 folders.
[2016.04.11-22.43.50:457][  0]LogContentBrowser: Native class hierarchy updated for 'SceneOutliner' in 0.0005 seconds. Added 1 classes and 2 folders.
[2016.04.11-22.43.50:543][  0]LogCrashTracker: Crashtracker disabled due to settings.
[2016.04.11-22.43.50:550][  0]LogUObjectGlobals:Warning: Failed to find object 'Class None.'
[2016.04.11-22.43.50:575][  0]LogLoad: Full Startup: 16.55 seconds (BP compile: 1.26 seconds)
[2016.04.11-22.43.50:915][  0]LogOcInput: Can't find Oculus library dev build: is proper Runtime installed? Version: 0.8.0.0
[2016.04.11-22.43.50:986][  0]LogContentStreaming: Texture pool size now 1000 MB
[2016.04.11-22.43.51:229][  0]LogRenderer: Reallocating scene render targets to support 1208x568 (Frame:2).
[2016.04.11-22.43.56:752][ 17]LogAssetRegistry: Asset discovery search completed in 18.5668 seconds
[2016.04.11-22.43.56:752][ 17]LogCollectionManager: Rebuilt the object cache for 0 collections in 0.000002 seconds (found 0 objects)
[2016.04.11-22.43.56:752][ 17]LogCollectionManager: Fixed up redirectors for 0 collections in 0.000025 seconds (updated 0 objects)
[2016.04.11-22.44.05:718][219]LogMaterial: Missing cached shader map for material M_Orange_Shiny_Highlighted, compiling. 
[2016.04.11-22.44.05:912][219]LogMaterial: Missing cached shader map for material Toilet2, compiling. 
[2016.04.11-22.44.06:212][219]LogAIModule: Creating AISystem for world World
[2016.04.11-22.44.06:215][219]LogParticles:Warning: InitializeSystem called on an unregistered component. Template=/Game/StarterContent/Particles/Breath.Breath Component=/Game/Hotel/Levels/World.World:PersistentLevel.Breath.ParticleSystemComponent0
[2016.04.11-22.44.06:229][219]LogParticles:Warning: InitializeSystem called on an unregistered component. Template=/Game/StarterContent/Particles/ItemMarker.ItemMarker Component=/Game/Hotel/Levels/World.World:PersistentLevel.ItemMarker.ParticleSystemComponent0
[2016.04.11-22.44.06:229][219]LogParticles:Warning: InitializeSystem called on an unregistered component. Template=/Game/StarterContent/Particles/Dust.Dust Component=/Game/Hotel/Levels/World.World:PersistentLevel.Dust_2.ParticleSystemComponent0
[2016.04.11-22.44.06:232][219]LogParticles:Warning: InitializeSystem called on an unregistered component. Template=/Game/StarterContent/Particles/Dust.Dust Component=/Game/Hotel/Levels/World.World:PersistentLevel.Dust2.ParticleSystemComponent0
[2016.04.11-22.44.06:232][219]LogParticles:Warning: InitializeSystem called on an unregistered component. Template=/Game/StarterContent/Particles/Dust.Dust Component=/Game/Hotel/Levels/World.World:PersistentLevel.Dust3.ParticleSystemComponent0
[2016.04.11-22.44.06:647][219]Cmd: MAP LOAD FILE="../../../../../../Users/Mandy/Documents/GitHub/HotelBete/Content/Hotel/Levels/World.umap" TEMPLATE=0 SHOWPROGRESS=1 FEATURELEVEL=3
[2016.04.11-22.44.06:649][219]LightingResults: New page: Lighting Build
[2016.04.11-22.44.06:674][219]LoadErrors: New page: Loading map: World.umap
[2016.04.11-22.44.06:675][219]MapCheck: New page: Map Check
[2016.04.11-22.44.06:675][219]LightingResults: New page: Lighting Build
[2016.04.11-22.44.06:742][219]LogParticles: Destroying 0 GPU particle simulations for FXSystem 0x00000000374487C0
[2016.04.11-22.44.07:014][219]LogEditorServer: Finished looking for orphan Actors (0.000 secs)
[2016.04.11-22.44.07:127][219]Cmd: MAP CHECKDEP NOCLEARLOG
[2016.04.11-22.44.07:329][219]MapCheck: Info Map check complete: 0 Error(s), 0 Warning(s), took 200.841ms to complete.
[2016.04.11-22.44.07:331][219]LogFileHelpers: Loading map 'World' took 0.711
[2016.04.11-22.44.07:346][219]LoadErrors:Error: Error /Game/FirstPersonBP/Blueprints/Enemy : Failed import for Enemy_C /Game/Hotel/Blueprints/Enemies/Enemy.Default__Enemy_C [redirection] in /Game/FirstPersonBP/Blueprints/Enemy
[2016.04.11-22.44.16:620][399]LogEditorViewport: Clicking on Actor (LMB): StaticMeshActor (guest_floor_haunted2)
[2016.04.11-22.44.18:610][482]LogEditorViewport: Clicking on Actor (LMB): StaticMeshActor (guest_floor_haunted2)
[2016.04.11-22.44.36:877][832]LogEditorFactories: Performing atomic reimport of [C:/Users/Mandy/Documents/maya/projects/default/scenes/guest_floor_haunted.fbx]
[2016.04.11-22.44.36:984][832]LogFbx: Loading FBX Scene from C:/Users/Mandy/Documents/maya/projects/default/scenes/guest_floor_haunted.fbx
[2016.04.11-22.44.37:413][832]LogFbx: FBX Scene Loaded Succesfully
[2016.04.11-22.44.37:476][832]LogFbx:Warning: Warning Warning: No smoothing group information was found in this FBX scene.  Please make sure to enable the 'Export Smoothing Groups' option in the FBX Exporter plug-in before exporting the file.  Even for tools that don't support smoothing groups, the FBX Exporter will generate appropriate smoothing data at export-time so that correct vertex normals can be inferred while importing.
[2016.04.11-22.44.37:520][832]LogFbx:Warning: Triangulating static mesh Columns
[2016.04.11-22.44.39:418][832]LogFbx:Warning: Triangulating static mesh Object273
[2016.04.11-22.44.39:463][832]LogFbx:Warning: Triangulating static mesh 2FGlass
[2016.04.11-22.44.40:158][832]LogLinker:Warning: Can't find file '/Game/Hotel/Art/Models/Guest_Floor/1stGuestFloor_Floor'
[2016.04.11-22.44.40:159][832]LogLinker:Warning: Can't find file '/Game/Hotel/Art/Models/Guest_Floor/1stGuestFloor_Floor'
[2016.04.11-22.44.40:168][832]LogMaterial: Missing cached shader map for material 1stGuestFloor_Floor, compiling. 
[2016.04.11-22.44.40:476][832]LogStaticMesh: Building static mesh guest_floor_haunted...
[2016.04.11-22.44.44:153][832]LogStaticMesh: Built static mesh [3.677110.2s] /Game/Hotel/Art/Models/Guest_Floor/guest_floor_haunted.guest_floor_haunted
[2016.04.11-22.44.44:408][832]LogStaticMesh:Warning: guest_floor_haunted has degenerate tangent bases which will result in incorrect shading. 
[2016.04.11-22.44.44:412][832]LogFbx:Warning: Warning guest_floor_haunted has degenerate tangent bases which will result in incorrect shading. 
[2016.04.11-22.44.44:694][832]LogEditorFactories: -- imported successfully
[2016.04.11-22.45.36:765][633]LogMaterial: Missing cached shader map for material lambert1, compiling. 
[2016.04.11-22.45.36:897][633]LogMaterial: Missing cached shader map for material lambert1, compiling. 
[2016.04.11-22.45.36:904][633]LogMaterial: 0.000075 seconds spent updating 1 materials, 1 interfaces, 0 instances, 0 with static permutations.
[2016.04.11-22.45.36:937][633]LogMaterial: Missing cached shader map for material FMatExpressionPreview MaterialExpressionTextureSample_8, compiling. 
[2016.04.11-22.45.36:941][633]LogMaterial: Missing cached shader map for material FMatExpressionPreview MaterialExpressionTextureSample_9, compiling. 
[2016.04.11-22.45.36:948][633]LogMaterial: Missing cached shader map for material FMatExpressionPreview MaterialExpressionTextureSample_10, compiling. 
[2016.04.11-22.45.36:953][633]LogMaterial: Missing cached shader map for material FMatExpressionPreview MaterialExpressionTextureSample_11, compiling. 
[2016.04.11-22.45.41:434][887]MaterialEditorStats: Info Base pass shader with static lighting: 85 instructions
[2016.04.11-22.45.41:434][887]MaterialEditorStats: Info Base pass shader with only dynamic lighting: 50 instructions
[2016.04.11-22.45.41:434][887]MaterialEditorStats: Info Vertex shader: 33 instructions
[2016.04.11-22.45.41:434][887]MaterialEditorStats: Info Texture samplers: 6/16
[2016.04.11-22.45.47:758][268]LogMaterial: Missing cached shader map for material lambert1, compiling. 
[2016.04.11-22.45.47:765][268]LogMaterial:Warning: FMaterialUniformExpressionTexture had invalid TextureIndex! (3 / 3)
[2016.04.11-22.45.47:765][268]LogMaterial: 0.000247 seconds spent updating 1 materials, 1 interfaces, 0 instances, 0 with static permutations.
[2016.04.11-22.45.49:821][392]LogMaterialEditor: Applying material lambert1
[2016.04.11-22.45.50:805][392]LogMaterial: Missing cached shader map for material lambert1, compiling. 
[2016.04.11-22.45.50:831][392]LogMaterial: 0.000682 seconds spent updating 1 materials, 1 interfaces, 0 instances, 0 with static permutations.
[2016.04.11-22.45.51:047][392]LogMaterial: Missing cached shader map for material lambert1, compiling. 
[2016.04.11-22.45.51:073][392]LogMaterial: Missing cached shader map for material lambert1, compiling. 
[2016.04.11-22.45.51:086][392]LogMaterial: 0.003397 seconds spent updating 1 materials, 1 interfaces, 0 instances, 0 with static permutations.
[2016.04.11-22.45.51:751][411]LogMaterialEditor: Saving and Compiling material lambert1
[2016.04.11-22.45.56:097][411]Cmd: OBJ SAVEPACKAGE PACKAGE="/Game/Hotel/Art/Models/Rubble1/lambert1" FILE="../../../../../../Users/Mandy/Documents/GitHub/HotelBete/Content/Hotel/Art/Models/Rubble1/lambert1.uasset" SILENT=true
[2016.04.11-22.45.56:122][411]LogSavePackage: Save=18.710758ms
[2016.04.11-22.45.56:122][411]LogSavePackage: Moving '../../../../../../Users/Mandy/Documents/GitHub/HotelBete/Saved/lambert142B2CD8D4BADAB9A54A82BBBF4049E03.tmp' to '../../../../../../Users/Mandy/Documents/GitHub/HotelBete/Content/Hotel/Art/Models/Rubble1/lambert1.uasset'
[2016.04.11-22.45.56:123][411]LogSavePackage: Total save time: 25.520980ms
[2016.04.11-22.45.56:123][411]LogSavePackage:Display: Finished SavePackage ../../../../../../Users/Mandy/Documents/GitHub/HotelBete/Content/Hotel/Art/Models/Rubble1/lambert1.uasset
[2016.04.11-22.45.56:136][412]MaterialEditorStats: Info Base pass shader with static lighting: 102 instructions
[2016.04.11-22.45.56:136][412]MaterialEditorStats: Info Base pass shader with only dynamic lighting: 67 instructions
[2016.04.11-22.45.56:136][412]MaterialEditorStats: Info Vertex shader: 33 instructions
[2016.04.11-22.45.56:136][412]MaterialEditorStats: Info Texture samplers: 6/16
[2016.04.11-22.46.03:447][  9]LogRenderer: Reallocating scene render targets to support 1432x912 (Frame:3653).
[2016.04.11-22.46.33:520][955]LogFactory: FactoryCreateBinary: StaticMesh with FbxFactory (0 0 E:\Users\Mandy\Documents\HauntedModelFiles\Rubble\Rubble.fbx)
[2016.04.11-22.46.33:557][955]LogFbx: ItemName: GlobalSettings, ItemCount : 1
[2016.04.11-22.46.33:557][955]LogFbx: ItemName: AnimationStack, ItemCount : 1
[2016.04.11-22.46.33:557][955]LogFbx: ItemName: AnimationLayer, ItemCount : 1
[2016.04.11-22.46.33:557][955]LogFbx: ItemName: Geometry, ItemCount : 1
[2016.04.11-22.46.33:557][955]LogFbx: ItemName: Material, ItemCount : 1
[2016.04.11-22.46.33:557][955]LogFbx: ItemName: Model, ItemCount : 1
[2016.04.11-22.46.33:626][955]LogFbx: Loading FBX Scene from E:\Users\Mandy\Documents\HauntedModelFiles\Rubble\Rubble.fbx
[2016.04.11-22.46.33:696][955]LogFbx: FBX Scene Loaded Succesfully
[2016.04.11-22.46.35:140][955]LogFbx: Loading FBX Scene from E:\Users\Mandy\Documents\HauntedModelFiles\Rubble\Rubble.fbx
[2016.04.11-22.46.35:211][955]LogFbx: FBX Scene Loaded Succesfully
[2016.04.11-22.46.35:233][955]LogLinker:Warning: Can't find file '/Game/Hotel/Art/Models/Rubble1/lambert2'
[2016.04.11-22.46.35:233][955]LogLinker:Warning: Can't find file '/Game/Hotel/Art/Models/Rubble1/lambert2'
[2016.04.11-22.46.35:241][955]LogMaterial: Missing cached shader map for material lambert2, compiling. 
[2016.04.11-22.46.35:269][955]LogStaticMesh: Building static mesh Rubble...
[2016.04.11-22.46.35:283][955]LogStaticMesh: Built static mesh [0.014763.2s] /Game/Hotel/Art/Models/Rubble1/Rubble.Rubble
[2016.04.11-22.46.43:559][335]LogParticles: Destroying 0 GPU particle simulations for FXSystem 0x0000000044B95C60
[2016.04.11-22.46.43:559][335]LogParticles: Destroying 0 GPU particle simulations for FXSystem 0x0000000074A9E480
[2016.04.11-22.47.05:421][ 96]LogEditorFactories: Performing atomic reimport of [E:/Users/Mandy/Documents/HauntedModelFiles/Rubble/Rubble.fbx]
[2016.04.11-22.47.05:563][ 96]LogFbx: Loading FBX Scene from E:/Users/Mandy/Documents/HauntedModelFiles/Rubble/Rubble.fbx
[2016.04.11-22.47.05:633][ 96]LogFbx: FBX Scene Loaded Succesfully
[2016.04.11-22.47.05:679][ 96]LogStaticMesh: Building static mesh Rubble01...
[2016.04.11-22.47.05:693][ 96]LogStaticMesh: Built static mesh [0.014814.2s] /Game/Hotel/Art/Models/Rubble1/Rubble01.Rubble01
[2016.04.11-22.47.05:707][ 96]LogEditorFactories: -- imported successfully
[2016.04.11-22.47.10:592][377]LogEditorViewport: Clicking on Actor (LMB): StaticMeshActor (Rubble10)
[2016.04.11-22.47.29:483][  6]LogEditorFactories: Performing atomic reimport of [E:/Users/Mandy/Documents/HauntedModelFiles/Rubble/Rubble2.fbx]
[2016.04.11-22.47.29:585][  6]LogFbx: Loading FBX Scene from E:/Users/Mandy/Documents/HauntedModelFiles/Rubble/Rubble2.fbx
[2016.04.11-22.47.29:654][  6]LogFbx: FBX Scene Loaded Succesfully
[2016.04.11-22.47.29:696][  6]LogStaticMesh: Building static mesh Rubble02...
[2016.04.11-22.47.29:727][  6]LogStaticMesh: Built static mesh [0.031182.2s] /Game/Hotel/Art/Models/Rubble2/Rubble02.Rubble02
[2016.04.11-22.47.29:739][  6]LogEditorFactories: -- imported successfully
[2016.04.11-22.47.35:255][443]LogEditorViewport: Clicking on Actor (LMB): StaticMeshActor (guest_floor_haunted2)
[2016.04.11-22.47.39:919][769]LogMaterial: Missing cached shader map for material PreviewMaterial_0, compiling. 
[2016.04.11-22.47.40:006][769]LogMaterial: Missing cached shader map for material PreviewMaterial_0, compiling. 
[2016.04.11-22.47.40:011][769]LogMaterial: 0.000081 seconds spent updating 1 materials, 1 interfaces, 0 instances, 0 with static permutations.
[2016.04.11-22.47.40:035][769]LogMaterial: Missing cached shader map for material FMatExpressionPreview MaterialExpressionTextureSample_14, compiling. 
[2016.04.11-22.47.40:038][769]LogMaterial: Missing cached shader map for material FMatExpressionPreview MaterialExpressionTextureSample_17, compiling. 
[2016.04.11-22.47.40:042][769]LogMaterial: Missing cached shader map for material FMatExpressionPreview MaterialExpressionTextureSample_16, compiling. 
[2016.04.11-22.47.40:045][769]LogMaterial: Missing cached shader map for material FMatExpressionPreview MaterialExpressionTextureSample_15, compiling. 
[2016.04.11-22.47.41:883][867]MaterialEditorStats: Info Base pass shader with static lighting: 85 instructions
[2016.04.11-22.47.41:883][867]MaterialEditorStats: Info Base pass shader with only dynamic lighting: 50 instructions
[2016.04.11-22.47.41:883][867]MaterialEditorStats: Info Vertex shader: 33 instructions
[2016.04.11-22.47.41:883][867]MaterialEditorStats: Info Texture samplers: 6/16
[2016.04.11-22.47.43:561][ 32]LogMaterial: Missing cached shader map for material PreviewMaterial_0, compiling. 
[2016.04.11-22.47.43:567][ 32]LogMaterial: 0.000104 seconds spent updating 1 materials, 1 interfaces, 0 instances, 0 with static permutations.
[2016.04.11-22.47.44:882][132]LogMaterialEditor: Applying material lambert1
[2016.04.11-22.47.45:566][132]LogMaterial: Missing cached shader map for material PreviewMaterial_0, compiling. 
[2016.04.11-22.47.45:581][132]LogMaterial: 0.000070 seconds spent updating 1 materials, 1 interfaces, 0 instances, 0 with static permutations.
[2016.04.11-22.47.45:608][132]LogMaterial: Missing cached shader map for material lambert1, compiling. 
[2016.04.11-22.47.45:634][132]LogMaterial: Missing cached shader map for material lambert1, compiling. 
[2016.04.11-22.47.45:666][132]LogMaterial: 0.022383 seconds spent updating 1 materials, 1 interfaces, 0 instances, 0 with static permutations.
[2016.04.11-22.47.46:273][170]LogMaterialEditor: Saving and Compiling material lambert1
[2016.04.11-22.47.49:277][170]Cmd: OBJ SAVEPACKAGE PACKAGE="/Game/Hotel/Art/Models/Rubble2/lambert1" FILE="../../../../../../Users/Mandy/Documents/GitHub/HotelBete/Content/Hotel/Art/Models/Rubble2/lambert1.uasset" SILENT=true
[2016.04.11-22.47.49:297][170]LogSavePackage: Save=16.483870ms
[2016.04.11-22.47.49:297][170]LogSavePackage: Moving '../../../../../../Users/Mandy/Documents/GitHub/HotelBete/Saved/lambert125D568004D7E16543A161A8B136724A0.tmp' to '../../../../../../Users/Mandy/Documents/GitHub/HotelBete/Content/Hotel/Art/Models/Rubble2/lambert1.uasset'
[2016.04.11-22.47.49:298][170]LogSavePackage: Total save time: 19.669469ms
[2016.04.11-22.47.49:298][170]LogSavePackage:Display: Finished SavePackage ../../../../../../Users/Mandy/Documents/GitHub/HotelBete/Content/Hotel/Art/Models/Rubble2/lambert1.uasset
[2016.04.11-22.47.49:309][171]MaterialEditorStats: Info Base pass shader with static lighting: 102 instructions
[2016.04.11-22.47.49:309][171]MaterialEditorStats: Info Base pass shader with only dynamic lighting: 67 instructions
[2016.04.11-22.47.49:309][171]MaterialEditorStats: Info Vertex shader: 33 instructions
[2016.04.11-22.47.49:309][171]MaterialEditorStats: Info Texture samplers: 6/16
[2016.04.11-22.47.55:417][733]LogParticles: Destroying 0 GPU particle simulations for FXSystem 0x0000000064CEDDA0
[2016.04.11-22.47.55:418][733]LogParticles: Destroying 0 GPU particle simulations for FXSystem 0x0000000074A9DB20
[2016.04.11-22.47.55:558][733]Cmd: OBJ SAVEPACKAGE PACKAGE="/Game/Hotel/Levels/World" FILE="../../../../../../Users/Mandy/Documents/GitHub/HotelBete/Content/Hotel/Levels/World.umap" SILENT=true AUTOSAVING=false KEEPDIRTY=false
[2016.04.11-22.47.57:673][733]LogSavePackage: Save=2059.512695ms
[2016.04.11-22.47.57:673][733]LogSavePackage: Moving '../../../../../../Users/Mandy/Documents/GitHub/HotelBete/Saved/World452E196B4F7E6A663A0E8A99230303D3.tmp' to '../../../../../../Users/Mandy/Documents/GitHub/HotelBete/Content/Hotel/Levels/World.umap'
[2016.04.11-22.47.57:677][733]LogSavePackage: Total save time: 2089.838441ms
[2016.04.11-22.47.57:677][733]LogSavePackage:Display: Finished SavePackage ../../../../../../Users/Mandy/Documents/GitHub/HotelBete/Content/Hotel/Levels/World.umap
[2016.04.11-22.47.57:721][733]LogFileHelpers: Saving map 'World' took 2.274
[2016.04.11-22.47.57:796][733]LogSavePackage: Save=12.296046ms
[2016.04.11-22.47.57:796][733]LogSavePackage: Moving '../../../../../../Users/Mandy/Documents/GitHub/HotelBete/Saved/1stGuestFloor_FloorDE94BB1B425A4EC84FC34EB1050146E6.tmp' to '../../../../../../Users/Mandy/Documents/GitHub/HotelBete/Content/Hotel/Art/Models/Guest_Floor/1stGuestFloor_Floor.uasset'
[2016.04.11-22.47.57:797][733]LogSavePackage: Total save time: 13.581336ms
[2016.04.11-22.47.57:797][733]LogSavePackage:Display: Finished SavePackage ../../../../../../Users/Mandy/Documents/GitHub/HotelBete/Content/Hotel/Art/Models/Guest_Floor/1stGuestFloor_Floor.uasset
[2016.04.11-22.47.57:939][733]LogSavePackage: Save=26.670359ms
[2016.04.11-22.47.57:939][733]LogSavePackage: Moving '../../../../../../Users/Mandy/Documents/GitHub/HotelBete/Saved/guest_floor_hauntedDE705C7841E1B851B2954297BCD2A9BE.tmp' to '../../../../../../Users/Mandy/Documents/GitHub/HotelBete/Content/Hotel/Art/Models/Guest_Floor/guest_floor_haunted.uasset'
[2016.04.11-22.47.57:942][733]LogSavePackage: Total save time: 47.012541ms
[2016.04.11-22.47.57:942][733]LogSavePackage:Display: Finished SavePackage ../../../../../../Users/Mandy/Documents/GitHub/HotelBete/Content/Hotel/Art/Models/Guest_Floor/guest_floor_haunted.uasset
[2016.04.11-22.47.58:044][733]Cmd: OBJ SAVEPACKAGE PACKAGE="/Game/Hotel/Art/Models/Rubble1/Rubble01" FILE="../../../../../../Users/Mandy/Documents/GitHub/HotelBete/Content/Hotel/Art/Models/Rubble1/Rubble01.uasset" SILENT=true
[2016.04.11-22.47.58:064][733]LogSavePackage: Save=16.063425ms
[2016.04.11-22.47.58:064][733]LogSavePackage: Moving '../../../../../../Users/Mandy/Documents/GitHub/HotelBete/Saved/Rubble01D909F5C845060803A8C374AD1E60FBDC.tmp' to '../../../../../../Users/Mandy/Documents/GitHub/HotelBete/Content/Hotel/Art/Models/Rubble1/Rubble01.uasset'
[2016.04.11-22.47.58:065][733]LogSavePackage: Total save time: 20.091869ms
[2016.04.11-22.47.58:065][733]LogSavePackage:Display: Finished SavePackage ../../../../../../Users/Mandy/Documents/GitHub/HotelBete/Content/Hotel/Art/Models/Rubble1/Rubble01.uasset
[2016.04.11-22.47.58:126][733]Cmd: OBJ SAVEPACKAGE PACKAGE="/Game/Hotel/Art/Models/Rubble2/Rubble02" FILE="../../../../../../Users/Mandy/Documents/GitHub/HotelBete/Content/Hotel/Art/Models/Rubble2/Rubble02.uasset" SILENT=true
[2016.04.11-22.47.58:140][733]LogSavePackage: Save=11.538268ms
[2016.04.11-22.47.58:140][733]LogSavePackage: Moving '../../../../../../Users/Mandy/Documents/GitHub/HotelBete/Saved/Rubble02A516724541F5F7498755C381DD6CD131.tmp' to '../../../../../../Users/Mandy/Documents/GitHub/HotelBete/Content/Hotel/Art/Models/Rubble2/Rubble02.uasset'
[2016.04.11-22.47.58:141][733]LogSavePackage: Total save time: 14.691602ms
[2016.04.11-22.47.58:141][733]LogSavePackage:Display: Finished SavePackage ../../../../../../Users/Mandy/Documents/GitHub/HotelBete/Content/Hotel/Art/Models/Rubble2/Rubble02.uasset
[2016.04.11-22.48.46:736][613]Cmd: TRANSACTION UNDO
[2016.04.11-22.48.46:736][613]LogEditorTransaction: Undo Create Actors
[2016.04.11-22.48.59:953][630]LogEditorViewport: Clicking on Actor (LMB): StaticMeshActor (2nd_guest_floor_haunted)
[2016.04.11-22.49.35:526][ 49]Cmd: QUIT_EDITOR
[2016.04.11-22.49.35:746][ 49]LogExit: Preparing to exit.
[2016.04.11-22.49.36:428][ 49]LogExit: Editor shut down
[2016.04.11-22.49.36:429][ 49]LogExit: Transaction tracking system shut down
[2016.04.11-22.49.36:506][ 49]LogParticles: Destroying 0 GPU particle simulations for FXSystem 0x000000001F3EB880
[2016.04.11-22.49.36:506][ 49]LogParticles: Destroying 0 GPU particle simulations for FXSystem 0x000000005C5FB740
[2016.04.11-22.49.36:507][ 49]LogParticles: Destroying 0 GPU particle simulations for FXSystem 0x0000000060FB84A0
[2016.04.11-22.49.36:511][ 49]LogParticles: Destroying 0 GPU particle simulations for FXSystem 0x0000000049EEDBC0
[2016.04.11-22.49.36:512][ 49]LogParticles: Destroying 0 GPU particle simulations for FXSystem 0x0000000074A9E200
[2016.04.11-22.49.36:512][ 49]LogParticles: Destroying 0 GPU particle simulations for FXSystem 0x0000000020F482C0
[2016.04.11-22.49.36:920][ 49]LogExit: Object subsystem successfully closed.
[2016.04.11-22.49.36:938][ 49]LogD3D11RHI: Shutdown
[2016.04.11-22.49.36:938][ 49]LogD3D11RHI: CleanupD3DDevice
[2016.04.11-22.49.37:283][ 49]LogD3D11RHI: ~FD3D11DynamicRHI
[2016.04.11-22.49.37:299][ 49]LogModuleManager: Shutting down and abandoning module StaticMeshEditor (203)
[2016.04.11-22.49.37:300][ 49]LogModuleManager: Shutting down and abandoning module CookingStats (202)
[2016.04.11-22.49.37:300][ 49]LogModuleManager: Shutting down and abandoning module MaterialEditor (201)
[2016.04.11-22.49.37:300][ 49]LogModuleManager: Shutting down and abandoning module CrashTracker (200)
[2016.04.11-22.49.37:300][ 49]LogModuleManager: Shutting down and abandoning module SceneOutliner (199)
[2016.04.11-22.49.37:300][ 49]LogModuleManager: Shutting down and abandoning module SuperSearch (198)
[2016.04.11-22.49.37:300][ 49]LogModuleManager: Shutting down and abandoning module WidgetCarousel (197)
[2016.04.11-22.49.37:300][ 49]LogModuleManager: Shutting down and abandoning module AddContentDialog (196)
[2016.04.11-22.49.37:303][ 49]LogModuleManager: Shutting down and abandoning module EditorWidgets (195)
[2016.04.11-22.49.37:303][ 49]LogModuleManager: Shutting down and abandoning module CollectionManager (194)
[2016.04.11-22.49.37:303][ 49]LogModuleManager: Shutting down and abandoning module StatsViewer (193)
[2016.04.11-22.49.37:303][ 49]LogModuleManager: Shutting down and abandoning module FoliageEdit (192)
[2016.04.11-22.49.37:303][ 49]LogModuleManager: Shutting down and abandoning module LandscapeEditor (191)
[2016.04.11-22.49.37:304][ 49]LogModuleManager: Shutting down and abandoning module ActorPickerMode (190)
[2016.04.11-22.49.37:304][ 49]LogModuleManager: Shutting down and abandoning module GeometryMode (189)
[2016.04.11-22.49.37:304][ 49]LogModuleManager: Shutting down and abandoning module TextureAlignMode (188)
[2016.04.11-22.49.37:304][ 49]LogModuleManager: Shutting down and abandoning module BspMode (187)
[2016.04.11-22.49.37:304][ 49]LogModuleManager: Shutting down and abandoning module PlacementMode (186)
[2016.04.11-22.49.37:304][ 49]LogModuleManager: Shutting down and abandoning module AutomationWorker (185)
[2016.04.11-22.49.37:304][ 49]LogModuleManager: Shutting down and abandoning module CharacterAI (184)
[2016.04.11-22.49.37:304][ 49]LogModuleManager: Shutting down and abandoning module SmartSnapping (183)
[2016.04.11-22.49.37:304][ 49]LogModuleManager: Shutting down and abandoning module ViewportSnapping (182)
[2016.04.11-22.49.37:304][ 49]LogModuleManager: Shutting down and abandoning module LogVisualizer (181)
[2016.04.11-22.49.37:304][ 49]LogModuleManager: Shutting down and abandoning module GameProjectGeneration (180)
[2016.04.11-22.49.37:304][ 49]LogModuleManager: Shutting down and abandoning module IntroTutorials (179)
[2016.04.11-22.49.37:304][ 49]LogModuleManager: Shutting down and abandoning module EditorLiveStreaming (178)
[2016.04.11-22.49.37:304][ 49]LogModuleManager: Shutting down and abandoning module IOSPlatformEditor (177)
[2016.04.11-22.49.37:304][ 49]LogModuleManager: Shutting down and abandoning module HTML5PlatformEditor (176)
[2016.04.11-22.49.37:304][ 49]LogModuleManager: Shutting down and abandoning module AndroidDeviceDetection (175)
[2016.04.11-22.49.37:333][ 49]LogModuleManager: Shutting down and abandoning module AndroidPlatformEditor (174)
[2016.04.11-22.49.37:333][ 49]LogModuleManager: Shutting down and abandoning module IOSRuntimeSettings (173)
[2016.04.11-22.49.37:334][ 49]LogModuleManager: Shutting down and abandoning module AndroidRuntimeSettings (172)
[2016.04.11-22.49.37:334][ 49]LogModuleManager: Shutting down and abandoning module MergeActors (171)
[2016.04.11-22.49.37:334][ 49]LogModuleManager: Shutting down and abandoning module SizeMap (170)
[2016.04.11-22.49.37:334][ 49]LogModuleManager: Shutting down and abandoning module TreeMap (169)
[2016.04.11-22.49.37:334][ 49]LogModuleManager: Shutting down and abandoning module ReferenceViewer (168)
[2016.04.11-22.49.37:334][ 49]LogModuleManager: Shutting down and abandoning module LocalizationService (167)
[2016.04.11-22.49.37:334][ 49]LogModuleManager: Shutting down and abandoning module LocalizationDashboard (166)
[2016.04.11-22.49.37:334][ 49]LogModuleManager: Shutting down and abandoning module HardwareTargeting (165)
[2016.04.11-22.49.37:334][ 49]LogModuleManager: Shutting down and abandoning module DeviceProfileEditor (164)
[2016.04.11-22.49.37:334][ 49]LogModuleManager: Shutting down and abandoning module UndoHistory (163)
[2016.04.11-22.49.37:334][ 49]LogModuleManager: Shutting down and abandoning module GameplayTagsEditor (162)
[2016.04.11-22.49.37:334][ 49]LogModuleManager: Shutting down and abandoning module UserFeedback (161)
[2016.04.11-22.49.37:334][ 49]LogModuleManager: Shutting down and abandoning module XmlParser (160)
[2016.04.11-22.49.37:334][ 49]LogModuleManager: Shutting down and abandoning module Blutility (159)
[2016.04.11-22.49.37:334][ 49]LogModuleManager: Shutting down and abandoning module ProjectTargetPlatformEditor (158)
[2016.04.11-22.49.37:334][ 49]LogModuleManager: Shutting down and abandoning module ProjectSettingsViewer (157)
[2016.04.11-22.49.37:334][ 49]LogModuleManager: Shutting down and abandoning module InputBindingEditor (156)
[2016.04.11-22.49.37:334][ 49]LogModuleManager: Shutting down and abandoning module EditorSettingsViewer (155)
[2016.04.11-22.49.37:334][ 49]LogModuleManager: Shutting down and abandoning module SettingsEditor (154)
[2016.04.11-22.49.37:334][ 49]LogModuleManager: Shutting down and abandoning module ProjectLauncher (153)
[2016.04.11-22.49.37:334][ 49]LogModuleManager: Shutting down and abandoning module SessionFrontend (152)
[2016.04.11-22.49.37:334][ 49]LogModuleManager: Shutting down and abandoning module ProfilerClient (151)
[2016.04.11-22.49.37:334][ 49]LogModuleManager: Shutting down and abandoning module TargetDeviceServices (150)
[2016.04.11-22.49.37:334][ 49]LogModuleManager: Shutting down and abandoning module DeviceManager (149)
[2016.04.11-22.49.37:334][ 49]LogModuleManager: Shutting down and abandoning module AutomationController (148)
[2016.04.11-22.49.37:335][ 49]LogModuleManager: Shutting down and abandoning module AutomationWindow (147)
[2016.04.11-22.49.37:335][ 49]LogModuleManager: Shutting down and abandoning module Layers (146)
[2016.04.11-22.49.37:335][ 49]LogModuleManager: Shutting down and abandoning module ComponentVisualizers (145)
[2016.04.11-22.49.37:335][ 49]LogModuleManager: Shutting down and abandoning module DetailCustomizations (144)
[2016.04.11-22.49.37:335][ 49]LogModuleManager: Shutting down and abandoning module PackagesDialog (143)
[2016.04.11-22.49.37:335][ 49]LogModuleManager: Shutting down and abandoning module Persona (142)
[2016.04.11-22.49.37:335][ 49]LogModuleManager: Shutting down and abandoning module Kismet (141)
[2016.04.11-22.49.37:335][ 49]LogModuleManager: Shutting down and abandoning module GraphEditor (140)
[2016.04.11-22.49.37:335][ 49]LogModuleManager: Shutting down and abandoning module ClassViewer (139)
[2016.04.11-22.49.37:335][ 49]LogModuleManager: Shutting down and abandoning module Toolbox (138)
[2016.04.11-22.49.37:335][ 49]LogModuleManager: Shutting down and abandoning module ModuleUI (137)
[2016.04.11-22.49.37:335][ 49]LogModuleManager: Shutting down and abandoning module MovieSceneTools (136)
[2016.04.11-22.49.37:335][ 49]LogModuleManager: Shutting down and abandoning module OutputLog (135)
[2016.04.11-22.49.37:335][ 49]LogModuleManager: Shutting down and abandoning module GammaUI (134)
[2016.04.11-22.49.37:335][ 49]LogModuleManager: Shutting down and abandoning module Documentation (133)
[2016.04.11-22.49.37:335][ 49]LogModuleManager: Shutting down and abandoning module GameLiveStreaming (132)
[2016.04.11-22.49.37:335][ 49]LogModuleManager: Shutting down and abandoning module StreamingPauseRendering (131)
[2016.04.11-22.49.37:335][ 49]LogModuleManager: Shutting down and abandoning module AnalyticsET (130)
[2016.04.11-22.49.37:335][ 49]LogModuleManager: Shutting down and abandoning module Analytics (129)
[2016.04.11-22.49.37:335][ 49]LogModuleManager: Shutting down and abandoning module AITestSuite (128)
[2016.04.11-22.49.37:335][ 49]LogModuleManager: Shutting down and abandoning module GameplayDebugger (127)
[2016.04.11-22.49.37:335][ 49]LogModuleManager: Shutting down and abandoning module AIModule (126)
[2016.04.11-22.49.37:335][ 49]LogModuleManager: Shutting down and abandoning module ProfilerService (125)
[2016.04.11-22.49.37:573][ 49]LogModuleManager: Shutting down and abandoning module TaskGraph (124)
[2016.04.11-22.49.37:573][ 49]LogModuleManager: Shutting down and abandoning module SubstanceEditor (123)
[2016.04.11-22.49.37:573][ 49]LogModuleManager: Shutting down and abandoning module SlateRemote (122)
[2016.04.11-22.49.37:574][ 49]LogModuleManager: Shutting down and abandoning module SteamVRController (121)
[2016.04.11-22.49.37:574][ 49]LogModuleManager: Shutting down and abandoning module SteamVR (120)
[2016.04.11-22.49.37:574][ 49]LogModuleManager: Shutting down and abandoning module ProceduralMeshComponent (119)
[2016.04.11-22.49.37:574][ 49]LogModuleManager: Shutting down and abandoning module OculusLibrary (118)
[2016.04.11-22.49.37:574][ 49]LogModuleManager: Shutting down and abandoning module OculusInput (117)
[2016.04.11-22.49.37:574][ 49]LogModuleManager: Shutting down and abandoning module LeapMotionController (116)
[2016.04.11-22.49.37:583][ 49]LogModuleManager: Shutting down and abandoning module CustomMeshComponent (115)
[2016.04.11-22.49.37:583][ 49]LogModuleManager: Shutting down and abandoning module CableComponent (114)
[2016.04.11-22.49.37:583][ 49]LogModuleManager: Shutting down and abandoning module ArchVisCharacter (113)
[2016.04.11-22.49.37:583][ 49]LogModuleManager: Shutting down and abandoning module MessagingDebugger (112)
[2016.04.11-22.49.37:583][ 49]LogModuleManager: Shutting down and abandoning module MediaPlayerEditor (111)
[2016.04.11-22.49.37:583][ 49]LogModuleManager: Shutting down and abandoning module HTML5Networking (110)
[2016.04.11-22.49.37:583][ 49]LogModuleManager: Shutting down and abandoning module SpeedTreeImporter (109)
[2016.04.11-22.49.37:583][ 49]LogModuleManager: Shutting down and abandoning module PluginBrowser (108)
[2016.04.11-22.49.37:583][ 49]LogModuleManager: Shutting down and abandoning module EpicSurvey (107)
[2016.04.11-22.49.37:583][ 49]LogModuleManager: Shutting down and abandoning module DesktopPlatform (106)
[2016.04.11-22.49.37:583][ 49]LogModuleManager: Shutting down and abandoning module VisualStudioSourceCodeAccess (105)
[2016.04.11-22.49.37:583][ 49]LogModuleManager: Shutting down and abandoning module UObjectPlugin (104)
[2016.04.11-22.49.37:583][ 49]LogModuleManager: Shutting down and abandoning module SubversionSourceControl (103)
[2016.04.11-22.49.37:583][ 49]LogModuleManager: Shutting down and abandoning module PerforceSourceControl (102)
[2016.04.11-22.49.37:583][ 49]LogModuleManager: Shutting down and abandoning module SourceControl (101)
[2016.04.11-22.49.37:583][ 49]LogModuleManager: Shutting down and abandoning module GitSourceControl (100)
[2016.04.11-22.49.37:583][ 49]LogModuleManager: Shutting down and abandoning module LightPropagationVolumeEditor (99)
[2016.04.11-22.49.37:584][ 49]LogModuleManager: Shutting down and abandoning module PaperTiledImporter (98)
[2016.04.11-22.49.37:584][ 49]LogModuleManager: Shutting down and abandoning module PaperSpriteSheetImporter (97)
[2016.04.11-22.49.37:584][ 49]LogModuleManager: Shutting down and abandoning module MeshPaint (96)
[2016.04.11-22.49.37:584][ 49]LogModuleManager: Shutting down and abandoning module SlateReflector (95)
[2016.04.11-22.49.37:584][ 49]LogModuleManager: Shutting down and abandoning module HotReload (94)
[2016.04.11-22.49.37:584][ 49]LogModuleManager: Shutting down and abandoning module MainFrame (93)
[2016.04.11-22.49.37:584][ 49]LogModuleManager: Shutting down and abandoning module LevelEditor (92)
[2016.04.11-22.49.37:585][ 49]LogModuleManager: Shutting down and abandoning module ContentBrowser (91)
[2016.04.11-22.49.37:587][ 49]LogModuleManager: Shutting down and abandoning module Paper2DEditor (90)
[2016.04.11-22.49.37:587][ 49]LogModuleManager: Shutting down and abandoning module UdpMessaging (89)
[2016.04.11-22.49.37:687][ 49]LogModuleManager: Shutting down and abandoning module DirectoryWatcher (88)
[2016.04.11-22.49.37:688][ 49]LogModuleManager: Shutting down and abandoning module AssetRegistry (87)
[2016.04.11-22.49.37:838][ 49]LogModuleManager: Shutting down and abandoning module SubstanceCore (86)
[2016.04.11-22.49.37:838][ 49]LogModuleManager: Shutting down and abandoning module LightPropagationVolumeRuntime (85)
[2016.04.11-22.49.37:838][ 49]LogModuleManager: Shutting down and abandoning module Paper2D (84)
[2016.04.11-22.49.37:838][ 49]LogModuleManager: Shutting down and abandoning module WindowsMoviePlayer (83)
[2016.04.11-22.49.37:845][ 49]LogModuleManager: Shutting down and abandoning module Media (82)
[2016.04.11-22.49.37:845][ 49]LogModuleManager: Shutting down and abandoning module WmfMedia (81)
[2016.04.11-22.49.37:846][ 49]LogModuleManager: Shutting down and abandoning module OnlineBlueprintSupport (80)
[2016.04.11-22.49.37:846][ 49]LogModuleManager: Shutting down and abandoning module GameplayTasksEditor (79)
[2016.04.11-22.49.37:846][ 49]LogModuleManager: Shutting down and abandoning module PropertyEditor (78)
[2016.04.11-22.49.37:846][ 49]LogModuleManager: Shutting down and abandoning module BehaviorTreeEditor (77)
[2016.04.11-22.49.37:846][ 49]LogModuleManager: Shutting down and abandoning module FunctionalTesting (76)
[2016.04.11-22.49.37:846][ 49]LogModuleManager: Shutting down and abandoning module CollisionAnalyzer (75)
[2016.04.11-22.49.37:846][ 49]LogModuleManager: Shutting down and abandoning module WorkspaceMenuStructure (74)
[2016.04.11-22.49.37:846][ 49]LogModuleManager: Shutting down and abandoning module MessageLog (73)
[2016.04.11-22.49.37:846][ 49]LogModuleManager: Shutting down and abandoning module Sequencer (72)
[2016.04.11-22.49.37:846][ 49]LogModuleManager: Shutting down and abandoning module AssetTools (71)
[2016.04.11-22.49.37:846][ 49]LogModuleManager: Shutting down and abandoning module UMGEditor (70)
[2016.04.11-22.49.37:846][ 49]LogModuleManager: Shutting down and abandoning module UMG (69)
[2016.04.11-22.49.37:846][ 49]LogModuleManager: Shutting down and abandoning module Slate (68)
[2016.04.11-22.49.37:846][ 49]LogModuleManager: Shutting down and abandoning module EditorStyle (67)
[2016.04.11-22.49.37:849][ 49]LogModuleManager: Shutting down and abandoning module SessionServices (66)
[2016.04.11-22.49.37:849][ 49]LogModuleManager: Shutting down and abandoning module SourceCodeAccess (65)
[2016.04.11-22.49.37:849][ 49]LogModuleManager: Shutting down and abandoning module HeadMountedDisplay (64)
[2016.04.11-22.49.37:849][ 49]LogModuleManager: Shutting down and abandoning module XAudio2 (63)
[2016.04.11-22.49.37:849][ 49]LogModuleManager: Shutting down and abandoning module Networking (61)
[2016.04.11-22.49.37:849][ 49]LogModuleManager: Shutting down and abandoning module Core (60)
[2016.04.11-22.49.37:849][ 49]LogModuleManager: Shutting down and abandoning module KismetCompiler (59)
[2016.04.11-22.49.37:849][ 49]LogModuleManager: Shutting down and abandoning module PhysXFormats (58)
[2016.04.11-22.49.37:849][ 49]LogModuleManager: Shutting down and abandoning module MeshUtilities (57)
[2016.04.11-22.49.37:849][ 49]LogModuleManager: Shutting down and abandoning module DerivedDataCache (56)
[2016.04.11-22.49.37:900][ 49]LogDerivedDataCache: Shutdown
[2016.04.11-22.49.37:900][ 49]LogModuleManager: Shutting down and abandoning module ShaderFormatOpenGL (55)
[2016.04.11-22.49.37:901][ 49]LogModuleManager: Shutting down and abandoning module ShaderFormatD3D (54)
[2016.04.11-22.49.37:901][ 49]LogModuleManager: Shutting down and abandoning module MetalShaderFormat (53)
[2016.04.11-22.49.37:901][ 49]LogModuleManager: Shutting down and abandoning module TextureFormatUncompressed (52)
[2016.04.11-22.49.37:901][ 49]LogModuleManager: Shutting down and abandoning module TextureFormatPVR (51)
[2016.04.11-22.49.37:901][ 49]LogModuleManager: Shutting down and abandoning module TextureFormatIntelISPCTexComp (50)
[2016.04.11-22.49.37:901][ 49]LogModuleManager: Shutting down and abandoning module TextureFormatDXT (49)
[2016.04.11-22.49.37:901][ 49]LogModuleManager: Shutting down and abandoning module ImageWrapper (48)
[2016.04.11-22.49.37:901][ 49]LogModuleManager: Shutting down and abandoning module TextureFormatASTC (47)
[2016.04.11-22.49.37:901][ 49]LogModuleManager: Shutting down and abandoning module TextureFormatAndroid (46)
[2016.04.11-22.49.37:901][ 49]LogModuleManager: Shutting down and abandoning module AudioFormatOpus (45)
[2016.04.11-22.49.37:901][ 49]LogModuleManager: Shutting down and abandoning module AudioFormatOgg (44)
[2016.04.11-22.49.37:901][ 49]LogModuleManager: Shutting down and abandoning module AudioFormatADPCM (43)
[2016.04.11-22.49.37:901][ 49]LogModuleManager: Shutting down and abandoning module LinuxTargetPlatform (42)
[2016.04.11-22.49.37:901][ 49]LogModuleManager: Shutting down and abandoning module LinuxServerTargetPlatform (41)
[2016.04.11-22.49.37:901][ 49]LogModuleManager: Shutting down and abandoning module LinuxNoEditorTargetPlatform (40)
[2016.04.11-22.49.37:901][ 49]LogModuleManager: Shutting down and abandoning module Messaging (39)
[2016.04.11-22.49.37:901][ 49]LogModuleManager: Shutting down and abandoning module IOSTargetPlatform (38)
[2016.04.11-22.49.37:901][ 49]LogModuleManager: Shutting down and abandoning module HTML5TargetPlatform (37)
[2016.04.11-22.49.37:901][ 49]LogModuleManager: Shutting down and abandoning module Android_PVRTCTargetPlatform (36)
[2016.04.11-22.49.37:901][ 49]LogModuleManager: Shutting down and abandoning module Android_MultiTargetPlatform (35)
[2016.04.11-22.49.37:901][ 49]LogModuleManager: Shutting down and abandoning module Android_ETC2TargetPlatform (34)
[2016.04.11-22.49.37:901][ 49]LogModuleManager: Shutting down and abandoning module Android_ETC1TargetPlatform (33)
[2016.04.11-22.49.37:901][ 49]LogModuleManager: Shutting down and abandoning module Android_DXTTargetPlatform (32)
[2016.04.11-22.49.37:901][ 49]LogModuleManager: Shutting down and abandoning module Android_ATCTargetPlatform (31)
[2016.04.11-22.49.37:901][ 49]LogModuleManager: Shutting down and abandoning module Android_ASTCTargetPlatform (30)
[2016.04.11-22.49.37:901][ 49]LogModuleManager: Shutting down and abandoning module AndroidTargetPlatform (29)
[2016.04.11-22.49.37:901][ 49]LogModuleManager: Shutting down and abandoning module WindowsTargetPlatform (28)
[2016.04.11-22.49.37:901][ 49]LogModuleManager: Shutting down and abandoning module WindowsServerTargetPlatform (27)
[2016.04.11-22.49.37:901][ 49]LogModuleManager: Shutting down and abandoning module WindowsNoEditorTargetPlatform (26)
[2016.04.11-22.49.37:901][ 49]LogModuleManager: Shutting down and abandoning module WindowsClientTargetPlatform (25)
[2016.04.11-22.49.37:901][ 49]LogModuleManager: Shutting down and abandoning module AllDesktopTargetPlatform (24)
[2016.04.11-22.49.37:901][ 49]LogModuleManager: Shutting down and abandoning module TargetPlatform (23)
[2016.04.11-22.49.37:901][ 49]LogModuleManager: Shutting down and abandoning module InputCore (22)
[2016.04.11-22.49.37:901][ 49]LogModuleManager: Shutting down and abandoning module Settings (21)
[2016.04.11-22.49.37:901][ 49]LogModuleManager: Shutting down and abandoning module OnlineSubsystem (19)
[2016.04.11-22.49.37:901][ 49]LogModuleManager: Shutting down and abandoning module HTTP (18)
[2016.04.11-22.49.38:901][ 49]LogModuleManager: Shutting down and abandoning module XMPP (17)
[2016.04.11-22.49.38:901][ 49]LogModuleManager: Shutting down and abandoning module OculusRift (16)
[2016.04.11-22.49.38:901][ 49]LogModuleManager: Shutting down and abandoning module ExampleDeviceProfileSelector (15)
[2016.04.11-22.49.38:901][ 49]LogModuleManager: Shutting down and abandoning module TextureCompressor (14)
[2016.04.11-22.49.38:901][ 49]LogModuleManager: Shutting down and abandoning module ShaderCore (13)
[2016.04.11-22.49.38:901][ 49]LogModuleManager: Shutting down and abandoning module Landscape (12)
[2016.04.11-22.49.38:901][ 49]LogModuleManager: Shutting down and abandoning module SlateRHIRenderer (11)
[2016.04.11-22.49.38:904][ 49]LogModuleManager: Shutting down and abandoning module OpenGLDrv (10)
[2016.04.11-22.49.38:904][ 49]LogModuleManager: Shutting down and abandoning module D3D11RHI (9)
[2016.04.11-22.49.38:904][ 49]LogModuleManager: Shutting down and abandoning module AnimGraphRuntime (8)
[2016.04.11-22.49.38:904][ 49]LogModuleManager: Shutting down and abandoning module Renderer (7)
[2016.04.11-22.49.38:904][ 49]LogModuleManager: Shutting down and abandoning module Engine (6)
[2016.04.11-22.49.38:904][ 49]LogModuleManager: Shutting down and abandoning module CoreUObject (5)
[2016.04.11-22.49.38:904][ 49]LogModuleManager: Shutting down and abandoning module NetworkFile (4)
[2016.04.11-22.49.38:904][ 49]LogModuleManager: Shutting down and abandoning module StreamingFile (3)
[2016.04.11-22.49.38:904][ 49]LogModuleManager: Shutting down and abandoning module SandboxFile (2)
[2016.04.11-22.49.38:904][ 49]LogModuleManager: Shutting down and abandoning module PakFile (1)
[2016.04.11-22.49.38:908][ 49]LogExit: Exiting.
[2016.04.11-22.49.38:932][ 49]Log file closed, 04/11/16 18:49:38
