[2016.04.10-07.26.42:941][  0]Log file open, 04/10/16 03:26:42
[2016.04.10-07.26.42:941][  0]LogInit:Display: Running engine for game: Hotel
[2016.04.10-07.26.42:941][  0]LogPlatformFile: Not using cached read wrapper
[2016.04.10-07.26.42:941][  0]LogInit:Display: RandInit(-653073774) SRandInit(-653073746).
[2016.04.10-07.26.42:941][  0]LogTaskGraph: Started task graph with 4 named threads and 7 total threads.
[2016.04.10-07.26.42:941][  0]LogStats: Stats thread started at 0.070411
[2016.04.10-07.26.42:941][  0]LogInit: Version: 4.10.4-2872498+++depot+UE4-Releases+4.10
[2016.04.10-07.26.42:941][  0]LogInit: API Version: 2758231
[2016.04.10-07.26.42:941][  0]LogInit: Compiled (64-bit): Feb 18 2016 15:47:04
[2016.04.10-07.26.42:941][  0]LogInit: Compiled with Visual C++: 19.00.23026.00
[2016.04.10-07.26.42:941][  0]LogInit: Build Configuration: Development
[2016.04.10-07.26.42:941][  0]LogInit: Branch Name: ++depot+UE4-Releases+4.10
[2016.04.10-07.26.42:941][  0]LogInit: Command line:  
[2016.04.10-07.26.42:941][  0]LogInit: Base directory: E:/Program Files (x86)/Epic Games/4.10/Engine/Binaries/Win64/
[2016.04.10-07.26.42:941][  0]LogInit: Rocket: 1
[2016.04.10-07.26.42:946][  0]LogInit: Using libcurl 7.41.0
[2016.04.10-07.26.42:946][  0]LogInit:  - built for x86_64-pc-win32
[2016.04.10-07.26.42:946][  0]LogInit:  - supports SSL with WinSSL
[2016.04.10-07.26.42:946][  0]LogInit:  - other features:
[2016.04.10-07.26.42:946][  0]LogInit:      CURL_VERSION_SSL
[2016.04.10-07.26.42:946][  0]LogInit:      CURL_VERSION_IPV6
[2016.04.10-07.26.42:946][  0]LogInit:      CURL_VERSION_ASYNCHDNS
[2016.04.10-07.26.42:946][  0]LogInit:      CURL_VERSION_LARGEFILE
[2016.04.10-07.26.42:946][  0]LogInit:      CURL_VERSION_IDN
[2016.04.10-07.26.42:946][  0]LogInit:  CurlRequestOptions (configurable via config and command line):
[2016.04.10-07.26.42:946][  0]LogInit:  - bVerifyPeer = true  - Libcurl will verify peer certificate
[2016.04.10-07.26.42:946][  0]LogInit:  - bUseHttpProxy = false  - Libcurl will NOT use HTTP proxy
[2016.04.10-07.26.42:946][  0]LogInit:  - bDontReuseConnections = false  - Libcurl will reuse connections
[2016.04.10-07.26.42:946][  0]LogInit:  - CertBundlePath = nullptr  - Libcurl will use whatever was configured at build time.
[2016.04.10-07.26.42:952][  0]LogInit: Presizing for 0 objects not considered by GC, pre-allocating 0 bytes.
[2016.04.10-07.26.42:961][  0]LogInit: Object subsystem initialized
[2016.04.10-07.26.42:962][  0]LogInit: Selected Device Profile: [Windows]
[2016.04.10-07.26.42:962][  0]LogInit: Applying CVar settings loaded from the selected device profile: [Windows]
[2016.04.10-07.26.42:970][  0]LogInit: Computer: MANDY-PC
[2016.04.10-07.26.42:970][  0]LogInit: User: Mandy
[2016.04.10-07.26.42:970][  0]LogInit: CPU Page size=4096, Cores=4
[2016.04.10-07.26.42:970][  0]LogInit: High frequency timer resolution =14.318180 MHz
[2016.04.10-07.26.42:970][  0]LogMemory: Memory total: Physical=16.0GB (16GB approx)
[2016.04.10-07.26.42:970][  0]LogMemory: Platform Memory Stats for Windows
[2016.04.10-07.26.42:970][  0]LogMemory: Process Physical Memory: 56.21 MB used, 56.21 MB peak
[2016.04.10-07.26.42:970][  0]LogMemory: Process Virtual Memory: 59.69 MB used, 59.69 MB peak
[2016.04.10-07.26.42:970][  0]LogMemory: Physical Memory: 2663.96 MB used, 16383.18 MB total
[2016.04.10-07.26.42:970][  0]LogMemory: Virtual Memory: 354.59 MB used, 8388608.00 MB total
[2016.04.10-07.26.43:013][  0]LogTextLocalizationManager: No specific translations for ('en-US') exist, so ('en') translations will be used.
[2016.04.10-07.26.43:610][  0]LogD3D11RHI: Found D3D11 adapter 0: NVIDIA GeForce GTX 750 (Feature Level 11_0)
[2016.04.10-07.26.43:610][  0]LogD3D11RHI: Adapter has 972MB of dedicated video memory, 0MB of dedicated system memory, and 3072MB of shared system memory, 2 output[s]
[2016.04.10-07.26.43:610][  0]LogD3D11RHI: Chosen D3D11 Adapter Id = 0
[2016.04.10-07.26.43:616][  0]LogD3D11RHI: !Direct3DDevice
[2016.04.10-07.26.43:616][  0]LogRHI: Texture pool is 680 MB (70% of 972 MB)
[2016.04.10-07.26.43:626][  0]LogD3D11RHI: Async texture creation enabled
[2016.04.10-07.26.43:640][  0]LogShaderCompilers: Guid format shader working directory is -10 characters bigger than the processId version (../../../../../../Users/Mandy/Documents/GitHub/HotelBete/Intermediate/Shaders/WorkingDirectory/6336/).
[2016.04.10-07.26.43:640][  0]LogShaderCompilers: Cleaned the shader compiler working directory 'C:/Users/Mandy/AppData/Local/Temp/UnrealShaderWorkingDir/8BA4E2FA4D730B2CC99B0B86711E5F41/'.
[2016.04.10-07.26.43:640][  0]LogShaderCompilers:Display: Using Local Shader Compiler.
[2016.04.10-07.26.44:764][  0]LogTemp:Display: Loaded TP AllDesktopTargetPlatform
[2016.04.10-07.26.44:769][  0]LogTemp:Display: Loaded TP WindowsClientTargetPlatform
[2016.04.10-07.26.44:774][  0]LogTemp:Display: Loaded TP WindowsNoEditorTargetPlatform
[2016.04.10-07.26.44:778][  0]LogTemp:Display: Loaded TP WindowsServerTargetPlatform
[2016.04.10-07.26.44:783][  0]LogTemp:Display: Loaded TP WindowsTargetPlatform
[2016.04.10-07.26.44:786][  0]LogTemp:Display: Loaded TP AndroidTargetPlatform
[2016.04.10-07.26.44:789][  0]LogTemp:Display: Loaded TP Android_ASTCTargetPlatform
[2016.04.10-07.26.44:793][  0]LogTemp:Display: Loaded TP Android_ATCTargetPlatform
[2016.04.10-07.26.44:796][  0]LogTemp:Display: Loaded TP Android_DXTTargetPlatform
[2016.04.10-07.26.44:799][  0]LogTemp:Display: Loaded TP Android_ETC1TargetPlatform
[2016.04.10-07.26.44:803][  0]LogTemp:Display: Loaded TP Android_ETC2TargetPlatform
[2016.04.10-07.26.44:810][  0]LogTemp:Display: Loaded TP Android_MultiTargetPlatform
[2016.04.10-07.26.44:810][  0]LogTemp:Display: Loaded TP Android_PVRTCTargetPlatform
[2016.04.10-07.26.44:810][  0]LogTemp:Display: Loaded TP HTML5TargetPlatform
[2016.04.10-07.26.44:826][  0]LogTemp:Display: Loaded TP IOSTargetPlatform
[2016.04.10-07.26.44:829][  0]LogTemp:Display: Loaded TP LinuxNoEditorTargetPlatform
[2016.04.10-07.26.44:832][  0]LogTemp:Display: Loaded TP LinuxServerTargetPlatform
[2016.04.10-07.26.44:836][  0]LogTemp:Display: Loaded TP LinuxTargetPlatform
[2016.04.10-07.26.44:836][  0]LogTargetPlatformManager:Display: Building Assets For Windows
[2016.04.10-07.26.44:901][  0]LogDerivedDataCache:Display: Max Cache Size: 512 MB
[2016.04.10-07.26.44:991][  0]LogDerivedDataCache: Loaded boot cache 0.09s 41MB C:/Users/Mandy/AppData/Local/UnrealEngine/4.10/DerivedDataCache/Boot.ddc.
[2016.04.10-07.26.44:991][  0]LogDerivedDataCache:Display: Loaded Boot cache: C:/Users/Mandy/AppData/Local/UnrealEngine/4.10/DerivedDataCache/Boot.ddc
[2016.04.10-07.26.44:991][  0]LogDerivedDataCache: FDerivedDataBackendGraph:  Pak pak cache file ../../../../../../Users/Mandy/Documents/GitHub/HotelBete/DerivedDataCache/DDC.ddp not found, will not use a pak cache.
[2016.04.10-07.26.44:991][  0]LogDerivedDataCache: Unable to find inner node Pak for hierarchical cache Hierarchy.
[2016.04.10-07.26.44:991][  0]LogDerivedDataCache: FDerivedDataBackendGraph:  CompressedPak pak cache file ../../../../../../Users/Mandy/Documents/GitHub/HotelBete/DerivedDataCache/Compressed.ddp not found, will not use a pak cache.
[2016.04.10-07.26.44:991][  0]LogDerivedDataCache: Unable to find inner node CompressedPak for hierarchical cache Hierarchy.
[2016.04.10-07.26.45:080][  0]LogDerivedDataCache:Display: Pak cache opened for reading ../../../Engine/DerivedDataCache/Compressed.ddp.
[2016.04.10-07.26.45:091][  0]LogDerivedDataCache: Using Local data cache path C:/Users/Mandy/AppData/Local/UnrealEngine/Common/DerivedDataCache: Writable
[2016.04.10-07.26.45:293][  0]LogInit: Selected Device Profile: [Windows]
[2016.04.10-07.26.45:293][  0]LogContentStreaming: Texture pool size is 0.000000MB
[2016.04.10-07.26.45:331][  0]LogMeshUtilities: No automatic mesh reduction module available
[2016.04.10-07.26.45:331][  0]LogMeshUtilities: No automatic mesh merging module available
[2016.04.10-07.26.45:776][  0]LogInit: WinSock: version 1.1 (2.2), MaxSocks=32767, MaxUdp=65467
[2016.04.10-07.26.46:564][  0]LogAssetRegistry: FAssetRegistry took 0.0104 seconds to start up
[2016.04.10-07.26.46:577][  0]UdpMessaging: Initializing bridge on interface 0.0.0.0:0 to multicast group 230.0.0.1:6666.
[2016.04.10-07.26.46:827][  0]SourceControl: Info Source control is disabled
[2016.04.10-07.26.46:827][  0]SourceControl: Info Source control is disabled
[2016.04.10-07.26.46:836][  0]SourceControl: Info Source control is disabled
[2016.04.10-07.26.46:844][  0]SourceControl: Info Source control is disabled
[2016.04.10-07.26.47:055][  0]LogObj: 28802 objects as part of root set at end of initial load.
[2016.04.10-07.26.47:055][  0]LogUObjectAllocator: 6129776 out of 0 bytes used by permanent object pool.
[2016.04.10-07.26.47:128][  0]LogEngine: Initializing Engine...
[2016.04.10-07.26.47:130][  0]LogHMD: Can't find Oculus library dev build: is proper Runtime installed? Version: 0.8.0.0
[2016.04.10-07.26.47:130][  0]LogHMD: SteamVR failed to initialize.  Err: 110
[2016.04.10-07.26.47:313][  0]LogAIModule: Creating AISystem for world NewWorld
[2016.04.10-07.26.47:320][  0]LogInit: XAudio2 using 'Speakers (2- Logitech USB Headset)' : 2 channels at 44.1 kHz using 16 bits per sample (channel mask 0x3)
[2016.04.10-07.26.47:328][  0]LogInit: FAudioDevice initialized.
[2016.04.10-07.26.47:369][  0]LogDerivedDataCache: Saved boot cache 0.04s 41MB C:/Users/Mandy/AppData/Local/UnrealEngine/4.10/DerivedDataCache/Boot.ddc.
[2016.04.10-07.26.47:384][  0]LogInit: Texture streaming: Enabled
[2016.04.10-07.26.47:388][  0]LogAnalytics: Creating configured Analytics provider AnalyticsET
[2016.04.10-07.26.47:388][  0]LogAnalytics: [UEEditor.Rocket.Release] APIServer = http://et2.epicgames.com/ET2/. AppVersion = 4.10.4-2872498+++depot+UE4-Releases+4.10
[2016.04.10-07.26.47:388][  0]LogAnalytics: [UEEditor.Rocket.Release] SetUserId e0d98b0e467b55d21c5013962f69b996|a1543627d61e4593a39d507d0813b255|cef8b6ba-01d0-47b7-a028-3b7e918a90c5
[2016.04.10-07.26.47:388][  0]LogAnalytics: [UEEditor.Rocket.Release] AnalyticsET::StartSession
[2016.04.10-07.26.47:395][  0]LogInit: Transaction tracking system initialized
[2016.04.10-07.26.47:415][  0]BlueprintLog: New page: Editor Load
[2016.04.10-07.26.47:475][  0]LocalizationService: Info Localization service is disabled
[2016.04.10-07.26.47:534][  0]LogConsoleResponse:Display: 
[2016.04.10-07.26.47:667][  0]LogCook:Display: Done creating registry. It took  0.00s.
[2016.04.10-07.26.47:714][  0]LogFileCache: Scanning file cache for directory 'E:/Users/Mandy/Documents/GitHub/HotelBete/Content/' took 0.01s
[2016.04.10-07.26.47:714][  0]SourceControl: Info Source control is disabled
[2016.04.10-07.26.47:714][  0]Cmd: MAP LOAD FILE="../../../../../../Users/Mandy/Documents/GitHub/HotelBete/Content/Hotel/Levels/Menu.umap" TEMPLATE=0 SHOWPROGRESS=1 FEATURELEVEL=3
[2016.04.10-07.26.47:715][  0]LightingResults: New page: Lighting Build
[2016.04.10-07.26.47:717][  0]MapCheck: New page: Map Check
[2016.04.10-07.26.47:717][  0]LightingResults: New page: Lighting Build
[2016.04.10-07.26.47:747][  0]LogParticles: Destroying 0 GPU particle simulations for FXSystem 0x0000000026F0AAC0
[2016.04.10-07.26.51:597][  0]LogAIModule: Creating AISystem for world Menu
[2016.04.10-07.26.51:599][  0]LogEditorServer: Finished looking for orphan Actors (0.000 secs)
[2016.04.10-07.26.51:600][  0]Cmd: MAP CHECKDEP NOCLEARLOG
[2016.04.10-07.26.51:679][  0]MapCheck: Info Map check complete: 0 Error(s), 0 Warning(s), took 79.477ms to complete.
[2016.04.10-07.26.51:679][  0]LogFileHelpers: Loading map 'Menu' took 3.965
[2016.04.10-07.26.51:833][  0]LogCollectionManager: Loaded 0 collections in 0.001343 seconds
[2016.04.10-07.26.51:874][  0]LogFileCache: Scanning file cache for directory 'E:/Users/Mandy/Documents/GitHub/HotelBete/Saved/Collections/' took 0.01s
[2016.04.10-07.26.51:874][  0]LogFileCache: Scanning file cache for directory 'E:/Users/Mandy/Documents/GitHub/HotelBete/Content/Developers/Mandy/Collections/' took 0.01s
[2016.04.10-07.26.51:874][  0]LogFileCache: Scanning file cache for directory 'E:/Users/Mandy/Documents/GitHub/HotelBete/Content/Collections/' took 0.01s
[2016.04.10-07.26.51:874][  0]LogCollectionManager: Rebuilt the GUID cache for 0 collections in 0.000003 seconds
[2016.04.10-07.26.51:885][  0]LogContentBrowser: Native class hierarchy populated in 0.0111 seconds. Added 1908 classes and 344 folders.
[2016.04.10-07.26.51:890][  0]LogContentBrowser: Native class hierarchy updated for 'WidgetCarousel' in 0.0004 seconds. Added 0 classes and 0 folders.
[2016.04.10-07.26.51:932][  0]LogContentBrowser: Native class hierarchy updated for 'AddContentDialog' in 0.0004 seconds. Added 0 classes and 0 folders.
[2016.04.10-07.26.51:936][  0]LogContentBrowser: Native class hierarchy updated for 'SceneOutliner' in 0.0004 seconds. Added 1 classes and 2 folders.
[2016.04.10-07.26.52:015][  0]LogCrashTracker: Crashtracker disabled due to settings.
[2016.04.10-07.26.52:020][  0]LogUObjectGlobals:Warning: Failed to find object 'Class None.'
[2016.04.10-07.26.52:045][  0]LogLoad: Full Startup: 9.58 seconds (BP compile: 0.89 seconds)
[2016.04.10-07.26.52:056][  0]LogOcInput: Can't find Oculus library dev build: is proper Runtime installed? Version: 0.8.0.0
[2016.04.10-07.26.52:141][  0]LogContentStreaming: Texture pool size now 1000 MB
[2016.04.10-07.26.52:346][  0]LogRenderer: Reallocating scene render targets to support 1208x568 (Frame:2).
[2016.04.10-07.26.53:181][ 17]LogAssetRegistry: Asset discovery search completed in 6.6279 seconds
[2016.04.10-07.26.53:181][ 17]LogCollectionManager: Rebuilt the object cache for 0 collections in 0.000002 seconds (found 0 objects)
[2016.04.10-07.26.53:181][ 17]LogCollectionManager: Fixed up redirectors for 0 collections in 0.000025 seconds (updated 0 objects)
[2016.04.10-07.26.59:572][621]LogAIModule: Creating AISystem for world World
[2016.04.10-07.26.59:575][621]LogParticles:Warning: InitializeSystem called on an unregistered component. Template=/Game/StarterContent/Particles/Breath.Breath Component=/Game/Hotel/Levels/World.World:PersistentLevel.Breath.ParticleSystemComponent0
[2016.04.10-07.26.59:576][621]LogParticles:Warning: InitializeSystem called on an unregistered component. Template=/Game/StarterContent/Particles/ItemMarker.ItemMarker Component=/Game/Hotel/Levels/World.World:PersistentLevel.ItemMarker.ParticleSystemComponent0
[2016.04.10-07.26.59:576][621]LogParticles:Warning: InitializeSystem called on an unregistered component. Template=/Game/StarterContent/Particles/Dust.Dust Component=/Game/Hotel/Levels/World.World:PersistentLevel.Dust_2.ParticleSystemComponent0
[2016.04.10-07.26.59:578][621]LogParticles:Warning: InitializeSystem called on an unregistered component. Template=/Game/StarterContent/Particles/Dust.Dust Component=/Game/Hotel/Levels/World.World:PersistentLevel.Dust2.ParticleSystemComponent0
[2016.04.10-07.26.59:578][621]LogParticles:Warning: InitializeSystem called on an unregistered component. Template=/Game/StarterContent/Particles/Dust.Dust Component=/Game/Hotel/Levels/World.World:PersistentLevel.Dust3.ParticleSystemComponent0
[2016.04.10-07.26.59:777][621]Cmd: MAP LOAD FILE="../../../../../../Users/Mandy/Documents/GitHub/HotelBete/Content/Hotel/Levels/World.umap" TEMPLATE=0 SHOWPROGRESS=1 FEATURELEVEL=3
[2016.04.10-07.26.59:777][621]LightingResults: New page: Lighting Build
[2016.04.10-07.26.59:800][621]LoadErrors: New page: Loading map: World.umap
[2016.04.10-07.26.59:801][621]MapCheck: New page: Map Check
[2016.04.10-07.26.59:801][621]LightingResults: New page: Lighting Build
[2016.04.10-07.26.59:827][621]LogParticles: Destroying 0 GPU particle simulations for FXSystem 0x000000003110D300
[2016.04.10-07.26.59:949][621]LogEditorServer: Finished looking for orphan Actors (0.000 secs)
[2016.04.10-07.27.00:017][621]Cmd: MAP CHECKDEP NOCLEARLOG
[2016.04.10-07.27.00:116][621]MapCheck: Info Map check complete: 0 Error(s), 0 Warning(s), took 99.335ms to complete.
[2016.04.10-07.27.00:118][621]LogFileHelpers: Loading map 'World' took 0.342
[2016.04.10-07.27.00:122][621]LoadErrors:Error: Error /Game/FirstPersonBP/Blueprints/Enemy : Failed import for Enemy_C /Game/Hotel/Blueprints/Enemies/Enemy.Default__Enemy_C [redirection] in /Game/FirstPersonBP/Blueprints/Enemy
[2016.04.10-07.27.15:004][187]LogEditorViewport: Clicking on Actor (LMB): StaticMeshActor (guest_floor_haunted2)
[2016.04.10-07.27.21:584][606]LogEditorFactories: Performing atomic reimport of [C:/Users/Mandy/Documents/maya/projects/default/scenes/guest_floor_haunted.fbx]
[2016.04.10-07.27.21:780][606]LogFbx: Loading FBX Scene from C:/Users/Mandy/Documents/maya/projects/default/scenes/guest_floor_haunted.fbx
[2016.04.10-07.27.22:271][606]LogFbx: FBX Scene Loaded Succesfully
[2016.04.10-07.27.22:330][606]LogFbx:Warning: Warning Warning: No smoothing group information was found in this FBX scene.  Please make sure to enable the 'Export Smoothing Groups' option in the FBX Exporter plug-in before exporting the file.  Even for tools that don't support smoothing groups, the FBX Exporter will generate appropriate smoothing data at export-time so that correct vertex normals can be inferred while importing.
[2016.04.10-07.27.22:366][606]LogFbx:Warning: Triangulating static mesh Columns
[2016.04.10-07.27.23:908][606]LogFbx:Warning: Triangulating static mesh Object273
[2016.04.10-07.27.23:937][606]LogLinker:Warning: Can't find file '/Game/Hotel/Art/Models/Guest_Floor/Square_Glass'
[2016.04.10-07.27.23:938][606]LogLinker:Warning: Can't find file '/Game/Hotel/Art/Models/Guest_Floor/Square_Glass'
[2016.04.10-07.27.23:945][606]LogMaterial: Missing cached shader map for material Square_Glass, compiling. 
[2016.04.10-07.27.23:974][606]LogFbx:Warning: Triangulating static mesh 2FGlass
[2016.04.10-07.27.24:577][606]LogLinker:Warning: Can't find file '/Game/Hotel/Art/Models/Guest_Floor/1stGuestFloorWalls'
[2016.04.10-07.27.24:578][606]LogLinker:Warning: Can't find file '/Game/Hotel/Art/Models/Guest_Floor/1stGuestFloorWalls'
[2016.04.10-07.27.24:587][606]LogMaterial: Missing cached shader map for material 1stGuestFloorWalls, compiling. 
[2016.04.10-07.27.24:672][606]LogLinker:Warning: Can't find file '/Game/Hotel/Art/Models/Guest_Floor/AtticStairs'
[2016.04.10-07.27.24:672][606]LogLinker:Warning: Can't find file '/Game/Hotel/Art/Models/Guest_Floor/AtticStairs'
[2016.04.10-07.27.24:684][606]LogMaterial: Missing cached shader map for material AtticStairs, compiling. 
[2016.04.10-07.27.24:707][606]LogLinker:Warning: Can't find file '/Game/Hotel/Art/Models/Guest_Floor/AtticRailing'
[2016.04.10-07.27.24:708][606]LogLinker:Warning: Can't find file '/Game/Hotel/Art/Models/Guest_Floor/AtticRailing'
[2016.04.10-07.27.24:729][606]LogMaterial: Missing cached shader map for material AtticRailing, compiling. 
[2016.04.10-07.27.24:786][606]LogLinker:Warning: Can't find file '/Game/Hotel/Art/Models/Guest_Floor/2ndFloorStairs'
[2016.04.10-07.27.24:786][606]LogLinker:Warning: Can't find file '/Game/Hotel/Art/Models/Guest_Floor/2ndFloorStairs'
[2016.04.10-07.27.24:798][606]LogMaterial: Missing cached shader map for material 2ndFloorStairs, compiling. 
[2016.04.10-07.27.25:076][606]LogStaticMesh: Building static mesh guest_floor_haunted...
[2016.04.10-07.27.29:115][606]LogStaticMesh: Built static mesh [4.038176.2s] /Game/Hotel/Art/Models/Guest_Floor/guest_floor_haunted.guest_floor_haunted
[2016.04.10-07.27.29:496][606]LogStaticMesh:Warning: guest_floor_haunted has degenerate tangent bases which will result in incorrect shading. 
[2016.04.10-07.27.29:500][606]LogFbx:Warning: Warning guest_floor_haunted has degenerate tangent bases which will result in incorrect shading. 
[2016.04.10-07.27.30:051][606]LogEditorFactories: -- imported successfully
[2016.04.10-07.28.55:778][671]LogEditorViewport: Clicking on Actor (LMB): StaticMeshActor (brickwall2)
[2016.04.10-07.29.01:786][953]Cmd: DELETE
[2016.04.10-07.29.01:786][953]Cmd: ACTOR DELETE
[2016.04.10-07.29.01:951][953]LogEditorActor: Deleted Actor: StaticMeshActor
[2016.04.10-07.29.02:012][953]LogEditorActor: Deleted 1 Actors (0.073 secs)
[2016.04.10-07.29.10:089][367]LogEditorViewport: Clicking on Actor (LMB): StaticMeshActor (brickwall)
[2016.04.10-07.29.11:247][427]Cmd: DELETE
[2016.04.10-07.29.11:247][427]Cmd: ACTOR DELETE
[2016.04.10-07.29.11:249][427]LogEditorActor: Deleted Actor: StaticMeshActor
[2016.04.10-07.29.11:294][427]LogEditorActor: Deleted 1 Actors (0.046 secs)
[2016.04.10-07.29.19:863][834]Cmd: OBJ SAVEPACKAGE PACKAGE="/Game/Hotel/Levels/World" FILE="../../../../../../Users/Mandy/Documents/GitHub/HotelBete/Content/Hotel/Levels/World.umap" SILENT=true AUTOSAVING=false KEEPDIRTY=false
[2016.04.10-07.29.21:964][834]LogSavePackage: Save=2048.693604ms
[2016.04.10-07.29.21:964][834]LogSavePackage: Moving '../../../../../../Users/Mandy/Documents/GitHub/HotelBete/Saved/World0C32A615412DD1086539E0AE966BA6A2.tmp' to '../../../../../../Users/Mandy/Documents/GitHub/HotelBete/Content/Hotel/Levels/World.umap'
[2016.04.10-07.29.21:967][834]LogSavePackage: Total save time: 2076.442886ms
[2016.04.10-07.29.21:967][834]LogSavePackage:Display: Finished SavePackage ../../../../../../Users/Mandy/Documents/GitHub/HotelBete/Content/Hotel/Levels/World.umap
[2016.04.10-07.29.22:010][834]LogFileHelpers: Saving map 'World' took 2.249
[2016.04.10-07.29.22:088][834]LogSavePackage: Save=13.401913ms
[2016.04.10-07.29.22:088][834]LogSavePackage: Moving '../../../../../../Users/Mandy/Documents/GitHub/HotelBete/Saved/AtticStairs6ADB59514E4B8A94483E93BFFCB99EC4.tmp' to '../../../../../../Users/Mandy/Documents/GitHub/HotelBete/Content/Hotel/Art/Models/Guest_Floor/AtticStairs.uasset'
[2016.04.10-07.29.22:089][834]LogSavePackage: Total save time: 14.686715ms
[2016.04.10-07.29.22:089][834]LogSavePackage:Display: Finished SavePackage ../../../../../../Users/Mandy/Documents/GitHub/HotelBete/Content/Hotel/Art/Models/Guest_Floor/AtticStairs.uasset
[2016.04.10-07.29.22:152][834]LogSavePackage: Save=11.854091ms
[2016.04.10-07.29.22:152][834]LogSavePackage: Moving '../../../../../../Users/Mandy/Documents/GitHub/HotelBete/Saved/1stGuestFloorWalls1A04E45A43B1C5E3D61763A283342FDE.tmp' to '../../../../../../Users/Mandy/Documents/GitHub/HotelBete/Content/Hotel/Art/Models/Guest_Floor/1stGuestFloorWalls.uasset'
[2016.04.10-07.29.22:153][834]LogSavePackage: Total save time: 13.154048ms
[2016.04.10-07.29.22:153][834]LogSavePackage:Display: Finished SavePackage ../../../../../../Users/Mandy/Documents/GitHub/HotelBete/Content/Hotel/Art/Models/Guest_Floor/1stGuestFloorWalls.uasset
[2016.04.10-07.29.22:208][834]LogSavePackage: Save=13.510447ms
[2016.04.10-07.29.22:208][834]LogSavePackage: Moving '../../../../../../Users/Mandy/Documents/GitHub/HotelBete/Saved/Square_GlassCA1F31064468772145AA75BE6C3AEB67.tmp' to '../../../../../../Users/Mandy/Documents/GitHub/HotelBete/Content/Hotel/Art/Models/Guest_Floor/Square_Glass.uasset'
[2016.04.10-07.29.22:209][834]LogSavePackage: Total save time: 14.809426ms
[2016.04.10-07.29.22:209][834]LogSavePackage:Display: Finished SavePackage ../../../../../../Users/Mandy/Documents/GitHub/HotelBete/Content/Hotel/Art/Models/Guest_Floor/Square_Glass.uasset
[2016.04.10-07.29.22:323][834]LogSavePackage: Save=19.976002ms
[2016.04.10-07.29.22:323][834]LogSavePackage: Moving '../../../../../../Users/Mandy/Documents/GitHub/HotelBete/Saved/guest_floor_hauntedAC8C66A14769AB3E43819B89C340266A.tmp' to '../../../../../../Users/Mandy/Documents/GitHub/HotelBete/Content/Hotel/Art/Models/Guest_Floor/guest_floor_haunted.uasset'
[2016.04.10-07.29.22:325][834]LogSavePackage: Total save time: 38.611960ms
[2016.04.10-07.29.22:325][834]LogSavePackage:Display: Finished SavePackage ../../../../../../Users/Mandy/Documents/GitHub/HotelBete/Content/Hotel/Art/Models/Guest_Floor/guest_floor_haunted.uasset
[2016.04.10-07.29.22:373][834]LogSavePackage: Save=13.250358ms
[2016.04.10-07.29.22:373][834]LogSavePackage: Moving '../../../../../../Users/Mandy/Documents/GitHub/HotelBete/Saved/AtticRailing098D60A34FED8DC1B4E657BA30C670FA.tmp' to '../../../../../../Users/Mandy/Documents/GitHub/HotelBete/Content/Hotel/Art/Models/Guest_Floor/AtticRailing.uasset'
[2016.04.10-07.29.22:374][834]LogSavePackage: Total save time: 14.545910ms
[2016.04.10-07.29.22:374][834]LogSavePackage:Display: Finished SavePackage ../../../../../../Users/Mandy/Documents/Git