[2016.04.15-22.29.32:248][  0]Log file open, 04/15/16 18:29:32
[2016.04.15-22.29.32:248][  0]LogInit:Display: Running engine for game: Hotel
[2016.04.15-22.29.32:248][  0]LogPlatformFile: Not using cached read wrapper
[2016.04.15-22.29.32:248][  0]LogInit:Display: RandInit(-776934179) SRandInit(-776934177).
[2016.04.15-22.29.32:248][  0]LogTaskGraph: Started task graph with 4 named threads and 5 total threads.
[2016.04.15-22.29.32:248][  0]LogStats: Stats thread started at 0.174373
[2016.04.15-22.29.32:248][  0]LogInit: Version: 4.10.4-2872498+++depot+UE4-Releases+4.10
[2016.04.15-22.29.32:248][  0]LogInit: API Version: 2758231
[2016.04.15-22.29.32:248][  0]LogInit: Compiled (64-bit): Feb 18 2016 15:47:04
[2016.04.15-22.29.32:248][  0]LogInit: Compiled with Visual C++: 19.00.23026.00
[2016.04.15-22.29.32:248][  0]LogInit: Build Configuration: Development
[2016.04.15-22.29.32:248][  0]LogInit: Branch Name: ++depot+UE4-Releases+4.10
[2016.04.15-22.29.32:248][  0]LogInit: Command line:  
[2016.04.15-22.29.32:248][  0]LogInit: Base directory: C:/Program Files (x86)/Epic Games/4.10/Engine/Binaries/Win64/
[2016.04.15-22.29.32:248][  0]LogInit: Rocket: 1
[2016.04.15-22.29.32:335][  0]LogInit: Using libcurl 7.41.0
[2016.04.15-22.29.32:335][  0]LogInit:  - built for x86_64-pc-win32
[2016.04.15-22.29.32:335][  0]LogInit:  - supports SSL with WinSSL
[2016.04.15-22.29.32:335][  0]LogInit:  - other features:
[2016.04.15-22.29.32:335][  0]LogInit:      CURL_VERSION_SSL
[2016.04.15-22.29.32:335][  0]LogInit:      CURL_VERSION_IPV6
[2016.04.15-22.29.32:335][  0]LogInit:      CURL_VERSION_ASYNCHDNS
[2016.04.15-22.29.32:335][  0]LogInit:      CURL_VERSION_LARGEFILE
[2016.04.15-22.29.32:335][  0]LogInit:      CURL_VERSION_IDN
[2016.04.15-22.29.32:335][  0]LogInit:  CurlRequestOptions (configurable via config and command line):
[2016.04.15-22.29.32:335][  0]LogInit:  - bVerifyPeer = true  - Libcurl will verify peer certificate
[2016.04.15-22.29.32:335][  0]LogInit:  - bUseHttpProxy = false  - Libcurl will NOT use HTTP proxy
[2016.04.15-22.29.32:335][  0]LogInit:  - bDontReuseConnections = false  - Libcurl will reuse connections
[2016.04.15-22.29.32:335][  0]LogInit:  - CertBundlePath = nullptr  - Libcurl will use whatever was configured at build time.
[2016.04.15-22.29.32:413][  0]LogInit: Presizing for 0 objects not considered by GC, pre-allocating 0 bytes.
[2016.04.15-22.29.32:426][  0]LogInit: Object subsystem initialized
[2016.04.15-22.29.32:427][  0]LogInit: Selected Device Profile: [Windows]
[2016.04.15-22.29.32:427][  0]LogInit: Applying CVar settings loaded from the selected device profile: [Windows]
[2016.04.15-22.29.32:471][  0]LogInit: Computer: DANIEL-PC
[2016.04.15-22.29.32:471][  0]LogInit: User: Daniel
[2016.04.15-22.29.32:471][  0]LogInit: CPU Page size=4096, Cores=2
[2016.04.15-22.29.32:471][  0]LogInit: High frequency timer resolution =3.531777 MHz
[2016.04.15-22.29.32:471][  0]LogMemory: Memory total: Physical=8.0GB (8GB approx)
[2016.04.15-22.29.32:471][  0]LogMemory: Platform Memory Stats for Windows
[2016.04.15-22.29.32:471][  0]LogMemory: Process Physical Memory: 56.41 MB used, 56.41 MB peak
[2016.04.15-22.29.32:471][  0]LogMemory: Process Virtual Memory: 56.57 MB used, 56.57 MB peak
[2016.04.15-22.29.32:471][  0]LogMemory: Physical Memory: 3480.38 MB used, 8190.46 MB total
[2016.04.15-22.29.32:471][  0]LogMemory: Virtual Memory: 346.59 MB used, 8388608.00 MB total
[2016.04.15-22.29.32:747][  0]LogTextLocalizationManager: No specific translations for ('en-US') exist, so ('en') translations will be used.
[2016.04.15-22.29.34:224][  0]LogD3D11RHI: Found D3D11 adapter 0: AMD Radeon HD 7800 Series (Feature Level 11_0)
[2016.04.15-22.29.34:224][  0]LogD3D11RHI: Adapter has 1003MB of dedicated video memory, 0MB of dedicated system memory, and 3839MB of shared system memory, 1 output[s]
[2016.04.15-22.29.34:224][  0]LogD3D11RHI: Chosen D3D11 Adapter Id = 0
[2016.04.15-22.29.34:232][  0]LogD3D11RHI: !Direct3DDevice
[2016.04.15-22.29.34:232][  0]LogRHI: Texture pool is 702 MB (70% of 1003 MB)
[2016.04.15-22.29.34:240][  0]LogD3D11RHI: Async texture creation disabled: no driver support
[2016.04.15-22.29.34:252][  0]LogShaderCompilers: Guid format shader working directory is -53 characters bigger than the processId version (../../../../../../Users/Daniel/Desktop/School2/New classes/New Classes/New Classes/DIG4725/HotelBete/Intermediate/Shaders/WorkingDirectory/7100/).
[2016.04.15-22.29.34:252][  0]LogShaderCompilers: Cleaned the shader compiler working directory 'C:/Users/Daniel/AppData/Local/Temp/UnrealShaderWorkingDir/FCDED654450C592CED4C498FF5E1199F/'.
[2016.04.15-22.29.34:252][  0]LogShaderCompilers:Display: Using Local Shader Compiler.
[2016.04.15-22.29.38:787][  0]LogTemp:Display: Loaded TP AllDesktopTargetPlatform
[2016.04.15-22.29.38:795][  0]LogTemp:Display: Loaded TP WindowsClientTargetPlatform
[2016.04.15-22.29.38:801][  0]LogTemp:Display: Loaded TP WindowsNoEditorTargetPlatform
[2016.04.15-22.29.38:807][  0]LogTemp:Display: Loaded TP WindowsServerTargetPlatform
[2016.04.15-22.29.38:812][  0]LogTemp:Display: Loaded TP WindowsTargetPlatform
[2016.04.15-22.29.38:829][  0]LogTemp:Display: Loaded TP AndroidTargetPlatform
[2016.04.15-22.29.38:834][  0]LogTemp:Display: Loaded TP Android_ASTCTargetPlatform
[2016.04.15-22.29.38:838][  0]LogTemp:Display: Loaded TP Android_ATCTargetPlatform
[2016.04.15-22.29.38:843][  0]LogTemp:Display: Loaded TP Android_DXTTargetPlatform
[2016.04.15-22.29.38:848][  0]LogTemp:Display: Loaded TP Android_ETC1TargetPlatform
[2016.04.15-22.29.38:853][  0]LogTemp:Display: Loaded TP Android_ETC2TargetPlatform
[2016.04.15-22.29.38:865][  0]LogTemp:Display: Loaded TP Android_MultiTargetPlatform
[2016.04.15-22.29.38:865][  0]LogTemp:Display: Loaded TP Android_PVRTCTargetPlatform
[2016.04.15-22.29.38:867][  0]LogTemp:Display: Loaded TP HTML5TargetPlatform
[2016.04.15-22.29.38:927][  0]LogTemp:Display: Loaded TP IOSTargetPlatform
[2016.04.15-22.29.38:932][  0]LogTemp:Display: Loaded TP LinuxNoEditorTargetPlatform
[2016.04.15-22.29.38:938][  0]LogTemp:Display: Loaded TP LinuxServerTargetPlatform
[2016.04.15-22.29.38:959][  0]LogTemp:Display: Loaded TP LinuxTargetPlatform
[2016.04.15-22.29.38:960][  0]LogTargetPlatformManager:Display: Building Assets For Windows
[2016.04.15-22.29.39:596][  0]LogDerivedDataCache:Display: Max Cache Size: 512 MB
[2016.04.15-22.29.40:270][  0]LogDerivedDataCache: Loaded boot cache 0.67s 41MB C:/Users/Daniel/AppData/Local/UnrealEngine/4.10/DerivedDataCache/Boot.ddc.
[2016.04.15-22.29.40:271][  0]LogDerivedDataCache:Display: Loaded Boot cache: C:/Users/Daniel/AppData/Local/UnrealEngine/4.10/DerivedDataCache/Boot.ddc
[2016.04.15-22.29.40:271][  0]LogDerivedDataCache: FDerivedDataBackendGraph:  Pak pak cache file ../../../../../../Users/Daniel/Desktop/School2/New classes/New Classes/New Classes/DIG4725/HotelBete/DerivedDataCache/DDC.ddp not found, will not use a pak cache.
[2016.04.15-22.29.40:271][  0]LogDerivedDataCache: Unable to find inner node Pak for hierarchical cache Hierarchy.
[2016.04.15-22.29.40:271][  0]LogDerivedDataCache: FDerivedDataBackendGraph:  CompressedPak pak cache file ../../../../../../Users/Daniel/Desktop/School2/New classes/New Classes/New Classes/DIG4725/HotelBete/DerivedDataCache/Compressed.ddp not found, will not use a pak cache.
[2016.04.15-22.29.40:271][  0]LogDerivedDataCache: Unable to find inner node CompressedPak for hierarchical cache Hierarchy.
[2016.04.15-22.29.40:419][  0]LogDerivedDataCache:Display: Pak cache opened for reading ../../../Engine/DerivedDataCache/Compressed.ddp.
[2016.04.15-22.29.40:431][  0]LogDerivedDataCache: Using Local data cache path C:/Users/Daniel/AppData/Local/UnrealEngine/Common/DerivedDataCache: Writable
[2016.04.15-22.29.44:155][  0]LogInit: Selected Device Profile: [Windows]
[2016.04.15-22.29.44:155][  0]LogContentStreaming: Texture pool size is 0.000000MB
[2016.04.15-22.29.44:229][  0]LogMeshUtilities: No automatic mesh reduction module available
[2016.04.15-22.29.44:229][  0]LogMeshUtilities: No automatic mesh merging module available
[2016.04.15-22.29.44:795][  0]LogInit: WinSock: version 1.1 (2.2), MaxSocks=32767, MaxUdp=65467
[2016.04.15-22.30.04:997][  0]LogAssetRegistry: FAssetRegistry took 0.0101 seconds to start up
[2016.04.15-22.30.05:047][  0]UdpMessaging: Initializing bridge on interface 0.0.0.0:0 to multicast group 230.0.0.1:6666.
[2016.04.15-22.30.06:998][  0]SourceControl: Info Source control is disabled
[2016.04.15-22.30.06:999][  0]SourceControl: Info Source control is disabled
[2016.04.15-22.30.07:075][  0]SourceControl: Info Source control is disabled
[2016.04.15-22.30.07:114][  0]SourceControl: Info Source control is disabled
[2016.04.15-22.30.08:723][  0]LogObj: 28802 objects as part of root set at end of initial load.
[2016.04.15-22.30.08:723][  0]LogUObjectAllocator: 6129776 out of 0 bytes used by permanent object pool.
[2016.04.15-22.30.09:350][  0]LogEngine: Initializing Engine...
[2016.04.15-22.30.09:353][  0]LogHMD: Can't find Oculus library dev build: is proper Runtime installed? Version: 0.8.0.0
[2016.04.15-22.30.09:820][  0]LogHMD: SteamVR failed to initialize.  Err: 110
[2016.04.15-22.30.10:629][  0]LogAIModule: Creating AISystem for world NewWorld
[2016.04.15-22.30.10:688][  0]LogInit: XAudio2 using 'Speakers (Realtek High Definition Audio)' : 2 channels at 48 kHz using 32 bits per sample (channel mask 0x3)
[2016.04.15-22.30.10:706][  0]LogInit: FAudioDevice initialized.
[2016.04.15-22.30.10:750][  0]LogDerivedDataCache: Saved boot cache 0.04s 41MB C:/Users/Daniel/AppData/Local/UnrealEngine/4.10/DerivedDataCache/Boot.ddc.
[2016.04.15-22.30.10:760][  0]LogInit: Texture streaming: Enabled
[2016.04.15-22.30.10:766][  0]LogAnalytics: Creating configured Analytics provider AnalyticsET
[2016.04.15-22.30.10:766][  0]LogAnalytics: [UEEditor.Rocket.Release] APIServer = http://et2.epicgames.com/ET2/. AppVersion = 4.10.4-2872498+++depot+UE4-Releases+4.10
[2016.04.15-22.30.10:766][  0]LogAnalytics: [UEEditor.Rocket.Release] SetUserId ed5e9abb412814bb99d59fb056a48704|1cdc74d24c5c488499a1545b79b877ae|87672418-128d-4f96-b687-83d63e0e05d0
[2016.04.15-22.30.10:766][  0]LogAnalytics: [UEEditor.Rocket.Release] AnalyticsET::StartSession
[2016.04.15-22.30.10:775][  0]LogInit: Transaction tracking system initialized
[2016.04.15-22.30.10:802][  0]BlueprintLog: New page: Editor Load
[2016.04.15-22.30.10:882][  0]LocalizationService: Info Localization service is disabled
[2016.04.15-22.30.10:964][  0]LogConsoleResponse:Display: 
[2016.04.15-22.30.11:114][  0]LogCook:Display: Done creating registry. It took  0.00s.
[2016.04.15-22.30.11:181][  0]LogFileCache: Scanning file cache for directory 'C:/Users/Daniel/Desktop/School2/New classes/New Classes/New Classes/DIG4725/HotelBete/Content/' took 0.02s
[2016.04.15-22.30.11:181][  0]SourceControl: Info Source control is disabled
[2016.04.15-22.30.27:137][  0]Cmd: MAP LOAD FILE="../../../../../../Users/Daniel/Desktop/School2/New classes/New Classes/New Classes/DIG4725/HotelBete/Content/Hotel/Levels/Menu.umap" TEMPLATE=0 SHOWPROGRESS=1 FEATURELEVEL=3
[2016.04.15-22.30.27:137][  0]LightingResults: New page: Lighting Build
[2016.04.15-22.30.27:149][  0]MapCheck: New page: Map Check
[2016.04.15-22.30.27:149][  0]LightingResults: New page: Lighting Build
[2016.04.15-22.30.27:182][  0]LogParticles: Destroying 0 GPU particle simulations for FXSystem 0x000000001DE7FB00
[2016.04.15-22.30.36:903][  0]LogAIModule: Creating AISystem for world Menu
[2016.04.15-22.30.36:904][  0]LogEditorServer: Finished looking for orphan Actors (0.000 secs)
[2016.04.15-22.30.36:905][  0]Cmd: MAP CHECKDEP NOCLEARLOG
[2016.04.15-22.30.37:013][  0]MapCheck: Info Map check complete: 0 Error(s), 0 Warning(s), took 108.569ms to complete.
[2016.04.15-22.30.37:014][  0]LogFileHelpers: Loading map 'Menu' took 9.877
[2016.04.15-22.30.37:140][  0]LogCollectionManager: Loaded 0 collections in 0.004310 seconds
[2016.04.15-22.30.37:185][  0]LogFileCache: Scanning file cache for directory 'C:/Users/Daniel/Desktop/School2/New classes/New Classes/New Classes/DIG4725/HotelBete/Saved/Collections/' took 0.01s
[2016.04.15-22.30.37:185][  0]LogFileCache: Scanning file cache for directory 'C:/Users/Daniel/Desktop/School2/New classes/New Classes/New Classes/DIG4725/HotelBete/Content/Developers/Daniel/Collections/' took 0.01s
[2016.04.15-22.30.37:185][  0]LogFileCache: Scanning file cache for directory 'C:/Users/Daniel/Desktop/School2/New classes/New Classes/New Classes/DIG4725/HotelBete/Content/Collections/' took 0.01s
[2016.04.15-22.30.37:185][  0]LogCollectionManager: Rebuilt the GUID cache for 0 collections in 0.000003 seconds
[2016.04.15-22.30.37:201][  0]LogContentBrowser: Native class hierarchy populated in 0.0162 seconds. Added 1908 classes and 344 folders.
[2016.04.15-22.30.37:209][  0]LogContentBrowser: Native class hierarchy updated for 'WidgetCarousel' in 0.0005 seconds. Added 0 classes and 0 folders.
[2016.04.15-22.30.37:271][  0]LogContentBrowser: Native class hierarchy updated for 'AddContentDialog' in 0.0006 seconds. Added 0 classes and 0 folders.
[2016.04.15-22.30.37:276][  0]LogContentBrowser: Native class hierarchy updated for 'SceneOutliner' in 0.0008 seconds. Added 1 classes and 2 folders.
[2016.04.15-22.30.37:372][  0]LogCrashTracker: Crashtracker disabled due to settings.
[2016.04.15-22.30.37:377][  0]LogUObjectGlobals:Warning: Failed to find object 'Class None.'
[2016.04.15-22.30.37:398][  0]LogStats:Warning: MetaData mismatch. Did you assign a stat to two groups? New //STATGROUP_Threads//SplashScreenThread///Thread_1f18_0///####STATCAT_Advanced#### old //STATGROUP_Threads//SplashScreenThread///Thread_136c_0///####STATCAT_Advanced####
[2016.04.15-22.30.37:398][  0]LogLoad: Full Startup: 66.57 seconds (BP compile: 1.47 seconds)
[2016.04.15-22.30.37:410][  0]LogOcInput: Can't find Oculus library dev build: is proper Runtime installed? Version: 0.8.0.0
[2016.04.15-22.30.37:461][  0]LogContentStreaming: Texture pool size now 1000 MB
[2016.04.15-22.30.37:691][  0]LogRenderer: Reallocating scene render targets to support 1004x456 (Frame:2).
[2016.04.15-22.30.39:059][ 21]LogAssetRegistry: Asset discovery search completed in 34.0715 seconds
[2016.04.15-22.30.39:059][ 21]LogCollectionManager: Rebuilt the object cache for 0 collections in 0.000001 seconds (found 0 objects)
[2016.04.15-22.30.39:059][ 21]LogCollectionManager: Fixed up redirectors for 0 collections in 0.000025 seconds (updated 0 objects)
[2016.04.15-22.31.49:641][333]LogFactory: FactoryCreateBinary: SoundWave with ReimportSoundFactory (0 0 C:\Users\Daniel\Desktop\School2\New classes\New Classes\New Classes\DIG4725\Sound Effects\Menu\Comfirm.wav)
[2016.04.15-22.31.49:644][333]LogAudioDerivedData:Display: Building compressed audio format OGG wave Comfirm...
[2016.04.15-22.31.49:665][333]LogAudioDerivedData:Warning: Updated SoundWave->RawPCMDataSize during cooking SoundWave /Game/Hotel/Sounds/SE/Comfirm.Comfirm.
[2016.04.15-22.32.40:347][822]LogLinker:Warning: Asset '../../../Engine/Content/ArtTools/RenderToTexture/Macros/RenderToTextureMacros.uasset' has been saved with empty engine version. The asset will be loaded but may be incompatible.
[2016.04.15-22.32.41:261][822]LogContentBrowser: Native class hierarchy updated for 'BlueprintGraph' in 0.0011 seconds. Added 107 classes and 0 folders.
[2016.04.15-22.34.31:167][732]LogFactory: FactoryCreateBinary: SoundWave with ReimportSoundFactory (0 0 C:\Users\Daniel\Desktop\School2\New classes\New Classes\New Classes\DIG4725\Sound Effects\Menu\Back out.wav)
[2016.04.15-22.34.31:170][732]LogAudioDerivedData:Display: Building compressed audio format OGG wave Back_out...
[2016.04.15-22.34.31:180][732]LogAudioDerivedData:Warning: Updated SoundWave->RawPCMDataSize during cooking SoundWave /Game/Hotel/Sounds/SE/Back_out.Back_out.
[2016.04.15-22.38.00:092][460]LogFactory: FactoryCreateBinary: SoundWave with ReimportSoundFactory (0 0 C:\Users\Daniel\Desktop\School2\New classes\New Classes\New Classes\DIG4725\Sound Effects\Menu\Mouse over - Select.wav)
[2016.04.15-22.38.00:094][460]LogAudioDerivedData:Display: Building compressed audio format OGG wave Mouse_over_-_Select...
[2016.04.15-22.38.00:105][460]LogAudioDerivedData:Warning: Updated SoundWave->RawPCMDataSize during cooking SoundWave /Game/Hotel/Sounds/SE/Mouse_over_-_Select.Mouse_over_-_Select.
[2016.04.15-22.38.01:201][463]LogEditorViewport: Clicking Background
[2016.04.15-22.38.10:533][438]LogSavePackage: Save=272.577515ms
[2016.04.15-22.38.10:533][438]LogSavePackage: Moving '../../../../../../Users/Daniel/Desktop/School2/New classes/New Classes/New Classes/DIG4725/HotelBete/Saved/MainMenuF6C202F9489A7FEA9AEB948466EC77F3.tmp' to '../../../../../../Users/Daniel/Desktop/School2/New classes/New Classes/New Classes/DIG4725/HotelBete/Content/Hotel/Blueprints/Widgets/MainMenu.uasset'
[2016.04.15-22.38.10:536][438]LogSavePackage: Total save time: 316.745084ms
[2016.04.15-22.38.10:536][438]LogSavePackage:Display: Finished SavePackage ../../../../../../Users/Daniel/Desktop/School2/New classes/New Classes/New Classes/DIG4725/HotelBete/Content/Hotel/Blueprints/Widgets/MainMenu.uasset
[2016.04.15-22.40.34:641][727]LogSavePackage: Save=262.514313ms
[2016.04.15-22.40.34:641][727]LogSavePackage: Moving '../../../../../../Users/Daniel/Desktop/School2/New classes/New Classes/New Classes/DIG4725/HotelBete/Saved/MainMenuD5DC6F4D43C0678B2B7DDF85CCB17654.tmp' to '../../../../../../Users/Daniel/Desktop/School2/New classes/New Classes/New Classes/DIG4725/HotelBete/Content/Hotel/Blueprints/Widgets/MainMenu.uasset'
[2016.04.15-22.40.34:645][727]LogSavePackage: Total save time: 273.926411ms
[2016.04.15-22.40.34:645][727]LogSavePackage:Display: Finished SavePackage ../../../../../../Users/Daniel/Desktop/School2/New classes/New Classes/New Classes/DIG4725/HotelBete/Content/Hotel/Blueprints/Widgets/MainMenu.uasset
[2016.04.15-22.40.36:382][899]LogBlueprintUserMessages: Early PlayInEditor Detection: Level '/Game/Hotel/Levels/Menu.Menu:PersistentLevel' has LevelScriptBlueprint '/Game/Hotel/Levels/Menu.Menu:PersistentLevel.Menu' with GeneratedClass '/Game/Hotel/Levels/Menu.Menu_C' with ClassGeneratedBy '/Game/Hotel/Levels/Menu.Menu:PersistentLevel.Menu'
[2016.04.15-22.40.36:382][899]BlueprintLog: New page: Pre-Play auto-recompile
[2016.04.15-22.40.36:458][899]LogPlayLevel: [PlayLevel] Compiling MainMenu before play...
[2016.04.15-22.40.36:642][899]LogPlayLevel: PlayLevel: Blueprint regeneration took 260 ms (2 blueprints)
[2016.04.15-22.40.36:643][899]LogPlayLevel: [PlayLevel] Compiling Menu before play...
[2016.04.15-22.40.36:745][899]LogPlayLevel: PlayLevel: Blueprint regeneration took 362 ms (2 blueprints)
[2016.04.15-22.40.36:946][899]PIE: New page: PIE session: Menu (Apr 15, 2016, 2:40:36 PM)
[2016.04.15-22.40.36:946][899]LogPlayLevel: Creating play world package: /Game/Hotel/Levels/UEDPIE_0_Menu
[2016.04.15-22.40.36:949][899]LogPlayLevel: PIE: StaticDuplicateObject took: (0.003020s)
[2016.04.15-22.40.36:950][899]LogAIModule: Creating AISystem for world Menu
[2016.04.15-22.40.36:950][899]LogPlayLevel: PIE: World Init took: (0.000892s)
[2016.04.15-22.40.36:950][899]LogPlayLevel: PIE: Created PIE world by copying editor world from /Game/Hotel/Levels/Menu.Menu to /Game/Hotel/Levels/UEDPIE_0_Menu.Menu (0.004151s)
[2016.04.15-22.40.37:021][899]LogInit: XAudio2 using 'Speakers (Realtek High Definition Audio)' : 2 channels at 48 kHz using 32 bits per sample (channel mask 0x3)
[2016.04.15-22.40.37:033][899]LogInit: FAudioDevice initialized.
[2016.04.15-22.40.37:191][899]LogWorld: Game class is 'FirstPersonGameMode_C'
[2016.04.15-22.40.37:192][899]LogWorld: Bringing World /Game/Hotel/Levels/UEDPIE_0_Menu.Menu up for play (max tick rate 0) at 2016.04.15-18.40.37
[2016.04.15-22.40.37:192][899]LogActor:Warning: GameSession /Game/Hotel/Levels/UEDPIE_0_Menu.Menu:PersistentLevel.GameSession_0 has natively added scene component(s), but none of them were set as the actor's RootComponent - picking one arbitrarily
[2016.04.15-22.40.37:193][899]LogActor:Warning: GameNetworkManager /Game/Hotel/Levels/UEDPIE_0_Menu.Menu:PersistentLevel.GameNetworkManager_0 has natively added scene component(s), but none of them were set as the actor's RootComponent - picking one arbitrarily
[2016.04.15-22.40.37:193][899]LogWorld: Bringing up level for play took: 0.001232
[2016.04.15-22.40.37:194][899]LogGameMode: Warning - PATHS NOT DEFINED or NO PLAYERSTART with positive rating
[2016.04.15-22.40.37:209][899]PIE: Info Play in editor start time for /Game/Hotel/Levels/UEDPIE_0_Menu 0.925
[2016.04.15-22.40.37:209][899]LogBlueprintUserMessages: Late PlayInEditor Detection: Level '/Game/Hotel/Levels/Menu.Menu:PersistentLevel' has LevelScriptBlueprint '/Game/Hotel/Levels/Menu.Menu:PersistentLevel.Menu' with GeneratedClass '/Game/Hotel/Levels/Menu.Menu_C' with ClassGeneratedBy '/Game/Hotel/Levels/Menu.Menu:PersistentLevel.Menu'
[2016.04.15-22.40.37:385][900]LogRenderer: Reallocating scene render targets to support 1280x720 (Frame:674).
[2016.04.15-22.40.44:117][445]LogBlueprintUserMessages: Early EndPlayMap Detection: Level '/Game/Hotel/Levels/Menu.Menu:PersistentLevel' has LevelScriptBlueprint '/Game/Hotel/Levels/Menu.Menu:PersistentLevel.Menu' with GeneratedClass '/Game/Hotel/Levels/Menu.Menu_C' with ClassGeneratedBy '/Game/Hotel/Levels/Menu.Menu:PersistentLevel.Menu'
[2016.04.15-22.40.44:264][445]LogBlueprintUserMessages: Late EndPlayMap Detection: Level '/Game/Hotel/Levels/Menu.Menu:PersistentLevel' has LevelScriptBlueprint '/Game/Hotel/Levels/Menu.Menu:PersistentLevel.Menu' with GeneratedClass '/Game/Hotel/Levels/Menu.Menu_C' with ClassGeneratedBy '/Game/Hotel/Levels/Menu.Menu:PersistentLevel.Menu'
[2016.04.15-22.40.44:463][446]LogParticles: Destroying 0 GPU particle simulations for FXSystem 0x00000000474CA840
[2016.04.15-22.40.54:119][383]LogSavePackage: Save=258.949249ms
[2016.04.15-22.40.54:119][383]LogSavePackage: Moving '../../../../../../Users/Daniel/Desktop/School2/New classes/New Classes/New Classes/DIG4725/HotelBete/Saved/MainMenu78121275494A2C232976EEAE32BC1E6E.tmp' to '../../../../../../Users/Daniel/Desktop/School2/New classes/New Classes/New Classes/DIG4725/HotelBete/Content/Hotel/Blueprints/Widgets/MainMenu.uasset'
[2016.04.15-22.40.54:122][383]LogSavePackage: Total save time: 270.049896ms
[2016.04.15-22.40.54:122][383]LogSavePackage:Display: Finished SavePackage ../../../../../../Users/Daniel/Desktop/School2/New classes/New Classes/New Classes/DIG4725/HotelBete/Content/Hotel/Blueprints/Widgets/MainMenu.uasset
[2016.04.15-22.41.03:383][341]LogBlueprintUserMessages: Early PlayInEditor Detection: Level '/Game/Hotel/Levels/Menu.Menu:PersistentLevel' has LevelScriptBlueprint '/Game/Hotel/Levels/Menu.Menu:PersistentLevel.Menu' with GeneratedClass '/Game/Hotel/Levels/Menu.Menu_C' with ClassGeneratedBy '/Game/Hotel/Levels/Menu.Menu:PersistentLevel.Menu'
[2016.04.15-22.41.03:383][341]BlueprintLog: New page: Pre-Play auto-recompile
[2016.04.15-22.41.03:402][341]LogPlayLevel: [PlayLevel] Compiling MainMenu before play...
[2016.04.15-22.41.03:559][341]LogPlayLevel: PlayLevel: Blueprint regeneration took 175 ms (2 blueprints)
[2016.04.15-22.41.03:559][341]LogPlayLevel: [PlayLevel] Compiling Menu before play...
[2016.04.15-22.41.03:624][341]LogPlayLevel: PlayLevel: Blueprint regeneration took 240 ms (2 blueprints)
[2016.04.15-22.41.03:690][341]PIE: New page: PIE session: Menu (Apr 15, 2016, 2:41:03 PM)
[2016.04.15-22.41.03:690][341]LogPlayLevel: Creating play world package: /Game/Hotel/Levels/UEDPIE_0_Menu
[2016.04.15-22.41.03:693][341]LogPlayLevel: PIE: StaticDuplicateObject took: (0.002892s)
[2016.04.15-22.41.03:693][341]LogAIModule: Creating AISystem for world Menu
[2016.04.15-22.41.03:694][341]LogPlayLevel: PIE: World Init took: (0.000870s)
[2016.04.15-22.41.03:694][341]LogPlayLevel: PIE: Created PIE world by copying editor world from /Game/Hotel/Levels/Menu.Menu to /Game/Hotel/Levels/UEDPIE_0_Menu.Menu (0.003965s)
[2016.04.15-22.41.03:762][341]LogInit: XAudio2 using 'Speakers (Realtek High Definition Audio)' : 2 channels at 48 kHz using 32 bits per sample (channel mask 0x3)
[2016.04.15-22.41.03:798][341]LogInit: FAudioDevice initialized.
[2016.04.15-22.41.03:873][341]LogWorld: Game class is 'FirstPersonGameMode_C'
[2016.04.15-22.41.03:875][341]LogWorld: Bringing World /Game/Hotel/Levels/UEDPIE_0_Menu.Menu up for play (max tick rate 0) at 2016.04.15-18.41.03
[2016.04.15-22.41.03:875][341]LogActor:Warning: GameSession /Game/Hotel/Levels/UEDPIE_0_Menu.Menu:PersistentLevel.GameSession_1 has natively added scene component(s), but none of them were set as the actor's RootComponent - picking one arbitrarily
[2016.04.15-22.41.03:875][341]LogActor:Warning: GameNetworkManager /Game/Hotel/Levels/UEDPIE_0_Menu.Menu:PersistentLevel.GameNetworkManager_1 has natively added scene component(s), but none of them were set as the actor's RootComponent - picking one arbitrarily
[2016.04.15-22.41.03:875][341]LogWorld: Bringing up level for play took: 0.001241
[2016.04.15-22.41.03:889][341]LogGameMode: Warning - PATHS NOT DEFINED or NO PLAYERSTART with positive rating
[2016.04.15-22.41.03:903][341]PIE: Info Play in editor start time for /Game/Hotel/Levels/UEDPIE_0_Menu -0.381
[2016.04.15-22.41.03:903][341]LogBlueprintUserMessages: Late PlayInEditor Detection: Level '/Game/Hotel/Levels/Menu.Menu:PersistentLevel' has LevelScriptBlueprint '/Game/Hotel/Levels/Menu.Menu:PersistentLevel.Menu' with GeneratedClass '/Game/Hotel/Levels/Menu.Menu_C' with ClassGeneratedBy '/Game/Hotel/Levels/Menu.Menu:PersistentLevel.Menu'
[2016.04.15-22.41.08:100][680]LogBlueprintUserMessages: Early EndPlayMap Detection: Level '/Game/Hotel/Levels/Menu.Menu:PersistentLevel' has LevelScriptBlueprint '/Game/Hotel/Levels/Menu.Menu:PersistentLevel.Menu' with GeneratedClass '/Game/Hotel/Levels/Menu.Menu_C' with ClassGeneratedBy '/Game/Hotel/Levels/Menu.Menu:PersistentLevel.Menu'
[2016.04.15-22.41.08:169][680]LogBlueprintUserMessages: Late EndPlayMap Detection: Level '/Game/Hotel/Levels/Menu.Menu:PersistentLevel' has LevelScriptBlueprint '/Game/Hotel/Levels/Menu.Menu:PersistentLevel.Menu' with GeneratedClass '/Game/Hotel/Levels/Menu.Menu_C' with ClassGeneratedBy '/Game/Hotel/Levels/Menu.Menu:PersistentLevel.Menu'
[2016.04.15-22.41.08:250][681]LogParticles: Destroying 0 GPU particle simulations for FXSystem 0x0000000027A01260
[2016.04.15-22.42.37:792][ 95]LogSavePackage: Save=242.411392ms
[2016.04.15-22.42.37:792][ 95]LogSavePackage: Moving '../../../../../../Users/Daniel/Desktop/School2/New classes/New Classes/New Classes/DIG4725/HotelBete/Saved/MainMenuB550C4564966308FFD2A4D80ECDDE26A.tmp' to '../../../../../../Users/Daniel/Desktop/School2/New classes/New Classes/New Classes/DIG4725/HotelBete/Content/Hotel/Blueprints/Widgets/MainMenu.uasset'
[2016.04.15-22.42.37:794][ 95]LogSavePackage: Total save time: 279.439501ms
[2016.04.15-22.42.37:794][ 95]LogSavePackage:Display: Finished SavePackage ../../../../../../Users/Daniel/Desktop/School2/New classes/New Classes/New Classes/DIG4725/HotelBete/Content/Hotel/Blueprints/Widgets/MainMenu.uasset
[2016.04.15-22.43.23:156][934]LogFileHelpers: Editor autosave (incl. sublevels) for '/Game/Hotel/Levels/Menu' took 0.061
[2016.04.15-22.43.23:163][934]OBJ SavePackage: Generating thumbnails for [1] asset(s) in package [/Game/Hotel/Sounds/SE/Comfirm] ([1] browsable assets)...
[2016.04.15-22.43.23:200][934]OBJ SavePackage:     Rendered thumbnail for [SoundWave /Game/Hotel/Sounds/SE/Comfirm.Comfirm]
[2016.04.15-22.43.23:200][934]OBJ SavePackage: Finished generating thumbnails for package [/Game/Hotel/Sounds/SE/Comfirm]
[2016.04.15-22.43.23:270][934]LogSavePackage: Save=68.556427ms
[2016.04.15-22.43.23:270][934]LogSavePackage: Moving '../../../../../../Users/Daniel/Desktop/School2/New classes/New Classes/New Classes/DIG4725/HotelBete/Saved/Comfirm_Auto19273225E4BE135CB35101198ADA11747.tmp' to '../../../../../../Users/Daniel/Desktop/School2/New classes/New Classes/New Classes/DIG4725/HotelBete/Saved/Autosaves/Game/Hotel/Sounds/SE/Comfirm_Auto1.uasset'
[2016.04.15-22.43.23:271][934]LogSavePackage: Total save time: 70.023108ms
[2016.04.15-22.43.23:271][934]LogSavePackage:Display: Finished SavePackage ../../../../../../Users/Daniel/Desktop/School2/New classes/New Classes/New Classes/DIG4725/HotelBete/Saved/Autosaves/Game/Hotel/Sounds/SE/Comfirm_Auto1.uasset
[2016.04.15-22.43.23:278][934]OBJ SavePackage: Generating thumbnails for [0] asset(s) in package [/Game/Hotel/Sounds/SE/Comfirm_Cue] ([1] browsable assets)...
[2016.04.15-22.43.23:278][934]OBJ SavePackage: Finished generating thumbnails for package [/Game/Hotel/Sounds/SE/Comfirm_Cue]
[2016.04.15-22.43.23:311][934]LogSavePackage: Save=30.992048ms
[2016.04.15-22.43.23:311][934]LogSavePackage: Moving '../../../../../../Users/Daniel/Desktop/School2/New classes/New Classes/New Classes/DIG4725/HotelBete/Saved/Comfirm_Cue_Auto1B59A7A0F4275C24F27386F9E88837557.tmp' to '../../../../../../Users/Daniel/Desktop/School2/New classes/New Classes/New Classes/DIG4725/HotelBete/Saved/Autosaves/Game/Hotel/Sounds/SE/Comfirm_Cue_Auto1.uasset'
[2016.04.15-22.43.23:312][934]LogSavePackage: Total save time: 32.314897ms
[2016.04.15-22.43.23:312][934]LogSavePackage:Display: Finished SavePackage ../../../../../../Users/Daniel/Desktop/School2/New classes/New Classes/New Classes/DIG4725/HotelBete/Saved/Autosaves/Game/Hotel/Sounds/SE/Comfirm_Cue_Auto1.uasset
[2016.04.15-22.43.23:318][934]OBJ SavePackage: Generating thumbnails for [1] asset(s) in package [/Game/Hotel/Sounds/SE/Back_out] ([1] browsable assets)...
[2016.04.15-22.43.23:327][934]OBJ SavePackage:     Rendered thumbnail for [SoundWave /Game/Hotel/Sounds/SE/Back_out.Back_out]
[2016.04.15-22.43.23:327][934]OBJ SavePackage: Finished generating thumbnails for package [/Game/Hotel/Sounds/SE/Back_out]
[2016.04.15-22.43.23:334][934]LogSavePackage: Save=5.503462ms
[2016.04.15-22.43.23:334][934]LogSavePackage: Moving '../../../../../../Users/Daniel/Desktop/School2/New classes/New Classes/New Classes/DIG4725/HotelBete/Saved/Back_out_Auto1DB9BBA8A456B48ADB91F84B6FA5D46B6.tmp' to '../../../../../../Users/Daniel/Desktop/School2/New classes/New Classes/New Classes/DIG4725/HotelBete/Saved/Autosaves/Game/Hotel/Sounds/SE/Back_out_Auto1.uasset'
[2016.04.15-22.43.23:357][934]LogSavePackage: Total save time: 28.278966ms
[2016.04.15-22.43.23:357][934]LogSavePackage:Display: Finished SavePackage ../../../../../../Users/Daniel/Desktop/School2/New classes/New Classes/New Classes/DIG4725/HotelBete/Saved/Autosaves/Game/Hotel/Sounds/SE/Back_out_Auto1.uasset
[2016.04.15-22.43.23:362][934]OBJ SavePackage: Generating thumbnails for [0] asset(s) in package [/Game/Hotel/Sounds/SE/Back_out_Cue] ([1] browsable assets)...
[2016.04.15-22.43.23:362][934]OBJ SavePackage: Finished generating thumbnails for package [/Game/Hotel/Sounds/SE/Back_out_Cue]
[2016.04.15-22.43.23:367][934]LogSavePackage: Save=3.096458ms
[2016.04.15-22.43.23:367][934]LogSavePackage: Moving '../../../../../../Users/Daniel/Desktop/School2/New classes/New Classes/New Classes/DIG4725/HotelBete/Saved/Back_out_Cue_Auto1D299F2CF442F1234FE889D9B5DAFEAA9.tmp' to '../../../../../../Users/Daniel/Desktop/School2/New classes/New Classes/New Classes/DIG4725/HotelBete/Saved/Autosaves/Game/Hotel/Sounds/SE/Back_out_Cue_Auto1.uasset'
[2016.04.15-22.43.23:368][934]LogSavePackage: Total save time: 4.170705ms
[2016.04.15-22.43.23:368][934]LogSavePackage:Display: Finished SavePackage ../../../../../../Users/Daniel/Desktop/School2/New classes/New Classes/New Classes/DIG4725/HotelBete/Saved/Autosaves/Game/Hotel/Sounds/SE/Back_out_Cue_Auto1.uasset
[2016.04.15-22.43.23:373][934]OBJ SavePackage: Generating thumbnails for [1] asset(s) in package [/Game/Hotel/Sounds/SE/Mouse_over_-_Select] ([1] browsable assets)...
[2016.04.15-22.43.23:383][934]OBJ SavePackage:     Rendered thumbnail for [SoundWave /Game/Hotel/Sounds/SE/Mouse_over_-_Select.Mouse_over_-_Select]
[2016.04.15-22.43.23:383][934]OBJ SavePackage: Finished generating thumbnails for package [/Game/Hotel/Sounds/SE/Mouse_over_-_Select]
[2016.04.15-22.43.23:390][934]LogSavePackage: Save=5.558392ms
[2016.04.15-22.43.23:390][934]LogSavePackage: Moving '../../../../../../Users/Daniel/Desktop/School2/New classes/New Classes/New Classes/DIG4725/HotelBete/Saved/Mouse_over_-_Select_Auto1512B68214A6ADE6D21B36592E0DC65C9.tmp' to '../../../../../../Users/Daniel/Desktop/School2/New classes/New Classes/New Classes/DIG4725/HotelBete/Saved/Autosaves/Game/Hotel/Sounds/SE/Mouse