[2016.03.02-02.36.53:913][  0]Log file open, 03/01/16 21:36:53
[2016.03.02-02.36.53:913][  0]LogInit:Display: Running engine for game: Hotel
[2016.03.02-02.36.53:913][  0]LogPlatformFile: Not using cached read wrapper
[2016.03.02-02.36.53:913][  0]LogInit:Display: RandInit(-879576159) SRandInit(-879576138).
[2016.03.02-02.36.53:913][  0]LogTaskGraph: Started task graph with 4 named threads and 7 total threads.
[2016.03.02-02.36.53:913][  0]LogStats: Stats thread started at 0.067308
[2016.03.02-02.36.53:913][  0]LogInit: Version: 4.10.2-2818068+++depot+UE4-Releases+4.10
[2016.03.02-02.36.53:913][  0]LogInit: API Version: 2758231
[2016.03.02-02.36.53:913][  0]LogInit: Compiled (64-bit): Jan  6 2016 17:36:42
[2016.03.02-02.36.53:913][  0]LogInit: Compiled with Visual C++: 19.00.23026.00
[2016.03.02-02.36.53:913][  0]LogInit: Build Configuration: Development
[2016.03.02-02.36.53:913][  0]LogInit: Branch Name: ++depot+UE4-Releases+4.10
[2016.03.02-02.36.53:913][  0]LogInit: Command line:  
[2016.03.02-02.36.53:913][  0]LogInit: Base directory: E:/Program Files (x86)/Epic Games/4.10/Engine/Binaries/Win64/
[2016.03.02-02.36.53:913][  0]LogInit: Rocket: 1
[2016.03.02-02.36.53:913][  0]LogInit: Using libcurl 7.41.0
[2016.03.02-02.36.53:913][  0]LogInit:  - built for x86_64-pc-win32
[2016.03.02-02.36.53:913][  0]LogInit:  - supports SSL with WinSSL
[2016.03.02-02.36.53:913][  0]LogInit:  - other features:
[2016.03.02-02.36.53:913][  0]LogInit:      CURL_VERSION_SSL
[2016.03.02-02.36.53:913][  0]LogInit:      CURL_VERSION_IPV6
[2016.03.02-02.36.53:913][  0]LogInit:      CURL_VERSION_ASYNCHDNS
[2016.03.02-02.36.53:913][  0]LogInit:      CURL_VERSION_LARGEFILE
[2016.03.02-02.36.53:913][  0]LogInit:      CURL_VERSION_IDN
[2016.03.02-02.36.53:913][  0]LogInit:  CurlRequestOptions (configurable via config and command line):
[2016.03.02-02.36.53:913][  0]LogInit:  - bVerifyPeer = true  - Libcurl will verify peer certificate
[2016.03.02-02.36.53:913][  0]LogInit:  - bUseHttpProxy = false  - Libcurl will NOT use HTTP proxy
[2016.03.02-02.36.53:913][  0]LogInit:  - bDontReuseConnections = false  - Libcurl will reuse connections
[2016.03.02-02.36.53:913][  0]LogInit:  - CertBundlePath = nullptr  - Libcurl will use whatever was configured at build time.
[2016.03.02-02.36.53:923][  0]LogInit: Presizing for 0 objects not considered by GC, pre-allocating 0 bytes.
[2016.03.02-02.36.53:933][  0]LogInit: Object subsystem initialized
[2016.03.02-02.36.53:933][  0]LogInit: Selected Device Profile: [Windows]
[2016.03.02-02.36.53:933][  0]LogInit: Applying CVar settings loaded from the selected device profile: [Windows]
[2016.03.02-02.36.53:943][  0]LogInit: Computer: MANDY-PC
[2016.03.02-02.36.53:943][  0]LogInit: User: Mandy
[2016.03.02-02.36.53:943][  0]LogInit: CPU Page size=4096, Cores=4
[2016.03.02-02.36.53:943][  0]LogInit: High frequency timer resolution =14.318180 MHz
[2016.03.02-02.36.53:943][  0]LogMemory: Memory total: Physical=16.0GB (16GB approx)
[2016.03.02-02.36.53:943][  0]LogMemory: Platform Memory Stats for Windows
[2016.03.02-02.36.53:943][  0]LogMemory: Process Physical Memory: 56.16 MB used, 56.16 MB peak
[2016.03.02-02.36.53:943][  0]LogMemory: Process Virtual Memory: 59.71 MB used, 59.71 MB peak
[2016.03.02-02.36.53:943][  0]LogMemory: Physical Memory: 2767.71 MB used, 16383.18 MB total
[2016.03.02-02.36.53:943][  0]LogMemory: Virtual Memory: 354.58 MB used, 8388608.00 MB total
[2016.03.02-02.36.53:982][  0]LogTextLocalizationManager: No specific translations for ('en-US') exist, so ('en') translations will be used.
[2016.03.02-02.36.54:576][  0]LogD3D11RHI: Found D3D11 adapter 0: NVIDIA GeForce GTX 750 (Feature Level 11_0)
[2016.03.02-02.36.54:576][  0]LogD3D11RHI: Adapter has 972MB of dedicated video memory, 0MB of dedicated system memory, and 3072MB of shared system memory, 2 output[s]
[2016.03.02-02.36.54:576][  0]LogD3D11RHI: Chosen D3D11 Adapter Id = 0
[2016.03.02-02.36.54:582][  0]LogD3D11RHI: !Direct3DDevice
[2016.03.02-02.36.54:582][  0]LogRHI: Texture pool is 680 MB (70% of 972 MB)
[2016.03.02-02.36.54:592][  0]LogD3D11RHI: Async texture creation enabled
[2016.03.02-02.36.54:607][  0]LogShaderCompilers: Guid format shader working directory is -10 characters bigger than the processId version (../../../../../../Users/Mandy/Documents/GitHub/HotelBete/Intermediate/Shaders/WorkingDirectory/3940/).
[2016.03.02-02.36.54:607][  0]LogShaderCompilers: Cleaned the shader compiler working directory 'C:/Users/Mandy/AppData/Local/Temp/UnrealShaderWorkingDir/A4BD69DA4086AA687170AEB34CBC1093/'.
[2016.03.02-02.36.54:607][  0]LogShaderCompilers:Display: Using Local Shader Compiler.
[2016.03.02-02.36.55:716][  0]LogTemp:Display: Loaded TP AllDesktopTargetPlatform
[2016.03.02-02.36.55:721][  0]LogTemp:Display: Loaded TP WindowsClientTargetPlatform
[2016.03.02-02.36.55:725][  0]LogTemp:Display: Loaded TP WindowsNoEditorTargetPlatform
[2016.03.02-02.36.55:730][  0]LogTemp:Display: Loaded TP WindowsServerTargetPlatform
[2016.03.02-02.36.55:734][  0]LogTemp:Display: Loaded TP WindowsTargetPlatform
[2016.03.02-02.36.55:738][  0]LogTemp:Display: Loaded TP AndroidTargetPlatform
[2016.03.02-02.36.55:741][  0]LogTemp:Display: Loaded TP Android_ASTCTargetPlatform
[2016.03.02-02.36.55:744][  0]LogTemp:Display: Loaded TP Android_ATCTargetPlatform
[2016.03.02-02.36.55:747][  0]LogTemp:Display: Loaded TP Android_DXTTargetPlatform
[2016.03.02-02.36.55:751][  0]LogTemp:Display: Loaded TP Android_ETC1TargetPlatform
[2016.03.02-02.36.55:754][  0]LogTemp:Display: Loaded TP Android_ETC2TargetPlatform
[2016.03.02-02.36.55:760][  0]LogTemp:Display: Loaded TP Android_MultiTargetPlatform
[2016.03.02-02.36.55:760][  0]LogTemp:Display: Loaded TP Android_PVRTCTargetPlatform
[2016.03.02-02.36.55:761][  0]LogTemp:Display: Loaded TP HTML5TargetPlatform
[2016.03.02-02.36.55:777][  0]LogTemp:Display: Loaded TP IOSTargetPlatform
[2016.03.02-02.36.55:780][  0]LogTemp:Display: Loaded TP LinuxNoEditorTargetPlatform
[2016.03.02-02.36.55:783][  0]LogTemp:Display: Loaded TP LinuxServerTargetPlatform
[2016.03.02-02.36.55:787][  0]LogTemp:Display: Loaded TP LinuxTargetPlatform
[2016.03.02-02.36.55:787][  0]LogTargetPlatformManager:Display: Building Assets For Windows
[2016.03.02-02.36.55:852][  0]LogDerivedDataCache:Display: Max Cache Size: 512 MB
[2016.03.02-02.36.55:939][  0]LogDerivedDataCache: Loaded boot cache 0.09s 41MB C:/Users/Mandy/AppData/Local/UnrealEngine/4.10/DerivedDataCache/Boot.ddc.
[2016.03.02-02.36.55:940][  0]LogDerivedDataCache:Display: Loaded Boot cache: C:/Users/Mandy/AppData/Local/UnrealEngine/4.10/DerivedDataCache/Boot.ddc
[2016.03.02-02.36.55:940][  0]LogDerivedDataCache: FDerivedDataBackendGraph:  Pak pak cache file ../../../../../../Users/Mandy/Documents/GitHub/HotelBete/DerivedDataCache/DDC.ddp not found, will not use a pak cache.
[2016.03.02-02.36.55:940][  0]LogDerivedDataCache: Unable to find inner node Pak for hierarchical cache Hierarchy.
[2016.03.02-02.36.55:940][  0]LogDerivedDataCache: FDerivedDataBackendGraph:  CompressedPak pak cache file ../../../../../../Users/Mandy/Documents/GitHub/HotelBete/DerivedDataCache/Compressed.ddp not found, will not use a pak cache.
[2016.03.02-02.36.55:940][  0]LogDerivedDataCache: Unable to find inner node CompressedPak for hierarchical cache Hierarchy.
[2016.03.02-02.36.56:025][  0]LogDerivedDataCache:Display: Pak cache opened for reading ../../../Engine/DerivedDataCache/Compressed.ddp.
[2016.03.02-02.36.56:036][  0]LogDerivedDataCache: Using Local data cache path C:/Users/Mandy/AppData/Local/UnrealEngine/Common/DerivedDataCache: Writable
[2016.03.02-02.36.56:235][  0]LogInit: Selected Device Profile: [Windows]
[2016.03.02-02.36.56:236][  0]LogContentStreaming: Texture pool size is 0.000000MB
[2016.03.02-02.36.56:274][  0]LogMeshUtilities: No automatic mesh reduction module available
[2016.03.02-02.36.56:274][  0]LogMeshUtilities: No automatic mesh merging module available
[2016.03.02-02.36.56:710][  0]LogInit: WinSock: version 1.1 (2.2), MaxSocks=32767, MaxUdp=65467
[2016.03.02-02.36.57:503][  0]LogAssetRegistry: FAssetRegistry took 0.0108 seconds to start up
[2016.03.02-02.36.57:516][  0]UdpMessaging: Initializing bridge on interface 0.0.0.0:0 to multicast group 230.0.0.1:6666.
[2016.03.02-02.36.57:772][  0]SourceControl: Info Source control is disabled
[2016.03.02-02.36.57:773][  0]SourceControl: Info Source control is disabled
[2016.03.02-02.36.57:780][  0]SourceControl: Info Source control is disabled
[2016.03.02-02.36.57:787][  0]SourceControl: Info Source control is disabled
[2016.03.02-02.36.57:975][  0]LogObj: 28802 objects as part of root set at end of initial load.
[2016.03.02-02.36.57:975][  0]LogUObjectAllocator: 6129768 out of 0 bytes used by permanent object pool.
[2016.03.02-02.36.58:045][  0]LogEngine: Initializing Engine...
[2016.03.02-02.36.58:047][  0]LogHMD: Can't find Oculus library dev build: is proper Runtime installed? Version: 0.8.0.0
[2016.03.02-02.36.58:047][  0]LogHMD: SteamVR failed to initialize.  Err: 110
[2016.03.02-02.36.58:209][  0]LogAIModule: Creating AISystem for world NewWorld
[2016.03.02-02.36.58:216][  0]LogInit: XAudio2 using 'Speakers (3- Logitech USB Headset)' : 2 channels at 44.1 kHz using 16 bits per sample (channel mask 0x3)
[2016.03.02-02.36.58:234][  0]LogInit: FAudioDevice initialized.
[2016.03.02-02.36.58:273][  0]LogDerivedDataCache: Saved boot cache 0.04s 41MB C:/Users/Mandy/AppData/Local/UnrealEngine/4.10/DerivedDataCache/Boot.ddc.
[2016.03.02-02.36.58:287][  0]LogInit: Texture streaming: Enabled
[2016.03.02-02.36.58:291][  0]LogAnalytics: Creating configured Analytics provider AnalyticsET
[2016.03.02-02.36.58:291][  0]LogAnalytics: [UEEditor.Rocket.Release] APIServer = http://et2.epicgames.com/ET2/. AppVersion = 4.10.2-2818068+++depot+UE4-Releases+4.10
[2016.03.02-02.36.58:291][  0]LogAnalytics: [UEEditor.Rocket.Release] SetUserId e0d98b0e467b55d21c5013962f69b996|a1543627d61e4593a39d507d0813b255|cef8b6ba-01d0-47b7-a028-3b7e918a90c5
[2016.03.02-02.36.58:291][  0]LogAnalytics: [UEEditor.Rocket.Release] AnalyticsET::StartSession
[2016.03.02-02.36.58:309][  0]LogInit: Transaction tracking system initialized
[2016.03.02-02.36.58:331][  0]BlueprintLog: New page: Editor Load
[2016.03.02-02.36.58:390][  0]LocalizationService: Info Localization service is disabled
[2016.03.02-02.36.58:449][  0]LogConsoleResponse:Display: 
[2016.03.02-02.36.58:577][  0]LogCook:Display: Done creating registry. It took  0.00s.
[2016.03.02-02.36.58:623][  0]LogFileCache: Scanning file cache for directory 'E:/Users/Mandy/Documents/GitHub/HotelBete/Content/' took 0.01s
[2016.03.02-02.36.58:623][  0]SourceControl: Info Source control is disabled
[2016.03.02-02.36.58:624][  0]Cmd: MAP LOAD FILE="../../../../../../Users/Mandy/Documents/GitHub/HotelBete/Content/Hotel/Levels/Menu.umap" TEMPLATE=0 SHOWPROGRESS=1 FEATURELEVEL=3
[2016.03.02-02.36.58:624][  0]LightingResults: New page: Lighting Build
[2016.03.02-02.36.58:627][  0]MapCheck: New page: Map Check
[2016.03.02-02.36.58:627][  0]LightingResults: New page: Lighting Build
[2016.03.02-02.36.58:642][  0]LogParticles: Destroying 0 GPU particle simulations for FXSystem 0x0000000023B5EAC0
[2016.03.02-02.36.59:900][  0]LogAIModule: Creating AISystem for world Menu
[2016.03.02-02.36.59:901][  0]LogEditorServer: Finished looking for orphan Actors (0.000 secs)
[2016.03.02-02.36.59:902][  0]Cmd: MAP CHECKDEP NOCLEARLOG
[2016.03.02-02.36.59:954][  0]MapCheck: Info Map check complete: 0 Error(s), 0 Warning(s), took 52.135ms to complete.
[2016.03.02-02.36.59:954][  0]LogFileHelpers: Loading map 'Menu' took 1.331
[2016.03.02-02.37.00:079][  0]LogCollectionManager: Loaded 0 collections in 0.001574 seconds
[2016.03.02-02.37.00:119][  0]LogFileCache: Scanning file cache for directory 'E:/Users/Mandy/Documents/GitHub/HotelBete/Saved/Collections/' took 0.01s
[2016.03.02-02.37.00:119][  0]LogFileCache: Scanning file cache for directory 'E:/Users/Mandy/Documents/GitHub/HotelBete/Content/Developers/Mandy/Collections/' took 0.01s
[2016.03.02-02.37.00:119][  0]LogFileCache: Scanning file cache for directory 'E:/Users/Mandy/Documents/GitHub/HotelBete/Content/Collections/' took 0.01s
[2016.03.02-02.37.00:119][  0]LogCollectionManager: Rebuilt the GUID cache for 0 collections in 0.000003 seconds
[2016.03.02-02.37.00:130][  0]LogContentBrowser: Native class hierarchy populated in 0.0109 seconds. Added 1908 classes and 344 folders.
[2016.03.02-02.37.00:136][  0]LogContentBrowser: Native class hierarchy updated for 'WidgetCarousel' in 0.0004 seconds. Added 0 classes and 0 folders.
[2016.03.02-02.37.00:181][  0]LogContentBrowser: Native class hierarchy updated for 'AddContentDialog' in 0.0005 seconds. Added 0 classes and 0 folders.
[2016.03.02-02.37.00:184][  0]LogContentBrowser: Native class hierarchy updated for 'SceneOutliner' in 0.0004 seconds. Added 1 classes and 2 folders.
[2016.03.02-02.37.00:206][  0]LogCrashTracker: Crashtracker disabled due to settings.
[2016.03.02-02.37.00:213][  0]LogUObjectGlobals:Warning: Failed to find object 'Class None.'
[2016.03.02-02.37.00:235][  0]LogLoad: Full Startup: 6.75 seconds (BP compile: 0.33 seconds)
[2016.03.02-02.37.00:245][  0]LogOcInput: Can't find Oculus library dev build: is proper Runtime installed? Version: 0.8.0.0
[2016.03.02-02.37.00:303][  0]LogContentStreaming: Texture pool size now 1000 MB
[2016.03.02-02.37.00:492][  0]LogRenderer: Reallocating scene render targets to support 1208x568 (Frame:2).
[2016.03.02-02.37.00:878][  7]LogAssetRegistry: Asset discovery search completed in 3.3857 seconds
[2016.03.02-02.37.00:878][  7]LogCollectionManager: Rebuilt the object cache for 0 collections in 0.000002 seconds (found 0 objects)
[2016.03.02-02.37.00:878][  7]LogCollectionManager: Fixed up redirectors for 0 collections in 0.000026 seconds (updated 0 objects)
[2016.03.02-02.37.14:120][342]LogAIModule: Creating AISystem for world Prototype
[2016.03.02-02.37.14:123][342]LogParticles:Warning: InitializeSystem called on an unregistered component. Template=/Game/StarterContent/Particles/Breath.Breath Component=/Game/Hotel/Levels/Prototype.Prototype:PersistentLevel.Breath.ParticleSystemComponent0
[2016.03.02-02.37.14:124][342]LogParticles:Warning: InitializeSystem called on an unregistered component. Template=/Game/StarterContent/Particles/ItemMarker.ItemMarker Component=/Game/Hotel/Levels/Prototype.Prototype:PersistentLevel.ItemMarker.ParticleSystemComponent0
[2016.03.02-02.37.14:124][342]LogParticles:Warning: InitializeSystem called on an unregistered component. Template=/Game/StarterContent/Particles/Dust.Dust Component=/Game/Hotel/Levels/Prototype.Prototype:PersistentLevel.Dust_2.ParticleSystemComponent0
[2016.03.02-02.37.14:125][342]LogParticles:Warning: InitializeSystem called on an unregistered component. Template=/Game/StarterContent/Particles/Fog_Steam.Fog_Steam Component=/Game/Hotel/Levels/Prototype.Prototype:PersistentLevel.Fog_Steam2.ParticleSystemComponent0
[2016.03.02-02.37.14:125][342]LogParticles:Warning: InitializeSystem called on an unregistered component. Template=/Game/StarterContent/Particles/Fog_Steam.Fog_Steam Component=/Game/Hotel/Levels/Prototype.Prototype:PersistentLevel.Fog_Steam3.ParticleSystemComponent0
[2016.03.02-02.37.14:228][342]Cmd: MAP LOAD FILE="../../../../../../Users/Mandy/Documents/GitHub/HotelBete/Content/Hotel/Levels/Prototype.umap" TEMPLATE=0 SHOWPROGRESS=1 FEATURELEVEL=3
[2016.03.02-02.37.14:228][342]LightingResults: New page: Lighting Build
[2016.03.02-02.37.14:253][342]LoadErrors: New page: Loading map: Prototype.umap
[2016.03.02-02.37.14:254][342]MapCheck: New page: Map Check
[2016.03.02-02.37.14:254][342]LightingResults: New page: Lighting Build
[2016.03.02-02.37.14:274][342]LogParticles: Destroying 0 GPU particle simulations for FXSystem 0x0000000031D13600
[2016.03.02-02.37.14:293][342]LogEditorServer: Finished looking for orphan Actors (0.000 secs)
[2016.03.02-02.37.14:336][342]Cmd: MAP CHECKDEP NOCLEARLOG
[2016.03.02-02.37.14:399][342]MapCheck: Info Map check complete: 0 Error(s), 0 Warning(s), took 62.637ms to complete.
[2016.03.02-02.37.14:400][342]LogFileHelpers: Loading map 'Prototype' took 0.174
[2016.03.02-02.37.14:413][342]LoadErrors:Error: Error /Game/FirstPersonBP/Blueprints/Enemy : Failed import for Enemy_C /Game/Hotel/Blueprints/Enemies/Enemy.Default__Enemy_C [redirection] in /Game/FirstPersonBP/Blueprints/Enemy
[2016.03.02-02.37.44:119][345]LogRenderer: Reallocating scene render targets to support 1208x780 (Frame:1372).
[2016.03.02-02.40.17:367][332]LogEditorViewport: Clicking on Actor (LMB): StaticMeshActor (Lobby_haunted)
[2016.03.02-02.41.11:120][665]LogMaterial: Missing cached shader map for material Columns, compiling. 
[2016.03.02-02.41.11:227][665]LogMaterial: Missing cached shader map for material Columns, compiling. 
[2016.03.02-02.41.11:232][665]LogMaterial: 0.000057 seconds spent updating 1 materials, 1 interfaces, 0 instances, 0 with static permutations.
[2016.03.02-02.41.11:258][665]LogMaterial: Missing cached shader map for material FMatExpressionPreview MaterialExpressionTextureSample_4, compiling. 
[2016.03.02-02.41.11:261][665]LogMaterial: Missing cached shader map for material FMatExpressionPreview MaterialExpressionTextureSample_5, compiling. 
[2016.03.02-02.41.11:265][665]LogMaterial: Missing cached shader map for material FMatExpressionPreview MaterialExpressionTextureSample_7, compiling. 
[2016.03.02-02.41.11:268][665]LogMaterial: Missing cached shader map for material FMatExpressionPreview MaterialExpressionTextureSample_6, compiling. 
[2016.03.02-02.41.13:690][759]MaterialEditorStats: Info Base pass shader with only dynamic lighting: 56 instructions
[2016.03.02-02.41.13:690][759]MaterialEditorStats: Info Vertex shader: 33 instructions
[2016.03.02-02.41.13:690][759]MaterialEditorStats: Info Texture samplers: 4/16
[2016.03.02-02.41.50:069][964]LogFactory: FactoryCreateBinary: Texture with ReimportTextureFactory (0 0 E:\Users\Mandy\Documents\Substance Painter\exports\Columns_AO.png)
[2016.03.02-02.41.50:270][964]LogTexture:Display: Building textures: Columns_AO (AutoDXT)
[2016.03.02-02.41.54:101][978]LogEditorViewport: Clicking on Actor (LMB): StaticMeshActor (Lobby_haunted)
[2016.03.02-02.42.00:461][360]LogMaterial: Missing cached shader map for material Columns, compiling. 
[2016.03.02-02.42.00:466][360]LogMaterial: 0.000133 seconds spent updating 1 materials, 1 interfaces, 0 instances, 0 with static permutations.
[2016.03.02-02.42.00:467][360]LogMaterial: Missing cached shader map for material FMatExpressionPreview MaterialExpressionTextureSample_0, compiling. 
[2016.03.02-02.42.00:497][360]LogMaterial: Missing cached shader map for material FMatExpressionPreview MaterialExpressionTextureSample_4, compiling. 
[2016.03.02-02.42.00:501][360]LogMaterial: Missing cached shader map for material FMatExpressionPreview MaterialExpressionTextureSample_5, compiling. 
[2016.03.02-02.42.00:504][360]LogMaterial: Missing cached shader map for material FMatExpressionPreview MaterialExpressionTextureSample_7, compiling. 
[2016.03.02-02.42.00:507][360]LogMaterial: Missing cached shader map for material FMatExpressionPreview MaterialExpressionTextureSample_6, compiling. 
[2016.03.02-02.42.00:511][360]LogMaterial: Missing cached shader map for material FMatExpressionPreview MaterialExpressionTextureSample_0, compiling. 
[2016.03.02-02.42.02:211][440]MaterialEditorStats: Info Base pass shader with only dynamic lighting: 56 instructions
[2016.03.02-02.42.02:211][440]MaterialEditorStats: Info Vertex shader: 33 instructions
[2016.03.02-02.42.02:211][440]MaterialEditorStats: Info Texture samplers: 4/16
[2016.03.02-02.42.05:186][601]LogMaterial: Missing cached shader map for material Columns, compiling. 
[2016.03.02-02.42.05:191][601]LogMaterial: 0.000102 seconds spent updating 1 materials, 1 interfaces, 0 instances, 0 with static permutations.
[2016.03.02-02.42.05:232][601]LogMaterial: Missing cached shader map for material FMatExpressionPreview MaterialExpressionTextureSample_0, compiling. 
[2016.03.02-02.42.06:537][666]MaterialEditorStats: Info Base pass shader with only dynamic lighting: 56 instructions
[2016.03.02-02.42.06:537][666]MaterialEditorStats: Info Vertex shader: 33 instructions
[2016.03.02-02.42.06:537][666]MaterialEditorStats: Info Texture samplers: 5/16
[2016.03.02-02.42.08:445][779]LogMaterialEditor: Applying material Columns
[2016.03.02-02.42.09:122][779]LogMaterial: Missing cached shader map for material Columns, compiling. 
[2016.03.02-02.42.09:136][779]LogMaterial: 0.000114 seconds spent updating 1 materials, 1 interfaces, 0 instances, 0 with static permutations.
[2016.03.02-02.42.09:182][779]LogMaterial: Missing cached shader map for material Columns, compiling. 
[2016.03.02-02.42.09:200][779]LogMaterial: Missing cached shader map for material Columns, compiling. 
[2016.03.02-02.42.09:208][779]LogMaterial: 0.001462 seconds spent updating 1 materials, 1 interfaces, 0 instances, 0 with static permutations.
[2016.03.02-02.42.12:130][914]LogMaterialEditor: Saving and Compiling material Columns
[2016.03.02-02.42.12:656][914]Cmd: OBJ SAVEPACKAGE PACKAGE="/Game/Hotel/Art/Models/Lobby/Columns" FILE="../../../../../../Users/Mandy/Documents/GitHub/HotelBete/Content/Hotel/Art/Models/Lobby/Columns.uasset" SILENT=true
[2016.03.02-02.42.12:678][914]LogSavePackage: Save=16.242357ms
[2016.03.02-02.42.12:678][914]LogSavePackage: Moving '../../../../../../Users/Mandy/Documents/GitHub/HotelBete/Saved/ColumnsCF114DB24967F027D77C02A14E773E2D.tmp' to '../../../../../../Users/Mandy/Documents/GitHub/HotelBete/Content/Hotel/Art/Models/Lobby/Columns.uasset'
[2016.03.02-02.42.12:680][914]LogSavePackage: Total save time: 22.658046ms
[2016.03.02-02.42.12:680][914]LogSavePackage:Display: Finished SavePackage ../../../../../../Users/Mandy/Documents/GitHub/HotelBete/Content/Hotel/Art/Models/Lobby/Columns.uasset
[2016.03.02-02.42.12:700][915]MaterialEditorStats: Info Base pass shader with only dynamic lighting: 75 instructions
[2016.03.02-02.42.12:700][915]MaterialEditorStats: Info Vertex shader: 33 instructions
[2016.03.02-02.42.12:700][915]MaterialEditorStats: Info Texture samplers: 8/16
[2016.03.02-02.42.19:798][334]LogEditorViewport: Clicking on Actor (LMB): StaticMeshActor (Lobby_haunted)
[2016.03.02-02.42.55:203][339]LogLinker:Warning: Asset '../../../Engine/Content/ArtTools/RenderToTexture/Macros/RenderToTextureMacros.uasset' has been saved with empty engine version. The asset will be loaded but may be incompatible.
[2016.03.02-02.42.55:788][339]LogContentBrowser: Native class hierarchy updated for 'BlueprintGraph' in 0.0010 seconds. Added 107 classes and 0 folders.
[2016.03.02-02.43.56:721][ 22]LogActorComponent: UnregisterComponent: (/Engine/Transient.PawnSensing_GEN_VARIABLE) Not registered. Aborting.
[2016.03.02-02.43.56:761][ 22]LogParticles: Destroying 0 GPU particle simulations for FXSystem 0x0000000012F2D760
[2016.03.02-02.43.56:762][ 22]LogParticles: Destroying 0 GPU particle simulations for FXSystem 0x0000000052E1E8E0
[2016.03.02-02.43.56:763][ 22]LogParticles: Destroying 0 GPU particle simulations for FXSystem 0x000000007074C360
[2016.03.02-02.44.27:086][783]LogEditorViewport: Clicking on Actor (LMB): StaticMeshActor (Lobby_haunted)
[2016.03.02-02.44.29:600][935]LogEditorViewport: Clicking on Actor (context menu): StaticMeshActor (Lobby_haunted)
[2016.03.02-02.45.53:490][880]LogEditorViewport: Clicking on Actor (LMB): StaticMeshActor (Lobby_haunted)
[2016.03.02-02.47.14:112][630]LogActorComponent: UnregisterComponent: (/Engine/Transient.PawnSensing_GEN_VARIABLE) Not registered. Aborting.
[2016.03.02-02.47.14:149][630]LogParticles: Destroying 0 GPU particle simulations for FXSystem 0x0000000017A3E660
[2016.03.02-02.47.15:994][630]LogSavePackage: Save=1811.518799ms
[2016.03.02-02.47.15:994][630]LogSavePackage: Moving '../../../../../../Users/Mandy/Documents/GitHub/HotelBete/Saved/Prototype_Auto1CAE111D248C3B9958E2EAAA85AF5EB54.tmp' to '../../../../../../Users/Mandy/Documents/GitHub/HotelBete/Saved/Autosaves/Game/Hotel/Levels/Prototype_Auto1.umap'
[2016.03.02-02.47.15:997][630]LogSavePackage: Total save time: 1835.756011ms
[2016.03.02-02.47.15:997][630]LogSavePackage:Display: Finished SavePackage ../../../../../../Users/Mandy/Documents/GitHub/HotelBete/Saved/Autosaves/Game/Hotel/Levels/Prototype_Auto1.umap
[2016.03.02-02.47.15:999][630]LogFileHelpers: Editor autosave (incl. sublevels) for '/Game/Hotel/Levels/Prototype' took 1.887
[2016.03.02-02.47.15:999][630]LogFileHelpers: Editor autosave (incl. sublevels) for all levels took 1.887
[2016.03.02-02.47.16:021][630]OBJ SavePackage: Generating thumbnails for [1] asset(s) in package [/Game/Hotel/Art/Textures/Lobby/Columns/Columns_AO] ([1] browsable assets)...
[2016.03.02-02.47.16:043][630]OBJ SavePackage:     Rendered thumbnail for [Texture2D /Game/Hotel/Art/Textures/Lobby/Columns/Columns_AO.Columns_AO]
[2016.03.02-02.47.16:043][630]OBJ SavePackage: Finished generating thumbnails for package [/Game/Hotel/Art/Textures/Lobby/Columns/Columns_AO]
[2016.03.02-02.47.16:072][630]LogSavePackage: Save=28.006004ms
[2016.03.02-02.47.16:072][630]LogSavePackage: Moving '../../../../../../Users/Mandy/Documents/GitHub/HotelBete/Saved/Columns_AO_Auto1475624504F110AD1DBD266AC352C57AB.tmp' to '../../../../../../Users/Mandy/Documents/GitHub/HotelBete/Saved/Autosaves/Game/Hotel/Art/Textures/Lobby/Columns/Columns_AO_Auto1.uasset'
[2016.03.02-02.47.16:072][630]LogSavePackage: Total save time: 28.911427ms
[2016.03.02-02.47.16:072][630]LogSavePackage:Display: Finished SavePackage ../../../../../../Users/Mandy/Documents/GitHub/HotelBete/Saved/Autosaves/Game/Hotel/Art/Textures/Lobby/Columns/Columns_AO_Auto1.uasset
[2016.03.02-02.47.16:072][630]LogFileHelpers: Auto-saving content packages took 0.072
[2016.03.02-02.48.33:699][414]Cmd: OBJ SAVEPACKAGE PACKAGE="/Game/Hotel/Levels/Prototype" FILE="../../../../../../Users/Mandy/Documents/GitHub/HotelBete/Content/Hotel/Levels/Prototype.umap" SILENT=true AUTOSAVING=false KEEPDIRTY=false
[2016.03.02-02.48.34:946][414]LogSavePackage: Save=1205.149902ms
[2016.03.02-02.48.34:946][414]LogSavePackage: Moving '../../../../../../Users/Mandy/Documents/GitHub/HotelBete/Saved/PrototypeC720A7EF49F29C395D6304A6CD6AB72F.tmp' to '../../../../../../Users/Mandy/Documents/GitHub/HotelBete/Content/Hotel/Levels/Prototype.umap'
[2016.03.02-02.48.34:949][414]LogSavePackage: Total save time: 1210.420601ms
[2016.03.02-02.48.34:949][414]LogSavePackage:Display: Finished SavePackage ../../../../../../Users/Mandy/Documents/GitHub/HotelBete/Content/Hotel/Levels/Prototype.umap
[2016.03.02-02.48.34:990][414]LogFileHelpers: Saving map 'Prototype' took 1.367
[2016.03.02-02.48.35:351][414]LogSavePackage: Save=329.990265ms
[2016.03.02-02.48.35:351][414]LogSavePackage: Moving '../../../../../../Users/Mandy/Documents/GitHub/HotelBete/Saved/Columns_AODC8A008848FCD65BA77C88AF01075862.tmp' to '../../../../../../Users/Mandy/Documents/GitHub/HotelBete/Content/Hotel/Art/Textures/Lobby/Columns/Columns_AO.uasset'
[2016.03.02-02.48.35:352][414]LogSavePackage: Total save time: 331.385065ms
[2016.03.02-02.48.35:352][414]LogSavePackage:Display: Finished SavePackage ../../../../../../Users/Mandy/Documents/GitHub/HotelBete/Content/Hotel/Art/Textures/Lobby/Columns/Columns_AO.uasset
[2016.03.02-02.48.39:913][902]LogEditorViewport: Clicking on Actor (LMB): StaticMeshActor (guest_floor_haunted)
[2016.03.02-02.48.49:305][868]LogEditorViewport: Clicking on Actor (LMB): StaticMeshActor (Lobby__Ceiling_haunted)
[2016.03.02-02.49.32:556][382]Cmd: TRANSACTION UNDO
[2016.03.02-02.49.32:556][382]LogEditorTransaction: Undo Move Actors
[2016.03.02-02.49.45:430][688]Cmd: OBJ SAVEPACKAGE PACKAGE="/Game/Hotel/Levels/Prototype" FILE="../../../../../../Users/Mandy/Documents/GitHub/HotelBete/Content/Hotel/Levels/Prototype.umap" SILENT=true AUTOSAVING=false KEEPDIRTY=false
[2016.03.02-02.49.46:674][688]LogSavePackage: Save=1201.741333ms
[2016.03.02-02.49.46:674][688]LogSavePackage: Moving '../../../../../../Users/Mandy/Documents/GitHub/HotelBete/Saved/PrototypeC362713E43A44AED62C764A813A5294C.tmp' to '../../../../../../Users/Mandy/Documents/GitHub/HotelBete/Content/Hotel/Levels/Prototype.umap'
[2016.03.02-02.49.46:677][688]LogSavePackage: Total save time: 1207.024775ms
[2016.03.02-02.49.46:677][688]LogSavePackage:Display: Finished SavePackage ../../../../../../Users/Mandy/Documents/GitHub/HotelBete/Content/Hotel/Levels/Prototype.umap
[2016.03.02-02.49.46:718][688]LogFileHelpers: Saving map 'Prototype' took 1.363
[2016.03.02-02.49.53:701][434]Cmd: QUIT_EDITOR
[2016.03.02-02.49.53:934][434]LogExit: Preparing to exit.
[2016.03.02-02.49.54:743][434]LogExit: Editor shut down
[2016.03.02-02.49.54:743][434]LogExit: Transaction tracking system shut down
[2016.03.02-02.49.54:759][434]LogParticles: Destroying 0 GPU particle simulations for FXSystem 0x0000000011E880E0
[2016.03.02-02.49.54:759][434]LogParticles: Destroying 0 GPU particle simulations for FXSystem 0x00000000396F7880
[2016.03.02-02.49.54:759][434]LogParticles: Destroying 0 GPU particle simulations for FXSystem 0x000000002CA9DA80
[2016.03.02-02.49.54:768][434]LogParticles: Destroying 0 GPU particle simulations for FXSystem 0x00000000124F9620
[2016.03.02-02.49.54:769][434]LogParticles: Destroying 0 GPU particle simulations for FXSystem 0x0000000052C09A80
[2016.03.02-02.49.55:173][434]LogParticles: Destroying 0 GPU particle simulations for FXSystem 0x0000000031BD3600
[2016.03.02-02.49.55:173][434]LogExit: Object subsystem successfully closed.
[2016.03.02-02.49.55:185][434]LogD3D11RHI: Shutdown
[2016.03.02-02.49.55:185][434]LogD3D11RHI: CleanupD3DDevice
[2016.03.02-02.49.55:425][434]LogD3D11RHI: ~FD3D11DynamicRHI
[2016.03.02-02.49.55:440][434]LogModuleManager: Shutting down and abandoning module BlueprintGraph (204)
[2016.03.02-02.49.55:440][434]LogModuleManager: Shutting down and abandoning module CookingStats (203)
[2016.03.02-02.49.55:440][434]LogModuleManager: Shutting down and abandoning module MaterialEditor (202)
[2016.03.02-02.49.55:440][434]LogModuleManager: Shutting down and abandoning module StaticMeshEditor (201)
[2016.03.02-02.49.55:440][434]LogModuleManager: Shutting down and abandoning module CrashTracker (200)
[2016.03.02-02.49.55:440][434]LogModuleManager: Shutting down and abandoning module SceneOutliner (199)
[2016.03.02-02.49.55:440][434]LogModuleManager: Shutting down and abandoning module SuperSearch (198)
[2016.03.02-02.49.55:440][434]LogModuleManager: Shutting down and abandoning module WidgetCarousel (197)
[2016.03.02-02.49.55:440][434]LogModuleManager: Shutting down and abandoning module AddContentDialog (196)
[2016.03.02-02.49.55:444][434]LogModuleManager: Shutting down and abandoning module EditorWidgets (195)
[2016.03.02-02.49.55:444][434]LogModuleManager: Shutting down and abandoning module CollectionManager (194)
[2016.03.02-02.49.55:444][434]LogModuleManager: Shutting down and abandoning module StatsViewer (193)
[2016.03.02-02.49.55:444][434]LogModuleManager: Shutting down and abandoning module FoliageEdit (192)
[2016.03.02-02.49.55:444][434]LogModuleManager: Shutting down and abandoning module LandscapeEditor (191)
[2016.03.02-02.49.55:444][434]LogModuleManager: Shutting down and abandoning module ActorPickerMode (190)
[2016.03.02-02.49.55:444][434]LogModuleManager: Shutting down and abandoning module GeometryMode (189)
[2016.03.02-02.49.55:444][434]LogModuleManager: Shutting down and abandoning module TextureAlignMode (188)
[2016.03.02-02.49.55:444][434]LogModuleManager: Shutting down and abandoning module BspMode (187)
[2016.03.02-02.49.55:445][434]LogModuleManager: Shutting down and abandoning module PlacementMode (186)
[2016.03.02-02.49.55:445][434]LogModuleManager: Shutting down and abandoning module AutomationWorker (185)
[2016.03.02-02.49.55:445][434]LogModuleManager: Shutting down and abandoning module CharacterAI (184)
[2016.03.02-02.49.55:445][434]LogModuleManager: Shutting down and abandoning module SmartSnapping (183)
[2016.03.02-02.49.55:445][434]LogModuleManager: Shutting down and abandoning module ViewportSnapping (182)
[2016.03.02-02.49.55:445][434]LogModuleManager: Shutting down and abandoning module LogVisualizer (181)
[2016.03.02-02.49.55:445][434]LogModuleManager: Shutting down and abandoning module GameProjectGeneration (180)
[2016.03.02-02.49.55:445][434]LogModuleManager: Shutting down and abandoning module IntroTutorials (179)
[2016.03.02-02.49.55:445][434]LogModuleManager: Shutting down and abandoning module EditorLiveStreaming (178)
[2016.03.02-02.49.55:445][434]LogModuleManager: Shutting down and abandoning module IOSPlatformEditor (177)
[2016.03.02-02.49.55:445][434]LogModuleManager: Shutting down and abandoning module HTML5PlatformEditor (176)
[2016.03.02-02.49.55:445][434]LogModuleManager: Shutting down and abandoning module AndroidDeviceDetection (175)
[2016.03.02-02.49.55:506][434]LogModuleManager: Shutting down and abandoning module AndroidPlatformEditor (174)
[2016.03.02-02.49.55:506][434]LogModuleManager: Shutting down and abandoning module IOSRuntimeSettings (173)
[2016.03.02-02.49.55:506][434]LogModuleManager: Shutting down and abandoning module AndroidRuntimeSettings (172)
[2016.03.02-02.49.55:506][434]LogModuleManager: Shutting down and abandoning module MergeActors (171)
[2016.03.02-02.49.55:506][434]LogModuleManager: Shutting down and abandoning module SizeMap (170)
[2016.03.02-02.49.55:507][434]LogModuleManager: Shutting down and abandoning module TreeMap (169)
[2016.03.02-02.49.55:507][434]LogModuleManager: Shutting down and abandoning module ReferenceViewer (168)
[2016.03.02-02.49.55:507][434]LogModuleManager: Shutting down and abandoning module LocalizationService (167)
[2016.03.02-02.49.55:507][434]LogModuleManager: Shutting down and abandoning module LocalizationDashboard (166)
[2016.03.02-02.49.55:507][434]LogModuleManager: Shutting down and abandoning module HardwareTargeting (165)
[2016.03.02-02.49.55:507][434]LogModuleManager: Shutting down and abandoning module DeviceProfileEditor (164)
[2016.03.02-02.49.55:507][434]LogModuleManager: Shutting down and abandoning module UndoHistory (163)
[2016.03.02-02.49.55:507][434]LogModuleManager: Shutting down and abandoning module GameplayTagsEditor (162)
[2016.03.02-02.49.55:507][434]LogModuleManager: Shutting down and abandoning module UserFeedback (161)
[2016.03.02-02.49.55:507][434]LogModuleManager: Shutting down and abandoning module XmlParser (160)
[2016.03.02-02.49.55:507][434]LogModuleManager: Shutting down and abandoning module Blutility (159)
[2016.03.02-02.49.55:507][434]LogModuleManager: Shutting down and abandoning module ProjectTargetPlatformEditor (158)
[2016.03.02-02.49.55:507][434]LogModuleManager: Shutting down and abandoning module ProjectSettingsViewer (157)
[2016.03.02-02.49.55:507][434]LogModuleManager: Shutting down and abandoning module InputBindingEditor (156)
[2016.03.02-02.49.55:507][434]LogModuleManager: Shutting down and abandoning module EditorSettingsViewer (155)
[2016.03.02-02.49.55:507][434]LogModuleManager: Shutting down and abandoning module SettingsEditor (154)
[2016.03.02-02.49.55:507][434]LogModuleManager: Shutting down and abandoning module ProjectLauncher (153)
[2016.03.02-02.49.55:507][434]LogModuleManager: Shutting down and abandoning module SessionFrontend (152)
[2016.03.02-02.49.55:507][434]LogModuleManager: Shutting down and abandoning module ProfilerClient (151)
[2016.03.02-02.49.55:507][434]LogModuleManager: Shutting down and abandoning module TargetDeviceServices (150)
[2016.03.02-02.49.55:508][434]LogModuleManager: Shutting down and abandoning module DeviceManager (149)
[2016.03.02-02.49.55:508][434]LogModuleManager: Shutting down and abandoning module AutomationController (148)
[2016.03.02-02.49.55:508][434]LogModuleManager: Shutting down and abandoning module AutomationWindow (147)
[2016.03.02-02.49.55:508][434]LogModuleManager: Shutting down and abandoning module Layers (146)
[2016.03.02-02.49.55:508][434]LogModuleManager: Shutting down and abandoning module ComponentVisualizers (145)
[2016.03.02-02.49.55:508][434]LogModuleManager: Shutting down and abandoning module DetailCustomizations (144)
[2016.03.02-02.49.55:508][434]LogModuleManager: Shutting down and abandoning module PackagesDialog (143)
[2016.03.02-02.49.55:508][434]LogModuleManager: Shutting down and abandoning module Persona (142)
[2016.03.02-02.49.55:508][434]LogModuleManager: Shutting down and abandoning module Kismet (141)
[2016.03.02-02.49.55:508][434]LogModuleManager: Shutting down and abandoning module GraphEditor (140)
[2016.03.02-02.49.55:508][434]LogModuleManager: Shutting down and abandoning module ClassViewer (139)
[2016.03.02-02.49.55:511][434]LogModuleManager: Shutting down and abandoning module Toolbox (138)
[2016.03.02-02.49.55:511][434]LogModuleManager: Shutting down and abandoning module ModuleUI (137)
[2016.03.02-02.49.55:511][434]LogModuleManager: Shutting down and abandoning module MovieSceneTools (136)
[2016.03.02-02.49.55:511][434]LogModuleManager: Shutting down and abandoning module OutputLog (135)
[2016.03.02-02.49.55:511][434]LogModuleManager: Shutting down and abandoning module GammaUI (134)
[2016.03.02-02.49.55:511][434]LogModuleManager: Shutting down and abandoning module Documentation (133)
[2016.03.02-02.49.55:511][434]LogModuleManager: Shutting down and abandoning module GameLiveStreaming (132)
[2016.03.02-02.49.55:511][434]LogModuleManager: Shutting down and abandoning module StreamingPauseRendering (131)
[2016.03.02-02.49.55:511][434]LogModuleManager: Shutting down and abandoning module AnalyticsET (130)
[2016.03.02-02.49.55:511][434]LogModuleManager: Shutting down and abandoning module Analytics (129)
[2016.03.02-02.49.55:511][434]LogModuleManager: Shutting down and abandoning module AITestSuite (128)
[2016.03.02-02.49.55:511][434]LogModuleManager: Shutting down and abandoning module GameplayDebugger (127)
[2016.03.02-02.49.55:511][434]LogModuleManager: Shutting down and abandoning module AIModule (126)
[2016.03.02-02.49.55:511][434]LogModuleManager: Shutting down and abandoning module ProfilerService (125)
[2016.03.02-02.49.55:606][434]LogModuleManager: Shutting down and abandoning module TaskGraph (124)
[2016.03.02-02.49.55:606][434]LogModuleManager: Shutting down and abandoning module SubstanceEditor (123)
[2016.03.02-02.49.55:606][434]LogModuleManager: Shutting down and abandoning module SlateRemote (122)
[2016.03.02-02.49.55:606][434]LogModuleManager: Shutting down and abandoning module SteamVRController (121)
[2016.03.02-02.49.55:606][434]LogModuleManager: Shutting down and abandoning module SteamVR (120)
[2016.03.02-02.49.55:606][434]LogModuleManager: Shutting down and abandoning module ProceduralMeshComponent (119)
[2016.03.02-02.49.55:606][434]LogModuleManager: Shutting down and abandoning module OculusLibrary (118)
[2016.03.02-02.49.55:606][434]LogModuleManager: Shutting down and abandoning module OculusInput (117)
[2016.03.02-02.49.55:606][434]LogModuleManager: Shutting down and abandoning module LeapMotionController (116)
[2016.03.02-02.49.55:629][434]LogModuleManager: Shutting down and abandoning module CustomMeshComponent (115)
[2016.03.02-02.49.55:629][434]LogModuleManager: Shutting down and abandoning module CableComponent (114)
[2016.03.02-02.49.55:629][434]LogModuleManager: Shutting down and abandoning module ArchVisCharacter (113)
[2016.03.02-02.49.55:629][434]LogModuleManager: Shutting down and abandoning module MessagingDebugger (112)
[2016.03.02-02.49.55:629][434]LogModuleManager: Shutting down and abandoning module MediaPlayerEditor (111)
[2016.03.02-02.49.55:629][434]LogModuleManager: Shutting down and abandoning module HTML5Networking (110)
[2016.03.02-02.49.55:629][434]LogModuleManager: Shutting down and abandoning module SpeedTreeImporter (109)
[2016.03.02-02.49.55:629][434]LogModuleManager: Shutting down and abandoning module PluginBrowser (108)
[2016.03.02-02.49.55:629][434]LogModuleManager: Shutting down and abandoning module EpicSurvey (107)
[2016.03.02-02.49.55:630][434]LogModuleManager: Shutting down and abandoning module DesktopPlatform (106)
[2016.03.02-02.49.55:630][434]LogModuleManager: Shutting down and abandoning module VisualStudioSourceCodeAccess (105)
[2016.03.02-02.49.55:630][434]LogModuleManager: Shutting down and abandoning module UObjectPlugin (104)
[2016.03.02-02.49.55:630][434]LogModuleManager: Shutting down and abandoning module SubversionSourceControl (103)
[2016.03.02-02.49.55:630][434]LogModuleManager: Shutting down and abandoning module PerforceSourceControl (102)
[2016.03.02-02.49.55:630][434]LogModuleManager: Shutting down and abandoning module SourceControl (101)
[2016.03.02-02.49.55:630][434]LogModuleManager: Shutting down and abandoning module GitSourceControl (100)
[2016.03.02-02.49.55:630][434]LogModuleManager: Shutting down and abandoning module LightPropagationVolumeEditor (99)
[2016.03.02-02.49.55:630][434]LogModuleManager: Shutting down and abandoning module PaperTiledImporter (98)
[2016.03.02-02.49.55:630][434]LogModuleManager: Shutting down and abandoning module PaperSpriteSheetImporter (97)
[2016.03.02-02.49.55:630][434]LogModuleManager: Shutting down and abandoning module MeshPaint (96)
[2016.03.02-02.49.55:630][434]LogModuleManager: Shutting down and abandoning module SlateReflector (95)
[2016.03.02-02.49.55:631][434]LogModuleManager: Shutting down and abandoning module HotReload (94)
[2016.03.02-02.49.55:631][434]LogModuleManager: Shutting down and abandoning module MainFrame (93)
[2016.03.02-02.49.55:631][434]LogModuleManager: Shutting down and abandoning module LevelEditor (92)
[2016.03.02-02.49.55:634][434]LogModuleManager: Shutting down and abandoning module ContentBrowser (91)
[2016.03.02-02.49.55:636][434]LogModuleManager: Shutting down and abandoning module Paper2DEditor (90)
[2016.03.02-02.49.55:636][434]LogModuleManager: Shutting down and abandoning module UdpMessaging (89)
[2016.03.02-02.49.55:736][434]LogModuleManager: Shutting down and abandoning module DirectoryWatcher (88)
[2016.03.02-02.49.55:738][434]LogModuleManager: Shutting down and abandoning module AssetRegistry (87)
[2016.03.02-02.49.55:908][434]LogModuleManager: Shutting down and abandoning module SubstanceCore (86)
[2016.03.02-02.49.55:908][434]LogModuleManager: Shutting down and abandoning module LightPropagationVolumeRuntime (85)
[2016.03.02-02.49.55:908][434]LogModuleManager: Shutting down and abandoning module Paper2D (84)
[2016.03.02-02.49.55:908][434]LogModuleManager: Shutting down and abandoning module WindowsMoviePlayer (83)
[2016.03.02-02.49.55:913][434]LogModuleManager: Shutting down and abandoning module Media (82)
[2016.03.02-02.49.55:913][434]LogModuleManager: Shutting down and abandoning module WmfMedia (81)
[2016.03.02-02.49.55:914][434]LogModuleManager: Shutting down and abandoning module OnlineBlueprintSupport (80)
[2016.03.02-02.49.55:914][434]LogModuleManager: Shutting down and abandoning module GameplayTasksEditor (79)
[2016.03.02-02.49.55:914][434]LogModuleManager: Shutting down and abandoning module PropertyEditor (78)
[2016.03.02-02.49.55:914][434]LogModuleManager: Shutting down and abandoning module BehaviorTreeEditor (77)
[2016.03.02-02.49.55:914][434]LogModuleManager: Shutting down and abandoning module FunctionalTesting (76)
[2016.03.02-02.49.55:914][434]LogModuleManager: Shutting down and abandoning module CollisionAnalyzer (75)
[2016.03.02-02.49.55:914][434]LogModuleManager: Shutting down and abandoning module WorkspaceMenuStructure (74)
[2016.03.02-02.49.55:914][434]LogModuleManager: Shutting down and abandoning module MessageLog (73)
[2016.03.02-02.49.55:914][434]LogModuleManager: Shutting down and abandoning module Sequencer (72)
[2016.03.02-02.49.55:914][434]LogModuleManager: Shutting down and abandoning module AssetTools (71)
[2016.03.02-02.49.55:914][434]LogModuleManager: Shutting down and abandoning module UMGEditor (70)
[2016.03.02-02.49.55:914][434]LogModuleManager: Shutting down and abandoning module UMG (69)
[2016.03.02-02.49.55:915][434]LogModuleManager: Shutting down and abandoning module Slate (68)
[2016.03.02-02.49.55:915][434]LogModuleManager: Shutting down and abandoning module EditorStyle (67)
[2016.03.02-02.49.55:917][434]LogModuleManager: Shutting down and abandoning module SessionServices (66)
[2016.03.02-02.49.55:917][434]LogModuleManager: Shutting down and abandoning module SourceCodeAccess (65)
[2016.03.02-02.49.55:917][434]LogModuleManager: Shutting down and abandoning module HeadMountedDisplay (64)
[2016.03.02-02.49.55:917][434]LogModuleManager: Shutting down and abandoning module XAudio2 (63)
[2016.03.02-02.49.55:917][434]LogModuleManager: Shutting down and abandoning module Networking (61)
[2016.03.02-02.49.55:917][434]LogModuleManager: Shutting down and abandoning module Core (60)
[2016.03.02-02.49.55:917][434]LogModuleManager: Shutting down and abandoning module KismetCompiler (59)
[2016.03.02-02.49.55:917][434]LogModuleManager: Shutting down and abandoning module PhysXFormats (58)
[2016.03.02-02.49.55:917][434]LogModuleManager: Shutting down and abandoning module MeshUtilities (57)
[2016.03.02-02.49.55:917][434]LogModuleManager: Shutting down and abandoning module DerivedDataCache (56)
[2016.03.02-02.49.55:993][434]LogDerivedDataCache: Shutdown
[2016.03.02-02.49.55:993][434]LogModuleManager: Shutting down and abandoning module ShaderFormatOpenGL (55)
[2016.03.02-02.49.55:993][434]LogModuleManager: Shutting down and abandoning module ShaderFormatD3D (54)
[2016.03.02-02.49.55:993][434]LogModuleManager: Shutting down and abandoning module MetalShaderFormat (53)
[2016.03.02-02.49.55:993][434]LogModuleManager: Shutting down and abandoning module TextureFormatUncompressed (52)
[2016.03.02-02.49.55:993][434]LogModuleManager: Shutting down and abandoning module TextureFormatPVR (51)
[2016.03.02-02.49.55:993][434]LogModuleManager: Shutting down and abandoning module TextureFormatIntelISPCTexComp (50)
[2016.03.02-02.49.55:993][434]LogModuleManager: Shutting down and abandoning module TextureFormatDXT (49)
[2016.03.02-02.49.55:993][434]LogModuleManager: Shutting down and abandoning module ImageWrapper (48)
[2016.03.02-02.49.55:993][434]LogModuleManager: Shutting down and abandoning module TextureFormatASTC (47)
[2016.03.02-02.49.55:993][434]LogModuleManager: Shutting down and abandoning module TextureFormatAndroid (46)
[2016.03.02-02.49.55:993][434]LogModuleManager: Shutting down and abandoning module AudioFormatOpus (45)
[2016.03.02-02.49.55:993][434]LogModuleManager: Shutting down and abandoning module AudioFormatOgg (44)
[2016.03.02-02.49.55:993][434]LogModuleManager: Shutting down and abandoning module AudioFormatADPCM (43)
[2016.03.02-02.49.55:993][434]LogModuleManager: Shutting down and abandoning module LinuxTargetPlatform (42)
[2016.03.02-02.49.55:993][434]LogModuleManager: Shutting down and abandoning module LinuxServerTargetPlatform (41)
[2016.03.02-02.49.55:993][434]LogModuleManager: Shutting down and abandoning module LinuxNoEditorTargetPlatform (40)
[2016.03.02-02.49.55:994][434]LogModuleManager: Shutting down and abandoning module Messaging (39)
[2016.03.02-02.49.55:994][434]LogModuleManager: Shutting down and abandoning module IOSTargetPlatform (38)
[2016.03.02-02.49.55:994][434]LogModuleManager: Shutting down and abandoning module HTML5TargetPlatform (37)
[2016.03.02-02.49.55:994][434]LogModuleManager: Shutting down and abandoning module Android_PVRTCTargetPlatform (36)
[2016.03.02-02.49.55:994][434]LogModuleManager: Shutting down and abandoning module Android_MultiTargetPlatform (35)
[2016.03.02-02.49.55:994][434]LogModuleManager: Shutting down and abandoning module Android_ETC2TargetPlatform (34)
[2016.03.02-02.49.55:994][434]LogModuleManager: Shutting down and abandoning module Android_ETC1TargetPlatform (33)
[2016.03.02-02.49.55:994][434]LogModuleManager: Shutting down and abandoning module Android_DXTTargetPlatform (32)
[2016.03.02-02.49.55:994][434]LogModuleManager: Shutting down and abandoning module Android_ATCTargetPlatform (31)
[2016.03.02-02.49.55:994][434]LogModuleManager: Shutting down and abandoning module Android_ASTCTargetPlatform (30)
[2016.03.02-02.49.55:994][434]LogModuleManager: Shutting down and abandoning module AndroidTargetPlatform (29)
[2016.03.02-02.49.55:994][434]LogModuleManager: Shutting down and abandoning module WindowsTargetPlatform (28)
[2016.03.02-02.49.55:994][434]LogModuleManager: Shutting down and abandoning module WindowsServerTargetPlatform (27)
[2016.03.02-02.49.55:994][434]LogModuleManager: Shutting down and abandoning module WindowsNoEditorTargetPlatform (26)
[2016.03.02-02.49.55:994][434]LogModuleManager: Shutting down and abandoning module WindowsClientTargetPlatform (25)
[2016.03.02-02.49.55:994][434]LogModuleManager: Shutting down and abandoning module AllDesktopTargetPlatform (24)
[2016.03.02-02.49.55:994][434]LogModuleManager: Shutting down and abandoning module TargetPlatform (23)
[2016.03.02-02.49.55:994][434]LogModuleManager: Shutting down and abandoning module InputCore (22)
[2016.03.02-02.49.55:994][434]LogModuleManager: Shutting down and abandoning module Settings (21)
[2016.03.02-02.49.55:995][434]LogModuleManager: Shutting down and abandoning module OnlineSubsystem (19)
[2016.03.02-02.49.55:995][434]LogModuleManager: Shutting down and abandoning module HTTP (18)
[2016.03.02-02.49.56:995][434]LogModuleManager: Shutting down and abandoning module XMPP (17)
[2016.03.02-02.49.56:995][434]LogModuleManager: Shutting down and abandoning module OculusRift (16)
[2016.03.02-02.49.56:995][434]LogModuleManager: Shutting down and abandoning module ExampleDeviceProfileSelector (15)
[2016.03.02-02.49.56:995][434]LogModuleManager: Shutting down and abandoning module TextureCompressor (14)
[2016.03.02-02.49.56:995][434]LogModuleManager: Shutting down and abandoning module ShaderCore (13)
[2016.03.02-02.49.56:995][434]LogModuleManager: Shutting down and abandoning module Landscape (12)
[2016.03.02-02.49.56:995][434]LogModuleManager: Shutting down and abandoning module SlateRHIRenderer (11)
[2016.03.02-02.49.56:999][434]LogModuleManager: Shutting down and abandoning module OpenGLDrv (10)
[2016.03.02-02.49.56:999][434]LogModuleManager: Shutting down and abandoning module D3D11RHI (9)
[2016.03.02-02.49.56:999][434]LogModuleManager: Shutting down and abandoning module AnimGraphRuntime (8)
[2016.03.02-02.49.56:999][434]LogModuleManager: Shutting down and abandoning module Renderer (7)
[2016.03.02-02.49.56:999][434]LogModuleManager: Shutting down and abandoning module Engine (6)
[2016.03.02-02.49.57:000][434]LogModuleManager: Shutting down and abandoning module CoreUObject (5)
[2016.03.02-02.49.57:000][434]LogModuleManager: Shutting down and abandoning module NetworkFile (4)
[2016.03.02-02.49.57:000][434]LogModuleManager: Shutting down and abandoning module StreamingFile (3)
[2016.03.02-02.49.57:000][434]LogModuleManager: Shutting down and abandoning module SandboxFile (2)
[2016.03.02-02.49.57:000][434]LogModuleManager: Shutting down and abandoning module PakFile (1)
[2016.03.02-02.49.57:040][434]LogExit: Exiting.
[2016.03.02-02.49.57:065][434]Log file closed, 03/01/16 21:49:57
