[2016.03.19-17.32.56:179][  0]Log file open, 03/19/16 13:32:56
[2016.03.19-17.32.56:179][  0]LogInit:Display: Running engine without a game
[2016.03.19-17.32.56:179][  0]LogPlatformFile: Not using cached read wrapper
[2016.03.19-17.32.56:179][  0]LogInit:Display: Loading recent project file: ../../../../../../My Media/UCF Documents/DIG 4725-2/HotelBete/Hotel.uproject
[2016.03.19-17.32.56:179][  0]LogInit:Display: RandInit(1800698689) SRandInit(1800698690).
[2016.03.19-17.32.56:179][  0]LogTaskGraph: Started task graph with 4 named threads and 7 total threads.
[2016.03.19-17.32.56:179][  0]LogStats: Stats thread started at 0.063316
[2016.03.19-17.32.56:179][  0]LogInit: Version: 4.10.2-2818068+++depot+UE4-Releases+4.10
[2016.03.19-17.32.56:179][  0]LogInit: API Version: 2758231
[2016.03.19-17.32.56:179][  0]LogInit: Compiled (64-bit): Jan  6 2016 17:36:42
[2016.03.19-17.32.56:179][  0]LogInit: Compiled with Visual C++: 19.00.23026.00
[2016.03.19-17.32.56:179][  0]LogInit: Build Configuration: Development
[2016.03.19-17.32.56:179][  0]LogInit: Branch Name: ++depot+UE4-Releases+4.10
[2016.03.19-17.32.56:179][  0]LogInit: Command line: -EpicPortal 
[2016.03.19-17.32.56:179][  0]LogInit: Base directory: F:/Program Files/Epic Games/4.10/Engine/Binaries/Win64/
[2016.03.19-17.32.56:179][  0]LogInit: Rocket: 1
[2016.03.19-17.32.56:183][  0]LogInit: Using libcurl 7.41.0
[2016.03.19-17.32.56:183][  0]LogInit:  - built for x86_64-pc-win32
[2016.03.19-17.32.56:183][  0]LogInit:  - supports SSL with WinSSL
[2016.03.19-17.32.56:183][  0]LogInit:  - other features:
[2016.03.19-17.32.56:183][  0]LogInit:      CURL_VERSION_SSL
[2016.03.19-17.32.56:183][  0]LogInit:      CURL_VERSION_IPV6
[2016.03.19-17.32.56:183][  0]LogInit:      CURL_VERSION_ASYNCHDNS
[2016.03.19-17.32.56:183][  0]LogInit:      CURL_VERSION_LARGEFILE
[2016.03.19-17.32.56:183][  0]LogInit:      CURL_VERSION_IDN
[2016.03.19-17.32.56:183][  0]LogInit:  CurlRequestOptions (configurable via config and command line):
[2016.03.19-17.32.56:183][  0]LogInit:  - bVerifyPeer = true  - Libcurl will verify peer certificate
[2016.03.19-17.32.56:183][  0]LogInit:  - bUseHttpProxy = false  - Libcurl will NOT use HTTP proxy
[2016.03.19-17.32.56:183][  0]LogInit:  - bDontReuseConnections = false  - Libcurl will reuse connections
[2016.03.19-17.32.56:183][  0]LogInit:  - CertBundlePath = nullptr  - Libcurl will use whatever was configured at build time.
[2016.03.19-17.32.56:187][  0]LogInit: Presizing for 0 objects not considered by GC, pre-allocating 0 bytes.
[2016.03.19-17.32.56:192][  0]LogInit: Object subsystem initialized
[2016.03.19-17.32.56:192][  0]LogInit: Selected Device Profile: [Windows]
[2016.03.19-17.32.56:192][  0]LogInit: Applying CVar settings loaded from the selected device profile: [Windows]
[2016.03.19-17.32.56:196][  0]LogInit: Computer: DESKTOP-0FTHH47
[2016.03.19-17.32.56:196][  0]LogInit: User: aehrl
[2016.03.19-17.32.56:196][  0]LogInit: CPU Page size=4096, Cores=4
[2016.03.19-17.32.56:196][  0]LogInit: High frequency timer resolution =3.984645 MHz
[2016.03.19-17.32.56:196][  0]LogMemory: Memory total: Physical=15.9GB (16GB approx)
[2016.03.19-17.32.56:196][  0]LogMemory: Platform Memory Stats for Windows
[2016.03.19-17.32.56:196][  0]LogMemory: Process Physical Memory: 56.49 MB used, 56.49 MB peak
[2016.03.19-17.32.56:196][  0]LogMemory: Process Virtual Memory: 56.78 MB used, 56.78 MB peak
[2016.03.19-17.32.56:196][  0]LogMemory: Physical Memory: 4212.39 MB used, 16322.88 MB total
[2016.03.19-17.32.56:196][  0]LogMemory: Virtual Memory: 382.87 MB used, 134217728.00 MB total
[2016.03.19-17.32.56:220][  0]LogTextLocalizationManager: No specific translations for ('en-US') exist, so ('en') translations will be used.
[2016.03.19-17.32.56:553][  0]LogD3D11RHI: Found D3D11 adapter 0: NVIDIA GeForce GTX 960 (Feature Level 11_0)
[2016.03.19-17.32.56:553][  0]LogD3D11RHI: Adapter has 1969MB of dedicated video memory, 0MB of dedicated system memory, and 8161MB of shared system memory, 3 output[s]
[2016.03.19-17.32.56:554][  0]LogD3D11RHI: Found D3D11 adapter 1: Microsoft Basic Render Driver (Feature Level 11_0)
[2016.03.19-17.32.56:554][  0]LogD3D11RHI: Adapter has 0MB of dedicated video memory, 0MB of dedicated system memory, and 8161MB of shared system memory, 0 output[s]
[2016.03.19-17.32.56:554][  0]LogD3D11RHI: Chosen D3D11 Adapter Id = 0
[2016.03.19-17.32.56:557][  0]LogD3D11RHI: !Direct3DDevice
[2016.03.19-17.32.56:557][  0]LogRHI: Texture pool is 1361 MB (70% of 1945 MB)
[2016.03.19-17.32.56:568][  0]LogD3D11RHI: Async texture creation enabled
[2016.03.19-17.32.56:582][  0]LogShaderCompilers: Guid format shader working directory is -16 characters bigger than the processId version (../../../../../../My Media/UCF Documents/DIG 4725-2/HotelBete/Intermediate/Shaders/WorkingDirectory/13456/).
[2016.03.19-17.32.56:582][  0]LogShaderCompilers: Cleaned the shader compiler working directory 'C:/Users/aehrl/AppData/Local/Temp/UnrealShaderWorkingDir/F7671F1747C561D298019F88BEF8CE88/'.
[2016.03.19-17.32.56:582][  0]LogShaderCompilers:Display: Using Local Shader Compiler.
[2016.03.19-17.32.57:263][  0]LogTemp:Display: Loaded TP AllDesktopTargetPlatform
[2016.03.19-17.32.57:265][  0]LogTemp:Display: Loaded TP WindowsClientTargetPlatform
[2016.03.19-17.32.57:268][  0]LogTemp:Display: Loaded TP WindowsNoEditorTargetPlatform
[2016.03.19-17.32.57:270][  0]LogTemp:Display: Loaded TP WindowsServerTargetPlatform
[2016.03.19-17.32.57:273][  0]LogTemp:Display: Loaded TP WindowsTargetPlatform
[2016.03.19-17.32.57:275][  0]LogTemp:Display: Loaded TP AndroidTargetPlatform
[2016.03.19-17.32.57:276][  0]LogTemp:Display: Loaded TP Android_ASTCTargetPlatform
[2016.03.19-17.32.57:278][  0]LogTemp:Display: Loaded TP Android_ATCTargetPlatform
[2016.03.19-17.32.57:279][  0]LogTemp:Display: Loaded TP Android_DXTTargetPlatform
[2016.03.19-17.32.57:281][  0]LogTemp:Display: Loaded TP Android_ETC1TargetPlatform
[2016.03.19-17.32.57:283][  0]LogTemp:Display: Loaded TP Android_ETC2TargetPlatform
[2016.03.19-17.32.57:286][  0]LogTemp:Display: Loaded TP Android_MultiTargetPlatform
[2016.03.19-17.32.57:286][  0]LogTemp:Display: Loaded TP Android_PVRTCTargetPlatform
[2016.03.19-17.32.57:286][  0]LogTemp:Display: Loaded TP HTML5TargetPlatform
[2016.03.19-17.32.57:301][  0]LogTemp:Display: Loaded TP IOSTargetPlatform
[2016.03.19-17.32.57:303][  0]LogTemp:Display: Loaded TP LinuxNoEditorTargetPlatform
[2016.03.19-17.32.57:304][  0]LogTemp:Display: Loaded TP LinuxServerTargetPlatform
[2016.03.19-17.32.57:306][  0]LogTemp:Display: Loaded TP LinuxTargetPlatform
[2016.03.19-17.32.57:306][  0]LogTargetPlatformManager:Display: Building Assets For Windows
[2016.03.19-17.32.57:349][  0]LogDerivedDataCache:Display: Max Cache Size: 512 MB
[2016.03.19-17.32.57:717][  0]LogDerivedDataCache: Loaded boot cache 0.37s 41MB C:/Users/aehrl/AppData/Local/UnrealEngine/4.10/DerivedDataCache/Boot.ddc.
[2016.03.19-17.32.57:717][  0]LogDerivedDataCache:Display: Loaded Boot cache: C:/Users/aehrl/AppData/Local/UnrealEngine/4.10/DerivedDataCache/Boot.ddc
[2016.03.19-17.32.57:717][  0]LogDerivedDataCache: FDerivedDataBackendGraph:  Pak pak cache file ../../../../../../My Media/UCF Documents/DIG 4725-2/HotelBete/DerivedDataCache/DDC.ddp not found, will not use a pak cache.
[2016.03.19-17.32.57:717][  0]LogDerivedDataCache: Unable to find inner node Pak for hierarchical cache Hierarchy.
[2016.03.19-17.32.57:717][  0]LogDerivedDataCache: FDerivedDataBackendGraph:  CompressedPak pak cache file ../../../../../../My Media/UCF Documents/DIG 4725-2/HotelBete/DerivedDataCache/Compressed.ddp not found, will not use a pak cache.
[2016.03.19-17.32.57:717][  0]LogDerivedDataCache: Unable to find inner node CompressedPak for hierarchical cache Hierarchy.
[2016.03.19-17.32.57:801][  0]LogDerivedDataCache:Display: Pak cache opened for reading ../../../Engine/DerivedDataCache/Compressed.ddp.
[2016.03.19-17.32.57:813][  0]LogDerivedDataCache: Using Local data cache path C:/Users/aehrl/AppData/Local/UnrealEngine/Common/DerivedDataCache: Writable
[2016.03.19-17.32.57:946][  0]LogInit: Selected Device Profile: [Windows]
[2016.03.19-17.32.57:948][  0]LogContentStreaming: Texture pool size is 0.000000MB
[2016.03.19-17.32.58:014][  0]LogMeshUtilities: No automatic mesh reduction module available
[2016.03.19-17.32.58:014][  0]LogMeshUtilities: No automatic mesh merging module available
[2016.03.19-17.32.58:147][  0]LogInit: WinSock: version 1.1 (2.2), MaxSocks=32767, MaxUdp=65467
[2016.03.19-17.32.59:825][  0]LogAssetRegistry: FAssetRegistry took 0.0108 seconds to start up
[2016.03.19-17.32.59:832][  0]UdpMessaging: Initializing bridge on interface 0.0.0.0:0 to multicast group 230.0.0.1:6666.
[2016.03.19-17.33.00:096][  0]SourceControl: Info Source control is disabled
[2016.03.19-17.33.00:177][  0]SourceControl: Info Source control is disabled
[2016.03.19-17.33.00:182][  0]SourceControl: Info Source control is disabled
[2016.03.19-17.33.00:187][  0]SourceControl: Info Source control is disabled
[2016.03.19-17.33.00:328][  0]LogObj: 28802 objects as part of root set at end of initial load.
[2016.03.19-17.33.00:328][  0]LogUObjectAllocator: 6129768 out of 0 bytes used by permanent object pool.
[2016.03.19-17.33.00:369][  0]LogEngine: Initializing Engine...
[2016.03.19-17.33.00:370][  0]LogHMD: Can't find Oculus library dev build: is proper Runtime installed? Version: 0.8.0.0
[2016.03.19-17.33.00:371][  0]LogHMD: SteamVR failed to initialize.  Err: 110
[2016.03.19-17.33.00:444][  0]LogAIModule: Creating AISystem for world NewWorld
[2016.03.19-17.33.00:452][  0]LogInit: XAudio2 using 'Speakers (2- High Definition Audio Device)' : 2 channels at 44.1 kHz using 16 bits per sample (channel mask 0x3)
[2016.03.19-17.33.00:467][  0]LogInit: FAudioDevice initialized.
[2016.03.19-17.33.00:486][  0]LogDerivedDataCache: Saved boot cache 0.02s 41MB C:/Users/aehrl/AppData/Local/UnrealEngine/4.10/DerivedDataCache/Boot.ddc.
[2016.03.19-17.33.00:488][  0]LogInit: Texture streaming: Enabled
[2016.03.19-17.33.00:492][  0]LogAnalytics: Creating configured Analytics provider AnalyticsET
[2016.03.19-17.33.00:492][  0]LogAnalytics: [UEEditor.Rocket.Release] APIServer = http://et2.epicgames.com/ET2/. AppVersion = 4.10.2-2818068+++depot+UE4-Releases+4.10
[2016.03.19-17.33.00:492][  0]LogAnalytics: [UEEditor.Rocket.Release] SetUserId 0b01f67c451c321928712b89b2c25d66|b300224d71e64562a5bff06c2aaa78f8|4d10a4aa-bc91-4e54-b274-9b5f458b8e77
[2016.03.19-17.33.00:492][  0]LogAnalytics: [UEEditor.Rocket.Release] AnalyticsET::StartSession
[2016.03.19-17.33.00:498][  0]LogInit: Transaction tracking system initialized
[2016.03.19-17.33.00:510][  0]BlueprintLog: New page: Editor Load
[2016.03.19-17.33.00:549][  0]LocalizationService: Info Localization service is disabled
[2016.03.19-17.33.00:678][  0]LogConsoleResponse:Display: 
[2016.03.19-17.33.00:745][  0]LogCook:Display: Done creating registry. It took  0.00s.
[2016.03.19-17.33.00:781][  0]LogFileCache: Scanning file cache for directory 'F:/My Media/UCF Documents/DIG 4725-2/HotelBete/Content/' took 0.01s
[2016.03.19-17.33.00:781][  0]SourceControl: Info Source control is disabled
[2016.03.19-17.33.00:781][  0]Cmd: MAP LOAD FILE="../../../../../../My Media/UCF Documents/DIG 4725-2/HotelBete/Content/Hotel/Levels/Menu.umap" TEMPLATE=0 SHOWPROGRESS=1 FEATURELEVEL=3
[2016.03.19-17.33.00:781][  0]LightingResults: New page: Lighting Build
[2016.03.19-17.33.00:783][  0]MapCheck: New page: Map Check
[2016.03.19-17.33.00:783][  0]LightingResults: New page: Lighting Build
[2016.03.19-17.33.00:789][  0]LogParticles: Destroying 0 GPU particle simulations for FXSystem 0x000001CF2FB4B6A0
[2016.03.19-17.33.00:901][  0]LogBlueprint:Warning: USimpleConstructionScript::FixupRootNodeParentReferences() - Couldn't find inherited parent component 'DefaultSceneRoot' for 'Cylinder' in BlueprintGeneratedClass 'REINST_Key_C_24' (it may have been removed)
[2016.03.19-17.33.01:975][  0]LogAIModule: Creating AISystem for world Menu
[2016.03.19-17.33.01:976][  0]LogEditorServer: Finished looking for orphan Actors (0.000 secs)
[2016.03.19-17.33.01:977][  0]Cmd: MAP CHECKDEP NOCLEARLOG
[2016.03.19-17.33.02:021][  0]MapCheck: Info Map check complete: 0 Error(s), 0 Warning(s), took 44.049ms to complete.
[2016.03.19-17.33.02:021][  0]LogFileHelpers: Loading map 'Menu' took 1.240
[2016.03.19-17.33.02:129][  0]LogCollectionManager: Loaded 0 collections in 0.000834 seconds
[2016.03.19-17.33.02:192][  0]LogFileCache: Scanning file cache for directory 'F:/My Media/UCF Documents/DIG 4725-2/HotelBete/Saved/Collections/' took 0.01s
[2016.03.19-17.33.02:192][  0]LogFileCache: Scanning file cache for directory 'F:/My Media/UCF Documents/DIG 4725-2/HotelBete/Content/Developers/aehrl/Collections/' took 0.01s
[2016.03.19-17.33.02:192][  0]LogFileCache: Scanning file cache for directory 'F:/My Media/UCF Documents/DIG 4725-2/HotelBete/Content/Collections/' took 0.01s
[2016.03.19-17.33.02:192][  0]LogCollectionManager: Rebuilt the GUID cache for 0 collections in 0.000002 seconds
[2016.03.19-17.33.02:199][  0]LogContentBrowser: Native class hierarchy populated in 0.0067 seconds. Added 1908 classes and 344 folders.
[2016.03.19-17.33.02:203][  0]LogContentBrowser: Native class hierarchy updated for 'WidgetCarousel' in 0.0003 seconds. Added 0 classes and 0 folders.
[2016.03.19-17.33.02:262][  0]LogContentBrowser: Native class hierarchy updated for 'AddContentDialog' in 0.0002 seconds. Added 0 classes and 0 folders.
[2016.03.19-17.33.02:268][  0]LogContentBrowser: Native class hierarchy updated for 'SceneOutliner' in 0.0002 seconds. Added 1 classes and 2 folders.
[2016.03.19-17.33.02:274][  0]LogCrashTracker: Crashtracker disabled due to settings.
[2016.03.19-17.33.02:277][  0]LogUObjectGlobals:Warning: Failed to find object 'Class None.'
[2016.03.19-17.33.02:299][  0]LogLoad: Full Startup: 6.39 seconds (BP compile: 0.19 seconds)
[2016.03.19-17.33.02:308][  0]LogOcInput: Can't find Oculus library dev build: is proper Runtime installed? Version: 0.8.0.0
[2016.03.19-17.33.02:340][  0]LogContentStreaming: Texture pool size now 1000 MB
[2016.03.19-17.33.02:424][  0]LogRenderer: Reallocating scene render targets to support 1208x608 (Frame:2).
[2016.03.19-17.33.02:608][  5]LogAssetRegistry: Asset discovery search completed in 2.7937 seconds
[2016.03.19-17.33.02:608][  5]LogCollectionManager: Rebuilt the object cache for 0 collections in 0.000001 seconds (found 0 objects)
[2016.03.19-17.33.02:608][  5]LogCollectionManager: Fixed up redirectors for 0 collections in 0.000017 seconds (updated 0 objects)
[2016.03.19-17.33.43:202][789]LogMaterial: Missing cached shader map for material GuestFloor, compiling. 
[2016.03.19-17.33.43:202][789]LogMaterial:Warning: Failed to compile Material /Game/Hotel/Art/Models/Guest_Floor/Old/GuestFloor.GuestFloor for platform PCD3D_SM5, Default Material will be used in game.
[2016.03.19-17.33.43:202][789]LogMaterial:Warning: 	(Node TextureSample) TextureSample> Missing input texture
[2016.03.19-17.33.43:203][789]LogMaterial: Missing cached shader map for material Columns, compiling. 
[2016.03.19-17.33.43:203][789]LogMaterial:Warning: Failed to compile Material /Game/Hotel/Art/Models/Guest_Floor/Old/Columns.Columns for platform PCD3D_SM5, Default Material will be used in game.
[2016.03.19-17.33.43:203][789]LogMaterial:Warning: 	(Node TextureSample) TextureSample> Missing input texture
[2016.03.19-17.33.43:333][789]LogAIModule: Creating AISystem for world World
[2016.03.19-17.33.43:334][789]LogParticles:Warning: InitializeSystem called on an unregistered component. Template=/Game/StarterContent/Particles/Breath.Breath Component=/Game/Hotel/Levels/World.World:PersistentLevel.Breath.ParticleSystemComponent0
[2016.03.19-17.33.43:334][789]LogParticles:Warning: InitializeSystem called on an unregistered component. Template=/Game/StarterContent/Particles/ItemMarker.ItemMarker Component=/Game/Hotel/Levels/World.World:PersistentLevel.ItemMarker.ParticleSystemComponent0
[2016.03.19-17.33.43:334][789]LogParticles:Warning: InitializeSystem called on an unregistered component. Template=/Game/StarterContent/Particles/Dust.Dust Component=/Game/Hotel/Levels/World.World:PersistentLevel.Dust_2.ParticleSystemComponent0
[2016.03.19-17.33.43:334][789]LogParticles:Warning: InitializeSystem called on an unregistered component. Template=/Game/StarterContent/Particles/Fog_Steam.Fog_Steam Component=/Game/Hotel/Levels/World.World:PersistentLevel.Fog_Steam2.ParticleSystemComponent0
[2016.03.19-17.33.43:335][789]LogParticles:Warning: InitializeSystem called on an unregistered component. Template=/Game/StarterContent/Particles/Fog_Steam.Fog_Steam Component=/Game/Hotel/Levels/World.World:PersistentLevel.Fog_Steam3.ParticleSystemComponent0
[2016.03.19-17.33.43:387][789]Cmd: MAP LOAD FILE="../../../../../../My Media/UCF Documents/DIG 4725-2/HotelBete/Content/Hotel/Levels/World.umap" TEMPLATE=0 SHOWPROGRESS=1 FEATURELEVEL=3
[2016.03.19-17.33.43:387][789]LightingResults: New page: Lighting Build
[2016.03.19-17.33.43:399][789]LoadErrors: New page: Loading map: World.umap
[2016.03.19-17.33.43:399][789]MapCheck: New page: Map Check
[2016.03.19-17.33.43:399][789]LightingResults: New page: Lighting Build
[2016.03.19-17.33.43:408][789]LogParticles: Destroying 0 GPU particle simulations for FXSystem 0x000001CF35B55580
[2016.03.19-17.33.43:419][789]LogEditorServer: Finished looking for orphan Actors (0.000 secs)
[2016.03.19-17.33.43:445][789]Cmd: MAP CHECKDEP NOCLEARLOG
[2016.03.19-17.33.43:493][789]MapCheck: Info Map check complete: 0 Error(s), 0 Warning(s), took 48.574ms to complete.
[2016.03.19-17.33.43:493][789]LogFileHelpers: Loading map 'World' took 0.107
[2016.03.19-17.33.43:498][789]LoadErrors:Error: Error /Game/FirstPersonBP/Blueprints/Enemy : Failed import for Enemy_C /Game/Hotel/Blueprints/Enemies/Enemy.Default__Enemy_C [redirection] in /Game/FirstPersonBP/Blueprints/Enemy
[2016.03.19-17.33.46:417][ 90]LogLinker:Warning: Asset '../../../Engine/Content/ArtTools/RenderToTexture/Macros/RenderToTextureMacros.uasset' has been saved with empty engine version. The asset will be loaded but may be incompatible.
[2016.03.19-17.33.46:667][ 90]LogContentBrowser: Native class hierarchy updated for 'BlueprintGraph' in 0.0005 seconds. Added 107 classes and 0 folders.
[2016.03.19-17.33.51:538][642]BlueprintLog: New page: Compile World
[2016.03.19-17.33.56:236][642]LogActorComponent: UnregisterComponent: (/Engine/Transient.PawnSensing_GEN_VARIABLE) Not registered. Aborting.
[2016.03.19-17.33.56:257][642]BlueprintEditorCompileResults: Info [0060.35] Compile of World successful! [in 4,718 ms]
[2016.03.19-17.34.06:921][916]BlueprintLog: New page: Compile World
[2016.03.19-17.34.06:970][916]BlueprintEditorCompileResults: Info [0071.06] Compile of World successful! [in 48 ms]
[2016.03.19-17.34.08:090][ 39]Cmd: OBJ SAVEPACKAGE PACKAGE="/Game/Hotel/Levels/World" FILE="../../../../../../My Media/UCF Documents/DIG 4725-2/HotelBete/Content/Hotel/Levels/World.umap" SILENT=true AUTOSAVING=false KEEPDIRTY=false
[2016.03.19-17.34.08:657][ 39]LogSavePackage: Save=540.375854ms
[2016.03.19-17.34.08:657][ 39]LogSavePackage: Moving '../../../../../../My Media/UCF Documents/DIG 4725-2/HotelBete/Saved/World33E0386F4071A9263CA39DA1C11C7D14.tmp' to '../../../../../../My Media/UCF Documents/DIG 4725-2/HotelBete/Content/Hotel/Levels/World.umap'
[2016.03.19-17.34.08:659][ 39]LogSavePackage: Total save time: 552.355606ms
[2016.03.19-17.34.08:659][ 39]LogSavePackage:Display: Finished SavePackage ../../../../../../My Media/UCF Documents/DIG 4725-2/HotelBete/Content/Hotel/Levels/World.umap
[2016.03.19-17.34.08:680][ 39]LogFileHelpers: Saving map 'World' took 0.646
[2016.03.19-17.34.31:318][726]LogEditorViewport: Clicking on Actor (LMB): PlayerStart (PlayerStart)
[2016.03.19-17.34.43:004][ 54]LogNavigationPoint: PostEditMove Clear paths rebuilt
[2016.03.19-17.34.46:153][411]LogNavigationPoint: PostEditMove Clear paths rebuilt
[2016.03.19-17.34.48:574][680]LogNavigationPoint: PostEditMove Clear paths rebuilt
[2016.03.19-17.34.53:577][267]LogNavigationPoint: PostEditMove Clear paths rebuilt
[2016.03.19-17.34.55:137][454]LogNavigationPoint: PostEditMove Clear paths rebuilt
[2016.03.19-17.34.57:698][728]LogNavigationPoint: PostEditMove Clear paths rebuilt
[2016.03.19-17.34.58:269][795]LogNavigationPoint: PostEditMove Clear paths rebuilt
[2016.03.19-17.35.00:965][112]LogNavigationPoint: PostEditMove Clear paths rebuilt
[2016.03.19-17.35.04:731][540]LogNavigationPoint: PostEditMove Clear paths rebuilt
[2016.03.19-17.35.07:848][875]LogNavigationPoint: PostEditMove Clear paths rebuilt
[2016.03.19-17.35.08:945][  6]LogNavigationPoint: PostEditMove Clear paths rebuilt
[2016.03.19-17.35.12:477][415]LogNavigationPoint: PostEditMove Clear paths rebuilt
[2016.03.19-17.35.15:459][771]LogNavigationPoint: PostEditMove Clear paths rebuilt
[2016.03.19-17.35.18:298][109]LogNavigationPoint: PostEditMove Clear paths rebuilt
[2016.03.19-17.35.25:057][894]Cmd: OBJ SAVEPACKAGE PACKAGE="/Game/Hotel/Levels/World" FILE="../../../../../../My Media/UCF Documents/DIG 4725-2/HotelBete/Content/Hotel/Levels/World.umap" SILENT=true AUTOSAVING=false KEEPDIRTY=false
[2016.03.19-17.35.25:626][894]LogSavePackage: Save=550.117737ms
[2016.03.19-17.35.25:626][894]LogSavePackage: Moving '../../../../../../My Media/UCF Documents/DIG 4725-2/HotelBete/Saved/World7F1168D74AB6DFFD07D18F9D1DA7EFB2.tmp' to '../../../../../../My Media/UCF Documents/DIG 4725-2/HotelBete/Content/Hotel/Levels/World.umap'
[2016.03.19-17.35.25:629][894]LogSavePackage: Total save time: 554.094028ms
[2016.03.19-17.35.25:629][894]LogSavePackage:Display: Finished SavePackage ../../../../../../My Media/UCF Documents/DIG 4725-2/HotelBete/Content/Hotel/Levels/World.umap
[2016.03.19-17.35.25:650][894]LogFileHelpers: Saving map 'World' took 0.651
[2016.03.19-17.35.26:277][965]LogBlueprintUserMessages: Early PlayInEditor Detection: Level '/Game/Hotel/Levels/World.World:PersistentLevel' has LevelScriptBlueprint '/Game/Hotel/Levels/World.World:PersistentLevel.World' with GeneratedClass '/Game/Hotel/Levels/World.World_C' with ClassGeneratedBy '/Game/Hotel/Levels/World.World:PersistentLevel.World'
[2016.03.19-17.35.26:277][965]LogPlayLevel: PlayLevel: No blueprints needed recompiling
[2016.03.19-17.35.26:277][965]PIE: New page: PIE session: World (Mar 19, 2016, 9:35:26 AM)
[2016.03.19-17.35.26:277][965]LogPlayLevel: Creating play world package: /Game/Hotel/Levels/UEDPIE_0_World
[2016.03.19-17.35.26:290][965]LogPlayLevel: PIE: StaticDuplicateObject took: (0.013293s)
[2016.03.19-17.35.26:291][965]LogAIModule: Creating AISystem for world World
[2016.03.19-17.35.26:291][965]LogPlayLevel: PIE: World Init took: (0.000705s)
[2016.03.19-17.35.26:291][965]LogPlayLevel: PIE: Created PIE world by copying editor world from /Game/Hotel/Levels/World.World to /Game/Hotel/Levels/UEDPIE_0_World.World (0.014264s)
[2016.03.19-17.35.26:318][965]LogInit: XAudio2 using 'Speakers (2- High Definition Audio Device)' : 2 channels at 44.1 kHz using 16 bits per sample (channel mask 0x3)
[2016.03.19-17.35.26:324][965]LogInit: FAudioDevice initialized.
[2016.03.19-17.35.26:457][965]LogWorld: Game class is 'FirstPersonGameMode_C'
[2016.03.19-17.35.26:462][965]LogWorld: Bringing World /Game/Hotel/Levels/UEDPIE_0_World.World up for play (max tick rate 0) at 2016.03.19-13.35.26
[2016.03.19-17.35.26:462][965]LogActor:Warning: GameSession /Game/Hotel/Levels/UEDPIE_0_World.World:PersistentLevel.GameSession_0 has natively added scene component(s), but none of them were set as the actor's RootComponent - picking one arbitrarily
[2016.03.19-17.35.26:462][965]LogActor:Warning: GameNetworkManager /Game/Hotel/Levels/UEDPIE_0_World.World:PersistentLevel.GameNetworkManager_0 has natively added scene component(s), but none of them were set as the actor's RootComponent - picking one arbitrarily
[2016.03.19-17.35.26:463][965]LogWorld: Bringing up level for play took: 0.005369
[2016.03.19-17.35.26:475][965]PIE: Info Play in editor start time for /Game/Hotel/Levels/UEDPIE_0_World -0.064
[2016.03.19-17.35.26:475][965]LogBlueprintUserMessages: Late PlayInEditor Detection: Level '/Game/Hotel/Levels/World.World:PersistentLevel' has LevelScriptBlueprint '/Game/Hotel/Levels/World.World:PersistentLevel.World' with GeneratedClass '/Game/Hotel/Levels/World.World_C' with ClassGeneratedBy '/Game/Hotel/Levels/World.World:PersistentLevel.World'
[2016.03.19-17.35.26:501][966]LogRenderer: Reallocating scene render targets to support 1280x720 (Frame:7075).
[2016.03.19-17.35.27:809][122]LogBlueprintUserMessages: Early EndPlayMap Detection: Level '/Game/Hotel/Levels/World.World:PersistentLevel' has LevelScriptBlueprint '/Game/Hotel/Levels/World.World:PersistentLevel.World' with GeneratedClass '/Game/Hotel/Levels/World.World_C' with ClassGeneratedBy '/Game/Hotel/Levels/World.World:PersistentLevel.World'
[2016.03.19-17.35.27:854][122]LogBlueprintUserMessages: Late EndPlayMap Detection: Level '/Game/Hotel/Levels/World.World:PersistentLevel' has LevelScriptBlueprint '/Game/Hotel/Levels/World.World:PersistentLevel.World' with GeneratedClass '/Game/Hotel/Levels/World.World_C' with ClassGeneratedBy '/Game/Hotel/Levels/World.World:PersistentLevel.World'
[2016.03.19-17.35.27:871][122]LogParticles: Destroying 0 GPU particle simulations for FXSystem 0x000001CF0E18D760
[2016.03.19-17.35.28:826][233]LogBlueprintUserMessages: Early PlayInEditor Detection: Level '/Game/Hotel/Levels/World.World:PersistentLevel' has LevelScriptBlueprint '/Game/Hotel/Levels/World.World:PersistentLevel.World' with GeneratedClass '/Game/Hotel/Levels/World.World_C' with ClassGeneratedBy '/Game/Hotel/Levels/World.World:PersistentLevel.World'
[2016.03.19-17.35.28:826][233]LogPlayLevel: PlayLevel: No blueprints needed recompiling
[2016.03.19-17.35.28:826][233]PIE: New page: PIE session: World (Mar 19, 2016, 9:35:28 AM)
[2016.03.19-17.35.28:826][233]LogPlayLevel: Creating play world package: /Game/Hotel/Levels/UEDPIE_0_World
[2016.03.19-17.35.28:838][233]LogPlayLevel: PIE: StaticDuplicateObject took: (0.011804s)
[2016.03.19-17.35.28:838][233]LogAIModule: Creating AISystem for world World
[2016.03.19-17.35.28:838][233]LogPlayLevel: PIE: World Init took: (0.000474s)
[2016.03.19-17.35.28:839][233]LogPlayLevel: PIE: Created PIE world by copying editor world from /Game/Hotel/Levels/World.World to /Game/Hotel/Levels/UEDPIE_0_World.World (0.012465s)
[2016.03.19-17.35.28:862][233]LogInit: XAudio2 using 'Speakers (2- High Definition Audio Device)' : 2 channels at 44.1 kHz using 16 bits per sample (channel mask 0x3)
[2016.03.19-17.35.28:867][233]LogInit: FAudioDevice initialized.
[2016.03.19-17.35.28:964][233]LogWorld: Game class is 'FirstPersonGameMode_C'
[2016.03.19-17.35.28:969][233]LogWorld: Bringing World /Game/Hotel/Levels/UEDPIE_0_World.World up for play (max tick rate 0) at 2016.03.19-13.35.28
[2016.03.19-17.35.28:969][233]LogActor:Warning: GameSession /Game/Hotel/Levels/UEDPIE_0_World.World:PersistentLevel.GameSession_1 has natively added scene component(s), but none of them were set as the actor's RootComponent - picking one arbitrarily
[2016.03.19-17.35.28:969][233]LogActor:Warning: GameNetworkManager /Game/Hotel/Levels/UEDPIE_0_World.World:PersistentLevel.GameNetworkManager_1 has natively added scene component(s), but none of them were set as the actor's RootComponent - picking one arbitrarily
[2016.03.19-17.35.28:970][233]LogWorld: Bringing up level for play took: 0.005729
[2016.03.19-17.35.28:983][233]PIE: Info Play in editor start time for /Game/Hotel/Levels/UEDPIE_0_World 0.443
[2016.03.19-17.35.28:983][233]LogBlueprintUserMessages: Late PlayInEditor Detection: Level '/Game/Hotel/Levels/World.World:PersistentLevel' has LevelScriptBlueprint '/Game/Hotel/Levels/World.World:PersistentLevel.World' with GeneratedClass '/Game/Hotel/Levels/World.World_C' with ClassGeneratedBy '/Game/Hotel/Levels/World.World:PersistentLevel.World'
[2016.03.19-17.35.30:033][357]LogBlueprintUserMessages: Early EndPlayMap Detection: Level '/Game/Hotel/Levels/World.World:PersistentLevel' has LevelScriptBlueprint '/Game/Hotel/Levels/World.World:PersistentLevel.World' with GeneratedClass '/Game/Hotel/Levels/World.World_C' with ClassGeneratedBy '/Game/Hotel/Levels/World.World:PersistentLevel.World'
[2016.03.19-17.35.30:076][357]LogBlueprintUserMessages: Late EndPlayMap Detection: Level '/Game/Hotel/Levels/World.World:PersistentLevel' has LevelScriptBlueprint '/Game/Hotel/Levels/World.World:PersistentLevel.World' with GeneratedClass '/Game/Hotel/Levels/World.World_C' with ClassGeneratedBy '/Game/Hotel/Levels/World.World:PersistentLevel.World'
[2016.03.19-17.35.30:100][357]LogParticles: Destroying 0 GPU particle simulations for FXSystem 0x000001CF64193740
[2016.03.19-17.35.30:865][446]LogBlueprintUserMessages: Early PlayInEditor Detection: Level '/Game/Hotel/Levels/World.World:PersistentLevel' has LevelScriptBlueprint '/Game/Hotel/Levels/World.World:PersistentLevel.World' with GeneratedClass '/Game/Hotel/Levels/World.World_C' with ClassGeneratedBy '/Game/Hotel/Levels/World.World:PersistentLevel.World'
[2016.03.19-17.35.30:865][446]LogPlayLevel: PlayLevel: No blueprints needed recompiling
[2016.03.19-17.35.30:865][446]PIE: New page: PIE session: World (Mar 19, 2016, 9:35:30 AM)
[2016.03.19-17.35.30:865][446]LogPlayLevel: Creating play world package: /Game/Hotel/Levels/UEDPIE_0_World
[2016.03.19-17.35.30:877][446]LogPlayLevel: PIE: StaticDuplicateObject took: (0.011801s)
[2016.03.19-17.35.30:878][446]LogAIModule: Creating AISystem for world World
[2016.03.19-17.35.30:878][446]LogPlayLevel: PIE: World Init took: (0.000467s)
[2016.03.19-17.35.30:878][446]LogPlayLevel: PIE: Created PIE world by copying editor world from /Game/Hotel/Levels/World.World to /Game/Hotel/Levels/UEDPIE_0_World.World (0.012459s)
[2016.03.19-17.35.30:903][446]LogInit: XAudio2 using 'Speakers (2- High Definition Audio Device)' : 2 channels at 44.1 kHz using 16 bits per sample (channel mask 0x3)
[2016.03.19-17.35.30:908][446]LogInit: FAudioDevice initialized.
[2016.03.19-17.35.31:039][446]LogWorld: Game class is 'FirstPersonGameMode_C'
[2016.03.19-17.35.31:046][446]LogWorld: Bringing World /Game/Hotel/Levels/UEDPIE_0_World.World up for play (max tick rate 0) at 2016.03.19-13.35.31
[2016.03.19-17.35.31:046][446]LogActor:Warning: GameSession /Game/Hotel/Levels/UEDPIE_0_World.World:PersistentLevel.GameSession_2 has natively added scene component(s), but none of them were set as the actor's RootComponent - picking one arbitrarily
[2016.03.19-17.35.31:046][446]LogActor:Warning: GameNetworkManager /Game/Hotel/Levels/UEDPIE_0_World.World:PersistentLevel.GameNetworkManager_2 has natively added scene component(s), but none of them were set as the actor's RootComponent - picking one arbitrarily
[2016.03.19-17.35.31:047][446]LogWorld: Bringing up level for play took: 0.007279
[2016.03.19-17.35.31:064][446]PIE: Info Play in editor start time for /Game/Hotel/Levels/UEDPIE_0_World 0.525
[2016.03.19-17.35.31:065][446]LogBlueprintUserMessages: Late PlayInEditor Detection: Level '/Game/Hotel/Levels/World.World:PersistentLevel' has LevelScriptBlueprint '/Game/Hotel/Levels/World.World:PersistentLevel.World' with GeneratedClass '/Game/Hotel/Levels/World.World_C' with ClassGeneratedBy '/Game/Hotel/Levels/World.World:PersistentLevel.World'
[2016.03.19-17.35.32:516][618]LogBlueprintUserMessages: Early EndPlayMap Detection: Level '/Game/Hotel/Levels/World.World:PersistentLevel' has LevelScriptBlueprint '/Game/Hotel/Levels/World.World:PersistentLevel.World' with GeneratedClass '/Game/Hotel/Levels/World.World_C' with ClassGeneratedBy '/Game/Hotel/Levels/World.World:PersistentLevel.World'
[2016.03.19-17.35.32:558][618]LogBlueprintUserMessages: Late EndPlayMap Detection: Level '/Game/Hotel/Levels/World.World:PersistentLevel' has LevelScriptBlueprint '/Game/Hotel/Levels/World.World:PersistentLevel.World' with GeneratedClass '/Game/Hotel/Levels/World.World_C' with ClassGeneratedBy '/Game/Hotel/Levels/World.World:PersistentLevel.World'
[2016.03.19-17.35.32:581][618]LogParticles: Destroying 0 GPU particle simulations for FXSystem 0x000001CF642459E0
[2016.03.19-17.35.33:790][760]LogEditorViewport: Clicking on Actor (context menu): StaticMeshActor (Lobby_haunted2)
[2016.03.19-17.35.35:222][922]LogEditorViewport: Clicking on Actor (LMB): StaticMeshActor (Lobby_haunted2)
[2016.03.19-17.35.41:732][683]LogEditorViewport: Clicking on Actor (LMB): StaticMeshActor (Wall2)
[2016.03.19-17.35.57:310][533]LogEditorViewport: Clicking on Actor (LMB): ThingTwo_C (ThingTwo)
[2016.03.19-17.36.38:487][353]LogParticles: Destroying 0 GPU particle simulations for FXSystem 0x000001CF641B44A0
[2016.03.19-17.36.38:487][353]LogParticles: Destroying 0 GPU particle simulations for FXSystem 0x000001CF7EE219E0
[2016.03.19-17.36.47:570][416]LogBlueprintUserMessages: Early PlayInEditor Detection: Level '/Game/Hotel/Levels/World.World:PersistentLevel' has LevelScriptBlueprint '/Game/Hotel/Levels/World.World:PersistentLevel.World' with GeneratedClass '/Game/Hotel/Levels/World.World_C' with ClassGeneratedBy '/Game/Hotel/Levels/World.World:PersistentLevel.World'
[2016.03.19-17.36.47:570][416]LogPlayLevel: PlayLevel: No blueprints needed recompiling
[2016.03.19-17.36.47:570][416]PIE: New page: PIE session: World (Mar 19, 2016, 9:36:47 AM)
[2016.03.19-17.36.47:570][416]LogPlayLevel: Creating play world package: /Game/Hotel/Levels/UEDPIE_0_World
[2016.03.19-17.36.47:585][416]LogPlayLevel: PIE: StaticDuplicateObject took: (0.014605s)
[2016.03.19-17.36.47:586][416]LogAIModule: Creating AISystem for world World
[2016.03.19-17.36.47:586][416]LogPlayLevel: PIE: World Init took: (0.000600s)
[2016.03.19-17.36.47:586][416]LogPlayLevel: PIE: Created PIE world by copying editor world from /Game/Hotel/Levels/World.World to /Game/Hotel/Levels/UEDPIE_0_World.World (0.015427s)
[2016.03.19-17.36.47:612][416]LogInit: XAudio2 using 'Speakers (2- High Definition Audio Device)' : 2 channels at 44.1 kHz using 16 bits per sample (channel mask 0x3)
[2016.03.19-17.36.47:618][416]LogInit: FAudioDevice initialized.
[2016.03.19-17.36.47:738][416]LogWorld: Game class is 'FirstPersonGameMode_C'
[2016.03.19-17.36.47:744][416]LogWorld: Bringing World /Game/Hotel/Levels/UEDPIE_0_World.World up for play (max tick rate 0) at 2016.03.19-13.36.47
[2016.03.19-17.36.47:744][416]LogActor:Warning: GameSession /Game/Hotel/Levels/UEDPIE_0_World.World:PersistentLevel.GameSession_3 has natively added scene component(s), but none of them were set as the actor's RootComponent - picking one arbitrarily
[2016.03.19-17.36.47:745][416]LogActor:Warning: GameNetworkManager /Game/Hotel/Levels/UEDPIE_0_World.World:PersistentLevel.GameNetworkManager_3 has natively added scene component(s), but none of them were set as the actor's RootComponent - picking one arbitrarily
[2016.03.19-17.36.47:746][416]LogWorld: Bringing up level for play took: 0.006205
[2016.03.19-17.36.47:760][416]PIE: Info Play in editor start time for /Game/Hotel/Levels/UEDPIE_0_World -0.78
[2016.03.19-17.36.47:760][416]LogBlueprintUserMessages: Late PlayInEditor Detection: Level '/Game/Hotel/Levels/World.World:PersistentLevel' has LevelScriptBlueprint '/Game/Hotel/Levels/World.World:PersistentLevel.World' with GeneratedClass '/Game/Hotel/Levels/World.World_C' with ClassGeneratedBy '/Game/Hotel/Levels/World.World:PersistentLevel.World'
[2016.03.19-17.37.09:713][ 46]LogBlueprintUserMessages: Early EndPlayMap Detection: Level '/Game/Hotel/Levels/World.World:PersistentLevel' has LevelScriptBlueprint '/Game/Hotel/Levels/World.World:PersistentLevel.World' with GeneratedClass '/Game/Hotel/Levels/World.World_C' with ClassGeneratedBy '/Game/Hotel/Levels/World.World:PersistentLevel.World'
[2016.03.19-17.37.09:755][ 46]LogBlueprintUserMessages: Late EndPlayMap Detection: Level '/Game/Hotel/Levels/World.World:PersistentLevel' has LevelScriptBlueprint '/Game/Hotel/Levels/World.World:PersistentLevel.World' with GeneratedClass '/Game/Hotel/Levels/World.World_C' with ClassGeneratedBy '/Game/Hotel/Levels/World.World:PersistentLevel.World'
[2016.03.19-17.37.09:779][ 46]LogParticles: Destroying 0 GPU particle simulations for FXSystem 0x000001CF04455440
[2016.03.19-17.37.15:032][660]LogEditorViewport: Clicking on Actor (LMB): StaticMeshActor (Lobby_haunted2)
[2016.03.19-17.37.15:686][729]LogEditorViewport: Clicking on Actor (LMB): PlayerStart (PlayerStart)
[2016.03.19-17.37.17:237][908]LogNavigationPoint: PostEditMove Clear paths rebuilt
[2016.03.19-17.37.19:684][175]LogNavigationPoint: PostEditMove Clear paths rebuilt
[2016.03.19-17.37.23:227][559]LogNavigationPoint: PostEditMove Clear paths rebuilt
[2016.03.19-17.37.25:134][784]LogNavigationPoint: PostEditMove Clear paths rebuilt
[2016.03.19-17.37.26:688][968]LogNavigationPoint: PostEditMove Clear paths rebuilt
[2016.03.19-17.37.28:604][198]LogNavigationPoint: PostEditMove Clear paths rebuilt
[2016.03.19-17.37.29:343][278]LogBlueprintUserMessages: Early PlayInEditor Detection: Level '/Game/Hotel/Levels/World.World:PersistentLevel' has LevelScriptBlueprint '/Game/Hotel/Levels/World.World:PersistentLevel.World' with GeneratedClass '/Game/Hotel/Levels/World.World_C' with ClassGeneratedBy '/Game/Hotel/Levels/World.World:PersistentLevel.World'
[2016.03.19-17.37.29:343][278]LogPlayLevel: PlayLevel: No blueprints needed recompiling
[2016.03.19-17.37.29:343][278]PIE: New page: PIE session: World (Mar 19, 2016, 9:37:29 AM)
[2016.03.19-17.37.29:343][278]LogPlayLevel: Creating play world package: /Game/Hotel/Levels/UEDPIE_0_World
[2016.03.19-17.37.29:357][278]LogPlayLevel: PIE: StaticDuplicateObject took: (0.013392s)
[2016.03.19-17.37.29:357][278]LogAIModule: Creating AISystem for world World
[2016.03.19-17.37.29:358][278]LogPlayLevel: PIE: World Init took: (0.000865s)
[2016.03.19-17.37.29:358][278]LogPlayLevel: PIE: Created PIE world by copying editor world from /Game/Hotel/Levels/World.World to /Game/Hotel/Levels/UEDPIE_0_World.World (0.014534s)
[2016.03.19-17.37.29:383][278]LogInit: XAudio2 using 'Speakers (2- High Definition Audio Device)' : 2 channels at 44.1 kHz using 16 bits per sample (channel mask 0x3)
[2016.03.19-17.37.29:389][278]LogInit: FAudioDevice initialized.
[2016.03.19-17.37.29:511][278]LogWorld: Game class is 'FirstPersonGameMode_C'
[2016.03.19-17.37.29:517][278]LogWorld: Bringing World /Game/Hotel/Levels/UEDPIE_0_World.World up for play (max tick rate 0) at 2016.03.19-13.37.29
[2016.03.19-17.37.29:518][278]LogActor:Warning: GameSession /Game/Hotel/Levels/UEDPIE_0_World.World:PersistentLevel.GameSession_4 has natively added scene component(s), but none of them were set as the actor's RootComponent - picking one arbitrarily
[2016.03.19-17.37.29:518][278]LogActor:Warning: GameNetworkManager /Game/Hotel/Levels/UEDPIE_0_World.World:PersistentLevel.GameNetworkManager_4 has natively added scene component(s), but none of them were set as the actor's RootComponent - picking one arbitrarily
[2016.03.19-17.37.29:519][278]LogWorld: Bringing up level for play took: 0.006679
[2016.03.19-17.37.29:533][278]PIE: Info Play in editor start time for /Game/Hotel/Levels/UEDPIE_0_World 0.994
[2016.03.19-17.37.29:533][278]LogBlueprintUserMessages: Late PlayInEditor Detection: Level '/Game/Hotel/Levels/World.World:PersistentLevel' has LevelScriptBlueprint '/Game/Hotel/Levels/World.World:PersistentLevel.World' with GeneratedClass '/Game/Hotel/Levels/World.World_C' with ClassGeneratedBy '/Game/Hotel/Levels/World.World:PersistentLevel.World'
[2016.03.19-17.37.33:173][706]LogBlueprintUserMessages: Early EndPlayMap Detection: Level '/Game/Hotel/Levels/World.World:PersistentLevel' has LevelScriptBlueprint '/Game/Hotel/Levels/World.World:PersistentLevel.World' with GeneratedClass '/Game/Hotel/Levels/World.World_C' with ClassGeneratedBy '/Game/Hotel/Levels/World.World:PersistentLevel.World'
[2016.03.19-17.37.33:220][706]LogBlueprintUserMessages: Late EndPlayMap Detection: Level '/Game/Hotel/Levels/World.World:PersistentLevel' has LevelScriptBlueprint '/Game/Hotel/Levels/World.World:PersistentLevel.World' with GeneratedClass '/Game/Hotel/Levels/World.World_C' with ClassGeneratedBy '/Game/Hotel/Levels/World.World:PersistentLevel.World'
[2016.03.19-17.37.33:243][706]LogParticles: Destroying 0 GPU particle simulations for FXSystem 0x000001CF1EE82F20
[2016.03.19-17.37.41:166][637]LogEditorViewport: Clicking on Actor (LMB): StaticMeshActor (Lobby_haunted2)
[2016.03.19-17.37.59:010][749]LogEditorViewport: Clicking on Actor (LMB): StaticMeshActor (guest_floor_haunted)
[2016.03.19-17.38.19:179][158]Cmd: TRANSACTION UNDO
[2016.03.19-17.38.19:179][158]LogEditorTransaction: Undo Scale Actors
[2016.03.19-17.38.21:142][367]Cmd: TRANSACTION UNDO
[2016.03.19-17.38.21:142][367]LogEditorTransaction: Undo Scale Actors
[2016.03.19-17.38.21:758][440]Cmd: TRANSACTION UNDO
[2016.03.19-17.38.21:758][440]LogEditorTransaction: Undo Clicking on Actors
[2016.03.19-17.38.22:780][559]Cmd: TRANSACTION UNDO
[2016.03.19-17.38.22:781][559]LogEditorTransaction: Undo Clicking on Actors
[2016.03.19-17.38.24:534][769]Cmd: TRANSACTION UNDO
[2016.03.19-17.38.24:534][769]LogEditorTransaction: Undo Clicking on Actors
[2016.03.19-17.38.26:346][985]LogEditorViewport: Clicking on Actor (LMB): StaticMeshActor (guest_floor_haunted)
[2016.03.19-17.38.34:488][944]LogEditorViewport: Clicking on Actor (LMB): StaticMeshActor (Lobby_haunted2)
[2016.03.19-17.39.36:529][217]LogBlueprintUserMessages: Early PlayInEditor Detection: Level '/Game/Hotel/Levels/World.World:PersistentLevel' has LevelScriptBlueprint '/Game/Hotel/Levels/World.World:PersistentLevel.World' with GeneratedClass '/Game/Hotel/Levels/World.World_C' with ClassGeneratedBy '/Game/Hotel/Levels/World.World:PersistentLevel.World'
[2016.03.19-17.39.36:529][217]LogPlayLevel: PlayLevel: No blueprints needed recompiling
[2016.03.19-17.39.36:529][217]PIE: New page: PIE session: World (Mar 19, 2016, 9:39:36 AM)
[2016.03.19-17.39.36:529][217]LogPlayLevel: Creating play world package: /Game/Hotel/Levels/UEDPIE_0_World
[2016.03.19-17.39.36:543][217]LogPlayLevel: PIE: StaticDuplicateObject took: (0.014153s)
[2016.03.19-17.39.36:544][217]LogAIModule: Creating AISystem for world World
[2016.03.19-17.39.36:544][217]LogPlayLevel: PIE: World Init took: (0.001002s)
[2016.03.19-17.39.36:544][217]LogPlayLevel: PIE: Created PIE world by copying editor world from /Game/Hotel/Levels/World.World to /Game/Hotel/Levels/UEDPIE_0_World.World (0.015424s)
[2016.03.19-17.39.36:571][217]LogInit: XAudio2 using 'Speakers (2- High Definition Audio Device)' : 2 channels at 44.1 kHz using 16 bits per sample (channel mask 0x3)
[2016.03.19-17.39.36:577][217]LogInit: FAudioDevice initialized.
[2016.03.19-17.39.36:678][217]LogWorld: Game class is 'FirstPersonGameMode_C'
[2016.03.19-17.39.36:684][217]LogWorld: Bringing World /Game/Hotel/Levels/UEDPIE_0_World.World up for play (max tick rate 0) at 2016.03.19-13.39.36
[2016.03.19-17.39.36:684][217]LogActor:Warning: GameSession /Game/Hotel/Levels/UEDPIE_0_World.World:PersistentLevel.GameSession_5 has natively added scene component(s), but none of them were set as the actor's RootComponent - picking one arbitrarily
[2016.03.19-17.39.36:684][217]LogActor:Warning: GameNetworkManager /Game/Hotel/Levels/UEDPIE_0_World.World:PersistentLevel.GameNetworkManager_5 has natively added scene component(s), but none of them were set as the actor's RootComponent - picking one arbitrarily
[2016.03.19-17.39.36:685][217]LogWorld: Bringing up level for play took: 0.005372
[2016.03.19-17.39.36:696][217]PIE: Info Play in editor start time for /Game/Hotel/Levels/UEDPIE_0_World 0.157
[2016.03.19-17.39.36:696][217]LogBlueprintUserMessages: Late PlayInEditor Detection: Level '/Game/Hotel/Levels/World.World:PersistentLevel' has LevelScriptBlueprint '/Game/Hotel/Levels/World.World:PersistentLevel.World' with GeneratedClass '/Game/Hotel/Levels/World.World_C' with ClassGeneratedBy '/Game/Hotel/Levels/World.World:PersistentLevel.World'
[2016.03.19-17.40.18:088][ 86]LogBlueprintUserMessages: Early EndPlayMap Detection: Level '/Game/Hotel/Levels/World.World:PersistentLevel' has LevelScriptBlueprint '/Game/Hotel/Levels/World.World:PersistentLevel.World' with GeneratedClass '/Game/Hotel/Levels/World.World_C' with ClassGeneratedBy '/Game/Hotel/Levels/World.World:PersistentLevel.World'
[2016.03.19-17.40.18:140][ 86]LogBlueprintUserMessages: Late EndPlayMap Detection: Level '/Game/Hotel/Levels/World.World:PersistentLevel' has LevelScriptBlueprint '/Game/Hotel/Levels/World.World:PersistentLevel.World' with GeneratedClass '/Game/Hotel/Levels/World.World_C' with ClassGeneratedBy '/Game/Hotel/Levels/World.World:PersistentLevel.World'
[2016.03.19-17.40.18:164][ 86]LogParticles: Destroying 0 GPU particle simulations for FXSystem 0x000001CF1EAE7D80
[2016.03.19-17.40.19:972][285]Cmd: OBJ SAVEPACKAGE PACKAGE="/Game/Hotel/Levels/World" FILE="../../../../../../My Media/UCF Documents/DIG 4725-2/HotelBete/Content/Hotel/Levels/World.umap" SILENT=true AUTOSAVING=false KEEPDIRTY=false
[2016.03.19-17.40.20:782][285]LogSavePackage: Save=561.895203ms
[2016.03.19-17.40.20:782][285]LogSavePackage: Moving '../../../../../../My Media/UCF Documents/DIG 4725-2/HotelBete/Saved/World39D47F9440FD3B72288180B74AEDB8A8.tmp' to '../../../../../../My Media/UCF Documents/DIG 4725-2/HotelBete/Content/Hotel/Levels/World.umap'
[2016.03.19-17.40.20:784][285]LogSavePackage: Total save time: 795.972537ms
[2016.03.19-17.40.20:784][285]LogSavePackage:Display: Finished SavePackage ../../../../../../My Media/UCF Documents/DIG 4725-2/HotelBete/Content/Hotel/Levels/World.umap
[2016.03.19-17.40.20:804][285]LogFileHelpers: Saving map 'World' took 0.890
[2016.03.19-17.40.23:398][569]Cmd: QUIT_EDITOR
[2016.03.19-17.40.23:525][569]LogWindowsTextInputMethodSystem:Display: IME system now deactivated.
[2016.03.19-17.40.23:587][569]LogExit: Preparing to exit.
[2016.03.19-17.40.24:106][569]LogExit: Editor shut down
[2016.03.19-17.40.24:106][569]LogExit: Transaction tracking system shut down
[2016.03.19-17.40.24:112][569]LogParticles: Destroying 0 GPU particle simulations for FXSystem 0x000001CF392E3880
[2016.03.19-17.40.24:112][569]LogParticles: Destroying 0 GPU particle simulations for FXSystem 0x000001CF391F3740
[2016.03.19-17.40.24:116][569]LogParticles: Destroying 0 GPU particle simulations for FXSystem 0x000001CF646A0860
[2016.03.19-17.40.24:116][569]LogParticles: Destroying 0 GPU particle simulations for FXSystem 0x000001CF647777E0
[2016.03.19-17.40.24:116][569]LogParticles: Destroying 0 GPU particle simulations for FXSystem 0x000001CF64777B00
[2016.03.19-17.40.24:255][569]LogExit: Object subsystem successfully closed.
[2016.03.19-17.40.24:274][569]LogD3D11RHI: Shutdown
[2016.03.19-17.40.24:274][569]LogD3D11RHI: CleanupD3DDevice
[2016.03.19-17.40.24:344][569]LogD3D11RHI: ~FD3D11DynamicRHI
[2016.03.19-17.40.24:352][569]LogModuleManager: Shutting down and abandoning module CookingStats (202)
[2016.03.19-17.40.24:352][569]LogModuleManager: Shutting down and abandoning module BlueprintGraph (201)
[2016.03.19-17.40.24:352][569]LogModuleManager: Shutting down and abandoning module CrashTracker (200)
[2016.03.19-17.40.24:352][569]LogModuleManager: Shutting down and abandoning module SceneOutliner (199)
[2016.03.19-17.40.24:352][569]LogModuleManager: Shutting down and abandoning module SuperSearch (198)
[2016.03.19-17.40.24:352][569]LogModuleManager: Shutting down and abandoning module WidgetCarousel (197)
[2016.03.19-17.40.24:352][569]LogModuleManager: Shutting down and abandoning module AddContentDialog (196)
[2016.03.19-17.40.24:353][569]LogModuleManager: Shutting down and abandoning module EditorWidgets (195)
[2016.03.19-17.40.24:353][569]LogModuleManager: Shutting down and abandoning module CollectionManager (194)
[2016.03.19-17.40.24:353][569]LogModuleManager: Shutting down and abandoning module StatsViewer (193)
[2016.03.19-17.40.24:353][569]LogModuleManager: Shutting down and abandoning module FoliageEdit (192)
[2016.03.19-17.40.24:353][569]LogModuleManager: Shutting down and abandoning module LandscapeEditor (191)
[2016.03.19-17.40.24:353][569]LogModuleManager: Shutting down and abandoning module ActorPickerMode (190)
[2016.03.19-17.40.24:353][569]LogModuleManager: Shutting down and abandoning module GeometryMode (189)
[2016.03.19-17.40.24:353][569]LogModuleManager: Shutting down and abandoning module TextureAlignMode (188)
[2016.03.19-17.40.24:353][569]LogModuleManager: Shutting down and abandoning module BspMode (187)
[2016.03.19-17.40.24:353][569]LogModuleManager: Shutting down and abandoning module PlacementMode (186)
[2016.03.19-17.40.24:353][569]LogModuleManager: Shutting down and abandoning module AutomationWorker (185)
[2016.03.19-17.40.24:353][569]LogModuleManager: Shutting down and abandoning module CharacterAI (184)
[2016.03.19-17.40.24:353][569]LogModuleManager: Shutting down and abandoning module SmartSnapping (183)
[2016.03.19-17.40.24:353][569]LogModuleManager: Shutting down and abandoning module ViewportSnapping (182)
[2016.03.19-17.40.24:353][569]LogModuleManager: Shutting down and abandoning module LogVisualizer (181)
[2016.03.19-17.40.24:354][569]LogModuleManager: Shutting down and abandoning module GameProjectGeneration (180)
[2016.03.19-17.40.24:354][569]LogModuleManager: Shutting down and abandoning module IntroTutorials (179)
[2016.03.19-17.40.24:354][569]LogModuleManager: Shutting down and abandoning module EditorLiveStreaming (178)
[2016.03.19-17.40.24:354][569]LogModuleManager: Shutting down and abandoning module IOSPlatformEditor (177)
[2016.03.19-17.40.24:354][569]LogModuleManager: Shutting down and abandoning module HTML5PlatformEditor (176)
[2016.03.19-17.40.24:354][569]LogModuleManager: Shutting down and abandoning module AndroidDeviceDetection (175)
[2016.03.19-17.40.24:826][569]LogModuleManager: Shutting down and abandoning module AndroidPlatformEditor (174)
[2016.03.19-17.40.24:827][569]LogModuleManager: Shutting down and abandoning module IOSRuntimeSettings (173)
[2016.03.19-17.40.24:827][569]LogModuleManager: Shutting down and abandoning module AndroidRuntimeSettings (172)
[2016.03.19-17.40.24:827][569]LogModuleManager: Shutting down and abandoning module MergeActors (171)
[2016.03.19-17.40.24:827][569]LogModuleManager: Shutting down and abandoning module SizeMap (170)
[2016.03.19-17.40.24:827][569]LogModuleManager: Shutting down and abandoning module TreeMap (169)
[2016.03.19-17.40.24:827][569]LogModuleManager: Shutting down and abandoning module ReferenceViewer (168)
[2016.03.19-17.40.24:827][569]LogModuleManager: Shutting down and abandoning module LocalizationService (167)
[2016.03.19-17.40.24:827][569]LogModuleManager: Shutting down and abandoning module LocalizationDashboard (166)
[2016.03.19-17.40.24:827][569]LogModuleManager: Shutting down and abandoning module HardwareTargeting (165)
[2016.03.19-17.40.24:827][569]LogModuleManager: Shutting down and abandoning module DeviceProfileEditor (164)
[2016.03.19-17.40.24:827][569]LogModuleManager: Shutting down and abandoning module UndoHistory (163)
[2016.03.19-17.40.24:827][569]LogModuleManager: Shutting down and abandoning module GameplayTagsEditor (162)
[2016.03.19-17.40.24:827][569]LogModuleManager: Shutting down and abandoning module UserFeedback (161)
[2016.03.19-17.40.24:827][569]LogModuleManager: Shutting down and abandoning module XmlParser (160)
[2016.03.19-17.40.24:827][569]LogModuleManager: Shutting down and abandoning module Blutility (159)
[2016.03.19-17.40.24:827][569]LogModuleManager: Shutting down and abandoning module ProjectTargetPlatformEditor (158)
[2016.03.19-17.40.24:827][569]LogModuleManager: Shutting down and abandoning module ProjectSettingsViewer (157)
[2016.03.19-17.40.24:827][569]LogModuleManager: Shutting down and abandoning module InputBindingEditor (156)
[2016.03.19-17.40.24:828][569]LogModuleManager: Shutting down and abandoning module EditorSettingsViewer (155)
[2016.03.19-17.40.24:828][569]LogModuleManager: Shutting down and abandoning module SettingsEditor (154)
[2016.03.19-17.40.24:828][569]LogModuleManager: Shutting down and abandoning module ProjectLauncher (153)
[2016.03.19-17.40.24:828][569]LogModuleManager: Shutting down and abandoning module SessionFrontend (152)
[2016.03.19-17.40.24:828][569]LogModuleManager: Shutting down and abandoning module ProfilerClient (151)
[2016.03.19-17.40.24:828][569]LogModuleManager: Shutting down and abandoning module TargetDeviceServices (150)
[2016.03.19-17.40.24:828][569]LogModuleManager: Shutting down and abandoning module DeviceManager (149)
[2016.03.19-17.40.24:828][569]LogModuleManager: Shutting down and abandoning module AutomationController (148)
[2016.03.19-17.40.24:828][569]LogModuleManager: Shutting down and abandoning module AutomationWindow (147)
[2016.03.19-17.40.24:828][569]LogModuleManager: Shutting down and abandoning module Layers (146)
[2016.03.19-17.40.24:828][569]LogModuleManager: Shutting down and abandoning module ComponentVisualizers (145)
[2016.03.19-17.40.24:829][569]LogModuleManager: Shutting down and abandoning module DetailCustomizations (144)
[2016.03.19-17.40.24:829][569]LogModuleManager: Shutting down and abandoning module PackagesDialog (143)
[2016.03.19-17.40.24:829][569]LogModuleManager: Shutting down and abandoning module Persona (142)
[2016.03.19-17.40.24:829][569]LogModuleManager: Shutting down and abandoning module Kismet (141)
[2016.03.19-17.40.24:829][569]LogModuleManager: Shutting down and abandoning module GraphEditor (140)
[2016.03.19-17.40.24:830][569]LogModuleManager: Shutting down and abandoning module ClassViewer (139)
[2016.03.19-17.40.24:830][569]LogModuleManager: Shutting down and abandoning module Toolbox (138)
[2016.03.19-17.40.24:830][569]LogModuleManager: Shutting down and abandoning module ModuleUI (137)
[2016.03.19-17.40.24:830][569]LogModuleManager: Shutting down and abandoning module MovieSceneTools (136)
[2016.03.19-17.40.24:830][569]LogModuleManager: Shutting down and abandoning module OutputLog (135)
[2016.03.19-17.40.24:830][569]LogModuleManager: Shutting down and abandoning module GammaUI (134)
[2016.03.19-17.40.24:830][569]LogModuleManager: Shutting down and abandoning module Documentation (133)
[2016.03.19-17.40.24:830][569]LogModuleManager: Shutting down and abandoning module GameLiveStreaming (132)
[2016.03.19-17.40.24:830][569]LogModuleManager: Shutting down and abandoning module StreamingPauseRendering (131)
[2016.03.19-17.40.24:830][569]LogModuleManager: Shutting down and abandoning module AnalyticsET (130)
[2016.03.19-17.40.24:830][569]LogModuleManager: Shutting down and abandoning module Analytics (129)
[2016.03.19-17.40.24:830][569]LogModuleManager: Shutting down and abandoning module AITestSuite (128)
[2016.03.19-17.40.24:830][569]LogModuleManager: Shutting down and abandoning module GameplayDebugger (127)
[2016.03.19-17.40.24:830][569]LogModuleManager: Shutting down and abandoning module AIModule (126)
[2016.03.19-17.40.24:830][569]LogModuleManager: Shutting down and abandoning module ProfilerService (125)
[2016.03.19-17.40.24:984][569]LogModuleManager: Shutting down and abandoning module TaskGraph (124)
[2016.03.19-17.40.24:984][569]LogModuleManager: Shutting down and abandoning module SubstanceEditor (123)
[2016.03.19-17.40.24:984][569]LogModuleManager: Shutting down and abandoning module SlateRemote (122)
[2016.03.19-17.40.24:984][569]LogModuleManager: Shutting down and abandoning module SteamVRController (121)
[2016.03.19-17.40.24:984][569]LogModuleManager: Shutting down and abandoning module SteamVR (120)
[2016.03.19-17.40.24:984][569]LogModuleManager: Shutting down and abandoning module ProceduralMeshComponent (119)
[2016.03.19-17.40.24:984][569]LogModuleManager: Shutting down and abandoning module OculusLibrary (118)
[2016.03.19-17.40.24:984][569]LogModuleManager: Shutting down and abandoning module OculusInput (117)
[2016.03.19-17.40.24:984][569]LogModuleManager: Shutting down and abandoning module LeapMotionController (116)
[2016.03.19-17.40.25:014][569]LogModuleManager: Shutting down and abandoning module CustomMeshComponent (115)
[2016.03.19-17.40.25:014][569]LogModuleManager: Shutting down and abandoning module CableComponent (114)
[2016.03.19-17.40.25:014][569]LogModuleManager: Shutting down and abandoning module ArchVisCharacter (113)
[2016.03.19-17.40.25:014][569]LogModuleManager: Shutting down and abandoning module MessagingDebugger (112)
[2016.03.19-17.40.25:014][569]LogModuleManager: Shutting down and abandoning module MediaPlayerEditor (111)
[2016.03.19-17.40.25:014][569]LogModuleManager: Shutting down and abandoning module HTML5Networking (110)
[2016.03.19-17.40.25:014][569]LogModuleManager: Shutting down and abandoning module SpeedTreeImporter (109)
[2016.03.19-17.40.25:014][569]LogModuleManager: Shutting down and abandoning module PluginBrowser (108)
[2016.03.19-17.40.25:014][569]LogModuleManager: Shutting down and abandoning module EpicSurvey (107)
[2016.03.19-17.40.25:014][569]LogModuleManager: Shutting down and abandoning module DesktopPlatform (106)
[2016.03.19-17.40.25:014][569]LogModuleManager: Shutting down and abandoning module VisualStudioSourceCodeAccess (105)
[2016.03.19-17.40.25:014][569]LogModuleManager: Shutting down and abandoning module UObjectPlugin (104)
[2016.03.19-17.40.25:014][569]LogModuleManager: Shutting down and abandoning module SubversionSourceControl (103)
[2016.03.19-17.40.25:014][569]LogModuleManager: Shutting down and abandoning module PerforceSourceControl (102)
[2016.03.19-17.40.25:014][569]LogModuleManager: Shutting down and abandoning module SourceControl (101)
[2016.03.19-17.40.25:014][569]LogModuleManager: Shutting down and abandoning module GitSourceControl (100)
[2016.03.19-17.40.25:014][569]LogModuleManager: Shutting down and abandoning module LightPropagationVolumeEditor (99)
[2016.03.19-17.40.25:014][569]LogModuleManager: Shutting down and abandoning module PaperTiledImporter (98)
[2016.03.19-17.40.25:014][569]LogModuleManager: Shutting down and abandoning module PaperSpriteSheetImporter (97)
[2016.03.19-17.40.25:014][569]LogModuleManager: Shutting down and abandoning module MeshPaint (96)
[2016.03.19-17.40.25:014][569]LogModuleManager: Shutting down and abandoning module SlateReflector (95)
[2016.03.19-17.40.25:014][569]LogModuleManager: Shutting down and abandoning module HotReload (94)
[2016.03.19-17.40.25:014][569]LogModuleManager: Shutting down and abandoning module MainFrame (93)
[2016.03.19-17.40.25:014][569]LogModuleManager: Shutting down and abandoning module LevelEditor (92)
[2016.03.19-17.40.25:015][569]LogModuleManager: Shutting down and abandoning module ContentBrowser (91)
[2016.03.19-17.40.25:016][569]LogModuleManager: Shutting down and abandoning module Paper2DEditor (90)
[2016.03.19-17.40.25:016][569]LogModuleManager: Shutting down and abandoning module UdpMessaging (89)
[2016.03.19-17.40.25:117][569]LogModuleManager: Shutting down and abandoning module DirectoryWatcher (88)
[2016.03.19-17.40.25:117][569]LogModuleManager: Shutting down and abandoning module AssetRegistry (87)
[2016.03.19-17.40.25:158][569]LogModuleManager: Shutting down and abandoning module SubstanceCore (86)
[2016.03.19-17.40.25:158][569]LogModuleManager: Shutting down and abandoning module LightPropagationVolumeRuntime (85)
[2016.03.19-17.40.25:158][569]LogModuleManager: Shutting down and abandoning module Paper2D (84)
[2016.03.19-17.40.25:158][569]LogModuleManager: Shutting down and abandoning module WindowsMoviePlayer (83)
[2016.03.19-17.40.25:160][569]LogModuleManager: Shutting down and abandoning module Media (82)
[2016.03.19-17.40.25:160][569]LogModuleManager: Shutting down and abandoning module WmfMedia (81)
[2016.03.19-17.40.25:160][569]LogModuleManager: Shutting down and abandoning module OnlineBlueprintSupport (80)
[2016.03.19-17.40.25:160][569]LogModuleManager: Shutting down and abandoning module GameplayTasksEditor (79)
[2016.03.19-17.40.25:160][569]LogModuleManager: Shutting down and abandoning module PropertyEditor (78)
[2016.03.19-17.40.25:160][569]LogModuleManager: Shutting down and abandoning module BehaviorTreeEditor (77)
[2016.03.19-17.40.25:160][569]LogModuleManager: Shutting down and abandoning module FunctionalTesting (76)
[2016.03.19-17.40.25:160][569]LogModuleManager: Shutting down and abandoning module CollisionAnalyzer (75)
[2016.03.19-17.40.25:160][569]LogModuleManager: Shutting down and abandoning module WorkspaceMenuStructure (74)
[2016.03.19-17.40.25:160][569]LogModuleManager: Shutting down and abandoning module MessageLog (73)
[2016.03.19-17.40.25:160][569]LogModuleManager: Shutting down and abandoning module Sequencer (72)
[2016.03.19-17.40.25:160][569]LogModuleManager: Shutting down and abandoning module AssetTools (71)
[2016.03.19-17.40.25:160][569]LogModuleManager: Shutting down and abandoning module UMGEditor (70)
[2016.03.19-17.40.25:160][569]LogModuleManager: Shutting down and abandoning module UMG (69)
[2016.03.19-17.40.25:160][569]LogModuleManager: Shutting down and abandoning module Slate (68)
[2016.03.19-17.40.25:160][569]LogModuleManager: Shutting down and abandoning module EditorStyle (67)
[2016.03.19-17.40.25:161][569]LogModuleManager: Shutting down and abandoning module SessionServices (66)
[2016.03.19-17.40.25:161][569]LogModuleManager: Shutting down and abandoning module SourceCodeAccess (65)
[2016.03.19-17.40.25:161][569]LogModuleManager: Shutting down and abandoning module HeadMountedDisplay (64)
[2016.03.19-17.40.25:161][569]LogModuleManager: Shutting down and abandoning module XAudio2 (63)
[2016.03.19-17.40.25:161][569]LogModuleManager: Shutting down and abandoning module Networking (61)
[2016.03.19-17.40.25:161][569]LogModuleManager: Shutting down and abandoning module Core (60)
[2016.03.19-17.40.25:161][569]LogModuleManager: Shutting down and abandoning module KismetCompiler (59)
[2016.03.19-17.40.25:161][569]LogModuleManager: Shutting down and abandoning module PhysXFormats (58)
[2016.03.19-17.40.25:161][569]LogModuleManager: Shutting down and abandoning module MeshUtilities (57)
[2016.03.19-17.40.25:161][569]LogModuleManager: Shutting down and abandoning module DerivedDataCache (56)
[2016.03.19-17.40.25:165][569]LogDerivedDataCache: Shutdown
[2016.03.19-17.40.25:165][569]LogModuleManager: Shutting down and abandoning module ShaderFormatOpenGL (55)
[2016.03.19-17.40.25:165][569]LogModuleManager: Shutting down and abandoning module ShaderFormatD3D (54)
[2016.03.19-17.40.25:165][569]LogModuleManager: Shutting down and abandoning module MetalShaderFormat (53)
[2016.03.19-17.40.25:165][569]LogModuleManager: Shutting down and abandoning module TextureFormatUncompressed (52)
[2016.03.19-17.40.25:165][569]LogModuleManager: Shutting down and abandoning module TextureFormatPVR (51)
[2016.03.19-17.40.25:165][569]LogModuleManager: Shutting down and abandoning module TextureFormatIntelISPCTexComp (50)
[2016.03.19-17.40.25:165][569]LogModuleManager: Shutting down and abandoning module TextureFormatDXT (49)
[2016.03.19-17.40.25:165][569]LogModuleManager: Shutting down and abandoning module ImageWrapper (48)
[2016.03.19-17.40.25:165][569]LogModuleManager: Shutting down and abandoning module TextureFormatASTC (47)
[2016.03.19-17.40.25:165][569]LogModuleManager: Shutting down and abandoning module TextureFormatAndroid (46)
[2016.03.19-17.40.25:165][569]LogModuleManager: Shutting down and abandoning module AudioFormatOpus (45)
[2016.03.19-17.40.25:165][569]LogModuleManager: Shutting down and abandoning module AudioFormatOgg (44)
[2016.03.19-17.40.25:165][569]LogModuleManager: Shutting down and abandoning module AudioFormatADPCM (43)
[2016.03.19-17.40.25:165][569]LogModuleManager: Shutting down and abandoning module LinuxTargetPlatform (42)
[2016.03.19-17.40.25:165][569]LogModuleManager: Shutting down and abandoning module LinuxServerTargetPlatform (41)
[2016.03.19-17.40.25:165][569]LogModuleManager: Shutting down and abandoning module LinuxNoEditorTargetPlatform (40)
[2016.03.19-17.40.25:165][569]LogModuleManager: Shutting down and abandoning module Messaging (39)
[2016.03.19-17.40.25:165][569]LogModuleManager: Shutting down and abandoning module IOSTargetPlatform (38)
[2016.03.19-17.40.25:165][569]LogModuleManager: Shutting down and abandoning module HTML5TargetPlatform (37)
[2016.03.19-17.40.25:165][569]LogModuleManager: Shutting down and abandoning module Android_PVRTCTargetPlatform (36)
[2016.03.19-17.40.25:165][569]LogModuleManager: Shutting down and abandoning module Android_MultiTargetPlatform (35)
[2016.03.19-17.40.25:165][569]LogModuleManager: Shutting down and abandoning module Android_ETC2TargetPlatform (34)
[2016.03.19-17.40.25:165][569]LogModuleManager: Shutting down and abandoning module Android_ETC1TargetPlatform (33)
[2016.03.19-17.40.25:165][569]LogModuleManager: Shutting down and abandoning module Android_DXTTargetPlatform (32)
[2016.03.19-17.40.25:165][569]LogModuleManager: Shutting down and abandoning module Android_ATCTargetPlatform (31)
[2016.03.19-17.40.25:165][569]LogModuleManager: Shutting down and abandoning module Android_ASTCTargetPlatform (30)
[2016.03.19-17.40.25:165][569]LogModuleManager: Shutting down and abandoning module AndroidTargetPlatform (29)
[2016.03.19-17.40.25:165][569]LogModuleManager: Shutting down and abandoning module WindowsTargetPlatform (28)
[2016.03.19-17.40.25:165][569]LogModuleManager: Shutting down and abandoning module WindowsServerTargetPlatform (27)
[2016.03.19-17.40.25:165][569]LogModuleManager: Shutting down and abandoning module WindowsNoEditorTargetPlatform (26)
[2016.03.19-17.40.25:165][569]LogModuleManager: Shutting down and abandoning module WindowsClientTargetPlatform (25)
[2016.03.19-17.40.25:165][569]LogModuleManager: Shutting down and abandoning module AllDesktopTargetPlatform (24)
[2016.03.19-17.40.25:165][569]LogModuleManager: Shutting down and abandoning module TargetPlatform (23)
[2016.03.19-17.40.25:165][569]LogModuleManager: Shutting down and abandoning module InputCore (22)
[2016.03.19-17.40.25:165][569]LogModuleManager: Shutting down and abandoning module Settings (21)
[2016.03.19-17.40.25:165][569]LogModuleManager: Shutting down and abandoning module OnlineSubsystem (19)
[2016.03.19-17.40.25:165][569]LogModuleManager: Shutting down and abandoning module HTTP (18)
[2016.03.19-17.40.27:167][569]LogModuleManager: Shutting down and abandoning module XMPP (17)
[2016.03.19-17.40.27:167][569]LogModuleManager: Shutting down and abandoning module OculusRift (16)
[2016.03.19-17.40.27:167][569]LogModuleManager: Shutting down and abandoning module ExampleDeviceProfileSelector (15)
[2016.03.19-17.40.27:167][569]LogModuleManager: Shutting down and abandoning module TextureCompressor (14)
[2016.03.19-17.40.27:167][569]LogModuleManager: Shutting down and abandoning module ShaderCore (13)
[2016.03.19-17.40.27:167][569]LogModuleManager: Shutting down and abandoning module Landscape (12)
[2016.03.19-17.40.27:167][569]LogModuleManager: Shutting down and abandoning module SlateRHIRenderer (11)
[2016.03.19-17.40.27:168][569]LogModuleManager: Shutting down and abandoning module OpenGLDrv (10)
[2016.03.19-17.40.27:168][569]LogModuleManager: Shutting down and abandoning module D3D11RHI (9)
[2016.03.19-17.40.27:168][569]LogModuleManager: Shutting down and abandoning module AnimGraphRuntime (8)
[2016.03.19-17.40.27:168][569]LogModuleManager: Shutting down and abandoning module Renderer (7)
[2016.03.19-17.40.27:168][569]LogModuleManager: Shutting down and abandoning module Engine (6)
[2016.03.19-17.40.27:168][569]LogModuleManager: Shutting down and abandoning module CoreUObject (5)
[2016.03.19-17.40.27:168][569]LogModuleManager: Shutting down and abandoning module NetworkFile (4)
[2016.03.19-17.40.27:168][569]LogModuleManager: Shutting down and abandoning module StreamingFile (3)
[2016.03.19-17.40.27:168][569]LogModuleManager: Shutting down and abandoning module SandboxFile (2)
[2016.03.19-17.40.27:168][569]LogModuleManager: Shutting down and abandoning module PakFile (1)
[2016.03.19-17.40.27:169][569]LogExit: Exiting.
[2016.03.19-17.40.27:180][569]Log file closed, 03/19/16 13:40:27
