[2016.02.22-19.44.04:738][  0]Log file open, 02/22/16 14:44:04
[2016.02.22-19.44.04:738][  0]LogInit:Display: Running engine without a game
[2016.02.22-19.44.04:738][  0]LogPlatformFile: Not using cached read wrapper
[2016.02.22-19.44.04:738][  0]LogInit:Display: Loading recent project file: C:/My Media/UCF Documents/DIG 4725-2/HotelBete/Hotel.uproject
[2016.02.22-19.44.04:738][  0]LogInit:Display: RandInit(717608443) SRandInit(717608444).
[2016.02.22-19.44.04:738][  0]LogTaskGraph: Started task graph with 4 named threads and 7 total threads.
[2016.02.22-19.44.04:738][  0]LogStats: Stats thread started at 0.078094
[2016.02.22-19.44.04:738][  0]LogInit: Version: 4.10.2-2818068+++depot+UE4-Releases+4.10
[2016.02.22-19.44.04:738][  0]LogInit: API Version: 2758231
[2016.02.22-19.44.04:738][  0]LogInit: Compiled (64-bit): Jan  6 2016 17:36:42
[2016.02.22-19.44.04:738][  0]LogInit: Compiled with Visual C++: 19.00.23026.00
[2016.02.22-19.44.04:738][  0]LogInit: Build Configuration: Development
[2016.02.22-19.44.04:738][  0]LogInit: Branch Name: ++depot+UE4-Releases+4.10
[2016.02.22-19.44.04:738][  0]LogInit: Command line: 
[2016.02.22-19.44.04:738][  0]LogInit: Base directory: C:/Program Files (x86)/Epic Games/4.10/Engine/Binaries/Win64/
[2016.02.22-19.44.04:738][  0]LogInit: Rocket: 1
[2016.02.22-19.44.04:746][  0]LogInit: Using libcurl 7.41.0
[2016.02.22-19.44.04:746][  0]LogInit:  - built for x86_64-pc-win32
[2016.02.22-19.44.04:746][  0]LogInit:  - supports SSL with WinSSL
[2016.02.22-19.44.04:746][  0]LogInit:  - other features:
[2016.02.22-19.44.04:746][  0]LogInit:      CURL_VERSION_SSL
[2016.02.22-19.44.04:746][  0]LogInit:      CURL_VERSION_IPV6
[2016.02.22-19.44.04:746][  0]LogInit:      CURL_VERSION_ASYNCHDNS
[2016.02.22-19.44.04:746][  0]LogInit:      CURL_VERSION_LARGEFILE
[2016.02.22-19.44.04:746][  0]LogInit:      CURL_VERSION_IDN
[2016.02.22-19.44.04:746][  0]LogInit:  CurlRequestOptions (configurable via config and command line):
[2016.02.22-19.44.04:746][  0]LogInit:  - bVerifyPeer = true  - Libcurl will verify peer certificate
[2016.02.22-19.44.04:746][  0]LogInit:  - bUseHttpProxy = false  - Libcurl will NOT use HTTP proxy
[2016.02.22-19.44.04:746][  0]LogInit:  - bDontReuseConnections = false  - Libcurl will reuse connections
[2016.02.22-19.44.04:746][  0]LogInit:  - CertBundlePath = nullptr  - Libcurl will use whatever was configured at build time.
[2016.02.22-19.44.04:755][  0]LogInit: Presizing for 0 objects not considered by GC, pre-allocating 0 bytes.
[2016.02.22-19.44.04:761][  0]LogInit: Object subsystem initialized
[2016.02.22-19.44.04:762][  0]LogInit: Selected Device Profile: [Windows]
[2016.02.22-19.44.04:762][  0]LogInit: Applying CVar settings loaded from the selected device profile: [Windows]
[2016.02.22-19.44.04:768][  0]LogInit: Computer: ANDREW-LAPTOP
[2016.02.22-19.44.04:768][  0]LogInit: User: aehrl
[2016.02.22-19.44.04:768][  0]LogInit: CPU Page size=4096, Cores=4
[2016.02.22-19.44.04:768][  0]LogInit: High frequency timer resolution =2.531250 MHz
[2016.02.22-19.44.04:768][  0]LogMemory: Memory total: Physical=7.9GB (8GB approx)
[2016.02.22-19.44.04:768][  0]LogMemory: Platform Memory Stats for Windows
[2016.02.22-19.44.04:768][  0]LogMemory: Process Physical Memory: 56.51 MB used, 56.51 MB peak
[2016.02.22-19.44.04:768][  0]LogMemory: Process Virtual Memory: 56.89 MB used, 56.89 MB peak
[2016.02.22-19.44.04:768][  0]LogMemory: Physical Memory: 4631.30 MB used, 8051.78 MB total
[2016.02.22-19.44.04:768][  0]LogMemory: Virtual Memory: 382.77 MB used, 134217728.00 MB total
[2016.02.22-19.44.04:806][  0]LogTextLocalizationManager: No specific translations for ('en-US') exist, so ('en') translations will be used.
[2016.02.22-19.44.05:226][  0]LogD3D11RHI: Found D3D11 adapter 0: NVIDIA GeForce GTX 960M  (Feature Level 11_0)
[2016.02.22-19.44.05:226][  0]LogD3D11RHI: Adapter has 4036MB of dedicated video memory, 0MB of dedicated system memory, and 4025MB of shared system memory, 1 output[s]
[2016.02.22-19.44.05:232][  0]LogD3D11RHI: Found D3D11 adapter 1: Intel(R) HD Graphics 530 (Feature Level 11_0)
[2016.02.22-19.44.05:232][  0]LogD3D11RHI: Adapter has 128MB of dedicated video memory, 0MB of dedicated system memory, and 4025MB of shared system memory, 0 output[s]
[2016.02.22-19.44.05:234][  0]LogD3D11RHI: Found D3D11 adapter 2: Microsoft Basic Render Driver (Feature Level 11_0)
[2016.02.22-19.44.05:234][  0]LogD3D11RHI: Adapter has 0MB of dedicated video memory, 0MB of dedicated system memory, and 4025MB of shared system memory, 0 output[s]
[2016.02.22-19.44.05:234][  0]LogD3D11RHI: Chosen D3D11 Adapter Id = 0
[2016.02.22-19.44.05:241][  0]LogD3D11RHI: !Direct3DDevice
[2016.02.22-19.44.05:241][  0]LogRHI: Texture pool is 1361 MB (70% of 1945 MB)
[2016.02.22-19.44.05:256][  0]LogD3D11RHI: Async texture creation enabled
[2016.02.22-19.44.05:267][  0]LogShaderCompilers: Guid format shader working directory is -16 characters bigger than the processId version (../../../../../../My Media/UCF Documents/DIG 4725-2/HotelBete/Intermediate/Shaders/WorkingDirectory/17784/).
[2016.02.22-19.44.05:268][  0]LogShaderCompilers: Cleaned the shader compiler working directory 'C:/Users/aehrl/AppData/Local/Temp/UnrealShaderWorkingDir/CBEE35764E66F86A0AF9EE9C5DE098C1/'.
[2016.02.22-19.44.05:268][  0]LogShaderCompilers:Display: Using Local Shader Compiler.
[2016.02.22-19.44.06:020][  0]LogTemp:Display: Loaded TP AllDesktopTargetPlatform
[2016.02.22-19.44.06:025][  0]LogTemp:Display: Loaded TP WindowsClientTargetPlatform
[2016.02.22-19.44.06:030][  0]LogTemp:Display: Loaded TP WindowsNoEditorTargetPlatform
[2016.02.22-19.44.06:034][  0]LogTemp:Display: Loaded TP WindowsServerTargetPlatform
[2016.02.22-19.44.06:039][  0]LogTemp:Display: Loaded TP WindowsTargetPlatform
[2016.02.22-19.44.06:042][  0]LogTemp:Display: Loaded TP AndroidTargetPlatform
[2016.02.22-19.44.06:046][  0]LogTemp:Display: Loaded TP Android_ASTCTargetPlatform
[2016.02.22-19.44.06:050][  0]LogTemp:Display: Loaded TP Android_ATCTargetPlatform
[2016.02.22-19.44.06:053][  0]LogTemp:Display: Loaded TP Android_DXTTargetPlatform
[2016.02.22-19.44.06:056][  0]LogTemp:Display: Loaded TP Android_ETC1TargetPlatform
[2016.02.22-19.44.06:059][  0]LogTemp:Display: Loaded TP Android_ETC2TargetPlatform
[2016.02.22-19.44.06:065][  0]LogTemp:Display: Loaded TP Android_MultiTargetPlatform
[2016.02.22-19.44.06:065][  0]LogTemp:Display: Loaded TP Android_PVRTCTargetPlatform
[2016.02.22-19.44.06:065][  0]LogTemp:Display: Loaded TP HTML5TargetPlatform
[2016.02.22-19.44.06:083][  0]LogTemp:Display: Loaded TP IOSTargetPlatform
[2016.02.22-19.44.06:086][  0]LogTemp:Display: Loaded TP LinuxNoEditorTargetPlatform
[2016.02.22-19.44.06:089][  0]LogTemp:Display: Loaded TP LinuxServerTargetPlatform
[2016.02.22-19.44.06:092][  0]LogTemp:Display: Loaded TP LinuxTargetPlatform
[2016.02.22-19.44.06:092][  0]LogTargetPlatformManager:Display: Building Assets For Windows
[2016.02.22-19.44.06:181][  0]LogDerivedDataCache:Display: Max Cache Size: 512 MB
[2016.02.22-19.44.06:224][  0]LogDerivedDataCache: Loaded boot cache 0.04s 41MB C:/Users/aehrl/AppData/Local/UnrealEngine/4.10/DerivedDataCache/Boot.ddc.
[2016.02.22-19.44.06:224][  0]LogDerivedDataCache:Display: Loaded Boot cache: C:/Users/aehrl/AppData/Local/UnrealEngine/4.10/DerivedDataCache/Boot.ddc
[2016.02.22-19.44.06:224][  0]LogDerivedDataCache: FDerivedDataBackendGraph:  Pak pak cache file ../../../../../../My Media/UCF Documents/DIG 4725-2/HotelBete/DerivedDataCache/DDC.ddp not found, will not use a pak cache.
[2016.02.22-19.44.06:224][  0]LogDerivedDataCache: Unable to find inner node Pak for hierarchical cache Hierarchy.
[2016.02.22-19.44.06:224][  0]LogDerivedDataCache: FDerivedDataBackendGraph:  CompressedPak pak cache file ../../../../../../My Media/UCF Documents/DIG 4725-2/HotelBete/DerivedDataCache/Compressed.ddp not found, will not use a pak cache.
[2016.02.22-19.44.06:224][  0]LogDerivedDataCache: Unable to find inner node CompressedPak for hierarchical cache Hierarchy.
[2016.02.22-19.44.06:306][  0]LogDerivedDataCache:Display: Pak cache opened for reading ../../../Engine/DerivedDataCache/Compressed.ddp.
[2016.02.22-19.44.06:318][  0]LogDerivedDataCache: Using Local data cache path C:/Users/aehrl/AppData/Local/UnrealEngine/Common/DerivedDataCache: Writable
[2016.02.22-19.44.06:478][  0]LogInit: Selected Device Profile: [Windows]
[2016.02.22-19.44.06:480][  0]LogContentStreaming: Texture pool size is 0.000000MB
[2016.02.22-19.44.06:587][  0]LogMeshUtilities: No automatic mesh reduction module available
[2016.02.22-19.44.06:587][  0]LogMeshUtilities: No automatic mesh merging module available
[2016.02.22-19.44.06:790][  0]LogInit: WinSock: version 1.1 (2.2), MaxSocks=32767, MaxUdp=65467
[2016.02.22-19.44.07:498][  0]LogAssetRegistry: FAssetRegistry took 0.0108 seconds to start up
[2016.02.22-19.44.07:516][  0]UdpMessaging: Initializing bridge on interface 0.0.0.0:0 to multicast group 230.0.0.1:6666.
[2016.02.22-19.44.07:764][  0]SourceControl: Info Source control is disabled
[2016.02.22-19.44.07:818][  0]SourceControl: Info Source control is disabled
[2016.02.22-19.44.07:828][  0]SourceControl: Info Source control is disabled
[2016.02.22-19.44.07:842][  0]SourceControl: Info Source control is disabled
[2016.02.22-19.44.08:105][  0]LogObj: 28802 objects as part of root set at end of initial load.
[2016.02.22-19.44.08:105][  0]LogUObjectAllocator: 6129776 out of 0 bytes used by permanent object pool.
[2016.02.22-19.44.08:158][  0]LogEngine: Initializing Engine...
[2016.02.22-19.44.08:160][  0]LogHMD: Can't find Oculus library dev build: is proper Runtime installed? Version: 0.8.0.0
[2016.02.22-19.44.08:161][  0]LogHMD: SteamVR failed to initialize.  Err: 110
[2016.02.22-19.44.08:267][  0]LogAIModule: Creating AISystem for world NewWorld
[2016.02.22-19.44.08:271][  0]LogInit: XAudio2 using 'Speakers (Realtek High Definition Audio)' : 2 channels at 48 kHz using 32 bits per sample (channel mask 0x3)
[2016.02.22-19.44.08:399][  0]LogInit: FAudioDevice initialized.
[2016.02.22-19.44.08:430][  0]LogDerivedDataCache: Saved boot cache 0.03s 41MB C:/Users/aehrl/AppData/Local/UnrealEngine/4.10/DerivedDataCache/Boot.ddc.
[2016.02.22-19.44.08:434][  0]LogInit: Texture streaming: Enabled
[2016.02.22-19.44.08:441][  0]LogAnalytics: Creating configured Analytics provider AnalyticsET
[2016.02.22-19.44.08:441][  0]LogAnalytics: [UEEditor.Rocket.Release] APIServer = http://et2.epicgames.com/ET2/. AppVersion = 4.10.2-2818068+++depot+UE4-Releases+4.10
[2016.02.22-19.44.08:441][  0]LogAnalytics: [UEEditor.Rocket.Release] SetUserId d1a4ad154081d86d81756ab9ffa1917c|b300224d71e64562a5bff06c2aaa78f8|baf86470-d570-4096-bf66-612ba980467b
[2016.02.22-19.44.08:441][  0]LogAnalytics: [UEEditor.Rocket.Release] AnalyticsET::StartSession
[2016.02.22-19.44.08:454][  0]LogInit: Transaction tracking system initialized
[2016.02.22-19.44.08:486][  0]BlueprintLog: New page: Editor Load
[2016.02.22-19.44.08:577][  0]LocalizationService: Info Localization service is disabled
[2016.02.22-19.44.08:659][  0]LogConsoleResponse:Display: 
[2016.02.22-19.44.08:766][  0]LogCook:Display: Done creating registry. It took  0.00s.
[2016.02.22-19.44.08:829][  0]LogFileCache: Scanning file cache for directory 'C:/My Media/UCF Documents/DIG 4725-2/HotelBete/Content/' took 0.01s
[2016.02.22-19.44.08:829][  0]SourceControl: Info Source control is disabled
[2016.02.22-19.44.08:829][  0]Cmd: MAP LOAD FILE="../../../../../../My Media/UCF Documents/DIG 4725-2/HotelBete/Content/Hotel/Levels/Menu.umap" TEMPLATE=0 SHOWPROGRESS=1 FEATURELEVEL=3
[2016.02.22-19.44.08:829][  0]LightingResults: New page: Lighting Build
[2016.02.22-19.44.08:832][  0]MapCheck: New page: Map Check
[2016.02.22-19.44.08:832][  0]LightingResults: New page: Lighting Build
[2016.02.22-19.44.08:843][  0]LogParticles: Destroying 0 GPU particle simulations for FXSystem 0x000001775E8F7B00
[2016.02.22-19.44.08:888][  0]LogAIModule: Creating AISystem for world Menu
[2016.02.22-19.44.08:889][  0]LogEditorServer: Finished looking for orphan Actors (0.000 secs)
[2016.02.22-19.44.08:890][  0]Cmd: MAP CHECKDEP NOCLEARLOG
[2016.02.22-19.44.08:925][  0]MapCheck: Info Map check complete: 0 Error(s), 0 Warning(s), took 34.837ms to complete.
[2016.02.22-19.44.08:925][  0]LogFileHelpers: Loading map 'Menu' took 0.096
[2016.02.22-19.44.09:029][  0]LogCollectionManager: Loaded 0 collections in 0.002291 seconds
[2016.02.22-19.44.09:067][  0]LogFileCache: Scanning file cache for directory 'C:/My Media/UCF Documents/DIG 4725-2/HotelBete/Saved/Collections/' took 0.01s
[2016.02.22-19.44.09:067][  0]LogFileCache: Scanning file cache for directory 'C:/My Media/UCF Documents/DIG 4725-2/HotelBete/Content/Developers/aehrl/Collections/' took 0.01s
[2016.02.22-19.44.09:067][  0]LogFileCache: Scanning file cache for directory 'C:/My Media/UCF Documents/DIG 4725-2/HotelBete/Content/Collections/' took 0.01s
[2016.02.22-19.44.09:067][  0]LogCollectionManager: Rebuilt the GUID cache for 0 collections in 0.000001 seconds
[2016.02.22-19.44.09:076][  0]LogContentBrowser: Native class hierarchy populated in 0.0085 seconds. Added 1908 classes and 344 folders.
[2016.02.22-19.44.09:081][  0]LogContentBrowser: Native class hierarchy updated for 'WidgetCarousel' in 0.0003 seconds. Added 0 classes and 0 folders.
[2016.02.22-19.44.09:121][  0]LogContentBrowser: Native class hierarchy updated for 'AddContentDialog' in 0.0003 seconds. Added 0 classes and 0 folders.
[2016.02.22-19.44.09:124][  0]LogContentBrowser: Native class hierarchy updated for 'SceneOutliner' in 0.0003 seconds. Added 1 classes and 2 folders.
[2016.02.22-19.44.09:144][  0]LogCrashTracker: Crashtracker disabled due to settings.
[2016.02.22-19.44.09:150][  0]LogUObjectGlobals:Warning: Failed to find object 'Class None.'
[2016.02.22-19.44.09:172][  0]LogLoad: Full Startup: 4.83 seconds (BP compile: 0.02 seconds)
[2016.02.22-19.44.09:190][  0]LogWindowsTextInputMethodSystem:Display: IME system now deactivated.
[2016.02.22-19.44.09:191][  0]LogWindowsTextInputMethodSystem:Display: IME system now deactivated.
[2016.02.22-19.44.09:196][  0]LogOcInput: Can't find Oculus library dev build: is proper Runtime installed? Version: 0.8.0.0
[2016.02.22-19.44.09:231][  0]LogContentStreaming: Texture pool size now 1000 MB
[2016.02.22-19.44.09:352][  0]LogRenderer: Reallocating scene render targets to support 964x432 (Frame:2).
[2016.02.22-19.44.09:466][  2]LogAssetRegistry: Asset discovery search completed in 1.9796 seconds
[2016.02.22-19.44.09:467][  2]LogCollectionManager: Rebuilt the object cache for 0 collections in 0.000001 seconds (found 0 objects)
[2016.02.22-19.44.09:467][  2]LogCollectionManager: Fixed up redirectors for 0 collections in 0.000033 seconds (updated 0 objects)
[2016.02.22-19.44.40:016][767]LogAIModule: Creating AISystem for world Prototype
[2016.02.22-19.44.40:018][767]LogParticles:Warning: InitializeSystem called on an unregistered component. Template=/Game/StarterContent/Particles/P_Steam_Lit2.P_Steam_Lit2 Component=/Game/Hotel/Levels/Prototype.Prototype:PersistentLevel.P_Steam_Lit2_2.ParticleSystemComponent0
[2016.02.22-19.44.40:080][767]Cmd: MAP LOAD FILE="../../../../../../My Media/UCF Documents/DIG 4725-2/HotelBete/Content/Hotel/Levels/Prototype.umap" TEMPLATE=0 SHOWPROGRESS=1 FEATURELEVEL=3
[2016.02.22-19.44.40:080][767]LightingResults: New page: Lighting Build
[2016.02.22-19.44.40:096][767]LoadErrors: New page: Loading map: Prototype.umap
[2016.02.22-19.44.40:096][767]MapCheck: New page: Map Check
[2016.02.22-19.44.40:096][767]LightingResults: New page: Lighting Build
[2016.02.22-19.44.40:108][767]LogParticles: Destroying 0 GPU particle simulations for FXSystem 0x000001775CBBD580
[2016.02.22-19.44.40:120][767]LogEditorServer: Finished looking for orphan Actors (0.000 secs)
[2016.02.22-19.44.40:142][767]Cmd: MAP CHECKDEP NOCLEARLOG
[2016.02.22-19.44.40:188][767]MapCheck: Info Map check complete: 0 Error(s), 0 Warning(s), took 45.529ms to complete.
[2016.02.22-19.44.40:188][767]LogFileHelpers: Loading map 'Prototype' took 0.108
[2016.02.22-19.44.48:829][270]LogLinker:Warning: Asset '../../../Engine/Content/ArtTools/RenderToTexture/Macros/RenderToTextureMacros.uasset' has been saved with empty engine version. The asset will be loaded but may be incompatible.
[2016.02.22-19.44.49:189][270]LogContentBrowser: Native class hierarchy updated for 'BlueprintGraph' in 0.0006 seconds. Added 107 classes and 0 folders.
[2016.02.22-19.49.08:636][463]LogSavePackage: Save=179.254517ms
[2016.02.22-19.49.08:636][463]LogSavePackage: Moving '../../../../../../My Media/UCF Documents/DIG 4725-2/HotelBete/Saved/Puzzle1D316D57246ABFD0B5E47BA88BA4B03B8.tmp' to '../../../../../../My Media/UCF Documents/DIG 4725-2/HotelBete/Content/Hotel/Blueprints/Widgets/Puzzles/Puzzle1.uasset'
[2016.02.22-19.49.08:641][463]LogSavePackage: Total save time: 197.410371ms
[2016.02.22-19.49.08:641][463]LogSavePackage:Display: Finished SavePackage ../../../../../../My Media/UCF Documents/DIG 4725-2/HotelBete/Content/Hotel/Blueprints/Widgets/Puzzles/Puzzle1.uasset
[2016.02.22-19.49.10:701][586]BlueprintLog: New page: Compile Puzzle1
[2016.02.22-19.49.11:283][586]BlueprintEditorCompileResults: Info [0306.94] Compile of Puzzle1 successful! [in 582 ms]
[2016.02.22-19.49.13:442][714]LogBlueprintUserMessages: Early PlayInEditor Detection: Level '/Game/Hotel/Levels/Prototype.Prototype:PersistentLevel' has LevelScriptBlueprint '/Game/Hotel/Levels/Prototype.Prototype:PersistentLevel.Prototype' with GeneratedClass '/Game/Hotel/Levels/Prototype.Prototype_C' with ClassGeneratedBy '/Game/Hotel/Levels/Prototype.Prototype:PersistentLevel.Prototype'
[2016.02.22-19.49.13:442][714]LogPlayLevel: PlayLevel: No blueprints needed recompiling
[2016.02.22-19.49.13:443][714]PIE: New page: PIE session: Prototype (Feb 22, 2016, 9:49:13 AM)
[2016.02.22-19.49.13:443][714]LogPlayLevel: Creating play world package: /Game/Hotel/Levels/UEDPIE_0_Prototype
[2016.02.22-19.49.13:466][714]LogPlayLevel: PIE: StaticDuplicateObject took: (0.023588s)
[2016.02.22-19.49.13:467][714]LogAIModule: Creating AISystem for world Prototype
[2016.02.22-19.49.13:468][714]LogPlayLevel: PIE: World Init took: (0.001209s)
[2016.02.22-19.49.13:468][714]LogPlayLevel: PIE: Created PIE world by copying editor world from /Game/Hotel/Levels/Prototype.Prototype to /Game/Hotel/Levels/UEDPIE_0_Prototype.Prototype (0.025096s)
[2016.02.22-19.49.13:498][714]LogInit: XAudio2 using 'Speakers (Realtek High Definition Audio)' : 2 channels at 48 kHz using 32 bits per sample (channel mask 0x3)
[2016.02.22-19.49.13:507][714]LogInit: FAudioDevice initialized.
[2016.02.22-19.49.13:648][714]LogWorld: Game class is 'FirstPersonGameMode_C'
[2016.02.22-19.49.13:652][714]LogWorld: Bringing World /Game/Hotel/Levels/UEDPIE_0_Prototype.Prototype up for play (max tick rate 60) at 2016.02.22-14.49.13
[2016.02.22-19.49.13:652][714]LogActor:Warning: GameSession /Game/Hotel/Levels/UEDPIE_0_Prototype.Prototype:PersistentLevel.GameSession_0 has natively added scene component(s), but none of them were set as the actor's RootComponent - picking one arbitrarily
[2016.02.22-19.49.13:653][714]LogActor:Warning: GameNetworkManager /Game/Hotel/Levels/UEDPIE_0_Prototype.Prototype:PersistentLevel.GameNetworkManager_0 has natively added scene component(s), but none of them were set as the actor's RootComponent - picking one arbitrarily
[2016.02.22-19.49.13:653][714]LogWorld: Bringing up level for play took: 0.004384
[2016.02.22-19.49.13:665][714]PIE: Info Play in editor start time for /Game/Hotel/Levels/UEDPIE_0_Prototype 0.912
[2016.02.22-19.49.13:665][714]LogBlueprintUserMessages: Late PlayInEditor Detection: Level '/Game/Hotel/Levels/Prototype.Prototype:PersistentLevel' has LevelScriptBlueprint '/Game/Hotel/Levels/Prototype.Prototype:PersistentLevel.Prototype' with GeneratedClass '/Game/Hotel/Levels/Prototype.Prototype_C' with ClassGeneratedBy '/Game/Hotel/Levels/Prototype.Prototype:PersistentLevel.Prototype'
[2016.02.22-19.49.13:703][716]LogRenderer: Reallocating scene render targets to support 1280x720 (Frame:10).
[2016.02.22-19.49.24:986][383]LogBlueprintUserMessages: Early EndPlayMap Detection: Level '/Game/Hotel/Levels/Prototype.Prototype:PersistentLevel' has LevelScriptBlueprint '/Game/Hotel/Levels/Prototype.Prototype:PersistentLevel.Prototype' with GeneratedClass '/Game/Hotel/Levels/Prototype.Prototype_C' with ClassGeneratedBy '/Game/Hotel/Levels/Prototype.Prototype:PersistentLevel.Prototype'
[2016.02.22-19.49.25:036][383]LogBlueprintUserMessages: Late EndPlayMap Detection: Level '/Game/Hotel/Levels/Prototype.Prototype:PersistentLevel' has LevelScriptBlueprint '/Game/Hotel/Levels/Prototype.Prototype:PersistentLevel.Prototype' with GeneratedClass '/Game/Hotel/Levels/Prototype.Prototype_C' with ClassGeneratedBy '/Game/Hotel/Levels/Prototype.Prototype:PersistentLevel.Prototype'
[2016.02.22-19.49.25:065][383]LogParticles: Destroying 0 GPU particle simulations for FXSystem 0x000001770CC44A40
[2016.02.22-19.50.37:382][671]LogSavePackage: Save=179.886612ms
[2016.02.22-19.50.37:382][671]LogSavePackage: Moving '../../../../../../My Media/UCF Documents/DIG 4725-2/HotelBete/Saved/Puzzle162B2FD8E492ABF2C86FBC69B0B0D8000.tmp' to '../../../../../../My Media/UCF Documents/DIG 4725-2/HotelBete/Content/Hotel/Blueprints/Widgets/Puzzles/Puzzle1.uasset'
[2016.02.22-19.50.37:386][671]LogSavePackage: Total save time: 191.352099ms
[2016.02.22-19.50.37:386][671]LogSavePackage:Display: Finished SavePackage ../../../../../../My Media/UCF Documents/DIG 4725-2/HotelBete/Content/Hotel/Blueprints/Widgets/Puzzles/Puzzle1.uasset
[2016.02.22-19.50.38:470][736]BlueprintLog: New page: Compile Puzzle1
[2016.02.22-19.50.38:591][736]BlueprintEditorCompileResults: Info [0394.25] Compile of Puzzle1 successful! [in 120 ms]
[2016.02.22-19.51.05:850][352]LogSavePackage: Save=180.325928ms
[2016.02.22-19.51.05:850][352]LogSavePackage: Moving '../../../../../../My Media/UCF Documents/DIG 4725-2/HotelBete/Saved/Puzzle1DDC5F288496DDA4E1CEEF6A104F6D5FF.tmp' to '../../../../../../My Media/UCF Documents/DIG 4725-2/HotelBete/Content/Hotel/Blueprints/Widgets/Puzzles/Puzzle1.uasset'
[2016.02.22-19.51.05:854][352]LogSavePackage: Total save time: 199.156541ms
[2016.02.22-19.51.05:854][352]LogSavePackage:Display: Finished SavePackage ../../../../../../My Media/UCF Documents/DIG 4725-2/HotelBete/Content/Hotel/Blueprints/Widgets/Puzzles/Puzzle1.uasset
[2016.02.22-19.52.44:643][224]LogSlate:Warning: Prevented a slow task dialog from being summoned while a context menu was open
[2016.02.22-19.52.44:830][224]LogSavePackage: Save=174.449783ms
[2016.02.22-19.52.44:831][224]LogSavePackage: Moving '../../../../../../My Media/UCF Documents/DIG 4725-2/HotelBete/Saved/Puzzle18C916AEA4152BD5BECC1A18CA45ADB96.tmp' to '../../../../../../My Media/UCF Documents/DIG 4725-2/HotelBete/Content/Hotel/Blueprints/Widgets/Puzzles/Puzzle1.uasset'
[2016.02.22-19.52.44:835][224]LogSavePackage: Total save time: 187.167212ms
[2016.02.22-19.52.44:835][224]LogSavePackage:Display: Finished SavePackage ../../../../../../My Media/UCF Documents/DIG 4725-2/HotelBete/Content/Hotel/Blueprints/Widgets/Puzzles/Puzzle1.uasset
[2016.02.22-19.53.55:430][374]BlueprintLog: New page: Compile Puzzle1
[2016.02.22-19.53.55:570][374]BlueprintEditorCompileResults: Info [0591.23] Compile of Puzzle1 successful! [in 140 ms]
[2016.02.22-19.54.32:411][554]BlueprintLog: New page: Compile Puzzle1
[2016.02.22-19.54.32:541][554]BlueprintEditorCompileResults: Info [0628.20] Compile of Puzzle1 successful! [in 129 ms]
[2016.02.22-19.54.34:161][635]LogSavePackage: Save=188.954865ms
[2016.02.22-19.54.34:161][635]LogSavePackage: Moving '../../../../../../My Media/UCF Documents/DIG 4725-2/HotelBete/Saved/Puzzle1602BBE344E43843378BDE191BFDE81B3.tmp' to '../../../../../../My Media/UCF Documents/DIG 4725-2/HotelBete/Content/Hotel/Blueprints/Widgets/Puzzles/Puzzle1.uasset'
[2016.02.22-19.54.34:165][635]LogSavePackage: Total save time: 201.391406ms
[2016.02.22-19.54.34:165][635]LogSavePackage:Display: Finished SavePackage ../../../../../../My Media/UCF Documents/DIG 4725-2/HotelBete/Content/Hotel/Blueprints/Widgets/Puzzles/Puzzle1.uasset
[2016.02.22-19.55.56:629][526]BlueprintLog: New page: Compile Puzzle1
[2016.02.22-19.55.56:774][526]BlueprintEditorCompileResults: Info [0712.43] Compile of Puzzle1 successful! [in 145 ms]
[2016.02.22-19.56.02:729][879]BlueprintLog: New page: Compile Puzzle1
[2016.02.22-19.56.02:867][879]BlueprintEditorCompileResults: Info [0718.53] Compile of Puzzle1 successful! [in 137 ms]
[2016.02.22-19.56.04:255][942]LogSavePackage: Save=247.300735ms
[2016.02.22-19.56.04:255][942]LogSavePackage: Moving '../../../../../../My Media/UCF Documents/DIG 4725-2/HotelBete/Saved/Puzzle1AAEFDDBD435066FABD07B6A11A26658F.tmp' to '../../../../../../My Media/UCF Documents/DIG 4725-2/HotelBete/Content/Hotel/Blueprints/Widgets/Puzzles/Puzzle1.uasset'
[2016.02.22-19.56.04:259][942]LogSavePackage: Total save time: 259.165630ms
[2016.02.22-19.56.04:259][942]LogSavePackage:Display: Finished SavePackage ../../../../../../My Media/UCF Documents/DIG 4725-2/HotelBete/Content/Hotel/Blueprints/Widgets/Puzzles/Puzzle1.uasset
[2016.02.22-19.56.32:770][614]LogSavePackage: Save=189.277634ms
[2016.02.22-19.56.32:770][614]LogSavePackage: Moving '../../../../../../My Media/UCF Documents/DIG 4725-2/HotelBete/Saved/Puzzle1D6D4256E4A22CC8AF83C7189593D9D09.tmp' to '../../../../../../My Media/UCF Documents/DIG 4725-2/HotelBete/Content/Hotel/Blueprints/Widgets/Puzzles/Puzzle1.uasset'
[2016.02.22-19.56.32:844][614]LogSavePackage: Total save time: 269.376788ms
[2016.02.22-19.56.32:844][614]LogSavePackage:Display: Finished SavePackage ../../../../../../My Media/UCF Documents/DIG 4725-2/HotelBete/Content/Hotel/Blueprints/Widgets/Puzzles/Puzzle1.uasset
[2016.02.22-19.56.33:478][652]BlueprintLog: New page: Compile Puzzle1
[2016.02.22-19.56.33:613][652]BlueprintEditorCompileResults: Info [0749.27] Compile of Puzzle1 successful! [in 134 ms]
[2016.02.22-19.57.01:402][246]LogSavePackage: Save=196.107849ms
[2016.02.22-19.57.01:402][246]LogSavePackage: Moving '../../../../../../My Media/UCF Documents/DIG 4725-2/HotelBete/Saved/Puzzle17CDF28FC457B84E705EDEA8C5F3F92EE.tmp' to '../../../../../../My Media/UCF Documents/DIG 4725-2/HotelBete/Content/Hotel/Blueprints/Widgets/Puzzles/Puzzle1.uasset'
[2016.02.22-19.57.01:404][246]LogSavePackage: Total save time: 206.349034ms
[2016.02.22-19.57.01:404][246]LogSavePackage:Display: Finished SavePackage ../../../../../../My Media/UCF Documents/DIG 4725-2/HotelBete/Content/Hotel/Blueprints/Widgets/Puzzles/Puzzle1.uasset
[2016.02.22-19.57.02:887][335]BlueprintLog: New page: Compile Puzzle1
[2016.02.22-19.57.03:027][335]BlueprintEditorCompileResults: Info [0778.68] Compile of Puzzle1 successful! [in 139 ms]
[2016.02.22-19.57.42:572][672]LogFileHelpers: Editor autosave (incl. sublevels) for '/Game/Hotel/Levels/Prototype' took 0.033
[2016.02.22-19.57.42:579][672]OBJ SavePackage: Generating thumbnails for [0] asset(s) in package [/Game/Hotel/Blueprints/Widgets/Puzzles/Puzzle1] ([1] browsable assets)...
[2016.02.22-19.57.42:579][672]OBJ SavePackage: Finished generating thumbnails for package [/Game/Hotel/Blueprints/Widgets/Puzzles/Puzzle1]
[2016.02.22-19.57.42:781][672]LogSavePackage: Save=192.779449ms
[2016.02.22-19.57.42:781][672]LogSavePackage: Moving '../../../../../../My Media/UCF Documents/DIG 4725-2/HotelBete/Saved/Puzzle1_Auto107F842074D390185CA33B2B86C24FF86.tmp' to '../../../../../../My Media/UCF Documents/DIG 4725-2/HotelBete/Saved/Autosaves/Game/Hotel/Blueprints/Widgets/Puzzles/Puzzle1_Auto1.uasset'
[2016.02.22-19.57.42:793][672]LogSavePackage: Total save time: 213.332936ms
[2016.02.22-19.57.42:793][672]LogSavePackage:Display: Finished SavePackage ../../../../../../My Media/UCF Documents/DIG 4725-2/HotelBete/Saved/Autosaves/Game/Hotel/Blueprints/Widgets/Puzzles/Puzzle1_Auto1.uasset
[2016.02.22-19.57.42:793][672]LogFileHelpers: Auto-saving content packages took 0.219
[2016.02.22-19.59.08:945][698]LogSavePackage: Save=201.332153ms
[2016.02.22-19.59.08:945][698]LogSavePackage: Moving '../../../../../../My Media/UCF Documents/DIG 4725-2/HotelBete/Saved/Puzzle11A877F6A4AB81E97CDF949833F34FBE3.tmp' to '../../../../../../My Media/UCF Documents/DIG 4725-2/HotelBete/Content/Hotel/Blueprints/Widgets/Puzzles/Puzzle1.uasset'
[2016.02.22-19.59.08:948][698]LogSavePackage: Total save time: 211.174719ms
[2016.02.22-19.59.08:948][698]LogSavePackage:Display: Finished SavePackage ../../../../../../My Media/UCF Documents/DIG 4725-2/HotelBete/Content/Hotel/Blueprints/Widgets/Puzzles/Puzzle1.uasset
[2016.02.22-19.59.09:648][740]BlueprintLog: New page: Compile Puzzle1
[2016.02.22-19.59.09:789][740]BlueprintEditorCompileResults: Info [0905.45] Compile of Puzzle1 successful! [in 139 ms]
[2016.02.22-20.03.23:028][111]BlueprintLog: New page: Compile Puzzle1
[2016.02.22-20.03.23:194][111]BlueprintEditorCompileResults: Info [1158.85] Compile of Puzzle1 successful! [in 165 ms]
[2016.02.22-20.07.00:489][654]BlueprintLog: New page: Compile Puzzle1
[2016.02.22-20.07.00:649][654]BlueprintEditorCompileResults: Info [1376.31] Compile of Puzzle1 successful! [in 159 ms]
[2016.02.22-20.07.01:933][713]LogSavePackage: Save=212.207413ms
[2016.02.22-20.07.01:933][713]LogSavePackage: Moving '../../../../../../My Media/UCF Documents/DIG 4725-2/HotelBete/Saved/Puzzle1063484864C774F9992BC8B99E906302A.tmp' to '../../../../../../My Media/UCF Documents/DIG 4725-2/HotelBete/Content/Hotel/Blueprints/Widgets/Puzzles/Puzzle1.uasset'
[2016.02.22-20.07.01:937][713]LogSavePackage: Total save time: 227.570962ms
[2016.02.22-20.07.01:937][713]LogSavePackage:Display: Finished SavePackage ../../../../../../My Media/UCF Documents/DIG 4725-2/HotelBete/Content/Hotel/Blueprints/Widgets/Puzzles/Puzzle1.uasset
[2016.02.22-20.07.45:366][300]LogSavePackage: Save=213.816498ms
[2016.02.22-20.07.45:366][300]LogSavePackage: Moving '../../../../../../My Media/UCF Documents/DIG 4725-2/HotelBete/Saved/Puzzle1B003ECF84068AF0E38FD38AEA8899A1F.tmp' to '../../../../../../My Media/UCF Documents/DIG 4725-2/HotelBete/Content/Hotel/Blueprints/Widgets/Puzzles/Puzzle1.uasset'
[2016.02.22-20.07.45:370][300]LogSavePackage: Total save time: 224.647898ms
[2016.02.22-20.07.45:370][300]LogSavePackage:Display: Finished SavePackage ../../../../../../My Media/UCF Documents/DIG 4725-2/HotelBete/Content/Hotel/Blueprints/Widgets/Puzzles/Puzzle1.uasset
[2016.02.22-20.09.00:089][763]LogUObjectHash:Warning: Ambiguous search, could be K2Node_CommutativeAssociativeBinaryOperator /Game/Hotel/Blueprints/Widgets/Puzzles/Puzzle1.Puzzle1:EventGraph.K2Node_CommutativeAssociativeBinaryOperator_60 or K2Node_CommutativeAssociativeBinaryOperator /Game/Hotel/Blueprints/Widgets/Puzzles/Puzzle1.Puzzle1:FindMouse.K2Node_CommutativeAssociativeBinaryOperator_60
[2016.02.22-20.09.00:089][763]LogUObjectHash:Warning: Ambiguous search, could be K2Node_CommutativeAssociativeBinaryOperator /Game/Hotel/Blueprints/Widgets/Puzzles/Puzzle1.Puzzle1:EventGraph.K2Node_CommutativeAssociativeBinaryOperator_60 or K2Node_CommutativeAssociativeBinaryOperator /Engine/Transient.PROTO_BP_Blueprint_0:UserConstructionScript.K2Node_CommutativeAssociativeBinaryOperator_60
[2016.02.22-20.09.00:089][763]LogUObjectHash:Warning: Ambiguous search, could be K2Node_CommutativeAssociativeBinaryOperator /Game/Hotel/Blueprints/Widgets/Puzzles/Puzzle1.Puzzle1:EventGraph.K2Node_CommutativeAssociativeBinaryOperator_60 or K2Node_CommutativeAssociativeBinaryOperator /Game/Hotel/Blueprints/Widgets/Puzzles/Puzzle1.Puzzle1:EdGraph_301.K2Node_CommutativeAssociativeBinaryOperator_60
[2016.02.22-20.09.00:089][763]LogUObjectHash:Warning: Ambiguous search, could be K2Node_CommutativeAssociativeBinaryOperator /Game/Hotel/Blueprints/Widgets/Puzzles/Puzzle1.Puzzle1:EventGraph.K2Node_CommutativeAssociativeBinaryOperator_60 or K2Node_CommutativeAssociativeBinaryOperator /Game/Hotel/Blueprints/Widgets/Puzzles/Puzzle1.Puzzle1:EdGraph_289.K2Node_CommutativeAssociativeBinaryOperator_60
[2016.02.22-20.09.00:089][763]LogUObjectHash:Warning: Ambiguous search, could be K2Node_CommutativeAssociativeBinaryOperator /Game/Hotel/Blueprints/Widgets/Puzzles/Puzzle1.Puzzle1:EventGraph.K2Node_CommutativeAssociativeBinaryOperator_60 or K2Node_CommutativeAssociativeBinaryOperator /Game/Hotel/Blueprints/Widgets/Puzzles/Puzzle1.Puzzle1:EdGraph_311.K2Node_CommutativeAssociativeBinaryOperator_60
[2016.02.22-20.09.00:089][763]LogUObjectHash:Warning: Ambiguous search, could be K2Node_CommutativeAssociativeBinaryOperator /Game/Hotel/Blueprints/Widgets/Puzzles/Puzzle1.Puzzle1:EventGraph.K2Node_CommutativeAssociativeBinaryOperator_60 or K2Node_CommutativeAssociativeBinaryOperator /Game/Hotel/Blueprints/Widgets/Puzzles/Puzzle1.Puzzle1:EdGraph_322.K2Node_CommutativeAssociativeBinaryOperator_60
[2016.02.22-20.09.00:089][763]LogUObjectHash:Warning: Ambiguous search, could be K2Node_CommutativeAssociativeBinaryOperator /Game/Hotel/Blueprints/Widgets/Puzzles/Puzzle1.Puzzle1:EventGraph.K2Node_CommutativeAssociativeBinaryOperator_60 or K2Node_CommutativeAssociativeBinaryOperator /Game/Hotel/Blueprints/Widgets/Puzzles/Puzzle1.Puzzle1:EdGraph_333.K2Node_CommutativeAssociativeBinaryOperator_60
[2016.02.22-20.09.00:089][763]LogUObjectHash:Warning: Ambiguous search, could be K2Node_CommutativeAssociativeBinaryOperator /Game/Hotel/Blueprints/Widgets/Puzzles/Puzzle1.Puzzle1:EventGraph.K2Node_CommutativeAssociativeBinaryOperator_60 or K2Node_CommutativeAssociativeBinaryOperator /Game/Hotel/Blueprints/Widgets/Puzzles/Puzzle1.Puzzle1:EdGraph_344.K2Node_CommutativeAssociativeBinaryOperator_60
[2016.02.22-20.09.00:089][763]LogUObjectHash:Warning: Ambiguous search, could be K2Node_CommutativeAssociativeBinaryOperator /Game/Hotel/Blueprints/Widgets/Puzzles/Puzzle1.Puzzle1:EventGraph.K2Node_CommutativeAssociativeBinaryOperator_60 or K2Node_CommutativeAssociativeBinaryOperator /Game/Hotel/Blueprints/Widgets/Puzzles/Puzzle1.Puzzle1:EdGraph_355.K2Node_CommutativeAssociativeBinaryOperator_60
[2016.02.22-20.09.00:089][763]LogUObjectHash:Warning: Ambiguous search, could be K2Node_CommutativeAssociativeBinaryOperator /Game/Hotel/Blueprints/Widgets/Puzzles/Puzzle1.Puzzle1:EventGraph.K2Node_CommutativeAssociativeBinaryOperator_60 or K2Node_CommutativeAssociativeBinaryOperator /Game/Hotel/Blueprints/Widgets/Puzzles/Puzzle1.Puzzle1:EdGraph_366.K2Node_CommutativeAssociativeBinaryOperator_60
[2016.02.22-20.09.00:089][763]LogUObjectHash:Warning: Ambiguous search, could be K2Node_CommutativeAssociativeBinaryOperator /Game/Hotel/Blueprints/Widgets/Puzzles/Puzzle1.Puzzle1:EventGraph.K2Node_CommutativeAssociativeBinaryOperator_60 or K2Node_CommutativeAssociativeBinaryOperator /Game/Hotel/Blueprints/Widgets/Puzzles/Puzzle1.Puzzle1:EdGraph_377.K2Node_CommutativeAssociativeBinaryOperator_60
[2016.02.22-20.09.00:089][763]LogUObjectHash:Warning: Ambiguous search, could be K2Node_CommutativeAssociativeBinaryOperator /Game/Hotel/Blueprints/Widgets/Puzzles/Puzzle1.Puzzle1:EventGraph.K2Node_CommutativeAssociativeBinaryOperator_60 or K2Node_CommutativeAssociativeBinaryOperator /Game/Hotel/Blueprints/Widgets/Puzzles/Puzzle1.Puzzle1:EdGraph_518.K2Node_CommutativeAssociativeBinaryOperator_60
[2016.02.22-20.09.00:089][763]LogUObjectHash:Warning: Ambiguous search, could be K2Node_CommutativeAssociativeBinaryOperator /Game/Hotel/Blueprints/Widgets/Puzzles/Puzzle1.Puzzle1:EventGraph.K2Node_CommutativeAssociativeBinaryOperator_60 or K2Node_CommutativeAssociativeBinaryOperator /Game/Hotel/Blueprints/Widgets/Puzzles/Puzzle1.Puzzle1:EdGraph_506.K2Node_CommutativeAssociativeBinaryOperator_60
[2016.02.22-20.09.00:089][763]LogUObjectHash:Warning: Ambiguous search, could be K2Node_CommutativeAssociativeBinaryOperator /Game/Hotel/Blueprints/Widgets/Puzzles/Puzzle1.Puzzle1:EventGraph.K2Node_CommutativeAssociativeBinaryOperator_60 or K2Node_CommutativeAssociativeBinaryOperator /Game/Hotel/Blueprints/Widgets/Puzzles/Puzzle1.Puzzle1:EdGraph_494.K2Node_CommutativeAssociativeBinaryOperator_60
[2016.02.22-20.09.00:089][763]LogUObjectHash:Warning: Ambiguous search, could be K2Node_CommutativeAssociativeBinaryOperator /Game/Hotel/Blueprints/Widgets/Puzzles/Puzzle1.Puzzle1:EventGraph.K2Node_CommutativeAssociativeBinaryOperator_60 or K2Node_CommutativeAssociativeBinaryOperator /Game/Hotel/Blueprints/Widgets/Puzzles/Puzzle1.Puzzle1:EdGraph_482.K2Node_CommutativeAssociativeBinaryOperator_60
[2016.02.22-20.09.00:089][763]LogUObjectHash:Warning: Ambiguous search, could be K2Node_CommutativeAssociativeBinaryOperator /Game/Hotel/Blueprints/Widgets/Puzzles/Puzzle1.Puzzle1:EventGraph.K2Node_CommutativeAssociativeBinaryOperator_60 or K2Node_CommutativeAssociativeBinaryOperator /Game/Hotel/Blueprints/Widgets/Puzzles/Puzzle1.Puzzle1:EdGraph_542.K2Node_CommutativeAssociativeBinaryOperator_60
[2016.02.22-20.09.00:089][763]LogUObjectHash:Warning: Ambiguous search, could be K2Node_CommutativeAssociativeBinaryOperator /Game/Hotel/Blueprints/Widgets/Puzzles/Puzzle1.Puzzle1:EventGraph.K2Node_CommutativeAssociativeBinaryOperator_60 or K2Node_CommutativeAssociativeBinaryOperator /Game/Hotel/Blueprints/Widgets/Puzzles/Puzzle1.Puzzle1:EdGraph_698.K2Node_CommutativeAssociativeBinaryOperator_60
[2016.02.22-20.09.00:089][763]LogUObjectHash:Warning: Ambiguous search, could be K2Node_CommutativeAssociativeBinaryOperator /Game/Hotel/Blueprints/Widgets/Puzzles/Puzzle1.Puzzle1:EventGraph.K2Node_CommutativeAssociativeBinaryOperator_60 or K2Node_CommutativeAssociativeBinaryOperator /Game/Hotel/Blueprints/Widgets/Puzzles/Puzzle1.Puzzle1:EdGraph_722.K2Node_CommutativeAssociativeBinaryOperator_60
[2016.02.22-20.09.00:089][763]LogUObjectHash:Warning: Ambiguous search, could be K2Node_CommutativeAssociativeBinaryOperator /Game/Hotel/Blueprints/Widgets/Puzzles/Puzzle1.Puzzle1:EventGraph.K2Node_CommutativeAssociativeBinaryOperator_60 or K2Node_CommutativeAssociativeBinaryOperator /Game/Hotel/Blueprints/Widgets/Puzzles/Puzzle1.Puzzle1:EdGraph_770.K2Node_CommutativeAssociativeBinaryOperator_60
[2016.02.22-20.09.00:089][763]LogUObjectHash:Warning: Ambiguous search, could be K2Node_CommutativeAssociativeBinaryOperator /Game/Hotel/Blueprints/Widgets/Puzzles/Puzzle1.Puzzle1:EventGraph.K2Node_CommutativeAssociativeBinaryOperator_60 or K2Node_CommutativeAssociativeBinaryOperator /Game/Hotel/Blueprints/Widgets/Puzzles/Puzzle1.Puzzle1:EdGraph_783.K2Node_CommutativeAssociativeBinaryOperator_60
[2016.02.22-20.09.00:089][763]LogUObjectHash:Warning: Ambiguous search, could be K2Node_CommutativeAssociativeBinaryOperator /Game/Hotel/Blueprints/Widgets/Puzzles/Puzzle1.Puzzle1:EventGraph.K2Node_CommutativeAssociativeBinaryOperator_60 or K2Node_CommutativeAssociativeBinaryOperator /Game/Hotel/Blueprints/Widgets/Puzzles/Puzzle1.Puzzle1:EdGraph_840.K2Node_CommutativeAssociativeBinaryOperator_60
[2016.02.22-20.09.00:089][763]LogUObjectHash:Warning: Ambiguous search, could be K2Node_CommutativeAssociativeBinaryOperator /Game/Hotel/Blueprints/Widgets/Puzzles/Puzzle1.Puzzle1:EventGraph.K2Node_CommutativeAssociativeBinaryOperator_60 or K2Node_CommutativeAssociativeBinaryOperator /Game/Hotel/Blueprints/Widgets/Puzzles/Puzzle1.Puzzle1:EdGraph_826.K2Node_CommutativeAssociativeBinaryOperator_60
[2016.02.22-20.09.00:089][763]LogProperty:Warning: ObjectProperty /Script/Engine.EdGraphPin:LinkedTo.LinkedTo: unresolved reference to 'EdGraphPin'K2Node_CommutativeAssociativeBinaryOperator_60.EdGraphPin_18635''
[2016.02.22-20.09.01:883][869]LogUObjectHash:Warning: Ambiguous search, could be K2Node_CommutativeAssociativeBinaryOperator /Game/Hotel/Blueprints/Widgets/Puzzles/Puzzle1.Puzzle1:EventGraph.K2Node_CommutativeAssociativeBinaryOperator_60 or K2Node_CommutativeAssociativeBinaryOperator /Game/Hotel/Blueprints/Widgets/Puzzles/Puzzle1.Puzzle1:FindMouse.K2Node_CommutativeAssociativeBinaryOperator_60
[2016.02.22-20.09.01:883][869]LogUObjectHash:Warning: Ambiguous search, could be K2Node_CommutativeAssociativeBinaryOperator /Game/Hotel/Blueprints/Widgets/Puzzles/Puzzle1.Puzzle1:EventGraph.K2Node_CommutativeAssociativeBinaryOperator_60 or K2Node_CommutativeAssociativeBinaryOperator /Engine/Transient.PROTO_BP_Blueprint_0:UserConstructionScript.K2Node_CommutativeAssociativeBinaryOperator_60
[2016.02.22-20.09.01:883][869]LogUObjectHash:Warning: Ambiguous search, could be K2Node_CommutativeAssociativeBinaryOperator /Game/Hotel/Blueprints/Widgets/Puzzles/Puzzle1.Puzzle1:EventGraph.K2Node_CommutativeAssociativeBinaryOperator_60 or K2Node_CommutativeAssociativeBinaryOperator /Game/Hotel/Blueprints/Widgets/Puzzles/Puzzle1.Puzzle1:EdGraph_301.K2Node_CommutativeAssociativeBinaryOperator_60
[2016.02.22-20.09.01:883][869]LogUObjectHash:Warning: Ambiguous search, could be K2Node_CommutativeAssociativeBinaryOperator /Game/Hotel/Blueprints/Widgets/Puzzles/Puzzle1.Puzzle1:EventGraph.K2Node_CommutativeAssociativeBinaryOperator_60 or K2Node_CommutativeAssociativeBinaryOperator /Game/Hotel/Blueprints/Widgets/Puzzles/Puzzle1.Puzzle1:EdGraph_289.K2Node_CommutativeAssociativeBinaryOperator_60
[2016.02.22-20.09.01:883][869]LogUObjectHash:Warning: Ambiguous search, could be K2Node_CommutativeAssociativeBinaryOperator /Game/Hotel/Blueprints/Widgets/Puzzles/Puzzle1.Puzzle1:EventGraph.K2Node_CommutativeAssociativeBinaryOperator_60 or K2Node_CommutativeAssociativeBinaryOperator /Game/Hotel/Blueprints/Widgets/Puzzles/Puzzle1.Puzzle1:EdGraph_311.K2Node_CommutativeAssociativeBinaryOperator_60
[2016.02.22-20.09.01:883][869]LogUObjectHash:Warning: Ambiguous search, could be K2Node_CommutativeAssociativeBinaryOperator /Game/Hotel/Blueprints/Widgets/Puzzles/Puzzle1.Puzzle1:EventGraph.K2Node_CommutativeAssociativeBinaryOperator_60 or K2Node_CommutativeAssociativeBinaryOperator /Game/Hotel/Blueprints/Widgets/Puzzles/Puzzle1.Puzzle1:EdGraph_322.K2Node_CommutativeAssociativeBinaryOperator_60
[2016.02.22-20.09.01:883][869]LogUObjectHash:Warning: Ambiguous search, could be K2Node_CommutativeAssociativeBinaryOperator /Game/Hotel/Blueprints/Widgets/Puzzles/Puzzle1.Puzzle1:EventGraph.K2Node_CommutativeAssociativeBinaryOperator_60 or K2Node_CommutativeAssociativeBinaryOperator /Game/Hotel/Blueprints/Widgets/Puzzles/Puzzle1.Puzzle1:EdGraph_333.K2Node_CommutativeAssociativeBinaryOperator_60
[2016.02.22-20.09.01:883][869]LogUObjectHash:Warning: Ambiguous search, could be K2Node_CommutativeAssociativeBinaryOperator /Game/Hotel/Blueprints/Widgets/Puzzles/Puzzle1.Puzzle1:EventGraph.K2Node_CommutativeAssociativeBinaryOperator_60 or K2Node_CommutativeAssociativeBinaryOperator /Game/Hotel/Blueprints/Widgets/Puzzles/Puzzle1.Puzzle1:EdGraph_344.K2Node_CommutativeAssociativeBinaryOperator_60
[2016.02.22-20.09.01:883][869]LogUObjectHash:Warning: Ambiguous search, could be K2Node_CommutativeAssociativeBinaryOperator /Game/Hotel/Blueprints/Widgets/Puzzles/Puzzle1.Puzzle1:EventGraph.K2Node_CommutativeAssociativeBinaryOperator_60 or K2Node_CommutativeAssociativeBinaryOperator /Game/Hotel/Blueprints/Widgets/Puzzles/Puzzle1.Puzzle1:EdGraph_355.K2Node_CommutativeAssociativeBinaryOperator_60
[2016.02.22-20.09.01:883][869]LogUObjectHash:Warning: Ambiguous search, could be K2Node_CommutativeAssociativeBinaryOperator /Game/Hotel/Blueprints/Widgets/Puzzles/Puzzle1.Puzzle1:EventGraph.K2Node_CommutativeAssociativeBinaryOperator_60 or K2Node_CommutativeAssociativeBinaryOperator /Game/Hotel/Blueprints/Widgets/Puzzles/Puzzle1.Puzzle1:EdGraph_366.K2Node_CommutativeAssociativeBinaryOperator_60
[2016.02.22-20.09.01:883][869]LogUObjectHash:Warning: Ambiguous search, could be K2Node_CommutativeAssociativeBinaryOperator /Game/Hotel/Blueprints/Widgets/Puzzles/Puzzle1.Puzzle1:EventGraph.K2Node_CommutativeAssociativeBinaryOperator_60 or K2Node_CommutativeAssociativeBinaryOperator /Game/Hotel/Blueprints/Widgets/Puzzles/Puzzle1.Puzzle1:EdGraph_377.K2Node_CommutativeAssociativeBinaryOperator_60
[2016.02.22-20.09.01:883][869]LogUObjectHash:Warning: Ambiguous search, could be K2Node_CommutativeAssociativeBinaryOperator /Game/Hotel/Blueprints/Widgets/Puzzles/Puzzle1.Puzzle1:EventGraph.K2Node_CommutativeAssociativeBinaryOperator_60 or K2Node_CommutativeAssociativeBinaryOperator /Game/Hotel/Blueprints/Widgets/Puzzles/Puzzle1.Puzzle1:EdGraph_518.K2Node_CommutativeAssociativeBinaryOperator_60
[2016.02.22-20.09.01:883][869]LogUObjectHash:Warning: Ambiguous search, could be K2Node_CommutativeAssociativeBinaryOperator /Game/Hotel/Blueprints/Widgets/Puzzles/Puzzle1.Puzzle1:EventGraph.K2Node_CommutativeAssociativeBinaryOperator_60 or K2Node_CommutativeAssociativeBinaryOperator /Game/Hotel/Blueprints/Widgets/Puzzles/Puzzle1.Puzzle1:EdGraph_506.K2Node_CommutativeAssociativeBinaryOperator_60
[2016.02.22-20.09.01:883][869]LogUObjectHash:Warning: Ambiguous search, could be K2Node_CommutativeAssociativeBinaryOperator /Game/Hotel/Blueprints/Widgets/Puzzles/Puzzle1.Puzzle1:EventGraph.K2Node_CommutativeAssociativeBinaryOperator_60 or K2Node_CommutativeAssociativeBinaryOperator /Game/Hotel/Blueprints/Widgets/Puzzles/Puzzle1.Puzzle1:EdGraph_494.K2Node_CommutativeAssociativeBinaryOperator_60
[2016.02.22-20.09.01:883][869]LogUObjectHash:Warning: Ambiguous search, could be K2Node_CommutativeAssociativeBinaryOperator /Game/Hotel/Blueprints/Widgets/Puzzles/Puzzle1.Puzzle1:EventGraph.K2Node_CommutativeAssociativeBinaryOperator_60 or K2Node_CommutativeAssociativeBinaryOperator /Game/Hotel/Blueprints/Widgets/Puzzles/Puzzle1.Puzzle1:EdGraph_482.K2Node_CommutativeAssociativeBinaryOperator_60
[2016.02.22-20.09.01:883][869]LogUObjectHash:Warning: Ambiguous search, could be K2Node_CommutativeAssociativeBinaryOperator /Game/Hotel/Blueprints/Widgets/Puzzles/Puzzle1.Puzzle1:EventGraph.K2Node_CommutativeAssociativeBinaryOperator_60 or K2Node_CommutativeAssociativeBinaryOperator /Game/Hotel/Blueprints/Widgets/Puzzles/Puzzle1.Puzzle1:EdGraph_542.K2Node_CommutativeAssociativeBinaryOperator_60
[2016.02.22-20.09.01:883][869]LogUObjectHash:Warning: Ambiguous search, could be K2Node_CommutativeAssociativeBinaryOperator /Game/Hotel/Blueprints/Widgets/Puzzles/Puzzle1.Puzzle1:EventGraph.K2Node_CommutativeAssociativeBinaryOperator_60 or K2Node_CommutativeAssociativeBinaryOperator /Game/Hotel/Blueprints/Widgets/Puzzles/Puzzle1.Puzzle1:EdGraph_698.K2Node_CommutativeAssociativeBinaryOperator_60
[2016.02.22-20.09.01:883][869]LogUObjectHash:Warning: Ambiguous search, could be K2Node_CommutativeAssociativeBinaryOperator /Game/Hotel/Blueprints/Widgets/Puzzles/Puzzle1.Puzzle1:EventGraph.K2Node_CommutativeAssociativeBinaryOperator_60 or K2Node_CommutativeAssociativeBinaryOperator /Game/Hotel/Blueprints/Widgets/Puzzles/Puzzle1.Puzzle1:EdGraph_722.K2Node_CommutativeAssociativeBinaryOperator_60
[2016.02.22-20.09.01:883][869]LogUObjectHash:Warning: Ambiguous search, could be K2Node_CommutativeAssociativeBinaryOperator /Game/Hotel/Blueprints/Widgets/Puzzles/Puzzle1.Puzzle1:EventGraph.K2Node_CommutativeAssociativeBinaryOperator_60 or K2Node_CommutativeAssociativeBinaryOperator /Game/Hotel/Blueprints/Widgets/Puzzles/Puzzle1.Puzzle1:EdGraph_770.K2Node_CommutativeAssociativeBinaryOperator_60
[2016.02.22-20.09.01:883][869]LogUObjectHash:Warning: Ambiguous search, could be K2Node_CommutativeAssociativeBinaryOperator /Game/Hotel/Blueprints/Widgets/Puzzles/Puzzle1.Puzzle1:EventGraph.K2Node_CommutativeAssociativeBinaryOperator_60 or K2Node_CommutativeAssociativeBinaryOperator /Game/Hotel/Blueprints/Widgets/Puzzles/Puzzle1.Puzzle1:EdGraph_783.K2Node_CommutativeAssociativeBinaryOperator_60
[2016.02.22-20.09.01:883][869]LogUObjectHash:Warning: Ambiguous search, could be K2Node_CommutativeAssociativeBinaryOperator /Game/Hotel/Blueprints/Widgets/Puzzles/Puzzle1.Puzzle1:EventGraph.K2Node_CommutativeAssociativeBinaryOperator_60 or K2Node_CommutativeAssociativeBinaryOperator /Game/Hotel/Blueprints/Widgets/Puzzles/Puzzle1.Puzzle1:EdGraph_840.K2Node_CommutativeAssociativeBinaryOperator_60
[2016.02.22-20.09.01:883][869]LogUObjectHash:Warning: Ambiguous search, could be K2Node_CommutativeAssociativeBinaryOperator /Game/Hotel/Blueprints/Widgets/Puzzles/Puzzle1.Puzzle1:EventGraph.K2Node_CommutativeAssociativeBinaryOperator_60 or K2Node_CommutativeAssociativeBinaryOperator /Game/Hotel/Blueprints/Widgets/Puzzles/Puzzle1.Puzzle1:EdGraph_826.K2Node_CommutativeAssociativeBinaryOperator_60
[2016.02.22-20.09.01:883][869]LogProperty:Warning: ObjectProperty /Script/Engine.EdGraphPin:LinkedTo.LinkedTo: unresolved reference to 'EdGraphPin'K2Node_CommutativeAssociativeBinaryOperator_60.EdGraphPin_18635''
[2016.02.22-20.11.00:296][779]LogWindows:Error: Windows GetLastError: The operation completed successfully. (0)
[2016.02.22-20.11.07:841][779]LogCrashTracker: 


[2016.02.22-20.11.08:047][779]LogCrashTracker: 


[2016.02.22-20.11.08:047][779]LogWindows:Error: === Critical error: ===
Assertion failed: ParentIndex != INDEX_NONE [File:D:\BuildFarm\buildmachine_++depot+UE4-Releases+4.10\Engine\Source\Runtime\Slate\Private\Framework\Application\MenuStack.cpp] [Line: 490] 





[2016.02.22-20.11.08:154][779]LogExit: Executing StaticShutdownAfterError
[2016.02.22-20.11.08:183][779]LogPhysics:Warning: PHYSX: ..\..\PhysX\src\NpScene.cpp (2946) 8 : PxScene::unlockWrite() called without matching call to PxScene::lockWrite(), behaviour will be undefined.
[2016.02.22-20.11.08:184][779]LogPhysics:Warning: PHYSX: ..\..\PhysX\src\NpScene.cpp (2946) 8 : PxScene::unlockWrite() called without matching call to PxScene::lockWrite(), behaviour will be undefined.
[2016.02.22-20.11.08:184][779]LogPhysics:Warning: PHYSX: ..\..\PhysX\src\NpScene.cpp (2946) 8 : PxScene::unlockWrite() called without matching call to PxScene::lockWrite(), behaviour will be undefined.
[2016.02.22-20.11.08:184][779]LogPhysics:Warning: PHYSX: ..\..\PhysX\src\NpScene.cpp (2946) 8 : PxScene::unlockWrite() called without matching call to PxScene::lockWrite(), behaviour will be undefined.
[2016.02.22-20.11.08:184][779]LogPhysics:Warning: PHYSX: ..\..\PhysX\src\NpScene.cpp (2946) 8 : PxScene::unlockWrite() called without matching call to PxScene::lockWrite(), behaviour will be undefined.
[2016.02.22-20.11.08:184][779]LogPhysics:Warning: PHYSX: ..\..\PhysX\src\NpScene.cpp (2946) 8 : PxScene::unlockWrite() called without matching call to PxScene::lockWrite(), behaviour will be undefined.
[2016.02.22-20.11.08:184][779]LogPhysics:Warning: PHYSX: ..\..\PhysX\src\NpScene.cpp (2946) 8 : PxScene::unlockWrite() called without matching call to PxScene::lockWrite(), behaviour will be undefined.
[2016.02.22-20.11.08:184][779]LogPhysics:Warning: PHYSX: ..\..\PhysX\src\NpScene.cpp (2946) 8 : PxScene::unlockWrite() called without matching call to PxScene::lockWrite(), behaviour will be undefined.
[2016.02.22-20.11.08:184][779]LogPhysics:Warning: PHYSX: ..\..\PhysX\src\NpScene.cpp (2946) 8 : PxScene::unlockWrite() called without matching call to PxScene::lockWrite(), behaviour will be undefined.
[2016.02.22-20.11.08:185][779]LogPhysics:Warning: PHYSX: ..\..\PhysX\src\NpScene.cpp (2946) 8 : PxScene::unlockWrite() called without matching call to PxScene::lockWrite(), behaviour will be undefined.
[2016.02.22-20.11.08:185][779]LogWindows: FPlatformMisc::RequestExit(1)
[2016.02.22-20.11.08:185][779]Log file closed, 02/22/16 15:11:08
